[Info] Molecular spin read from './.UHF'
xTB calculator
 | Coulomb electrostatics
 |  * isotropic Klopman-Ohno electrostatics
 |  * onsite third-order electrostatics
CEH guess
integral cutoff           4.0000000000000E+01 bohr

Atomic charges (in atomic units):
---------------------------------------------------------
     #    Z                 q
---------------------------------------------------------
     1   93 Np       0.001678
     2    3 Li       0.164209
     3    3 Li       0.164783
     4    1 H       -0.330670
---------------------------------------------------------

Atomic dipole moments (in atomic units):
---------------------------------------------------------
     #    Z                 x            y            z
---------------------------------------------------------
     1   93 Np      -0.232098    -0.576471     1.146387
     2    3 Li      -0.144241    -0.592431    -0.487590
     3    3 Li      -0.131599     0.737314     0.225075
     4    1 H        0.120161     0.015427    -0.039277
---------------------------------------------------------
           total    -2.801162     0.073959     0.061591
---------------------------------------------------------

[Info] JSON dump of results written to 'tblite.json'
