[Info] Molecular charge read from './.CHRG'
xTB calculator
 | Coulomb electrostatics
 |  * isotropic Klopman-Ohno electrostatics
 |  * onsite third-order electrostatics
CEH guess
integral cutoff           2.4638462780296E+01 bohr

Atomic charges (in atomic units):
---------------------------------------------------------
     #    Z                 q
---------------------------------------------------------
     1   89 Ac       0.848151
     2   17 Cl      -0.443662
     3    6 C        0.031513
     4    6 C        0.029529
     5    7 N        0.035980
     6    6 C        0.022672
     7    6 C        0.030428
     8    7 N       -0.092143
     9    1 H        0.062138
    10    1 H        0.047683
    11    1 H        0.047022
    12    1 H        0.062779
    13    6 C        0.022916
    14    6 C       -0.048428
    15    6 C       -0.053647
    16    6 C        0.020685
    17    8 O       -0.110167
    18    1 H        0.041589
    19    1 H        0.071096
    20    1 H        0.043659
    21    1 H        0.078702
    22    1 H        0.081222
    23    1 H        0.038846
    24    1 H        0.045403
    25    1 H        0.069981
    26    6 C       -0.076374
    27   15 P        0.374939
    28    8 O       -0.332552
    29    6 C       -0.092948
    30    6 C       -0.091019
    31    1 H        0.089449
    32    1 H        0.065230
    33    1 H        0.066455
    34    1 H        0.084751
    35    1 H        0.056329
    36    1 H        0.066596
    37    1 H        0.087556
    38    1 H        0.067182
    39    1 H        0.057773
    40    7 N        0.005542
    41    8 O       -0.227915
    42    8 O       -0.184942
---------------------------------------------------------

Atomic dipole moments (in atomic units):
---------------------------------------------------------
     #    Z                 x            y            z
---------------------------------------------------------
     1   89 Ac      -0.000542     0.364675    -0.150070
     2   17 Cl      -0.011734     0.007518     0.029886
     3    6 C       -0.034204    -0.091305    -0.122977
     4    6 C        0.069674    -0.016938    -0.153043
     5    7 N       -0.228730    -0.150365     0.044607
     6    6 C        0.049727     0.102777     0.124558
     7    6 C       -0.053946     0.024079     0.144153
     8    7 N        0.256697     0.188901    -0.062270
     9    1 H       -0.059679     0.004974     0.113074
    10    1 H        0.040374     0.076742     0.086440
    11    1 H        0.057531    -0.008574    -0.110043
    12    1 H       -0.044563    -0.080997    -0.088803
    13    6 C        0.151068    -0.151002    -0.153857
    14    6 C        0.051942    -0.117811     0.029418
    15    6 C        0.066641     0.005325     0.111454
    16    6 C       -0.090959     0.072864     0.229398
    17    8 O       -0.065013     0.053827    -0.073814
    18    1 H       -0.104664    -0.057137     0.040790
    19    1 H        0.052583     0.088934     0.085484
    20    1 H        0.090539     0.090728    -0.019849
    21    1 H       -0.128245     0.039944     0.003618
    22    1 H        0.025826     0.051600    -0.120625
    23    1 H       -0.099161    -0.083716     0.009615
    24    1 H        0.100195     0.067136    -0.037067
    25    1 H       -0.000122    -0.128688    -0.038452
    26    6 C       -0.031578    -0.021858    -0.007086
    27   15 P        0.017810    -0.011356    -0.003401
    28    8 O        0.011327    -0.042073     0.004900
    29    6 C       -0.014700     0.019349    -0.020708
    30    6 C       -0.018935     0.013275     0.025868
    31    1 H        0.141016    -0.074076     0.002818
    32    1 H       -0.028347     0.066089     0.138907
    33    1 H       -0.000801     0.110079    -0.111206
    34    1 H        0.139362    -0.070246    -0.000239
    35    1 H       -0.113390    -0.099862    -0.036746
    36    1 H       -0.026139     0.067385     0.139758
    37    1 H        0.139437    -0.071190     0.004768
    38    1 H       -0.000361     0.111096    -0.110393
    39    1 H       -0.113501    -0.104422    -0.026924
    40    7 N       -0.168237     0.325303     0.246693
    41    8 O        0.111784    -0.142753     0.096713
    42    8 O       -0.041482     0.022670    -0.198788
---------------------------------------------------------
           total     1.455739     0.588791    -1.632462
---------------------------------------------------------

[Info] JSON dump of results written to 'tblite.json'
