Charge model parameter:
------------------------------------------------------
   Z          chi/Eh     kcn/Eh     eta/Eh     rad/AA
------------------------------------------------------
 102 No       1.1434     0.0135     0.6305     0.6695
  35 Br       1.3980     0.0801     0.3934     1.5631
------------------------------------------------------

Electrostatic properties (in atomic units):
--------------------------------------------------
     #    Z              CN          q        chi
--------------------------------------------------
     1  102 No       3.9516     0.3993     1.1166
     2   35 Br       1.5988    -0.0996     1.2968
     3   35 Br       1.5984    -0.1003     1.2968
     4   35 Br       1.6004    -0.0997     1.2967
     5   35 Br       1.6003    -0.0997     1.2967
--------------------------------------------------
     Σ                          0.0000
--------------------------------------------------

Electrostatic energy:   -3.5974750633775E-02 Eh

[Info] JSON dump of results written to 'multicharge.json'
