xTB calculator
 | Coulomb electrostatics
 |  * isotropic Klopman-Ohno electrostatics
 |  * onsite third-order electrostatics
CEH guess
integral cutoff           2.4638462780296E+01 bohr

Atomic charges (in atomic units):
---------------------------------------------------------
     #    Z                 q
---------------------------------------------------------
     1   89 Ac       0.569380
     2    7 N       -0.292855
     3    7 N        0.098573
     4    7 N       -0.196921
     5    6 C        0.044626
     6    6 C       -0.011261
     7    6 C        0.012519
     8    7 N       -0.042103
     9    6 C       -0.003822
    10    6 C       -0.016941
    11    1 H        0.042359
    12    1 H        0.053077
    13    1 H        0.065595
    14    1 H        0.046182
    15    1 H        0.047866
    16    9 F       -0.434582
    17    7 N       -0.018918
    18    8 O       -0.169013
    19    8 O       -0.207398
    20    6 C        0.045694
    21    8 O       -0.228273
    22   15 P        0.402465
    23    8 O       -0.178961
    24    6 C        0.052494
    25    8 O       -0.175517
    26    6 C        0.061425
    27    1 H        0.046526
    28    1 H        0.035527
    29    1 H        0.047420
    30    1 H        0.046520
    31    1 H        0.059881
    32    1 H        0.047366
    33    1 H        0.040969
    34    1 H        0.054338
    35    1 H        0.055763
---------------------------------------------------------

Atomic dipole moments (in atomic units):
---------------------------------------------------------
     #    Z                 x            y            z
---------------------------------------------------------
     1   89 Ac       0.237039    -0.213280    -0.389308
     2    7 N        0.154460     0.175798     0.385164
     3    7 N       -0.010820    -0.029105    -0.046962
     4    7 N       -0.138990    -0.112881    -0.310167
     5    6 C        0.004472    -0.012200    -0.011958
     6    6 C        0.002042    -0.005709    -0.032753
     7    6 C        0.008774    -0.005991    -0.166139
     8    7 N       -0.135902     0.239379     0.113469
     9    6 C        0.060859    -0.109191     0.086375
    10    6 C        0.012755    -0.028114     0.013079
    11    1 H       -0.062643     0.105568     0.054969
    12    1 H       -0.004585     0.005197     0.134997
    13    1 H        0.058284    -0.095138     0.068811
    14    1 H        0.019732    -0.020423    -0.121542
    15    1 H       -0.049487     0.091241    -0.084421
    16    9 F       -0.004166     0.031667    -0.027402
    17    7 N        0.045951     0.405679     0.140362
    18    8 O        0.156105    -0.048239    -0.131368
    19    8 O       -0.166002    -0.109029     0.071956
    20    6 C        0.213526    -0.058566    -0.211546
    21    8 O       -0.044477    -0.034783     0.052378
    22   15 P       -0.018072    -0.022486     0.037981
    23    8 O       -0.058479     0.036864    -0.020550
    24    6 C        0.125982    -0.135013     0.237922
    25    8 O       -0.029083    -0.065944     0.005868
    26    6 C       -0.059079     0.229585    -0.193645
    27    1 H       -0.069676     0.119342    -0.028578
    28    1 H        0.063795     0.010636     0.122514
    29    1 H       -0.087664    -0.108093    -0.003016
    30    1 H       -0.068854     0.110539     0.056662
    31    1 H       -0.088832    -0.095802    -0.061860
    32    1 H        0.104900     0.040850    -0.085193
    33    1 H       -0.018990    -0.115069    -0.080365
    34    1 H       -0.093071     0.013079     0.110678
    35    1 H        0.133822     0.009314     0.049095
---------------------------------------------------------
           total    -4.799159     1.732224     1.756745
---------------------------------------------------------

[Info] JSON dump of results written to 'tblite.json'
