Charge model parameter:
------------------------------------------------------
   Z          chi/Eh     kcn/Eh     eta/Eh     rad/AA
------------------------------------------------------
 103 Lr       1.1371     0.0068     0.5937     0.7095
   3 Li       0.5434    -0.1235     0.9742     0.4791
   1 H        1.2370     0.0492     1.0964     0.2919
------------------------------------------------------

Electrostatic properties (in atomic units):
--------------------------------------------------
     #    Z              CN          q        chi
--------------------------------------------------
     1  103 Lr       1.9318    -0.3563     1.1278
     2    3 Li       2.5954     0.2859     0.7424
     3    3 Li       1.1035     0.3119     0.6731
     4    1 H        1.8004    -0.2415     1.1710
--------------------------------------------------
     Σ                         -0.0000
--------------------------------------------------

Electrostatic energy:   -1.3122357278496E-01 Eh

[Info] JSON dump of results written to 'multicharge.json'
