Charge model parameter:
------------------------------------------------------
   Z          chi/Eh     kcn/Eh     eta/Eh     rad/AA
------------------------------------------------------
  89 Ac       1.0458     0.0047     0.6519     0.6470
  17 Cl       1.4815     0.1368     0.7586     0.7238
------------------------------------------------------

Electrostatic properties (in atomic units):
--------------------------------------------------
     #    Z              CN          q        chi
--------------------------------------------------
     1   89 Ac       5.8357     0.6244     1.0344
     2   17 Cl       0.9923    -0.1041     1.3452
     3   17 Cl       0.9923    -0.1041     1.3452
     4   17 Cl       0.9923    -0.1041     1.3452
     5   17 Cl       0.9923    -0.1040     1.3452
     6   17 Cl       0.9923    -0.1041     1.3452
     7   17 Cl       0.9923    -0.1041     1.3452
--------------------------------------------------
     Σ                         -0.0000
--------------------------------------------------

Electrostatic energy:   -9.7043325209027E-02 Eh

[Info] JSON dump of results written to 'multicharge.json'
