[Info] Molecular charge read from './.CHRG'
[Info] Molecular spin read from './.UHF'
xTB calculator
 | Coulomb electrostatics
 |  * isotropic Klopman-Ohno electrostatics
 |  * onsite third-order electrostatics
CEH guess
integral cutoff           4.0000000000000E+01 bohr

Atomic charges (in atomic units):
---------------------------------------------------------
     #    Z                 q
---------------------------------------------------------
     1   94 Pu       1.515440
     2    6 C       -0.005986
     3    6 C        0.186239
     4    8 O       -0.212239
     5    8 O       -0.237711
     6    7 N        0.029473
     7    1 H        0.060272
     8    1 H        0.061641
     9    1 H        0.098549
    10    1 H        0.101533
    11    6 C        0.061279
    12    6 C       -0.061767
    13    6 C       -0.061297
    14    6 C        0.065078
    15    8 O       -0.018168
    16    1 H        0.040183
    17    1 H        0.056868
    18    1 H        0.048648
    19    1 H        0.090156
    20    1 H        0.092078
    21    1 H        0.046882
    22    1 H        0.044093
    23    1 H        0.064915
    24    6 C        0.088386
    25    8 O       -0.141356
    26   15 P        0.669965
    27    8 O       -0.163158
    28    6 C        0.083087
    29    8 O       -0.161674
    30    6 C        0.088804
    31    1 H        0.047870
    32    1 H        0.061247
    33    1 H        0.048731
    34    1 H        0.042991
    35    1 H        0.046898
    36    1 H        0.067928
    37    1 H        0.037471
    38    1 H        0.067711
    39    1 H        0.048940
---------------------------------------------------------

Atomic dipole moments (in atomic units):
---------------------------------------------------------
     #    Z                 x            y            z
---------------------------------------------------------
     1   94 Pu       0.318352    -0.085135    -0.226425
     2    6 C       -0.003471    -0.064910    -0.205634
     3    6 C       -0.049077    -0.091150    -0.036245
     4    8 O        0.100889    -0.020425     0.034967
     5    8 O       -0.049591     0.096039    -0.006449
     6    7 N        0.074525     0.150882     0.172916
     7    1 H        0.122319    -0.033013     0.066151
     8    1 H       -0.075123     0.119644     0.020806
     9    1 H        0.117805    -0.025301    -0.010243
    10    1 H       -0.050797     0.098572    -0.046645
    11    6 C       -0.101293     0.149749    -0.180590
    12    6 C       -0.049563     0.115423     0.004130
    13    6 C       -0.091382    -0.009180     0.085980
    14    6 C       -0.002189    -0.076649     0.248788
    15    8 O        0.066299    -0.052340    -0.046112
    16    1 H        0.096703     0.074404     0.076624
    17    1 H       -0.091580    -0.095026     0.076460
    18    1 H       -0.086025    -0.091393    -0.048442
    19    1 H        0.117480    -0.047045     0.041917
    20    1 H        0.012772    -0.051363    -0.122801
    21    1 H        0.098658     0.080404     0.039492
    22    1 H       -0.101977    -0.068601    -0.073082
    23    1 H        0.022917     0.146632    -0.027855
    24    6 C        0.280007     0.018749     0.001250
    25    8 O       -0.052281    -0.020274    -0.016981
    26   15 P       -0.081437    -0.139503    -0.130365
    27    8 O       -0.033373     0.027285    -0.044036
    28    6 C        0.059508    -0.172795     0.241616
    29    8 O       -0.032261    -0.043325     0.033606
    30    6 C        0.043861     0.228100    -0.194896
    31    1 H       -0.038065    -0.038927     0.135098
    32    1 H       -0.027996    -0.103833    -0.102751
    33    1 H       -0.049241     0.132478    -0.035216
    34    1 H        0.127347     0.086240    -0.030745
    35    1 H       -0.117516     0.085573     0.043504
    36    1 H       -0.027700    -0.092536    -0.118072
    37    1 H        0.124922    -0.002260     0.096704
    38    1 H       -0.009680    -0.130147    -0.083167
    39    1 H       -0.125927     0.039616     0.076543
---------------------------------------------------------
           total    -3.525400     0.685125     2.127496
---------------------------------------------------------

[Info] JSON dump of results written to 'tblite.json'
