Charge model parameter:
------------------------------------------------------
   Z          chi/Eh     kcn/Eh     eta/Eh     rad/AA
------------------------------------------------------
  89 Ac       1.0458     0.0047     0.6519     0.6470
   3 Li       0.5434    -0.1235     0.9742     0.4791
   1 H        1.2370     0.0492     1.0964     0.2919
------------------------------------------------------

Electrostatic properties (in atomic units):
--------------------------------------------------
     #    Z              CN          q        chi
--------------------------------------------------
     1   89 Ac       3.7385     0.0871     1.0367
     2    3 Li       1.8758     0.4254     0.7126
     3    1 H        1.8258    -0.2157     1.1705
     4    1 H        0.9613    -0.1485     1.1887
     5    1 H        0.9614    -0.1484     1.1887
--------------------------------------------------
     Σ                         -0.0000
--------------------------------------------------

Electrostatic energy:   -1.0594341912402E-01 Eh

[Info] JSON dump of results written to 'multicharge.json'
