[Info] Molecular spin read from './.UHF'
xTB calculator
 | Coulomb electrostatics
 |  * isotropic Klopman-Ohno electrostatics
 |  * onsite third-order electrostatics
CEH guess
integral cutoff           4.0000000000000E+01 bohr

Atomic charges (in atomic units):
---------------------------------------------------------
     #    Z                 q
---------------------------------------------------------
     1   96 Cm       0.529894
     2    6 C       -0.086015
     3    6 C        0.186391
     4    8 O       -0.238952
     5    8 O       -0.292143
     6    7 N       -0.040221
     7    1 H        0.030745
     8    1 H        0.068181
     9    1 H        0.082853
    10    1 H        0.086727
    11   35 Br      -0.278947
    12    6 C       -0.087260
    13    6 C        0.038020
    14    8 O       -0.354198
    15    1 H        0.043543
    16    1 H        0.018890
    17    1 H        0.021354
    18    1 H        0.033078
    19    1 H        0.041146
    20    7 N       -0.083082
    21    1 H        0.096474
    22    1 H        0.093235
    23    1 H        0.090286
---------------------------------------------------------

Atomic dipole moments (in atomic units):
---------------------------------------------------------
     #    Z                 x            y            z
---------------------------------------------------------
     1   96 Cm      -0.158590    -0.004081    -0.709068
     2    6 C       -0.004097    -0.179617     0.082227
     3    6 C       -0.032557    -0.111497     0.024800
     4    8 O       -0.011265    -0.072491    -0.002274
     5    8 O        0.054725     0.027021    -0.066839
     6    7 N        0.240490     0.132599    -0.167376
     7    1 H        0.113096     0.042964    -0.014503
     8    1 H       -0.085486    -0.001679    -0.093539
     9    1 H        0.075212     0.000288     0.066151
    10    1 H        0.002064    -0.051460    -0.086050
    11   35 Br       0.011966    -0.025686    -0.002353
    12    6 C        0.019991     0.093163    -0.001305
    13    6 C        0.198546    -0.000594     0.057798
    14    8 O       -0.112598    -0.041544    -0.022852
    15    1 H       -0.134730    -0.029669    -0.033903
    16    1 H        0.029595    -0.037414     0.137271
    17    1 H        0.092270    -0.057314    -0.096416
    18    1 H       -0.080938     0.046083     0.076439
    19    1 H       -0.033037     0.030715    -0.120120
    20    7 N        0.047384    -0.340338     0.007381
    21    1 H       -0.096004    -0.037222    -0.061462
    22    1 H       -0.003852    -0.017389     0.117003
    23    1 H        0.103607    -0.016358    -0.051912
---------------------------------------------------------
           total     1.126767    -3.016892    -2.511208
---------------------------------------------------------

[Info] JSON dump of results written to 'tblite.json'
