[Info] Molecular charge read from './.CHRG'
[Info] Molecular spin read from './.UHF'
xTB calculator
 | Coulomb electrostatics
 |  * isotropic Klopman-Ohno electrostatics
 |  * onsite third-order electrostatics
CEH guess
integral cutoff           3.7432403240289E+01 bohr

Atomic charges (in atomic units):
---------------------------------------------------------
     #    Z                 q
---------------------------------------------------------
     1   93 Np       1.187705
     2    6 C       -0.083743
     3    6 C        0.168782
     4    6 C       -0.120025
     5    6 C        0.170402
     6    8 O       -0.263706
     7    6 C       -0.082762
     8    8 O       -0.264169
     9    1 H        0.064242
    10    1 H        0.054730
    11    1 H        0.062850
    12    1 H        0.070721
    13    1 H        0.062995
    14    1 H        0.062279
    15    1 H        0.058783
    16    6 C       -0.107255
    17   15 P        0.234194
    18    6 C       -0.102768
    19    6 C       -0.111855
    20    1 H        0.049832
    21    1 H        0.059783
    22    1 H        0.055662
    23    1 H        0.049854
    24    1 H        0.056005
    25    1 H        0.058248
    26    1 H        0.049584
    27    1 H        0.055535
    28    1 H        0.056122
    29    6 C        0.025496
    30    6 C       -0.009738
    31    6 C        0.068453
    32    7 N       -0.048273
    33    6 C        0.073232
    34    6 C       -0.006564
    35    1 H        0.046934
    36    1 H        0.055115
    37    1 H        0.052055
    38    1 H        0.058630
    39    1 H        0.057318
    40   53 I        0.075320
---------------------------------------------------------

Atomic dipole moments (in atomic units):
---------------------------------------------------------
     #    Z                 x            y            z
---------------------------------------------------------
     1   93 Np      -0.287983     0.005761     1.170899
     2    6 C        0.075516    -0.014502     0.018036
     3    6 C        0.004211    -0.227834     0.005271
     4    6 C        0.006218    -0.036064     0.005750
     5    6 C        0.117354    -0.189614     0.035119
     6    8 O       -0.028813     0.094763    -0.000392
     7    6 C       -0.056541    -0.055260    -0.012619
     8    8 O       -0.029314     0.090604    -0.000785
     9    1 H       -0.014474     0.147432     0.005135
    10    1 H       -0.076797    -0.071718     0.096661
    11    1 H       -0.015504    -0.054499    -0.130232
    12    1 H       -0.038353     0.133460    -0.013145
    13    1 H       -0.069435     0.130056    -0.014475
    14    1 H        0.097780    -0.024241    -0.101213
    15    1 H        0.051180    -0.025368     0.130849
    16    6 C       -0.009714    -0.000858    -0.051018
    17   15 P        0.159402    -0.057336     0.030297
    18    6 C       -0.001274     0.047421     0.017334
    19    6 C       -0.026440    -0.028238     0.025974
    20    1 H        0.142415    -0.045031    -0.002038
    21    1 H       -0.083557    -0.097941     0.087984
    22    1 H       -0.009125     0.145232     0.056722
    23    1 H        0.144855    -0.029543     0.027452
    24    1 H       -0.032427    -0.007818    -0.152095
    25    1 H       -0.092096    -0.099276     0.078702
    26    1 H        0.135492    -0.056372     0.028723
    27    1 H       -0.012201     0.147744     0.051140
    28    1 H       -0.034413    -0.007219    -0.152219
    29    6 C        0.010778     0.014554    -0.007682
    30    6 C        0.022741     0.007886     0.015307
    31    6 C        0.151326     0.056316     0.115038
    32    7 N       -0.121601    -0.161265     0.054910
    33    6 C       -0.042961     0.102091    -0.171681
    34    6 C       -0.005740     0.013189    -0.023234
    35    1 H       -0.077279    -0.105373     0.034831
    36    1 H       -0.103238    -0.032834    -0.083333
    37    1 H       -0.026111     0.071614    -0.114328
    38    1 H        0.105054     0.038569     0.081742
    39    1 H        0.030927    -0.066817     0.116218
    40   53 I        0.051763    -0.072097    -0.217276
---------------------------------------------------------
           total    -0.304878     0.087511     0.373321
---------------------------------------------------------

[Info] JSON dump of results written to 'tblite.json'
