[Info] Molecular charge read from '.CHRG'

Charge model parameter:
------------------------------------------------------
   Z          chi/Eh     kcn/Eh     eta/Eh     rad/AA
------------------------------------------------------
  98 Cf       1.0089     0.0039     0.6196     0.6803
   8 O        1.5687     0.1169     0.6793     0.6518
  16 S        1.4077     0.0713     0.5171     1.1581
   7 N        1.5582     0.0928     0.6565     0.6998
   6 C        1.4003     0.0601     0.6166     0.9994
  15 P        1.5267     0.1425     0.7308     0.7313
   1 H        1.2370     0.0492     1.0964     0.2919
------------------------------------------------------

Electrostatic properties (in atomic units):
--------------------------------------------------
     #    Z              CN          q        chi
--------------------------------------------------
     1   98 Cf       7.4393     0.9442     0.9983
     2    8 O        1.9855    -0.4033     1.4039
     3   16 S        3.8839     0.3731     1.2672
     4    8 O        1.9852    -0.3999     1.4040
     5    8 O        0.9992    -0.4689     1.4518
     6    7 N        2.4822    -0.1437     1.4120
     7    8 O        1.9383    -0.2361     1.4059
     8    8 O        1.8317    -0.2481     1.4105
     9    7 N        1.9764    -0.3558     1.4277
    10    7 N        2.0367     0.0083     1.4258
    11    7 N        1.0051    -0.4389     1.4652
    12   16 S        1.8999    -0.1838     1.3094
    13    6 C        1.9990     0.1191     1.3154
    14    7 N        1.0070    -0.5357     1.4651
    15    6 C        3.9564    -0.2673     1.2808
    16   15 P        4.2688     0.2182     1.2323
    17    8 O        1.9587    -0.3740     1.4051
    18    6 C        3.9563    -0.2485     1.2808
    19    6 C        3.9568    -0.2463     1.2808
    20    1 H        0.9926     0.0554     1.1880
    21    1 H        0.9940     0.0789     1.1879
    22    1 H        0.9959     0.1268     1.1879
    23    1 H        0.9928     0.0585     1.1880
    24    1 H        0.9923     0.1478     1.1880
    25    1 H        0.9947     0.1004     1.1879
    26    1 H        0.9930     0.0662     1.1880
    27    1 H        0.9954     0.1198     1.1879
    28    1 H        0.9951     0.1335     1.1879
--------------------------------------------------
     Σ                         -2.0000
--------------------------------------------------

Electrostatic energy:   -1.7322008395252E+00 Eh

[Info] JSON dump of results written to 'multicharge.json'
