[Info] Molecular charge read from './.CHRG'
[Info] Molecular spin read from './.UHF'
xTB calculator
 | Coulomb electrostatics
 |  * isotropic Klopman-Ohno electrostatics
 |  * onsite third-order electrostatics
CEH guess
integral cutoff           4.0000000000000E+01 bohr

Atomic charges (in atomic units):
---------------------------------------------------------
     #    Z                 q
---------------------------------------------------------
     1   98 Cf       0.865274
     2    6 C       -0.097293
     3   15 P        0.366781
     4    8 O       -0.320201
     5    6 C       -0.107255
     6    6 C       -0.109026
     7    1 H        0.058551
     8    1 H        0.055434
     9    1 H        0.067219
    10    1 H        0.066626
    11    1 H        0.055106
    12    1 H        0.057837
    13    1 H        0.057001
    14    1 H        0.066964
    15    1 H        0.054437
    16    7 N        0.267279
    17    8 O       -0.184327
    18    8 O       -0.214450
    19    8 O       -0.203660
    20    6 C       -0.104922
    21   15 P        0.354862
    22    8 O       -0.335310
    23    6 C       -0.105511
    24    6 C       -0.106997
    25    1 H        0.055226
    26    1 H        0.055326
    27    1 H        0.067582
    28    1 H        0.059822
    29    1 H        0.054688
    30    1 H        0.067799
    31    1 H        0.069993
    32    1 H        0.054474
    33    1 H        0.058966
    34    7 N        0.004130
    35    8 O       -0.099181
    36    8 O       -0.103284
    37    6 C       -0.093483
    38    6 C        0.024425
    39    8 O       -0.155377
    40    1 H        0.049252
    41    1 H        0.035767
    42    1 H        0.029468
    43    1 H        0.040245
    44    1 H        0.061983
    45    1 H        0.157758
---------------------------------------------------------

Atomic dipole moments (in atomic units):
---------------------------------------------------------
     #    Z                 x            y            z
---------------------------------------------------------
     1   98 Cf       0.109789    -0.098943     0.087385
     2    6 C       -0.016874     0.016231    -0.004717
     3   15 P        0.116433     0.030537    -0.021925
     4    8 O        0.004654     0.005715    -0.010794
     5    6 C       -0.013293    -0.002419     0.011605
     6    6 C       -0.014931    -0.013318    -0.003829
     7    1 H       -0.045401    -0.125610    -0.083930
     8    1 H       -0.041200    -0.016966     0.151526
     9    1 H        0.154481     0.021867    -0.013402
    10    1 H        0.155865     0.004698    -0.008602
    11    1 H       -0.064064     0.134367    -0.046934
    12    1 H       -0.061207    -0.121834    -0.080909
    13    1 H       -0.064908     0.129017    -0.065299
    14    1 H        0.153834     0.006547    -0.009011
    15    1 H       -0.048400    -0.015559     0.149734
    16    7 N       -0.017686    -0.027006     0.001158
    17    8 O       -0.060193     0.104385     0.206609
    18    8 O        0.166775     0.096609    -0.141433
    19    8 O       -0.108302    -0.198494    -0.065775
    20    6 C        0.005336     0.015480    -0.010130
    21   15 P        0.010788    -0.118890    -0.007119
    22    8 O        0.006189    -0.002287    -0.006138
    23    6 C        0.005191     0.016209     0.013313
    24    6 C       -0.011556     0.017119     0.000407
    25    1 H       -0.147007     0.056244    -0.002707
    26    1 H        0.075057     0.055383     0.126779
    27    1 H        0.001928    -0.154039    -0.004144
    28    1 H        0.080417     0.049916    -0.126115
    29    1 H       -0.146803     0.058827    -0.001721
    30    1 H       -0.001300    -0.154702     0.007189
    31    1 H       -0.006246    -0.156938     0.003565
    32    1 H        0.073474     0.058846     0.127188
    33    1 H        0.065170     0.054379    -0.131093
    34    7 N        0.014975     0.193621     0.284647
    35    8 O       -0.138695     0.050935    -0.129379
    36    8 O        0.124586    -0.152854    -0.011000
    37    6 C       -0.021273    -0.079051     0.055400
    38    6 C        0.107910    -0.171608    -0.115934
    39    8 O       -0.056385     0.082658    -0.067329
    40    1 H       -0.057456     0.117249     0.049252
    41    1 H       -0.047843    -0.027677    -0.135114
    42    1 H        0.146049     0.002981     0.006030
    43    1 H       -0.125850    -0.009024    -0.007463
    44    1 H        0.045920     0.029278     0.125032
    45    1 H       -0.030550    -0.020802    -0.115958
---------------------------------------------------------
           total    -0.144422    -2.658617     0.028207
---------------------------------------------------------

[Info] JSON dump of results written to 'tblite.json'
