Charge model parameter:
------------------------------------------------------
   Z          chi/Eh     kcn/Eh     eta/Eh     rad/AA
------------------------------------------------------
 101 Md       1.1131     0.0055     0.6097     0.6919
   7 N        1.5582     0.0928     0.6565     0.6998
   1 H        1.2370     0.0492     1.0964     0.2919
   8 O        1.5687     0.1169     0.6793     0.6518
   9 F        1.5754     0.1570     0.7723     0.9393
------------------------------------------------------

Electrostatic properties (in atomic units):
--------------------------------------------------
     #    Z              CN          q        chi
--------------------------------------------------
     1  101 Md       5.7283     0.7724     1.1000
     2    7 N        3.9488    -0.7345     1.3738
     3    1 H        1.0053     0.2839     1.1877
     4    1 H        1.0213     0.2854     1.1873
     5    1 H        1.0290     0.2934     1.1871
     6    8 O        1.9927    -0.5020     1.4036
     7    1 H        1.0224     0.3160     1.1872
     8    7 N        3.7889     0.1922     1.3776
     9    8 O        1.9821    -0.2072     1.4041
    10    8 O        1.9783    -0.2246     1.4042
    11    8 O        1.0017    -0.2252     1.4517
    12    9 F        0.9989    -0.2496     1.4184
--------------------------------------------------
     Σ                         -0.0000
--------------------------------------------------

Electrostatic energy:   -2.4368381837481E-01 Eh

[Info] JSON dump of results written to 'multicharge.json'
