[Info] Molecular charge read from './.CHRG'
[Info] Molecular spin read from './.UHF'
xTB calculator
 | Coulomb electrostatics
 |  * isotropic Klopman-Ohno electrostatics
 |  * onsite third-order electrostatics
CEH guess
integral cutoff           4.0000000000000E+01 bohr

Atomic charges (in atomic units):
---------------------------------------------------------
     #    Z                 q
---------------------------------------------------------
     1   94 Pu       2.090529
     2    6 C       -0.087823
     3   15 P        0.499217
     4    8 O       -0.370148
     5    6 C       -0.086294
     6    6 C       -0.088513
     7    1 H        0.073222
     8    1 H        0.113093
     9    1 H        0.072508
    10    1 H        0.072821
    11    1 H        0.113873
    12    1 H        0.073889
    13    1 H        0.073074
    14    1 H        0.073379
    15    1 H        0.113384
    16    6 C       -0.021300
    17    6 C       -0.018234
    18    6 C        0.008541
    19    6 C       -0.009139
    20    6 C       -0.016207
    21    6 C       -0.033669
    22    6 C        0.264036
    23    8 O       -0.147328
    24    8 O       -0.118710
    25    1 H        0.075751
    26    1 H        0.058625
    27    1 H        0.053389
    28    1 H        0.028931
    29    1 H        0.056999
    30    1 H        0.217281
    31    8 O       -0.200733
    32    1 H        0.236477
    33    1 H        0.241449
    34    8 O       -0.213382
    35    1 H        0.247507
    36    1 H        0.220704
    37    7 N       -0.130619
    38    1 H        0.150512
    39    1 H        0.156059
    40    1 H        0.156846
---------------------------------------------------------

Atomic dipole moments (in atomic units):
---------------------------------------------------------
     #    Z                 x            y            z
---------------------------------------------------------
     1   94 Pu      -0.191151     0.030879     0.021117
     2    6 C       -0.038918     0.010057     0.031005
     3   15 P       -0.015372    -0.010388     0.005469
     4    8 O        0.037589     0.029302    -0.011129
     5    6 C        0.000040    -0.046467     0.020439
     6    6 C       -0.035444    -0.018307    -0.030762
     7    1 H        0.062000    -0.132706     0.066123
     8    1 H        0.121055     0.090017    -0.039762
     9    1 H       -0.081721    -0.031344    -0.135193
    10    1 H       -0.079180    -0.031335    -0.136544
    11    1 H        0.120456     0.092288    -0.038086
    12    1 H       -0.088373     0.081882     0.106731
    13    1 H        0.057219    -0.135835     0.064859
    14    1 H       -0.090785     0.082866     0.103897
    15    1 H        0.123315     0.089317    -0.033970
    16    6 C        0.008842    -0.005196     0.006600
    17    6 C        0.027177     0.001498     0.016417
    18    6 C        0.056266     0.015110     0.031264
    19    6 C        0.053985     0.077277     0.013254
    20    6 C       -0.001180     0.053070    -0.020367
    21    6 C       -0.003489     0.021214    -0.010490
    22    6 C       -0.054341     0.106318    -0.025351
    23    8 O       -0.084550     0.021017    -0.022224
    24    8 O       -0.047781    -0.091585     0.001315
    25    1 H       -0.081996    -0.114024    -0.005107
    26    1 H       -0.111980    -0.001403    -0.082968
    27    1 H       -0.039268     0.100409    -0.089561
    28    1 H        0.111773    -0.004479     0.079542
    29    1 H        0.029106    -0.107264     0.080421
    30    1 H       -0.123886    -0.009831    -0.006782
    31    8 O        0.009389     0.016504     0.075164
    32    1 H       -0.037356     0.106761     0.072689
    33    1 H        0.047795    -0.070711     0.104886
    34    8 O       -0.062297     0.054232    -0.029708
    35    1 H        0.011095     0.129921    -0.039058
    36    1 H       -0.121687    -0.013666    -0.017603
    37    7 N        0.141435    -0.186570    -0.035238
    38    1 H        0.018808    -0.017259    -0.120804
    39    1 H       -0.049824    -0.104122     0.048033
    40    1 H        0.109009     0.022046     0.054497
---------------------------------------------------------
           total     5.985525    -3.434354     7.263415
---------------------------------------------------------

[Info] JSON dump of results written to 'tblite.json'
