[Info] Molecular charge read from '.CHRG'

Charge model parameter:
------------------------------------------------------
   Z          chi/Eh     kcn/Eh     eta/Eh     rad/AA
------------------------------------------------------
  94 Pu       1.0104     0.0049     0.6346     0.6641
  16 S        1.4077     0.0713     0.5171     1.1581
   6 C        1.4003     0.0601     0.6166     0.9994
   7 N        1.5582     0.0928     0.6565     0.6998
   1 H        1.2370     0.0492     1.0964     0.2919
   8 O        1.5687     0.1169     0.6793     0.6518
------------------------------------------------------

Electrostatic properties (in atomic units):
--------------------------------------------------
     #    Z              CN          q        chi
--------------------------------------------------
     1   94 Pu       5.2820     0.9337     0.9992
     2   16 S        1.0109     0.2432     1.3360
     3    6 C        2.0405     0.2696     1.3145
     4    7 N        1.9968    -0.3271     1.4271
     5    6 C        3.0229     0.0061     1.2959
     6    6 C        3.0079    -0.0003     1.2961
     7    6 C        3.2518     0.0992     1.2920
     8    7 N        2.9953    -0.3562     1.3976
     9    6 C        3.3139     0.1045     1.2910
    10    6 C        3.0080     0.0002     1.2961
    11    1 H        0.9928     0.2109     1.1880
    12    1 H        0.9930     0.2036     1.1880
    13    1 H        0.9925     0.1788     1.1880
    14    1 H        0.9941     0.1847     1.1879
    15    1 H        0.9930     0.2047     1.1880
    16    6 C        1.8015     0.2303     1.3197
    17    7 N        1.9954    -0.3251     1.4271
    18    8 O        2.9551    -0.5257     1.3677
    19    1 H        1.0554     0.3154     1.1864
    20    1 H        0.9945     0.3498     1.1879
--------------------------------------------------
     Σ                          2.0000
--------------------------------------------------

Electrostatic energy:    9.9809516772550E-01 Eh

[Info] JSON dump of results written to 'multicharge.json'
