[Info] Molecular charge read from './.CHRG'
[Info] Molecular spin read from './.UHF'
xTB calculator
 | Coulomb electrostatics
 |  * isotropic Klopman-Ohno electrostatics
 |  * onsite third-order electrostatics
CEH guess
integral cutoff           4.0000000000000E+01 bohr

Atomic charges (in atomic units):
---------------------------------------------------------
     #    Z                 q
---------------------------------------------------------
     1  100 Fm       0.899804
     2    7 N       -0.005732
     3    6 C        0.032737
     4    6 C       -0.016307
     5    6 C        0.026353
     6    6 C        0.005297
     7    6 C        0.066975
     8    6 C        0.072390
     9    6 C        0.006351
    10    6 C        0.025235
    11    6 C       -0.017221
    12    6 C        0.028922
    13    7 N       -0.016231
    14    1 H        0.062731
    15    1 H        0.057040
    16    1 H        0.054761
    17    1 H        0.055738
    18    1 H        0.058804
    19    1 H        0.055956
    20    1 H        0.056976
    21    1 H        0.052234
    22    7 N       -0.157454
    23    1 H        0.118032
    24    1 H        0.111960
    25    1 H        0.113571
    26    6 C       -0.003668
    27    6 C       -0.041262
    28    6 C       -0.004447
    29    6 C       -0.007123
    30    6 C        0.017362
    31    6 C       -0.036115
    32    6 C        0.253507
    33    8 O       -0.180219
    34    8 O       -0.130514
    35    1 H        0.049216
    36    1 H        0.045394
    37    1 H        0.027783
    38    1 H        0.050395
    39    1 H        0.050386
    40    1 H        0.199841
    41    7 N        0.113617
    42    8 O       -0.089356
    43    8 O       -0.063721
---------------------------------------------------------

Atomic dipole moments (in atomic units):
---------------------------------------------------------
     #    Z                 x            y            z
---------------------------------------------------------
     1  100 Fm      -0.055227     0.040912     0.065656
     2    7 N        0.166886    -0.109377     0.025529
     3    6 C       -0.117601    -0.099141    -0.074605
     4    6 C       -0.029164    -0.010830    -0.015056
     5    6 C       -0.015428     0.008638    -0.003809
     6    6 C       -0.058188     0.026981    -0.011875
     7    6 C       -0.096679     0.126552     0.003542
     8    6 C       -0.095604     0.131919     0.004933
     9    6 C       -0.008204     0.063158     0.014260
    10    6 C       -0.007666     0.019401     0.002252
    11    6 C        0.018610     0.027590     0.012464
    12    6 C        0.132537     0.085169     0.063638
    13    7 N        0.045022    -0.200516    -0.042309
    14    1 H       -0.034190     0.123770     0.032118
    15    1 H        0.090732     0.083596     0.058535
    16    1 H        0.122386    -0.052398     0.027483
    17    1 H        0.029042    -0.130353    -0.028443
    18    1 H        0.116570    -0.069346     0.019630
    19    1 H        0.010213    -0.131797    -0.031614
    20    1 H       -0.111823    -0.060056    -0.051968
    21    1 H       -0.111851     0.066244    -0.014125
    22    7 N        0.070122     0.230119    -0.192185
    23    1 H        0.116310     0.010213     0.011219
    24    1 H       -0.059330     0.085425     0.043889
    25    1 H       -0.037522    -0.036145    -0.103812
    26    6 C        0.023358    -0.012074    -0.003001
    27    6 C        0.000508    -0.019109     0.002361
    28    6 C        0.012969    -0.049503     0.001685
    29    6 C        0.044845    -0.031010    -0.009402
    30    6 C        0.060820     0.007522    -0.012017
    31    6 C        0.015477     0.008096    -0.002789
    32    6 C       -0.002060    -0.120840     0.043900
    33    8 O       -0.057361    -0.037399     0.033894
    34    8 O       -0.066113     0.077264     0.003787
    35    1 H       -0.101285     0.088281     0.014089
    36    1 H        0.023811     0.131140    -0.015781
    37    1 H        0.125674     0.044736    -0.030492
    38    1 H       -0.040507    -0.132105     0.013182
    39    1 H       -0.124701    -0.043947     0.028856
    40    1 H       -0.107433     0.000542     0.055367
    41    7 N        0.035207    -0.156527    -0.285769
    42    8 O        0.117806     0.136115     0.019219
    43    8 O       -0.137174    -0.076754     0.090444
---------------------------------------------------------
           total     0.824255     0.426279    -0.568379
---------------------------------------------------------

[Info] JSON dump of results written to 'tblite.json'
