[Info] Molecular charge read from './.CHRG'
[Info] Molecular spin read from './.UHF'
xTB calculator
 | Coulomb electrostatics
 |  * isotropic Klopman-Ohno electrostatics
 |  * onsite third-order electrostatics
CEH guess
integral cutoff           4.0000000000000E+01 bohr

Atomic charges (in atomic units):
---------------------------------------------------------
     #    Z                 q
---------------------------------------------------------
     1   97 Bk       0.899347
     2    6 C        0.031374
     3    6 C        0.031074
     4    7 N        0.022681
     5    6 C        0.024663
     6    6 C        0.032096
     7    7 N       -0.130164
     8    1 H        0.067017
     9    1 H        0.058634
    10    1 H        0.054896
    11    1 H        0.066953
    12    8 O       -0.474799
    13    1 H        0.185750
    14    8 O       -0.200696
    15    1 H        0.188013
    16    1 H        0.185208
    17    7 N       -0.194240
    18    7 N        0.154732
    19    7 N       -0.002540
---------------------------------------------------------

Atomic dipole moments (in atomic units):
---------------------------------------------------------
     #    Z                 x            y            z
---------------------------------------------------------
     1   97 Bk      -0.028787    -0.308025     0.321078
     2    6 C        0.045788    -0.094857     0.120864
     3    6 C       -0.100470    -0.071348     0.150053
     4    7 N        0.249008    -0.057106    -0.011332
     5    6 C       -0.074527     0.110199    -0.137977
     6    6 C        0.067517     0.062886    -0.130205
     7    7 N       -0.302421     0.073434     0.017977
     8    1 H        0.075293     0.044222    -0.097847
     9    1 H       -0.053256     0.078950    -0.089758
    10    1 H       -0.071647    -0.041124     0.100869
    11    1 H        0.057631    -0.074529     0.091012
    12    8 O        0.002353     0.050425     0.099638
    13    1 H       -0.000741     0.048270     0.138764
    14    8 O       -0.105783    -0.014790     0.003657
    15    1 H       -0.087901    -0.009071    -0.092410
    16    1 H       -0.067482    -0.028931     0.103779
    17    7 N        0.012604     0.381762    -0.079863
    18    7 N       -0.000140    -0.119189     0.013485
    19    7 N       -0.004640    -0.335793     0.054119
---------------------------------------------------------
           total     0.198881     0.460952     0.240531
---------------------------------------------------------

[Info] JSON dump of results written to 'tblite.json'
