[Info] Molecular charge read from './.CHRG'
[Info] Molecular spin read from './.UHF'
xTB calculator
 | Coulomb electrostatics
 |  * isotropic Klopman-Ohno electrostatics
 |  * onsite third-order electrostatics
CEH guess
integral cutoff           4.0000000000000E+01 bohr

Atomic charges (in atomic units):
---------------------------------------------------------
     #    Z                 q
---------------------------------------------------------
     1   97 Bk       1.405300
     2    7 N       -0.049896
     3    6 C        0.047998
     4    6 C       -0.030222
     5    6 C        0.007256
     6    6 C       -0.007648
     7    6 C        0.072797
     8    6 C        0.059181
     9    6 C       -0.009383
    10    6 C        0.003754
    11    6 C       -0.030060
    12    6 C        0.037836
    13    7 N       -0.044021
    14    1 H        0.062114
    15    1 H        0.058099
    16    1 H        0.047644
    17    1 H        0.055435
    18    1 H        0.053360
    19    1 H        0.047312
    20    1 H        0.057304
    21    1 H        0.063194
    22    9 F       -0.245721
    23    6 C       -0.120120
    24   15 P        0.208932
    25    6 C       -0.118718
    26    6 C       -0.120959
    27    1 H        0.044736
    28    1 H        0.059803
    29    1 H        0.059101
    30    1 H        0.047869
    31    1 H        0.055550
    32    1 H        0.059690
    33    1 H        0.046128
    34    1 H        0.059974
    35    1 H        0.056378
---------------------------------------------------------

Atomic dipole moments (in atomic units):
---------------------------------------------------------
     #    Z                 x            y            z
---------------------------------------------------------
     1   97 Bk       0.267391     0.265364     0.087723
     2    7 N        0.088518    -0.037424     0.228177
     3    6 C        0.131286    -0.060558    -0.134133
     4    6 C        0.020528    -0.012798    -0.022016
     5    6 C       -0.011626     0.003087    -0.022308
     6    6 C       -0.017467     0.005105    -0.060015
     7    6 C       -0.128355     0.054308    -0.112443
     8    6 C       -0.104587     0.058809    -0.119896
     9    6 C       -0.053892     0.028124    -0.013447
    10    6 C       -0.019880     0.009594    -0.007792
    11    6 C       -0.018039     0.008005     0.024867
    12    6 C       -0.107992     0.033305     0.149270
    13    7 N        0.213739    -0.112129     0.078016
    14    1 H       -0.112575     0.054779    -0.042817
    15    1 H       -0.095006     0.044131     0.089583
    16    1 H        0.030193    -0.011051     0.131110
    17    1 H        0.121228    -0.049497     0.040568
    18    1 H        0.040423    -0.030899     0.126610
    19    1 H        0.119877    -0.057840     0.022034
    20    1 H        0.077998    -0.025309    -0.110804
    21    1 H       -0.039178     0.030901    -0.121774
    22    9 F       -0.015640     0.058871     0.014826
    23    6 C        0.021283    -0.017771     0.043339
    24   15 P       -0.156243    -0.079208    -0.010703
    25    6 C       -0.001489     0.048410     0.004928
    26    6 C        0.028893    -0.014058    -0.037772
    27    1 H       -0.133424    -0.060823     0.005706
    28    1 H        0.074750    -0.046024    -0.129089
    29    1 H       -0.010484     0.155936     0.003420
    30    1 H       -0.143069    -0.033282    -0.012779
    31    1 H        0.060091    -0.063227     0.129232
    32    1 H        0.078132    -0.050085    -0.124976
    33    1 H       -0.131186    -0.058042    -0.032177
    34    1 H       -0.010836     0.155860     0.009959
    35    1 H        0.055399    -0.061442     0.132593
---------------------------------------------------------
           total     0.185231     1.793047     2.509239
---------------------------------------------------------

[Info] JSON dump of results written to 'tblite.json'
