[Info] Molecular charge read from '.CHRG'

Charge model parameter:
------------------------------------------------------
   Z          chi/Eh     kcn/Eh     eta/Eh     rad/AA
------------------------------------------------------
 100 Fm       1.0767     0.0040     0.5988     0.7039
   6 C        1.4003     0.0601     0.6166     0.9994
   8 O        1.5687     0.1169     0.6793     0.6518
   1 H        1.2370     0.0492     1.0964     0.2919
   9 F        1.5754     0.1570     0.7723     0.9393
  15 P        1.5267     0.1425     0.7308     0.7313
------------------------------------------------------

Electrostatic properties (in atomic units):
--------------------------------------------------
     #    Z              CN          q        chi
--------------------------------------------------
     1  100 Fm       7.0160     0.8198     1.0661
     2    6 C        3.0152    -0.0382     1.2960
     3    6 C        3.0111    -0.0456     1.2961
     4    6 C        3.0161    -0.0463     1.2960
     5    6 C        3.0206     0.0262     1.2959
     6    6 C        3.0166    -0.0396     1.2960
     7    6 C        3.0109    -0.0424     1.2961
     8    6 C        3.9257     0.2593     1.2813
     9    8 O        1.9918    -0.3223     1.4037
    10    8 O        1.9922    -0.3514     1.4037
    11    1 H        0.9928     0.1741     1.1880
    12    1 H        0.9930     0.1702     1.1880
    13    1 H        0.9929     0.1682     1.1880
    14    1 H        0.9929     0.1783     1.1880
    15    1 H        0.9930     0.1737     1.1880
    16    9 F        0.9991    -0.1250     1.4184
    17   15 P        3.0998     0.2495     1.2758
    18    9 F        1.9509    -0.1054     1.3560
    19    9 F        0.9998    -0.1725     1.4184
    20    6 C        3.0157    -0.0355     1.2960
    21    6 C        3.0100    -0.0423     1.2961
    22    6 C        3.0196    -0.0388     1.2959
    23    6 C        3.0183     0.0223     1.2960
    24    6 C        3.0140    -0.0534     1.2960
    25    6 C        3.0099    -0.0407     1.2961
    26    6 C        3.5578     0.2446     1.2870
    27    8 O        1.9807    -0.3317     1.4041
    28    8 O        2.6810    -0.3690     1.3773
    29    1 H        0.9928     0.1749     1.1880
    30    1 H        0.9930     0.1715     1.1880
    31    1 H        0.9930     0.1694     1.1880
    32    1 H        0.9925     0.1497     1.1880
    33    1 H        0.9930     0.1725     1.1880
    34    1 H        0.9927     0.2558     1.1880
    35    6 C        4.0848    -0.0341     1.2789
    36    6 C        3.9823    -0.1089     1.2804
    37    6 C        3.9839    -0.1073     1.2804
    38    6 C        4.1607    -0.0303     1.2778
    39    8 O        2.9505    -0.2934     1.3679
    40    1 H        0.9916     0.1517     1.1880
    41    1 H        0.9917     0.1422     1.1880
    42    1 H        0.9916     0.1480     1.1880
    43    1 H        0.9920     0.1520     1.1880
    44    1 H        0.9920     0.1489     1.1880
    45    1 H        0.9916     0.1561     1.1880
    46    1 H        0.9916     0.1408     1.1880
    47    1 H        0.9918     0.1544     1.1880
--------------------------------------------------
     Σ                          2.0000
--------------------------------------------------

Electrostatic energy:    9.2711470751053E-01 Eh

[Info] JSON dump of results written to 'multicharge.json'
