[Info] Molecular spin read from './.UHF'
xTB calculator
 | Coulomb electrostatics
 |  * isotropic Klopman-Ohno electrostatics
 |  * onsite third-order electrostatics
CEH guess
integral cutoff           4.0000000000000E+01 bohr

Atomic charges (in atomic units):
---------------------------------------------------------
     #    Z                 q
---------------------------------------------------------
     1   94 Pu       0.497015
     2   17 Cl      -0.082622
     3   17 Cl      -0.082625
     4   17 Cl      -0.082943
     5   17 Cl      -0.082942
     6   17 Cl      -0.082941
     7   17 Cl      -0.082941
---------------------------------------------------------

Atomic dipole moments (in atomic units):
---------------------------------------------------------
     #    Z                 x            y            z
---------------------------------------------------------
     1   94 Pu       0.000000    -0.000000    -0.000004
     2   17 Cl      -0.000344     0.000344    -0.005424
     3   17 Cl       0.000344    -0.000344     0.005423
     4   17 Cl       0.000343     0.005349    -0.000344
     5   17 Cl      -0.000344    -0.005349     0.000344
     6   17 Cl       0.005350     0.000344     0.000344
     7   17 Cl      -0.005350    -0.000343    -0.000344
---------------------------------------------------------
           total     0.000000     0.000001     0.000010
---------------------------------------------------------

[Info] JSON dump of results written to 'tblite.json'
