[Info] Molecular charge read from '.CHRG'

Charge model parameter:
------------------------------------------------------
   Z          chi/Eh     kcn/Eh     eta/Eh     rad/AA
------------------------------------------------------
  93 Np       1.1090     0.0071     0.5649     0.7462
   6 C        1.4003     0.0601     0.6166     0.9994
   8 O        1.5687     0.1169     0.6793     0.6518
   1 H        1.2370     0.0492     1.0964     0.2919
   7 N        1.5582     0.0928     0.6565     0.6998
------------------------------------------------------

Electrostatic properties (in atomic units):
--------------------------------------------------
     #    Z              CN          q        chi
--------------------------------------------------
     1   93 Np       6.5293     0.8995     1.0909
     2    6 C        3.0154    -0.0404     1.2960
     3    6 C        3.0112    -0.0440     1.2961
     4    6 C        3.0162    -0.0376     1.2960
     5    6 C        3.0211     0.0341     1.2959
     6    6 C        3.0167    -0.0370     1.2960
     7    6 C        3.0111    -0.0438     1.2961
     8    6 C        3.9200     0.2711     1.2814
     9    8 O        1.9913    -0.3189     1.4037
    10    8 O        1.9918    -0.3159     1.4037
    11    1 H        0.9928     0.1695     1.1880
    12    1 H        0.9930     0.1695     1.1880
    13    1 H        0.9929     0.1764     1.1880
    14    1 H        0.9929     0.1774     1.1880
    15    1 H        0.9930     0.1697     1.1880
    16    7 N        3.7754     0.1890     1.3779
    17    8 O        1.0013    -0.1523     1.4517
    18    8 O        1.9838    -0.1913     1.4040
    19    8 O        1.9830    -0.1880     1.4041
    20    6 C        4.0686    -0.0093     1.2792
    21    8 O        1.9907    -0.3727     1.4037
    22    1 H        0.9918     0.1620     1.1880
    23    1 H        0.9918     0.1683     1.1880
    24    1 H        0.9918     0.1647     1.1880
--------------------------------------------------
     Σ                          1.0000
--------------------------------------------------

Electrostatic energy:    4.0168102732205E-01 Eh

[Info] JSON dump of results written to 'multicharge.json'
