Charge model parameter:
------------------------------------------------------
   Z          chi/Eh     kcn/Eh     eta/Eh     rad/AA
------------------------------------------------------
  99 Es       1.0593     0.0030     0.5898     0.7145
   9 F        1.5754     0.1570     0.7723     0.9393
------------------------------------------------------

Electrostatic properties (in atomic units):
--------------------------------------------------
     #    Z              CN          q        chi
--------------------------------------------------
     1   99 Es       5.8699     1.0781     1.0521
     2    9 F        0.9988    -0.1797     1.4184
     3    9 F        0.9988    -0.1797     1.4184
     4    9 F        0.9988    -0.1797     1.4184
     5    9 F        0.9988    -0.1797     1.4184
     6    9 F        0.9988    -0.1797     1.4184
     7    9 F        0.9988    -0.1797     1.4184
--------------------------------------------------
     Σ                         -0.0000
--------------------------------------------------

Electrostatic energy:   -1.9748265942091E-01 Eh

[Info] JSON dump of results written to 'multicharge.json'
