[Info] Molecular charge read from './.CHRG'
[Info] Molecular spin read from './.UHF'
xTB calculator
 | Coulomb electrostatics
 |  * isotropic Klopman-Ohno electrostatics
 |  * onsite third-order electrostatics
CEH guess
integral cutoff           4.0000000000000E+01 bohr

Atomic charges (in atomic units):
---------------------------------------------------------
     #    Z                 q
---------------------------------------------------------
     1   99 Es       0.781532
     2    6 C       -0.086913
     3    6 C        0.110425
     4    6 C       -0.209180
     5    6 C        0.108632
     6    8 O       -0.217189
     7    6 C       -0.089059
     8    8 O       -0.208175
     9    1 H        0.026221
    10    1 H        0.027499
    11    1 H        0.030110
    12    1 H        0.017625
    13    1 H        0.026242
    14    1 H        0.028679
    15    1 H        0.027906
    16    7 N       -0.028025
    17    8 O       -0.127243
    18    8 O       -0.137114
    19    8 O       -0.454411
    20   16 S        0.284635
    21    8 O       -0.459140
    22    8 O       -0.453057
---------------------------------------------------------

Atomic dipole moments (in atomic units):
---------------------------------------------------------
     #    Z                 x            y            z
---------------------------------------------------------
     1   99 Es       0.139504    -0.215807     0.073091
     2    6 C       -0.049006     0.015083     0.022237
     3    6 C       -0.019450     0.019069    -0.092742
     4    6 C       -0.015423     0.007942    -0.011930
     5    6 C       -0.090069     0.032867     0.005058
     6    8 O        0.078200    -0.022215     0.028894
     7    6 C        0.006398     0.003283    -0.054459
     8    8 O        0.046337    -0.019735     0.069741
     9    1 H        0.080472    -0.041481     0.114383
    10    1 H        0.042033     0.120014    -0.067626
    11    1 H       -0.032321    -0.103087    -0.095124
    12    1 H        0.098266    -0.040798     0.077971
    13    1 H        0.127513    -0.049551     0.049996
    14    1 H       -0.113233    -0.087195     0.017808
    15    1 H       -0.033421     0.135365     0.035572
    16    7 N       -0.010903    -0.346366     0.038185
    17    8 O       -0.089114     0.107585     0.141121
    18    8 O        0.100202     0.066089    -0.160311
    19    8 O        0.056778    -0.099684     0.018694
    20   16 S       -0.017423    -0.024433    -0.019666
    21    8 O        0.000058     0.041214    -0.111438
    22    8 O       -0.097937     0.017368     0.062266
---------------------------------------------------------
           total     2.080195    -0.669623     0.187949
---------------------------------------------------------

[Info] JSON dump of results written to 'tblite.json'
