[Info] Molecular spin read from './.UHF'
xTB calculator
 | Coulomb electrostatics
 |  * isotropic Klopman-Ohno electrostatics
 |  * onsite third-order electrostatics
CEH guess
integral cutoff           4.0000000000000E+01 bohr

Atomic charges (in atomic units):
---------------------------------------------------------
     #    Z                 q
---------------------------------------------------------
     1   96 Cm       0.412255
     2    3 Li       0.260182
     3   12 Mg       0.260632
     4    6 C       -0.933069
---------------------------------------------------------

Atomic dipole moments (in atomic units):
---------------------------------------------------------
     #    Z                 x            y            z
---------------------------------------------------------
     1   96 Cm       1.220581    -1.624982     1.910240
     2    3 Li      -0.207547    -0.299596    -0.818962
     3   12 Mg      -0.019340     0.684917     0.104942
     4    6 C       -0.048409     0.028063    -0.024974
---------------------------------------------------------
           total     1.627974    -1.597888     1.679678
---------------------------------------------------------

[Info] JSON dump of results written to 'tblite.json'
