Charge model parameter:
------------------------------------------------------
   Z          chi/Eh     kcn/Eh     eta/Eh     rad/AA
------------------------------------------------------
  89 Ac       1.0458     0.0047     0.6519     0.6470
  20 Ca       0.7544    -0.0898     0.5212     0.8406
  14 Si       1.1231    -0.0496     0.6494     0.8153
  32 Ge       1.1539    -0.0269     0.5152     1.0516
  52 Te       1.3651     0.0895     0.4850     1.0871
------------------------------------------------------

Electrostatic properties (in atomic units):
--------------------------------------------------
     #    Z              CN          q        chi
--------------------------------------------------
     1   89 Ac       3.7536     0.2391     1.0367
     2   20 Ca       3.4818     0.6162     0.9220
     3   14 Si       1.7620    -0.1834     1.1890
     4   32 Ge       1.7936    -0.2477     1.1899
     5   52 Te       1.9675    -0.4242     1.2395
--------------------------------------------------
     Σ                          0.0000
--------------------------------------------------

Electrostatic energy:   -1.1130581545335E-01 Eh

[Info] JSON dump of results written to 'multicharge.json'
