[Info] Molecular charge read from './.CHRG'
[Info] Molecular spin read from './.UHF'
xTB calculator
 | Coulomb electrostatics
 |  * isotropic Klopman-Ohno electrostatics
 |  * onsite third-order electrostatics
CEH guess
integral cutoff           3.7432403240289E+01 bohr

Atomic charges (in atomic units):
---------------------------------------------------------
     #    Z                 q
---------------------------------------------------------
     1   93 Np       2.052804
     2   35 Br      -0.052804
---------------------------------------------------------

Atomic dipole moments (in atomic units):
---------------------------------------------------------
     #    Z                 x            y            z
---------------------------------------------------------
     1   93 Np      -0.734966    -1.272997     0.742959
     2   35 Br       0.026796     0.046412    -0.027088
---------------------------------------------------------
           total    -1.214820    -2.104127     3.849836
---------------------------------------------------------

[Info] JSON dump of results written to 'tblite.json'
