[Info] Molecular charge read from '.CHRG'

Charge model parameter:
------------------------------------------------------
   Z          chi/Eh     kcn/Eh     eta/Eh     rad/AA
------------------------------------------------------
  99 Es       1.0593     0.0030     0.5898     0.7145
   6 C        1.4003     0.0601     0.6166     0.9994
   8 O        1.5687     0.1169     0.6793     0.6518
   1 H        1.2370     0.0492     1.0964     0.2919
   9 F        1.5754     0.1570     0.7723     0.9393
  15 P        1.5267     0.1425     0.7308     0.7313
  16 S        1.4077     0.0713     0.5171     1.1581
------------------------------------------------------

Electrostatic properties (in atomic units):
--------------------------------------------------
     #    Z              CN          q        chi
--------------------------------------------------
     1   99 Es       6.8888     0.8797     1.0515
     2    6 C        4.1218    -0.1281     1.2784
     3    8 O        1.9767    -0.4271     1.4043
     4    1 H        0.9887     0.0713     1.1881
     5    1 H        0.9864     0.0450     1.1881
     6    1 H        0.9872     0.0417     1.1881
     7    9 F        1.0836    -0.3780     1.4119
     8    9 F        0.9937    -0.4011     1.4188
     9    6 C        2.1212     0.0527     1.3128
    10    8 O        1.9779    -0.4096     1.4043
    11    6 C        3.9561    -0.2854     1.2808
    12   15 P        4.7533     0.2476     1.2160
    13    8 O        1.9205    -0.4351     1.4067
    14    6 C        3.9558    -0.3136     1.2808
    15    6 C        3.9570    -0.2845     1.2808
    16    1 H        0.9926     0.0407     1.1880
    17    1 H        0.9981     0.1296     1.1878
    18    1 H        0.9938     0.0728     1.1879
    19    1 H        0.9932     0.0538     1.1880
    20    1 H        0.9920     0.0329     1.1880
    21    1 H        0.9931     0.0537     1.1880
    22    1 H        0.9926     0.0426     1.1880
    23    1 H        0.9934     0.0643     1.1880
    24    1 H        0.9964     0.1238     1.1879
    25    8 O        1.9505    -0.3275     1.4054
    26   16 S        3.4537     0.3401     1.2752
    27    8 O        0.9991    -0.5095     1.4518
    28    8 O        1.9591    -0.3928     1.4050
--------------------------------------------------
     Σ                         -2.0000
--------------------------------------------------

Electrostatic energy:   -1.6453722376717E+00 Eh

[Info] JSON dump of results written to 'multicharge.json'
