[Info] Molecular spin read from './.UHF'
xTB calculator
 | Coulomb electrostatics
 |  * isotropic Klopman-Ohno electrostatics
 |  * onsite third-order electrostatics
CEH guess
integral cutoff           2.4638462780296E+01 bohr

Atomic charges (in atomic units):
---------------------------------------------------------
     #    Z                 q
---------------------------------------------------------
     1   89 Ac       0.638186
     2    1 H       -0.106381
     3    1 H       -0.106372
     4    1 H       -0.106376
     5    1 H       -0.106363
     6    1 H       -0.106345
     7    1 H       -0.106349
---------------------------------------------------------

Atomic dipole moments (in atomic units):
---------------------------------------------------------
     #    Z                 x            y            z
---------------------------------------------------------
     1   89 Ac      -0.000006     0.000003    -0.000124
     2    1 H        0.000000     0.000000     0.143083
     3    1 H       -0.000000     0.000001    -0.143082
     4    1 H        0.000000    -0.143083     0.000002
     5    1 H       -0.000000     0.143078     0.000002
     6    1 H       -0.143073     0.000001     0.000002
     7    1 H        0.143075     0.000001     0.000002
---------------------------------------------------------
           total    -0.000016     0.000026    -0.000217
---------------------------------------------------------

[Info] JSON dump of results written to 'tblite.json'
