[Info] Molecular charge read from './.CHRG'
[Info] Molecular spin read from './.UHF'
xTB calculator
 | Coulomb electrostatics
 |  * isotropic Klopman-Ohno electrostatics
 |  * onsite third-order electrostatics
CEH guess
integral cutoff           4.0000000000000E+01 bohr

Atomic charges (in atomic units):
---------------------------------------------------------
     #    Z                 q
---------------------------------------------------------
     1  101 Md       0.996848
     2    7 N       -0.109823
     3    6 C        0.004706
     4    6 C        0.002833
     5    7 N       -0.113556
     6    1 H        0.114148
     7    1 H        0.123443
     8    1 H        0.068874
     9    1 H        0.083152
    10    1 H        0.082675
    11    1 H        0.068717
    12    1 H        0.117071
    13    1 H        0.122759
    14    6 C        0.034990
    15    6 C       -0.059737
    16    6 C       -0.051984
    17    6 C        0.027739
    18    8 O       -0.099476
    19    1 H        0.049410
    20    1 H        0.080923
    21    1 H        0.043387
    22    1 H        0.085997
    23    1 H        0.081384
    24    1 H        0.047795
    25    1 H        0.047691
    26    1 H        0.072343
    27    6 C       -0.116253
    28    7 N       -0.046888
    29    6 C       -0.089146
    30    6 C        0.063163
    31    8 O       -0.189620
    32    1 H        0.073009
    33    1 H        0.035660
    34    1 H        0.048504
    35    1 H        0.070396
    36    1 H        0.048665
    37    1 H        0.180202
---------------------------------------------------------

Atomic dipole moments (in atomic units):
---------------------------------------------------------
     #    Z                 x            y            z
---------------------------------------------------------
     1  101 Md       0.040899     0.060965     0.430684
     2    7 N        0.132826    -0.237757    -0.029368
     3    6 C       -0.130606     0.104837     0.140294
     4    6 C       -0.172418     0.129355    -0.041505
     5    7 N        0.249204    -0.058730    -0.101422
     6    1 H        0.026288    -0.030048     0.085773
     7    1 H       -0.068299    -0.047202    -0.050071
     8    1 H       -0.040535     0.013371    -0.118448
     9    1 H        0.046099    -0.110248     0.029659
    10    1 H        0.095374     0.000047    -0.077527
    11    1 H        0.030391    -0.005795     0.121478
    12    1 H       -0.009351     0.007271    -0.095451
    13    1 H        0.054690     0.062968     0.049185
    14    6 C       -0.060479    -0.067485     0.221078
    15    6 C        0.060455    -0.079804     0.083168
    16    6 C        0.014785    -0.120480    -0.056480
    17    6 C        0.085588    -0.064925    -0.215047
    18    8 O       -0.045633     0.094176    -0.012986
    19    1 H        0.117433     0.046801    -0.004905
    20    1 H       -0.041155    -0.071438    -0.105533
    21    1 H       -0.120963    -0.042418    -0.024353
    22    1 H        0.042295     0.103949    -0.070312
    23    1 H       -0.107783     0.059130     0.049467
    24    1 H        0.114297     0.058309     0.021091
    25    1 H       -0.118035    -0.040151     0.017097
    26    1 H        0.079779     0.002879     0.107184
    27    6 C        0.010832     0.053248     0.177114
    28    7 N       -0.001329    -0.019062    -0.073087
    29    6 C        0.064402     0.080874    -0.026205
    30    6 C        0.111978    -0.052018    -0.214511
    31    8 O       -0.096914    -0.016072     0.001951
    32    1 H       -0.072918     0.014988     0.116742
    33    1 H        0.096780    -0.106847     0.012792
    34    1 H       -0.093396    -0.019369    -0.109357
    35    1 H        0.078861     0.016246     0.108215
    36    1 H       -0.083019     0.094078    -0.011500
    37    1 H       -0.076631    -0.033491    -0.093580
---------------------------------------------------------
           total     1.049950    -0.390492     1.387211
---------------------------------------------------------

[Info] JSON dump of results written to 'tblite.json'
