Charge model parameter:
------------------------------------------------------
   Z          chi/Eh     kcn/Eh     eta/Eh     rad/AA
------------------------------------------------------
  94 Pu       1.0104     0.0049     0.6346     0.6641
   3 Li       0.5434    -0.1235     0.9742     0.4791
   1 H        1.2370     0.0492     1.0964     0.2919
------------------------------------------------------

Electrostatic properties (in atomic units):
--------------------------------------------------
     #    Z              CN          q        chi
--------------------------------------------------
     1   94 Pu       2.4499    -0.1688     1.0027
     2    3 Li       2.6273     0.2444     0.7436
     3    3 Li       1.5116     0.2349     0.6953
     4    1 H        1.7716    -0.3104     1.1715
--------------------------------------------------
     Σ                          0.0000
--------------------------------------------------

Electrostatic energy:   -9.3974800422603E-02 Eh

[Info] JSON dump of results written to 'multicharge.json'
