Charge model parameter:
------------------------------------------------------
   Z          chi/Eh     kcn/Eh     eta/Eh     rad/AA
------------------------------------------------------
  92 U        1.0982     0.0042     0.6173     0.6828
  53 I        1.4034     0.0897     0.3054     2.0116
------------------------------------------------------

Electrostatic properties (in atomic units):
--------------------------------------------------
     #    Z              CN          q        chi
--------------------------------------------------
     1   92 U        5.8569     0.5116     1.0881
     2   53 I        1.3127    -0.0853     1.3007
     3   53 I        1.3127    -0.0853     1.3007
     4   53 I        1.3127    -0.0853     1.3007
     5   53 I        1.3127    -0.0853     1.3007
     6   53 I        1.3127    -0.0853     1.3007
     7   53 I        1.3127    -0.0853     1.3007
--------------------------------------------------
     Σ                          0.0000
--------------------------------------------------

Electrostatic energy:   -5.4370993954513E-02 Eh

[Info] JSON dump of results written to 'multicharge.json'
