[Info] Molecular charge read from './.CHRG'
[Info] Molecular spin read from './.UHF'
xTB calculator
 | Coulomb electrostatics
 |  * isotropic Klopman-Ohno electrostatics
 |  * onsite third-order electrostatics
CEH guess
integral cutoff           4.0000000000000E+01 bohr

Atomic charges (in atomic units):
---------------------------------------------------------
     #    Z                 q
---------------------------------------------------------
     1   98 Cf       0.638917
     2    7 N       -0.086588
     3    6 C       -0.011118
     4    6 C       -0.013600
     5    7 N       -0.093761
     6    1 H        0.110978
     7    1 H        0.117055
     8    1 H        0.058646
     9    1 H        0.072129
    10    1 H        0.070121
    11    1 H        0.058946
    12    1 H        0.102620
    13    1 H        0.117826
    14    6 C        0.014996
    15    8 O       -0.142615
    16    1 H        0.049378
    17    1 H        0.063668
    18    1 H        0.047083
    19    1 H        0.175871
    20    6 C       -0.256582
    21    7 N       -0.242128
    22   35 Br      -0.226601
    23    6 C        0.174818
    24    8 O        0.199942
---------------------------------------------------------

Atomic dipole moments (in atomic units):
---------------------------------------------------------
     #    Z                 x            y            z
---------------------------------------------------------
     1   98 Cf       0.531843    -0.240370    -0.021587
     2    7 N        0.226737    -0.100113     0.162979
     3    6 C       -0.115750    -0.045000    -0.178785
     4    6 C       -0.084168     0.147983    -0.141393
     5    7 N        0.074155    -0.020172     0.289701
     6    1 H       -0.008629    -0.099736    -0.010912
     7    1 H        0.072437     0.054170    -0.039555
     8    1 H        0.023112     0.126146     0.005713
     9    1 H        0.086476    -0.078636     0.037783
    10    1 H        0.010921     0.028212     0.117546
    11    1 H       -0.037895    -0.118566    -0.028859
    12    1 H        0.030869     0.091172     0.011545
    13    1 H       -0.083693    -0.041788     0.031485
    14    6 C       -0.090538    -0.230729     0.113812
    15    8 O       -0.012765     0.022500    -0.105103
    16    1 H        0.094116    -0.040369    -0.095444
    17    1 H        0.061770     0.087692     0.105181
    18    1 H       -0.113018     0.059110    -0.055080
    19    1 H       -0.052793    -0.072792    -0.085403
    20    6 C       -0.007196     0.007620    -0.064439
    21    7 N       -0.020940    -0.046247    -0.008286
    22   35 Br       0.017916     0.003237     0.006826
    23    6 C       -0.070782     0.043712     0.005244
    24    8 O       -0.066416     0.056348     0.015088
---------------------------------------------------------
           total    -0.996383    -1.067913     0.401992
---------------------------------------------------------

[Info] JSON dump of results written to 'tblite.json'
