[Info] Molecular charge read from './.CHRG'
[Info] Molecular spin read from './.UHF'
xTB calculator
 | Coulomb electrostatics
 |  * isotropic Klopman-Ohno electrostatics
 |  * onsite third-order electrostatics
CEH guess
integral cutoff           4.0000000000000E+01 bohr

Atomic charges (in atomic units):
---------------------------------------------------------
     #    Z                 q
---------------------------------------------------------
     1   97 Bk       0.755602
     2    6 C        0.006300
     3    8 O       -0.161728
     4    1 H        0.038375
     5    1 H        0.047086
     6    1 H        0.061020
     7    1 H        0.159465
     8    6 C        0.006784
     9    8 O       -0.317574
    10    1 H        0.044609
    11    1 H        0.039652
    12    1 H        0.040528
    13    6 C        0.033682
    14    6 C        0.022663
    15    7 N        0.019424
    16    6 C        0.028697
    17    6 C        0.033568
    18    7 N       -0.124319
    19    1 H        0.058492
    20    1 H        0.050501
    21    1 H        0.052824
    22    1 H        0.059197
    23    6 C       -0.092162
    24   15 P        0.361670
    25    8 O       -0.319627
    26    6 C       -0.108706
    27    6 C       -0.105290
    28    1 H        0.071633
    29    1 H        0.057203
    30    1 H        0.056221
    31    1 H        0.070274
    32    1 H        0.056808
    33    1 H        0.053558
    34    1 H        0.071173
    35    1 H        0.051517
    36    1 H        0.057508
    37    6 C       -0.101471
    38    6 C        0.010751
    39    8 O       -0.323497
    40    1 H        0.045252
    41    1 H        0.021741
    42    1 H        0.014613
    43    1 H        0.049668
    44    1 H        0.046317
---------------------------------------------------------

Atomic dipole moments (in atomic units):
---------------------------------------------------------
     #    Z                 x            y            z
---------------------------------------------------------
     1   97 Bk      -0.072468    -0.092620    -0.099573
     2    6 C       -0.140560    -0.126632    -0.203027
     3    8 O        0.060326    -0.055895     0.092115
     4    1 H        0.124994    -0.058617     0.000280
     5    1 H       -0.069265    -0.021877     0.120547
     6    1 H        0.012626     0.148238    -0.022055
     7    1 H       -0.008572    -0.119953     0.016328
     8    6 C       -0.138819     0.019153     0.179229
     9    8 O        0.071152    -0.008778    -0.087956
    10    1 H       -0.019992     0.099561    -0.092044
    11    1 H       -0.017544    -0.116183    -0.064154
    12    1 H        0.132207     0.005418     0.037702
    13    6 C        0.102768     0.064747    -0.100813
    14    6 C        0.113181    -0.080790    -0.119840
    15    7 N       -0.006644     0.258644     0.003344
    16    6 C       -0.113170    -0.091249     0.114716
    17    6 C       -0.103329     0.056627     0.107203
    18    7 N        0.004767    -0.309314    -0.007438
    19    1 H       -0.079484     0.064096     0.080780
    20    1 H       -0.078426    -0.068244     0.077624
    21    1 H        0.077267    -0.067568    -0.081239
    22    1 H        0.076520     0.071050    -0.078187
    23    6 C       -0.000643     0.022907    -0.006529
    24   15 P       -0.086172    -0.073837    -0.048570
    25    8 O       -0.015502    -0.006328    -0.013396
    26    6 C        0.006993     0.012900     0.017328
    27    6 C        0.018965     0.010135    -0.001967
    28    1 H       -0.102662    -0.106525    -0.055066
    29    1 H       -0.007254     0.007058     0.157647
    30    1 H        0.147333    -0.035629    -0.045312
    31    1 H       -0.100475    -0.110402    -0.047581
    32    1 H        0.148638    -0.035534    -0.045186
    33    1 H       -0.043442     0.143046    -0.049272
    34    1 H       -0.098444    -0.108159    -0.059167
    35    1 H       -0.022145     0.142537    -0.061091
    36    1 H       -0.007678     0.001334     0.159318
    37    6 C       -0.007931    -0.070593     0.050529
    38    6 C        0.156351     0.012767     0.113975
    39    8 O       -0.070944     0.040426    -0.089033
    40    1 H       -0.098676     0.024508    -0.096469
    41    1 H        0.128892    -0.019281    -0.060384
    42    1 H       -0.000966     0.100048     0.102526
    43    1 H       -0.006480    -0.082284    -0.091384
    44    1 H       -0.117098     0.017573     0.045069
---------------------------------------------------------
           total    -0.559006    -1.716575     1.791359
---------------------------------------------------------

[Info] JSON dump of results written to 'tblite.json'
