[Info] Molecular charge read from '.CHRG'

Charge model parameter:
------------------------------------------------------
   Z          chi/Eh     kcn/Eh     eta/Eh     rad/AA
------------------------------------------------------
  99 Es       1.0593     0.0030     0.5898     0.7145
   7 N        1.5582     0.0928     0.6565     0.6998
   6 C        1.4003     0.0601     0.6166     0.9994
   1 H        1.2370     0.0492     1.0964     0.2919
   8 O        1.5687     0.1169     0.6793     0.6518
------------------------------------------------------

Electrostatic properties (in atomic units):
--------------------------------------------------
     #    Z              CN          q        chi
--------------------------------------------------
     1   99 Es       7.1632     0.9252     1.0513
     2    7 N        3.9182    -0.5942     1.3745
     3    6 C        4.0540    -0.0253     1.2794
     4    6 C        4.0337    -0.0333     1.2797
     5    7 N        3.8653    -0.4334     1.3758
     6    6 C        4.0231    -0.0402     1.2798
     7    6 C        4.2160    -0.0207     1.2770
     8    7 N        3.9200    -0.5939     1.3745
     9    1 H        0.9995     0.2582     1.1878
    10    1 H        1.0049     0.2619     1.1877
    11    1 H        0.9912     0.1268     1.1880
    12    1 H        0.9913     0.1276     1.1880
    13    1 H        0.9914     0.1426     1.1880
    14    1 H        0.9910     0.1213     1.1880
    15    1 H        1.0034     0.2515     1.1877
    16    1 H        0.9913     0.1307     1.1880
    17    1 H        0.9914     0.1184     1.1880
    18    1 H        0.9912     0.1256     1.1880
    19    1 H        0.9925     0.1275     1.1880
    20    1 H        0.9973     0.2655     1.1879
    21    1 H        1.0021     0.2611     1.1877
    22    8 O        1.9908    -0.5684     1.4037
    23    1 H        0.9979     0.3165     1.1878
    24    7 N        2.5744    -0.0556     1.4093
    25    8 O        1.9400    -0.2102     1.4058
    26    8 O        1.9280    -0.2213     1.4064
    27    6 C        3.9691    -0.0717     1.2806
    28    8 O        2.9283    -0.4087     1.3686
    29    1 H        0.9919     0.1426     1.1880
    30    1 H        0.9924     0.1672     1.1880
    31    1 H        0.9918     0.1487     1.1880
    32    1 H        1.0153     0.2580     1.1874
--------------------------------------------------
     Σ                          1.0000
--------------------------------------------------

Electrostatic energy:    2.1884269167636E-01 Eh

[Info] JSON dump of results written to 'multicharge.json'
