Charge model parameter:
------------------------------------------------------
   Z          chi/Eh     kcn/Eh     eta/Eh     rad/AA
------------------------------------------------------
  98 Cf       1.0089     0.0039     0.6196     0.6803
  16 S        1.4077     0.0713     0.5171     1.1581
------------------------------------------------------

Electrostatic properties (in atomic units):
--------------------------------------------------
     #    Z              CN          q        chi
--------------------------------------------------
     1   98 Cf       3.9504     0.6667     1.0012
     2   16 S        1.9849    -0.1706     1.3073
     3   16 S        1.9759    -0.1617     1.3075
     4   16 S        1.9862    -0.1545     1.3072
     5   16 S        1.9836    -0.1799     1.3073
--------------------------------------------------
     Σ                         -0.0000
--------------------------------------------------

Electrostatic energy:   -1.0206535571916E-01 Eh

[Info] JSON dump of results written to 'multicharge.json'
