Charge model parameter:
------------------------------------------------------
   Z          chi/Eh     kcn/Eh     eta/Eh     rad/AA
------------------------------------------------------
  99 Es       1.0593     0.0030     0.5898     0.7145
  17 Cl       1.4815     0.1368     0.7586     0.7238
------------------------------------------------------

Electrostatic properties (in atomic units):
--------------------------------------------------
     #    Z              CN          q        chi
--------------------------------------------------
     1   99 Es       3.9498     0.6091     1.0534
     2   17 Cl       1.3849    -0.1202     1.3205
     3   17 Cl       0.9964    -0.1843     1.3450
     4   17 Cl       0.9964    -0.1844     1.3450
     5   17 Cl       1.3837    -0.1201     1.3206
--------------------------------------------------
     Σ                         -0.0000
--------------------------------------------------

Electrostatic energy:   -8.5863525490680E-02 Eh

[Info] JSON dump of results written to 'multicharge.json'
