[Info] Molecular charge read from '.CHRG'

Charge model parameter:
------------------------------------------------------
   Z          chi/Eh     kcn/Eh     eta/Eh     rad/AA
------------------------------------------------------
  92 U        1.0982     0.0042     0.6173     0.6828
   5 B        1.2669    -0.0263     0.5452     1.5138
  50 Sn       1.1245    -0.0303     0.4567     1.0454
   8 O        1.5687     0.1169     0.6793     0.6518
  53 I        1.4034     0.0897     0.3054     2.0116
------------------------------------------------------

Electrostatic properties (in atomic units):
--------------------------------------------------
     #    Z              CN          q        chi
--------------------------------------------------
     1   92 U        3.6519     0.4424     1.0902
     2    5 B        0.9976    -0.6591     1.2932
     3   50 Sn       0.9137    -0.4565     1.1535
     4    8 O        0.9993    -0.7653     1.4518
     5   53 I        0.7518    -1.5615     1.3256
--------------------------------------------------
     Σ                         -3.0000
--------------------------------------------------

Electrostatic energy:   -2.0388222281956E+00 Eh

[Info] JSON dump of results written to 'multicharge.json'
