[Info] Molecular spin read from './.UHF'
xTB calculator
 | Coulomb electrostatics
 |  * isotropic Klopman-Ohno electrostatics
 |  * onsite third-order electrostatics
CEH guess
integral cutoff           4.0000000000000E+01 bohr

Atomic charges (in atomic units):
---------------------------------------------------------
     #    Z                 q
---------------------------------------------------------
     1  101 Md       0.646590
     2    7 N       -0.148704
     3    1 H        0.090522
     4    1 H        0.088741
     5    1 H        0.082572
     6    9 F       -0.401301
     7    6 C       -0.006487
     8    6 C       -0.032891
     9    6 C       -0.010494
    10    6 C       -0.022914
    11    6 C       -0.006513
    12    6 C       -0.030739
    13    6 C        0.143600
    14    8 O       -0.273839
    15    8 O       -0.266099
    16    1 H        0.042689
    17    1 H        0.033714
    18    1 H        0.027491
    19    1 H        0.030580
    20    1 H        0.035146
    21   16 S       -0.157856
    22    6 C       -0.043055
    23    7 N       -0.178849
    24    6 C       -0.005407
    25    8 O       -0.146614
    26    1 H        0.048633
    27    1 H        0.039136
    28    1 H        0.061059
    29    1 H        0.131919
    30    6 C       -0.089399
    31   15 P        0.356920
    32    8 O       -0.375093
    33    6 C       -0.096977
    34    6 C       -0.099847
    35    1 H        0.056452
    36    1 H        0.056926
    37    1 H        0.070656
    38    1 H        0.073807
    39    1 H        0.056155
    40    1 H        0.048647
    41    1 H        0.070359
    42    1 H        0.047798
    43    1 H        0.052965
---------------------------------------------------------

Atomic dipole moments (in atomic units):
---------------------------------------------------------
     #    Z                 x            y            z
---------------------------------------------------------
     1  101 Md      -0.426984     0.389416     0.158560
     2    7 N        0.266062    -0.030710     0.223093
     3    1 H        0.026022     0.116750     0.005719
     4    1 H        0.068670    -0.069322    -0.070373
     5    1 H       -0.062864    -0.046768     0.090854
     6    9 F        0.002571     0.004588     0.002395
     7    6 C        0.009990     0.002984    -0.009127
     8    6 C       -0.006536     0.006670    -0.011735
     9    6 C        0.005137     0.012242    -0.026851
    10    6 C        0.031033     0.010032    -0.031872
    11    6 C        0.030000    -0.000020    -0.008030
    12    6 C        0.014766    -0.004290     0.005126
    13    6 C       -0.010131     0.000634     0.001873
    14    8 O       -0.092971     0.027146    -0.033701
    15    8 O        0.054266    -0.041430     0.078015
    16    1 H       -0.089423    -0.035672     0.096140
    17    1 H        0.042714    -0.060449     0.109756
    18    1 H        0.133717    -0.023576     0.010984
    19    1 H       -0.036747     0.062288    -0.115918
    20    1 H       -0.128781     0.026139    -0.017443
    21   16 S        0.004308    -0.002263     0.069119
    22    6 C        0.033099    -0.035096     0.092957
    23    7 N        0.012899    -0.003220     0.048712
    24    6 C        0.244091     0.014645     0.094368
    25    8 O       -0.012286    -0.006836    -0.121077
    26    1 H       -0.022609    -0.134863    -0.030365
    27    1 H        0.002648     0.085938    -0.111825
    28    1 H       -0.101534     0.051443     0.100725
    29    1 H        0.073018    -0.028812    -0.084983
    30    6 C        0.005810    -0.009257     0.014631
    31   15 P        0.039797     0.082242    -0.045151
    32    8 O        0.007786     0.007705     0.006068
    33    6 C       -0.008760    -0.012498     0.011188
    34    6 C        0.006514    -0.016325     0.004583
    35    1 H       -0.151973    -0.040091     0.015431
    36    1 H        0.082367    -0.112785    -0.068433
    37    1 H        0.016240     0.139580    -0.069829
    38    1 H        0.003661     0.144078    -0.064786
    39    1 H        0.067561    -0.111010    -0.094362
    40    1 H        0.053728    -0.001741     0.147582
    41    1 H        0.015470     0.136846    -0.076200
    42    1 H        0.074350    -0.002592     0.137406
    43    1 H       -0.151269    -0.041582     0.017761
---------------------------------------------------------
           total    -1.030806     1.169927    -0.055448
---------------------------------------------------------

[Info] JSON dump of results written to 'tblite.json'
