Charge model parameter:
------------------------------------------------------
   Z          chi/Eh     kcn/Eh     eta/Eh     rad/AA
------------------------------------------------------
  93 Np       1.1090     0.0071     0.5649     0.7462
   7 N        1.5582     0.0928     0.6565     0.6998
   8 O        1.5687     0.1169     0.6793     0.6518
   6 C        1.4003     0.0601     0.6166     0.9994
   1 H        1.2370     0.0492     1.0964     0.2919
  16 S        1.4077     0.0713     0.5171     1.1581
------------------------------------------------------

Electrostatic properties (in atomic units):
--------------------------------------------------
     #    Z              CN          q        chi
--------------------------------------------------
     1   93 Np       7.8790     0.9057     1.0892
     2    7 N        3.6699     0.1866     1.3804
     3    8 O        1.0017    -0.2710     1.4517
     4    8 O        1.9694    -0.2252     1.4046
     5    8 O        1.9423    -0.2375     1.4058
     6    6 C        3.9607    -0.1760     1.2808
     7    6 C        3.1684     0.1099     1.2934
     8    6 C        3.0028    -0.0778     1.2962
     9    6 C        3.1838     0.1069     1.2931
    10    8 O        1.9929    -0.3317     1.4036
    11    6 C        3.9607    -0.1820     1.2808
    12    8 O        1.9894    -0.3037     1.4038
    13    1 H        0.9923     0.1058     1.1880
    14    1 H        0.9915     0.1275     1.1880
    15    1 H        0.9917     0.1336     1.1880
    16    1 H        0.9933     0.1084     1.1880
    17    1 H        0.9923     0.1046     1.1880
    18    1 H        0.9916     0.1220     1.1880
    19    1 H        0.9916     0.1244     1.1880
    20    8 O        1.9762    -0.3215     1.4043
    21   16 S        3.9682     0.3899     1.2657
    22    8 O        1.9693    -0.3245     1.4046
    23    8 O        1.9767    -0.3098     1.4043
    24    6 C        3.0223    -0.0785     1.2959
    25    6 C        3.0113    -0.0775     1.2961
    26    6 C        3.1793     0.0573     1.2932
    27    7 N        2.9607    -0.3118     1.3985
    28    6 C        3.1482     0.0541     1.2937
    29    6 C        3.0111    -0.0794     1.2961
    30    1 H        0.9928     0.1242     1.1880
    31    1 H        0.9930     0.1242     1.1880
    32    1 H        0.9930     0.1552     1.1880
    33    1 H        0.9928     0.1458     1.1880
    34    1 H        0.9930     0.1218     1.1880
--------------------------------------------------
     Σ                         -0.0000
--------------------------------------------------

Electrostatic energy:   -3.1866189136118E-01 Eh

[Info] JSON dump of results written to 'multicharge.json'
