[Info] Molecular charge read from '.CHRG'

Charge model parameter:
------------------------------------------------------
   Z          chi/Eh     kcn/Eh     eta/Eh     rad/AA
------------------------------------------------------
  90 Th       1.0989     0.0159     0.6181     0.6812
   6 C        1.4003     0.0601     0.6166     0.9994
   8 O        1.5687     0.1169     0.6793     0.6518
   1 H        1.2370     0.0492     1.0964     0.2919
   7 N        1.5582     0.0928     0.6565     0.6998
------------------------------------------------------

Electrostatic properties (in atomic units):
--------------------------------------------------
     #    Z              CN          q        chi
--------------------------------------------------
     1   90 Th       4.7941     0.8709     1.0641
     2    6 C        4.0150    -0.0216     1.2800
     3    8 O        2.9321    -0.3625     1.3685
     4    1 H        0.9921     0.2028     1.1880
     5    1 H        0.9921     0.2006     1.1880
     6    1 H        0.9923     0.1903     1.1880
     7    1 H        1.0001     0.3015     1.1878
     8    7 N        3.9066    -0.6837     1.3748
     9    1 H        1.0021     0.3368     1.1877
    10    1 H        0.9990     0.3345     1.1878
    11    1 H        0.9974     0.3387     1.1879
    12    8 O        1.9911    -0.4465     1.4037
    13    1 H        1.0177     0.3742     1.1874
    14    6 C        4.0775     0.0297     1.2790
    15    8 O        1.9886    -0.3259     1.4038
    16    1 H        0.9921     0.2016     1.1880
    17    1 H        0.9920     0.2007     1.1880
    18    1 H        0.9921     0.2023     1.1880
    19    6 C        1.0016     0.2654     1.3402
    20    8 O        1.6973    -0.2098     1.4164
--------------------------------------------------
     Σ                          2.0000
--------------------------------------------------

Electrostatic energy:    9.5047386298938E-01 Eh

[Info] JSON dump of results written to 'multicharge.json'
