[Info] Molecular charge read from '.CHRG'

Charge model parameter:
------------------------------------------------------
   Z          chi/Eh     kcn/Eh     eta/Eh     rad/AA
------------------------------------------------------
  92 U        1.0982     0.0042     0.6173     0.6828
   6 C        1.4003     0.0601     0.6166     0.9994
   8 O        1.5687     0.1169     0.6793     0.6518
   1 H        1.2370     0.0492     1.0964     0.2919
  15 P        1.5267     0.1425     0.7308     0.7313
  17 Cl       1.4815     0.1368     0.7586     0.7238
------------------------------------------------------

Electrostatic properties (in atomic units):
--------------------------------------------------
     #    Z              CN          q        chi
--------------------------------------------------
     1   92 U        4.3067     0.7159     1.0896
     2    6 C        3.0160     0.0143     1.2960
     3    6 C        3.0070     0.0028     1.2961
     4    6 C        3.0161    -0.0071     1.2960
     5    6 C        3.0156     0.0478     1.2960
     6    6 C        3.0151    -0.0121     1.2960
     7    6 C        3.0067     0.0104     1.2962
     8    6 C        3.1411     0.2847     1.2939
     9    8 O        1.9964    -0.2944     1.4035
    10    8 O        1.9919    -0.3245     1.4037
    11    1 H        0.9927     0.2242     1.1880
    12    1 H        0.9929     0.2158     1.1880
    13    1 H        0.9930     0.1931     1.1880
    14    1 H        0.9925     0.1899     1.1880
    15    1 H        0.9929     0.2232     1.1880
    16    1 H        0.9923     0.3090     1.1880
    17    6 C        3.9571    -0.1421     1.2808
    18   15 P        4.2714     0.1972     1.2322
    19    8 O        1.9951    -0.3425     1.4035
    20    6 C        3.9571    -0.1420     1.2808
    21    6 C        3.9571    -0.1493     1.2808
    22    1 H        0.9938     0.1952     1.1879
    23    1 H        0.9949     0.1879     1.1879
    24    1 H        0.9937     0.1906     1.1879
    25    1 H        0.9950     0.1884     1.1879
    26    1 H        0.9937     0.1959     1.1879
    27    1 H        0.9938     0.1916     1.1879
    28    1 H        0.9949     0.1880     1.1879
    29    1 H        0.9938     0.1875     1.1879
    30    1 H        0.9937     0.1872     1.1879
    31   17 Cl       0.9981    -0.0000     1.3448
    32    6 C        1.9197     0.2147     1.3171
    33    8 O        1.0001    -0.1411     1.4518
--------------------------------------------------
     Σ                          3.0000
--------------------------------------------------

Electrostatic energy:    1.6406338656044E+00 Eh

[Info] JSON dump of results written to 'multicharge.json'
