Charge model parameter:
------------------------------------------------------
   Z          chi/Eh     kcn/Eh     eta/Eh     rad/AA
------------------------------------------------------
 102 No       1.1434     0.0135     0.6305     0.6695
   8 O        1.5687     0.1169     0.6793     0.6518
  34 Se       1.3649     0.0656     0.4617     1.1999
  38 Sr       0.5880    -0.0670     0.6512     0.8612
   9 F        1.5754     0.1570     0.7723     0.9393
------------------------------------------------------

Electrostatic properties (in atomic units):
--------------------------------------------------
     #    Z              CN          q        chi
--------------------------------------------------
     1  102 No       3.7423     0.4171     1.1173
     2    8 O        1.9995    -0.6555     1.4034
     3   34 Se       1.9532    -0.4080     1.2731
     4   38 Sr       2.7127     1.0433     0.6984
     5    9 F        0.9990    -0.3969     1.4184
--------------------------------------------------
     Σ                          0.0000
--------------------------------------------------

Electrostatic energy:   -4.0385927541707E-01 Eh

[Info] JSON dump of results written to 'multicharge.json'
