[Info] Molecular charge read from './.CHRG'
xTB calculator
 | Coulomb electrostatics
 |  * isotropic Klopman-Ohno electrostatics
 |  * onsite third-order electrostatics
CEH guess
integral cutoff           4.0000000000000E+01 bohr

Atomic charges (in atomic units):
---------------------------------------------------------
     #    Z                 q
---------------------------------------------------------
     1  102 No       0.693060
     2   16 S       -0.360622
     3    6 C        0.008781
     4    7 N       -0.320050
     5    7 N       -0.030797
     6    8 O       -0.208991
     7    8 O       -0.217871
     8   16 S       -0.368787
     9    6 C        0.009326
    10    7 N       -0.315867
    11    7 N       -0.091986
    12    1 H        0.068652
    13    1 H        0.067174
    14    1 H        0.067979
---------------------------------------------------------

Atomic dipole moments (in atomic units):
---------------------------------------------------------
     #    Z                 x            y            z
---------------------------------------------------------
     1  102 No       0.045691    -0.085326     0.148569
     2   16 S        0.023364    -0.087616     0.036862
     3    6 C        0.004103     0.008755    -0.007593
     4    7 N        0.037256    -0.081462     0.025258
     5    7 N        0.332548     0.084854     0.205558
     6    8 O       -0.106048    -0.153866     0.060537
     7    8 O       -0.041441     0.117111    -0.153483
     8   16 S       -0.005795     0.063752     0.098683
     9    6 C        0.000214    -0.012559    -0.022739
    10    7 N       -0.004260     0.054615     0.080252
    11    7 N       -0.019952    -0.348764     0.212878
    12    1 H        0.085335    -0.040893    -0.037563
    13    1 H       -0.095938    -0.038597    -0.036224
    14    1 H        0.004302     0.042230     0.104795
---------------------------------------------------------
           total    -1.677567    -2.590383    -0.298988
---------------------------------------------------------

[Info] JSON dump of results written to 'tblite.json'
