[Info] Molecular spin read from './.UHF'
xTB calculator
 | Coulomb electrostatics
 |  * isotropic Klopman-Ohno electrostatics
 |  * onsite third-order electrostatics
CEH guess
integral cutoff           4.0000000000000E+01 bohr

Atomic charges (in atomic units):
---------------------------------------------------------
     #    Z                 q
---------------------------------------------------------
     1  102 No       0.708596
     2   17 Cl      -0.280270
     3   17 Cl      -0.213551
     4   17 Cl      -0.214776
---------------------------------------------------------

Atomic dipole moments (in atomic units):
---------------------------------------------------------
     #    Z                 x            y            z
---------------------------------------------------------
     1  102 No       0.069673     0.103201     0.092682
     2   17 Cl       0.042046     0.061313     0.051416
     3   17 Cl       0.048326    -0.060629    -0.014606
     4   17 Cl      -0.073144     0.025129    -0.014577
---------------------------------------------------------
           total     0.387745     0.585642     0.500501
---------------------------------------------------------

[Info] JSON dump of results written to 'tblite.json'
