Charge model parameter:
------------------------------------------------------
   Z          chi/Eh     kcn/Eh     eta/Eh     rad/AA
------------------------------------------------------
  96 Cm       1.1100     0.0071     0.5609     0.7515
   3 Li       0.5434    -0.1235     0.9742     0.4791
   1 H        1.2370     0.0492     1.0964     0.2919
------------------------------------------------------

Electrostatic properties (in atomic units):
--------------------------------------------------
     #    Z              CN          q        chi
--------------------------------------------------
     1   96 Cm       4.4032     0.0118     1.0951
     2    3 Li       1.8732     0.4529     0.7124
     3    1 H        1.1494    -0.0741     1.1842
     4    1 H        0.9483    -0.1188     1.1891
     5    1 H        1.7920    -0.1891     1.1711
     6    1 H        1.1400    -0.0828     1.1845
--------------------------------------------------
     Σ                         -0.0000
--------------------------------------------------

Electrostatic energy:   -1.0642063172420E-01 Eh

[Info] JSON dump of results written to 'multicharge.json'
