[Info] Molecular charge read from './.CHRG'
[Info] Molecular spin read from './.UHF'
xTB calculator
 | Coulomb electrostatics
 |  * isotropic Klopman-Ohno electrostatics
 |  * onsite third-order electrostatics
CEH guess
integral cutoff           3.7432403240289E+01 bohr

Atomic charges (in atomic units):
---------------------------------------------------------
     #    Z                 q
---------------------------------------------------------
     1   93 Np       0.774159
     2    6 C        0.080191
     3    8 O       -0.130412
     4    1 H        0.057362
     5    1 H        0.068283
     6    1 H        0.058976
     7    1 H        0.218021
     8   16 S        0.421735
     9    6 C        0.191550
    10    7 N       -0.346945
    11    9 F       -0.042274
    12   15 P        0.637245
    13    9 F       -0.115806
    14    9 F       -0.092509
    15    7 N        0.100420
    16    8 O       -0.125221
    17    8 O       -0.119687
    18    6 C        0.048085
    19    6 C        0.063850
    20    7 N       -0.031679
    21    6 C        0.066288
    22    6 C        0.049163
    23    7 N       -0.098177
    24    1 H        0.083283
    25    1 H        0.051985
    26    1 H        0.049152
    27    1 H        0.082963
---------------------------------------------------------

Atomic dipole moments (in atomic units):
---------------------------------------------------------
     #    Z                 x            y            z
---------------------------------------------------------
     1   93 Np      -0.034694    -0.450320     0.305801
     2    6 C       -0.265764    -0.168998    -0.061135
     3    8 O        0.057054    -0.009838     0.067465
     4    1 H        0.105003    -0.099212     0.014990
     5    1 H       -0.023741     0.076718     0.122766
     6    1 H        0.028059     0.096876    -0.119341
     7    1 H       -0.027143    -0.078911     0.100345
     8   16 S        0.134491     0.287419    -0.205580
     9    6 C       -0.117778    -0.254446     0.180358
    10    7 N        0.068203     0.107538    -0.062321
    11    9 F        0.036363     0.025400    -0.007703
    12   15 P        0.006390    -0.065218    -0.049118
    13    9 F        0.017295    -0.010105     0.010160
    14    9 F       -0.002214     0.007597    -0.019897
    15    7 N        0.229475     0.357589    -0.162496
    16    8 O       -0.097545    -0.104675    -0.113683
    17    8 O        0.010198    -0.037581     0.179168
    18    6 C        0.027779     0.086926     0.121333
    19    6 C        0.186391     0.031161     0.128195
    20    7 N       -0.166328     0.111642     0.036880
    21    6 C        0.003042    -0.144324    -0.179507
    22    6 C       -0.105956    -0.039546    -0.100763
    23    7 N        0.256294    -0.156773    -0.064927
    24    1 H       -0.111938    -0.013624    -0.071441
    25    1 H       -0.005374    -0.088327    -0.104282
    26    1 H        0.106203     0.023249     0.082040
    27    1 H       -0.007294     0.085527     0.102179
---------------------------------------------------------
           total     2.155478     3.420442    -3.124116
---------------------------------------------------------

[Info] JSON dump of results written to 'tblite.json'
