[Info] Molecular charge read from '.CHRG'

Charge model parameter:
------------------------------------------------------
   Z          chi/Eh     kcn/Eh     eta/Eh     rad/AA
------------------------------------------------------
 103 Lr       1.1371     0.0068     0.5937     0.7095
   6 C        1.4003     0.0601     0.6166     0.9994
   8 O        1.5687     0.1169     0.6793     0.6518
   7 N        1.5582     0.0928     0.6565     0.6998
   1 H        1.2370     0.0492     1.0964     0.2919
  16 S        1.4077     0.0713     0.5171     1.1581
  15 P        1.5267     0.1425     0.7308     0.7313
------------------------------------------------------

Electrostatic properties (in atomic units):
--------------------------------------------------
     #    Z              CN          q        chi
--------------------------------------------------
     1  103 Lr       7.3201     0.7531     1.1189
     2    6 C        4.0448     0.0079     1.2795
     3    6 C        3.3523     0.3182     1.2903
     4    8 O        1.0002    -0.3640     1.4518
     5    8 O        1.9899    -0.2833     1.4038
     6    7 N        3.8802    -0.5807     1.3754
     7    1 H        0.9919     0.1377     1.1880
     8    1 H        0.9916     0.1374     1.1880
     9    1 H        1.0003     0.2532     1.1878
    10    1 H        0.9964     0.2411     1.1879
    11   16 S        1.0114    -0.0637     1.3360
    12    6 C        2.2124     0.1819     1.3110
    13    7 N        2.0001    -0.3634     1.4270
    14    6 C        4.0962    -0.0575     1.2787
    15    8 O        1.9896    -0.3051     1.4038
    16   15 P        4.1696     0.2890     1.2357
    17    8 O        2.8721    -0.2610     1.3706
    18    6 C        4.1836    -0.0783     1.2775
    19    8 O        2.8958    -0.2633     1.3697
    20    6 C        4.1633    -0.0840     1.2778
    21    1 H        0.9923     0.1449     1.1880
    22    1 H        0.9916     0.1279     1.1880
    23    1 H        0.9915     0.1271     1.1880
    24    1 H        0.9924     0.1455     1.1880
    25    1 H        0.9918     0.1374     1.1880
    26    1 H        0.9918     0.1516     1.1880
    27    1 H        0.9923     0.1415     1.1880
    28    1 H        0.9916     0.1402     1.1880
    29    1 H        0.9917     0.1370     1.1880
    30    6 C        3.9579    -0.1328     1.2808
    31    6 C        2.0336     0.1185     1.3146
    32    7 N        1.9499    -0.3557     1.4286
    33    1 H        0.9919     0.1430     1.1880
    34    1 H        0.9919     0.1477     1.1880
    35    1 H        0.9911     0.1705     1.1880
    36    6 C        3.9582    -0.1434     1.2808
    37    6 C        2.0166     0.1033     1.3150
    38    7 N        1.9585    -0.3521     1.4283
    39    1 H        0.9918     0.1399     1.1880
    40    1 H        0.9918     0.1488     1.1880
    41    1 H        0.9916     0.1441     1.1880
--------------------------------------------------
     Σ                          1.0000
--------------------------------------------------

Electrostatic energy:    2.4711623882711E-01 Eh

[Info] JSON dump of results written to 'multicharge.json'
