[Info] Molecular spin read from './.UHF'
xTB calculator
 | Coulomb electrostatics
 |  * isotropic Klopman-Ohno electrostatics
 |  * onsite third-order electrostatics
CEH guess
integral cutoff           2.3650283084401E+01 bohr

Atomic charges (in atomic units):
---------------------------------------------------------
     #    Z                 q
---------------------------------------------------------
     1   90 Th       0.678097
     2    9 F       -0.124843
     3    9 F       -0.125065
     4    9 F       -0.179290
     5    9 F       -0.124664
     6    9 F       -0.124234
---------------------------------------------------------

Atomic dipole moments (in atomic units):
---------------------------------------------------------
     #    Z                 x            y            z
---------------------------------------------------------
     1   90 Th       0.051775     0.099635     0.001772
     2    9 F        0.017808     0.014520     0.093070
     3    9 F        0.004347     0.022704    -0.093150
     4    9 F       -0.046647    -0.080578    -0.000091
     5    9 F        0.091282    -0.027573     0.007787
     6    9 F       -0.069603     0.065369    -0.007841
---------------------------------------------------------
           total     0.210668     0.381273     0.003435
---------------------------------------------------------

[Info] JSON dump of results written to 'tblite.json'
