[Info] Molecular spin read from './.UHF'
xTB calculator
 | Coulomb electrostatics
 |  * isotropic Klopman-Ohno electrostatics
 |  * onsite third-order electrostatics
CEH guess
integral cutoff           4.0000000000000E+01 bohr

Atomic charges (in atomic units):
---------------------------------------------------------
     #    Z                 q
---------------------------------------------------------
     1  103 Lr       0.707470
     2    1 H       -0.176969
     3    1 H       -0.176742
     4    1 H       -0.176914
     5    1 H       -0.176844
---------------------------------------------------------

Atomic dipole moments (in atomic units):
---------------------------------------------------------
     #    Z                 x            y            z
---------------------------------------------------------
     1  103 Lr       0.000973     0.003345    -0.001615
     2    1 H        0.043215     0.031018    -0.001121
     3    1 H        0.022576    -0.046079     0.013612
     4    1 H       -0.027660    -0.001649    -0.045357
     5    1 H       -0.038265     0.016280     0.033099
---------------------------------------------------------
           total     0.001478     0.004811    -0.002334
---------------------------------------------------------

[Info] JSON dump of results written to 'tblite.json'
