[Info] Molecular charge read from './.CHRG'
xTB calculator
 | Coulomb electrostatics
 |  * isotropic Klopman-Ohno electrostatics
 |  * onsite third-order electrostatics
CEH guess
integral cutoff           2.4638462780296E+01 bohr

Atomic charges (in atomic units):
---------------------------------------------------------
     #    Z                 q
---------------------------------------------------------
     1   89 Ac       0.608821
     2    6 C        0.004585
     3    6 C       -0.028171
     4    6 C       -0.004572
     5    6 C       -0.052634
     6    6 C       -0.005071
     7    6 C       -0.028149
     8    6 C        0.151036
     9    8 O       -0.284595
    10    8 O       -0.257163
    11    1 H        0.036277
    12    1 H        0.028614
    13    1 H        0.022353
    14    1 H        0.022093
    15    1 H        0.028544
    16    6 C       -0.089648
    17    6 C        0.136534
    18    7 N       -0.011448
    19    1 H        0.070083
    20    1 H        0.067383
    21    1 H        0.077873
    22   16 S       -0.321793
    23    6 C       -0.052420
    24    7 N       -0.163828
    25   16 S       -0.243517
    26    6 C       -0.021165
    27    7 N       -0.219375
    28    7 N       -0.352433
    29    7 N        0.099674
    30    7 N       -0.217890
---------------------------------------------------------

Atomic dipole moments (in atomic units):
---------------------------------------------------------
     #    Z                 x            y            z
---------------------------------------------------------
     1   89 Ac      -0.031382    -0.049011     0.386279
     2    6 C        0.006793    -0.010093    -0.000038
     3    6 C       -0.007879    -0.012533    -0.004469
     4    6 C        0.003737    -0.037139    -0.006032
     5    6 C        0.018967    -0.028077    -0.000382
     6    6 C        0.032861    -0.017521     0.004863
     7    6 C        0.014864     0.002368     0.003894
     8    6 C        0.015138    -0.027874    -0.000410
     9    8 O        0.065209     0.091362     0.035199
    10    8 O       -0.106348    -0.034762    -0.033833
    11    1 H       -0.076578     0.113045     0.001368
    12    1 H        0.055439     0.115587     0.033264
    13    1 H        0.130615    -0.000821     0.031203
    14    1 H       -0.048146    -0.121102    -0.032324
    15    1 H       -0.128363    -0.008025    -0.031319
    16    6 C        0.001276    -0.000998     0.003875
    17    6 C        0.138017    -0.171994    -0.144565
    18    7 N       -0.019262     0.002076    -0.005827
    19    1 H        0.038157     0.083285    -0.119480
    20    1 H       -0.076457    -0.130198    -0.022893
    21    1 H        0.111509    -0.003437     0.101420
    22   16 S        0.069945     0.014541     0.048203
    23    6 C        0.085787     0.051412     0.078961
    24    7 N        0.001499     0.071647     0.049985
    25   16 S       -0.034639    -0.102785     0.000177
    26    6 C       -0.047346    -0.087773     0.045768
    27    7 N       -0.013181    -0.092487    -0.060229
    28    7 N        0.087424    -0.233980    -0.410296
    29    7 N       -0.010075     0.046767     0.064916
    30    7 N       -0.073182     0.157775     0.315050
---------------------------------------------------------
           total    -2.029239    -0.602497    -2.169106
---------------------------------------------------------

[Info] JSON dump of results written to 'tblite.json'
