[Info] Molecular charge read from '.CHRG'

Charge model parameter:
------------------------------------------------------
   Z          chi/Eh     kcn/Eh     eta/Eh     rad/AA
------------------------------------------------------
  92 U        1.0982     0.0042     0.6173     0.6828
  50 Sn       1.1245    -0.0303     0.4567     1.0454
  51 Sb       1.2164     0.0142     0.4795     1.0458
------------------------------------------------------

Electrostatic properties (in atomic units):
--------------------------------------------------
     #    Z              CN          q        chi
--------------------------------------------------
     1   92 U        1.9820    -0.3859     1.0923
     2   50 Sn       0.9887    -1.2862     1.1547
     3   51 Sb       0.9943    -1.3278     1.2023
--------------------------------------------------
     Σ                         -3.0000
--------------------------------------------------

Electrostatic energy:   -1.7515776511192E+00 Eh

[Info] JSON dump of results written to 'multicharge.json'
