[Info] Molecular charge read from './.CHRG'
[Info] Molecular spin read from './.UHF'
xTB calculator
 | Coulomb electrostatics
 |  * isotropic Klopman-Ohno electrostatics
 |  * onsite third-order electrostatics
CEH guess
integral cutoff           4.0000000000000E+01 bohr

Atomic charges (in atomic units):
---------------------------------------------------------
     #    Z                 q
---------------------------------------------------------
     1   95 Am       0.978980
     2    9 F       -0.161543
     3    9 F       -0.074701
     4   15 P        0.606773
     5    9 F       -0.115872
     6    9 F       -0.117277
     7    6 C       -0.096285
     8    6 C        0.072231
     9    8 O       -0.120117
    10    1 H        0.075461
    11    1 H        0.048442
    12    1 H        0.032257
    13    1 H        0.051464
    14    1 H        0.057685
    15    1 H        0.195341
    16    6 C        0.059676
    17    8 O       -0.156999
    18   15 P        0.528153
    19    8 O       -0.157342
    20    6 C        0.015478
    21    8 O       -0.191342
    22    6 C        0.021110
    23    1 H        0.058457
    24    1 H        0.047443
    25    1 H        0.043703
    26    1 H        0.056735
    27    1 H        0.044846
    28    1 H        0.046779
    29    1 H        0.044073
    30    1 H        0.053517
    31    1 H        0.052877
---------------------------------------------------------

Atomic dipole moments (in atomic units):
---------------------------------------------------------
     #    Z                 x            y            z
---------------------------------------------------------
     1   95 Am       0.008491    -0.172490     0.057051
     2    9 F        0.004090    -0.034853     0.072113
     3    9 F       -0.024711    -0.014535    -0.025042
     4   15 P       -0.000793     0.086710     0.002184
     5    9 F        0.014780    -0.001662    -0.015997
     6    9 F       -0.015733    -0.004522     0.014428
     7    6 C       -0.102790     0.022400     0.004798
     8    6 C       -0.036686     0.108640     0.240303
     9    8 O        0.059290    -0.083185    -0.008379
    10    1 H        0.041698    -0.062497    -0.119453
    11    1 H        0.034893    -0.088416     0.112337
    12    1 H        0.056178     0.136645     0.011347
    13    1 H       -0.054276    -0.119716    -0.007652
    14    1 H       -0.030766     0.082373    -0.111574
    15    1 H        0.056866    -0.061132     0.101094
    16    6 C        0.021450     0.281098     0.055001
    17    8 O        0.013680    -0.059299    -0.043183
    18   15 P       -0.010082    -0.192022    -0.023081
    19    8 O       -0.103464    -0.009372    -0.003045
    20    6 C        0.232864    -0.003965     0.105804
    21    8 O       -0.086720    -0.005040     0.028605
    22    6 C        0.227224    -0.056825    -0.120155
    23    1 H       -0.107019    -0.059178     0.077618
    24    1 H        0.129141    -0.054155     0.038428
    25    1 H       -0.027047    -0.006787    -0.140792
    26    1 H        0.006385    -0.055207    -0.129155
    27    1 H       -0.038452     0.137344    -0.004027
    28    1 H       -0.074392    -0.081634     0.094584
    29    1 H        0.034250     0.092326     0.108169
    30    1 H       -0.046686    -0.132508     0.047075
    31    1 H       -0.085653     0.061246    -0.103614
---------------------------------------------------------
           total    -0.379738     4.495076     1.766118
---------------------------------------------------------

[Info] JSON dump of results written to 'tblite.json'
