Charge model parameter:
------------------------------------------------------
   Z          chi/Eh     kcn/Eh     eta/Eh     rad/AA
------------------------------------------------------
 103 Lr       1.1371     0.0068     0.5937     0.7095
   3 Li       0.5434    -0.1235     0.9742     0.4791
   1 H        1.2370     0.0492     1.0964     0.2919
------------------------------------------------------

Electrostatic properties (in atomic units):
--------------------------------------------------
     #    Z              CN          q        chi
--------------------------------------------------
     1  103 Lr       2.6543    -0.4204     1.1261
     2    3 Li       1.9800     0.2147     0.7172
     3    3 Li       1.9772     0.2147     0.7171
     4    3 Li       2.6143     0.1944     0.7431
     5    1 H        0.9516    -0.2034     1.1890
--------------------------------------------------
     Σ                         -0.0000
--------------------------------------------------

Electrostatic energy:   -1.3144494215700E-01 Eh

[Info] JSON dump of results written to 'multicharge.json'
