Charge model parameter:
------------------------------------------------------
   Z          chi/Eh     kcn/Eh     eta/Eh     rad/AA
------------------------------------------------------
  97 Bk       1.1683     0.0046     0.5532     0.7618
  34 Se       1.3649     0.0656     0.4617     1.1999
  51 Sb       1.2164     0.0142     0.4795     1.0458
------------------------------------------------------

Electrostatic properties (in atomic units):
--------------------------------------------------
     #    Z              CN          q        chi
--------------------------------------------------
     1   97 Bk       1.9743     0.1517     1.1618
     2   34 Se       1.9426    -0.2230     1.2734
     3   51 Sb       1.9308     0.0713     1.1967
--------------------------------------------------
     Σ                          0.0000
--------------------------------------------------

Electrostatic energy:   -1.1198783246671E-02 Eh

[Info] JSON dump of results written to 'multicharge.json'
