[Info] Molecular charge read from '.CHRG'

Charge model parameter:
------------------------------------------------------
   Z          chi/Eh     kcn/Eh     eta/Eh     rad/AA
------------------------------------------------------
  93 Np       1.1090     0.0071     0.5649     0.7462
   7 N        1.5582     0.0928     0.6565     0.6998
   8 O        1.5687     0.1169     0.6793     0.6518
   6 C        1.4003     0.0601     0.6166     0.9994
  15 P        1.5267     0.1425     0.7308     0.7313
   1 H        1.2370     0.0492     1.0964     0.2919
  35 Br       1.3980     0.0801     0.3934     1.5631
------------------------------------------------------

Electrostatic properties (in atomic units):
--------------------------------------------------
     #    Z              CN          q        chi
--------------------------------------------------
     1   93 Np       5.9533     0.6936     1.0918
     2    7 N        3.8067     0.1801     1.3771
     3    8 O        1.0011    -0.1627     1.4517
     4    8 O        1.9855    -0.2341     1.4039
     5    8 O        1.9902    -0.2420     1.4038
     6    6 C        3.9571    -0.1860     1.2808
     7   15 P        3.9851     0.0610     1.2422
     8    6 C        3.9573    -0.1725     1.2808
     9    6 C        3.9578    -0.1761     1.2808
    10    1 H        0.9932     0.1650     1.1880
    11    1 H        0.9928     0.1601     1.1880
    12    1 H        0.9932     0.1602     1.1880
    13    1 H        0.9931     0.1641     1.1880
    14    1 H        0.9928     0.1773     1.1880
    15    1 H        0.9927     0.1661     1.1880
    16    1 H        0.9933     0.1652     1.1880
    17    1 H        0.9933     0.1627     1.1880
    18    1 H        0.9930     0.1734     1.1880
    19    6 C        4.1115    -0.0270     1.2785
    20    6 C        3.9821    -0.0932     1.2804
    21    6 C        3.9813    -0.0951     1.2805
    22    6 C        4.1549    -0.0184     1.2779
    23    8 O        2.9402    -0.2879     1.3682
    24    1 H        0.9918     0.1594     1.1880
    25    1 H        0.9920     0.1590     1.1880
    26    1 H        0.9916     0.1693     1.1880
    27    1 H        0.9919     0.1704     1.1880
    28    1 H        0.9919     0.1716     1.1880
    29    1 H        0.9916     0.1665     1.1880
    30    1 H        0.9917     0.1705     1.1880
    31    1 H        0.9918     0.1602     1.1880
    32   35 Br       1.0286    -0.0609     1.3168
--------------------------------------------------
     Σ                          2.0000
--------------------------------------------------

Electrostatic energy:    1.0350126888640E+00 Eh

[Info] JSON dump of results written to 'multicharge.json'
