[Info] Molecular charge read from './.CHRG'
[Info] Molecular spin read from './.UHF'
xTB calculator
 | Coulomb electrostatics
 |  * isotropic Klopman-Ohno electrostatics
 |  * onsite third-order electrostatics
CEH guess
integral cutoff           4.0000000000000E+01 bohr

Atomic charges (in atomic units):
---------------------------------------------------------
     #    Z                 q
---------------------------------------------------------
     1   96 Cm       0.775600
     2    6 C       -0.092767
     3   15 P        0.409581
     4    8 O       -0.321444
     5    6 C       -0.109722
     6    6 C       -0.098837
     7    1 H        0.059302
     8    1 H        0.077317
     9    1 H        0.058104
    10    1 H        0.071080
    11    1 H        0.057446
    12    1 H        0.056279
    13    1 H        0.074324
    14    1 H        0.058922
    15    1 H        0.057241
    16   17 Cl      -0.239807
    17    7 N        0.046591
    18    8 O       -0.086651
    19    8 O       -0.077228
    20    6 C       -0.074965
    21    6 C        0.047515
    22    8 O       -0.144998
    23    1 H        0.062867
    24    1 H        0.033930
    25    1 H        0.029981
    26    1 H        0.045408
    27    1 H        0.046822
    28    1 H        0.178108
---------------------------------------------------------

Atomic dipole moments (in atomic units):
---------------------------------------------------------
     #    Z                 x            y            z
---------------------------------------------------------
     1   96 Cm       0.301339    -0.043354    -0.412928
     2    6 C       -0.018950    -0.005413     0.013341
     3   15 P        0.088666    -0.011101     0.021812
     4    8 O        0.015223    -0.001193     0.011008
     5    6 C       -0.014468    -0.006526    -0.017243
     6    6 C       -0.012586     0.019417    -0.006857
     7    1 H       -0.034495    -0.088693    -0.127861
     8    1 H        0.151253    -0.019546     0.042807
     9    1 H       -0.029112     0.153821    -0.031243
    10    1 H        0.152090    -0.013243     0.035473
    11    1 H       -0.089950    -0.054660     0.119565
    12    1 H       -0.040942     0.151945    -0.031827
    13    1 H        0.149822    -0.016766     0.045793
    14    1 H       -0.030214    -0.088371    -0.130020
    15    1 H       -0.099700    -0.040311     0.118464
    16   17 Cl       0.000712     0.015676    -0.033406
    17    7 N       -0.032465    -0.368766    -0.015332
    18    8 O       -0.148434     0.107369    -0.050297
    19    8 O        0.166066     0.075564     0.056802
    20    6 C       -0.047513     0.097434    -0.022486
    21    6 C        0.159392     0.180913     0.072600
    22    8 O       -0.111186    -0.013271    -0.039228
    23    1 H       -0.069534    -0.119124    -0.031678
    24    1 H        0.014681    -0.002855     0.145440
    25    1 H        0.123358     0.001341    -0.081753
    26    1 H       -0.108274    -0.000423     0.071267
    27    1 H       -0.016588    -0.003633    -0.130169
    28    1 H       -0.075542     0.098707    -0.029492
---------------------------------------------------------
           total     1.956150    -0.206951    -0.587708
---------------------------------------------------------

[Info] JSON dump of results written to 'tblite.json'
