[Info] Molecular charge read from './.CHRG'
[Info] Molecular spin read from './.UHF'
xTB calculator
 | Coulomb electrostatics
 |  * isotropic Klopman-Ohno electrostatics
 |  * onsite third-order electrostatics
CEH guess
integral cutoff           4.0000000000000E+01 bohr

Atomic charges (in atomic units):
---------------------------------------------------------
     #    Z                 q
---------------------------------------------------------
     1   97 Bk       0.976242
     2    8 O       -0.417564
     3   16 S        0.267757
     4    8 O       -0.408800
     5    8 O       -0.421393
     6    6 C       -0.270015
     7    7 N       -0.228185
     8    8 O       -0.150572
     9    1 H        0.130844
    10    1 H        0.080170
    11    6 C       -0.054328
    12    6 C       -0.043787
    13    6 C       -0.039980
    14    6 C       -0.021637
    15    6 C       -0.017255
    16    6 C       -0.036264
    17    6 C        0.186576
    18    8 O       -0.204978
    19    8 O       -0.181651
    20    1 H        0.028554
    21    1 H        0.020716
    22    1 H        0.018735
    23    1 H        0.025069
    24    1 H        0.025864
    25    1 H        0.115184
    26    6 C       -0.036485
    27    8 O       -0.389509
    28    1 H        0.017091
    29    1 H        0.015536
    30    1 H        0.014068
---------------------------------------------------------

Atomic dipole moments (in atomic units):
---------------------------------------------------------
     #    Z                 x            y            z
---------------------------------------------------------
     1   97 Bk       0.380129     0.231782    -0.259384
     2    8 O        0.067979    -0.072083     0.018990
     3   16 S       -0.018250     0.018676     0.041815
     4    8 O       -0.094063    -0.022780     0.015879
     5    8 O        0.018745     0.069781    -0.070246
     6    6 C        0.042984    -0.044793     0.029815
     7    7 N       -0.005518     0.000041    -0.003920
     8    8 O        0.096880    -0.093434    -0.003721
     9    1 H        0.063210    -0.054545     0.095780
    10    1 H        0.027596    -0.034052    -0.058130
    11    6 C       -0.012615    -0.010102     0.006448
    12    6 C        0.014496     0.001288     0.006268
    13    6 C       -0.004567    -0.026491     0.025076
    14    6 C       -0.014623    -0.012433     0.022111
    15    6 C       -0.042669    -0.015443     0.007126
    16    6 C       -0.011937     0.010636    -0.016384
    17    6 C       -0.114187    -0.052854    -0.044919
    18    8 O       -0.037077     0.044921    -0.077646
    19    8 O        0.057688    -0.041231     0.075582
    20    1 H        0.078464     0.090635    -0.063908
    21    1 H       -0.054313     0.079715    -0.090086
    22    1 H       -0.133481    -0.014570    -0.029076
    23    1 H        0.051618    -0.089352     0.089544
    24    1 H        0.130874     0.004289     0.028803
    25    1 H       -0.013858    -0.033479     0.029814
    26    6 C       -0.093870     0.009621    -0.173380
    27    8 O        0.062309    -0.002606     0.104719
    28    1 H        0.049906    -0.115335     0.022863
    29    1 H       -0.079205     0.024503     0.102072
    30    1 H        0.093038     0.082416     0.011846
---------------------------------------------------------
           total     2.473379     2.367132     2.723503
---------------------------------------------------------

[Info] JSON dump of results written to 'tblite.json'
