[Info] Molecular charge read from './.CHRG'
[Info] Molecular spin read from './.UHF'
xTB calculator
 | Coulomb electrostatics
 |  * isotropic Klopman-Ohno electrostatics
 |  * onsite third-order electrostatics
CEH guess
integral cutoff           2.8984055884551E+01 bohr

Atomic charges (in atomic units):
---------------------------------------------------------
     #    Z                 q
---------------------------------------------------------
     1   92 U        0.539294
     2    6 C       -0.013329
     3    6 C       -0.034035
     4    6 C        0.002486
     5    6 C       -0.018139
     6    6 C       -0.001168
     7    6 C       -0.035673
     8    6 C        0.196845
     9    8 O       -0.215777
    10    8 O       -0.237976
    11    1 H        0.015070
    12    1 H        0.009155
    13    1 H        0.019117
    14    1 H        0.016546
    15    1 H        0.008024
    16    6 C       -0.290834
    17    7 N       -0.224617
    18    6 C       -0.238657
    19    7 N       -0.284492
    20   35 Br      -0.385031
    21    8 O       -0.358832
    22   16 S        0.310699
    23    8 O       -0.424099
    24    8 O       -0.354577
---------------------------------------------------------

Atomic dipole moments (in atomic units):
---------------------------------------------------------
     #    Z                 x            y            z
---------------------------------------------------------
     1   92 U       -0.403542     0.014275     0.882799
     2    6 C       -0.000306    -0.000182     0.001399
     3    6 C       -0.001270    -0.002353     0.018641
     4    6 C       -0.000266    -0.010366    -0.011659
     5    6 C        0.000724    -0.006910    -0.011267
     6    6 C       -0.000627    -0.006308    -0.014143
     7    6 C        0.000041     0.015804     0.007945
     8    6 C       -0.000035    -0.025809    -0.019830
     9    8 O       -0.006864    -0.048056     0.091172
    10    8 O        0.003119     0.104480     0.002891
    11    1 H        0.000860     0.065072     0.118343
    12    1 H        0.013779     0.129765     0.000468
    13    1 H        0.012946     0.059266    -0.120630
    14    1 H       -0.011386    -0.133424    -0.014574
    15    1 H       -0.012537    -0.069257     0.109628
    16    6 C       -0.017336     0.132903    -0.009476
    17    7 N        0.011066     0.008860    -0.012459
    18    6 C        0.046076    -0.008233     0.004516
    19    7 N       -0.031807    -0.000937    -0.008125
    20   35 Br      -0.049122     0.004514     0.009379
    21    8 O       -0.009094     0.039661     0.029912
    22   16 S       -0.012759     0.009692    -0.046279
    23    8 O        0.004855     0.021743    -0.078780
    24    8 O        0.016167    -0.047880    -0.003058
---------------------------------------------------------
           total    -0.416020     2.380563     4.422749
---------------------------------------------------------

[Info] JSON dump of results written to 'tblite.json'
