[Info] Molecular charge read from './.CHRG'
[Info] Molecular spin read from './.UHF'
xTB calculator
 | Coulomb electrostatics
 |  * isotropic Klopman-Ohno electrostatics
 |  * onsite third-order electrostatics
CEH guess
integral cutoff           4.0000000000000E+01 bohr

Atomic charges (in atomic units):
---------------------------------------------------------
     #    Z                 q
---------------------------------------------------------
     1   95 Am       0.960982
     2    6 C       -0.088504
     3    6 C        0.217465
     4    8 O       -0.194106
     5    8 O       -0.327659
     6    7 N       -0.032255
     7    1 H        0.043382
     8    1 H        0.075560
     9    1 H        0.104393
    10    1 H        0.106576
    11    6 C        0.033954
    12    8 O       -0.334793
    13    1 H        0.053253
    14    1 H        0.037153
    15    1 H        0.046102
    16    6 C        0.011586
    17    6 C       -0.013689
    18    6 C        0.033548
    19    7 N        0.009387
    20    6 C        0.022632
    21    6 C       -0.018638
    22    1 H        0.044714
    23    1 H        0.052817
    24    1 H        0.058394
    25    1 H        0.048616
    26    1 H        0.049129
---------------------------------------------------------

Atomic dipole moments (in atomic units):
---------------------------------------------------------
     #    Z                 x            y            z
---------------------------------------------------------
     1   95 Am       0.015773     0.172202     0.191450
     2    6 C       -0.016449    -0.059402    -0.199928
     3    6 C       -0.048045    -0.017867    -0.149725
     4    8 O        0.005843     0.011496    -0.062712
     5    8 O        0.069001     0.029733     0.041126
     6    7 N        0.240714     0.035706     0.163269
     7    1 H        0.103902    -0.041342     0.054121
     8    1 H       -0.035199     0.126141     0.004300
     9    1 H        0.051539    -0.094448    -0.001487
    10    1 H        0.042125     0.087168    -0.042367
    11    6 C        0.013104    -0.261057    -0.042992
    12    8 O       -0.003985     0.123883     0.018447
    13    1 H        0.081879     0.073429    -0.095209
    14    1 H        0.043771     0.026020     0.129165
    15    1 H       -0.134514     0.044763    -0.011997
    16    6 C        0.016025     0.000256     0.000395
    17    6 C        0.016067    -0.008334     0.018967
    18    6 C        0.120127    -0.056762     0.130512
    19    7 N       -0.239152    -0.034861     0.044863
    20    6 C        0.057979     0.065023    -0.151939
    21    6 C        0.009553     0.010260    -0.022811
    22    1 H       -0.132260    -0.012071     0.023523
    23    1 H       -0.086077     0.042467    -0.098337
    24    1 H        0.047036     0.055053    -0.116987
    25    1 H        0.096887    -0.033441     0.090405
    26    1 H       -0.036599    -0.052668     0.120133
---------------------------------------------------------
           total    -1.225461     0.619347    -1.877986
---------------------------------------------------------

[Info] JSON dump of results written to 'tblite.json'
