[Info] Molecular charge read from '.CHRG'

Charge model parameter:
------------------------------------------------------
   Z          chi/Eh     kcn/Eh     eta/Eh     rad/AA
------------------------------------------------------
  99 Es       1.0593     0.0030     0.5898     0.7145
   6 C        1.4003     0.0601     0.6166     0.9994
   8 O        1.5687     0.1169     0.6793     0.6518
   1 H        1.2370     0.0492     1.0964     0.2919
   9 F        1.5754     0.1570     0.7723     0.9393
  35 Br       1.3980     0.0801     0.3934     1.5631
------------------------------------------------------

Electrostatic properties (in atomic units):
--------------------------------------------------
     #    Z              CN          q        chi
--------------------------------------------------
     1   99 Es       4.0211     0.8057     1.0533
     2    6 C        4.0045    -0.1233     1.2801
     3    8 O        1.9921    -0.4696     1.4037
     4    1 H        0.9890     0.0581     1.1881
     5    1 H        0.9891     0.0580     1.1881
     6    1 H        0.9892     0.0633     1.1881
     7    8 O        1.9909    -0.6583     1.4037
     8    1 H        0.9997     0.2400     1.1878
     9    9 F        0.9973    -0.4250     1.4186
    10   35 Br       0.9855    -0.5489     1.3185
--------------------------------------------------
     Σ                         -1.0000
--------------------------------------------------

Electrostatic energy:   -8.6041281977405E-01 Eh

[Info] JSON dump of results written to 'multicharge.json'
