[Info] Molecular charge read from '.CHRG'

Charge model parameter:
------------------------------------------------------
   Z          chi/Eh     kcn/Eh     eta/Eh     rad/AA
------------------------------------------------------
 100 Fm       1.0767     0.0040     0.5988     0.7039
   7 N        1.5582     0.0928     0.6565     0.6998
   6 C        1.4003     0.0601     0.6166     0.9994
   1 H        1.2370     0.0492     1.0964     0.2919
   8 O        1.5687     0.1169     0.6793     0.6518
  17 Cl       1.4815     0.1368     0.7586     0.7238
------------------------------------------------------

Electrostatic properties (in atomic units):
--------------------------------------------------
     #    Z              CN          q        chi
--------------------------------------------------
     1  100 Fm       4.9022     0.7433     1.0679
     2    7 N        2.9999    -0.3487     1.3975
     3    6 C        3.2189     0.0776     1.2925
     4    6 C        3.0085    -0.0195     1.2961
     5    6 C        3.0217    -0.0180     1.2959
     6    6 C        3.0122    -0.0388     1.2961
     7    6 C        3.2928     0.1430     1.2913
     8    6 C        3.3141     0.1443     1.2910
     9    6 C        3.0124    -0.0392     1.2961
    10    6 C        3.0217    -0.0190     1.2959
    11    6 C        3.0086    -0.0233     1.2961
    12    6 C        3.2849     0.0759     1.2914
    13    7 N        3.0049    -0.3545     1.3973
    14    1 H        0.9924     0.1649     1.1880
    15    1 H        0.9930     0.1870     1.1880
    16    1 H        0.9928     0.1904     1.1880
    17    1 H        0.9932     0.1597     1.1880
    18    1 H        0.9932     0.1595     1.1880
    19    1 H        0.9928     0.1896     1.1880
    20    1 H        0.9930     0.1840     1.1880
    21    1 H        0.9929     0.1570     1.1880
    22    6 C        3.9946    -0.0523     1.2803
    23    8 O        2.9476    -0.4228     1.3680
    24    1 H        0.9921     0.1743     1.1880
    25    1 H        0.9921     0.1640     1.1880
    26    1 H        0.9921     0.1810     1.1880
    27    1 H        1.0095     0.2832     1.1876
    28   17 Cl       0.9983    -0.0426     1.3448
--------------------------------------------------
     Σ                          2.0000
--------------------------------------------------

Electrostatic energy:    1.0401126087189E+00 Eh

[Info] JSON dump of results written to 'multicharge.json'
