Charge model parameter:
------------------------------------------------------
   Z          chi/Eh     kcn/Eh     eta/Eh     rad/AA
------------------------------------------------------
 103 Lr       1.1371     0.0068     0.5937     0.7095
   7 N        1.5582     0.0928     0.6565     0.6998
   8 O        1.5687     0.1169     0.6793     0.6518
   1 H        1.2370     0.0492     1.0964     0.2919
   6 C        1.4003     0.0601     0.6166     0.9994
------------------------------------------------------

Electrostatic properties (in atomic units):
--------------------------------------------------
     #    Z              CN          q        chi
--------------------------------------------------
     1  103 Lr       7.2766     0.7847     1.1189
     2    7 N        3.6385     0.1814     1.3812
     3    8 O        1.0016    -0.2101     1.4517
     4    8 O        1.9517    -0.1778     1.4054
     5    8 O        1.9454    -0.1932     1.4056
     6    7 N        3.9265    -0.7181     1.3743
     7    1 H        0.9995     0.2991     1.1878
     8    1 H        1.0007     0.2995     1.1878
     9    1 H        0.9999     0.3023     1.1878
    10    7 N        2.0006    -0.2561     1.4269
    11    7 N        2.0413     0.0783     1.4256
    12    7 N        1.0057    -0.1999     1.4651
    13    6 C        3.9585    -0.1376     1.2808
    14    6 C        2.0021     0.1292     1.3153
    15    7 N        1.8956    -0.3026     1.4304
    16    1 H        0.9919     0.1416     1.1880
    17    1 H        0.9919     0.1456     1.1880
    18    1 H        0.9918     0.1487     1.1880
    19    7 N        2.5927    -0.0276     1.4088
    20    8 O        1.9410    -0.1530     1.4058
    21    8 O        1.9467    -0.1343     1.4056
--------------------------------------------------
     Σ                          0.0000
--------------------------------------------------

Electrostatic energy:   -2.6276490600856E-01 Eh

[Info] JSON dump of results written to 'multicharge.json'
