[Info] Molecular charge read from '.CHRG'

Charge model parameter:
------------------------------------------------------
   Z          chi/Eh     kcn/Eh     eta/Eh     rad/AA
------------------------------------------------------
 103 Lr       1.1371     0.0068     0.5937     0.7095
   6 C        1.4003     0.0601     0.6166     0.9994
   8 O        1.5687     0.1169     0.6793     0.6518
   1 H        1.2370     0.0492     1.0964     0.2919
   7 N        1.5582     0.0928     0.6565     0.6998
   9 F        1.5754     0.1570     0.7723     0.9393
------------------------------------------------------

Electrostatic properties (in atomic units):
--------------------------------------------------
     #    Z              CN          q        chi
--------------------------------------------------
     1  103 Lr       5.8902     0.7062     1.1207
     2    6 C        3.0149    -0.0556     1.2960
     3    6 C        3.0118    -0.0602     1.2961
     4    6 C        3.0167    -0.0536     1.2960
     5    6 C        3.0198     0.0230     1.2959
     6    6 C        3.0162    -0.0523     1.2960
     7    6 C        3.0119    -0.0594     1.2961
     8    6 C        3.8559     0.2652     1.2824
     9    8 O        1.9701    -0.3329     1.4046
    10    8 O        1.9810    -0.3422     1.4041
    11    1 H        0.9928     0.1550     1.1880
    12    1 H        0.9929     0.1538     1.1880
    13    1 H        0.9930     0.1603     1.1880
    14    1 H        0.9930     0.1607     1.1880
    15    1 H        0.9929     0.1545     1.1880
    16    8 O        2.9380    -0.5406     1.3683
    17    1 H        0.9938     0.2896     1.1879
    18    1 H        1.0209     0.2923     1.1873
    19    6 C        3.0229    -0.0510     1.2959
    20    6 C        3.0098    -0.0531     1.2961
    21    6 C        3.1343     0.0578     1.2940
    22    7 N        2.9785    -0.3376     1.3980
    23    6 C        3.2085     0.0574     1.2927
    24    6 C        3.0097    -0.0571     1.2961
    25    1 H        0.9928     0.1539     1.1880
    26    1 H        0.9930     0.1508     1.1880
    27    1 H        0.9925     0.1494     1.1880
    28    1 H        0.9928     0.1490     1.1880
    29    1 H        0.9930     0.1468     1.1880
    30    9 F        0.9983    -0.2305     1.4185
--------------------------------------------------
     Σ                          1.0000
--------------------------------------------------

Electrostatic energy:    3.8226456759615E-01 Eh

[Info] JSON dump of results written to 'multicharge.json'
