[Info] Molecular spin read from './.UHF'
xTB calculator
 | Coulomb electrostatics
 |  * isotropic Klopman-Ohno electrostatics
 |  * onsite third-order electrostatics
CEH guess
integral cutoff           4.0000000000000E+01 bohr

Atomic charges (in atomic units):
---------------------------------------------------------
     #    Z                 q
---------------------------------------------------------
     1   98 Cf       0.854346
     2    3 Li       0.403844
     3   15 P       -0.581943
     4    7 N       -0.676247
---------------------------------------------------------

Atomic dipole moments (in atomic units):
---------------------------------------------------------
     #    Z                 x            y            z
---------------------------------------------------------
     1   98 Cf      -0.522157     0.418691    -0.000334
     2    3 Li      -0.155062    -0.667091    -0.502700
     3   15 P       -0.032945     0.074578     0.029790
     4    7 N       -0.082298     0.033536    -0.020897
---------------------------------------------------------
           total    -2.292252    -0.817228    -1.690456
---------------------------------------------------------

[Info] JSON dump of results written to 'tblite.json'
