[Info] Molecular charge read from '.CHRG'

Charge model parameter:
------------------------------------------------------
   Z          chi/Eh     kcn/Eh     eta/Eh     rad/AA
------------------------------------------------------
  90 Th       1.0989     0.0159     0.6181     0.6812
   7 N        1.5582     0.0928     0.6565     0.6998
   8 O        1.5687     0.1169     0.6793     0.6518
  16 S        1.4077     0.0713     0.5171     1.1581
   6 C        1.4003     0.0601     0.6166     0.9994
  15 P        1.5267     0.1425     0.7308     0.7313
   1 H        1.2370     0.0492     1.0964     0.2919
  17 Cl       1.4815     0.1368     0.7586     0.7238
------------------------------------------------------

Electrostatic properties (in atomic units):
--------------------------------------------------
     #    Z              CN          q        chi
--------------------------------------------------
     1   90 Th       6.5319     0.7719     1.0582
     2    7 N        3.7406     0.1908     1.3787
     3    8 O        1.9804    -0.1726     1.4042
     4    8 O        1.9744    -0.2111     1.4044
     5    8 O        1.0013    -0.1599     1.4517
     6   16 S        1.0150     0.0650     1.3359
     7    6 C        2.1429     0.2191     1.3124
     8    7 N        2.0121    -0.3821     1.4266
     9    6 C        4.1318    -0.0449     1.2782
    10    8 O        1.9874    -0.3099     1.4039
    11   15 P        4.3573     0.3133     1.2293
    12    8 O        1.9879    -0.2915     1.4038
    13    6 C        4.1409    -0.0335     1.2781
    14    8 O        2.9529    -0.2613     1.3678
    15    6 C        4.0569    -0.0517     1.2793
    16    1 H        0.9920     0.1562     1.1880
    17    1 H        0.9917     0.1430     1.1880
    18    1 H        0.9923     0.1617     1.1880
    19    1 H        0.9924     0.1638     1.1880
    20    1 H        0.9919     0.1578     1.1880
    21    1 H        0.9917     0.1523     1.1880
    22    1 H        0.9924     0.1711     1.1880
    23    1 H        0.9921     0.1603     1.1880
    24    1 H        0.9923     0.1677     1.1880
    25   17 Cl       0.9963    -0.0756     1.3450
--------------------------------------------------
     Σ                          1.0000
--------------------------------------------------

Electrostatic energy:    3.7861068320195E-01 Eh

[Info] JSON dump of results written to 'multicharge.json'
