[Info] Molecular spin read from './.UHF'
xTB calculator
 | Coulomb electrostatics
 |  * isotropic Klopman-Ohno electrostatics
 |  * onsite third-order electrostatics
CEH guess
integral cutoff           4.0000000000000E+01 bohr

Atomic charges (in atomic units):
---------------------------------------------------------
     #    Z                 q
---------------------------------------------------------
     1  100 Fm       0.856572
     2   17 Cl      -0.286122
     3   17 Cl      -0.285382
     4   17 Cl      -0.285067
---------------------------------------------------------

Atomic dipole moments (in atomic units):
---------------------------------------------------------
     #    Z                 x            y            z
---------------------------------------------------------
     1  100 Fm      -0.075614    -0.106131     0.189337
     2   17 Cl       0.029448     0.042609     0.060454
     3   17 Cl       0.029847    -0.073069    -0.005313
     4   17 Cl      -0.079365     0.003474    -0.005466
---------------------------------------------------------
           total    -0.371054    -0.514025     0.938866
---------------------------------------------------------

[Info] JSON dump of results written to 'tblite.json'
