[Info] Molecular charge read from '.CHRG'

Charge model parameter:
------------------------------------------------------
   Z          chi/Eh     kcn/Eh     eta/Eh     rad/AA
------------------------------------------------------
  96 Cm       1.1100     0.0071     0.5609     0.7515
   6 C        1.4003     0.0601     0.6166     0.9994
   8 O        1.5687     0.1169     0.6793     0.6518
   1 H        1.2370     0.0492     1.0964     0.2919
------------------------------------------------------

Electrostatic properties (in atomic units):
--------------------------------------------------
     #    Z              CN          q        chi
--------------------------------------------------
     1   96 Cm       7.8432     0.9033     1.0901
     2    6 C        3.0130    -0.1294     1.2960
     3    6 C        3.0121    -0.1303     1.2961
     4    6 C        3.0158    -0.1050     1.2960
     5    6 C        3.0164    -0.0033     1.2960
     6    6 C        3.0161    -0.1020     1.2960
     7    6 C        3.0121    -0.1297     1.2961
     8    6 C        3.6627     0.2549     1.2854
     9    8 O        1.8632    -0.3432     1.4091
    10    8 O        1.8810    -0.3700     1.4083
    11    1 H        0.9927     0.0802     1.1880
    12    1 H        0.9927     0.0829     1.1880
    13    1 H        0.9928     0.1131     1.1880
    14    1 H        0.9928     0.1181     1.1880
    15    1 H        0.9927     0.0836     1.1880
    16    6 C        3.9596    -0.2158     1.2808
    17    6 C        3.0726     0.0906     1.2950
    18    6 C        2.9962    -0.1000     1.2963
    19    6 C        3.0569     0.0893     1.2953
    20    8 O        1.9295    -0.3330     1.4063
    21    6 C        3.9594    -0.2191     1.2808
    22    8 O        1.9541    -0.3159     1.4053
    23    1 H        0.9919     0.0697     1.1880
    24    1 H        0.9916     0.0950     1.1880
    25    1 H        0.9915     0.0960     1.1880
    26    1 H        0.9930     0.0800     1.1880
    27    1 H        0.9919     0.0703     1.1880
    28    1 H        0.9913     0.0963     1.1880
    29    1 H        0.9916     0.0883     1.1880
    30    6 C        3.9596    -0.2158     1.2808
    31    6 C        3.0726     0.0905     1.2950
    32    6 C        2.9961    -0.0999     1.2963
    33    6 C        3.0549     0.0893     1.2953
    34    8 O        1.9263    -0.3352     1.4064
    35    6 C        3.9595    -0.2195     1.2808
    36    8 O        1.9547    -0.3169     1.4052
    37    1 H        0.9920     0.0697     1.1880
    38    1 H        0.9916     0.0943     1.1880
    39    1 H        0.9915     0.0967     1.1880
    40    1 H        0.9930     0.0800     1.1880
    41    1 H        0.9919     0.0703     1.1880
    42    1 H        0.9914     0.0955     1.1880
    43    1 H        0.9916     0.0879     1.1880
    44    6 C        3.0129    -0.1295     1.2960
    45    6 C        3.0121    -0.1304     1.2961
    46    6 C        3.0155    -0.1055     1.2960
    47    6 C        3.0162    -0.0033     1.2960
    48    6 C        3.0164    -0.1019     1.2960
    49    6 C        3.0120    -0.1299     1.2961
    50    6 C        3.6614     0.2553     1.2854
    51    8 O        1.8647    -0.3430     1.4090
    52    8 O        1.8729    -0.3724     1.4087
    53    1 H        0.9927     0.0802     1.1880
    54    1 H        0.9927     0.0829     1.1880
    55    1 H        0.9928     0.1124     1.1880
    56    1 H        0.9928     0.1184     1.1880
    57    1 H        0.9927     0.0835     1.1880
    58    6 C        4.0357    -0.0539     1.2796
    59    6 C        3.9836    -0.1685     1.2804
    60    6 C        3.9871    -0.1703     1.2804
    61    6 C        4.0288    -0.0558     1.2797
    62    8 O        2.8248    -0.2409     1.3722
    63    1 H        0.9910     0.1074     1.1880
    64    1 H        0.9920     0.1223     1.1880
    65    1 H        0.9912     0.0891     1.1880
    66    1 H        0.9916     0.0681     1.1880
    67    1 H        0.9916     0.0693     1.1880
    68    1 H        0.9912     0.0832     1.1880
    69    1 H        0.9914     0.1153     1.1880
    70    1 H        0.9917     0.1159     1.1880
--------------------------------------------------
     Σ                         -1.0000
--------------------------------------------------

Electrostatic energy:   -1.0523948543744E+00 Eh

[Info] JSON dump of results written to 'multicharge.json'
