Charge model parameter:
------------------------------------------------------
   Z          chi/Eh     kcn/Eh     eta/Eh     rad/AA
------------------------------------------------------
  96 Cm       1.1100     0.0071     0.5609     0.7515
   9 F        1.5754     0.1570     0.7723     0.9393
------------------------------------------------------

Electrostatic properties (in atomic units):
--------------------------------------------------
     #    Z              CN          q        chi
--------------------------------------------------
     1   96 Cm       5.8698     1.0375     1.0928
     2    9 F        0.9988    -0.1729     1.4185
     3    9 F        0.9988    -0.1729     1.4185
     4    9 F        0.9988    -0.1729     1.4185
     5    9 F        0.9988    -0.1729     1.4185
     6    9 F        0.9988    -0.1729     1.4185
     7    9 F        0.9988    -0.1729     1.4185
--------------------------------------------------
     Σ                          0.0000
--------------------------------------------------

Electrostatic energy:   -1.6891712608539E-01 Eh

[Info] JSON dump of results written to 'multicharge.json'
