[Info] Molecular charge read from '.CHRG'

Charge model parameter:
------------------------------------------------------
   Z          chi/Eh     kcn/Eh     eta/Eh     rad/AA
------------------------------------------------------
  91 Pa       1.0721     0.0037     0.5511     0.7643
   1 H        1.2370     0.0492     1.0964     0.2919
------------------------------------------------------

Electrostatic properties (in atomic units):
--------------------------------------------------
     #    Z              CN          q        chi
--------------------------------------------------
     1   91 Pa       1.8483    -0.3678     1.0670
     2    1 H        0.9246    -0.3161     1.1897
     3    1 H        0.9245    -0.3161     1.1897
--------------------------------------------------
     Σ                         -1.0000
--------------------------------------------------

Electrostatic energy:   -5.7228490932867E-01 Eh

[Info] JSON dump of results written to 'multicharge.json'
