[Info] Molecular charge read from '.CHRG'

Charge model parameter:
------------------------------------------------------
   Z          chi/Eh     kcn/Eh     eta/Eh     rad/AA
------------------------------------------------------
 103 Lr       1.1371     0.0068     0.5937     0.7095
   6 C        1.4003     0.0601     0.6166     0.9994
  15 P        1.5267     0.1425     0.7308     0.7313
   8 O        1.5687     0.1169     0.6793     0.6518
   1 H        1.2370     0.0492     1.0964     0.2919
   7 N        1.5582     0.0928     0.6565     0.6998
------------------------------------------------------

Electrostatic properties (in atomic units):
--------------------------------------------------
     #    Z              CN          q        chi
--------------------------------------------------
     1  103 Lr       5.6614     0.6184     1.1211
     2    6 C        3.9575    -0.1796     1.2808
     3   15 P        4.1908     0.1924     1.2350
     4    8 O        1.9931    -0.3812     1.4036
     5    6 C        3.9575    -0.1867     1.2808
     6    6 C        3.9574    -0.1783     1.2808
     7    1 H        0.9940     0.1609     1.1879
     8    1 H        0.9940     0.1610     1.1879
     9    1 H        0.9939     0.1550     1.1879
    10    1 H        0.9940     0.1605     1.1879
    11    1 H        0.9939     0.1505     1.1879
    12    1 H        0.9939     0.1506     1.1879
    13    1 H        0.9939     0.1605     1.1879
    14    1 H        0.9939     0.1617     1.1879
    15    1 H        0.9939     0.1572     1.1879
    16    6 C        3.9565    -0.1995     1.2808
    17   15 P        3.9474     0.0509     1.2436
    18    6 C        3.9566    -0.1913     1.2808
    19    6 C        3.9566    -0.1898     1.2808
    20    1 H        0.9929     0.1606     1.1880
    21    1 H        0.9928     0.1423     1.1880
    22    1 H        0.9929     0.1392     1.1880
    23    1 H        0.9928     0.1610     1.1880
    24    1 H        0.9927     0.1487     1.1880
    25    1 H        0.9928     0.1524     1.1880
    26    1 H        0.9929     0.1601     1.1880
    27    1 H        0.9929     0.1524     1.1880
    28    1 H        0.9928     0.1482     1.1880
    29    6 C        3.9572    -0.1112     1.2808
    30    6 C        2.0145     0.1128     1.3150
    31    7 N        1.9722    -0.3799     1.4279
    32    1 H        0.9914     0.1710     1.1880
    33    1 H        0.9914     0.1750     1.1880
    34    1 H        0.9914     0.1714     1.1880
    35    6 C        4.1194    -0.0293     1.2784
    36    8 O        1.9842    -0.2992     1.4040
    37   15 P        4.0985     0.2855     1.2382
    38    8 O        2.9427    -0.2733     1.3681
    39    6 C        4.1141    -0.0837     1.2785
    40    8 O        2.9382    -0.2531     1.3683
    41    6 C        4.1249    -0.0639     1.2783
    42    1 H        0.9923     0.1732     1.1880
    43    1 H        0.9923     0.1758     1.1880
    44    1 H        0.9918     0.1649     1.1880
    45    1 H        0.9922     0.1290     1.1880
    46    1 H        0.9919     0.1579     1.1880
    47    1 H        0.9917     0.1542     1.1880
    48    1 H        0.9925     0.1599     1.1880
    49    1 H        0.9918     0.1606     1.1880
    50    1 H        0.9920     0.1646     1.1880
--------------------------------------------------
     Σ                          3.0000
--------------------------------------------------

Electrostatic energy:    1.5497034550537E+00 Eh

[Info] JSON dump of results written to 'multicharge.json'
