[Info] Molecular charge read from './.CHRG'
[Info] Molecular spin read from './.UHF'
xTB calculator
 | Coulomb electrostatics
 |  * isotropic Klopman-Ohno electrostatics
 |  * onsite third-order electrostatics
CEH guess
integral cutoff           4.0000000000000E+01 bohr

Atomic charges (in atomic units):
---------------------------------------------------------
     #    Z                 q
---------------------------------------------------------
     1   96 Cm       0.607134
     2    6 C       -0.025811
     3    6 C       -0.040847
     4    6 C       -0.023308
     5    6 C       -0.036992
     6    6 C       -0.022438
     7    6 C       -0.039833
     8    6 C        0.115190
     9    8 O       -0.261153
    10    8 O       -0.268165
    11    1 H        0.032473
    12    1 H        0.024346
    13    1 H        0.025415
    14    1 H        0.025518
    15    1 H        0.024839
    16    6 C       -0.097178
    17    6 C        0.117844
    18    6 C       -0.217499
    19    6 C        0.109958
    20    8 O       -0.237922
    21    6 C       -0.098944
    22    8 O       -0.224573
    23    1 H        0.036927
    24    1 H        0.034440
    25    1 H        0.037415
    26    1 H        0.031662
    27    1 H        0.032899
    28    1 H        0.043358
    29    1 H        0.033661
    30    6 C       -0.097587
    31    6 C        0.117815
    32    6 C       -0.217463
    33    6 C        0.108434
    34    8 O       -0.237392
    35    6 C       -0.099335
    36    8 O       -0.226483
    37    1 H        0.036878
    38    1 H        0.034877
    39    1 H        0.037138
    40    1 H        0.031336
    41    1 H        0.032634
    42    1 H        0.043006
    43    1 H        0.034261
    44    6 C       -0.025804
    45    6 C       -0.041058
    46    6 C       -0.023287
    47    6 C       -0.036956
    48    6 C       -0.022034
    49    6 C       -0.039578
    50    6 C        0.114055
    51    8 O       -0.261856
    52    8 O       -0.269713
    53    1 H        0.032447
    54    1 H        0.024185
    55    1 H        0.025241
    56    1 H        0.025814
    57    1 H        0.025106
    58    6 C        0.000842
    59    6 C       -0.043120
    60    6 C       -0.039470
    61    6 C        0.003588
    62    8 O       -0.126339
    63    1 H        0.026655
    64    1 H        0.060811
    65    1 H        0.027642
    66    1 H        0.058790
    67    1 H        0.056128
    68    1 H        0.029376
    69    1 H        0.031929
    70    1 H        0.050070
---------------------------------------------------------

Atomic dipole moments (in atomic units):
---------------------------------------------------------
     #    Z                 x            y            z
---------------------------------------------------------
     1   96 Cm       0.134338    -0.204101     0.016362
     2    6 C        0.006329     0.004437    -0.002686
     3    6 C       -0.013858     0.006306    -0.007043
     4    6 C        0.004617     0.014339    -0.011363
     5    6 C        0.022293     0.016470    -0.011160
     6    6 C        0.020050     0.002749     0.001249
     7    6 C        0.006630    -0.012131     0.010852
     8    6 C        0.003956     0.001239     0.000649
     9    8 O        0.015072    -0.083678     0.067681
    10    8 O       -0.101154     0.022051    -0.029877
    11    1 H       -0.104076    -0.076461     0.042856
    12    1 H        0.022978    -0.098040     0.084924
    13    1 H        0.130809    -0.017629     0.038665
    14    1 H       -0.010612     0.104761    -0.088783
    15    1 H       -0.121369     0.025978    -0.044293
    16    6 C        0.037879    -0.048189    -0.024349
    17    6 C       -0.084614    -0.034117    -0.070289
    18    6 C       -0.010391    -0.017784    -0.019991
    19    6 C        0.014917    -0.081324    -0.054197
    20    8 O        0.009209     0.066330     0.063758
    21    6 C       -0.062555     0.005617    -0.024808
    22    8 O        0.050251     0.043455     0.067540
    23    1 H        0.081429     0.065117     0.104097
    24    1 H       -0.119180    -0.066788     0.046171
    25    1 H       -0.028051     0.082113    -0.115890
    26    1 H        0.045957     0.085163     0.091162
    27    1 H        0.007673     0.101257     0.104479
    28    1 H        0.083945     0.027212    -0.115607
    29    1 H        0.012906    -0.136757     0.044859
    30    6 C        0.029761    -0.053035     0.024847
    31    6 C        0.065942     0.066341     0.067876
    32    6 C        0.020764     0.002817     0.019473
    33    6 C        0.067315    -0.043656     0.054608
    34    8 O       -0.064841     0.015800    -0.064549
    35    6 C        0.019397     0.060341     0.022894
    36    8 O       -0.060630    -0.031064    -0.066603
    37    1 H       -0.095588    -0.051731    -0.099423
    38    1 H        0.107503     0.080633    -0.052192
    39    1 H       -0.060034     0.062756     0.115878
    40    1 H       -0.097255    -0.011315    -0.090044
    41    1 H       -0.097299     0.029996    -0.104112
    42    1 H       -0.056386    -0.064076     0.117584
    43    1 H        0.120583    -0.066135    -0.044549
    44    6 C       -0.006561    -0.003898     0.001634
    45    6 C       -0.000516     0.014749     0.007693
    46    6 C       -0.015486     0.001499     0.010062
    47    6 C       -0.025349    -0.014253     0.009491
    48    6 C       -0.010786    -0.017372    -0.003185
    49    6 C        0.008962    -0.010793    -0.010947
    50    6 C       -0.002019    -0.000430    -0.000117
    51    8 O        0.074316    -0.047927    -0.063285
    52    8 O        0.019927     0.100889     0.032450
    53    1 H        0.116576     0.062720    -0.031615
    54    1 H        0.082261    -0.056635    -0.085803
    55    1 H       -0.038798    -0.121750    -0.050958
    56    1 H       -0.094115     0.048626     0.088047
    57    1 H        0.027741     0.115987     0.056257
    58    6 C        0.171889     0.180418    -0.008812
    59    6 C       -0.007121     0.109761     0.055042
    60    6 C       -0.103433     0.062258    -0.034704
    61    6 C       -0.234768    -0.085504     0.001252
    62    8 O        0.077675    -0.119101     0.000962
    63    1 H       -0.029207    -0.031152     0.117555
    64    1 H       -0.102198    -0.003006    -0.085416
    65    1 H        0.008640     0.015129    -0.131982
    66    1 H       -0.016112    -0.125818     0.050882
    67    1 H        0.113852    -0.026002    -0.070249
    68    1 H       -0.001402    -0.027112     0.129562
    69    1 H        0.038507     0.040774    -0.112615
    70    1 H        0.044307     0.071553     0.100701
---------------------------------------------------------
           total     1.302350    -2.043510     0.160232
---------------------------------------------------------

[Info] JSON dump of results written to 'tblite.json'
