[Info] Molecular charge read from './.CHRG'
[Info] Molecular spin read from './.UHF'
xTB calculator
 | Coulomb electrostatics
 |  * isotropic Klopman-Ohno electrostatics
 |  * onsite third-order electrostatics
CEH guess
integral cutoff           4.0000000000000E+01 bohr

Atomic charges (in atomic units):
---------------------------------------------------------
     #    Z                 q
---------------------------------------------------------
     1  100 Fm       1.005394
     2   16 S       -0.284261
     3    6 C       -0.016810
     4    7 N       -0.207243
     5   16 S       -0.324289
     6    6 C       -0.014829
     7    7 N       -0.215360
     8    8 O       -0.457326
     9   16 S        0.307143
    10    8 O       -0.466669
    11    8 O       -0.431386
    12    6 C       -0.025705
    13    6 C       -0.044220
    14    6 C        0.005523
    15    6 C       -0.019068
    16    6 C       -0.009692
    17    6 C       -0.042882
    18    6 C        0.222759
    19    8 O       -0.142667
    20    8 O       -0.143882
    21    1 H        0.022106
    22    1 H        0.020057
    23    1 H        0.029904
    24    1 H        0.038968
    25    1 H        0.022201
    26    1 H        0.172234
---------------------------------------------------------

Atomic dipole moments (in atomic units):
---------------------------------------------------------
     #    Z                 x            y            z
---------------------------------------------------------
     1  100 Fm      -0.044958    -0.349210    -0.374007
     2   16 S       -0.045764    -0.096323     0.045149
     3    6 C        0.014696     0.022900    -0.004949
     4    7 N       -0.022209    -0.028779     0.019198
     5   16 S       -0.033646     0.087614     0.043730
     6    6 C        0.006639    -0.018074    -0.009010
     7    7 N       -0.012157     0.018034     0.011271
     8    8 O        0.078616    -0.065279     0.061032
     9   16 S        0.039041     0.038166    -0.034698
    10    8 O       -0.066850    -0.054224    -0.084055
    11    8 O        0.022073     0.110197    -0.016465
    12    6 C       -0.006149     0.006061    -0.001731
    13    6 C        0.009847    -0.009602    -0.005608
    14    6 C        0.013433     0.028822    -0.009395
    15    6 C       -0.010935     0.033518    -0.003665
    16    6 C       -0.028768     0.022856     0.000423
    17    6 C       -0.016666    -0.011332     0.002489
    18    6 C       -0.148407     0.002275    -0.016343
    19    8 O       -0.041619    -0.065169    -0.002996
    20    8 O        0.040466    -0.098184     0.006189
    21    1 H        0.029979    -0.129062     0.013907
    22    1 H       -0.093394    -0.082753     0.043296
    23    1 H       -0.125312     0.039431     0.043469
    24    1 H        0.099375     0.080780    -0.036380
    25    1 H        0.125745    -0.036105    -0.025519
    26    1 H       -0.036990    -0.114559    -0.017171
---------------------------------------------------------
           total    -2.298991    -2.768704    -3.421600
---------------------------------------------------------

[Info] JSON dump of results written to 'tblite.json'
