[Info] Molecular charge read from '.CHRG'

Charge model parameter:
------------------------------------------------------
   Z          chi/Eh     kcn/Eh     eta/Eh     rad/AA
------------------------------------------------------
  91 Pa       1.0721     0.0037     0.5511     0.7643
  16 S        1.4077     0.0713     0.5171     1.1581
   6 C        1.4003     0.0601     0.6166     0.9994
   7 N        1.5582     0.0928     0.6565     0.6998
   8 O        1.5687     0.1169     0.6793     0.6518
   1 H        1.2370     0.0492     1.0964     0.2919
  53 I        1.4034     0.0897     0.3054     2.0116
------------------------------------------------------

Electrostatic properties (in atomic units):
--------------------------------------------------
     #    Z              CN          q        chi
--------------------------------------------------
     1   91 Pa       4.9716     1.0489     1.0638
     2   16 S        1.0151     0.1375     1.3359
     3    6 C        2.1031     0.2397     1.3132
     4    7 N        2.0116    -0.3984     1.4266
     5    8 O        2.9207    -0.5266     1.3689
     6    1 H        0.9969     0.3188     1.1879
     7    1 H        0.9944     0.3270     1.1879
     8    8 O        0.9993    -0.1911     1.4518
     9   16 S        2.0544     0.4412     1.3055
    10    8 O        0.9994    -0.3698     1.4518
    11    8 O        1.9193    -0.2660     1.4067
    12   53 I        0.9936     0.2388     1.3140
--------------------------------------------------
     Σ                          1.0000
--------------------------------------------------

Electrostatic energy:    3.9676211739913E-01 Eh

[Info] JSON dump of results written to 'multicharge.json'
