[Info] Molecular charge read from './.CHRG'
[Info] Molecular spin read from './.UHF'
xTB calculator
 | Coulomb electrostatics
 |  * isotropic Klopman-Ohno electrostatics
 |  * onsite third-order electrostatics
CEH guess
integral cutoff           3.7432403240289E+01 bohr

Atomic charges (in atomic units):
---------------------------------------------------------
     #    Z                 q
---------------------------------------------------------
     1   93 Np       0.962015
     2    7 N       -0.090090
     3    6 C       -0.012666
     4    6 C       -0.006156
     5    7 N       -0.112886
     6    6 C       -0.005677
     7    6 C       -0.006857
     8    7 N       -0.122128
     9    1 H        0.140847
    10    1 H        0.131828
    11    1 H        0.078631
    12    1 H        0.045292
    13    1 H        0.068430
    14    1 H        0.076298
    15    1 H        0.145219
    16    1 H        0.065954
    17    1 H        0.075759
    18    1 H        0.078323
    19    1 H        0.055141
    20    1 H        0.128578
    21    1 H        0.143917
    22    6 C        0.131715
    23    8 O        0.210866
    24    6 C       -0.086801
    25    6 C        0.205414
    26    7 N       -0.026121
    27    1 H        0.087420
    28    1 H        0.082588
    29    1 H        0.081441
    30    8 O       -0.411180
    31   16 S        0.609706
    32    8 O       -0.400790
    33    8 O       -0.324032
---------------------------------------------------------

Atomic dipole moments (in atomic units):
---------------------------------------------------------
     #    Z                 x            y            z
---------------------------------------------------------
     1   93 Np      -0.493444     0.948742     0.726371
     2    7 N       -0.132151    -0.047123     0.232470
     3    6 C        0.183635    -0.061792    -0.104272
     4    6 C        0.047543     0.022979    -0.229963
     5    7 N       -0.105092     0.174799     0.203247
     6    6 C        0.030335    -0.230108     0.028871
     7    6 C        0.148302    -0.128346    -0.116318
     8    7 N       -0.171488     0.218644    -0.021941
     9    1 H       -0.059953    -0.088639    -0.029553
    10    1 H        0.088515    -0.019941     0.069543
    11    1 H       -0.033341    -0.060459     0.102188
    12    1 H       -0.100293     0.024754    -0.083263
    13    1 H        0.101775    -0.024753     0.074778
    14    1 H       -0.081254     0.081749     0.047309
    15    1 H        0.088800     0.026910     0.024589
    16    1 H        0.093764     0.058084    -0.070667
    17    1 H       -0.039621     0.062332     0.100383
    18    1 H       -0.046239     0.101832    -0.053574
    19    1 H       -0.087283    -0.071712     0.066205
    20    1 H        0.063052     0.065803    -0.064585
    21    1 H       -0.091202    -0.051756    -0.044432
    22    6 C        0.025405    -0.107741     0.006561
    23    8 O        0.050607    -0.064768    -0.021771
    24    6 C        0.003885     0.004625     0.013188
    25    6 C       -0.029103    -0.072989    -0.194603
    26    7 N       -0.029241     0.008880     0.070024
    27    1 H        0.142781    -0.011117    -0.050496
    28    1 H       -0.078673     0.104052    -0.073359
    29    1 H       -0.069851    -0.132186     0.008301
    30    8 O        0.081507    -0.067902     0.015166
    31   16 S        0.042072     0.054465     0.028972
    32    8 O        0.009952     0.039718    -0.096964
    33    8 O        0.010753     0.081275     0.075412
---------------------------------------------------------
           total    -1.591568    -0.418270    -0.114660
---------------------------------------------------------

[Info] JSON dump of results written to 'tblite.json'
