[Info] Molecular spin read from './.UHF'
xTB calculator
 | Coulomb electrostatics
 |  * isotropic Klopman-Ohno electrostatics
 |  * onsite third-order electrostatics
CEH guess
integral cutoff           4.0000000000000E+01 bohr

Atomic charges (in atomic units):
---------------------------------------------------------
     #    Z                 q
---------------------------------------------------------
     1   95 Am       0.873008
     2   16 S       -0.437250
     3   16 S       -0.435758
---------------------------------------------------------

Atomic dipole moments (in atomic units):
---------------------------------------------------------
     #    Z                 x            y            z
---------------------------------------------------------
     1   95 Am      -0.586646    -1.655871     0.886062
     2   16 S       -0.005247     0.021124    -0.003628
     3   16 S        0.015934     0.008702    -0.012404
---------------------------------------------------------
           total    -1.458533    -4.097321     2.196664
---------------------------------------------------------

[Info] JSON dump of results written to 'tblite.json'
