Charge model parameter:
------------------------------------------------------
   Z          chi/Eh     kcn/Eh     eta/Eh     rad/AA
------------------------------------------------------
  92 U        1.0982     0.0042     0.6173     0.6828
   6 C        1.4003     0.0601     0.6166     0.9994
   8 O        1.5687     0.1169     0.6793     0.6518
   1 H        1.2370     0.0492     1.0964     0.2919
  16 S        1.4077     0.0713     0.5171     1.1581
------------------------------------------------------

Electrostatic properties (in atomic units):
--------------------------------------------------
     #    Z              CN          q        chi
--------------------------------------------------
     1   92 U        7.7962     0.7824     1.0866
     2    6 C        3.0144    -0.0879     1.2960
     3    6 C        3.0124    -0.0901     1.2961
     4    6 C        3.0163    -0.0730     1.2960
     5    6 C        3.0200     0.0124     1.2959
     6    6 C        3.0161    -0.0727     1.2960
     7    6 C        3.0124    -0.0896     1.2961
     8    6 C        3.8454     0.2595     1.2825
     9    8 O        1.9710    -0.3291     1.4045
    10    8 O        1.9722    -0.3289     1.4045
    11    1 H        0.9928     0.1218     1.1880
    12    1 H        0.9929     0.1232     1.1880
    13    1 H        0.9929     0.1434     1.1880
    14    1 H        0.9929     0.1440     1.1880
    15    1 H        0.9929     0.1237     1.1880
    16    8 O        1.9888    -0.3124     1.4038
    17   16 S        3.9049     0.4717     1.2669
    18    8 O        1.9896    -0.3235     1.4038
    19    8 O        1.0032    -0.4176     1.4516
    20    8 O        2.9188    -0.5077     1.3690
    21    1 H        1.0141     0.3201     1.1874
    22    1 H        1.0055     0.2740     1.1877
    23    6 C        3.0143    -0.0880     1.2960
    24    6 C        3.0124    -0.0899     1.2961
    25    6 C        3.0162    -0.0726     1.2960
    26    6 C        3.0197     0.0116     1.2959
    27    6 C        3.0164    -0.0742     1.2960
    28    6 C        3.0124    -0.0902     1.2961
    29    6 C        3.8361     0.2633     1.2827
    30    8 O        1.9759    -0.3264     1.4043
    31    8 O        1.9567    -0.3316     1.4051
    32    1 H        0.9928     0.1217     1.1880
    33    1 H        0.9929     0.1234     1.1880
    34    1 H        0.9929     0.1440     1.1880
    35    1 H        0.9929     0.1420     1.1880
    36    1 H        0.9929     0.1231     1.1880
--------------------------------------------------
     Σ                         -0.0000
--------------------------------------------------

Electrostatic energy:   -3.5209059237935E-01 Eh

[Info] JSON dump of results written to 'multicharge.json'
