[Info] Molecular charge read from './.CHRG'
[Info] Molecular spin read from './.UHF'
xTB calculator
 | Coulomb electrostatics
 |  * isotropic Klopman-Ohno electrostatics
 |  * onsite third-order electrostatics
CEH guess
integral cutoff           3.7432403240289E+01 bohr

Atomic charges (in atomic units):
---------------------------------------------------------
     #    Z                 q
---------------------------------------------------------
     1   93 Np      -0.115172
     2    7 N       -0.120470
     3    6 C       -0.004215
     4    6 C        0.005708
     5    7 N       -0.128972
     6    1 H        0.117651
     7    1 H        0.133947
     8    1 H        0.058048
     9    1 H        0.088653
    10    1 H        0.086913
    11    1 H        0.067964
    12    1 H        0.105929
    13    1 H        0.146503
    14    8 O       -0.255280
    15    1 H        0.098715
    16    1 H        0.142124
    17    6 C       -0.033273
    18    8 O       -0.340333
    19    1 H        0.063861
    20    1 H        0.024584
    21    1 H        0.065435
    22    7 N       -0.128220
    23    1 H        0.127435
    24    1 H        0.121967
    25    1 H        0.131886
    26    6 C       -0.122079
    27   15 P        0.178881
    28    6 C       -0.110824
    29    6 C       -0.113679
    30    1 H        0.050873
    31    1 H        0.051445
    32    1 H        0.053486
    33    1 H        0.053791
    34    1 H        0.042649
    35    1 H        0.057454
    36    1 H        0.052479
    37    1 H        0.055197
    38    1 H        0.053814
    39    7 N       -0.134828
    40    1 H        0.148330
    41    1 H        0.130761
    42    1 H        0.119644
    43   16 S       -0.163945
    44    6 C       -0.045065
    45    7 N       -0.159489
    46    7 N       -0.105785
    47    1 H        0.119202
    48    1 H        0.114796
    49    1 H        0.132326
    50    7 N       -0.249909
    51    7 N        0.179328
    52    7 N        0.149760
---------------------------------------------------------

Atomic dipole moments (in atomic units):
---------------------------------------------------------
     #    Z                 x            y            z
---------------------------------------------------------
     1   93 Np       0.553207    -0.682229    -0.917249
     2    7 N       -0.076298     0.098681    -0.256107
     3    6 C        0.056858     0.102496     0.207770
     4    6 C        0.123420    -0.074388     0.208220
     5    7 N       -0.194007    -0.073559    -0.173534
     6    1 H       -0.059646     0.080221     0.028117
     7    1 H        0.096337     0.011250    -0.043757
     8    1 H        0.064890    -0.112227    -0.013272
     9    1 H       -0.014252     0.072490    -0.101790
    10    1 H       -0.058007    -0.087068    -0.070693
    11    1 H       -0.066647     0.107138     0.020434
    12    1 H        0.009090    -0.089253    -0.013600
    13    1 H       -0.082860     0.048710     0.045388
    14    8 O        0.086548    -0.038158    -0.105626
    15    1 H        0.090258     0.051426    -0.039641
    16    1 H       -0.011522    -0.106136    -0.073374
    17    6 C       -0.223247     0.023814     0.175523
    18    8 O        0.093175    -0.006991    -0.068893
    19    1 H        0.088155    -0.102956     0.030286
    20    1 H        0.070135     0.115266     0.007357
    21    1 H       -0.031795    -0.017668    -0.134155
    22    7 N        0.258158    -0.046481     0.118604
    23    1 H        0.029623    -0.115761    -0.035290
    24    1 H       -0.033134     0.021374     0.119100
    25    1 H        0.077612     0.083882    -0.050433
    26    6 C       -0.015702     0.035103    -0.048475
    27   15 P       -0.079277    -0.009693     0.041658
    28    6 C        0.047308     0.023726     0.026118
    29    6 C        0.028976    -0.049717    -0.026419
    30    1 H       -0.117862    -0.007548     0.088704
    31    1 H        0.117296     0.065402     0.075974
    32    1 H        0.033617    -0.141454    -0.051727
    33    1 H       -0.088672    -0.044103     0.113723
    34    1 H        0.055982    -0.120524    -0.078744
    35    1 H       -0.078116     0.095660    -0.089798
    36    1 H       -0.093487    -0.070118     0.094507
    37    1 H       -0.075948     0.081821    -0.106975
    38    1 H        0.103341     0.087780     0.075776
    39    7 N        0.004083    -0.263695     0.081758
    40    1 H       -0.025063     0.011608     0.124780
    41    1 H        0.114514    -0.028860    -0.029026
    42    1 H       -0.072368    -0.055907    -0.063835
    43   16 S        0.001758     0.028435     0.015802
    44    6 C        0.129678     0.050429     0.039388
    45    7 N        0.048955    -0.011047     0.013003
    46    7 N        0.131210     0.245208     0.030387
    47    1 H        0.022059    -0.003948     0.123267
    48    1 H       -0.081001     0.080764    -0.030665
    49    1 H        0.101844     0.001011    -0.078234
    50    7 N       -0.072255     0.160213     0.396897
    51    7 N        0.051391    -0.075672    -0.182484
    52    7 N        0.096350    -0.119173    -0.259337
---------------------------------------------------------
           total     2.477642    -0.989302     0.163653
---------------------------------------------------------

[Info] JSON dump of results written to 'tblite.json'
