xTB calculator
 | Coulomb electrostatics
 |  * isotropic Klopman-Ohno electrostatics
 |  * onsite third-order electrostatics
CEH guess
integral cutoff           2.2843592577975E+01 bohr

Atomic charges (in atomic units):
---------------------------------------------------------
     #    Z                 q
---------------------------------------------------------
     1   91 Pa       0.988433
     2    1 H       -0.187699
     3    1 H       -0.209317
     4    1 H       -0.194251
     5    1 H       -0.209552
     6    1 H       -0.187614
---------------------------------------------------------

Atomic dipole moments (in atomic units):
---------------------------------------------------------
     #    Z                 x            y            z
---------------------------------------------------------
     1   91 Pa      -0.904542    -0.592772     0.483797
     2    1 H        0.064891     0.058888     0.203371
     3    1 H        0.104471     0.043957    -0.161842
     4    1 H       -0.106519    -0.193235    -0.005031
     5    1 H        0.185331    -0.003016    -0.068205
     6    1 H       -0.134167     0.174228    -0.026352
---------------------------------------------------------
           total    -1.270714    -0.776698     0.706869
---------------------------------------------------------

[Info] JSON dump of results written to 'tblite.json'
