Charge model parameter:
------------------------------------------------------
   Z          chi/Eh     kcn/Eh     eta/Eh     rad/AA
------------------------------------------------------
  91 Pa       1.0721     0.0037     0.5511     0.7643
  50 Sn       1.1245    -0.0303     0.4567     1.0454
  19 K        0.4037    -0.1022     0.9145     0.8703
  34 Se       1.3649     0.0656     0.4617     1.1999
------------------------------------------------------

Electrostatic properties (in atomic units):
--------------------------------------------------
     #    Z              CN          q        chi
--------------------------------------------------
     1   91 Pa       2.8667     0.2424     1.0658
     2   50 Sn       1.9253    -0.3070     1.1666
     3   19 K        2.7539     0.7122     0.5733
     4   34 Se       1.9427    -0.6475     1.2734
--------------------------------------------------
     Σ                          0.0000
--------------------------------------------------

Electrostatic energy:   -2.5804918446948E-01 Eh

[Info] JSON dump of results written to 'multicharge.json'
