[Info] Molecular charge read from './.CHRG'
xTB calculator
 | Coulomb electrostatics
 |  * isotropic Klopman-Ohno electrostatics
 |  * onsite third-order electrostatics
CEH guess
integral cutoff           4.0000000000000E+01 bohr

Atomic charges (in atomic units):
---------------------------------------------------------
     #    Z                 q
---------------------------------------------------------
     1  103 Lr       0.693363
     2    6 C        0.000862
     3    6 C       -0.028184
     4    6 C       -0.009118
     5    6 C       -0.056644
     6    6 C       -0.009312
     7    6 C       -0.027941
     8    6 C        0.122597
     9    8 O       -0.312235
    10    8 O       -0.307747
    11    1 H        0.025020
    12    1 H        0.014939
    13    1 H        0.013783
    14    1 H        0.014101
    15    1 H        0.015211
    16   17 Cl      -0.460968
    17    7 N       -0.080203
    18    1 H        0.075507
    19    1 H        0.064854
    20    1 H        0.065762
    21    8 O       -0.482863
    22   16 S        0.251172
    23    8 O       -0.392923
    24    8 O       -0.480227
    25   16 S       -0.417147
    26    6 C       -0.022872
    27    7 N       -0.268787
---------------------------------------------------------

Atomic dipole moments (in atomic units):
---------------------------------------------------------
     #    Z                 x            y            z
---------------------------------------------------------
     1  103 Lr       0.067179    -0.307922     0.088051
     2    6 C        0.000983    -0.001293    -0.003758
     3    6 C       -0.010617    -0.003512     0.001912
     4    6 C        0.000116    -0.007618    -0.025819
     5    6 C        0.004323    -0.005880    -0.024636
     6    6 C        0.008753    -0.004623    -0.024855
     7    6 C        0.009972     0.004382     0.003616
     8    6 C       -0.004633    -0.002880     0.001465
     9    8 O        0.092833     0.048478     0.044068
    10    8 O       -0.105675    -0.027779     0.026530
    11    1 H       -0.022255     0.031355     0.131186
    12    1 H        0.095870     0.056511     0.068735
    13    1 H        0.113357     0.022544    -0.066954
    14    1 H       -0.088428    -0.056677    -0.082474
    15    1 H       -0.116663    -0.027066     0.052792
    16   17 Cl       0.033350    -0.086385     0.025008
    17    7 N        0.145917    -0.349270     0.091255
    18    1 H       -0.048118    -0.044083    -0.073077
    19    1 H       -0.046194    -0.003606     0.105745
    20    1 H        0.112311     0.026807    -0.017217
    21    8 O       -0.097876    -0.055725     0.053187
    22   16 S        0.046130     0.112725     0.084312
    23    8 O       -0.012927     0.084576    -0.007120
    24    8 O        0.089274    -0.039269    -0.076447
    25   16 S        0.109961     0.010534    -0.006714
    26    6 C       -0.003620     0.001123     0.002425
    27    7 N        0.086938     0.005273    -0.001169
---------------------------------------------------------
           total    -2.336227    -2.727484     5.021553
---------------------------------------------------------

[Info] JSON dump of results written to 'tblite.json'
