[Info] Molecular charge read from '.CHRG'

Charge model parameter:
------------------------------------------------------
   Z          chi/Eh     kcn/Eh     eta/Eh     rad/AA
------------------------------------------------------
  96 Cm       1.1100     0.0071     0.5609     0.7515
  12 Mg       0.7237    -0.0771     0.6936     0.6474
  32 Ge       1.1539    -0.0269     0.5152     1.0516
   1 H        1.2370     0.0492     1.0964     0.2919
  33 As       1.3631     0.0766     0.5208     1.2766
  35 Br       1.3980     0.0801     0.3934     1.5631
------------------------------------------------------

Electrostatic properties (in atomic units):
--------------------------------------------------
     #    Z              CN          q        chi
--------------------------------------------------
     1   96 Cm       4.3888     0.1617     1.0951
     2   12 Mg       2.4445     0.4730     0.8443
     3   32 Ge       0.9034    -0.4974     1.1795
     4    1 H        0.9104    -0.1767     1.1900
     5   33 As       1.9780    -0.7655     1.2554
     6   35 Br       1.7954    -1.1951     1.2907
--------------------------------------------------
     Σ                         -2.0000
--------------------------------------------------

Electrostatic energy:   -1.3620518324680E+00 Eh

[Info] JSON dump of results written to 'multicharge.json'
