[Info] Molecular charge read from './.CHRG'
xTB calculator
 | Coulomb electrostatics
 |  * isotropic Klopman-Ohno electrostatics
 |  * onsite third-order electrostatics
CEH guess
integral cutoff           4.0000000000000E+01 bohr

Atomic charges (in atomic units):
---------------------------------------------------------
     #    Z                 q
---------------------------------------------------------
     1  103 Lr       0.715873
     2    7 N        0.269836
     3    8 O       -0.230863
     4    8 O       -0.235016
     5    8 O       -0.245916
     6    6 C       -0.076996
     7    6 C        0.176158
     8    8 O       -0.292521
     9    8 O       -0.297858
    10    7 N       -0.044182
    11    1 H        0.015791
    12    1 H        0.073009
    13    1 H        0.066671
    14    1 H        0.063850
    15   16 S       -0.340654
    16    6 C        0.020523
    17    7 N       -0.286281
    18   16 S       -0.478516
    19    6 C       -0.054110
    20    7 N       -0.387428
    21    7 N       -0.035874
    22    1 H        0.071325
    23    1 H        0.052149
    24    1 H        0.077353
    25    6 C       -0.349792
    26    7 N       -0.246529
---------------------------------------------------------

Atomic dipole moments (in atomic units):
---------------------------------------------------------
     #    Z                 x            y            z
---------------------------------------------------------
     1  103 Lr       0.127167     0.126246    -0.007777
     2    7 N       -0.000205    -0.038446    -0.009230
     3    8 O        0.029453    -0.227290    -0.064108
     4    8 O        0.179068     0.157661    -0.060165
     5    8 O       -0.207913     0.061518     0.121762
     6    6 C       -0.153690     0.090671    -0.019878
     7    6 C       -0.115830     0.031054    -0.004019
     8    8 O       -0.075276     0.019214     0.017814
     9    8 O        0.058523    -0.001307     0.075518
    10    7 N        0.264391     0.090694     0.242574
    11    1 H        0.087617     0.058508     0.048670
    12    1 H       -0.035341    -0.106687     0.036581
    13    1 H        0.022240     0.084902    -0.037268
    14    1 H       -0.048956    -0.033977     0.071001
    15   16 S        0.028596     0.003593     0.126055
    16    6 C       -0.011111    -0.004295    -0.040679
    17    7 N        0.011312    -0.004051     0.099289
    18   16 S        0.051051     0.024742     0.045818
    19    6 C        0.043253     0.012453     0.044436
    20    7 N        0.048695     0.022643     0.044053
    21    7 N       -0.196913     0.065719    -0.324747
    22    1 H        0.029070    -0.078108    -0.067377
    23    1 H        0.028176     0.065307    -0.007095
    24    1 H       -0.102953    -0.002210     0.021725
    25    6 C        0.043539     0.133211     0.088470
    26    7 N       -0.018542    -0.035579    -0.029358
---------------------------------------------------------
           total     3.368173     0.795298     4.545303
---------------------------------------------------------

[Info] JSON dump of results written to 'tblite.json'
