Charge model parameter:
------------------------------------------------------
   Z          chi/Eh     kcn/Eh     eta/Eh     rad/AA
------------------------------------------------------
  98 Cf       1.0089     0.0039     0.6196     0.6803
  11 Na       0.5594    -0.1000     0.8641     0.6787
  33 As       1.3631     0.0766     0.5208     1.2766
  51 Sb       1.2164     0.0142     0.4795     1.0458
  15 P        1.5267     0.1425     0.7308     0.7313
------------------------------------------------------

Electrostatic properties (in atomic units):
--------------------------------------------------
     #    Z              CN          q        chi
--------------------------------------------------
     1   98 Cf       3.4294     0.3260     1.0017
     2   11 Na       3.1569     0.5715     0.7371
     3   33 As       2.9222    -0.3980     1.2322
     4   51 Sb       3.5714    -0.1496     1.1896
     5   15 P        2.9467    -0.3500     1.2821
--------------------------------------------------
     Σ                          0.0000
--------------------------------------------------

Electrostatic energy:   -1.8461506496530E-01 Eh

[Info] JSON dump of results written to 'multicharge.json'
