[Info] Molecular spin read from './.UHF'
xTB calculator
 | Coulomb electrostatics
 |  * isotropic Klopman-Ohno electrostatics
 |  * onsite third-order electrostatics
CEH guess
integral cutoff           4.0000000000000E+01 bohr

Atomic charges (in atomic units):
---------------------------------------------------------
     #    Z                 q
---------------------------------------------------------
     1  103 Lr       0.674593
     2    1 H       -0.337297
     3    1 H       -0.337296
---------------------------------------------------------

Atomic dipole moments (in atomic units):
---------------------------------------------------------
     #    Z                 x            y            z
---------------------------------------------------------
     1  103 Lr      -0.104749    -0.295254     0.158079
     2    1 H        0.058350     0.006605    -0.037302
     3    1 H       -0.034597     0.060334     0.001460
---------------------------------------------------------
           total    -0.500578    -1.410858     0.755398
---------------------------------------------------------

[Info] JSON dump of results written to 'tblite.json'
