[Info] Molecular charge read from '.CHRG'

Charge model parameter:
------------------------------------------------------
   Z          chi/Eh     kcn/Eh     eta/Eh     rad/AA
------------------------------------------------------
  97 Bk       1.1683     0.0046     0.5532     0.7618
   6 C        1.4003     0.0601     0.6166     0.9994
   7 N        1.5582     0.0928     0.6565     0.6998
   1 H        1.2370     0.0492     1.0964     0.2919
   8 O        1.5687     0.1169     0.6793     0.6518
------------------------------------------------------

Electrostatic properties (in atomic units):
--------------------------------------------------
     #    Z              CN          q        chi
--------------------------------------------------
     1   97 Bk       4.2082     0.7249     1.1588
     2    6 C        3.0703     0.1200     1.2951
     3    6 C        3.1637     0.0847     1.2935
     4    7 N        2.9723    -0.3133     1.3982
     5    6 C        3.1589     0.0819     1.2936
     6    6 C        3.0704     0.1178     1.2951
     7    7 N        2.0160    -0.2863     1.4264
     8    1 H        0.9926     0.1881     1.1880
     9    1 H        0.9926     0.1721     1.1880
    10    1 H        0.9927     0.1674     1.1880
    11    1 H        0.9926     0.1860     1.1880
    12    8 O        1.9918    -0.4499     1.4037
    13    1 H        1.0117     0.3457     1.1875
    14    8 O        2.9185    -0.4958     1.3690
    15    1 H        0.9939     0.3161     1.1879
    16    1 H        0.9980     0.3127     1.1878
    17    7 N        2.0020    -0.2430     1.4269
    18    7 N        2.0933     0.0969     1.4239
    19    7 N        1.0053    -0.1259     1.4652
--------------------------------------------------
     Σ                          1.0000
--------------------------------------------------

Electrostatic energy:    4.0932242743981E-01 Eh

[Info] JSON dump of results written to 'multicharge.json'
