Charge model parameter:
------------------------------------------------------
   Z          chi/Eh     kcn/Eh     eta/Eh     rad/AA
------------------------------------------------------
 102 No       1.1434     0.0135     0.6305     0.6695
   6 C        1.4003     0.0601     0.6166     0.9994
   7 N        1.5582     0.0928     0.6565     0.6998
   8 O        1.5687     0.1169     0.6793     0.6518
  15 P        1.5267     0.1425     0.7308     0.7313
   1 H        1.2370     0.0492     1.0964     0.2919
   9 F        1.5754     0.1570     0.7723     0.9393
------------------------------------------------------

Electrostatic properties (in atomic units):
--------------------------------------------------
     #    Z              CN          q        chi
--------------------------------------------------
     1  102 No       5.1653     0.4976     1.1127
     2    6 C        1.9520     0.0336     1.3164
     3    7 N        1.9724    -0.3779     1.4279
     4    6 C        4.1890    -0.0799     1.2774
     5    8 O        1.9891    -0.3217     1.4038
     6   15 P        4.6625     0.3290     1.2190
     7    8 O        1.9888    -0.3225     1.4038
     8    6 C        4.1922    -0.0786     1.2773
     9    8 O        1.9903    -0.3191     1.4037
    10    6 C        4.1928    -0.0763     1.2773
    11    1 H        0.9922     0.1189     1.1880
    12    1 H        0.9917     0.1250     1.1880
    13    1 H        0.9910     0.1064     1.1880
    14    1 H        0.9921     0.1188     1.1880
    15    1 H        0.9917     0.1253     1.1880
    16    1 H        0.9921     0.1243     1.1880
    17    1 H        0.9921     0.1197     1.1880
    18    1 H        0.9914     0.1227     1.1880
    19    1 H        0.9908     0.1137     1.1880
    20    9 F        0.9984    -0.3130     1.4185
    21    6 C        3.0730     0.0545     1.2950
    22    6 C        3.2792     0.0368     1.2915
    23    7 N        2.9867    -0.3495     1.3978
    24    6 C        3.1812     0.0264     1.2932
    25    6 C        3.0729     0.0533     1.2950
    26    7 N        2.0149    -0.3704     1.4265
    27    1 H        0.9925     0.1251     1.1880
    28    1 H        0.9943     0.1381     1.1879
    29    1 H        0.9926     0.1171     1.1880
    30    1 H        0.9925     0.1226     1.1880
--------------------------------------------------
     Σ                          0.0000
--------------------------------------------------

Electrostatic energy:   -2.7907807752822E-01 Eh

[Info] JSON dump of results written to 'multicharge.json'
