Charge model parameter:
------------------------------------------------------
   Z          chi/Eh     kcn/Eh     eta/Eh     rad/AA
------------------------------------------------------
  98 Cf       1.0089     0.0039     0.6196     0.6803
   3 Li       0.5434    -0.1235     0.9742     0.4791
   1 H        1.2370     0.0492     1.0964     0.2919
------------------------------------------------------

Electrostatic properties (in atomic units):
--------------------------------------------------
     #    Z              CN          q        chi
--------------------------------------------------
     1   98 Cf       2.4148    -0.1947     1.0028
     2    3 Li       1.2280     0.2328     0.6803
     3    3 Li       1.0982     0.2407     0.6728
     4    1 H        0.9404    -0.2787     1.1893
--------------------------------------------------
     Σ                         -0.0000
--------------------------------------------------

Electrostatic energy:   -1.0324449259993E-01 Eh

[Info] JSON dump of results written to 'multicharge.json'
