[Info] Molecular charge read from '.CHRG'

Charge model parameter:
------------------------------------------------------
   Z          chi/Eh     kcn/Eh     eta/Eh     rad/AA
------------------------------------------------------
  95 Am       1.0010     0.0051     0.6915     0.6095
  15 P        1.5267     0.1425     0.7308     0.7313
  16 S        1.4077     0.0713     0.5171     1.1581
------------------------------------------------------

Electrostatic properties (in atomic units):
--------------------------------------------------
     #    Z              CN          q        chi
--------------------------------------------------
     1   95 Am       1.9566    -0.6814     0.9939
     2   15 P        0.9760    -1.7632     1.3859
     3   16 S        0.9815    -2.5554     1.3371
--------------------------------------------------
     Σ                         -5.0000
--------------------------------------------------

Electrostatic energy:   -3.2688537075877E+00 Eh

[Info] JSON dump of results written to 'multicharge.json'
