[Info] Molecular charge read from './.CHRG'
[Info] Molecular spin read from './.UHF'
xTB calculator
 | Coulomb electrostatics
 |  * isotropic Klopman-Ohno electrostatics
 |  * onsite third-order electrostatics
CEH guess
integral cutoff           4.0000000000000E+01 bohr

Atomic charges (in atomic units):
---------------------------------------------------------
     #    Z                 q
---------------------------------------------------------
     1   94 Pu       1.003155
     2    6 C        0.013595
     3    6 C       -0.012457
     4    6 C        0.029265
     5    7 N       -0.034506
     6    6 C        0.035981
     7    6 C       -0.014111
     8    1 H        0.042988
     9    1 H        0.051388
    10    1 H        0.046899
    11    1 H        0.047188
    12    1 H        0.050437
    13    6 C        0.012578
    14    8 O       -0.134738
    15    6 C       -0.007216
    16    6 C       -0.038734
    17    6 C        0.003822
    18    6 C        0.006630
    19    6 C        0.002081
    20    6 C       -0.039832
    21    6 C        0.228546
    22    8 O       -0.194842
    23    8 O       -0.190094
    24    1 H        0.043067
    25    1 H        0.040093
    26    1 H        0.033530
    27    1 H        0.031986
    28    1 H        0.039071
    29   17 Cl      -0.124992
    30    6 C        0.024436
    31    8 O       -0.136326
    32    1 H        0.050709
    33    1 H        0.044420
    34    1 H        0.045984
---------------------------------------------------------

Atomic dipole moments (in atomic units):
---------------------------------------------------------
     #    Z                 x            y            z
---------------------------------------------------------
     1   94 Pu      -0.393555     0.744485     0.527177
     2    6 C        0.015019    -0.004940     0.000501
     3    6 C        0.007879    -0.016922    -0.019039
     4    6 C        0.066509    -0.114716    -0.129140
     5    7 N       -0.233238     0.076716    -0.007274
     6    6 C        0.115607     0.063210     0.141279
     7    6 C        0.010807     0.008903     0.021233
     8    1 H       -0.129547     0.038128    -0.003998
     9    1 H       -0.043158     0.084468     0.097478
    10    1 H        0.091402     0.042982     0.095878
    11    1 H        0.055057    -0.083929    -0.100024
    12    1 H       -0.075820    -0.049004    -0.101796
    13    6 C       -0.210875    -0.094307     0.032446
    14    8 O       -0.019965     0.032237    -0.009836
    15    6 C       -0.011011    -0.015016    -0.012393
    16    6 C        0.011094    -0.003841    -0.011497
    17    6 C        0.003193    -0.022995    -0.032529
    18    6 C       -0.017058    -0.020799    -0.018479
    19    6 C       -0.034056    -0.019017    -0.003386
    20    6 C       -0.014267    -0.000973     0.007903
    21    6 C       -0.030650    -0.057651    -0.052115
    22    8 O       -0.047638     0.040994     0.075047
    23    8 O        0.091826     0.022094    -0.022929
    24    1 H        0.067763     0.091492     0.072269
    25    1 H       -0.057167     0.055192     0.107259
    26    1 H       -0.127825    -0.037305     0.036457
    27    1 H        0.056985    -0.059576    -0.111286
    28    1 H        0.123553     0.033805    -0.036249
    29   17 Cl      -0.002757     0.005162     0.006469
    30    6 C        0.191622     0.148757    -0.030891
    31    8 O       -0.001385    -0.077439     0.012868
    32    1 H        0.068796    -0.116783     0.058559
    33    1 H       -0.051011    -0.024960    -0.132734
    34    1 H       -0.091486     0.068657     0.089910
---------------------------------------------------------
           total    -2.436721     3.213119    -0.085461
---------------------------------------------------------

[Info] JSON dump of results written to 'tblite.json'
