[Info] Molecular spin read from './.UHF'
xTB calculator
 | Coulomb electrostatics
 |  * isotropic Klopman-Ohno electrostatics
 |  * onsite third-order electrostatics
CEH guess
integral cutoff           2.2843592577975E+01 bohr

Atomic charges (in atomic units):
---------------------------------------------------------
     #    Z                 q
---------------------------------------------------------
     1   91 Pa       0.695445
     2   17 Cl      -0.173948
     3   17 Cl      -0.173742
     4   17 Cl      -0.173917
     5   17 Cl      -0.173837
---------------------------------------------------------

Atomic dipole moments (in atomic units):
---------------------------------------------------------
     #    Z                 x            y            z
---------------------------------------------------------
     1   91 Pa       0.000251     0.003859    -0.000135
     2   17 Cl      -0.028013    -0.023914     0.001675
     3   17 Cl      -0.012823     0.033296    -0.009337
     4   17 Cl       0.016451     0.002028     0.032920
     5   17 Cl       0.024398    -0.011231    -0.025284
---------------------------------------------------------
           total     0.000337     0.005692     0.000367
---------------------------------------------------------

[Info] JSON dump of results written to 'tblite.json'
