[Info] Molecular charge read from './.CHRG'
[Info] Molecular spin read from './.UHF'
xTB calculator
 | Coulomb electrostatics
 |  * isotropic Klopman-Ohno electrostatics
 |  * onsite third-order electrostatics
CEH guess
integral cutoff           4.0000000000000E+01 bohr

Atomic charges (in atomic units):
---------------------------------------------------------
     #    Z                 q
---------------------------------------------------------
     1   94 Pu      -1.431589
     2   16 S       -0.709549
     3    3 Li       0.275657
     4   12 Mg      -0.252086
     5   33 As      -0.882433
---------------------------------------------------------

Atomic dipole moments (in atomic units):
---------------------------------------------------------
     #    Z                 x            y            z
---------------------------------------------------------
     1   94 Pu       0.994045    -0.682259    -0.839241
     2   16 S        0.020949     0.020610     0.001326
     3    3 Li      -0.016009    -0.929581     0.183356
     4   12 Mg      -0.247389    -0.044773    -0.492270
     5   33 As      -0.135124    -0.048014     0.055116
---------------------------------------------------------
           total    -4.973249    -2.975691    -1.939126
---------------------------------------------------------

[Info] JSON dump of results written to 'tblite.json'
