Charge model parameter:
------------------------------------------------------
   Z          chi/Eh     kcn/Eh     eta/Eh     rad/AA
------------------------------------------------------
 100 Fm       1.0767     0.0040     0.5988     0.7039
   6 C        1.4003     0.0601     0.6166     0.9994
   8 O        1.5687     0.1169     0.6793     0.6518
   1 H        1.2370     0.0492     1.0964     0.2919
   7 N        1.5582     0.0928     0.6565     0.6998
  15 P        1.5267     0.1425     0.7308     0.7313
  53 I        1.4034     0.0897     0.3054     2.0116
------------------------------------------------------

Electrostatic properties (in atomic units):
--------------------------------------------------
     #    Z              CN          q        chi
--------------------------------------------------
     1  100 Fm       7.3836     0.8171     1.0658
     2    6 C        3.9604    -0.1912     1.2808
     3    6 C        3.1951     0.1037     1.2929
     4    6 C        3.0083    -0.0850     1.2961
     5    6 C        3.2012     0.1007     1.2928
     6    8 O        1.9867    -0.3539     1.4039
     7    6 C        3.9604    -0.1927     1.2808
     8    8 O        1.9867    -0.3330     1.4039
     9    1 H        0.9922     0.0959     1.1880
    10    1 H        0.9915     0.1202     1.1880
    11    1 H        0.9916     0.1106     1.1880
    12    1 H        0.9932     0.1018     1.1880
    13    1 H        0.9922     0.0958     1.1880
    14    1 H        0.9916     0.1079     1.1880
    15    1 H        0.9915     0.1200     1.1880
    16    7 N        2.9667    -0.0385     1.3984
    17    8 O        1.0038    -0.2621     1.4515
    18    8 O        1.9735    -0.2379     1.4044
    19    6 C        3.9575    -0.2371     1.2808
    20   15 P        4.3795     0.2097     1.2285
    21    8 O        1.9770    -0.3978     1.4043
    22    6 C        3.9571    -0.2435     1.2808
    23    6 C        3.9575    -0.2443     1.2808
    24    1 H        0.9933     0.0967     1.1880
    25    1 H        0.9944     0.1252     1.1879
    26    1 H        0.9944     0.1229     1.1879
    27    1 H        0.9932     0.0971     1.1880
    28    1 H        0.9942     0.1058     1.1879
    29    1 H        0.9950     0.1209     1.1879
    30    1 H        0.9931     0.0942     1.1880
    31    1 H        0.9943     0.1106     1.1879
    32    1 H        0.9941     0.1069     1.1879
    33    6 C        4.2200    -0.0837     1.2769
    34    8 O        1.9897    -0.3209     1.4038
    35   15 P        4.0597     0.2901     1.2396
    36    8 O        1.9890    -0.3121     1.4038
    37    6 C        4.1770    -0.0783     1.2776
    38    8 O        2.9211    -0.2688     1.3689
    39    6 C        4.1644    -0.0932     1.2777
    40    1 H        0.9919     0.1095     1.1880
    41    1 H        0.9911     0.1151     1.1880
    42    1 H        0.9912     0.1079     1.1880
    43    1 H        0.9916     0.1413     1.1880
    44    1 H        0.9914     0.1126     1.1880
    45    1 H        0.9920     0.1135     1.1880
    46    1 H        0.9918     0.1234     1.1880
    47    1 H        0.9917     0.1271     1.1880
    48    1 H        0.9920     0.1195     1.1880
    49   53 I        0.9883    -0.3495     1.3142
--------------------------------------------------
     Σ                         -0.0000
--------------------------------------------------

Electrostatic energy:   -3.9113349888113E-01 Eh

[Info] JSON dump of results written to 'multicharge.json'
