[Info] Molecular spin read from './.UHF'
xTB calculator
 | Coulomb electrostatics
 |  * isotropic Klopman-Ohno electrostatics
 |  * onsite third-order electrostatics
CEH guess
integral cutoff           4.0000000000000E+01 bohr

Atomic charges (in atomic units):
---------------------------------------------------------
     #    Z                 q
---------------------------------------------------------
     1   99 Es       0.561892
     2    7 N       -0.119998
     3    6 C        0.005209
     4    6 C       -0.032952
     5    6 C        0.021000
     6    6 C       -0.005954
     7    6 C        0.057149
     8    6 C        0.045919
     9    6 C       -0.016885
    10    6 C        0.019618
    11    6 C       -0.032462
    12    6 C        0.013260
    13    7 N       -0.126961
    14    1 H        0.038220
    15    1 H        0.038017
    16    1 H        0.033044
    17    1 H        0.039436
    18    1 H        0.032847
    19    1 H        0.030239
    20    1 H        0.037703
    21    1 H        0.052881
    22    7 N       -0.099235
    23    6 C       -0.022461
    24    6 C       -0.014032
    25    7 N       -0.128095
    26    1 H        0.098048
    27    1 H        0.101123
    28    1 H        0.056116
    29    1 H        0.064943
    30    1 H        0.062860
    31    1 H        0.055736
    32    1 H        0.096042
    33    1 H        0.098880
    34    6 C       -0.103908
    35    6 C        0.108712
    36    8 O       -0.277281
    37    8 O       -0.350978
    38    7 N       -0.132656
    39    1 H        0.059214
    40    1 H        0.056333
    41    1 H        0.077021
    42    1 H        0.087266
    43    7 N       -0.008506
    44    8 O       -0.148840
    45    8 O       -0.123822
    46    7 N       -0.007439
    47    8 O       -0.171558
    48    8 O       -0.149335
    49    8 O       -0.227875
    50    1 H        0.106208
    51    1 H        0.146298
---------------------------------------------------------

Atomic dipole moments (in atomic units):
---------------------------------------------------------
     #    Z                 x            y            z
---------------------------------------------------------
     1   99 Es      -0.154631    -0.224466    -0.042587
     2    7 N        0.229886    -0.021585    -0.176533
     3    6 C       -0.013180    -0.110895     0.107127
     4    6 C       -0.002955    -0.022138     0.016937
     5    6 C       -0.011011     0.008847     0.000352
     6    6 C       -0.036760     0.009127     0.031883
     7    6 C       -0.121700     0.062667     0.046392
     8    6 C       -0.124047     0.006943    -0.023064
     9    6 C       -0.040675     0.009512    -0.027775
    10    6 C       -0.008445    -0.000343    -0.001836
    11    6 C        0.013002     0.019838    -0.013450
    12    6 C        0.030388     0.117786    -0.093350
    13    7 N        0.255990    -0.085515     0.127426
    14    1 H       -0.092724     0.083931     0.005773
    15    1 H        0.001249     0.103052    -0.084816
    16    1 H        0.103061     0.002676    -0.083962
    17    1 H        0.088382    -0.100401     0.005616
    18    1 H        0.117881     0.057216    -0.019793
    19    1 H        0.104303    -0.051075     0.062991
    20    1 H       -0.026468    -0.101932     0.082268
    21    1 H       -0.121383    -0.041104     0.012956
    22    7 N       -0.143120     0.083568     0.266989
    23    6 C        0.149953     0.066172    -0.138921
    24    6 C       -0.014580     0.005753    -0.217811
    25    7 N       -0.095076    -0.190493     0.253209
    26    1 H        0.081627     0.039663     0.042882
    27    1 H       -0.073345     0.042532    -0.054044
    28    1 H       -0.102339    -0.036963    -0.066207
    29    1 H       -0.012132     0.054307     0.110669
    30    1 H       -0.058693    -0.089548     0.062390
    31    1 H        0.115155     0.039150     0.038632
    32    1 H       -0.091144    -0.026346    -0.032728
    33    1 H        0.087885    -0.046524     0.002022
    34    6 C        0.195500     0.088633    -0.033402
    35    6 C        0.056705     0.003918    -0.064751
    36    8 O        0.057531     0.027853    -0.054347
    37    8 O       -0.023573    -0.102821    -0.008753
    38    7 N       -0.127747    -0.199947    -0.179055
    39    1 H       -0.066669     0.018658    -0.099004
    40    1 H        0.006336    -0.109809     0.054971
    41    1 H       -0.002325     0.059060    -0.076538
    42    1 H        0.050978    -0.063647     0.020187
    43    7 N       -0.141156    -0.331117     0.027022
    44    8 O       -0.106878     0.156392     0.056212
    45    8 O        0.184813     0.004205    -0.071947
    46    7 N       -0.299222     0.051778    -0.196447
    47    8 O        0.032428     0.124354     0.149883
    48    8 O        0.117637    -0.152205    -0.052524
    49    8 O       -0.078066     0.053167     0.083429
    50    1 H       -0.086631    -0.026751     0.041652
    51    1 H        0.002679     0.115809     0.045935
---------------------------------------------------------
           total     1.218984    -2.049301     0.106538
---------------------------------------------------------

[Info] JSON dump of results written to 'tblite.json'
