[Info] Molecular charge read from './.CHRG'
[Info] Molecular spin read from './.UHF'
xTB calculator
 | Coulomb electrostatics
 |  * isotropic Klopman-Ohno electrostatics
 |  * onsite third-order electrostatics
CEH guess
integral cutoff           4.0000000000000E+01 bohr

Atomic charges (in atomic units):
---------------------------------------------------------
     #    Z                 q
---------------------------------------------------------
     1   97 Bk       0.874113
     2    6 C       -0.040126
     3    6 C       -0.043744
     4    6 C       -0.021459
     5    6 C       -0.027759
     6    6 C       -0.026576
     7    6 C       -0.045645
     8    6 C        0.126782
     9    8 O       -0.234714
    10    8 O       -0.244952
    11    1 H        0.039253
    12    1 H        0.034423
    13    1 H        0.032629
    14    1 H        0.029351
    15    1 H        0.033023
    16   16 S       -0.086514
    17    6 C        0.015064
    18    7 N       -0.263923
    19    6 C        0.011316
    20    6 C       -0.058476
    21    6 C       -0.064462
    22    6 C        0.010759
    23    8 O       -0.083997
    24    1 H        0.071713
    25    1 H        0.042842
    26    1 H        0.055036
    27    1 H        0.037300
    28    1 H        0.062206
    29    1 H        0.027049
    30    1 H        0.043117
    31    1 H        0.075660
    32    6 C        0.055116
    33    8 O       -0.218652
    34   15 P        0.490112
    35    8 O       -0.183397
    36    6 C        0.043071
    37    8 O       -0.202274
    38    6 C        0.036951
    39    1 H        0.035901
    40    1 H        0.047264
    41    1 H        0.033466
    42    1 H        0.043794
    43    1 H        0.053831
    44    1 H        0.035264
    45    1 H        0.040208
    46    1 H        0.033892
    47    1 H        0.058943
    48    6 C        0.010513
    49    6 C       -0.014174
    50    6 C        0.009817
    51    7 N       -0.025086
    52    6 C        0.013109
    53    6 C       -0.018279
    54    1 H        0.037842
    55    1 H        0.044425
    56    1 H        0.057497
    57    1 H        0.058775
    58    1 H        0.042785
---------------------------------------------------------

Atomic dipole moments (in atomic units):
---------------------------------------------------------
     #    Z                 x            y            z
---------------------------------------------------------
     1   97 Bk       0.139312     0.527729     0.230084
     2    6 C        0.001257    -0.015117    -0.015753
     3    6 C       -0.012119    -0.010890     0.010936
     4    6 C       -0.013080    -0.037482    -0.010689
     5    6 C       -0.000182    -0.017106    -0.019898
     6    6 C        0.016559    -0.006380    -0.035293
     7    6 C        0.011451     0.012048    -0.008092
     8    6 C       -0.002058    -0.034887    -0.022409
     9    8 O       -0.055794    -0.031734     0.084385
    10    8 O        0.050036     0.093955    -0.012127
    11    1 H       -0.012308     0.089681     0.100560
    12    1 H        0.064087     0.116365    -0.007885
    13    1 H        0.077886     0.026366    -0.110143
    14    1 H       -0.064802    -0.120790     0.003463
    15    1 H       -0.075900    -0.029780     0.104760
    16   16 S        0.052584    -0.131424    -0.090284
    17    6 C       -0.043381     0.099390     0.071982
    18    7 N        0.011448    -0.058945    -0.034847
    19    6 C       -0.153171    -0.192066    -0.051283
    20    6 C        0.007761    -0.127931     0.024086
    21    6 C        0.082005    -0.021334     0.088574
    22    6 C        0.071335     0.143563     0.198370
    23    8 O        0.000213     0.072751    -0.101539
    24    1 H       -0.000775     0.056521     0.124785
    25    1 H        0.113395    -0.011179    -0.056356
    26    1 H        0.078114     0.061899    -0.085470
    27    1 H       -0.084061     0.070993     0.072012
    28    1 H        0.020024     0.006294    -0.131088
    29    1 H       -0.122827     0.004394     0.046756
    30    1 H        0.096215    -0.029463    -0.076098
    31    1 H       -0.095201    -0.101312     0.015342
    32    6 C       -0.101653     0.264362     0.043150
    33    8 O        0.057130    -0.040692    -0.009544
    34   15 P        0.088376    -0.072940     0.007182
    35    8 O        0.012214    -0.059341     0.061016
    36    6 C        0.052493     0.053910    -0.265258
    37    8 O        0.042642    -0.059583    -0.046541
    38    6 C       -0.134213     0.049209     0.241580
    39    1 H       -0.065209    -0.089146     0.088908
    40    1 H        0.139781     0.008997     0.029207
    41    1 H       -0.027633    -0.032564    -0.133381
    42    1 H       -0.095782     0.099825     0.040617
    43    1 H        0.125639     0.010544     0.070588
    44    1 H       -0.051770    -0.131846    -0.003239
    45    1 H       -0.002753     0.122647    -0.074976
    46    1 H       -0.075010    -0.103799    -0.057756
    47    1 H        0.135764    -0.035914     0.029702
    48    6 C        0.012230    -0.005798     0.003244
    49    6 C        0.003767    -0.028565    -0.003869
    50    6 C        0.021584    -0.172652    -0.021555
    51    7 N       -0.215312     0.120043    -0.080148
    52    6 C        0.126094     0.091739     0.073203
    53    6 C        0.020331     0.015883     0.011454
    54    1 H       -0.113586     0.060759    -0.040652
    55    1 H       -0.008462     0.133331     0.021158
    56    1 H        0.101862     0.062263     0.058633
    57    1 H        0.027803    -0.130529    -0.011919
    58    1 H       -0.093815    -0.078605    -0.056037
---------------------------------------------------------
           total     1.976337    -0.269921    -0.453491
---------------------------------------------------------

[Info] JSON dump of results written to 'tblite.json'
