Charge model parameter:
------------------------------------------------------
   Z          chi/Eh     kcn/Eh     eta/Eh     rad/AA
------------------------------------------------------
 102 No       1.1434     0.0135     0.6305     0.6695
   4 Be       0.9967    -0.0267     0.6200     0.8028
   8 O        1.5687     0.1169     0.6793     0.6518
------------------------------------------------------

Electrostatic properties (in atomic units):
--------------------------------------------------
     #    Z              CN          q        chi
--------------------------------------------------
     1  102 No       2.3862     0.4808     1.1225
     2    4 Be       1.3901     0.6795     1.0281
     3    8 O        0.9980    -0.4622     1.4519
     4    8 O        1.9969    -0.6981     1.4035
--------------------------------------------------
     Σ                         -0.0000
--------------------------------------------------

Electrostatic energy:   -2.0625128095380E-01 Eh

[Info] JSON dump of results written to 'multicharge.json'
