[Info] Molecular charge read from '.CHRG'

Charge model parameter:
------------------------------------------------------
   Z          chi/Eh     kcn/Eh     eta/Eh     rad/AA
------------------------------------------------------
  93 Np       1.1090     0.0071     0.5649     0.7462
   7 N        1.5582     0.0928     0.6565     0.6998
   6 C        1.4003     0.0601     0.6166     0.9994
   1 H        1.2370     0.0492     1.0964     0.2919
   8 O        1.5687     0.1169     0.6793     0.6518
  17 Cl       1.4815     0.1368     0.7586     0.7238
   9 F        1.5754     0.1570     0.7723     0.9393
------------------------------------------------------

Electrostatic properties (in atomic units):
--------------------------------------------------
     #    Z              CN          q        chi
--------------------------------------------------
     1   93 Np       6.2029     0.8142     1.0914
     2    7 N        3.9071    -0.5727     1.3748
     3    6 C        4.0207    -0.0272     1.2799
     4    6 C        4.0696    -0.0323     1.2791
     5    7 N        3.9052    -0.4301     1.3748
     6    6 C        4.0674    -0.0373     1.2792
     7    6 C        4.0514    -0.0265     1.2794
     8    7 N        3.9171    -0.5817     1.3745
     9    1 H        1.0349     0.2570     1.1869
    10    1 H        0.9981     0.2446     1.1878
    11    1 H        0.9918     0.1205     1.1880
    12    1 H        0.9913     0.1217     1.1880
    13    1 H        0.9910     0.1171     1.1880
    14    1 H        0.9913     0.1331     1.1880
    15    1 H        1.0194     0.2266     1.1873
    16    1 H        0.9911     0.1171     1.1880
    17    1 H        0.9916     0.1285     1.1880
    18    1 H        0.9918     0.1228     1.1880
    19    1 H        0.9912     0.1213     1.1880
    20    1 H        0.9994     0.2515     1.1878
    21    1 H        1.0293     0.2493     1.1871
    22    6 C        3.9551    -0.1800     1.2809
    23    6 C        4.0609    -0.0014     1.2793
    24    8 O        1.9910    -0.4064     1.4037
    25    1 H        0.9918     0.1313     1.1880
    26    1 H        0.9916     0.1429     1.1880
    27    1 H        0.9915     0.1338     1.1880
    28    1 H        0.9913     0.1400     1.1880
    29    1 H        0.9911     0.1346     1.1880
    30   17 Cl       0.9948    -0.1220     1.3451
    31    9 F        0.9986    -0.2904     1.4185
--------------------------------------------------
     Σ                          1.0000
--------------------------------------------------

Electrostatic energy:    3.0545832537715E-01 Eh

[Info] JSON dump of results written to 'multicharge.json'
