[Info] Molecular spin read from './.UHF'
xTB calculator
 | Coulomb electrostatics
 |  * isotropic Klopman-Ohno electrostatics
 |  * onsite third-order electrostatics
CEH guess
integral cutoff           4.0000000000000E+01 bohr

Atomic charges (in atomic units):
---------------------------------------------------------
     #    Z                 q
---------------------------------------------------------
     1  100 Fm       0.892319
     2   35 Br      -0.199633
     3   35 Br      -0.200705
     4   35 Br      -0.083465
     5   35 Br      -0.202718
     6   35 Br      -0.205798
---------------------------------------------------------

Atomic dipole moments (in atomic units):
---------------------------------------------------------
     #    Z                 x            y            z
---------------------------------------------------------
     1  100 Fm      -0.018203    -0.016828     0.014176
     2   35 Br      -0.042918     0.017539     0.047729
     3   35 Br       0.040181    -0.022630    -0.046205
     4   35 Br      -0.000960    -0.001797     0.000077
     5   35 Br       0.041104    -0.022310    -0.046741
     6   35 Br      -0.042294     0.018897     0.043318
---------------------------------------------------------
           total    -0.612939    -1.079451     0.015396
---------------------------------------------------------

[Info] JSON dump of results written to 'tblite.json'
