[Info] Molecular charge read from './.CHRG'
[Info] Molecular spin read from './.UHF'
xTB calculator
 | Coulomb electrostatics
 |  * isotropic Klopman-Ohno electrostatics
 |  * onsite third-order electrostatics
CEH guess
integral cutoff           3.7432403240289E+01 bohr

Atomic charges (in atomic units):
---------------------------------------------------------
     #    Z                 q
---------------------------------------------------------
     1   93 Np       0.904580
     2    7 N       -0.072368
     3    6 C        0.052489
     4    6 C       -0.025787
     5    6 C        0.013104
     6    6 C        0.000762
     7    6 C        0.078873
     8    6 C        0.080798
     9    6 C       -0.000612
    10    6 C        0.014909
    11    6 C       -0.021010
    12    6 C        0.062319
    13    7 N       -0.075101
    14    1 H        0.049671
    15    1 H        0.058530
    16    1 H        0.046924
    17    1 H        0.058188
    18    1 H        0.056650
    19    1 H        0.046527
    20    1 H        0.058371
    21    1 H        0.052626
    22   16 S        0.039821
    23    6 C        0.079613
    24    7 N       -0.255720
    25    9 F       -0.153909
    26    6 C        0.029843
    27    8 O       -0.194012
    28   15 P        0.516414
    29    8 O       -0.202332
    30    6 C        0.027424
    31    8 O       -0.179859
    32    6 C        0.052051
    33    1 H        0.045246
    34    1 H        0.051428
    35    1 H        0.042370
    36    1 H        0.053348
    37    1 H        0.039916
    38    1 H        0.043577
    39    1 H        0.055964
    40    1 H        0.037451
    41    1 H        0.038344
    42    6 C       -0.074808
    43    6 C        0.242880
    44    7 N       -0.029608
    45    1 H        0.086587
    46    1 H        0.083407
    47    1 H        0.084120
---------------------------------------------------------

Atomic dipole moments (in atomic units):
---------------------------------------------------------
     #    Z                 x            y            z
---------------------------------------------------------
     1   93 Np       0.028299    -0.174406    -0.764266
     2    7 N       -0.084290     0.220820    -0.076212
     3    6 C        0.161592    -0.057311    -0.107795
     4    6 C        0.025585    -0.005261    -0.015678
     5    6 C        0.005837    -0.021088     0.010142
     6    6 C        0.022577    -0.053999     0.011369
     7    6 C       -0.022808    -0.146916     0.102754
     8    6 C        0.006192    -0.157108     0.080806
     9    6 C       -0.022974    -0.032127     0.046874
    10    6 C       -0.003823    -0.015103     0.015817
    11    6 C       -0.020169     0.014385     0.014693
    12    6 C       -0.144576     0.093237     0.110364
    13    7 N        0.075475     0.144552    -0.170950
    14    1 H       -0.047348    -0.090840     0.088179
    15    1 H       -0.110574     0.031417     0.074773
    16    1 H       -0.053152     0.122309    -0.019269
    17    1 H        0.053212     0.086161    -0.093202
    18    1 H       -0.039293     0.127964    -0.029601
    19    1 H        0.058027     0.068604    -0.100302
    20    1 H        0.097874    -0.065343    -0.071815
    21    1 H        0.036772    -0.125100     0.030507
    22   16 S        0.112811     0.113510    -0.061053
    23    6 C       -0.002918    -0.114772     0.085811
    24    7 N        0.094132     0.063828    -0.038332
    25    9 F       -0.101327    -0.015636     0.034856
    26    6 C       -0.168885    -0.185302    -0.093266
    27    8 O        0.049647     0.044421     0.074077
    28   15 P        0.049476    -0.008156     0.180783
    29    8 O        0.033684     0.069453     0.067632
    30    6 C        0.035465    -0.182804    -0.192718
    31    8 O       -0.049068    -0.057579     0.041161
    32    6 C        0.025697     0.191911    -0.210695
    33    1 H       -0.076759     0.087644     0.078022
    34    1 H        0.062086     0.067672    -0.108261
    35    1 H        0.090058    -0.079446     0.076932
    36    1 H       -0.114032    -0.029756     0.076883
    37    1 H       -0.012389     0.123059    -0.067177
    38    1 H        0.119646    -0.010709     0.075772
    39    1 H        0.122498    -0.014029     0.075072
    40    1 H       -0.034434    -0.119884    -0.068363
    41    1 H       -0.104160     0.048164     0.081617
    42    6 C        0.003532     0.013893     0.008622
    43    6 C       -0.052196    -0.166025    -0.106589
    44    7 N        0.022911     0.072837     0.019832
    45    1 H        0.098172    -0.106609     0.045350
    46    1 H        0.011017     0.032485    -0.147159
    47    1 H       -0.141835    -0.030865     0.043328
---------------------------------------------------------
           total    -0.963380    -3.154899    -3.931612
---------------------------------------------------------

[Info] JSON dump of results written to 'tblite.json'
