[Info] Molecular charge read from '.CHRG'

Charge model parameter:
------------------------------------------------------
   Z          chi/Eh     kcn/Eh     eta/Eh     rad/AA
------------------------------------------------------
  98 Cf       1.0089     0.0039     0.6196     0.6803
   6 C        1.4003     0.0601     0.6166     0.9994
   8 O        1.5687     0.1169     0.6793     0.6518
   1 H        1.2370     0.0492     1.0964     0.2919
  15 P        1.5267     0.1425     0.7308     0.7313
------------------------------------------------------

Electrostatic properties (in atomic units):
--------------------------------------------------
     #    Z              CN          q        chi
--------------------------------------------------
     1   98 Cf       4.3026     0.7699     1.0008
     2    6 C        4.0688    -0.0331     1.2792
     3    8 O        2.9549    -0.4586     1.3677
     4    1 H        0.9921     0.1999     1.1880
     5    1 H        0.9921     0.1949     1.1880
     6    1 H        0.9922     0.1725     1.1880
     7    1 H        1.0063     0.2908     1.1876
     8    6 C        4.1571    -0.0351     1.2778
     9    6 C        3.9793    -0.0777     1.2805
    10    6 C        3.9828    -0.0766     1.2804
    11    6 C        4.1112    -0.0165     1.2785
    12    8 O        2.9328    -0.3434     1.3685
    13    1 H        0.9917     0.1476     1.1880
    14    1 H        0.9916     0.1405     1.1880
    15    1 H        0.9915     0.1850     1.1880
    16    1 H        0.9917     0.1892     1.1880
    17    1 H        0.9917     0.1951     1.1880
    18    1 H        0.9916     0.1814     1.1880
    19    1 H        0.9917     0.1734     1.1880
    20    1 H        0.9918     0.1667     1.1880
    21    6 C        1.8815     0.1200     1.3179
    22    8 O        0.9997    -0.1460     1.4518
    23    6 C        3.9572    -0.1711     1.2808
    24   15 P        3.9578     0.0280     1.2432
    25    6 C        3.9567    -0.1787     1.2808
    26    6 C        3.9567    -0.1775     1.2808
    27    1 H        0.9931     0.1864     1.1880
    28    1 H        0.9925     0.1745     1.1880
    29    1 H        0.9926     0.1703     1.1880
    30    1 H        0.9932     0.1843     1.1880
    31    1 H        0.9927     0.1693     1.1880
    32    1 H        0.9927     0.1567     1.1880
    33    1 H        0.9932     0.1853     1.1880
    34    1 H        0.9926     0.1578     1.1880
    35    1 H        0.9925     0.1747     1.1880
--------------------------------------------------
     Σ                          3.0000
--------------------------------------------------

Electrostatic energy:    1.5915397952173E+00 Eh

[Info] JSON dump of results written to 'multicharge.json'
