xTB calculator
 | Coulomb electrostatics
 |  * isotropic Klopman-Ohno electrostatics
 |  * onsite third-order electrostatics
CEH guess
integral cutoff           2.4638462780296E+01 bohr

Atomic charges (in atomic units):
---------------------------------------------------------
     #    Z                 q
---------------------------------------------------------
     1   89 Ac       0.816463
     2    6 C        0.014755
     3    8 O       -0.161578
     4    1 H        0.050410
     5    1 H        0.047883
     6    1 H        0.071764
     7    1 H        0.151421
     8    6 C       -0.426466
     9    7 N       -0.173277
    10    8 O       -0.473595
    11    1 H        0.120876
    12    6 C        0.032122
    13    6 C        0.033246
    14    7 N        0.023980
    15    6 C        0.027248
    16    6 C        0.034105
    17    7 N       -0.095855
    18    1 H        0.056339
    19    1 H        0.055726
    20    1 H        0.045074
    21    1 H        0.056227
    22    6 C       -0.088003
    23    6 C       -0.027881
    24    8 O       -0.380947
    25    1 H        0.054645
    26    1 H        0.025539
    27    1 H        0.025929
    28    1 H        0.040805
    29    1 H        0.043046
---------------------------------------------------------

Atomic dipole moments (in atomic units):
---------------------------------------------------------
     #    Z                 x            y            z
---------------------------------------------------------
     1   89 Ac      -0.161791     0.521416    -0.061808
     2    6 C        0.281793     0.071536    -0.084066
     3    8 O       -0.047036     0.055121     0.106928
     4    1 H       -0.087782     0.098030    -0.048978
     5    1 H        0.000446    -0.000911     0.137242
     6    1 H       -0.049991    -0.129328    -0.050431
     7    1 H        0.012893     0.089654     0.044180
     8    6 C       -0.130546     0.070768    -0.021245
     9    7 N        0.091340    -0.058747     0.015090
    10    8 O        0.037491    -0.035808    -0.145711
    11    1 H        0.043122    -0.055625    -0.165003
    12    6 C        0.046180    -0.141654    -0.054721
    13    6 C       -0.071676    -0.115979    -0.103129
    14    7 N        0.262464    -0.078363     0.091908
    15    6 C       -0.061312     0.147702     0.052335
    16    6 C        0.060537     0.107248     0.095146
    17    7 N       -0.291302     0.085532    -0.109894
    18    1 H        0.065434     0.075882     0.078456
    19    1 H       -0.052945     0.108155     0.030330
    20    1 H       -0.058463    -0.074351    -0.076894
    21    1 H        0.052332    -0.110884    -0.035216
    22    6 C       -0.044578     0.084183     0.035967
    23    6 C        0.083186     0.137795    -0.116725
    24    8 O       -0.031017    -0.143201     0.059631
    25    1 H       -0.043444    -0.117259     0.066479
    26    1 H        0.138120     0.022732     0.019675
    27    1 H       -0.034826    -0.000710    -0.137361
    28    1 H        0.028905    -0.006174     0.117103
    29    1 H       -0.116756    -0.028214    -0.011049
---------------------------------------------------------
           total    -0.051946    -1.054833    -0.219792
---------------------------------------------------------

[Info] JSON dump of results written to 'tblite.json'
