[Info] Molecular spin read from './.UHF'
xTB calculator
 | Coulomb electrostatics
 |  * isotropic Klopman-Ohno electrostatics
 |  * onsite third-order electrostatics
CEH guess
integral cutoff           2.4638462780296E+01 bohr

Atomic charges (in atomic units):
---------------------------------------------------------
     #    Z                 q
---------------------------------------------------------
     1   89 Ac       0.739298
     2    1 H       -0.140646
     3    1 H       -0.141582
     4    1 H       -0.173946
     5    1 H       -0.142257
     6    1 H       -0.140867
---------------------------------------------------------

Atomic dipole moments (in atomic units):
---------------------------------------------------------
     #    Z                 x            y            z
---------------------------------------------------------
     1   89 Ac       0.222237     0.366802    -0.007236
     2    1 H        0.006036     0.010314     0.147748
     3    1 H        0.004919     0.009289    -0.148128
     4    1 H       -0.083933    -0.142053     0.001141
     5    1 H        0.133477    -0.065194     0.000361
     6    1 H       -0.121816     0.084515    -0.000003
---------------------------------------------------------
           total     0.336322     0.562091    -0.009393
---------------------------------------------------------

[Info] JSON dump of results written to 'tblite.json'
