[Info] Molecular charge read from './.CHRG'
[Info] Molecular spin read from './.UHF'
xTB calculator
 | Coulomb electrostatics
 |  * isotropic Klopman-Ohno electrostatics
 |  * onsite third-order electrostatics
CEH guess
integral cutoff           4.0000000000000E+01 bohr

Atomic charges (in atomic units):
---------------------------------------------------------
     #    Z                 q
---------------------------------------------------------
     1   94 Pu       0.473734
     2    6 C       -0.069491
     3    6 C        0.043147
     4    8 O       -0.283736
     5    1 H        0.011616
     6    1 H        0.018142
     7    1 H        0.033346
     8    1 H        0.021363
     9    1 H        0.020000
    10    6 C        0.048583
    11    8 O       -0.233841
    12   15 P        0.429301
    13    8 O       -0.250860
    14    6 C        0.038856
    15    8 O       -0.173416
    16    6 C       -0.001283
    17    1 H        0.024700
    18    1 H        0.023182
    19    1 H        0.036841
    20    1 H        0.029970
    21    1 H        0.043336
    22    1 H        0.016912
    23    1 H        0.026154
    24    1 H        0.015992
    25    1 H        0.021436
    26    8 O       -0.326470
    27   16 S        0.317909
    28    8 O       -0.374419
    29    8 O       -0.369700
    30   17 Cl      -0.336082
    31   17 Cl      -0.378240
    32    6 C       -0.001408
    33    8 O       -0.081971
    34    1 H        0.026264
    35    1 H        0.031892
    36    1 H        0.029096
    37    1 H        0.099146
---------------------------------------------------------

Atomic dipole moments (in atomic units):
---------------------------------------------------------
     #    Z                 x            y            z
---------------------------------------------------------
     1   94 Pu      -0.410431     0.378580     0.198579
     2    6 C       -0.060795    -0.027455    -0.043921
     3    6 C       -0.111687     0.180324     0.005709
     4    8 O        0.094550    -0.102140     0.039471
     5    1 H       -0.067804     0.041057     0.122359
     6    1 H        0.058941     0.116558    -0.070061
     7    1 H        0.092980    -0.109306     0.019262
     8    1 H       -0.056443    -0.102512     0.058564
     9    1 H        0.053601    -0.028409    -0.115322
    10    6 C       -0.263715     0.049457     0.065027
    11    8 O        0.080957     0.007304     0.027638
    12   15 P        0.031577     0.032815    -0.065847
    13    8 O       -0.019280     0.011977     0.092356
    14    6 C        0.185318    -0.115323    -0.169228
    15    8 O       -0.035444    -0.063984    -0.090729
    16    6 C        0.099209     0.185134     0.065607
    17    1 H        0.010944     0.004198    -0.141446
    18    1 H        0.037112    -0.120608     0.056420
    19    1 H        0.077051     0.097369     0.060050
    20    1 H       -0.079841     0.091415    -0.075042
    21    1 H        0.070739     0.059551     0.108196
    22    1 H       -0.076499    -0.102130     0.053522
    23    1 H       -0.077701    -0.051876     0.110720
    24    1 H        0.110996    -0.084785    -0.038075
    25    1 H       -0.073927     0.051327    -0.113030
    26    8 O        0.082375     0.044091     0.061467
    27   16 S        0.018425    -0.056267    -0.012489
    28    8 O        0.023036    -0.058134    -0.065551
    29    8 O       -0.079968     0.057650    -0.019194
    30   17 Cl       0.005099    -0.004666    -0.010870
    31   17 Cl      -0.015105    -0.006249    -0.000261
    32    6 C        0.260558     0.003003    -0.030438
    33    8 O       -0.085606     0.106829    -0.009782
    34    1 H       -0.024758     0.061633     0.127082
    35    1 H       -0.054952    -0.146497    -0.003052
    36    1 H       -0.053272     0.080276    -0.111720
    37    1 H        0.020583     0.089431     0.000311
---------------------------------------------------------
           total    -0.047738     0.656449    -1.096669
---------------------------------------------------------

[Info] JSON dump of results written to 'tblite.json'
