[Info] Molecular charge read from '.CHRG'

Charge model parameter:
------------------------------------------------------
   Z          chi/Eh     kcn/Eh     eta/Eh     rad/AA
------------------------------------------------------
  95 Am       1.0010     0.0051     0.6915     0.6095
  17 Cl       1.4815     0.1368     0.7586     0.7238
  15 P        1.5267     0.1425     0.7308     0.7313
------------------------------------------------------

Electrostatic properties (in atomic units):
--------------------------------------------------
     #    Z              CN          q        chi
--------------------------------------------------
     1   95 Am       1.9577    -0.4457     0.9939
     2   17 Cl       0.9632    -1.2235     1.3473
     3   15 P        0.9955    -1.3308     1.3845
--------------------------------------------------
     Σ                         -3.0000
--------------------------------------------------

Electrostatic energy:   -1.9669495408967E+00 Eh

[Info] JSON dump of results written to 'multicharge.json'
