[Info] Molecular charge read from '.CHRG'

Charge model parameter:
------------------------------------------------------
   Z          chi/Eh     kcn/Eh     eta/Eh     rad/AA
------------------------------------------------------
  91 Pa       1.0721     0.0037     0.5511     0.7643
   7 N        1.5582     0.0928     0.6565     0.6998
   6 C        1.4003     0.0601     0.6166     0.9994
   1 H        1.2370     0.0492     1.0964     0.2919
   8 O        1.5687     0.1169     0.6793     0.6518
------------------------------------------------------

Electrostatic properties (in atomic units):
--------------------------------------------------
     #    Z              CN          q        chi
--------------------------------------------------
     1   91 Pa       5.2735     1.1066     1.0636
     2    7 N        3.0036    -0.3389     1.3974
     3    6 C        3.2967     0.1641     1.2912
     4    6 C        3.0011     0.0807     1.2963
     5    6 C        3.0150     0.0846     1.2960
     6    6 C        3.0040     0.0424     1.2962
     7    6 C        3.3466     0.1875     1.2904
     8    6 C        3.3638     0.1923     1.2901
     9    6 C        3.0030     0.0446     1.2962
    10    6 C        3.0158     0.0852     1.2960
    11    6 C        3.0003     0.0825     1.2963
    12    6 C        3.4821     0.1644     1.2882
    13    7 N        3.0131    -0.3684     1.3971
    14    1 H        0.9929     0.2435     1.1880
    15    1 H        0.9922     0.2862     1.1880
    16    1 H        0.9920     0.2908     1.1880
    17    1 H        0.9925     0.2378     1.1880
    18    1 H        0.9925     0.2390     1.1880
    19    1 H        0.9918     0.2903     1.1880
    20    1 H        0.9921     0.2875     1.1880
    21    1 H        0.9968     0.2350     1.1879
    22    8 O        1.9847    -0.4123     1.4040
    23    1 H        1.0139     0.4641     1.1874
    24    6 C        1.9037     0.2795     1.3174
    25    8 O        0.9999     0.0310     1.4518
--------------------------------------------------
     Σ                          4.0000
--------------------------------------------------

Electrostatic energy:    2.2694806563525E+00 Eh

[Info] JSON dump of results written to 'multicharge.json'
