[Info] Molecular charge read from './.CHRG'
[Info] Molecular spin read from './.UHF'
xTB calculator
 | Coulomb electrostatics
 |  * isotropic Klopman-Ohno electrostatics
 |  * onsite third-order electrostatics
CEH guess
integral cutoff           4.0000000000000E+01 bohr

Atomic charges (in atomic units):
---------------------------------------------------------
     #    Z                 q
---------------------------------------------------------
     1  100 Fm       0.621041
     2    8 O       -0.228129
     3    1 H        0.181706
     4    1 H        0.179888
     5   35 Br      -0.100791
     6    6 C        0.012028
     7    8 O       -0.175976
     8    1 H        0.058912
     9    1 H        0.049286
    10    1 H        0.065946
    11    1 H        0.162397
    12    6 C        0.004762
    13    6 C       -0.029498
    14    6 C        0.030939
    15    6 C        0.007508
    16    6 C        0.000116
    17    6 C       -0.037999
    18    6 C        0.264959
    19    8 O       -0.142812
    20    8 O       -0.091108
    21    1 H        0.053685
    22    1 H        0.055249
    23    1 H        0.056103
    24    1 H        0.027552
    25    1 H        0.048601
    26    1 H        0.190044
    27    6 C        0.064040
    28    8 O       -0.170034
    29   15 P        0.651242
    30    8 O       -0.169110
    31    6 C        0.050534
    32    8 O       -0.187537
    33    6 C        0.039462
    34    1 H        0.043510
    35    1 H        0.059110
    36    1 H        0.043926
    37    1 H        0.063846
    38    1 H        0.049284
    39    1 H        0.042326
    40    1 H        0.039625
    41    1 H        0.046680
    42    1 H        0.068685
---------------------------------------------------------

Atomic dipole moments (in atomic units):
---------------------------------------------------------
     #    Z                 x            y            z
---------------------------------------------------------
     1  100 Fm      -0.157662     0.363232     0.312946
     2    8 O        0.056171     0.023432    -0.072756
     3    1 H        0.076362     0.101708    -0.015105
     4    1 H       -0.001999    -0.066355    -0.111889
     5   35 Br       0.015581    -0.005804    -0.015050
     6    6 C        0.054568    -0.208698     0.194287
     7    8 O       -0.095039     0.021904    -0.025976
     8    1 H       -0.048939     0.112896     0.073776
     9    1 H       -0.095881    -0.056887    -0.088324
    10    1 H        0.127066     0.038067    -0.077180
    11    1 H       -0.097362    -0.027934     0.048472
    12    6 C        0.014013     0.015789    -0.011860
    13    6 C        0.014996    -0.001104    -0.004627
    14    6 C        0.053703     0.013070    -0.025826
    15    6 C        0.027974     0.048700    -0.029909
    16    6 C       -0.008599     0.043975    -0.015624
    17    6 C       -0.006343     0.017048    -0.004871
    18    6 C       -0.065808     0.072553    -0.041488
    19    8 O       -0.067232     0.010297    -0.004243
    20    8 O       -0.023959    -0.089658     0.049857
    21    1 H       -0.046328    -0.112490     0.059607
    22    1 H       -0.128490    -0.005961     0.044728
    23    1 H       -0.094089     0.103343    -0.004363
    24    1 H        0.130817     0.006204    -0.045157
    25    1 H        0.082041    -0.105615     0.015772
    26    1 H       -0.110537    -0.050257     0.022280
    27    6 C       -0.179152     0.063665    -0.225928
    28    8 O        0.050956    -0.000152     0.031515
    29   15 P        0.230909     0.067294     0.025937
    30    8 O        0.038991    -0.043848     0.007957
    31    6 C       -0.142716     0.225556     0.098376
    32    8 O        0.007621     0.027059     0.059893
    33    6 C        0.033934    -0.217495    -0.177662
    34    1 H       -0.059189     0.052723     0.119528
    35    1 H        0.125604     0.065349    -0.032103
    36    1 H        0.013787    -0.142395     0.006560
    37    1 H        0.132455     0.049614    -0.039733
    38    1 H       -0.079781    -0.052495    -0.114760
    39    1 H        0.003062    -0.092146     0.111227
    40    1 H       -0.026170    -0.061813     0.127099
    41    1 H       -0.115464     0.079506    -0.048694
    42    1 H        0.122359     0.079438    -0.001806
---------------------------------------------------------
           total     0.323475    -0.609454    -0.004171
---------------------------------------------------------

[Info] JSON dump of results written to 'tblite.json'
