[Info] Molecular charge read from '.CHRG'

Charge model parameter:
------------------------------------------------------
   Z          chi/Eh     kcn/Eh     eta/Eh     rad/AA
------------------------------------------------------
 103 Lr       1.1371     0.0068     0.5937     0.7095
   7 N        1.5582     0.0928     0.6565     0.6998
  53 I        1.4034     0.0897     0.3054     2.0116
  35 Br       1.3980     0.0801     0.3934     1.5631
------------------------------------------------------

Electrostatic properties (in atomic units):
--------------------------------------------------
     #    Z              CN          q        chi
--------------------------------------------------
     1  103 Lr       2.9710     0.6701     1.1255
     2    7 N        1.0023    -0.1465     1.4653
     3   53 I        1.3800     0.9537     1.2981
     4   35 Br       1.3710     0.5228     1.3043
--------------------------------------------------
     Σ                          2.0000
--------------------------------------------------

Electrostatic energy:    1.2296175365119E+00 Eh

[Info] JSON dump of results written to 'multicharge.json'
