Charge model parameter:
------------------------------------------------------
   Z          chi/Eh     kcn/Eh     eta/Eh     rad/AA
------------------------------------------------------
 102 No       1.1434     0.0135     0.6305     0.6695
   4 Be       0.9967    -0.0267     0.6200     0.8028
   8 O        1.5687     0.1169     0.6793     0.6518
------------------------------------------------------

Electrostatic properties (in atomic units):
--------------------------------------------------
     #    Z              CN          q        chi
--------------------------------------------------
     1  102 No       3.8697     0.3970     1.1168
     2    4 Be       1.9293     0.2660     1.0337
     3    4 Be       1.9301     0.2669     1.0337
     4    8 O        0.9985    -0.4654     1.4519
     5    8 O        0.9985    -0.4645     1.4519
--------------------------------------------------
     Σ                         -0.0000
--------------------------------------------------

Electrostatic energy:   -1.7791436567437E-01 Eh

[Info] JSON dump of results written to 'multicharge.json'
