[Info] Molecular charge read from './.CHRG'
[Info] Molecular spin read from './.UHF'
xTB calculator
 | Coulomb electrostatics
 |  * isotropic Klopman-Ohno electrostatics
 |  * onsite third-order electrostatics
CEH guess
integral cutoff           4.0000000000000E+01 bohr

Atomic charges (in atomic units):
---------------------------------------------------------
     #    Z                 q
---------------------------------------------------------
     1  100 Fm       0.549644
     2    7 N       -0.169907
     3    6 C       -0.021009
     4    6 C       -0.017728
     5    7 N       -0.148989
     6    1 H        0.095294
     7    1 H        0.091177
     8    1 H        0.053906
     9    1 H        0.063532
    10    1 H        0.064132
    11    1 H        0.059533
    12    1 H        0.097865
    13    1 H        0.106477
    14    7 N       -0.066438
    15    6 C        0.020203
    16    6 C       -0.031925
    17    6 C        0.012830
    18    6 C       -0.001790
    19    6 C        0.048321
    20    6 C        0.048428
    21    6 C       -0.003598
    22    6 C        0.011437
    23    6 C       -0.035908
    24    6 C        0.017075
    25    7 N       -0.084206
    26    1 H        0.061799
    27    1 H        0.046222
    28    1 H        0.042775
    29    1 H        0.048069
    30    1 H        0.046863
    31    1 H        0.040066
    32    1 H        0.045115
    33    1 H        0.063166
    34    6 C       -0.101204
    35   15 P        0.365687
    36    8 O       -0.379481
    37    6 C       -0.105380
    38    6 C       -0.097684
    39    1 H        0.055748
    40    1 H        0.072547
    41    1 H        0.055650
    42    1 H        0.075447
    43    1 H        0.056636
    44    1 H        0.053529
    45    1 H        0.075471
    46    1 H        0.055977
    47    1 H        0.057652
    48    7 N        0.173333
    49    8 O       -0.059180
    50    8 O       -0.166932
    51    6 C       -0.142035
    52    7 N       -0.198211
---------------------------------------------------------

Atomic dipole moments (in atomic units):
---------------------------------------------------------
     #    Z                 x            y            z
---------------------------------------------------------
     1  100 Fm      -0.012046     0.105797    -0.233958
     2    7 N       -0.209032    -0.131056    -0.243111
     3    6 C        0.100301     0.187485     0.049845
     4    6 C        0.199480     0.021644     0.079147
     5    7 N       -0.274016    -0.185580     0.024245
     6    1 H       -0.051957     0.080523    -0.015988
     7    1 H        0.073177    -0.031721    -0.052971
     8    1 H        0.074601    -0.101185     0.021786
     9    1 H       -0.076300    -0.005902    -0.097941
    10    1 H       -0.069806    -0.097805     0.032481
    11    1 H       -0.058393     0.113032    -0.013055
    12    1 H        0.044625    -0.083756     0.026130
    13    1 H       -0.036738     0.063481     0.064402
    14    7 N        0.172854    -0.154820    -0.084400
    15    6 C       -0.015090     0.130529    -0.101912
    16    6 C       -0.003484     0.023991    -0.018988
    17    6 C       -0.011670     0.003800     0.009281
    18    6 C       -0.041516     0.043152     0.015482
    19    6 C       -0.109043     0.044843     0.101979
    20    6 C       -0.114461     0.051258     0.094490
    21    6 C       -0.035853    -0.011864     0.046474
    22    6 C       -0.011135     0.003357     0.008099
    23    6 C        0.006426    -0.026619     0.014065
    24    6 C        0.023706    -0.148854     0.081651
    25    7 N        0.171593     0.021250    -0.209697
    26    1 H       -0.074655     0.005303     0.110553
    27    1 H        0.006966    -0.104165     0.084937
    28    1 H        0.089098    -0.095213    -0.031251
    29    1 H        0.078288     0.011599    -0.109563
    30    1 H        0.094724    -0.087110    -0.041630
    31    1 H        0.076212     0.028075    -0.106272
    32    1 H       -0.023286     0.118396    -0.059486
    33    1 H       -0.099003     0.077787     0.050688
    34    6 C       -0.001686    -0.022610    -0.003448
    35   15 P       -0.012860     0.041558     0.083535
    36    8 O       -0.012319    -0.000834     0.005079
    37    6 C        0.011471    -0.006655    -0.018278
    38    6 C       -0.009690    -0.003953    -0.019490
    39    1 H        0.139263     0.011021    -0.071835
    40    1 H       -0.008927     0.096853     0.121964
    41    1 H       -0.115523     0.027214    -0.103112
    42    1 H       -0.001631     0.107038     0.114200
    43    1 H       -0.009174    -0.146377     0.056641
    44    1 H       -0.114595     0.025143    -0.106752
    45    1 H       -0.009064     0.101460     0.118665
    46    1 H        0.139251     0.010970    -0.074472
    47    1 H       -0.026693    -0.147662     0.047803
    48    7 N       -0.169087     0.083131     0.045121
    49    8 O        0.029109    -0.137821     0.082093
    50    8 O        0.092033     0.091578    -0.136664
    51    6 C       -0.004651     0.013855     0.013037
    52    7 N       -0.027599    -0.001277    -0.129188
---------------------------------------------------------
           total     0.004338     0.521178    -1.630058
---------------------------------------------------------

[Info] JSON dump of results written to 'tblite.json'
