Charge model parameter:
------------------------------------------------------
   Z          chi/Eh     kcn/Eh     eta/Eh     rad/AA
------------------------------------------------------
 100 Fm       1.0767     0.0040     0.5988     0.7039
  16 S        1.4077     0.0713     0.5171     1.1581
------------------------------------------------------

Electrostatic properties (in atomic units):
--------------------------------------------------
     #    Z              CN          q        chi
--------------------------------------------------
     1  100 Fm       2.9817     0.6110     1.0698
     2   16 S        0.9953    -0.2029     1.3366
     3   16 S        0.9953    -0.2047     1.3366
     4   16 S        0.9956    -0.2034     1.3366
--------------------------------------------------
     Σ                          0.0000
--------------------------------------------------

Electrostatic energy:   -8.1492521422071E-02 Eh

[Info] JSON dump of results written to 'multicharge.json'
