[Info] Molecular charge read from '.CHRG'

Charge model parameter:
------------------------------------------------------
   Z          chi/Eh     kcn/Eh     eta/Eh     rad/AA
------------------------------------------------------
  94 Pu       1.0104     0.0049     0.6346     0.6641
   6 C        1.4003     0.0601     0.6166     0.9994
   8 O        1.5687     0.1169     0.6793     0.6518
   7 N        1.5582     0.0928     0.6565     0.6998
   1 H        1.2370     0.0492     1.0964     0.2919
  15 P        1.5267     0.1425     0.7308     0.7313
------------------------------------------------------

Electrostatic properties (in atomic units):
--------------------------------------------------
     #    Z              CN          q        chi
--------------------------------------------------
     1   94 Pu       7.4502     0.9009     0.9971
     2    6 C        4.1100     0.0548     1.2785
     3    6 C        4.0631     0.3028     1.2792
     4    8 O        1.9934    -0.2683     1.4036
     5    8 O        1.9953    -0.3059     1.4035
     6    7 N        3.9302    -0.5761     1.3742
     7    1 H        0.9921     0.1932     1.1880
     8    1 H        0.9921     0.1974     1.1880
     9    1 H        0.9964     0.2937     1.1879
    10    1 H        0.9962     0.3012     1.1879
    11    6 C        4.2219    -0.0164     1.2769
    12    6 C        3.9803    -0.0830     1.2805
    13    6 C        3.9814    -0.0808     1.2805
    14    6 C        4.0981    -0.0256     1.2787
    15    8 O        2.9366    -0.3261     1.3683
    16    1 H        0.9917     0.1699     1.1880
    17    1 H        0.9923     0.1554     1.1880
    18    1 H        0.9916     0.1760     1.1880
    19    1 H        0.9917     0.1900     1.1880
    20    1 H        0.9917     0.1884     1.1880
    21    1 H        0.9916     0.1806     1.1880
    22    1 H        0.9917     0.1592     1.1880
    23    1 H        0.9917     0.1592     1.1880
    24    6 C        4.0787     0.0014     1.2790
    25    8 O        1.9811    -0.2700     1.4041
    26   15 P        4.0629     0.3054     1.2395
    27    8 O        2.9598    -0.2818     1.3676
    28    6 C        4.1179    -0.0491     1.2784
    29    8 O        2.9624    -0.2777     1.3675
    30    6 C        4.1399    -0.0413     1.2781
    31    1 H        0.9924     0.2035     1.1880
    32    1 H        0.9920     0.1896     1.1880
    33    1 H        0.9924     0.2037     1.1880
    34    1 H        0.9920     0.1629     1.1880
    35    1 H        0.9920     0.1882     1.1880
    36    1 H        0.9918     0.1801     1.1880
    37    1 H        0.9921     0.1731     1.1880
    38    1 H        0.9919     0.1820     1.1880
    39    1 H        0.9920     0.1898     1.1880
--------------------------------------------------
     Σ                          3.0000
--------------------------------------------------

Electrostatic energy:    1.4822617253920E+00 Eh

[Info] JSON dump of results written to 'multicharge.json'
