Charge model parameter:
------------------------------------------------------
   Z          chi/Eh     kcn/Eh     eta/Eh     rad/AA
------------------------------------------------------
  93 Np       1.1090     0.0071     0.5649     0.7462
   4 Be       0.9967    -0.0267     0.6200     0.8028
   8 O        1.5687     0.1169     0.6793     0.6518
------------------------------------------------------

Electrostatic properties (in atomic units):
--------------------------------------------------
     #    Z              CN          q        chi
--------------------------------------------------
     1   93 Np       3.8149     0.7082     1.0952
     2    4 Be       1.8277     0.2967     1.0327
     3    4 Be       1.8291     0.2964     1.0327
     4    8 O        0.9994    -0.6527     1.4518
     5    8 O        0.9994    -0.6485     1.4518
--------------------------------------------------
     Σ                          0.0000
--------------------------------------------------

Electrostatic energy:   -2.5054977417158E-01 Eh

[Info] JSON dump of results written to 'multicharge.json'
