[Info] Molecular charge read from './.CHRG'
[Info] Molecular spin read from './.UHF'
xTB calculator
 | Coulomb electrostatics
 |  * isotropic Klopman-Ohno electrostatics
 |  * onsite third-order electrostatics
CEH guess
integral cutoff           4.0000000000000E+01 bohr

Atomic charges (in atomic units):
---------------------------------------------------------
     #    Z                 q
---------------------------------------------------------
     1  103 Lr       0.932725
     2   17 Cl      -0.577490
     3   51 Sb      -1.596990
     4   34 Se      -1.324548
     5   52 Te      -1.433697
---------------------------------------------------------

Atomic dipole moments (in atomic units):
---------------------------------------------------------
     #    Z                 x            y            z
---------------------------------------------------------
     1  103 Lr       0.181707     0.195788     0.029329
     2   17 Cl      -0.060806    -0.053107     0.002869
     3   51 Sb       0.020386    -0.042362     0.008072
     4   34 Se      -0.008794     0.001946    -0.014007
     5   52 Te       0.041850    -0.029311    -0.058741
---------------------------------------------------------
           total     1.097751    10.640701    -2.948213
---------------------------------------------------------

[Info] JSON dump of results written to 'tblite.json'
