Charge model parameter:
------------------------------------------------------
   Z          chi/Eh     kcn/Eh     eta/Eh     rad/AA
------------------------------------------------------
  98 Cf       1.0089     0.0039     0.6196     0.6803
  35 Br       1.3980     0.0801     0.3934     1.5631
------------------------------------------------------

Electrostatic properties (in atomic units):
--------------------------------------------------
     #    Z              CN          q        chi
--------------------------------------------------
     1   98 Cf       5.8347     0.7410     0.9995
     2   35 Br       1.6847    -0.0867     1.2941
     3   35 Br       1.0066    -0.2073     1.3177
     4   35 Br       1.0066    -0.2051     1.3177
     5   35 Br       1.7276    -0.0809     1.2928
     6   35 Br       1.6855    -0.0834     1.2941
     7   35 Br       1.7287    -0.0777     1.2927
--------------------------------------------------
     Σ                         -0.0000
--------------------------------------------------

Electrostatic energy:   -1.1390883921652E-01 Eh

[Info] JSON dump of results written to 'multicharge.json'
