[Info] Molecular charge read from './.CHRG'
[Info] Molecular spin read from './.UHF'
xTB calculator
 | Coulomb electrostatics
 |  * isotropic Klopman-Ohno electrostatics
 |  * onsite third-order electrostatics
CEH guess
integral cutoff           4.0000000000000E+01 bohr

Atomic charges (in atomic units):
---------------------------------------------------------
     #    Z                 q
---------------------------------------------------------
     1  101 Md       0.806192
     2    7 N       -0.026108
     3    6 C        0.031561
     4    6 C       -0.012925
     5    6 C        0.028824
     6    6 C        0.008851
     7    6 C        0.068371
     8    6 C        0.066860
     9    6 C        0.005978
    10    6 C        0.027976
    11    6 C       -0.014619
    12    6 C        0.029276
    13    7 N       -0.043633
    14    1 H        0.058342
    15    1 H        0.048630
    16    1 H        0.047349
    17    1 H        0.050493
    18    1 H        0.049238
    19    1 H        0.046127
    20    1 H        0.048168
    21    1 H        0.054502
    22    6 C       -0.078671
    23    6 C        0.125720
    24    6 C       -0.180316
    25    6 C        0.134084
    26    8 O       -0.256170
    27    6 C       -0.092189
    28    8 O       -0.220666
    29    1 H        0.048045
    30    1 H        0.050013
    31    1 H        0.049710
    32    1 H        0.045326
    33    1 H        0.046437
    34    1 H        0.049069
    35    1 H        0.052729
    36    6 C       -0.094786
    37    6 C       -0.015339
    38    8 O       -0.380962
    39    1 H        0.052712
    40    1 H        0.019451
    41    1 H        0.023553
    42    1 H        0.032980
    43    1 H        0.049938
    44    6 C        0.004322
    45    6 C       -0.049425
    46    6 C       -0.049882
    47    6 C       -0.000356
    48    8 O       -0.141777
    49    1 H        0.031497
    50    1 H        0.059201
    51    1 H        0.038315
    52    1 H        0.069576
    53    1 H        0.069549
    54    1 H        0.035029
    55    1 H        0.036493
    56    1 H        0.057338
---------------------------------------------------------

Atomic dipole moments (in atomic units):
---------------------------------------------------------
     #    Z                 x            y            z
---------------------------------------------------------
     1  101 Md       0.046481     0.147196    -0.268094
     2    7 N        0.202212    -0.081049    -0.014485
     3    6 C       -0.101127    -0.101329    -0.062344
     4    6 C       -0.024169    -0.014045    -0.010315
     5    6 C       -0.008260     0.005346     0.002913
     6    6 C       -0.056775     0.013634     0.002132
     7    6 C       -0.103454     0.100961     0.036816
     8    6 C       -0.099636     0.107263     0.029499
     9    6 C       -0.011916     0.052527     0.019152
    10    6 C       -0.006662     0.008794     0.002287
    11    6 C        0.017149     0.019146     0.011117
    12    6 C        0.120595     0.081781     0.055644
    13    7 N        0.070897    -0.209151    -0.082342
    14    1 H       -0.053967     0.112083     0.049233
    15    1 H        0.085099     0.090308     0.052979
    16    1 H        0.130574    -0.032812    -0.001329
    17    1 H        0.042248    -0.116810    -0.053970
    18    1 H        0.124694    -0.050983    -0.000530
    19    1 H        0.024299    -0.122713    -0.048862
    20    1 H       -0.106716    -0.068181    -0.047129
    21    1 H       -0.118706     0.059066     0.006065
    22    6 C        0.051215     0.051166    -0.051020
    23    6 C       -0.011374    -0.068899    -0.086364
    24    6 C        0.004836    -0.008782    -0.028296
    25    6 C        0.048191     0.023056    -0.106652
    26    8 O       -0.028886    -0.004824     0.070937
    27    6 C       -0.033947    -0.064533    -0.035926
    28    8 O        0.016778     0.046058     0.057895
    29    1 H       -0.008277     0.064148     0.129154
    30    1 H        0.069591    -0.125788     0.000933
    31    1 H       -0.126237    -0.012510    -0.069235
    32    1 H       -0.022590     0.028181     0.126964
    33    1 H       -0.050565     0.001280     0.134969
    34    1 H       -0.038991     0.112256    -0.081064
    35    1 H        0.142372    -0.022894    -0.009608
    36    6 C       -0.074098    -0.056221    -0.010871
    37    6 C       -0.004798    -0.087798     0.170888
    38    8 O        0.046251     0.050240    -0.078878
    39    1 H        0.031199     0.079952    -0.111973
    40    1 H        0.103587    -0.095179     0.028646
    41    1 H       -0.035959     0.078117     0.115277
    42    1 H        0.030388    -0.063422    -0.097352
    43    1 H       -0.084767     0.082528    -0.029564
    44    6 C       -0.042823    -0.079389     0.221868
    45    6 C        0.073629     0.015070     0.102258
    46    6 C        0.118054    -0.040795    -0.022910
    47    6 C        0.145756     0.066479    -0.180359
    48    8 O       -0.113179     0.024844    -0.043789
    49    1 H        0.022172     0.124684    -0.003818
    50    1 H        0.075216    -0.068499    -0.089549
    51    1 H       -0.014447    -0.126610    -0.031084
    52    1 H       -0.049052     0.090131    -0.084817
    53    1 H       -0.113539    -0.067769     0.017611
    54    1 H       -0.000687     0.127974     0.024487
    55    1 H       -0.020757    -0.124888     0.008328
    56    1 H        0.006715     0.061244     0.120771
---------------------------------------------------------
           total     0.845237    -2.672432    -0.338206
---------------------------------------------------------

[Info] JSON dump of results written to 'tblite.json'
