[Info] Molecular spin read from './.UHF'
xTB calculator
 | Coulomb electrostatics
 |  * isotropic Klopman-Ohno electrostatics
 |  * onsite third-order electrostatics
CEH guess
integral cutoff           4.0000000000000E+01 bohr

Atomic charges (in atomic units):
---------------------------------------------------------
     #    Z                 q
---------------------------------------------------------
     1   95 Am       0.793950
     2    9 F       -0.264527
     3    9 F       -0.264624
     4    9 F       -0.264799
---------------------------------------------------------

Atomic dipole moments (in atomic units):
---------------------------------------------------------
     #    Z                 x            y            z
---------------------------------------------------------
     1   95 Am      -0.041804    -0.059251     0.102738
     2    9 F       -0.022078    -0.031700    -0.056971
     3    9 F       -0.022388     0.065081    -0.002032
     4    9 F        0.068823     0.001033    -0.001846
---------------------------------------------------------
           total    -0.393325    -0.555173     0.977863
---------------------------------------------------------

[Info] JSON dump of results written to 'tblite.json'
