[Info] Molecular charge read from '.CHRG'

Charge model parameter:
------------------------------------------------------
   Z          chi/Eh     kcn/Eh     eta/Eh     rad/AA
------------------------------------------------------
  97 Bk       1.1683     0.0046     0.5532     0.7618
   7 N        1.5582     0.0928     0.6565     0.6998
   6 C        1.4003     0.0601     0.6166     0.9994
   1 H        1.2370     0.0492     1.0964     0.2919
   8 O        1.5687     0.1169     0.6793     0.6518
------------------------------------------------------

Electrostatic properties (in atomic units):
--------------------------------------------------
     #    Z              CN          q        chi
--------------------------------------------------
     1   97 Bk       7.6691     0.7065     1.1555
     2    7 N        3.8854    -0.5559     1.3753
     3    6 C        4.0158    -0.0284     1.2799
     4    6 C        4.0436    -0.0333     1.2795
     5    7 N        3.8489    -0.4066     1.3761
     6    6 C        3.9941    -0.0369     1.2803
     7    6 C        3.9754    -0.0258     1.2805
     8    7 N        3.7957    -0.5534     1.3774
     9    1 H        0.9977     0.2561     1.1878
    10    1 H        1.0068     0.2371     1.1876
    11    1 H        0.9910     0.1151     1.1880
    12    1 H        0.9918     0.1251     1.1880
    13    1 H        0.9915     0.1235     1.1880
    14    1 H        0.9906     0.1131     1.1880
    15    1 H        1.0135     0.2295     1.1875
    16    1 H        0.9912     0.1181     1.1880
    17    1 H        0.9906     0.1142     1.1880
    18    1 H        0.9912     0.1195     1.1880
    19    1 H        0.9918     0.1218     1.1880
    20    1 H        0.9967     0.2539     1.1879
    21    1 H        1.0001     0.2760     1.1878
    22    7 N        3.8753    -0.5497     1.3755
    23    6 C        4.0208    -0.0189     1.2799
    24    6 C        4.0154    -0.0190     1.2799
    25    7 N        3.8730    -0.5578     1.3756
    26    1 H        0.9981     0.2445     1.1878
    27    1 H        1.0011     0.2636     1.1878
    28    1 H        0.9910     0.1211     1.1880
    29    1 H        0.9912     0.1415     1.1880
    30    1 H        0.9913     0.1423     1.1880
    31    1 H        0.9911     0.1209     1.1880
    32    1 H        0.9972     0.2393     1.1879
    33    1 H        1.0015     0.2446     1.1878
    34    6 C        0.9994     0.0373     1.3402
    35    8 O        0.9994    -0.3032     1.4518
    36    7 N        3.4721     0.1649     1.3853
    37    8 O        1.8509    -0.2451     1.4096
    38    8 O        1.9144    -0.2349     1.4069
    39    8 O        1.0017    -0.2359     1.4517
    40    7 N        3.8637    -0.7227     1.3758
    41    1 H        0.9967     0.2525     1.1879
    42    1 H        0.9969     0.2797     1.1879
    43    1 H        0.9984     0.2849     1.1878
    44    6 C        3.9532    -0.1995     1.2809
    45    6 C        4.0027    -0.0055     1.2801
    46    8 O        1.9899    -0.3551     1.4038
    47    1 H        0.9916     0.1269     1.1880
    48    1 H        0.9912     0.1229     1.1880
    49    1 H        0.9910     0.1151     1.1880
    50    1 H        0.9899     0.1516     1.1880
    51    1 H        0.9890     0.1245     1.1881
--------------------------------------------------
     Σ                          1.0000
--------------------------------------------------

Electrostatic energy:    1.0762377190314E-01 Eh

[Info] JSON dump of results written to 'multicharge.json'
