[Info] Molecular charge read from '.CHRG'

Charge model parameter:
------------------------------------------------------
   Z          chi/Eh     kcn/Eh     eta/Eh     rad/AA
------------------------------------------------------
  91 Pa       1.0721     0.0037     0.5511     0.7643
   6 C        1.4003     0.0601     0.6166     0.9994
   8 O        1.5687     0.1169     0.6793     0.6518
   1 H        1.2370     0.0492     1.0964     0.2919
   7 N        1.5582     0.0928     0.6565     0.6998
  53 I        1.4034     0.0897     0.3054     2.0116
------------------------------------------------------

Electrostatic properties (in atomic units):
--------------------------------------------------
     #    Z              CN          q        chi
--------------------------------------------------
     1   91 Pa       7.6497     0.9370     1.0618
     2    6 C        3.0158    -0.0303     1.2960
     3    6 C        3.0099    -0.0378     1.2961
     4    6 C        3.0163    -0.0388     1.2960
     5    6 C        3.0207     0.0343     1.2959
     6    6 C        3.0171    -0.0322     1.2960
     7    6 C        3.0098    -0.0348     1.2961
     8    6 C        3.9028     0.2698     1.2816
     9    8 O        1.9908    -0.3655     1.4037
    10    8 O        1.9907    -0.3368     1.4037
    11    1 H        0.9928     0.1808     1.1880
    12    1 H        0.9930     0.1768     1.1880
    13    1 H        0.9929     0.1704     1.1880
    14    1 H        0.9929     0.1826     1.1880
    15    1 H        0.9930     0.1802     1.1880
    16    6 C        3.0661     0.1087     1.2951
    17    6 C        3.2085     0.0633     1.2927
    18    7 N        2.9799    -0.3522     1.3980
    19    6 C        3.1426     0.0727     1.2938
    20    6 C        3.0666     0.1083     1.2951
    21    7 N        2.0164    -0.2933     1.4264
    22    1 H        0.9925     0.1795     1.1880
    23    1 H        0.9928     0.1477     1.1880
    24    1 H        0.9928     0.1603     1.1880
    25    1 H        0.9925     0.1779     1.1880
    26   53 I        1.0024     0.1228     1.3136
    27    6 C        3.0157    -0.0307     1.2960
    28    6 C        3.0095    -0.0378     1.2961
    29    6 C        3.0163    -0.0367     1.2960
    30    6 C        3.0204     0.0337     1.2959
    31    6 C        3.0164    -0.0358     1.2960
    32    6 C        3.0095    -0.0362     1.2961
    33    6 C        3.9059     0.2678     1.2816
    34    8 O        1.9924    -0.3366     1.4037
    35    8 O        1.9891    -0.3593     1.4038
    36    1 H        0.9928     0.1804     1.1880
    37    1 H        0.9930     0.1770     1.1880
    38    1 H        0.9929     0.1755     1.1880
    39    1 H        0.9929     0.1775     1.1880
    40    1 H        0.9930     0.1790     1.1880
    41    6 C        1.8633     0.1497     1.3183
    42    8 O        0.9996    -0.2191     1.4518
--------------------------------------------------
     Σ                          2.0000
--------------------------------------------------

Electrostatic energy:    9.2330671582290E-01 Eh

[Info] JSON dump of results written to 'multicharge.json'
