[Info] Molecular charge read from '.CHRG'

Charge model parameter:
------------------------------------------------------
   Z          chi/Eh     kcn/Eh     eta/Eh     rad/AA
------------------------------------------------------
  91 Pa       1.0721     0.0037     0.5511     0.7643
  32 Ge       1.1539    -0.0269     0.5152     1.0516
  35 Br       1.3980     0.0801     0.3934     1.5631
------------------------------------------------------

Electrostatic properties (in atomic units):
--------------------------------------------------
     #    Z              CN          q        chi
--------------------------------------------------
     1   91 Pa       1.9951     0.8030     1.0668
     2   32 Ge       0.9982     0.6776     1.1808
     3   35 Br       0.9979     0.5195     1.3180
--------------------------------------------------
     Σ                          2.0000
--------------------------------------------------

Electrostatic energy:    1.1706880914499E+00 Eh

[Info] JSON dump of results written to 'multicharge.json'
