xTB calculator
 | Coulomb electrostatics
 |  * isotropic Klopman-Ohno electrostatics
 |  * onsite third-order electrostatics
CEH guess
integral cutoff           2.3650283084401E+01 bohr

Atomic charges (in atomic units):
---------------------------------------------------------
     #    Z                 q
---------------------------------------------------------
     1   90 Th       0.784179
     2    7 N        0.344575
     3    8 O       -0.166758
     4    8 O       -0.219903
     5    8 O       -0.237042
     6    6 C       -0.094457
     7    6 C        0.191268
     8    7 N       -0.040714
     9    1 H        0.087977
    10    1 H        0.069092
    11    1 H        0.071038
    12    6 C       -0.230042
    13    7 N       -0.289627
    14    6 C       -0.024999
    15    8 O       -0.349032
    16    1 H        0.039376
    17    1 H        0.031772
    18    1 H        0.037951
    19    7 N        0.167519
    20    8 O       -0.110875
    21    8 O       -0.271908
    22    6 C       -0.003175
    23    6 C       -0.032248
    24    6 C        0.011723
    25    6 C        0.017703
    26    6 C        0.000461
    27    6 C       -0.035158
    28    6 C        0.281568
    29    8 O       -0.213132
    30    8 O       -0.093858
    31    1 H        0.037746
    32    1 H        0.035699
    33    1 H        0.035617
    34    1 H        0.028486
    35    1 H        0.034392
    36    1 H        0.104786
---------------------------------------------------------

Atomic dipole moments (in atomic units):
---------------------------------------------------------
     #    Z                 x            y            z
---------------------------------------------------------
     1   90 Th      -0.031897     0.038809    -0.080479
     2    7 N        0.018425     0.048589     0.028834
     3    8 O        0.069996     0.180878     0.110078
     4    8 O       -0.135881     0.033403    -0.193105
     5    8 O        0.064898    -0.214891     0.080889
     6    6 C       -0.001874     0.000051    -0.001763
     7    6 C        0.150731     0.061663     0.199558
     8    7 N       -0.003718    -0.038033     0.001274
     9    1 H       -0.050722     0.143379    -0.001453
    10    1 H        0.143121    -0.010286    -0.044660
    11    1 H       -0.033211    -0.079775     0.124319
    12    6 C       -0.053526    -0.090906    -0.101667
    13    7 N        0.008499     0.046957     0.016133
    14    6 C        0.061005     0.154515    -0.153486
    15    8 O       -0.064608    -0.092789     0.100311
    16    1 H        0.026613     0.048218     0.124820
    17    1 H        0.067982    -0.114316    -0.023964
    18    1 H       -0.135341    -0.021751    -0.013472
    19    7 N        0.309476    -0.103688    -0.054378
    20    8 O       -0.086142    -0.069744     0.136133
    21    8 O       -0.096151     0.149451    -0.127681
    22    6 C        0.008181    -0.010851     0.009127
    23    6 C       -0.009041    -0.004699     0.011529
    24    6 C       -0.004101    -0.022741     0.031839
    25    6 C        0.031293    -0.034650     0.026356
    26    6 C        0.032630    -0.015886     0.001460
    27    6 C        0.013959    -0.000986    -0.006532
    28    6 C        0.000150    -0.065409     0.077563
    29    8 O       -0.095178     0.011295     0.038010
    30    8 O        0.099281    -0.015381    -0.039113
    31    1 H       -0.078240     0.087325    -0.067125
    32    1 H        0.047887     0.061200    -0.108820
    33    1 H        0.127039    -0.027656    -0.040608
    34    1 H       -0.045736    -0.064414     0.110360
    35    1 H       -0.123879     0.023821     0.043147
    36    1 H        0.046234    -0.041046     0.020829
---------------------------------------------------------
           total    -0.985473     0.093020     0.888444
---------------------------------------------------------

[Info] JSON dump of results written to 'tblite.json'
