xTB calculator
 | Coulomb electrostatics
 |  * isotropic Klopman-Ohno electrostatics
 |  * onsite third-order electrostatics
CEH guess
integral cutoff           2.6515720764954E+01 bohr

Atomic charges (in atomic units):
---------------------------------------------------------
     #    Z                 q
---------------------------------------------------------
     1   90 Th       0.960282
     2   35 Br      -0.240268
     3   35 Br      -0.239976
     4   35 Br      -0.240387
     5   35 Br      -0.239652
---------------------------------------------------------

Atomic dipole moments (in atomic units):
---------------------------------------------------------
     #    Z                 x            y            z
---------------------------------------------------------
     1   90 Th       0.015426     0.000718    -0.007635
     2   35 Br      -0.017813    -0.015670     0.000991
     3   35 Br      -0.007818     0.021476    -0.006174
     4   35 Br       0.010700     0.001289     0.020896
     5   35 Br       0.015551    -0.007053    -0.016104
---------------------------------------------------------
           total     0.027598     0.000873    -0.010341
---------------------------------------------------------

[Info] JSON dump of results written to 'tblite.json'
