xTB calculator
 | Coulomb electrostatics
 |  * isotropic Klopman-Ohno electrostatics
 |  * onsite third-order electrostatics
CEH guess
integral cutoff           4.0000000000000E+01 bohr

Atomic charges (in atomic units):
---------------------------------------------------------
     #    Z                 q
---------------------------------------------------------
     1  103 Lr       0.498971
     2    6 C        0.062535
     3    8 O       -0.215180
     4   15 P        0.515701
     5    8 O       -0.187565
     6    6 C        0.066154
     7    8 O       -0.177979
     8    6 C        0.061088
     9    1 H        0.036070
    10    1 H        0.045000
    11    1 H        0.039174
    12    1 H        0.050258
    13    1 H        0.044228
    14    1 H        0.050763
    15    1 H        0.053323
    16    1 H        0.047448
    17    1 H        0.046969
    18   35 Br      -0.336189
    19    6 C        0.007730
    20    6 C       -0.029303
    21    6 C        0.020117
    22    6 C       -0.025286
    23    6 C        0.003089
    24    6 C       -0.035022
    25    6 C        0.276337
    26    8 O       -0.140346
    27    8 O       -0.129172
    28    1 H        0.041783
    29    1 H        0.039797
    30    1 H        0.039919
    31    1 H        0.026920
    32    1 H        0.035129
    33    1 H        0.196141
    34    6 C       -0.229489
    35    7 N       -0.278997
    36   16 S       -0.217905
    37    6 C        0.042617
    38    7 N       -0.344828
---------------------------------------------------------

Atomic dipole moments (in atomic units):
---------------------------------------------------------
     #    Z                 x            y            z
---------------------------------------------------------
     1  103 Lr      -0.427300    -0.106566     0.372331
     2    6 C       -0.276632     0.120712    -0.051028
     3    8 O        0.068379     0.001015    -0.012289
     4   15 P        0.042237    -0.001073     0.005431
     5    8 O        0.069470     0.026265     0.008027
     6    6 C       -0.136614    -0.201585    -0.172780
     7    8 O        0.050653    -0.041677    -0.036401
     8    6 C        0.005245     0.222428     0.196952
     9    1 H        0.037899     0.024266     0.132266
    10    1 H        0.086456     0.064119    -0.088687
    11    1 H       -0.001863    -0.138109    -0.024639
    12    1 H       -0.102068     0.051968     0.078803
    13    1 H        0.050486     0.090495    -0.090061
    14    1 H        0.096378    -0.065561     0.078521
    15    1 H       -0.136982    -0.028495    -0.013444
    16    1 H        0.071365    -0.106294     0.057189
    17    1 H        0.056945     0.053472    -0.115204
    18   35 Br      -0.081184    -0.095611     0.116495
    19    6 C        0.020316    -0.000161    -0.006860
    20    6 C        0.008131    -0.013289    -0.007723
    21    6 C        0.043963    -0.021998    -0.025520
    22    6 C        0.047497     0.002093    -0.011468
    23    6 C        0.045851     0.026810    -0.004869
    24    6 C        0.009556     0.015202     0.003784
    25    6 C        0.072274     0.099907     0.047630
    26    8 O       -0.046869     0.041819     0.047028
    27    8 O       -0.084779    -0.051808     0.024858
    28    1 H       -0.125187    -0.039808     0.032631
    29    1 H       -0.083478     0.086133     0.059911
    30    1 H        0.032994     0.130429     0.027981
    31    1 H        0.081973    -0.083157    -0.060442
    32    1 H       -0.035953    -0.124542    -0.029039
    33    1 H       -0.053953    -0.002581     0.100860
    34    6 C        0.110416     0.134758     0.044859
    35    7 N       -0.013964    -0.029309    -0.012726
    36   16 S       -0.089820     0.099326     0.090501
    37    6 C        0.053303    -0.059389    -0.054280
    38    7 N       -0.051503     0.067855     0.072925
---------------------------------------------------------
           total     2.198197     0.101010     0.973199
---------------------------------------------------------

[Info] JSON dump of results written to 'tblite.json'
