Charge model parameter:
------------------------------------------------------
   Z          chi/Eh     kcn/Eh     eta/Eh     rad/AA
------------------------------------------------------
  96 Cm       1.1100     0.0071     0.5609     0.7515
  17 Cl       1.4815     0.1368     0.7586     0.7238
------------------------------------------------------

Electrostatic properties (in atomic units):
--------------------------------------------------
     #    Z              CN          q        chi
--------------------------------------------------
     1   96 Cm       3.9559     0.5809     1.0959
     2   17 Cl       0.9927    -0.1452     1.3452
     3   17 Cl       0.9927    -0.1452     1.3452
     4   17 Cl       0.9927    -0.1453     1.3452
     5   17 Cl       0.9928    -0.1452     1.3452
--------------------------------------------------
     Σ                         -0.0000
--------------------------------------------------

Electrostatic energy:   -7.2408220935677E-02 Eh

[Info] JSON dump of results written to 'multicharge.json'
