[Info] Molecular charge read from '.CHRG'

Charge model parameter:
------------------------------------------------------
   Z          chi/Eh     kcn/Eh     eta/Eh     rad/AA
------------------------------------------------------
  91 Pa       1.0721     0.0037     0.5511     0.7643
  14 Si       1.1231    -0.0496     0.6494     0.8153
   3 Li       0.5434    -0.1235     0.9742     0.4791
   4 Be       0.9967    -0.0267     0.6200     0.8028
  53 I        1.4034     0.0897     0.3054     2.0116
------------------------------------------------------

Electrostatic properties (in atomic units):
--------------------------------------------------
     #    Z              CN          q        chi
--------------------------------------------------
     1   91 Pa       3.8680     0.1902     1.0648
     2   14 Si       2.8823    -0.3509     1.2073
     3    3 Li       2.6616     0.3623     0.7449
     4    4 Be       2.7978     0.0561     1.0412
     5   53 I        0.9871    -1.2577     1.3143
--------------------------------------------------
     Σ                         -1.0000
--------------------------------------------------

Electrostatic energy:   -7.7291995757716E-01 Eh

[Info] JSON dump of results written to 'multicharge.json'
