[Info] Molecular spin read from './.UHF'
xTB calculator
 | Coulomb electrostatics
 |  * isotropic Klopman-Ohno electrostatics
 |  * onsite third-order electrostatics
CEH guess
integral cutoff           4.0000000000000E+01 bohr

Atomic charges (in atomic units):
---------------------------------------------------------
     #    Z                 q
---------------------------------------------------------
     1  102 No       0.448339
     2    3 Li       0.156311
     3    1 H       -0.377514
     4    1 H       -0.227135
---------------------------------------------------------

Atomic dipole moments (in atomic units):
---------------------------------------------------------
     #    Z                 x            y            z
---------------------------------------------------------
     1  102 No       0.209969     0.413874     1.174741
     2    3 Li       0.118036    -0.387944    -0.488623
     3    1 H        0.001387     0.042735    -0.009222
     4    1 H        0.065150     0.028727     0.014713
---------------------------------------------------------
           total    -0.091937    -1.574667     0.575953
---------------------------------------------------------

[Info] JSON dump of results written to 'tblite.json'
