[Info] Molecular spin read from './.UHF'
xTB calculator
 | Coulomb electrostatics
 |  * isotropic Klopman-Ohno electrostatics
 |  * onsite third-order electrostatics
CEH guess
integral cutoff           4.0000000000000E+01 bohr

Atomic charges (in atomic units):
---------------------------------------------------------
     #    Z                 q
---------------------------------------------------------
     1   94 Pu       0.398796
     2   35 Br      -0.070015
     3   35 Br      -0.070016
     4   35 Br      -0.065671
     5   35 Br      -0.065672
     6   35 Br      -0.063712
     7   35 Br      -0.063711
---------------------------------------------------------

Atomic dipole moments (in atomic units):
---------------------------------------------------------
     #    Z                 x            y            z
---------------------------------------------------------
     1   94 Pu      -0.000002     0.000000    -0.000001
     2   35 Br       0.000038    -0.000042     0.110104
     3   35 Br      -0.000038     0.000042    -0.110104
     4   35 Br       0.000145    -0.109830     0.000038
     5   35 Br      -0.000145     0.109830    -0.000038
     6   35 Br      -0.109712     0.000142    -0.000034
     7   35 Br       0.109712    -0.000142     0.000034
---------------------------------------------------------
           total     0.000003    -0.000001     0.000003
---------------------------------------------------------

[Info] JSON dump of results written to 'tblite.json'
