[Info] Molecular charge read from '.CHRG'

Charge model parameter:
------------------------------------------------------
   Z          chi/Eh     kcn/Eh     eta/Eh     rad/AA
------------------------------------------------------
  92 U        1.0982     0.0042     0.6173     0.6828
   6 C        1.4003     0.0601     0.6166     0.9994
   8 O        1.5687     0.1169     0.6793     0.6518
   1 H        1.2370     0.0492     1.0964     0.2919
  15 P        1.5267     0.1425     0.7308     0.7313
   7 N        1.5582     0.0928     0.6565     0.6998
  17 Cl       1.4815     0.1368     0.7586     0.7238
------------------------------------------------------

Electrostatic properties (in atomic units):
--------------------------------------------------
     #    Z              CN          q        chi
--------------------------------------------------
     1   92 U        7.1872     0.7356     1.0870
     2    6 C        3.0149    -0.0625     1.2960
     3    6 C        3.0121    -0.0657     1.2961
     4    6 C        3.0167    -0.0554     1.2960
     5    6 C        3.0201     0.0206     1.2959
     6    6 C        3.0165    -0.0623     1.2960
     7    6 C        3.0120    -0.0685     1.2961
     8    6 C        3.8561     0.2693     1.2824
     9    8 O        1.9749    -0.3637     1.4044
    10    8 O        1.9799    -0.3078     1.4042
    11    1 H        0.9928     0.1475     1.1880
    12    1 H        0.9929     0.1475     1.1880
    13    1 H        0.9930     0.1584     1.1880
    14    1 H        0.9929     0.1447     1.1880
    15    1 H        0.9929     0.1445     1.1880
    16    6 C        3.9570    -0.1972     1.2808
    17   15 P        3.9457     0.0808     1.2437
    18    6 C        3.9563    -0.2095     1.2808
    19    6 C        3.9573    -0.2145     1.2808
    20    1 H        0.9925     0.1238     1.1880
    21    1 H        0.9929     0.1544     1.1880
    22    1 H        0.9936     0.1440     1.1879
    23    1 H        0.9925     0.1240     1.1880
    24    1 H        0.9931     0.1304     1.1880
    25    1 H        0.9930     0.1381     1.1880
    26    1 H        0.9925     0.1237     1.1880
    27    1 H        0.9938     0.1354     1.1879
    28    1 H        0.9933     0.1316     1.1880
    29    6 C        3.9583    -0.1423     1.2808
    30    6 C        2.0096     0.1163     1.3152
    31    7 N        1.9427    -0.3096     1.4289
    32    1 H        0.9918     0.1431     1.1880
    33    1 H        0.9918     0.1443     1.1880
    34    1 H        0.9918     0.1409     1.1880
    35    7 N        2.0019    -0.2742     1.4269
    36    7 N        2.0832     0.0558     1.4243
    37    7 N        1.0054    -0.2396     1.4651
    38   17 Cl       0.9952    -0.1024     1.3451
    39    6 C        3.9583    -0.1499     1.2808
    40    6 C        2.0078     0.0997     1.3152
    41    7 N        1.9424    -0.3436     1.4289
    42    1 H        0.9918     0.1311     1.1880
    43    1 H        0.9918     0.1389     1.1880
    44    1 H        0.9918     0.1446     1.1880
--------------------------------------------------
     Σ                          1.0000
--------------------------------------------------

Electrostatic energy:    3.0855159041179E-01 Eh

[Info] JSON dump of results written to 'multicharge.json'
