[Info] Molecular charge read from '.CHRG'

Charge model parameter:
------------------------------------------------------
   Z          chi/Eh     kcn/Eh     eta/Eh     rad/AA
------------------------------------------------------
  93 Np       1.1090     0.0071     0.5649     0.7462
   7 N        1.5582     0.0928     0.6565     0.6998
   6 C        1.4003     0.0601     0.6166     0.9994
   1 H        1.2370     0.0492     1.0964     0.2919
  15 P        1.5267     0.1425     0.7308     0.7313
   8 O        1.5687     0.1169     0.6793     0.6518
------------------------------------------------------

Electrostatic properties (in atomic units):
--------------------------------------------------
     #    Z              CN          q        chi
--------------------------------------------------
     1   93 Np       5.2276     0.8444     1.0928
     2    7 N        3.0025    -0.3408     1.3974
     3    6 C        3.3032     0.0738     1.2911
     4    6 C        3.0074    -0.0213     1.2961
     5    6 C        3.0208    -0.0091     1.2959
     6    6 C        3.0108    -0.0311     1.2961
     7    6 C        3.2703     0.1451     1.2917
     8    6 C        3.2546     0.1459     1.2919
     9    6 C        3.0103    -0.0290     1.2961
    10    6 C        3.0215    -0.0046     1.2959
    11    6 C        3.0069    -0.0089     1.2962
    12    6 C        3.2710     0.0835     1.2917
    13    7 N        3.0008    -0.3442     1.3974
    14    1 H        0.9936     0.1521     1.1879
    15    1 H        0.9929     0.1896     1.1880
    16    1 H        0.9927     0.2023     1.1880
    17    1 H        0.9931     0.1704     1.1880
    18    1 H        0.9931     0.1711     1.1880
    19    1 H        0.9927     0.2052     1.1880
    20    1 H        0.9929     0.1996     1.1880
    21    1 H        0.9926     0.1672     1.1880
    22    6 C        3.9573    -0.1695     1.2808
    23   15 P        4.2490     0.1969     1.2330
    24    8 O        1.9949    -0.3866     1.4036
    25    6 C        3.9572    -0.1614     1.2808
    26    6 C        3.9573    -0.1658     1.2808
    27    1 H        0.9938     0.1629     1.1879
    28    1 H        0.9944     0.1732     1.1879
    29    1 H        0.9938     0.1705     1.1879
    30    1 H        0.9944     0.1748     1.1879
    31    1 H        0.9938     0.1760     1.1879
    32    1 H        0.9938     0.1758     1.1879
    33    1 H        0.9945     0.1732     1.1879
    34    1 H        0.9938     0.1680     1.1879
    35    1 H        0.9939     0.1740     1.1879
    36    6 C        4.0790     0.0082     1.2790
    37    8 O        1.9886    -0.3848     1.4038
    38    1 H        0.9919     0.1877     1.1880
    39    1 H        0.9919     0.1891     1.1880
    40    1 H        0.9919     0.1765     1.1880
--------------------------------------------------
     Σ                          3.0000
--------------------------------------------------

Electrostatic energy:    1.5861923223130E+00 Eh

[Info] JSON dump of results written to 'multicharge.json'
