[Info] Molecular spin read from './.UHF'
xTB calculator
 | Coulomb electrostatics
 |  * isotropic Klopman-Ohno electrostatics
 |  * onsite third-order electrostatics
CEH guess
integral cutoff           4.0000000000000E+01 bohr

Atomic charges (in atomic units):
---------------------------------------------------------
     #    Z                 q
---------------------------------------------------------
     1   95 Am      -0.596303
     2    3 Li       0.291371
     3    3 Li       0.338798
     4    3 Li       0.337654
     5    1 H       -0.371520
---------------------------------------------------------

Atomic dipole moments (in atomic units):
---------------------------------------------------------
     #    Z                 x            y            z
---------------------------------------------------------
     1   95 Am       0.123932     0.975384     0.617774
     2    3 Li       0.534007     0.442983    -0.053757
     3    3 Li      -0.030991    -0.518891     0.324023
     4    3 Li      -0.502997    -0.029515    -0.350723
     5    1 H       -0.129572    -0.040836     0.062835
---------------------------------------------------------
           total     4.376133    -1.564207    -4.231428
---------------------------------------------------------

[Info] JSON dump of results written to 'tblite.json'
