[Info] Molecular spin read from './.UHF'
xTB calculator
 | Coulomb electrostatics
 |  * isotropic Klopman-Ohno electrostatics
 |  * onsite third-order electrostatics
CEH guess
integral cutoff           4.0000000000000E+01 bohr

Atomic charges (in atomic units):
---------------------------------------------------------
     #    Z                 q
---------------------------------------------------------
     1   99 Es       1.131742
     2    4 Be      -0.004447
     3    8 O       -0.375003
     4    8 O       -0.376073
     5    8 O       -0.376219
---------------------------------------------------------

Atomic dipole moments (in atomic units):
---------------------------------------------------------
     #    Z                 x            y            z
---------------------------------------------------------
     1   99 Es      -0.303396    -0.238996     0.027710
     2    4 Be       0.109097     0.089225    -0.008716
     3    8 O       -0.024479     0.021574    -0.008244
     4    8 O        0.004151    -0.008187     0.032597
     5    8 O        0.014659    -0.019467    -0.024560
---------------------------------------------------------
           total    -0.084995    -0.037989     0.021649
---------------------------------------------------------

[Info] JSON dump of results written to 'tblite.json'
