[Info] Molecular charge read from '.CHRG'

Charge model parameter:
------------------------------------------------------
   Z          chi/Eh     kcn/Eh     eta/Eh     rad/AA
------------------------------------------------------
 103 Lr       1.1371     0.0068     0.5937     0.7095
   9 F        1.5754     0.1570     0.7723     0.9393
   7 N        1.5582     0.0928     0.6565     0.6998
   6 C        1.4003     0.0601     0.6166     0.9994
   8 O        1.5687     0.1169     0.6793     0.6518
   1 H        1.2370     0.0492     1.0964     0.2919
  16 S        1.4077     0.0713     0.5171     1.1581
------------------------------------------------------

Electrostatic properties (in atomic units):
--------------------------------------------------
     #    Z              CN          q        chi
--------------------------------------------------
     1  103 Lr       5.7644     0.6619     1.1209
     2    9 F        0.9915    -0.3772     1.4190
     3    7 N        1.9581    -0.3238     1.4283
     4    7 N        2.0038    -0.0150     1.4268
     5    7 N        1.0050    -0.5328     1.4652
     6    6 C        2.9944    -0.2156     1.2964
     7    6 C        3.0014    -0.1991     1.2962
     8    6 C        2.9998    -0.1542     1.2963
     9    6 C        2.9976    -0.0229     1.2963
    10    6 C        2.9994    -0.1498     1.2963
    11    6 C        3.0020    -0.1911     1.2962
    12    6 C        3.0825     0.1867     1.2948
    13    8 O        1.9875    -0.4004     1.4039
    14    8 O        1.9870    -0.5552     1.4039
    15    1 H        0.9916     0.0009     1.1880
    16    1 H        0.9906     0.0074     1.1880
    17    1 H        0.9924     0.0640     1.1880
    18    1 H        0.9925     0.0773     1.1880
    19    1 H        0.9909     0.0165     1.1880
    20    1 H        0.9976     0.2907     1.1878
    21    6 C        1.8938     0.0333     1.3176
    22    7 N        1.0000    -0.5984     1.4654
    23    8 O        1.9169    -0.3665     1.4068
    24   16 S        4.1607     0.6625     1.2623
    25    8 O        0.9992    -0.5589     1.4518
    26    8 O        0.9992    -0.5214     1.4518
    27    6 C        4.0911    -0.1168     1.2788
    28    8 O        1.9862    -0.3923     1.4039
    29    1 H        0.9910     0.0273     1.1880
    30    1 H        0.9911     0.1203     1.1880
    31    1 H        0.9910     0.1348     1.1880
    32    6 C        1.0115    -0.1904     1.3399
    33    7 N        1.9648    -0.4017     1.4281
--------------------------------------------------
     Σ                         -4.0000
--------------------------------------------------

Electrostatic energy:   -3.0491771555323E+00 Eh

[Info] JSON dump of results written to 'multicharge.json'
