Charge model parameter:
------------------------------------------------------
   Z          chi/Eh     kcn/Eh     eta/Eh     rad/AA
------------------------------------------------------
  90 Th       1.0989     0.0159     0.6181     0.6812
   6 C        1.4003     0.0601     0.6166     0.9994
   8 O        1.5687     0.1169     0.6793     0.6518
   1 H        1.2370     0.0492     1.0964     0.2919
   7 N        1.5582     0.0928     0.6565     0.6998
  17 Cl       1.4815     0.1368     0.7586     0.7238
------------------------------------------------------

Electrostatic properties (in atomic units):
--------------------------------------------------
     #    Z              CN          q        chi
--------------------------------------------------
     1   90 Th       7.5739     0.8057     1.0551
     2    6 C        3.9604    -0.1889     1.2808
     3    6 C        3.1212     0.0922     1.2942
     4    6 C        2.9996    -0.0871     1.2963
     5    6 C        3.1188     0.0964     1.2942
     6    8 O        1.9766    -0.3120     1.4043
     7    6 C        3.9602    -0.1861     1.2808
     8    8 O        1.9816    -0.3310     1.4041
     9    1 H        0.9922     0.1010     1.1880
    10    1 H        0.9915     0.1198     1.1880
    11    1 H        0.9915     0.1177     1.1880
    12    1 H        0.9932     0.1038     1.1880
    13    1 H        0.9922     0.1018     1.1880
    14    1 H        0.9910     0.1197     1.1880
    15    1 H        0.9919     0.1234     1.1880
    16    6 C        4.1280     0.0035     1.2783
    17    6 C        3.3124     0.2918     1.2910
    18    8 O        1.0002    -0.3885     1.4518
    19    8 O        1.9919    -0.3295     1.4037
    20    7 N        3.9229    -0.5734     1.3744
    21    1 H        0.9915     0.1261     1.1880
    22    1 H        0.9914     0.1195     1.1880
    23    1 H        1.0045     0.2800     1.1877
    24    1 H        1.0271     0.2637     1.1871
    25    6 C        3.0134    -0.0959     1.2960
    26    6 C        3.0119    -0.0980     1.2961
    27    6 C        3.0152    -0.0736     1.2960
    28    6 C        3.0164     0.0194     1.2960
    29    6 C        3.0172    -0.0777     1.2960
    30    6 C        3.0119    -0.0979     1.2961
    31    6 C        3.2165     0.3055     1.2926
    32    8 O        1.0009    -0.4201     1.4517
    33    8 O        1.9915    -0.3397     1.4037
    34    1 H        0.9928     0.1187     1.1880
    35    1 H        0.9928     0.1183     1.1880
    36    1 H        0.9929     0.1474     1.1880
    37    1 H        0.9929     0.1451     1.1880
    38    1 H        0.9928     0.1210     1.1880
    39    6 C        1.7517     0.1136     1.3208
    40    8 O        0.9995    -0.3306     1.4518
    41   17 Cl       0.9902    -0.1083     1.3454
    42    6 C        3.0770     0.0671     1.2949
    43    6 C        3.1149     0.0490     1.2943
    44    7 N        2.8907    -0.3202     1.4004
    45    6 C        3.1017     0.0416     1.2945
    46    6 C        3.0765     0.0622     1.2950
    47    7 N        2.0147    -0.3629     1.4265
    48    1 H        0.9926     0.1323     1.1880
    49    1 H        0.9927     0.1529     1.1880
    50    1 H        0.9927     0.1343     1.1880
    51    1 H        0.9925     0.1270     1.1880
--------------------------------------------------
     Σ                          0.0000
--------------------------------------------------

Electrostatic energy:   -4.6943259313603E-01 Eh

[Info] JSON dump of results written to 'multicharge.json'
