Charge model parameter:
------------------------------------------------------
   Z          chi/Eh     kcn/Eh     eta/Eh     rad/AA
------------------------------------------------------
  99 Es       1.0593     0.0030     0.5898     0.7145
   6 C        1.4003     0.0601     0.6166     0.9994
   8 O        1.5687     0.1169     0.6793     0.6518
   1 H        1.2370     0.0492     1.0964     0.2919
   7 N        1.5582     0.0928     0.6565     0.6998
------------------------------------------------------

Electrostatic properties (in atomic units):
--------------------------------------------------
     #    Z              CN          q        chi
--------------------------------------------------
     1   99 Es       5.6453     0.9277     1.0522
     2    6 C        3.0142    -0.0844     1.2960
     3    6 C        3.0123    -0.0874     1.2961
     4    6 C        3.0164    -0.0722     1.2960
     5    6 C        3.0187     0.0163     1.2959
     6    6 C        3.0163    -0.0694     1.2960
     7    6 C        3.0125    -0.0861     1.2961
     8    6 C        3.8129     0.2574     1.2830
     9    8 O        1.9493    -0.3729     1.4055
    10    8 O        1.9653    -0.3644     1.4048
    11    1 H        0.9928     0.1254     1.1880
    12    1 H        0.9929     0.1258     1.1880
    13    1 H        0.9930     0.1415     1.1880
    14    1 H        0.9929     0.1468     1.1880
    15    1 H        0.9929     0.1272     1.1880
    16    7 N        1.9997    -0.3373     1.4270
    17    7 N        2.0405     0.0621     1.4256
    18    7 N        1.0055    -0.2658     1.4651
    19    8 O        1.9915    -0.5669     1.4037
    20    1 H        1.0015     0.3055     1.1878
    21    7 N        3.9186    -0.7626     1.3745
    22    1 H        0.9985     0.2797     1.1878
    23    1 H        1.0074     0.2807     1.1876
    24    1 H        0.9985     0.2732     1.1878
--------------------------------------------------
     Σ                          0.0000
--------------------------------------------------

Electrostatic energy:   -3.5365219834678E-01 Eh

[Info] JSON dump of results written to 'multicharge.json'
