Charge model parameter:
------------------------------------------------------
   Z          chi/Eh     kcn/Eh     eta/Eh     rad/AA
------------------------------------------------------
  93 Np       1.1090     0.0071     0.5649     0.7462
  17 Cl       1.4815     0.1368     0.7586     0.7238
------------------------------------------------------

Electrostatic properties (in atomic units):
--------------------------------------------------
     #    Z              CN          q        chi
--------------------------------------------------
     1   93 Np       5.8666     0.6737     1.0919
     2   17 Cl       1.0018    -0.1123     1.3446
     3   17 Cl       1.0018    -0.1123     1.3446
     4   17 Cl       1.0018    -0.1123     1.3446
     5   17 Cl       1.0018    -0.1123     1.3446
     6   17 Cl       1.0018    -0.1123     1.3446
     7   17 Cl       1.0018    -0.1123     1.3446
--------------------------------------------------
     Σ                          0.0000
--------------------------------------------------

Electrostatic energy:   -8.5129402608417E-02 Eh

[Info] JSON dump of results written to 'multicharge.json'
