[Info] Molecular spin read from './.UHF'
xTB calculator
 | Coulomb electrostatics
 |  * isotropic Klopman-Ohno electrostatics
 |  * onsite third-order electrostatics
CEH guess
integral cutoff           4.0000000000000E+01 bohr

Atomic charges (in atomic units):
---------------------------------------------------------
     #    Z                 q
---------------------------------------------------------
     1  101 Md       0.878428
     2    9 F       -0.440320
     3    9 F       -0.438107
---------------------------------------------------------

Atomic dipole moments (in atomic units):
---------------------------------------------------------
     #    Z                 x            y            z
---------------------------------------------------------
     1  101 Md       0.114948     0.334903    -0.176976
     2    9 F        0.019183     0.000998    -0.011886
     3    9 F       -0.011999     0.018963     0.001138
---------------------------------------------------------
           total    -0.455525    -1.247733     0.675790
---------------------------------------------------------

[Info] JSON dump of results written to 'tblite.json'
