xTB calculator
 | Coulomb electrostatics
 |  * isotropic Klopman-Ohno electrostatics
 |  * onsite third-order electrostatics
CEH guess
integral cutoff           4.0000000000000E+01 bohr

Atomic charges (in atomic units):
---------------------------------------------------------
     #    Z                 q
---------------------------------------------------------
     1   94 Pu       0.410510
     2    4 Be       0.889555
     3    8 O       -0.480726
     4    8 O       -0.338018
     5    8 O       -0.481321
---------------------------------------------------------

Atomic dipole moments (in atomic units):
---------------------------------------------------------
     #    Z                 x            y            z
---------------------------------------------------------
     1   94 Pu      -0.174870    -0.267151     0.162478
     2    4 Be       0.532971     0.656266     0.218991
     3    8 O        0.023540    -0.025476     0.001197
     4    8 O       -0.057376    -0.057466    -0.083522
     5    8 O       -0.030243     0.015626     0.007761
---------------------------------------------------------
           total     2.287565     3.121379    -0.629217
---------------------------------------------------------

[Info] JSON dump of results written to 'tblite.json'
