Charge model parameter:
------------------------------------------------------
   Z          chi/Eh     kcn/Eh     eta/Eh     rad/AA
------------------------------------------------------
  96 Cm       1.1100     0.0071     0.5609     0.7515
   7 N        1.5582     0.0928     0.6565     0.6998
   6 C        1.4003     0.0601     0.6166     0.9994
   1 H        1.2370     0.0492     1.0964     0.2919
   8 O        1.5687     0.1169     0.6793     0.6518
  35 Br       1.3980     0.0801     0.3934     1.5631
   9 F        1.5754     0.1570     0.7723     0.9393
------------------------------------------------------

Electrostatic properties (in atomic units):
--------------------------------------------------
     #    Z              CN          q        chi
--------------------------------------------------
     1   96 Cm       7.1918     0.8049     1.0910
     2    7 N        3.8641    -0.5802     1.3758
     3    6 C        3.9941    -0.0371     1.2803
     4    6 C        3.9965    -0.0498     1.2802
     5    7 N        3.8261    -0.4211     1.3767
     6    6 C        4.0224    -0.0482     1.2798
     7    6 C        3.9819    -0.0434     1.2805
     8    7 N        3.8351    -0.5766     1.3765
     9    1 H        1.0015     0.2549     1.1878
    10    1 H        1.0024     0.2400     1.1877
    11    1 H        0.9906     0.0914     1.1880
    12    1 H        0.9916     0.1101     1.1880
    13    1 H        0.9914     0.1119     1.1880
    14    1 H        0.9905     0.0883     1.1880
    15    1 H        1.0082     0.2119     1.1876
    16    1 H        0.9917     0.1190     1.1880
    17    1 H        0.9904     0.0869     1.1880
    18    1 H        0.9907     0.0886     1.1880
    19    1 H        0.9916     0.1032     1.1880
    20    1 H        1.0569     0.2455     1.1864
    21    1 H        0.9964     0.2314     1.1879
    22    6 C        4.0282    -0.0081     1.2798
    23    6 C        3.1333     0.2831     1.2940
    24    8 O        1.0004    -0.4033     1.4517
    25    8 O        1.9742    -0.3541     1.4044
    26    7 N        3.8447    -0.5881     1.3762
    27    1 H        0.9914     0.1089     1.1880
    28    1 H        0.9914     0.1188     1.1880
    29    1 H        0.9972     0.2300     1.1879
    30    1 H        0.9975     0.2339     1.1879
    31   35 Br       0.9866    -0.3343     1.3185
    32    6 C        3.9939    -0.1209     1.2803
    33    8 O        2.8173    -0.4209     1.3725
    34    1 H        0.9914     0.1071     1.1880
    35    1 H        0.9914     0.1107     1.1880
    36    1 H        0.9919     0.1160     1.1880
    37    1 H        1.0744     0.2374     1.1860
    38    9 F        0.9937    -0.3476     1.4189
--------------------------------------------------
     Σ                          0.0000
--------------------------------------------------

Electrostatic energy:   -4.3495217209638E-01 Eh

[Info] JSON dump of results written to 'multicharge.json'
