[Info] Molecular charge read from './.CHRG'
[Info] Molecular spin read from './.UHF'
xTB calculator
 | Coulomb electrostatics
 |  * isotropic Klopman-Ohno electrostatics
 |  * onsite third-order electrostatics
CEH guess
integral cutoff           4.0000000000000E+01 bohr

Atomic charges (in atomic units):
---------------------------------------------------------
     #    Z                 q
---------------------------------------------------------
     1   96 Cm       0.662086
     2    6 C       -0.124189
     3    6 C        0.139842
     4    8 O       -0.359269
     5    8 O       -0.302992
     6    7 N       -0.026529
     7    1 H       -0.003040
     8    1 H        0.076327
     9    1 H        0.059728
    10    1 H        0.087389
    11    8 O       -0.479126
    12   16 S        0.222982
    13    8 O       -0.454767
    14    8 O       -0.478376
    15    6 C        0.040697
    16    8 O       -0.264804
    17   15 P        0.405779
    18    8 O       -0.241493
    19    6 C        0.046510
    20    8 O       -0.172564
    21    6 C       -0.001680
    22    1 H        0.023288
    23    1 H        0.015120
    24    1 H        0.026628
    25    1 H        0.031813
    26    1 H        0.016978
    27    1 H        0.039664
    28    1 H        0.031362
    29    1 H        0.014435
    30    1 H        0.030006
    31   16 S       -0.425013
    32    6 C       -0.029898
    33    7 N       -0.179666
    34    9 F       -0.427226
---------------------------------------------------------

Atomic dipole moments (in atomic units):
---------------------------------------------------------
     #    Z                 x            y            z
---------------------------------------------------------
     1   96 Cm      -0.336576     0.092916     0.003451
     2    6 C        0.016974    -0.000846     0.166255
     3    6 C       -0.013341     0.009054     0.070685
     4    8 O       -0.025883     0.013765     0.081593
     5    8 O       -0.053740    -0.066998    -0.056625
     6    7 N       -0.147409    -0.242145    -0.151822
     7    1 H        0.007022    -0.107975    -0.044495
     8    1 H       -0.088207     0.087175    -0.018935
     9    1 H        0.072288    -0.075321     0.036886
    10    1 H       -0.088766     0.045563     0.035399
    11    8 O       -0.027304     0.021136     0.104125
    12   16 S       -0.023602     0.018450    -0.022326
    13    8 O       -0.005470     0.090502    -0.064543
    14    8 O       -0.067880    -0.077807    -0.037689
    15    6 C       -0.235576     0.135529     0.001500
    16    8 O        0.054486    -0.047744    -0.062393
    17   15 P       -0.026762    -0.032125     0.036300
    18    8 O       -0.041385    -0.014136    -0.078989
    19    6 C        0.225478    -0.069842     0.146024
    20    8 O        0.003120     0.091410     0.073523
    21    6 C       -0.068638    -0.204336    -0.015619
    22    1 H        0.057713    -0.000647     0.129850
    23    1 H        0.081441     0.060243    -0.092293
    24    1 H       -0.023309    -0.127300    -0.045294
    25    1 H        0.034973     0.092380    -0.097835
    26    1 H       -0.095600     0.047013     0.098469
    27    1 H       -0.039032    -0.111889    -0.073466
    28    1 H        0.101727     0.012563    -0.093644
    29    1 H        0.032051    -0.003908     0.139853
    30    1 H       -0.112077     0.075843    -0.035792
    31   16 S        0.036841    -0.065876     0.054242
    32    6 C        0.012820    -0.019813     0.010630
    33    7 N        0.032980    -0.057114     0.033306
    34    9 F        0.043339     0.028553     0.008820
---------------------------------------------------------
           total    -4.134616     0.498875     1.614543
---------------------------------------------------------

[Info] JSON dump of results written to 'tblite.json'
