[Info] Molecular charge read from './.CHRG'
[Info] Molecular spin read from './.UHF'
xTB calculator
 | Coulomb electrostatics
 |  * isotropic Klopman-Ohno electrostatics
 |  * onsite third-order electrostatics
CEH guess
integral cutoff           4.0000000000000E+01 bohr

Atomic charges (in atomic units):
---------------------------------------------------------
     #    Z                 q
---------------------------------------------------------
     1   98 Cf       0.326251
     2    7 N       -0.074840
     3    6 C       -0.033177
     4    6 C       -0.015286
     5    7 N       -0.081971
     6    6 C       -0.024136
     7    6 C       -0.037218
     8    7 N       -0.115758
     9    1 H        0.078083
    10    1 H        0.084028
    11    1 H        0.047882
    12    1 H        0.038125
    13    1 H        0.061880
    14    1 H        0.033972
    15    1 H        0.099850
    16    1 H        0.051325
    17    1 H        0.045710
    18    1 H        0.040715
    19    1 H        0.049774
    20    1 H        0.080828
    21    1 H        0.103892
    22    6 C       -0.098693
    23   15 P        0.343203
    24    8 O       -0.305777
    25    6 C       -0.105914
    26    6 C       -0.083999
    27    1 H        0.050888
    28    1 H        0.053433
    29    1 H        0.037383
    30    1 H        0.054012
    31    1 H        0.054667
    32    1 H        0.038753
    33    1 H        0.053527
    34    1 H        0.066453
    35    1 H        0.055877
    36   16 S       -0.355700
    37    6 C       -0.025327
    38    7 N       -0.303447
    39    8 O       -0.421558
    40   16 S        0.242459
    41    8 O       -0.492495
    42    8 O       -0.394140
    43    7 N        0.046691
    44    8 O       -0.148627
    45    8 O       -0.121599
---------------------------------------------------------

Atomic dipole moments (in atomic units):
---------------------------------------------------------
     #    Z                 x            y            z
---------------------------------------------------------
     1   98 Cf       0.096293    -0.082341    -0.043882
     2    7 N        0.314182    -0.019262     0.122470
     3    6 C       -0.137598     0.103426    -0.095211
     4    6 C       -0.198362     0.021073     0.062836
     5    7 N        0.151275    -0.264965     0.066668
     6    6 C        0.062685     0.187247    -0.075155
     7    6 C       -0.087217     0.099079    -0.152698
     8    7 N       -0.088360    -0.195758     0.262131
     9    1 H       -0.026696     0.037619     0.088250
    10    1 H        0.035915     0.034949    -0.063480
    11    1 H        0.116367     0.031160    -0.011186
    12    1 H       -0.039784    -0.050686     0.108423
    13    1 H        0.022577     0.066986    -0.102763
    14    1 H        0.046083    -0.108497     0.021705
    15    1 H       -0.025770    -0.020692    -0.077932
    16    1 H       -0.095529    -0.047887    -0.061831
    17    1 H        0.086280    -0.072648     0.042691
    18    1 H       -0.067389    -0.071607     0.065534
    19    1 H        0.092632     0.066141     0.055511
    20    1 H       -0.073467    -0.047105    -0.043153
    21    1 H        0.005967     0.075386     0.051391
    22    6 C       -0.002336    -0.008917     0.000550
    23   15 P       -0.001063     0.128900     0.004958
    24    8 O        0.005913     0.005215     0.006057
    25    6 C       -0.003268    -0.008681    -0.001148
    26    6 C       -0.012308    -0.001898    -0.001563
    27    1 H        0.126377    -0.045145    -0.077927
    28    1 H       -0.025684     0.154497    -0.011754
    29    1 H       -0.124640    -0.086934    -0.039413
    30    1 H       -0.026668     0.151256    -0.028671
    31    1 H        0.054760    -0.024898     0.141622
    32    1 H       -0.125200    -0.090221    -0.030054
    33    1 H       -0.047007     0.149718    -0.017177
    34    1 H        0.114407    -0.046150    -0.101966
    35    1 H        0.033048    -0.038551     0.148571
    36   16 S       -0.052728    -0.067444     0.063318
    37    6 C        0.009336     0.014015    -0.034966
    38    7 N       -0.039157    -0.049378     0.042109
    39    8 O       -0.063280    -0.009068    -0.035400
    40   16 S       -0.001513    -0.032950    -0.003099
    41    8 O        0.026034     0.086517     0.024677
    42    8 O        0.010614    -0.042340     0.038594
    43    7 N        0.012422     0.224505    -0.128138
    44    8 O        0.099396    -0.135595    -0.074259
    45    8 O       -0.106178     0.000687     0.157887
---------------------------------------------------------
           total    -0.164272     1.881019     4.762151
---------------------------------------------------------

[Info] JSON dump of results written to 'tblite.json'
