Charge model parameter:
------------------------------------------------------
   Z          chi/Eh     kcn/Eh     eta/Eh     rad/AA
------------------------------------------------------
  99 Es       1.0593     0.0030     0.5898     0.7145
  35 Br       1.3980     0.0801     0.3934     1.5631
------------------------------------------------------

Electrostatic properties (in atomic units):
--------------------------------------------------
     #    Z              CN          q        chi
--------------------------------------------------
     1   99 Es       4.8965     0.6358     1.0527
     2   35 Br       1.6383    -0.1029     1.2955
     3   35 Br       1.6378    -0.1034     1.2956
     4   35 Br       0.9965    -0.2255     1.3181
     5   35 Br       1.6374    -0.1024     1.2956
     6   35 Br       1.6371    -0.1017     1.2956
--------------------------------------------------
     Σ                          0.0000
--------------------------------------------------

Electrostatic energy:   -7.9742154459173E-02 Eh

[Info] JSON dump of results written to 'multicharge.json'
