[Info] Molecular charge read from '.CHRG'

Charge model parameter:
------------------------------------------------------
   Z          chi/Eh     kcn/Eh     eta/Eh     rad/AA
------------------------------------------------------
  89 Ac       1.0458     0.0047     0.6519     0.6470
  20 Ca       0.7544    -0.0898     0.5212     0.8406
  15 P        1.5267     0.1425     0.7308     0.7313
------------------------------------------------------

Electrostatic properties (in atomic units):
--------------------------------------------------
     #    Z              CN          q        chi
--------------------------------------------------
     1   89 Ac       1.8907    -0.6044     1.0393
     2   20 Ca       1.8883    -0.3859     0.8778
     3   15 P        1.9930    -1.0097     1.3255
--------------------------------------------------
     Σ                         -2.0000
--------------------------------------------------

Electrostatic energy:   -1.1526477520253E+00 Eh

[Info] JSON dump of results written to 'multicharge.json'
