[Info] Molecular charge read from '.CHRG'

Charge model parameter:
------------------------------------------------------
   Z          chi/Eh     kcn/Eh     eta/Eh     rad/AA
------------------------------------------------------
 103 Lr       1.1371     0.0068     0.5937     0.7095
   7 N        1.5582     0.0928     0.6565     0.6998
   6 C        1.4003     0.0601     0.6166     0.9994
   1 H        1.2370     0.0492     1.0964     0.2919
   8 O        1.5687     0.1169     0.6793     0.6518
------------------------------------------------------

Electrostatic properties (in atomic units):
--------------------------------------------------
     #    Z              CN          q        chi
--------------------------------------------------
     1  103 Lr       7.1535     0.7102     1.1191
     2    7 N        3.9073    -0.5685     1.3748
     3    6 C        4.0365    -0.0108     1.2796
     4    6 C        4.1078    -0.0252     1.2786
     5    7 N        3.8893    -0.4284     1.3752
     6    6 C        4.0280    -0.0217     1.2798
     7    6 C        4.0603    -0.0135     1.2793
     8    7 N        3.9245    -0.5716     1.3744
     9    1 H        1.0013     0.2699     1.1878
    10    1 H        0.9968     0.2825     1.1879
    11    1 H        0.9914     0.1553     1.1880
    12    1 H        0.9916     0.1566     1.1880
    13    1 H        0.9912     0.1465     1.1880
    14    1 H        0.9909     0.1368     1.1880
    15    1 H        0.9971     0.2462     1.1879
    16    1 H        0.9913     0.1558     1.1880
    17    1 H        0.9912     0.1476     1.1880
    18    1 H        0.9915     0.1552     1.1880
    19    1 H        0.9912     0.1352     1.1880
    20    1 H        1.0012     0.2793     1.1878
    21    1 H        0.9985     0.2618     1.1878
    22    7 N        3.9124    -0.7185     1.3746
    23    1 H        0.9962     0.2999     1.1879
    24    1 H        0.9981     0.3152     1.1878
    25    1 H        1.0015     0.3199     1.1878
    26    6 C        3.9553    -0.1514     1.2809
    27    6 C        3.9647    -0.0375     1.2807
    28    8 O        2.9344    -0.4024     1.3684
    29    1 H        0.9917     0.1689     1.1880
    30    1 H        0.9915     0.1739     1.1880
    31    1 H        0.9916     0.1608     1.1880
    32    1 H        0.9916     0.1639     1.1880
    33    1 H        0.9915     0.1398     1.1880
    34    1 H        1.0152     0.2819     1.1874
    35    7 N        2.6363     0.0087     1.4075
    36    8 O        1.9670    -0.1578     1.4047
    37    8 O        1.9493    -0.1645     1.4055
--------------------------------------------------
     Σ                          2.0000
--------------------------------------------------

Electrostatic energy:    8.6740889605130E-01 Eh

[Info] JSON dump of results written to 'multicharge.json'
