[Info] Molecular spin read from './.UHF'
xTB calculator
 | Coulomb electrostatics
 |  * isotropic Klopman-Ohno electrostatics
 |  * onsite third-order electrostatics
CEH guess
integral cutoff           2.3650283084401E+01 bohr

Atomic charges (in atomic units):
---------------------------------------------------------
     #    Z                 q
---------------------------------------------------------
     1   90 Th       0.219067
     2    8 O       -0.314654
     3    8 O        0.325977
     4    8 O        0.085844
     5    8 O       -0.316233
---------------------------------------------------------

Atomic dipole moments (in atomic units):
---------------------------------------------------------
     #    Z                 x            y            z
---------------------------------------------------------
     1   90 Th       0.375317    -0.445411     0.150336
     2    8 O        0.008852     0.003532     0.002910
     3    8 O        0.004200    -0.008811     0.004951
     4    8 O       -0.008159    -0.002018    -0.016792
     5    8 O       -0.009988     0.002483     0.011733
---------------------------------------------------------
           total     0.671530    -2.959134    -0.479933
---------------------------------------------------------

[Info] JSON dump of results written to 'tblite.json'
