[Info] Molecular charge read from './.CHRG'
[Info] Molecular spin read from './.UHF'
xTB calculator
 | Coulomb electrostatics
 |  * isotropic Klopman-Ohno electrostatics
 |  * onsite third-order electrostatics
CEH guess
integral cutoff           4.0000000000000E+01 bohr

Atomic charges (in atomic units):
---------------------------------------------------------
     #    Z                 q
---------------------------------------------------------
     1   90 Th       0.847520
     2   31 Ga       0.290142
     3    7 N       -0.480067
     4   19 K        0.598354
     5    9 F       -0.255949
---------------------------------------------------------

Atomic dipole moments (in atomic units):
---------------------------------------------------------
     #    Z                 x            y            z
---------------------------------------------------------
     1   90 Th      -0.478626    -1.656648     1.350567
     2   31 Ga       0.550853     0.655921    -0.184093
     3    7 N        0.031176     0.022093    -0.043624
     4   19 K       -0.112830    -0.278631    -0.514759
     5    9 F       -0.047970     0.073953     0.059715
---------------------------------------------------------
           total     0.979947    -4.599117    -1.056127
---------------------------------------------------------

[Info] JSON dump of results written to 'tblite.json'
