[Info] Molecular charge read from '.CHRG'

Charge model parameter:
------------------------------------------------------
   Z          chi/Eh     kcn/Eh     eta/Eh     rad/AA
------------------------------------------------------
  96 Cm       1.1100     0.0071     0.5609     0.7515
   7 N        1.5582     0.0928     0.6565     0.6998
   8 O        1.5687     0.1169     0.6793     0.6518
   6 C        1.4003     0.0601     0.6166     0.9994
   1 H        1.2370     0.0492     1.0964     0.2919
  16 S        1.4077     0.0713     0.5171     1.1581
------------------------------------------------------

Electrostatic properties (in atomic units):
--------------------------------------------------
     #    Z              CN          q        chi
--------------------------------------------------
     1   96 Cm       7.7918     0.8626     1.0902
     2    7 N        3.4621     0.1708     1.3855
     3    8 O        1.0017    -0.3163     1.4517
     4    8 O        1.8577    -0.2464     1.4093
     5    8 O        1.8871    -0.2565     1.4081
     6    6 C        3.0133    -0.1164     1.2960
     7    6 C        3.0124    -0.1160     1.2961
     8    6 C        3.0163    -0.0900     1.2960
     9    6 C        3.0174     0.0047     1.2960
    10    6 C        3.0159    -0.0929     1.2960
    11    6 C        3.0123    -0.1169     1.2961
    12    6 C        3.7114     0.2548     1.2846
    13    8 O        1.8991    -0.3745     1.4076
    14    8 O        1.9085    -0.3463     1.4072
    15    1 H        0.9927     0.0926     1.1880
    16    1 H        0.9927     0.0965     1.1880
    17    1 H        0.9929     0.1288     1.1880
    18    1 H        0.9929     0.1251     1.1880
    19    1 H        0.9927     0.0959     1.1880
    20    6 C        3.0143    -0.0936     1.2960
    21    6 C        3.0138    -0.0872     1.2960
    22    6 C        3.0179    -0.0661     1.2960
    23    6 C        3.0190     0.0130     1.2959
    24    6 C        3.0150    -0.0839     1.2960
    25    6 C        3.0127    -0.0939     1.2960
    26    6 C        3.0382     0.2448     1.2956
    27    8 O        1.8452    -0.3110     1.4099
    28    8 O        1.9914    -0.4523     1.4037
    29    1 H        0.9928     0.1012     1.1880
    30    1 H        0.9929     0.1119     1.1880
    31    1 H        0.9923     0.1515     1.1880
    32    1 H        0.9925     0.1118     1.1880
    33    1 H        0.9929     0.1025     1.1880
    34    1 H        0.9939     0.2336     1.1879
    35    8 O        1.9589    -0.3367     1.4051
    36   16 S        3.9618     0.3560     1.2658
    37    8 O        1.9347    -0.3247     1.4061
    38    8 O        1.9347    -0.3368     1.4061
--------------------------------------------------
     Σ                         -1.0000
--------------------------------------------------

Electrostatic energy:   -9.9893877877176E-01 Eh

[Info] JSON dump of results written to 'multicharge.json'
