[Info] Molecular charge read from './.CHRG'
xTB calculator
 | Coulomb electrostatics
 |  * isotropic Klopman-Ohno electrostatics
 |  * onsite third-order electrostatics
CEH guess
integral cutoff           2.3650283084401E+01 bohr

Atomic charges (in atomic units):
---------------------------------------------------------
     #    Z                 q
---------------------------------------------------------
     1   90 Th       0.661502
     2    6 C       -0.014874
     3    6 C       -0.039987
     4    6 C       -0.005895
     5    6 C       -0.038416
     6    6 C       -0.006682
     7    6 C       -0.039783
     8    6 C        0.180937
     9    8 O       -0.243927
    10    8 O       -0.240022
    11    1 H        0.021852
    12    1 H        0.015466
    13    1 H        0.025036
    14    1 H        0.024987
    15    1 H        0.015550
    16    7 N        0.265170
    17    8 O       -0.239509
    18    8 O       -0.232348
    19    8 O       -0.284374
    20    6 C       -0.071385
    21    6 C        0.067444
    22    8 O       -0.154115
    23    1 H        0.033760
    24    1 H        0.025046
    25    1 H        0.026424
    26    1 H        0.028270
    27    1 H        0.057784
    28    1 H        0.129344
    29   16 S       -0.331933
    30    6 C        0.068074
    31    7 N       -0.263456
    32    8 O       -0.366551
    33   16 S        0.202862
    34    8 O       -0.453903
    35    8 O       -0.452340
    36    6 C        0.080559
    37    8 O        0.142178
    38   16 S       -0.375598
    39    6 C        0.039936
    40    7 N       -0.257084
---------------------------------------------------------

Atomic dipole moments (in atomic units):
---------------------------------------------------------
     #    Z                 x            y            z
---------------------------------------------------------
     1   90 Th      -0.107746    -0.135822     0.017644
     2    6 C       -0.002309    -0.001373     0.001423
     3    6 C        0.012058    -0.008301    -0.009828
     4    6 C       -0.007240    -0.011665     0.006421
     5    6 C       -0.007985    -0.005344     0.006958
     6    6 C       -0.012447    -0.000383     0.009781
     7    6 C        0.001899     0.017720    -0.003213
     8    6 C       -0.000641    -0.007479     0.001560
     9    8 O       -0.014265     0.112325     0.003392
    10    8 O        0.063552    -0.082536    -0.043985
    11    1 H        0.092853     0.057374    -0.079638
    12    1 H        0.003584     0.130116    -0.008724
    13    1 H       -0.090897     0.067986     0.073114
    14    1 H       -0.014038    -0.132930     0.019291
    15    1 H        0.082904    -0.077038    -0.064702
    16    7 N       -0.005280     0.010061    -0.042300
    17    8 O       -0.010355     0.180413    -0.169520
    18    8 O        0.032383     0.035162     0.255397
    19    8 O       -0.007767    -0.233650    -0.058865
    20    6 C       -0.077084     0.008346    -0.027629
    21    6 C        0.017399     0.238698    -0.092580
    22    8 O        0.043385    -0.018739     0.117978
    23    1 H        0.004946    -0.123352     0.068493
    24    1 H        0.022665     0.115284     0.083382
    25    1 H        0.086943     0.003722    -0.112739
    26    1 H       -0.079220    -0.007924     0.097565
    27    1 H       -0.011411    -0.104212    -0.084284
    28    1 H       -0.000332     0.044808     0.059704
    29   16 S        0.059220    -0.148895     0.032748
    30    6 C       -0.000513    -0.003033    -0.012847
    31    7 N        0.035598    -0.096338     0.017370
    32    8 O        0.040616     0.048434     0.035093
    33   16 S        0.132376    -0.042608     0.078808
    34    8 O       -0.098788    -0.011900     0.062661
    35    8 O        0.015947     0.015892    -0.114883
    36    6 C       -0.090913     0.137901    -0.052323
    37    8 O       -0.019251     0.059719    -0.022929
    38   16 S        0.107398     0.002041     0.094102
    39    6 C        0.021169     0.008599     0.011414
    40    7 N        0.079533     0.013446     0.063484
---------------------------------------------------------
           total    -2.535640     4.055106     0.542419
---------------------------------------------------------

[Info] JSON dump of results written to 'tblite.json'
