Charge model parameter:
------------------------------------------------------
   Z          chi/Eh     kcn/Eh     eta/Eh     rad/AA
------------------------------------------------------
  99 Es       1.0593     0.0030     0.5898     0.7145
   6 C        1.4003     0.0601     0.6166     0.9994
   8 O        1.5687     0.1169     0.6793     0.6518
   1 H        1.2370     0.0492     1.0964     0.2919
   7 N        1.5582     0.0928     0.6565     0.6998
   9 F        1.5754     0.1570     0.7723     0.9393
------------------------------------------------------

Electrostatic properties (in atomic units):
--------------------------------------------------
     #    Z              CN          q        chi
--------------------------------------------------
     1   99 Es       6.1451     0.9111     1.0519
     2    6 C        3.9605    -0.1909     1.2808
     3    6 C        3.1123     0.0915     1.2943
     4    6 C        2.9976    -0.0929     1.2963
     5    6 C        3.0824     0.0925     1.2949
     6    8 O        1.9655    -0.3258     1.4048
     7    6 C        3.9600    -0.1901     1.2808
     8    8 O        1.9838    -0.3608     1.4040
     9    1 H        0.9922     0.0954     1.1880
    10    1 H        0.9917     0.1147     1.1880
    11    1 H        0.9915     0.1164     1.1880
    12    1 H        0.9932     0.1004     1.1880
    13    1 H        0.9922     0.0951     1.1880
    14    1 H        0.9915     0.1152     1.1880
    15    1 H        0.9916     0.1168     1.1880
    16    7 N        2.9285    -0.3303     1.3994
    17    6 C        3.1127     0.0327     1.2943
    18    6 C        3.0113    -0.0923     1.2961
    19    6 C        3.0209    -0.0956     1.2959
    20    6 C        3.0147    -0.0960     1.2960
    21    6 C        3.1166     0.1153     1.2943
    22    6 C        3.1214     0.1155     1.2942
    23    6 C        3.0141    -0.0965     1.2960
    24    6 C        3.0220    -0.0962     1.2959
    25    6 C        3.0109    -0.0951     1.2961
    26    6 C        3.1581     0.0326     1.2936
    27    7 N        2.9536    -0.3273     1.3987
    28    1 H        0.9926     0.1457     1.1880
    29    1 H        0.9931     0.1139     1.1880
    30    1 H        0.9929     0.1133     1.1880
    31    1 H        0.9932     0.1044     1.1880
    32    1 H        0.9932     0.1043     1.1880
    33    1 H        0.9929     0.1123     1.1880
    34    1 H        0.9931     0.1108     1.1880
    35    1 H        0.9926     0.1287     1.1880
    36    6 C        1.0364     0.0306     1.3391
    37    7 N        1.9862    -0.4087     1.4274
    38    9 F        0.9977    -0.3111     1.4185
--------------------------------------------------
     Σ                          0.0000
--------------------------------------------------

Electrostatic energy:   -3.1620245018921E-01 Eh

[Info] JSON dump of results written to 'multicharge.json'
