Charge model parameter:
------------------------------------------------------
   Z          chi/Eh     kcn/Eh     eta/Eh     rad/AA
------------------------------------------------------
  92 U        1.0982     0.0042     0.6173     0.6828
  11 Na       0.5594    -0.1000     0.8641     0.6787
  12 Mg       0.7237    -0.0771     0.6936     0.6474
   5 B        1.2669    -0.0263     0.5452     1.5138
  49 In       1.1101    -0.0151     0.4977     0.8144
  51 Sb       1.2164     0.0142     0.4795     1.0458
------------------------------------------------------

Electrostatic properties (in atomic units):
--------------------------------------------------
     #    Z              CN          q        chi
--------------------------------------------------
     1   92 U        4.6927     0.1175     1.0892
     2   11 Na       2.8977     0.5113     0.7296
     3   12 Mg       3.6141     0.5345     0.8704
     4    5 B        2.8619    -0.6332     1.3114
     5   49 In       3.0916    -0.0763     1.1365
     6   51 Sb       2.8734    -0.4538     1.1924
--------------------------------------------------
     Σ                          0.0000
--------------------------------------------------

Electrostatic energy:   -2.4599960000281E-01 Eh

[Info] JSON dump of results written to 'multicharge.json'
