Charge model parameter:
------------------------------------------------------
   Z          chi/Eh     kcn/Eh     eta/Eh     rad/AA
------------------------------------------------------
  95 Am       1.0010     0.0051     0.6915     0.6095
   9 F        1.5754     0.1570     0.7723     0.9393
------------------------------------------------------

Electrostatic properties (in atomic units):
--------------------------------------------------
     #    Z              CN          q        chi
--------------------------------------------------
     1   95 Am       3.9785     0.8782     0.9909
     2    9 F        0.9984    -0.2233     1.4185
     3    9 F        0.9986    -0.2159     1.4185
     4    9 F        0.9986    -0.2156     1.4185
     5    9 F        0.9984    -0.2234     1.4185
--------------------------------------------------
     Σ                          0.0000
--------------------------------------------------

Electrostatic energy:   -1.8775230566688E-01 Eh

[Info] JSON dump of results written to 'multicharge.json'
