[Info] Molecular charge read from '.CHRG'

Charge model parameter:
------------------------------------------------------
   Z          chi/Eh     kcn/Eh     eta/Eh     rad/AA
------------------------------------------------------
  93 Np       1.1090     0.0071     0.5649     0.7462
   6 C        1.4003     0.0601     0.6166     0.9994
   8 O        1.5687     0.1169     0.6793     0.6518
   7 N        1.5582     0.0928     0.6565     0.6998
   1 H        1.2370     0.0492     1.0964     0.2919
------------------------------------------------------

Electrostatic properties (in atomic units):
--------------------------------------------------
     #    Z              CN          q        chi
--------------------------------------------------
     1   93 Np       7.3679     0.8570     1.0898
     2    6 C        4.1076     0.0575     1.2786
     3    6 C        4.0511     0.3046     1.2794
     4    8 O        1.9927    -0.2282     1.4037
     5    8 O        1.9921    -0.2705     1.4037
     6    7 N        3.9267    -0.5494     1.3743
     7    1 H        0.9922     0.1964     1.1880
     8    1 H        0.9922     0.2001     1.1880
     9    1 H        0.9962     0.3148     1.1879
    10    1 H        0.9971     0.3214     1.1879
    11    6 C        4.1664    -0.0070     1.2777
    12    6 C        3.9801    -0.0806     1.2805
    13    6 C        3.9827    -0.0807     1.2804
    14    6 C        4.1185    -0.0073     1.2784
    15    8 O        2.9413    -0.2816     1.3682
    16    1 H        0.9918     0.1802     1.1880
    17    1 H        0.9921     0.1782     1.1880
    18    1 H        0.9916     0.1860     1.1880
    19    1 H        0.9918     0.1896     1.1880
    20    1 H        0.9919     0.1907     1.1880
    21    1 H        0.9916     0.1840     1.1880
    22    1 H        0.9917     0.1847     1.1880
    23    1 H        0.9918     0.1810     1.1880
    24    7 N        3.8019     0.1929     1.3773
    25    8 O        1.0010    -0.0704     1.4517
    26    8 O        1.9894    -0.1798     1.4038
    27    8 O        1.9879    -0.1637     1.4038
--------------------------------------------------
     Σ                          2.0000
--------------------------------------------------

Electrostatic energy:    9.9588518283793E-01 Eh

[Info] JSON dump of results written to 'multicharge.json'
