[Info] Molecular charge read from '.CHRG'

Charge model parameter:
------------------------------------------------------
   Z          chi/Eh     kcn/Eh     eta/Eh     rad/AA
------------------------------------------------------
 101 Md       1.1131     0.0055     0.6097     0.6919
   8 O        1.5687     0.1169     0.6793     0.6518
  16 S        1.4077     0.0713     0.5171     1.1581
  17 Cl       1.4815     0.1368     0.7586     0.7238
   1 H        1.2370     0.0492     1.0964     0.2919
   6 C        1.4003     0.0601     0.6166     0.9994
   7 N        1.5582     0.0928     0.6565     0.6998
------------------------------------------------------

Electrostatic properties (in atomic units):
--------------------------------------------------
     #    Z              CN          q        chi
--------------------------------------------------
     1  101 Md       6.6584     0.5592     1.0989
     2    8 O        1.6911    -0.3258     1.4166
     3   16 S        2.8460     0.1717     1.2875
     4    8 O        1.8335    -0.3578     1.4104
     5    8 O        1.9672    -0.3501     1.4047
     6   17 Cl       0.9925    -0.2173     1.3452
     7    8 O        2.9054    -0.5691     1.3694
     8    1 H        1.3143     0.2824     1.1806
     9    1 H        1.3507     0.2408     1.1798
    10    6 C        1.9723     0.0663     1.3159
    11    7 N        1.0150    -0.4095     1.4647
    12    6 C        2.0171     0.2978     1.3150
    13    8 O        0.9994    -0.3884     1.4518
--------------------------------------------------
     Σ                         -1.0000
--------------------------------------------------

Electrostatic energy:   -8.8080792723561E-01 Eh

[Info] JSON dump of results written to 'multicharge.json'
