[Info] Molecular spin read from './.UHF'
xTB calculator
 | Coulomb electrostatics
 |  * isotropic Klopman-Ohno electrostatics
 |  * onsite third-order electrostatics
CEH guess
integral cutoff           2.3650283084401E+01 bohr

Atomic charges (in atomic units):
---------------------------------------------------------
     #    Z                 q
---------------------------------------------------------
     1   90 Th       0.522158
     2    8 O       -0.175020
     3    8 O       -0.173106
     4    8 O       -0.174032
---------------------------------------------------------

Atomic dipole moments (in atomic units):
---------------------------------------------------------
     #    Z                 x            y            z
---------------------------------------------------------
     1   90 Th       0.003122     0.011759     0.002564
     2    8 O       -0.012357    -0.017382    -0.014892
     3    8 O       -0.012204     0.021978     0.007617
     4    8 O        0.024727    -0.003844     0.007759
---------------------------------------------------------
           total     0.004680     0.022385     0.007421
---------------------------------------------------------

[Info] JSON dump of results written to 'tblite.json'
