[Info] Molecular charge read from '.CHRG'

Charge model parameter:
------------------------------------------------------
   Z          chi/Eh     kcn/Eh     eta/Eh     rad/AA
------------------------------------------------------
  92 U        1.0982     0.0042     0.6173     0.6828
   1 H        1.2370     0.0492     1.0964     0.2919
  14 Si       1.1231    -0.0496     0.6494     0.8153
   8 O        1.5687     0.1169     0.6793     0.6518
------------------------------------------------------

Electrostatic properties (in atomic units):
--------------------------------------------------
     #    Z              CN          q        chi
--------------------------------------------------
     1   92 U        2.9095     0.0019     1.0911
     2    1 H        0.9189    -0.2934     1.1898
     3   14 Si       0.9955    -0.6254     1.1726
     4    8 O        0.9993    -1.0830     1.4518
--------------------------------------------------
     Σ                         -2.0000
--------------------------------------------------

Electrostatic energy:   -1.3263928934578E+00 Eh

[Info] JSON dump of results written to 'multicharge.json'
