[Info] Molecular charge read from '.CHRG'

Charge model parameter:
------------------------------------------------------
   Z          chi/Eh     kcn/Eh     eta/Eh     rad/AA
------------------------------------------------------
  99 Es       1.0593     0.0030     0.5898     0.7145
   7 N        1.5582     0.0928     0.6565     0.6998
   6 C        1.4003     0.0601     0.6166     0.9994
   1 H        1.2370     0.0492     1.0964     0.2919
   8 O        1.5687     0.1169     0.6793     0.6518
  35 Br       1.3980     0.0801     0.3934     1.5631
------------------------------------------------------

Electrostatic properties (in atomic units):
--------------------------------------------------
     #    Z              CN          q        chi
--------------------------------------------------
     1   99 Es       6.1025     0.8515     1.0520
     2    7 N        2.9838    -0.3478     1.3979
     3    6 C        3.1710     0.0688     1.2933
     4    6 C        3.0091    -0.0269     1.2961
     5    6 C        3.0219    -0.0236     1.2959
     6    6 C        3.0130    -0.0421     1.2960
     7    6 C        3.1927     0.1351     1.2930
     8    6 C        3.1974     0.1361     1.2929
     9    6 C        3.0133    -0.0419     1.2960
    10    6 C        3.0220    -0.0235     1.2959
    11    6 C        3.0092    -0.0275     1.2961
    12    6 C        3.1734     0.0649     1.2933
    13    7 N        2.9837    -0.3513     1.3979
    14    1 H        0.9927     0.1614     1.1880
    15    1 H        0.9930     0.1805     1.1880
    16    1 H        0.9928     0.1857     1.1880
    17    1 H        0.9932     0.1562     1.1880
    18    1 H        0.9932     0.1560     1.1880
    19    1 H        0.9929     0.1856     1.1880
    20    1 H        0.9930     0.1795     1.1880
    21    1 H        0.9927     0.1505     1.1880
    22    8 O        2.8890    -0.5442     1.3700
    23    1 H        0.9943     0.3039     1.1879
    24    1 H        0.9932     0.3106     1.1880
    25    8 O        2.9183    -0.5687     1.3690
    26    1 H        1.0026     0.3003     1.1877
    27    1 H        0.9933     0.3154     1.1880
    28   35 Br       0.9961     0.0001     1.3181
    29    7 N        3.9044    -0.7563     1.3748
    30    1 H        0.9962     0.3061     1.1879
    31    1 H        0.9981     0.3105     1.1878
    32    1 H        1.0003     0.2951     1.1878
--------------------------------------------------
     Σ                          2.0000
--------------------------------------------------

Electrostatic energy:    8.9616436707545E-01 Eh

[Info] JSON dump of results written to 'multicharge.json'
