[Info] Molecular charge read from './.CHRG'
[Info] Molecular spin read from './.UHF'
xTB calculator
 | Coulomb electrostatics
 |  * isotropic Klopman-Ohno electrostatics
 |  * onsite third-order electrostatics
CEH guess
integral cutoff           4.0000000000000E+01 bohr

Atomic charges (in atomic units):
---------------------------------------------------------
     #    Z                 q
---------------------------------------------------------
     1  101 Md       0.925870
     2    7 N       -0.037110
     3    6 C        0.039027
     4    6 C       -0.004832
     5    6 C        0.034128
     6    6 C        0.014058
     7    6 C        0.071175
     8    6 C        0.073611
     9    6 C        0.012816
    10    6 C        0.034651
    11    6 C       -0.008741
    12    6 C        0.040725
    13    7 N       -0.030053
    14    1 H        0.062994
    15    1 H        0.061613
    16    1 H        0.062208
    17    1 H        0.060410
    18    1 H        0.060965
    19    1 H        0.060879
    20    1 H        0.060186
    21    1 H        0.068713
    22    7 N       -0.122089
    23    6 C       -0.007917
    24    6 C       -0.009966
    25    7 N       -0.165141
    26    1 H        0.106667
    27    1 H        0.105745
    28    1 H        0.061106
    29    1 H        0.085453
    30    1 H        0.079903
    31    1 H        0.064575
    32    1 H        0.107384
    33    1 H        0.115838
    34    6 C        0.016540
    35    8 O       -0.196848
    36    1 H        0.054013
    37    1 H        0.049831
    38    1 H        0.066896
    39    1 H        0.173531
    40    7 N        0.298462
    41    8 O       -0.240698
    42    8 O       -0.188701
    43    8 O       -0.117876
---------------------------------------------------------

Atomic dipole moments (in atomic units):
---------------------------------------------------------
     #    Z                 x            y            z
---------------------------------------------------------
     1  101 Md      -0.070822    -0.051157    -0.078254
     2    7 N        0.062376     0.021029     0.205668
     3    6 C        0.131797    -0.012282    -0.107201
     4    6 C        0.016757    -0.001552    -0.031836
     5    6 C       -0.006518    -0.000571    -0.015490
     6    6 C       -0.012132    -0.006619    -0.068370
     7    6 C       -0.108004    -0.014851    -0.120000
     8    6 C       -0.109211    -0.021757    -0.116479
     9    6 C       -0.066478    -0.005300    -0.018297
    10    6 C       -0.014472    -0.000561    -0.007377
    11    6 C       -0.032617     0.003661     0.013564
    12    6 C       -0.119795     0.026464     0.119157
    13    7 N        0.188345     0.021864     0.077974
    14    1 H       -0.118462    -0.008887    -0.050383
    15    1 H       -0.110319     0.008488     0.080568
    16    1 H        0.021839     0.014269     0.133767
    17    1 H        0.125519     0.003764     0.052007
    18    1 H        0.039127     0.023783     0.128116
    19    1 H        0.131470     0.006269     0.034453
    20    1 H        0.090734    -0.019808    -0.099983
    21    1 H       -0.040110    -0.031118    -0.120063
    22    7 N        0.022329     0.277727    -0.068555
    23    6 C       -0.091857    -0.129290     0.158163
    24    6 C        0.080550    -0.188905     0.090789
    25    7 N       -0.023008     0.154369    -0.272216
    26    1 H       -0.082667     0.040909     0.030567
    27    1 H        0.081856     0.013582     0.047524
    28    1 H        0.115147    -0.039156    -0.035719
    29    1 H       -0.014432     0.124005     0.004732
    30    1 H        0.023061     0.025786    -0.119402
    31    1 H       -0.116146     0.032245     0.039950
    32    1 H        0.078942    -0.030845    -0.045304
    33    1 H       -0.086311    -0.037328    -0.025567
    34    6 C        0.258711    -0.119743     0.010141
    35    8 O       -0.090637    -0.054836     0.004995
    36    1 H       -0.060813    -0.023907     0.123580
    37    1 H       -0.067370    -0.062013    -0.105321
    38    1 H        0.008367     0.149140    -0.024660
    39    1 H       -0.011515    -0.122995     0.017291
    40    7 N       -0.010435     0.042739     0.015044
    41    8 O       -0.057816    -0.175608     0.145034
    42    8 O        0.113163    -0.029946    -0.200004
    43    8 O       -0.055022     0.208289     0.056602
---------------------------------------------------------
           total     1.916933     2.052185     1.960030
---------------------------------------------------------

[Info] JSON dump of results written to 'tblite.json'
