[Info] Molecular charge read from './.CHRG'
[Info] Molecular spin read from './.UHF'
xTB calculator
 | Coulomb electrostatics
 |  * isotropic Klopman-Ohno electrostatics
 |  * onsite third-order electrostatics
CEH guess
integral cutoff           2.2843592577975E+01 bohr

Atomic charges (in atomic units):
---------------------------------------------------------
     #    Z                 q
---------------------------------------------------------
     1   91 Pa      -2.142852
     2    1 H       -0.405474
     3    1 H       -0.405611
     4   16 S       -0.717844
     5   17 Cl      -0.328219
---------------------------------------------------------

Atomic dipole moments (in atomic units):
---------------------------------------------------------
     #    Z                 x            y            z
---------------------------------------------------------
     1   91 Pa       0.541486     0.294160     1.176907
     2    1 H        0.132108     0.135179    -0.043191
     3    1 H        0.007271    -0.189808     0.049116
     4   16 S       -0.033745    -0.001742    -0.047789
     5   17 Cl       0.002796     0.001003    -0.002293
---------------------------------------------------------
           total    -1.202860     7.063256     0.753060
---------------------------------------------------------

[Info] JSON dump of results written to 'tblite.json'
