[Info] Molecular charge read from '.CHRG'

Charge model parameter:
------------------------------------------------------
   Z          chi/Eh     kcn/Eh     eta/Eh     rad/AA
------------------------------------------------------
  98 Cf       1.0089     0.0039     0.6196     0.6803
   6 C        1.4003     0.0601     0.6166     0.9994
   8 O        1.5687     0.1169     0.6793     0.6518
   1 H        1.2370     0.0492     1.0964     0.2919
   7 N        1.5582     0.0928     0.6565     0.6998
   9 F        1.5754     0.1570     0.7723     0.9393
------------------------------------------------------

Electrostatic properties (in atomic units):
--------------------------------------------------
     #    Z              CN          q        chi
--------------------------------------------------
     1   98 Cf       6.7432     0.9518     0.9988
     2    6 C        3.0133    -0.1200     1.2960
     3    6 C        3.0124    -0.1208     1.2961
     4    6 C        3.0160    -0.0957     1.2960
     5    6 C        3.0177     0.0030     1.2960
     6    6 C        3.0161    -0.0939     1.2960
     7    6 C        3.0124    -0.1199     1.2961
     8    6 C        3.7937     0.2462     1.2833
     9    8 O        1.9483    -0.3787     1.4055
    10    8 O        1.9375    -0.3844     1.4059
    11    1 H        0.9927     0.0891     1.1880
    12    1 H        0.9927     0.0920     1.1880
    13    1 H        0.9929     0.1223     1.1880
    14    1 H        0.9929     0.1255     1.1880
    15    1 H        0.9927     0.0931     1.1880
    16    8 O        2.8292    -0.5752     1.3720
    17    1 H        1.3035     0.2818     1.1808
    18    1 H        0.9941     0.2964     1.1879
    19    7 N        1.9876    -0.3454     1.4274
    20    7 N        2.2362     0.0304     1.4194
    21    7 N        1.0050    -0.3858     1.4652
    22    9 F        0.9962    -0.3665     1.4187
    23    9 F        0.9981    -0.3455     1.4185
--------------------------------------------------
     Σ                         -1.0000
--------------------------------------------------

Electrostatic energy:   -1.0122639575185E+00 Eh

[Info] JSON dump of results written to 'multicharge.json'
