[Info] Molecular charge read from '.CHRG'

Charge model parameter:
------------------------------------------------------
   Z          chi/Eh     kcn/Eh     eta/Eh     rad/AA
------------------------------------------------------
  99 Es       1.0593     0.0030     0.5898     0.7145
   7 N        1.5582     0.0928     0.6565     0.6998
   6 C        1.4003     0.0601     0.6166     0.9994
   1 H        1.2370     0.0492     1.0964     0.2919
   8 O        1.5687     0.1169     0.6793     0.6518
   9 F        1.5754     0.1570     0.7723     0.9393
  15 P        1.5267     0.1425     0.7308     0.7313
  17 Cl       1.4815     0.1368     0.7586     0.7238
------------------------------------------------------

Electrostatic properties (in atomic units):
--------------------------------------------------
     #    Z              CN          q        chi
--------------------------------------------------
     1   99 Es       7.4983     0.7950     1.0512
     2    7 N        3.8452    -0.5845     1.3762
     3    6 C        3.9809    -0.0324     1.2805
     4    6 C        4.0434    -0.0442     1.2795
     5    7 N        3.8532    -0.4340     1.3760
     6    6 C        4.0045    -0.0312     1.2801
     7    6 C        3.9937    -0.0185     1.2803
     8    7 N        3.8567    -0.5832     1.3760
     9    1 H        0.9963     0.2400     1.1879
    10    1 H        1.0450     0.2375     1.1867
    11    1 H        0.9912     0.1166     1.1880
    12    1 H        0.9919     0.1155     1.1880
    13    1 H        0.9917     0.1178     1.1880
    14    1 H        0.9908     0.1128     1.1880
    15    1 H        0.9988     0.2227     1.1878
    16    1 H        0.9915     0.1402     1.1880
    17    1 H        0.9907     0.1131     1.1880
    18    1 H        0.9912     0.1237     1.1880
    19    1 H        0.9922     0.1208     1.1880
    20    1 H        0.9968     0.2756     1.1879
    21    1 H        0.9992     0.2612     1.1878
    22    7 N        3.8938    -0.5970     1.3751
    23    6 C        4.0342    -0.0240     1.2797
    24    6 C        4.0211    -0.0229     1.2799
    25    7 N        3.9009    -0.6003     1.3749
    26    1 H        0.9984     0.2580     1.1878
    27    1 H        1.0005     0.2551     1.1878
    28    1 H        0.9916     0.1324     1.1880
    29    1 H        0.9912     0.1211     1.1880
    30    1 H        0.9914     0.1211     1.1880
    31    1 H        0.9917     0.1487     1.1880
    32    1 H        0.9983     0.2403     1.1878
    33    1 H        1.0037     0.2647     1.1877
    34    6 C        1.6945     0.0837     1.3221
    35    8 O        0.9994    -0.3128     1.4518
    36    9 F        1.0179    -0.2540     1.4170
    37   15 P        4.9926     0.3647     1.2083
    38    9 F        0.9988    -0.2052     1.4185
    39    9 F        0.9989    -0.2195     1.4184
    40   17 Cl       0.9794    -0.1618     1.3461
    41    6 C        3.0757     0.0786     1.2950
    42    6 C        3.0842     0.0327     1.2948
    43    7 N        2.8706    -0.3642     1.4010
    44    6 C        3.0933     0.0429     1.2947
    45    6 C        3.0755     0.0804     1.2950
    46    7 N        2.0150    -0.3348     1.4265
    47    1 H        0.9925     0.1460     1.1880
    48    1 H        0.9927     0.1198     1.1880
    49    1 H        0.9920     0.1428     1.1880
    50    1 H        0.9925     0.1467     1.1880
    51    6 C        4.0423    -0.0398     1.2795
    52    8 O        1.9920    -0.3475     1.4037
    53    1 H        0.9917     0.1304     1.1880
    54    1 H        0.9915     0.1608     1.1880
    55    1 H        0.9916     0.1486     1.1880
--------------------------------------------------
     Σ                          1.0000
--------------------------------------------------

Electrostatic energy:    4.0514672842325E-02 Eh

[Info] JSON dump of results written to 'multicharge.json'
