[Info] Molecular spin read from './.UHF'
xTB calculator
 | Coulomb electrostatics
 |  * isotropic Klopman-Ohno electrostatics
 |  * onsite third-order electrostatics
CEH guess
integral cutoff           2.5524281091444E+01 bohr

Atomic charges (in atomic units):
---------------------------------------------------------
     #    Z                 q
---------------------------------------------------------
     1   90 Th       0.515984
     2    4 Be       0.001816
     3    4 Be       0.001940
     4    8 O       -0.519740
---------------------------------------------------------

Atomic dipole moments (in atomic units):
---------------------------------------------------------
     #    Z                 x            y            z
---------------------------------------------------------
     1   90 Th      -1.690035    -0.458994     0.800824
     2    4 Be      -0.153656    -0.202447    -0.321369
     3    4 Be      -0.154421     0.379676     0.009167
     4    8 O        0.121532    -0.001733     0.003398
---------------------------------------------------------
           total    -3.695691    -0.322186     0.555579
---------------------------------------------------------

[Info] JSON dump of results written to 'tblite.json'
