[Info] Molecular charge read from '.CHRG'

Charge model parameter:
------------------------------------------------------
   Z          chi/Eh     kcn/Eh     eta/Eh     rad/AA
------------------------------------------------------
  89 Ac       1.0458     0.0047     0.6519     0.6470
   6 C        1.4003     0.0601     0.6166     0.9994
   8 O        1.5687     0.1169     0.6793     0.6518
   1 H        1.2370     0.0492     1.0964     0.2919
   7 N        1.5582     0.0928     0.6565     0.6998
  16 S        1.4077     0.0713     0.5171     1.1581
------------------------------------------------------

Electrostatic properties (in atomic units):
--------------------------------------------------
     #    Z              CN          q        chi
--------------------------------------------------
     1   89 Ac       5.2087     0.7445     1.0350
     2    6 C        1.8172     0.1665     1.3193
     3    8 O        0.9997    -0.2556     1.4518
     4    8 O        1.9917    -0.4949     1.4037
     5    1 H        1.0273     0.3271     1.1871
     6    6 C        3.0230    -0.0441     1.2959
     7    6 C        3.0095    -0.0492     1.2961
     8    6 C        3.2603     0.0648     1.2919
     9    7 N        2.9521    -0.3358     1.3988
    10    6 C        3.1312     0.0585     1.2940
    11    6 C        3.0097    -0.0481     1.2961
    12    1 H        0.9928     0.1608     1.1880
    13    1 H        0.9930     0.1562     1.1880
    14    1 H        0.9970     0.1509     1.1879
    15    1 H        0.9924     0.1482     1.1880
    16    1 H        0.9931     0.1558     1.1880
    17    6 C        4.0811    -0.0749     1.2790
    18    8 O        2.9159    -0.3953     1.3691
    19    1 H        0.9919     0.1500     1.1880
    20    1 H        0.9919     0.1487     1.1880
    21    1 H        0.9963     0.1531     1.1879
    22    1 H        0.9972     0.2635     1.1879
    23   16 S        1.0132     0.0379     1.3359
    24    6 C        2.1072     0.1988     1.3131
    25    7 N        2.0071    -0.3872     1.4267
--------------------------------------------------
     Σ                          1.0000
--------------------------------------------------

Electrostatic energy:    3.5397616180047E-01 Eh

[Info] JSON dump of results written to 'multicharge.json'
