[Info] Molecular charge read from './.CHRG'
[Info] Molecular spin read from './.UHF'
xTB calculator
 | Coulomb electrostatics
 |  * isotropic Klopman-Ohno electrostatics
 |  * onsite third-order electrostatics
CEH guess
integral cutoff           4.0000000000000E+01 bohr

Atomic charges (in atomic units):
---------------------------------------------------------
     #    Z                 q
---------------------------------------------------------
     1   99 Es       0.612137
     2    6 C       -0.019907
     3    6 C       -0.036654
     4    6 C       -0.018728
     5    6 C       -0.045848
     6    6 C       -0.018078
     7    6 C       -0.036677
     8    6 C        0.100900
     9    8 O       -0.286502
    10    8 O       -0.303385
    11    1 H        0.016568
    12    1 H        0.006530
    13    1 H        0.012247
    14    1 H        0.013184
    15    1 H        0.006871
    16   35 Br      -0.598128
    17    9 F       -0.407501
    18    7 N       -0.070840
    19    8 O       -0.185966
    20    8 O       -0.187631
    21    7 N       -0.288819
    22    7 N        0.089189
    23    7 N       -0.352961
---------------------------------------------------------

Atomic dipole moments (in atomic units):
---------------------------------------------------------
     #    Z                 x            y            z
---------------------------------------------------------
     1   99 Es      -0.582701     0.207312     0.262424
     2    6 C       -0.000080     0.000027     0.000464
     3    6 C       -0.000739     0.016352     0.005384
     4    6 C        0.002526    -0.009498    -0.011731
     5    6 C        0.001872    -0.008820    -0.013706
     6    6 C        0.002079    -0.008806    -0.013142
     7    6 C       -0.002995    -0.001331     0.017763
     8    6 C       -0.000929     0.018863     0.014674
     9    8 O       -0.016092    -0.058944     0.084108
    10    8 O        0.002290     0.104990    -0.012154
    11    1 H       -0.020110     0.074406     0.112009
    12    1 H       -0.015201    -0.061101     0.113878
    13    1 H        0.004775    -0.136268    -0.005832
    14    1 H        0.017596     0.048811    -0.126277
    15    1 H       -0.003429     0.129818    -0.010918
    16   35 Br       0.010643     0.000269     0.003024
    17    9 F       -0.038367     0.002075     0.000512
    18    7 N        0.042894     0.365464     0.087590
    19    8 O       -0.001211    -0.054226    -0.202066
    20    8 O       -0.021649    -0.132204     0.155725
    21    7 N       -0.184734     0.194592    -0.300776
    22    7 N        0.014332    -0.011490     0.017388
    23    7 N        0.155955    -0.197453     0.301964
---------------------------------------------------------
           total    -1.178588     0.675513     1.544179
---------------------------------------------------------

[Info] JSON dump of results written to 'tblite.json'
