[Info] Molecular charge read from '.CHRG'

Charge model parameter:
------------------------------------------------------
   Z          chi/Eh     kcn/Eh     eta/Eh     rad/AA
------------------------------------------------------
  99 Es       1.0593     0.0030     0.5898     0.7145
   6 C        1.4003     0.0601     0.6166     0.9994
   7 N        1.5582     0.0928     0.6565     0.6998
   8 O        1.5687     0.1169     0.6793     0.6518
   1 H        1.2370     0.0492     1.0964     0.2919
------------------------------------------------------

Electrostatic properties (in atomic units):
--------------------------------------------------
     #    Z              CN          q        chi
--------------------------------------------------
     1   99 Es       5.1653     0.8311     1.0525
     2    6 C        1.9903     0.0741     1.3156
     3    7 N        1.0255    -0.2482     1.4642
     4    8 O        2.9228    -0.5463     1.3688
     5    1 H        0.9933     0.3260     1.1880
     6    1 H        0.9959     0.3062     1.1879
     7    7 N        3.9308    -0.7443     1.3742
     8    1 H        1.0062     0.3208     1.1876
     9    1 H        0.9965     0.3316     1.1879
    10    1 H        1.0018     0.3150     1.1877
    11    6 C        4.1568    -0.0243     1.2778
    12    6 C        3.9846    -0.0870     1.2804
    13    6 C        3.9809    -0.0889     1.2805
    14    6 C        4.1340    -0.0229     1.2782
    15    8 O        2.9445    -0.3055     1.3681
    16    1 H        0.9915     0.1507     1.1880
    17    1 H        0.9919     0.1681     1.1880
    18    1 H        0.9916     0.1758     1.1880
    19    1 H        0.9920     0.1794     1.1880
    20    1 H        0.9919     0.1801     1.1880
    21    1 H        0.9916     0.1773     1.1880
    22    1 H        0.9915     0.1670     1.1880
    23    1 H        0.9924     0.1517     1.1880
    24    7 N        3.9282    -0.7505     1.3743
    25    1 H        1.0034     0.3149     1.1877
    26    1 H        0.9975     0.3196     1.1879
    27    1 H        0.9976     0.3287     1.1878
--------------------------------------------------
     Σ                          2.0000
--------------------------------------------------

Electrostatic energy:    8.7555773349605E-01 Eh

[Info] JSON dump of results written to 'multicharge.json'
