[Info] Molecular charge read from '.CHRG'

Charge model parameter:
------------------------------------------------------
   Z          chi/Eh     kcn/Eh     eta/Eh     rad/AA
------------------------------------------------------
  91 Pa       1.0721     0.0037     0.5511     0.7643
   6 C        1.4003     0.0601     0.6166     0.9994
   7 N        1.5582     0.0928     0.6565     0.6998
  35 Br       1.3980     0.0801     0.3934     1.5631
   8 O        1.5687     0.1169     0.6793     0.6518
   1 H        1.2370     0.0492     1.0964     0.2919
------------------------------------------------------

Electrostatic properties (in atomic units):
--------------------------------------------------
     #    Z              CN          q        chi
--------------------------------------------------
     1   91 Pa       5.9015     0.9185     1.0631
     2    6 C        1.9920     0.0958     1.3155
     3    7 N        1.0389    -0.2679     1.4636
     4   35 Br       0.9975     0.0949     1.3180
     5    6 C        3.0161    -0.0192     1.2960
     6    6 C        3.0088    -0.0255     1.2961
     7    6 C        3.0164    -0.0249     1.2960
     8    6 C        3.0207     0.0427     1.2959
     9    6 C        3.0170    -0.0220     1.2960
    10    6 C        3.0087    -0.0235     1.2961
    11    6 C        3.9292     0.2718     1.2812
    12    8 O        1.9937    -0.3282     1.4036
    13    8 O        1.9938    -0.3348     1.4036
    14    1 H        0.9927     0.1910     1.1880
    15    1 H        0.9930     0.1883     1.1880
    16    1 H        0.9929     0.1869     1.1880
    17    1 H        0.9929     0.1909     1.1880
    18    1 H        0.9930     0.1907     1.1880
    19    6 C        3.0158    -0.0196     1.2960
    20    6 C        3.0086    -0.0257     1.2961
    21    6 C        3.0164    -0.0284     1.2960
    22    6 C        3.0168     0.0327     1.2960
    23    6 C        3.0151    -0.0379     1.2960
    24    6 C        3.0084    -0.0234     1.2961
    25    6 C        3.0861     0.2752     1.2948
    26    8 O        1.9959    -0.3489     1.4035
    27    8 O        1.9920    -0.3470     1.4037
    28    1 H        0.9927     0.1903     1.1880
    29    1 H        0.9930     0.1886     1.1880
    30    1 H        0.9930     0.1779     1.1880
    31    1 H        0.9925     0.1650     1.1880
    32    1 H        0.9930     0.1895     1.1880
    33    1 H        0.9926     0.2858     1.1880
--------------------------------------------------
     Σ                          2.0000
--------------------------------------------------

Electrostatic energy:    9.7740493830637E-01 Eh

[Info] JSON dump of results written to 'multicharge.json'
