[Info] Molecular charge read from '.CHRG'

Charge model parameter:
------------------------------------------------------
   Z          chi/Eh     kcn/Eh     eta/Eh     rad/AA
------------------------------------------------------
 103 Lr       1.1371     0.0068     0.5937     0.7095
   6 C        1.4003     0.0601     0.6166     0.9994
   8 O        1.5687     0.1169     0.6793     0.6518
   1 H        1.2370     0.0492     1.0964     0.2919
  16 S        1.4077     0.0713     0.5171     1.1581
   7 N        1.5582     0.0928     0.6565     0.6998
  35 Br       1.3980     0.0801     0.3934     1.5631
  53 I        1.4034     0.0897     0.3054     2.0116
------------------------------------------------------

Electrostatic properties (in atomic units):
--------------------------------------------------
     #    Z              CN          q        chi
--------------------------------------------------
     1  103 Lr       6.5250     0.6684     1.1199
     2    6 C        3.9536    -0.2482     1.2809
     3    6 C        4.0649    -0.0587     1.2792
     4    8 O        2.8887    -0.3964     1.3700
     5    1 H        0.9910     0.0402     1.1880
     6    1 H        0.9914     0.1013     1.1880
     7    1 H        0.9915     0.1022     1.1880
     8    1 H        0.9911     0.0937     1.1880
     9    1 H        0.9930     0.1127     1.1880
    10    1 H        0.9978     0.2624     1.1878
    11   16 S        1.0084    -0.4223     1.3361
    12    6 C        2.0054     0.0837     1.3152
    13    7 N        1.9628    -0.4189     1.4282
    14   35 Br       0.0090    -0.8687     1.3904
    15    8 O        1.9827    -0.3854     1.4041
    16   16 S        3.8706     0.3432     1.2675
    17    8 O        1.9796    -0.3751     1.4042
    18    8 O        0.9991    -0.5160     1.4518
    19   35 Br       0.9782    -0.4767     1.3188
    20   53 I        0.9524    -0.6414     1.3159
--------------------------------------------------
     Σ                         -3.0000
--------------------------------------------------

Electrostatic energy:   -2.2280312938521E+00 Eh

[Info] JSON dump of results written to 'multicharge.json'
