Charge model parameter:
------------------------------------------------------
   Z          chi/Eh     kcn/Eh     eta/Eh     rad/AA
------------------------------------------------------
  96 Cm       1.1100     0.0071     0.5609     0.7515
   6 C        1.4003     0.0601     0.6166     0.9994
   8 O        1.5687     0.1169     0.6793     0.6518
   1 H        1.2370     0.0492     1.0964     0.2919
   7 N        1.5582     0.0928     0.6565     0.6998
------------------------------------------------------

Electrostatic properties (in atomic units):
--------------------------------------------------
     #    Z              CN          q        chi
--------------------------------------------------
     1   96 Cm       6.5387     0.8570     1.0919
     2    6 C        3.9604    -0.1935     1.2808
     3    6 C        3.0899     0.0890     1.2947
     4    6 C        2.9974    -0.0914     1.2963
     5    6 C        3.0973     0.0926     1.2946
     6    8 O        1.9795    -0.3432     1.4042
     7    6 C        3.9604    -0.1899     1.2808
     8    8 O        1.9740    -0.3456     1.4044
     9    1 H        0.9922     0.0954     1.1880
    10    1 H        0.9916     0.1141     1.1880
    11    1 H        0.9915     0.1106     1.1880
    12    1 H        0.9932     0.1006     1.1880
    13    1 H        0.9923     0.0958     1.1880
    14    1 H        0.9916     0.1171     1.1880
    15    1 H        0.9916     0.1166     1.1880
    16    6 C        1.0410     0.0304     1.3390
    17    7 N        1.9849    -0.3898     1.4275
    18    7 N        3.8956    -0.7506     1.3750
    19    1 H        0.9978     0.2685     1.1878
    20    1 H        0.9981     0.2644     1.1878
    21    1 H        1.0008     0.2686     1.1878
    22    6 C        3.0142    -0.0962     1.2960
    23    6 C        3.0123    -0.0992     1.2961
    24    6 C        3.0165    -0.0818     1.2960
    25    6 C        3.0190     0.0092     1.2959
    26    6 C        3.0162    -0.0798     1.2960
    27    6 C        3.0125    -0.0982     1.2961
    28    6 C        3.7826     0.2515     1.2835
    29    8 O        1.9567    -0.3662     1.4051
    30    8 O        1.9366    -0.3699     1.4060
    31    1 H        0.9928     0.1137     1.1880
    32    1 H        0.9929     0.1144     1.1880
    33    1 H        0.9929     0.1332     1.1880
    34    1 H        0.9929     0.1370     1.1880
    35    1 H        0.9929     0.1154     1.1880
--------------------------------------------------
     Σ                         -0.0000
--------------------------------------------------

Electrostatic energy:   -3.3556732216728E-01 Eh

[Info] JSON dump of results written to 'multicharge.json'
