[Info] Molecular charge read from './.CHRG'
xTB calculator
 | Coulomb electrostatics
 |  * isotropic Klopman-Ohno electrostatics
 |  * onsite third-order electrostatics
CEH guess
integral cutoff           4.0000000000000E+01 bohr

Atomic charges (in atomic units):
---------------------------------------------------------
     #    Z                 q
---------------------------------------------------------
     1  103 Lr       0.506321
     2   53 I       -0.600999
     3    7 N       -0.121982
     4    1 H        0.087499
     5    1 H        0.076645
     6    1 H        0.068397
     7    6 C        0.052149
     8    8 O       -0.241170
     9   15 P        0.511273
    10    8 O       -0.209587
    11    6 C        0.050873
    12    8 O       -0.226656
    13    6 C        0.012645
    14    1 H        0.035697
    15    1 H        0.031747
    16    1 H        0.025101
    17    1 H        0.037999
    18    1 H        0.041477
    19    1 H        0.021102
    20    1 H        0.041171
    21    1 H        0.025798
    22    1 H        0.023694
    23    8 O       -0.357443
    24   16 S        0.319169
    25    8 O       -0.305670
    26    8 O       -0.391507
    27    7 N       -0.036704
    28    8 O       -0.240985
    29    8 O       -0.243892
    30   16 S       -0.300643
    31    6 C       -0.017256
    32    7 N       -0.311029
    33    6 C        0.016668
    34    6 C        0.021367
    35    7 N       -0.094918
    36    6 C        0.026786
    37    6 C        0.023857
    38    7 N       -0.128791
    39    1 H        0.023641
    40    1 H        0.039899
    41    1 H        0.038682
    42    1 H        0.030724
    43    6 C       -0.026636
    44    6 C       -0.038803
    45    6 C       -0.043879
    46    6 C        0.024498
    47    6 C       -0.015644
    48    6 C       -0.023444
    49    6 C        0.190506
    50    8 O       -0.411561
    51    8 O       -0.252245
    52    1 H        0.028700
    53    1 H        0.018724
    54    1 H        0.015687
    55    1 H        0.032230
    56    1 H        0.026136
    57    1 H        0.124565
    58    7 N       -0.212767
    59    1 H        0.077822
    60    1 H        0.055990
    61    1 H        0.068970
---------------------------------------------------------

Atomic dipole moments (in atomic units):
---------------------------------------------------------
     #    Z                 x            y            z
---------------------------------------------------------
     1  103 Lr       0.323589    -0.646124     0.596020
     2   53 I        0.016349    -0.104775    -0.003448
     3    7 N       -0.058646    -0.371104    -0.065458
     4    1 H        0.092693    -0.010124    -0.059758
     5    1 H       -0.097323     0.018877    -0.056196
     6    1 H       -0.002505    -0.027219     0.102032
     7    6 C        0.249343    -0.072418    -0.088780
     8    8 O       -0.055537    -0.017955     0.062813
     9   15 P       -0.014311     0.114235     0.014463
    10    8 O        0.017830     0.067368     0.050275
    11    6 C       -0.199675    -0.182946    -0.051578
    12    8 O        0.012834     0.029990    -0.101529
    13    6 C        0.012241     0.068335     0.242497
    14    1 H       -0.060943     0.096949    -0.085518
    15    1 H        0.021772     0.049728     0.121687
    16    1 H       -0.070974    -0.118940     0.008071
    17    1 H        0.114477    -0.025381    -0.081591
    18    1 H        0.029949    -0.013487     0.131801
    19    1 H       -0.058251     0.121251    -0.020899
    20    1 H       -0.074065    -0.116498    -0.017375
    21    1 H        0.130431    -0.011594    -0.039178
    22    1 H       -0.058459     0.109073    -0.057332
    23    8 O       -0.027171    -0.034614    -0.051755
    24   16 S       -0.105849    -0.017195    -0.079274
    25    8 O        0.043517    -0.071947    -0.076857
    26    8 O       -0.001117    -0.040355     0.078141
    27    7 N        0.267131     0.255869     0.126362
    28    8 O       -0.199617     0.023004     0.051036
    29    8 O        0.043839    -0.164566    -0.119599
    30   16 S        0.064656     0.014881     0.006143
    31    6 C        0.051990     0.069632     0.077255
    32    7 N        0.027081     0.040974     0.029921
    33    6 C        0.029346     0.015252     0.158278
    34    6 C       -0.028113    -0.113204     0.098601
    35    7 N        0.115849     0.275402     0.130840
    36    6 C       -0.018200     0.001183    -0.158690
    37    6 C        0.039231     0.131714    -0.102899
    38    7 N       -0.116127    -0.274525    -0.131541
    39    1 H        0.011868     0.096528    -0.076545
    40    1 H       -0.020757    -0.003973    -0.121697
    41    1 H       -0.033197    -0.094797     0.073660
    42    1 H        0.013813     0.006175     0.121867
    43    6 C       -0.007227     0.005770     0.003129
    44    6 C        0.005668     0.000507    -0.010195
    45    6 C       -0.005439     0.013652    -0.011878
    46    6 C       -0.031776     0.075193    -0.042903
    47    6 C       -0.016441     0.017709    -0.000237
    48    6 C       -0.010146     0.002838     0.011342
    49    6 C       -0.072303     0.143394     0.005125
    50    8 O       -0.035706     0.003372     0.139629
    51    8 O        0.096280     0.061846    -0.077667
    52    1 H        0.052704    -0.104056     0.070826
    53    1 H       -0.051356    -0.029152     0.116933
    54    1 H       -0.102837     0.073636     0.043598
    55    1 H        0.050634     0.037591    -0.117538
    56    1 H        0.102478    -0.065758    -0.053319
    57    1 H       -0.015431     0.072750    -0.077609
    58    7 N       -0.394145    -0.077760    -0.113857
    59    1 H        0.008345    -0.085143    -0.045480
    60    1 H       -0.026350     0.081453    -0.054642
    61    1 H       -0.048884    -0.007454     0.084284
---------------------------------------------------------
           total     1.254724    -2.979565    -1.617764
---------------------------------------------------------

[Info] JSON dump of results written to 'tblite.json'
