[Info] Molecular charge read from './.CHRG'
xTB calculator
 | Coulomb electrostatics
 |  * isotropic Klopman-Ohno electrostatics
 |  * onsite third-order electrostatics
CEH guess
integral cutoff           4.0000000000000E+01 bohr

Atomic charges (in atomic units):
---------------------------------------------------------
     #    Z                 q
---------------------------------------------------------
     1   89 Ac      -1.079305
     2   19 K        0.127515
     3   12 Mg      -0.204142
     4   52 Te      -0.844069
---------------------------------------------------------

Atomic dipole moments (in atomic units):
---------------------------------------------------------
     #    Z                 x            y            z
---------------------------------------------------------
     1   89 Ac      -0.665806    -0.629071     1.805484
     2   19 K       -0.102488    -0.567957    -0.716372
     3   12 Mg      -0.171799     0.611328    -0.130179
     4   52 Te       0.069132     0.103284    -0.254222
---------------------------------------------------------
           total    -3.905625    -0.959782    -2.685458
---------------------------------------------------------

[Info] JSON dump of results written to 'tblite.json'
