[Info] Molecular charge read from '.CHRG'

Charge model parameter:
------------------------------------------------------
   Z          chi/Eh     kcn/Eh     eta/Eh     rad/AA
------------------------------------------------------
  89 Ac       1.0458     0.0047     0.6519     0.6470
   6 C        1.4003     0.0601     0.6166     0.9994
   8 O        1.5687     0.1169     0.6793     0.6518
   7 N        1.5582     0.0928     0.6565     0.6998
   1 H        1.2370     0.0492     1.0964     0.2919
  53 I        1.4034     0.0897     0.3054     2.0116
------------------------------------------------------

Electrostatic properties (in atomic units):
--------------------------------------------------
     #    Z              CN          q        chi
--------------------------------------------------
     1   89 Ac       5.4112     0.6914     1.0348
     2    6 C        4.0420    -0.0260     1.2795
     3    6 C        3.2140     0.2740     1.2926
     4    8 O        1.0005    -0.4688     1.4517
     5    8 O        1.9846    -0.3568     1.4040
     6    7 N        3.8730    -0.5916     1.3756
     7    1 H        0.9909     0.0807     1.1880
     8    1 H        0.9913     0.0880     1.1880
     9    1 H        1.1280     0.2347     1.1847
    10    1 H        0.9980     0.2045     1.1878
    11   53 I        0.9661    -0.5420     1.3153
    12    6 C        4.0401    -0.1081     1.2796
    13    8 O        1.9919    -0.4095     1.4037
    14    1 H        0.9892     0.0733     1.1881
    15    1 H        0.9895     0.0766     1.1880
    16    1 H        0.9895     0.0757     1.1880
    17    6 C        4.0501    -0.1096     1.2794
    18    8 O        1.9911    -0.4129     1.4037
    19    1 H        0.9895     0.0772     1.1880
    20    1 H        0.9896     0.0787     1.1880
    21    1 H        0.9891     0.0703     1.1881
--------------------------------------------------
     Σ                         -1.0000
--------------------------------------------------

Electrostatic energy:   -9.2318212054725E-01 Eh

[Info] JSON dump of results written to 'multicharge.json'
