[Info] Molecular charge read from './.CHRG'
xTB calculator
 | Coulomb electrostatics
 |  * isotropic Klopman-Ohno electrostatics
 |  * onsite third-order electrostatics
CEH guess
integral cutoff           4.0000000000000E+01 bohr

Atomic charges (in atomic units):
---------------------------------------------------------
     #    Z                 q
---------------------------------------------------------
     1  102 No       0.712985
     2    8 O       -0.516536
     3   16 S        0.155454
     4    8 O       -0.534150
     5    8 O       -0.525136
     6    7 N        0.215841
     7    8 O       -0.295350
     8    8 O       -0.293256
     9    8 O       -0.352414
    10    7 N       -0.115170
    11    8 O       -0.281205
    12    8 O       -0.263071
    13    6 C        0.021752
    14    6 C       -0.024738
    15    6 C        0.011659
    16    7 N       -0.045182
    17    6 C        0.015353
    18    6 C       -0.022505
    19    1 H        0.002593
    20    1 H        0.006841
    21    1 H        0.047361
    22    1 H        0.069723
    23    1 H        0.009152
---------------------------------------------------------

Atomic dipole moments (in atomic units):
---------------------------------------------------------
     #    Z                 x            y            z
---------------------------------------------------------
     1  102 No      -0.128733    -0.118853     0.201623
     2    8 O       -0.097152    -0.035028    -0.050033
     3   16 S        0.009136     0.002381     0.038855
     4    8 O        0.070363    -0.082704     0.038075
     5    8 O        0.046782     0.095906    -0.039929
     6    7 N        0.011726    -0.006725     0.006173
     7    8 O        0.213949    -0.096929     0.084636
     8    8 O       -0.208976    -0.016180     0.136941
     9    8 O       -0.005581     0.112458    -0.222088
    10    7 N        0.059635    -0.384534    -0.136657
    11    8 O       -0.195807     0.085114    -0.011725
    12    8 O        0.166217     0.107959     0.081459
    13    6 C       -0.011296    -0.003841    -0.000442
    14    6 C       -0.006713    -0.002070    -0.018116
    15    6 C        0.077367     0.037281    -0.080498
    16    7 N       -0.295234    -0.109434    -0.093040
    17    6 C        0.024199     0.001045     0.123371
    18    6 C       -0.021854    -0.007914     0.017803
    19    1 H       -0.117241    -0.044634    -0.038444
    20    1 H       -0.078702    -0.037714     0.094858
    21    1 H        0.046157     0.007618     0.116675
    22    1 H        0.103306     0.038359    -0.065652
    23    1 H       -0.019236    -0.000264    -0.126505
---------------------------------------------------------
           total    -3.717561    -3.420739    -2.733029
---------------------------------------------------------

[Info] JSON dump of results written to 'tblite.json'
