[Info] Molecular charge read from '.CHRG'

Charge model parameter:
------------------------------------------------------
   Z          chi/Eh     kcn/Eh     eta/Eh     rad/AA
------------------------------------------------------
  98 Cf       1.0089     0.0039     0.6196     0.6803
   6 C        1.4003     0.0601     0.6166     0.9994
   8 O        1.5687     0.1169     0.6793     0.6518
   1 H        1.2370     0.0492     1.0964     0.2919
  16 S        1.4077     0.0713     0.5171     1.1581
   7 N        1.5582     0.0928     0.6565     0.6998
  15 P        1.5267     0.1425     0.7308     0.7313
------------------------------------------------------

Electrostatic properties (in atomic units):
--------------------------------------------------
     #    Z              CN          q        chi
--------------------------------------------------
     1   98 Cf       6.6482     0.8499     0.9989
     2    6 C        4.0359    -0.0632     1.2796
     3    6 C        3.9883    -0.1564     1.2804
     4    6 C        3.9804    -0.1676     1.2805
     5    6 C        4.1101    -0.0650     1.2785
     6    8 O        2.8756    -0.2942     1.3704
     7    1 H        0.9909     0.0777     1.1880
     8    1 H        0.9918     0.1209     1.1880
     9    1 H        0.9917     0.1240     1.1880
    10    1 H        0.9917     0.0615     1.1880
    11    1 H        0.9917     0.0669     1.1880
    12    1 H        0.9911     0.0760     1.1880
    13    1 H        0.9913     0.1214     1.1880
    14    1 H        0.9914     0.0811     1.1880
    15   16 S        1.9574    -0.2319     1.3080
    16    6 C        2.0471     0.1089     1.3144
    17    7 N        1.0061    -0.5133     1.4651
    18    8 O        1.9843    -0.4284     1.4040
    19   16 S        3.8809     0.3808     1.2673
    20    8 O        1.9837    -0.4300     1.4040
    21    8 O        0.9993    -0.4673     1.4518
    22    6 C        4.0259    -0.0957     1.2798
    23    8 O        1.9926    -0.4666     1.4037
    24    1 H        0.9902     0.1145     1.1880
    25    1 H        0.9898     0.0751     1.1880
    26    1 H        0.9893     0.0740     1.1881
    27    6 C        3.9592    -0.2607     1.2808
    28   15 P        3.9461     0.0505     1.2436
    29    6 C        3.9558    -0.2591     1.2808
    30    6 C        3.9557    -0.2679     1.2808
    31    1 H        0.9919     0.0700     1.1880
    32    1 H        0.9933     0.0900     1.1880
    33    1 H        0.9942     0.0987     1.1879
    34    1 H        0.9919     0.0707     1.1880
    35    1 H        0.9933     0.0893     1.1880
    36    1 H        0.9930     0.1151     1.1880
    37    1 H        0.9919     0.0707     1.1880
    38    1 H        0.9943     0.1043     1.1879
    39    1 H        0.9928     0.0754     1.1880
--------------------------------------------------
     Σ                         -1.0000
--------------------------------------------------

Electrostatic energy:   -1.0293072904565E+00 Eh

[Info] JSON dump of results written to 'multicharge.json'
