[Info] Molecular charge read from '.CHRG'

Charge model parameter:
------------------------------------------------------
   Z          chi/Eh     kcn/Eh     eta/Eh     rad/AA
------------------------------------------------------
 103 Lr       1.1371     0.0068     0.5937     0.7095
   7 N        1.5582     0.0928     0.6565     0.6998
  15 P        1.5267     0.1425     0.7308     0.7313
  33 As       1.3631     0.0766     0.5208     1.2766
  11 Na       0.5594    -0.1000     0.8641     0.6787
  17 Cl       1.4815     0.1368     0.7586     0.7238
------------------------------------------------------

Electrostatic properties (in atomic units):
--------------------------------------------------
     #    Z              CN          q        chi
--------------------------------------------------
     1  103 Lr       3.8000     0.5504     1.1240
     2    7 N        1.9354    -0.4469     1.4291
     3   15 P        0.8747    -0.0933     1.3934
     4   33 As       0.6191     0.1334     1.3029
     5   11 Na       2.2372     0.9106     0.7090
     6   17 Cl       1.9399    -0.0542     1.2910
--------------------------------------------------
     Σ                          1.0000
--------------------------------------------------

Electrostatic energy:    2.9969914766178E-01 Eh

[Info] JSON dump of results written to 'multicharge.json'
