[Info] Molecular charge read from './.CHRG'
xTB calculator
 | Coulomb electrostatics
 |  * isotropic Klopman-Ohno electrostatics
 |  * onsite third-order electrostatics
CEH guess
integral cutoff           2.2843592577975E+01 bohr

Atomic charges (in atomic units):
---------------------------------------------------------
     #    Z                 q
---------------------------------------------------------
     1   91 Pa       2.236981
     2    7 N       -0.139873
     3    6 C        0.165731
     4    6 C       -0.013737
     5    6 C        0.100234
     6    6 C       -0.000004
     7    6 C        0.161243
     8    6 C        0.162864
     9    6 C        0.001274
    10    6 C        0.107126
    11    6 C        0.000746
    12    6 C        0.194957
    13    7 N       -0.120498
    14    1 H        0.078419
    15    1 H        0.092689
    16    1 H        0.071759
    17    1 H        0.078634
    18    1 H        0.074929
    19    1 H        0.072683
    20    1 H        0.090916
    21    1 H        0.094898
    22    8 O       -0.264500
    23    1 H        0.281813
    24    6 C        0.170411
    25    8 O        0.300306
---------------------------------------------------------

Atomic dipole moments (in atomic units):
---------------------------------------------------------
     #    Z                 x            y            z
---------------------------------------------------------
     1   91 Pa       0.578904    -1.095882    -1.113332
     2    7 N        0.076473     0.001986     0.182865
     3    6 C        0.187338     0.001399    -0.153927
     4    6 C        0.027236     0.000143    -0.030629
     5    6 C        0.005399     0.000551    -0.034513
     6    6 C       -0.016739     0.000318    -0.060822
     7    6 C       -0.159300    -0.000750    -0.151514
     8    6 C       -0.151067    -0.000988    -0.150000
     9    6 C       -0.063904    -0.000228    -0.016891
    10    6 C       -0.037462    -0.000421     0.007099
    11    6 C       -0.026009    -0.000101     0.029746
    12    6 C       -0.166297    -0.006052     0.194944
    13    7 N        0.172182     0.000260     0.078548
    14    1 H       -0.128959     0.000130    -0.043829
    15    1 H       -0.115079    -0.001626     0.083872
    16    1 H        0.020134    -0.001256     0.138629
    17    1 H        0.128358     0.000672     0.056126
    18    1 H        0.055822    -0.000176     0.127729
    19    1 H        0.139006     0.000800     0.019965
    20    1 H        0.084318     0.002221    -0.115745
    21    1 H       -0.032909     0.001511    -0.134210
    22    8 O       -0.136772    -0.006044    -0.011868
    23    1 H       -0.157632    -0.008396    -0.024219
    24    6 C        0.006789     0.073672     0.002486
    25    8 O       -0.010133     0.090136    -0.013335
---------------------------------------------------------
           total     6.386016     1.302106     4.190357
---------------------------------------------------------

[Info] JSON dump of results written to 'tblite.json'
