[Info] Molecular charge read from '.CHRG'

Charge model parameter:
------------------------------------------------------
   Z          chi/Eh     kcn/Eh     eta/Eh     rad/AA
------------------------------------------------------
  99 Es       1.0593     0.0030     0.5898     0.7145
   7 N        1.5582     0.0928     0.6565     0.6998
   6 C        1.4003     0.0601     0.6166     0.9994
   1 H        1.2370     0.0492     1.0964     0.2919
   8 O        1.5687     0.1169     0.6793     0.6518
------------------------------------------------------

Electrostatic properties (in atomic units):
--------------------------------------------------
     #    Z              CN          q        chi
--------------------------------------------------
     1   99 Es       7.2944     0.9107     1.0513
     2    7 N        3.9101    -0.5846     1.3747
     3    6 C        4.0372    -0.0243     1.2796
     4    6 C        4.0427    -0.0397     1.2795
     5    7 N        3.8748    -0.4378     1.3755
     6    6 C        4.0165    -0.0375     1.2799
     7    6 C        4.0198    -0.0290     1.2799
     8    7 N        3.8989    -0.5897     1.3750
     9    1 H        1.0027     0.2535     1.1877
    10    1 H        1.0005     0.2675     1.1878
    11    1 H        0.9914     0.1451     1.1880
    12    1 H        0.9913     0.1251     1.1880
    13    1 H        0.9909     0.1196     1.1880
    14    1 H        0.9910     0.1235     1.1880
    15    1 H        1.0061     0.2454     1.1876
    16    1 H        0.9913     0.1324     1.1880
    17    1 H        0.9910     0.1193     1.1880
    18    1 H        0.9913     0.1228     1.1880
    19    1 H        0.9914     0.1257     1.1880
    20    1 H        1.0006     0.2542     1.1878
    21    1 H        0.9993     0.2527     1.1878
    22    6 C        3.9610    -0.1610     1.2808
    23    6 C        3.1680     0.1069     1.2934
    24    6 C        3.0045    -0.0693     1.2962
    25    6 C        3.1675     0.1095     1.2934
    26    8 O        1.9879    -0.3435     1.4038
    27    6 C        3.9607    -0.1559     1.2808
    28    8 O        1.9876    -0.3602     1.4039
    29    1 H        0.9923     0.1266     1.1880
    30    1 H        0.9916     0.1382     1.1880
    31    1 H        0.9914     0.1413     1.1880
    32    1 H        0.9933     0.1261     1.1880
    33    1 H        0.9924     0.1274     1.1880
    34    1 H        0.9915     0.1499     1.1880
    35    1 H        0.9917     0.1419     1.1880
    36    7 N        3.6558     0.1825     1.3808
    37    8 O        1.9560    -0.2352     1.4052
    38    8 O        1.9574    -0.2646     1.4051
    39    8 O        1.0015    -0.2153     1.4517
--------------------------------------------------
     Σ                          1.0000
--------------------------------------------------

Electrostatic energy:    2.2677575418194E-01 Eh

[Info] JSON dump of results written to 'multicharge.json'
