[Info] Molecular charge read from './.CHRG'
[Info] Molecular spin read from './.UHF'
xTB calculator
 | Coulomb electrostatics
 |  * isotropic Klopman-Ohno electrostatics
 |  * onsite third-order electrostatics
CEH guess
integral cutoff           4.0000000000000E+01 bohr

Atomic charges (in atomic units):
---------------------------------------------------------
     #    Z                 q
---------------------------------------------------------
     1   98 Cf       0.908099
     2    7 N       -0.247664
     3    7 N        0.097300
     4    7 N       -0.307301
     5    6 C       -0.083319
     6    6 C       -0.004916
     7    8 O       -0.394952
     8    1 H        0.023263
     9    1 H        0.010393
    10    1 H        0.019768
    11    1 H        0.017099
    12    1 H        0.013349
    13    6 C       -0.013502
    14    6 C       -0.025889
    15    6 C        0.007917
    16    7 N        0.007482
    17    6 C        0.001627
    18    6 C       -0.030574
    19    1 H        0.014467
    20    1 H        0.022499
    21    1 H        0.067299
    22    1 H        0.050181
    23    1 H        0.019997
    24    8 O       -0.465835
    25   16 S        0.244259
    26    8 O       -0.475474
    27    8 O       -0.475571
---------------------------------------------------------

Atomic dipole moments (in atomic units):
---------------------------------------------------------
     #    Z                 x            y            z
---------------------------------------------------------
     1   98 Cf      -0.050082     0.146024    -0.347953
     2    7 N       -0.080226    -0.208400     0.329993
     3    7 N        0.009074     0.009534    -0.017499
     4    7 N        0.076377     0.200119    -0.324752
     5    6 C       -0.053410    -0.058301    -0.004784
     6    6 C       -0.101921     0.068574     0.117504
     7    8 O        0.098808    -0.006451    -0.078930
     8    1 H        0.106631    -0.026840    -0.089906
     9    1 H        0.038015    -0.007747     0.136850
    10    1 H       -0.070729     0.120970    -0.027182
    11    1 H        0.062629    -0.101346     0.020237
    12    1 H       -0.027100     0.004582    -0.110049
    13    6 C        0.002582    -0.001707     0.002518
    14    6 C       -0.003268    -0.023455     0.016583
    15    6 C        0.069783    -0.054975     0.115350
    16    7 N       -0.223004    -0.162416    -0.087419
    17    6 C        0.029210     0.117405    -0.073130
    18    6 C       -0.007957     0.008913    -0.016931
    19    1 H       -0.104013    -0.072381    -0.040541
    20    1 H       -0.065733     0.047048    -0.104735
    21    1 H        0.048463     0.114365    -0.046333
    22    1 H        0.079747    -0.022662     0.106308
    23    1 H       -0.025498    -0.109843     0.070367
    24    8 O       -0.104256    -0.018745    -0.048204
    25   16 S        0.000762     0.016351     0.005561
    26    8 O        0.081874     0.022030    -0.071692
    27    8 O       -0.003594     0.068146     0.092004
---------------------------------------------------------
           total     0.782875    -5.129245    -3.260877
---------------------------------------------------------

[Info] JSON dump of results written to 'tblite.json'
