[Info] Molecular charge read from './.CHRG'
xTB calculator
 | Coulomb electrostatics
 |  * isotropic Klopman-Ohno electrostatics
 |  * onsite third-order electrostatics
CEH guess
integral cutoff           4.0000000000000E+01 bohr

Atomic charges (in atomic units):
---------------------------------------------------------
     #    Z                 q
---------------------------------------------------------
     1  103 Lr       0.564571
     2    6 C        0.013914
     3    6 C       -0.023642
     4    6 C       -0.004282
     5    6 C       -0.058397
     6    6 C       -0.002003
     7    6 C       -0.023305
     8    6 C        0.171327
     9    8 O       -0.289464
    10    8 O       -0.309287
    11    1 H        0.039249
    12    1 H        0.028928
    13    1 H        0.015865
    14    1 H        0.017198
    15    1 H        0.029192
    16    8 O       -0.177529
    17    1 H        0.160379
    18    1 H        0.143497
    19    6 C        0.092314
    20    8 O        0.157032
    21   16 S       -0.296074
    22    6 C       -0.024036
    23    7 N       -0.238239
    24    9 F       -0.521389
    25   17 Cl      -0.465819
---------------------------------------------------------

Atomic dipole moments (in atomic units):
---------------------------------------------------------
     #    Z                 x            y            z
---------------------------------------------------------
     1  103 Lr       0.860238     0.817663     0.450139
     2    6 C       -0.001325     0.000655    -0.014608
     3    6 C       -0.013153     0.005133    -0.009285
     4    6 C       -0.019276     0.007079    -0.040126
     5    6 C       -0.004368     0.001130    -0.039997
     6    6 C        0.011540    -0.004392    -0.043553
     7    6 C        0.010966    -0.003943    -0.011668
     8    6 C        0.011153    -0.006204    -0.032875
     9    8 O        0.103571    -0.042801     0.017498
    10    8 O       -0.099408     0.033602     0.044519
    11    1 H        0.015504    -0.004820     0.136264
    12    1 H        0.115282    -0.040354     0.051047
    13    1 H        0.095460    -0.034907    -0.085925
    14    1 H       -0.112746     0.038593    -0.059678
    15    1 H       -0.100812     0.035281     0.078428
    16    8 O       -0.046126     0.070002    -0.091078
    17    1 H        0.012522    -0.012620    -0.112676
    18    1 H       -0.045240     0.093738    -0.011367
    19    6 C       -0.147037    -0.029679    -0.039191
    20    8 O       -0.054267     0.000329    -0.012897
    21   16 S       -0.000383     0.010240     0.081738
    22    6 C       -0.115609    -0.064350     0.047080
    23    7 N       -0.038897    -0.028892     0.046963
    24    9 F       -0.001152     0.013169    -0.003389
    25   17 Cl       0.061907     0.114812    -0.026761
---------------------------------------------------------
           total     0.179049     1.923464     1.608421
---------------------------------------------------------

[Info] JSON dump of results written to 'tblite.json'
