Charge model parameter:
------------------------------------------------------
   Z          chi/Eh     kcn/Eh     eta/Eh     rad/AA
------------------------------------------------------
  92 U        1.0982     0.0042     0.6173     0.6828
   4 Be       0.9967    -0.0267     0.6200     0.8028
   8 O        1.5687     0.1169     0.6793     0.6518
------------------------------------------------------

Electrostatic properties (in atomic units):
--------------------------------------------------
     #    Z              CN          q        chi
--------------------------------------------------
     1   92 U        2.8626     0.2882     1.0912
     2    4 Be       1.8620     0.1951     1.0330
     3    4 Be       1.8607     0.1952     1.0330
     4    8 O        0.9994    -0.6785     1.4518
--------------------------------------------------
     Σ                          0.0000
--------------------------------------------------

Electrostatic energy:   -1.3370045301378E-01 Eh

[Info] JSON dump of results written to 'multicharge.json'
