[Info] Molecular charge read from '.CHRG'

Charge model parameter:
------------------------------------------------------
   Z          chi/Eh     kcn/Eh     eta/Eh     rad/AA
------------------------------------------------------
  92 U        1.0982     0.0042     0.6173     0.6828
   7 N        1.5582     0.0928     0.6565     0.6998
   6 C        1.4003     0.0601     0.6166     0.9994
   1 H        1.2370     0.0492     1.0964     0.2919
   8 O        1.5687     0.1169     0.6793     0.6518
  16 S        1.4077     0.0713     0.5171     1.1581
------------------------------------------------------

Electrostatic properties (in atomic units):
--------------------------------------------------
     #    Z              CN          q        chi
--------------------------------------------------
     1   92 U        7.8137     0.7655     1.0865
     2    7 N        2.9664    -0.3032     1.3984
     3    6 C        3.1619     0.0839     1.2935
     4    6 C        3.0107    -0.0329     1.2961
     5    6 C        3.0226    -0.0368     1.2959
     6    6 C        3.0145    -0.0499     1.2960
     7    6 C        3.1736     0.1440     1.2933
     8    6 C        3.1748     0.1401     1.2933
     9    6 C        3.0144    -0.0541     1.2960
    10    6 C        3.0214    -0.0425     1.2959
    11    6 C        3.0105    -0.0423     1.2961
    12    6 C        3.1604     0.0730     1.2935
    13    7 N        2.9666    -0.3011     1.3984
    14    1 H        0.9928     0.1696     1.1880
    15    1 H        0.9931     0.1655     1.1880
    16    1 H        0.9929     0.1657     1.1880
    17    1 H        0.9933     0.1420     1.1880
    18    1 H        0.9933     0.1418     1.1880
    19    1 H        0.9929     0.1646     1.1880
    20    1 H        0.9931     0.1633     1.1880
    21    1 H        0.9928     0.1736     1.1880
    22    8 O        1.9895    -0.2955     1.4038
    23   16 S        3.9032     0.5252     1.2669
    24    8 O        1.9890    -0.3064     1.4038
    25    8 O        1.0003    -0.3148     1.4517
    26    7 N        3.6401     0.1772     1.3811
    27    8 O        1.9608    -0.1836     1.4050
    28    8 O        1.9457    -0.2169     1.4056
    29    8 O        1.0015    -0.1722     1.4517
    30    6 C        1.7880     0.1900     1.3200
    31    8 O        0.9995    -0.2432     1.4518
    32    7 N        3.9031    -0.7029     1.3749
    33    1 H        0.9985     0.2994     1.1878
    34    1 H        1.0029     0.2980     1.1877
    35    1 H        0.9973     0.3159     1.1879
--------------------------------------------------
     Σ                          1.0000
--------------------------------------------------

Electrostatic energy:    2.8070142066062E-01 Eh

[Info] JSON dump of results written to 'multicharge.json'
