Charge model parameter:
------------------------------------------------------
   Z          chi/Eh     kcn/Eh     eta/Eh     rad/AA
------------------------------------------------------
  90 Th       1.0989     0.0159     0.6181     0.6812
   1 H        1.2370     0.0492     1.0964     0.2919
------------------------------------------------------

Electrostatic properties (in atomic units):
--------------------------------------------------
     #    Z              CN          q        chi
--------------------------------------------------
     1   90 Th       2.9271     0.2048     1.0717
     2    1 H        0.9771    -0.0683     1.1884
     3    1 H        0.9771    -0.0682     1.1884
     4    1 H        0.9771    -0.0683     1.1884
--------------------------------------------------
     Σ                          0.0000
--------------------------------------------------

Electrostatic energy:   -1.1945121006826E-02 Eh

[Info] JSON dump of results written to 'multicharge.json'
