[Info] Molecular charge read from './.CHRG'
[Info] Molecular spin read from './.UHF'
xTB calculator
 | Coulomb electrostatics
 |  * isotropic Klopman-Ohno electrostatics
 |  * onsite third-order electrostatics
CEH guess
integral cutoff           4.0000000000000E+01 bohr

Atomic charges (in atomic units):
---------------------------------------------------------
     #    Z                 q
---------------------------------------------------------
     1   97 Bk       1.807008
     2    7 N       -0.114844
     3    6 C        0.000611
     4    6 C       -0.018834
     5    7 N       -0.119005
     6    1 H        0.125499
     7    1 H        0.146208
     8    1 H        0.070723
     9    1 H        0.086862
    10    1 H        0.090892
    11    1 H        0.058310
    12    1 H        0.129926
    13    1 H        0.139462
    14    7 N       -0.082106
    15    6 C        0.054019
    16    6 C       -0.022809
    17    6 C        0.020308
    18    6 C       -0.005285
    19    6 C        0.078691
    20    6 C        0.063305
    21    6 C       -0.002543
    22    6 C        0.009654
    23    6 C       -0.019233
    24    6 C        0.047995
    25    7 N       -0.078007
    26    1 H        0.064605
    27    1 H        0.073579
    28    1 H        0.061470
    29    1 H        0.067039
    30    1 H        0.064888
    31    1 H        0.061397
    32    1 H        0.072639
    33    1 H        0.067577
---------------------------------------------------------

Atomic dipole moments (in atomic units):
---------------------------------------------------------
     #    Z                 x            y            z
---------------------------------------------------------
     1   97 Bk       0.056455    -0.152278    -0.138010
     2    7 N        0.070686    -0.040393     0.259357
     3    6 C       -0.159887     0.121690    -0.136866
     4    6 C       -0.093400    -0.055036    -0.202120
     5    7 N        0.231675    -0.016238     0.168218
     6    1 H       -0.027754     0.080304     0.048821
     7    1 H       -0.053553    -0.078390     0.022037
     8    1 H        0.027735    -0.118268    -0.043742
     9    1 H       -0.010256     0.006119     0.124250
    10    1 H        0.116011    -0.033425     0.028282
    11    1 H       -0.032123     0.118339     0.036659
    12    1 H        0.045813    -0.080665    -0.025135
    13    1 H        0.050329     0.080904    -0.023245
    14    7 N       -0.086020     0.212072     0.013923
    15    6 C       -0.155859    -0.148403     0.030819
    16    6 C       -0.022839    -0.030500     0.002646
    17    6 C        0.011578    -0.030762     0.000784
    18    6 C        0.019409    -0.069005    -0.002945
    19    6 C        0.149618    -0.127003    -0.019432
    20    6 C        0.133001    -0.139978    -0.012532
    21    6 C        0.070083    -0.015242    -0.005062
    22    6 C        0.032254    -0.007043    -0.001579
    23    6 C        0.027701     0.025422    -0.000692
    24    6 C        0.138315     0.167628    -0.013577
    25    7 N       -0.225906     0.081336     0.009538
    26    1 H        0.124363    -0.039551    -0.020913
    27    1 H        0.105107     0.089662    -0.019185
    28    1 H       -0.029804     0.133298     0.001610
    29    1 H       -0.128919     0.044178     0.018649
    30    1 H       -0.051223     0.127436     0.002603
    31    1 H       -0.134246     0.022579     0.011998
    32    1 H       -0.083672    -0.111203     0.007479
    33    1 H        0.044925    -0.124756    -0.004685
---------------------------------------------------------
           total    -0.266475     3.060839     1.061564
---------------------------------------------------------

[Info] JSON dump of results written to 'tblite.json'
