[Info] Molecular spin read from './.UHF'
xTB calculator
 | Coulomb electrostatics
 |  * isotropic Klopman-Ohno electrostatics
 |  * onsite third-order electrostatics
CEH guess
integral cutoff           4.0000000000000E+01 bohr

Atomic charges (in atomic units):
---------------------------------------------------------
     #    Z                 q
---------------------------------------------------------
     1   99 Es       1.214021
     2   16 S       -0.403744
     3   16 S       -0.404869
     4   16 S       -0.405408
---------------------------------------------------------

Atomic dipole moments (in atomic units):
---------------------------------------------------------
     #    Z                 x            y            z
---------------------------------------------------------
     1   99 Es       0.102481     0.140571    -0.244374
     2   16 S        0.017331     0.024644     0.017826
     3   16 S        0.017735    -0.028274    -0.012216
     4   16 S       -0.032571     0.007009    -0.012396
---------------------------------------------------------
           total     0.333457     0.461796    -0.808846
---------------------------------------------------------

[Info] JSON dump of results written to 'tblite.json'
