[Info] Molecular spin read from './.UHF'
xTB calculator
 | Coulomb electrostatics
 |  * isotropic Klopman-Ohno electrostatics
 |  * onsite third-order electrostatics
CEH guess
integral cutoff           4.0000000000000E+01 bohr

Atomic charges (in atomic units):
---------------------------------------------------------
     #    Z                 q
---------------------------------------------------------
     1  102 No       0.495582
     2   53 I       -0.028527
     3   53 I       -0.028191
     4   53 I       -0.109591
     5   53 I       -0.109683
     6   53 I       -0.109375
     7   53 I       -0.110216
---------------------------------------------------------

Atomic dipole moments (in atomic units):
---------------------------------------------------------
     #    Z                 x            y            z
---------------------------------------------------------
     1  102 No      -0.008693    -0.006854     0.000218
     2   53 I        0.013400     0.083624     0.063248
     3   53 I        0.084023     0.012024    -0.062968
     4   53 I       -0.059877    -0.003491    -0.074766
     5   53 I       -0.000395    -0.043969     0.086844
     6   53 I       -0.005457    -0.060555     0.074383
     7   53 I       -0.043554     0.001258    -0.086682
---------------------------------------------------------
           total     0.054742     0.063219    -0.000093
---------------------------------------------------------

[Info] JSON dump of results written to 'tblite.json'
