[Info] Molecular charge read from './.CHRG'
[Info] Molecular spin read from './.UHF'
xTB calculator
 | Coulomb electrostatics
 |  * isotropic Klopman-Ohno electrostatics
 |  * onsite third-order electrostatics
CEH guess
integral cutoff           4.0000000000000E+01 bohr

Atomic charges (in atomic units):
---------------------------------------------------------
     #    Z                 q
---------------------------------------------------------
     1   94 Pu       0.519961
     2    8 O       -0.395713
     3   16 S        0.337366
     4    8 O       -0.377034
     5    8 O       -0.383540
     6    6 C        0.023094
     7    8 O       -0.087399
     8    1 H        0.023868
     9    1 H        0.032811
    10    1 H        0.029168
    11    1 H        0.078298
    12    9 F       -0.289490
    13   16 S       -0.210264
    14    6 C       -0.048806
    15    7 N       -0.252319
---------------------------------------------------------

Atomic dipole moments (in atomic units):
---------------------------------------------------------
     #    Z                 x            y            z
---------------------------------------------------------
     1   94 Pu       0.033527     0.524952    -0.109889
     2    8 O        0.076517     0.010725    -0.070972
     3   16 S       -0.063578    -0.035975    -0.010058
     4    8 O        0.011770     0.066355     0.078737
     5    8 O       -0.036538    -0.089272     0.018301
     6    6 C        0.149843    -0.188086    -0.121355
     7    8 O        0.039538     0.091735     0.088002
     8    1 H       -0.002427     0.116696    -0.083629
     9    1 H        0.067431     0.024996     0.125635
    10    1 H       -0.142870    -0.051622     0.023488
    11    1 H        0.063848     0.020226     0.019396
    12    9 F       -0.066778     0.019580     0.019858
    13   16 S        0.004160    -0.074073     0.079419
    14    6 C       -0.017110    -0.064254    -0.032032
    15    7 N        0.012248    -0.053744     0.092437
---------------------------------------------------------
           total    -2.089144     2.824383    -0.728159
---------------------------------------------------------

[Info] JSON dump of results written to 'tblite.json'
