Charge model parameter:
------------------------------------------------------
   Z          chi/Eh     kcn/Eh     eta/Eh     rad/AA
------------------------------------------------------
  89 Ac       1.0458     0.0047     0.6519     0.6470
   6 C        1.4003     0.0601     0.6166     0.9994
   8 O        1.5687     0.1169     0.6793     0.6518
   1 H        1.2370     0.0492     1.0964     0.2919
   7 N        1.5582     0.0928     0.6565     0.6998
------------------------------------------------------

Electrostatic properties (in atomic units):
--------------------------------------------------
     #    Z              CN          q        chi
--------------------------------------------------
     1   89 Ac       7.1127     0.7115     1.0332
     2    6 C        3.0142    -0.0795     1.2960
     3    6 C        3.0123    -0.0812     1.2961
     4    6 C        3.0164    -0.0659     1.2960
     5    6 C        3.0191     0.0156     1.2959
     6    6 C        3.0161    -0.0685     1.2960
     7    6 C        3.0123    -0.0823     1.2961
     8    6 C        3.8639     0.2633     1.2822
     9    8 O        1.9771    -0.3356     1.4043
    10    8 O        1.9718    -0.3370     1.4045
    11    1 H        0.9928     0.1300     1.1880
    12    1 H        0.9929     0.1318     1.1880
    13    1 H        0.9930     0.1498     1.1880
    14    1 H        0.9929     0.1455     1.1880
    15    1 H        0.9929     0.1306     1.1880
    16    7 N        3.6977     0.1868     1.3798
    17    8 O        1.0017    -0.2466     1.4517
    18    8 O        1.9575    -0.2298     1.4051
    19    8 O        1.9647    -0.2227     1.4048
    20    6 C        1.9726     0.0941     1.3159
    21    7 N        1.0216    -0.3709     1.4644
    22    6 C        3.0752     0.0750     1.2950
    23    6 C        3.1292     0.0486     1.2941
    24    7 N        2.9493    -0.3196     1.3988
    25    6 C        3.2283     0.0627     1.2924
    26    6 C        3.0750     0.0707     1.2950
    27    7 N        2.0149    -0.3523     1.4265
    28    1 H        0.9926     0.1404     1.1880
    29    1 H        0.9925     0.1532     1.1880
    30    1 H        0.9945     0.1452     1.1879
    31    1 H        0.9926     0.1370     1.1880
--------------------------------------------------
     Σ                         -0.0000
--------------------------------------------------

Electrostatic energy:   -3.0598400232848E-01 Eh

[Info] JSON dump of results written to 'multicharge.json'
