[Info] Molecular spin read from './.UHF'
xTB calculator
 | Coulomb electrostatics
 |  * isotropic Klopman-Ohno electrostatics
 |  * onsite third-order electrostatics
CEH guess
integral cutoff           4.0000000000000E+01 bohr

Atomic charges (in atomic units):
---------------------------------------------------------
     #    Z                 q
---------------------------------------------------------
     1  102 No       0.552675
     2   17 Cl      -0.142734
     3   17 Cl      -0.141190
     4   17 Cl      -0.138676
     5   17 Cl      -0.140481
     6   17 Cl       0.005582
     7   17 Cl       0.004825
---------------------------------------------------------

Atomic dipole moments (in atomic units):
---------------------------------------------------------
     #    Z                 x            y            z
---------------------------------------------------------
     1  102 No       0.021682     0.050822     0.081581
     2   17 Cl       0.031921    -0.016634    -0.027489
     3   17 Cl       0.008822    -0.014230     0.040859
     4   17 Cl      -0.006173     0.041955    -0.011426
     5   17 Cl      -0.032502    -0.025746    -0.017420
     6   17 Cl       0.027086     0.020366    -0.003280
     7   17 Cl      -0.025841    -0.005625     0.021048
---------------------------------------------------------
           total     0.057997    -0.134421    -0.086656
---------------------------------------------------------

[Info] JSON dump of results written to 'tblite.json'
