[Info] Molecular spin read from './.UHF'
xTB calculator
 | Coulomb electrostatics
 |  * isotropic Klopman-Ohno electrostatics
 |  * onsite third-order electrostatics
CEH guess
integral cutoff           4.0000000000000E+01 bohr

Atomic charges (in atomic units):
---------------------------------------------------------
     #    Z                 q
---------------------------------------------------------
     1   95 Am       0.772133
     2    1 H       -0.257360
     3    1 H       -0.257345
     4    1 H       -0.257428
---------------------------------------------------------

Atomic dipole moments (in atomic units):
---------------------------------------------------------
     #    Z                 x            y            z
---------------------------------------------------------
     1   95 Am      -0.343064    -0.486316     0.855099
     2    1 H       -0.048275    -0.068987    -0.127963
     3    1 H       -0.048646     0.145205    -0.006325
     4    1 H        0.153050     0.003685    -0.005794
---------------------------------------------------------
           total    -0.659715    -0.935783     1.643941
---------------------------------------------------------

[Info] JSON dump of results written to 'tblite.json'
