[Info] Molecular charge read from './.CHRG'
[Info] Molecular spin read from './.UHF'
xTB calculator
 | Coulomb electrostatics
 |  * isotropic Klopman-Ohno electrostatics
 |  * onsite third-order electrostatics
CEH guess
integral cutoff           4.0000000000000E+01 bohr

Atomic charges (in atomic units):
---------------------------------------------------------
     #    Z                 q
---------------------------------------------------------
     1  103 Lr       0.340396
     2    1 H       -0.382988
     3   19 K        0.152253
     4   50 Sn      -0.477320
     5   51 Sb      -0.167447
     6    9 F       -0.464894
---------------------------------------------------------

Atomic dipole moments (in atomic units):
---------------------------------------------------------
     #    Z                 x            y            z
---------------------------------------------------------
     1  103 Lr       0.123122     0.131589     0.215474
     2    1 H       -0.019333     0.041176     0.046264
     3   19 K       -0.256268     0.396586    -0.750749
     4   50 Sn      -0.210458    -0.282263    -0.046545
     5   51 Sb       0.053689     0.009874    -0.018427
     6    9 F       -0.002849     0.006915    -0.010386
---------------------------------------------------------
           total     0.364442     1.964551    -2.439533
---------------------------------------------------------

[Info] JSON dump of results written to 'tblite.json'
