[Info] Molecular spin read from './.UHF'
xTB calculator
 | Coulomb electrostatics
 |  * isotropic Klopman-Ohno electrostatics
 |  * onsite third-order electrostatics
CEH guess
integral cutoff           4.0000000000000E+01 bohr

Atomic charges (in atomic units):
---------------------------------------------------------
     #    Z                 q
---------------------------------------------------------
     1   97 Bk       0.708024
     2   35 Br      -0.192274
     3   35 Br      -0.108612
     4   35 Br      -0.114832
     5   35 Br      -0.187373
     6   35 Br      -0.104934
---------------------------------------------------------

Atomic dipole moments (in atomic units):
---------------------------------------------------------
     #    Z                 x            y            z
---------------------------------------------------------
     1   97 Bk       0.022595     0.083997     0.005182
     2   35 Br      -0.025139     0.031868     0.070743
     3   35 Br       0.018901     0.007569    -0.040256
     4   35 Br      -0.012752    -0.030374     0.003918
     5   35 Br       0.065202    -0.030500    -0.033311
     6   35 Br      -0.029368     0.034662     0.014407
---------------------------------------------------------
           total    -0.706038     0.225584    -0.683284
---------------------------------------------------------

[Info] JSON dump of results written to 'tblite.json'
