[Info] Molecular charge read from './.CHRG'
[Info] Molecular spin read from './.UHF'
xTB calculator
 | Coulomb electrostatics
 |  * isotropic Klopman-Ohno electrostatics
 |  * onsite third-order electrostatics
CEH guess
integral cutoff           4.0000000000000E+01 bohr

Atomic charges (in atomic units):
---------------------------------------------------------
     #    Z                 q
---------------------------------------------------------
     1   97 Bk       0.828994
     2    7 N       -0.083085
     3    6 C       -0.005417
     4    6 C       -0.008300
     5    7 N       -0.075960
     6    1 H        0.117953
     7    1 H        0.102854
     8    1 H        0.069073
     9    1 H        0.060147
    10    1 H        0.054381
    11    1 H        0.068672
    12    1 H        0.112216
    13    1 H        0.102885
    14   16 S        0.060427
    15    6 C        0.072452
    16    7 N       -0.244594
    17    6 C       -0.018380
    18    6 C       -0.041564
    19    6 C       -0.011847
    20    6 C       -0.014047
    21    6 C       -0.012075
    22    6 C       -0.041436
    23    6 C        0.172884
    24    8 O       -0.224632
    25    8 O       -0.230985
    26    1 H        0.045382
    27    1 H        0.039588
    28    1 H        0.032208
    29    1 H        0.032424
    30    1 H        0.039782
---------------------------------------------------------

Atomic dipole moments (in atomic units):
---------------------------------------------------------
     #    Z                 x            y            z
---------------------------------------------------------
     1   97 Bk      -0.324197    -0.689992    -0.136955
     2    7 N        0.102273    -0.196416     0.215625
     3    6 C       -0.191086     0.084029    -0.083437
     4    6 C       -0.031356     0.205858    -0.064719
     5    7 N        0.233757    -0.210595     0.023171
     6    1 H        0.009698     0.066230     0.075911
     7    1 H       -0.073920    -0.063904    -0.002512
     8    1 H       -0.004209    -0.091233     0.083223
     9    1 H        0.089399     0.089236     0.019775
    10    1 H       -0.099024    -0.076016    -0.026494
    11    1 H        0.111135    -0.051803    -0.009533
    12    1 H       -0.009754    -0.048161    -0.086960
    13    1 H        0.081106     0.055656     0.015486
    14   16 S        0.051638     0.190848     0.048321
    15    6 C       -0.035851    -0.155073    -0.035068
    16    7 N        0.034130     0.072931     0.026575
    17    6 C        0.021888     0.007621     0.005748
    18    6 C        0.001556    -0.001835     0.018495
    19    6 C        0.026981     0.006349     0.032785
    20    6 C        0.030432     0.010257     0.007695
    21    6 C        0.036609     0.015759    -0.016089
    22    6 C        0.008288     0.004941    -0.016001
    23    6 C        0.046885     0.014454     0.014310
    24    8 O       -0.056311    -0.033223     0.077272
    25    8 O       -0.021218     0.004373    -0.099583
    26    1 H       -0.123277    -0.045628    -0.033453
    27    1 H       -0.037888     0.000384    -0.128011
    28    1 H        0.086272     0.047003    -0.095801
    29    1 H        0.040966     0.002023     0.130912
    30    1 H       -0.082290    -0.043935     0.095563
---------------------------------------------------------
           total     0.855689     0.708612     1.749257
---------------------------------------------------------

[Info] JSON dump of results written to 'tblite.json'
