[Info] Molecular charge read from './.CHRG'
[Info] Molecular spin read from './.UHF'
xTB calculator
 | Coulomb electrostatics
 |  * isotropic Klopman-Ohno electrostatics
 |  * onsite third-order electrostatics
CEH guess
integral cutoff           3.7432403240289E+01 bohr

Atomic charges (in atomic units):
---------------------------------------------------------
     #    Z                 q
---------------------------------------------------------
     1   93 Np      -0.616234
     2   20 Ca       0.243316
     3    7 N       -0.902588
     4   51 Sb      -0.839354
     5   34 Se      -0.742685
     6    9 F       -0.142455
---------------------------------------------------------

Atomic dipole moments (in atomic units):
---------------------------------------------------------
     #    Z                 x            y            z
---------------------------------------------------------
     1   93 Np       0.106055    -0.146153     0.761367
     2   20 Ca      -0.205666     0.220375     1.602865
     3    7 N        0.003797     0.011524    -0.036647
     4   51 Sb      -0.349214    -0.628482    -0.013295
     5   34 Se       0.274496     0.026845     0.051110
     6    9 F       -0.038316     0.056978     0.019673
---------------------------------------------------------
           total    -0.982382     0.650208     7.732117
---------------------------------------------------------

[Info] JSON dump of results written to 'tblite.json'
