[Info] Molecular charge read from '.CHRG'

Charge model parameter:
------------------------------------------------------
   Z          chi/Eh     kcn/Eh     eta/Eh     rad/AA
------------------------------------------------------
 103 Lr       1.1371     0.0068     0.5937     0.7095
  50 Sn       1.1245    -0.0303     0.4567     1.0454
   7 N        1.5582     0.0928     0.6565     0.6998
  53 I        1.4034     0.0897     0.3054     2.0116
  35 Br       1.3980     0.0801     0.3934     1.5631
------------------------------------------------------

Electrostatic properties (in atomic units):
--------------------------------------------------
     #    Z              CN          q        chi
--------------------------------------------------
     1  103 Lr       3.7801     0.5131     1.1240
     2   50 Sn       1.4379     0.7401     1.1609
     3    7 N        0.8957    -0.1215     1.4704
     4   53 I        1.3667     0.6091     1.2986
     5   35 Br       1.8951     0.2591     1.2878
--------------------------------------------------
     Σ                          2.0000
--------------------------------------------------

Electrostatic energy:    1.1909966786099E+00 Eh

[Info] JSON dump of results written to 'multicharge.json'
