[Info] Molecular charge read from './.CHRG'
[Info] Molecular spin read from './.UHF'
xTB calculator
 | Coulomb electrostatics
 |  * isotropic Klopman-Ohno electrostatics
 |  * onsite third-order electrostatics
CEH guess
integral cutoff           2.3650283084401E+01 bohr

Atomic charges (in atomic units):
---------------------------------------------------------
     #    Z                 q
---------------------------------------------------------
     1   90 Th       2.085441
     2   15 P        0.914559
---------------------------------------------------------

Atomic dipole moments (in atomic units):
---------------------------------------------------------
     #    Z                 x            y            z
---------------------------------------------------------
     1   90 Th      -0.806580    -1.397036     0.815352
     2   15 P        0.180691     0.312965    -0.182656
---------------------------------------------------------
           total     0.711571     1.232476     3.213400
---------------------------------------------------------

[Info] JSON dump of results written to 'tblite.json'
