[Info] Molecular charge read from '.CHRG'

Charge model parameter:
------------------------------------------------------
   Z          chi/Eh     kcn/Eh     eta/Eh     rad/AA
------------------------------------------------------
  99 Es       1.0593     0.0030     0.5898     0.7145
   6 C        1.4003     0.0601     0.6166     0.9994
   8 O        1.5687     0.1169     0.6793     0.6518
   7 N        1.5582     0.0928     0.6565     0.6998
   1 H        1.2370     0.0492     1.0964     0.2919
------------------------------------------------------

Electrostatic properties (in atomic units):
--------------------------------------------------
     #    Z              CN          q        chi
--------------------------------------------------
     1   99 Es       7.5319     0.9103     1.0511
     2    6 C        4.0840     0.0230     1.2789
     3    6 C        3.9938     0.2777     1.2803
     4    8 O        1.9549    -0.3112     1.4052
     5    8 O        1.9611    -0.2998     1.4050
     6    7 N        3.8824    -0.5789     1.3754
     7    1 H        0.9922     0.1607     1.1880
     8    1 H        0.9923     0.1598     1.1880
     9    1 H        0.9967     0.2881     1.1879
    10    1 H        0.9964     0.2855     1.1879
    11    7 N        3.6930     0.1841     1.3799
    12    8 O        1.0015    -0.1630     1.4517
    13    8 O        1.9730    -0.2228     1.4045
    14    8 O        1.9580    -0.2304     1.4051
    15    6 C        3.9817    -0.0540     1.2805
    16    8 O        2.9488    -0.4113     1.3679
    17    1 H        0.9919     0.1648     1.1880
    18    1 H        0.9919     0.1634     1.1880
    19    1 H        0.9923     0.1771     1.1880
    20    1 H        1.0289     0.2837     1.1871
    21    7 N        3.9294    -0.7416     1.3742
    22    1 H        1.0050     0.3131     1.1877
    23    1 H        0.9993     0.3121     1.1878
    24    1 H        0.9985     0.3096     1.1878
--------------------------------------------------
     Σ                          1.0000
--------------------------------------------------

Electrostatic energy:    2.6322401148096E-01 Eh

[Info] JSON dump of results written to 'multicharge.json'
