Charge model parameter:
------------------------------------------------------
   Z          chi/Eh     kcn/Eh     eta/Eh     rad/AA
------------------------------------------------------
  93 Np       1.1090     0.0071     0.5649     0.7462
   7 N        1.5582     0.0928     0.6565     0.6998
   6 C        1.4003     0.0601     0.6166     0.9994
   1 H        1.2370     0.0492     1.0964     0.2919
  16 S        1.4077     0.0713     0.5171     1.1581
   8 O        1.5687     0.1169     0.6793     0.6518
------------------------------------------------------

Electrostatic properties (in atomic units):
--------------------------------------------------
     #    Z              CN          q        chi
--------------------------------------------------
     1   93 Np       7.4262     0.8859     1.0897
     2    7 N        3.9245    -0.5745     1.3744
     3    6 C        4.0169    -0.0360     1.2799
     4    6 C        4.0602    -0.0368     1.2793
     5    7 N        3.9014    -0.5651     1.3749
     6    1 H        1.0114     0.2495     1.1875
     7    1 H        1.0701     0.2528     1.1861
     8    1 H        0.9912     0.0957     1.1880
     9    1 H        0.9913     0.1135     1.1880
    10    1 H        0.9913     0.1155     1.1880
    11    1 H        0.9910     0.0939     1.1880
    12    1 H        1.0138     0.2442     1.1875
    13    1 H        0.9988     0.2425     1.1878
    14   16 S        1.0128    -0.1263     1.3360
    15    6 C        2.0780     0.1535     1.3137
    16    7 N        2.0060    -0.4211     1.4268
    17    6 C        3.9549    -0.2056     1.2809
    18    6 C        4.1446    -0.0093     1.2780
    19    8 O        1.9917    -0.3991     1.4037
    20    1 H        0.9916     0.1004     1.1880
    21    1 H        0.9917     0.1362     1.1880
    22    1 H        0.9914     0.1113     1.1880
    23    1 H        0.9909     0.1243     1.1880
    24    1 H        0.9908     0.1136     1.1880
    25    8 O        1.9643    -0.3443     1.4048
    26   16 S        3.9647     0.3866     1.2658
    27    8 O        1.9002    -0.3617     1.4075
    28    8 O        1.9876    -0.3396     1.4039
--------------------------------------------------
     Σ                          0.0000
--------------------------------------------------

Electrostatic energy:   -3.5519962842683E-01 Eh

[Info] JSON dump of results written to 'multicharge.json'
