[Info] Molecular charge read from '.CHRG'

Charge model parameter:
------------------------------------------------------
   Z          chi/Eh     kcn/Eh     eta/Eh     rad/AA
------------------------------------------------------
 103 Lr       1.1371     0.0068     0.5937     0.7095
  13 Al       1.1291    -0.0217     0.5831     0.9046
  51 Sb       1.2164     0.0142     0.4795     1.0458
   9 F        1.5754     0.1570     0.7723     0.9393
  53 I        1.4034     0.0897     0.3054     2.0116
------------------------------------------------------

Electrostatic properties (in atomic units):
--------------------------------------------------
     #    Z              CN          q        chi
--------------------------------------------------
     1  103 Lr       3.7836     0.3468     1.1240
     2   13 Al       0.8745     0.0104     1.1494
     3   51 Sb       0.9369    -0.1226     1.2027
     4    9 F        0.9979    -0.4285     1.4185
     5   53 I        0.9866    -0.8060     1.3143
--------------------------------------------------
     Σ                         -1.0000
--------------------------------------------------

Electrostatic energy:   -7.0650020626052E-01 Eh

[Info] JSON dump of results written to 'multicharge.json'
