[Info] Molecular charge read from '.CHRG'

Charge model parameter:
------------------------------------------------------
   Z          chi/Eh     kcn/Eh     eta/Eh     rad/AA
------------------------------------------------------
 102 No       1.1434     0.0135     0.6305     0.6695
   7 N        1.5582     0.0928     0.6565     0.6998
  34 Se       1.3649     0.0656     0.4617     1.1999
  19 K        0.4037    -0.1022     0.9145     0.8703
------------------------------------------------------

Electrostatic properties (in atomic units):
--------------------------------------------------
     #    Z              CN          q        chi
--------------------------------------------------
     1  102 No       3.9273    -0.1476     1.1166
     2    7 N        1.9304    -1.2397     1.4293
     3   34 Se       1.9290    -1.7013     1.2737
     4   19 K        3.7481     0.3285     0.6016
     5    7 N        1.9313    -1.2399     1.4292
--------------------------------------------------
     Σ                         -4.0000
--------------------------------------------------

Electrostatic energy:   -2.8390699603340E+00 Eh

[Info] JSON dump of results written to 'multicharge.json'
