Charge model parameter:
------------------------------------------------------
   Z          chi/Eh     kcn/Eh     eta/Eh     rad/AA
------------------------------------------------------
  89 Ac       1.0458     0.0047     0.6519     0.6470
  19 K        0.4037    -0.1022     0.9145     0.8703
  52 Te       1.3651     0.0895     0.4850     1.0871
  51 Sb       1.2164     0.0142     0.4795     1.0458
------------------------------------------------------

Electrostatic properties (in atomic units):
--------------------------------------------------
     #    Z              CN          q        chi
--------------------------------------------------
     1   89 Ac       2.0902     0.1935     1.0390
     2   19 K        2.0459     0.7202     0.5499
     3   52 Te       1.9798    -0.5237     1.2391
     4   51 Sb       1.9382    -0.3900     1.1967
--------------------------------------------------
     Σ                          0.0000
--------------------------------------------------

Electrostatic energy:   -2.5925949761121E-01 Eh

[Info] JSON dump of results written to 'multicharge.json'
