[Info] Molecular spin read from './.UHF'
xTB calculator
 | Coulomb electrostatics
 |  * isotropic Klopman-Ohno electrostatics
 |  * onsite third-order electrostatics
CEH guess
integral cutoff           4.0000000000000E+01 bohr

Atomic charges (in atomic units):
---------------------------------------------------------
     #    Z                 q
---------------------------------------------------------
     1   90 Th      -0.191256
     2    3 Li       0.244016
     3    3 Li       0.242475
     4    3 Li       0.153541
     5    1 H       -0.224172
     6    1 H       -0.224604
---------------------------------------------------------

Atomic dipole moments (in atomic units):
---------------------------------------------------------
     #    Z                 x            y            z
---------------------------------------------------------
     1   90 Th      -1.306819     1.222084     1.231056
     2    3 Li       0.801958    -0.299875     0.240159
     3    3 Li       0.081965     0.057257    -0.884758
     4    3 Li      -0.535075    -0.707210     0.117841
     5    1 H        0.117809     0.027928     0.064599
     6    1 H        0.005438     0.082820    -0.109418
---------------------------------------------------------
           total    -0.556241    -1.922256    -0.239049
---------------------------------------------------------

[Info] JSON dump of results written to 'tblite.json'
