Charge model parameter:
------------------------------------------------------
   Z          chi/Eh     kcn/Eh     eta/Eh     rad/AA
------------------------------------------------------
  96 Cm       1.1100     0.0071     0.5609     0.7515
  16 S        1.4077     0.0713     0.5171     1.1581
------------------------------------------------------

Electrostatic properties (in atomic units):
--------------------------------------------------
     #    Z              CN          q        chi
--------------------------------------------------
     1   96 Cm       2.9763     0.5902     1.0978
     2   16 S        0.9936    -0.1967     1.3366
     3   16 S        0.9936    -0.1967     1.3366
     4   16 S        0.9936    -0.1967     1.3366
--------------------------------------------------
     Σ                         -0.0000
--------------------------------------------------

Electrostatic energy:   -7.0488427916587E-02 Eh

[Info] JSON dump of results written to 'multicharge.json'
