[Info] Molecular charge read from './.CHRG'
[Info] Molecular spin read from './.UHF'
xTB calculator
 | Coulomb electrostatics
 |  * isotropic Klopman-Ohno electrostatics
 |  * onsite third-order electrostatics
CEH guess
integral cutoff           2.9545082850997E+01 bohr

Atomic charges (in atomic units):
---------------------------------------------------------
     #    Z                 q
---------------------------------------------------------
     1   91 Pa      -0.598777
     2   53 I       -0.401223
---------------------------------------------------------

Atomic dipole moments (in atomic units):
---------------------------------------------------------
     #    Z                 x            y            z
---------------------------------------------------------
     1   91 Pa      -0.428917    -0.742906     0.433581
     2   53 I        0.100483     0.174042    -0.101576
---------------------------------------------------------
           total    -0.938064    -1.624773    -0.362638
---------------------------------------------------------

[Info] JSON dump of results written to 'tblite.json'
