[Info] Molecular charge read from '.CHRG'

Charge model parameter:
------------------------------------------------------
   Z          chi/Eh     kcn/Eh     eta/Eh     rad/AA
------------------------------------------------------
  98 Cf       1.0089     0.0039     0.6196     0.6803
   5 B        1.2669    -0.0263     0.5452     1.5138
  50 Sn       1.1245    -0.0303     0.4567     1.0454
   8 O        1.5687     0.1169     0.6793     0.6518
------------------------------------------------------

Electrostatic properties (in atomic units):
--------------------------------------------------
     #    Z              CN          q        chi
--------------------------------------------------
     1   98 Cf       2.0052     0.9164     1.0034
     2    5 B        1.9678    -0.2004     1.3038
     3   50 Sn       0.9844     0.6689     1.1546
     4    8 O        0.9994    -0.3848     1.4518
--------------------------------------------------
     Σ                          1.0000
--------------------------------------------------

Electrostatic energy:    4.3587155553566E-01 Eh

[Info] JSON dump of results written to 'multicharge.json'
