Charge model parameter:
------------------------------------------------------
   Z          chi/Eh     kcn/Eh     eta/Eh     rad/AA
------------------------------------------------------
  98 Cf       1.0089     0.0039     0.6196     0.6803
   3 Li       0.5434    -0.1235     0.9742     0.4791
   1 H        1.2370     0.0492     1.0964     0.2919
------------------------------------------------------

Electrostatic properties (in atomic units):
--------------------------------------------------
     #    Z              CN          q        chi
--------------------------------------------------
     1   98 Cf       3.7929     0.1713     1.0013
     2    3 Li       1.8941     0.4090     0.7134
     3    1 H        0.9717    -0.1733     1.1885
     4    1 H        0.9729    -0.1733     1.1885
     5    1 H        1.8416    -0.2337     1.1702
--------------------------------------------------
     Σ                          0.0000
--------------------------------------------------

Electrostatic energy:   -1.1105912149191E-01 Eh

[Info] JSON dump of results written to 'multicharge.json'
