[Info] Molecular charge read from './.CHRG'
[Info] Molecular spin read from './.UHF'
xTB calculator
 | Coulomb electrostatics
 |  * isotropic Klopman-Ohno electrostatics
 |  * onsite third-order electrostatics
CEH guess
integral cutoff           4.0000000000000E+01 bohr

Atomic charges (in atomic units):
---------------------------------------------------------
     #    Z                 q
---------------------------------------------------------
     1  101 Md       0.811598
     2    7 N        0.290747
     3    8 O       -0.152579
     4    8 O       -0.219379
     5    8 O       -0.249643
     6    6 C       -0.001580
     7    6 C       -0.052993
     8    6 C       -0.053516
     9    6 C        0.007016
    10    8 O       -0.130931
    11    1 H        0.025411
    12    1 H        0.052007
    13    1 H        0.042067
    14    1 H        0.070645
    15    1 H        0.076436
    16    1 H        0.036018
    17    1 H        0.035086
    18    1 H        0.065744
    19    7 N        0.065472
    20    8 O       -0.131070
    21    8 O       -0.066697
    22    9 F       -0.097431
    23   15 P        0.514222
    24    9 F       -0.182524
    25    9 F       -0.084657
    26    6 C        0.027589
    27    6 C       -0.008532
    28    6 C        0.032316
    29    7 N        0.011941
    30    6 C        0.012785
    31    6 C       -0.016230
    32    1 H        0.050711
    33    1 H        0.051385
    34    1 H        0.067215
    35    1 H        0.054832
    36    1 H        0.046519
---------------------------------------------------------

Atomic dipole moments (in atomic units):
---------------------------------------------------------
     #    Z                 x            y            z
---------------------------------------------------------
     1  101 Md       0.006630     0.390155     0.265117
     2    7 N        0.021311    -0.033580    -0.011033
     3    8 O        0.125611    -0.179207    -0.054997
     4    8 O       -0.230635    -0.022821    -0.011713
     5    8 O        0.117450     0.195805     0.065285
     6    6 C        0.084255     0.209151    -0.024141
     7    6 C       -0.032653     0.087411    -0.090770
     8    6 C        0.005919    -0.053662    -0.116049
     9    6 C       -0.113176    -0.193004    -0.083460
    10    8 O        0.015403    -0.028035     0.106532
    11    1 H       -0.127862     0.001823     0.012740
    12    1 H        0.052955    -0.103484    -0.072952
    13    1 H        0.124856    -0.038994    -0.011740
    14    1 H       -0.078402    -0.066340     0.083695
    15    1 H        0.094662     0.031372     0.087640
    16    1 H       -0.123280     0.036599     0.026757
    17    1 H        0.127240    -0.008317    -0.014811
    18    1 H       -0.054553     0.126940    -0.015018
    19    7 N       -0.252538     0.205216     0.064987
    20    8 O        0.163474     0.098200    -0.030174
    21    8 O       -0.063096    -0.172976    -0.000964
    22    9 F        0.000531    -0.001178     0.035336
    23   15 P       -0.036255    -0.044944    -0.001300
    24    9 F        0.000735     0.017943     0.005523
    25    9 F       -0.038177     0.004844     0.005862
    26    6 C       -0.003916    -0.002942     0.012756
    27    6 C       -0.022219    -0.001185     0.019070
    28    6 C       -0.132903     0.000432     0.090661
    29    7 N       -0.018375     0.053894    -0.190040
    30    6 C        0.133871    -0.047380     0.060573
    31    6 C        0.021504    -0.008875     0.016577
    32    1 H       -0.009228     0.039624    -0.129075
    33    1 H        0.112900    -0.002392    -0.072666
    34    1 H        0.117987    -0.040636     0.056288
    35    1 H       -0.106010    -0.001195     0.085228
    36    1 H       -0.120417     0.038473    -0.042571
---------------------------------------------------------
           total     0.644713    -2.285964    -2.193328
---------------------------------------------------------

[Info] JSON dump of results written to 'tblite.json'
