Charge model parameter:
------------------------------------------------------
   Z          chi/Eh     kcn/Eh     eta/Eh     rad/AA
------------------------------------------------------
  89 Ac       1.0458     0.0047     0.6519     0.6470
   6 C        1.4003     0.0601     0.6166     0.9994
   7 N        1.5582     0.0928     0.6565     0.6998
   1 H        1.2370     0.0492     1.0964     0.2919
   8 O        1.5687     0.1169     0.6793     0.6518
------------------------------------------------------

Electrostatic properties (in atomic units):
--------------------------------------------------
     #    Z              CN          q        chi
--------------------------------------------------
     1   89 Ac       5.4800     0.7070     1.0347
     2    6 C        3.9571    -0.1660     1.2808
     3    6 C        2.1000     0.0889     1.3133
     4    7 N        1.9053    -0.3756     1.4301
     5    1 H        0.9902     0.1594     1.1880
     6    1 H        0.9919     0.1182     1.1880
     7    1 H        0.9919     0.1175     1.1880
     8    8 O        1.9893    -0.5813     1.4038
     9    1 H        1.0106     0.2862     1.1875
    10    6 C        4.0013    -0.1143     1.2802
    11    8 O        2.8752    -0.3946     1.3705
    12    1 H        0.9912     0.1107     1.1880
    13    1 H        0.9910     0.1083     1.1880
    14    1 H        0.9919     0.1208     1.1880
    15    1 H        1.4897     0.2848     1.1769
    16    6 C        1.9506     0.0895     1.3164
    17    7 N        1.0143    -0.4230     1.4647
    18    6 C        4.0706    -0.0719     1.2791
    19    8 O        1.9923    -0.3943     1.4037
    20    1 H        0.9905     0.1065     1.1880
    21    1 H        0.9906     0.1109     1.1880
    22    1 H        0.9905     0.1124     1.1880
--------------------------------------------------
     Σ                          0.0000
--------------------------------------------------

Electrostatic energy:   -3.0598481720699E-01 Eh

[Info] JSON dump of results written to 'multicharge.json'
