Charge model parameter:
------------------------------------------------------
   Z          chi/Eh     kcn/Eh     eta/Eh     rad/AA
------------------------------------------------------
  90 Th       1.0989     0.0159     0.6181     0.6812
   8 O        1.5687     0.1169     0.6793     0.6518
------------------------------------------------------

Electrostatic properties (in atomic units):
--------------------------------------------------
     #    Z              CN          q        chi
--------------------------------------------------
     1   90 Th       3.9762     0.9632     1.0672
     2    8 O        0.9990    -0.2603     1.4518
     3    8 O        0.9964    -0.2305     1.4520
     4    8 O        0.9972    -0.2208     1.4519
     5    8 O        0.9990    -0.2517     1.4518
--------------------------------------------------
     Σ                          0.0000
--------------------------------------------------

Electrostatic energy:   -1.8528359845433E-01 Eh

[Info] JSON dump of results written to 'multicharge.json'
