[Info] Molecular charge read from './.CHRG'
[Info] Molecular spin read from './.UHF'
xTB calculator
 | Coulomb electrostatics
 |  * isotropic Klopman-Ohno electrostatics
 |  * onsite third-order electrostatics
CEH guess
integral cutoff           4.0000000000000E+01 bohr

Atomic charges (in atomic units):
---------------------------------------------------------
     #    Z                 q
---------------------------------------------------------
     1   95 Am       0.751394
     2   35 Br      -0.065503
     3    6 C        0.043835
     4    6 C        0.045325
     5    7 N        0.062040
     6    6 C        0.042847
     7    6 C        0.041731
     8    7 N       -0.096030
     9    1 H        0.078191
    10    1 H        0.059535
    11    1 H        0.056111
    12    1 H        0.077264
    13    8 O       -0.198406
    14    1 H        0.206569
    15    1 H        0.203958
    16    6 C        0.063640
    17    8 O       -0.190163
    18   15 P        0.593644
    19    8 O       -0.166374
    20    6 C        0.055575
    21    8 O       -0.176748
    22    6 C        0.061479
    23    1 H        0.044490
    24    1 H        0.055385
    25    1 H        0.044146
    26    1 H        0.045698
    27    1 H        0.038791
    28    1 H        0.071779
    29    1 H        0.044899
    30    1 H        0.065361
    31    1 H        0.039535
---------------------------------------------------------

Atomic dipole moments (in atomic units):
---------------------------------------------------------
     #    Z                 x            y            z
---------------------------------------------------------
     1   95 Am       0.042384     0.018598    -0.541736
     2   35 Br       0.019839    -0.000102     0.012697
     3    6 C        0.044187    -0.006572     0.143916
     4    6 C       -0.094721     0.051300     0.174899
     5    7 N        0.188617    -0.076686     0.013828
     6    6 C       -0.080407     0.019331    -0.182460
     7    6 C        0.052104    -0.031244    -0.137662
     8    7 N       -0.272326     0.106379    -0.019518
     9    1 H        0.070100    -0.036080    -0.108617
    10    1 H       -0.051572     0.011327    -0.124815
    11    1 H       -0.066466     0.034841     0.113087
    12    1 H        0.062158    -0.015587     0.117139
    13    8 O        0.027316     0.090973    -0.006786
    14    1 H        0.031325     0.080475    -0.101323
    15    1 H        0.012953     0.083979     0.102180
    16    6 C        0.273980     0.087516    -0.051162
    17    8 O       -0.057814    -0.015853    -0.024547
    18   15 P       -0.111978    -0.033778    -0.083626
    19    8 O       -0.071317     0.033645     0.016873
    20    6 C        0.162087    -0.250346    -0.027793
    21    8 O       -0.033505    -0.069279     0.003498
    22    6 C       -0.021085     0.297438     0.021196
    23    1 H        0.007016    -0.122938     0.073457
    24    1 H       -0.058800    -0.017161    -0.131142
    25    1 H       -0.064168     0.103008     0.076061
    26    1 H        0.094394     0.114982    -0.007284
    27    1 H       -0.062411    -0.016087     0.131391
    28    1 H       -0.097121     0.009052    -0.113936
    29    1 H        0.144322    -0.037503    -0.001299
    30    1 H       -0.062678    -0.043562    -0.128059
    31    1 H       -0.068915    -0.048640     0.119320
---------------------------------------------------------
           total    -2.633176     3.271878    -0.662352
---------------------------------------------------------

[Info] JSON dump of results written to 'tblite.json'
