[Info] Molecular spin read from './.UHF'
xTB calculator
 | Coulomb electrostatics
 |  * isotropic Klopman-Ohno electrostatics
 |  * onsite third-order electrostatics
CEH guess
integral cutoff           4.0000000000000E+01 bohr

Atomic charges (in atomic units):
---------------------------------------------------------
     #    Z                 q
---------------------------------------------------------
     1   95 Am       0.016058
     2    3 Li       0.191267
     3    3 Li       0.034408
     4    1 H       -0.241733
---------------------------------------------------------

Atomic dipole moments (in atomic units):
---------------------------------------------------------
     #    Z                 x            y            z
---------------------------------------------------------
     1   95 Am       1.232138     0.278180     0.752856
     2    3 Li       0.233736    -0.319339    -0.586710
     3    3 Li      -0.374186     0.179160     0.321320
     4    1 H        0.058436     0.003280     0.033433
---------------------------------------------------------
           total     0.853641    -0.008984     0.077718
---------------------------------------------------------

[Info] JSON dump of results written to 'tblite.json'
