[Info] Molecular spin read from './.UHF'
xTB calculator
 | Coulomb electrostatics
 |  * isotropic Klopman-Ohno electrostatics
 |  * onsite third-order electrostatics
CEH guess
integral cutoff           4.0000000000000E+01 bohr

Atomic charges (in atomic units):
---------------------------------------------------------
     #    Z                 q
---------------------------------------------------------
     1   97 Bk       0.678189
     2    8 O       -0.153808
     3    1 H        0.164585
     4    1 H        0.164494
     5    6 C        0.032330
     6    6 C        0.024946
     7    7 N        0.035782
     8    6 C        0.022838
     9    6 C        0.032910
    10    7 N       -0.130184
    11    1 H        0.053404
    12    1 H        0.053158
    13    1 H        0.049391
    14    1 H        0.053822
    15    6 C       -0.162723
    16    7 N       -0.241138
    17    6 C       -0.192017
    18    7 N       -0.269787
    19    6 C        0.022863
    20    8 O       -0.354096
    21    1 H        0.041039
    22    1 H        0.036918
    23    1 H        0.037083
---------------------------------------------------------

Atomic dipole moments (in atomic units):
---------------------------------------------------------
     #    Z                 x            y            z
---------------------------------------------------------
     1   97 Bk       0.305455    -0.002135     0.407251
     2    8 O        0.005055     0.060766    -0.107871
     3    1 H       -0.035263    -0.037488    -0.116545
     4    1 H        0.055946     0.099433    -0.012850
     5    6 C        0.037936     0.131535     0.082616
     6    6 C        0.164348     0.059407     0.044098
     7    7 N       -0.209525     0.135500     0.094728
     8    6 C       -0.027425    -0.151949    -0.092937
     9    6 C       -0.140030    -0.063651    -0.041198
    10    7 N        0.249566    -0.162583    -0.102089
    11    1 H       -0.119555    -0.039736    -0.025837
    12    1 H       -0.011686    -0.107802    -0.075464
    13    1 H        0.121891     0.039566     0.019255
    14    1 H        0.015411     0.108089     0.068700
    15    6 C       -0.072456    -0.031054     0.049312
    16    7 N       -0.019962     0.031705     0.032813
    17    6 C        0.024541    -0.010492     0.006368
    18    7 N        0.004725     0.011393     0.012841
    19    6 C       -0.042950     0.135027    -0.186103
    20    8 O        0.022907    -0.067691     0.096533
    21    1 H       -0.111371    -0.016425     0.078193
    22    1 H        0.096247     0.053665     0.077496
    23    1 H        0.040498    -0.122975    -0.037908
---------------------------------------------------------
           total     0.590356     0.405217     1.442021
---------------------------------------------------------

[Info] JSON dump of results written to 'tblite.json'
