[Info] Molecular spin read from './.UHF'
xTB calculator
 | Coulomb electrostatics
 |  * isotropic Klopman-Ohno electrostatics
 |  * onsite third-order electrostatics
CEH guess
integral cutoff           2.8984055884551E+01 bohr

Atomic charges (in atomic units):
---------------------------------------------------------
     #    Z                 q
---------------------------------------------------------
     1   92 U        0.968734
     2    6 C       -0.034096
     3    6 C       -0.047176
     4    6 C       -0.010276
     5    6 C       -0.019789
     6    6 C       -0.009947
     7    6 C       -0.047173
     8    6 C        0.216699
     9    8 O       -0.209667
    10    8 O       -0.222018
    11    1 H        0.031476
    12    1 H        0.026784
    13    1 H        0.032297
    14    1 H        0.032286
    15    1 H        0.026616
    16    8 O       -0.360427
    17   16 S        0.370473
    18    8 O       -0.368762
    19    8 O       -0.292502
    20    8 O       -0.140136
    21    1 H        0.146800
    22    1 H        0.183392
    23    6 C       -0.039713
    24    6 C       -0.046979
    25    6 C       -0.017525
    26    6 C       -0.020018
    27    6 C       -0.011811
    28    6 C       -0.045142
    29    6 C        0.196736
    30    8 O       -0.237229
    31    8 O       -0.204174
    32    1 H        0.032243
    33    1 H        0.027188
    34    1 H        0.030543
    35    1 H        0.033754
    36    1 H        0.028538
---------------------------------------------------------

Atomic dipole moments (in atomic units):
---------------------------------------------------------
     #    Z                 x            y            z
---------------------------------------------------------
     1   92 U       -0.126078    -0.089687     0.006760
     2    6 C        0.008407    -0.014075     0.000480
     3    6 C        0.000151     0.009069    -0.018098
     4    6 C        0.018175    -0.017286    -0.016380
     5    6 C        0.007503    -0.009547     0.001091
     6    6 C        0.008083    -0.021698     0.018297
     7    6 C       -0.009618     0.004420     0.017170
     8    6 C        0.025791    -0.043856     0.002912
     9    8 O       -0.041146     0.019672     0.086187
    10    8 O        0.006096     0.040699    -0.091423
    11    1 H       -0.072718     0.112679    -0.005448
    12    1 H       -0.066879     0.037843     0.106233
    13    1 H        0.006991    -0.076688     0.112106
    14    1 H        0.071358    -0.045907    -0.106367
    15    1 H       -0.002131     0.068997    -0.111425
    16    8 O        0.041769    -0.010558     0.087283
    17   16 S       -0.073004     0.058115    -0.020330
    18    8 O        0.050204    -0.029575    -0.070972
    19    8 O       -0.049371     0.070401    -0.012896
    20    8 O        0.060845    -0.039884     0.097230
    21    1 H        0.091149    -0.008252     0.009125
    22    1 H       -0.051171    -0.069022     0.099450
    23    6 C        0.016128     0.007375    -0.000855
    24    6 C       -0.005698    -0.004976     0.018212
    25    6 C        0.025000     0.006232     0.018824
    26    6 C        0.011607     0.002880    -0.001011
    27    6 C        0.022231     0.012313    -0.022619
    28    6 C       -0.009179     0.000157    -0.018985
    29    6 C        0.050711     0.027741    -0.021102
    30    8 O       -0.030242    -0.030771     0.095448
    31    8 O       -0.049189    -0.001167    -0.090286
    32    1 H       -0.123854    -0.052190     0.000211
    33    1 H       -0.065813    -0.008694    -0.113360
    34    1 H        0.059738     0.044394    -0.113437
    35    1 H        0.073620     0.012659     0.113594
    36    1 H       -0.052270    -0.040928     0.113758
---------------------------------------------------------
           total    -0.806910    -0.524953     0.339264
---------------------------------------------------------

[Info] JSON dump of results written to 'tblite.json'
