[Info] Molecular charge read from '.CHRG'

Charge model parameter:
------------------------------------------------------
   Z          chi/Eh     kcn/Eh     eta/Eh     rad/AA
------------------------------------------------------
  96 Cm       1.1100     0.0071     0.5609     0.7515
  14 Si       1.1231    -0.0496     0.6494     0.8153
  12 Mg       0.7237    -0.0771     0.6936     0.6474
------------------------------------------------------

Electrostatic properties (in atomic units):
--------------------------------------------------
     #    Z              CN          q        chi
--------------------------------------------------
     1   96 Cm       1.8087    -0.9114     1.1005
     2   14 Si       1.9335    -0.9187     1.1921
     3   12 Mg       1.7615    -0.1699     0.8261
--------------------------------------------------
     Σ                         -2.0000
--------------------------------------------------

Electrostatic energy:   -1.1192503160026E+00 Eh

[Info] JSON dump of results written to 'multicharge.json'
