[Info] Molecular charge read from '.CHRG'

Charge model parameter:
------------------------------------------------------
   Z          chi/Eh     kcn/Eh     eta/Eh     rad/AA
------------------------------------------------------
  93 Np       1.1090     0.0071     0.5649     0.7462
  34 Se       1.3649     0.0656     0.4617     1.1999
  52 Te       1.3651     0.0895     0.4850     1.0871
------------------------------------------------------

Electrostatic properties (in atomic units):
--------------------------------------------------
     #    Z              CN          q        chi
--------------------------------------------------
     1   93 Np       1.9350    -0.4927     1.0992
     2   34 Se       0.9920    -1.8215     1.2995
     3   52 Te       0.9439    -1.6858     1.2781
--------------------------------------------------
     Σ                         -4.0000
--------------------------------------------------

Electrostatic energy:   -2.5315933460726E+00 Eh

[Info] JSON dump of results written to 'multicharge.json'
