xTB calculator
 | Coulomb electrostatics
 |  * isotropic Klopman-Ohno electrostatics
 |  * onsite third-order electrostatics
CEH guess
integral cutoff           2.4638462780296E+01 bohr

Atomic charges (in atomic units):
---------------------------------------------------------
     #    Z                 q
---------------------------------------------------------
     1   89 Ac       0.582426
     2    6 C       -0.302392
     3    7 N       -0.262885
     4    6 C       -0.006553
     5    6 C       -0.036926
     6    6 C       -0.001419
     7    6 C       -0.021706
     8    6 C        0.018929
     9    6 C       -0.032717
    10    6 C        0.223183
    11    8 O       -0.173130
    12    8 O       -0.076829
    13    1 H        0.038162
    14    1 H        0.033765
    15    1 H        0.024626
    16    1 H        0.046714
    17    1 H        0.038630
    18    1 H        0.179519
    19    6 C        0.031481
    20    6 C        0.016441
    21    7 N        0.043102
    22    6 C        0.017497
    23    6 C        0.030410
    24    7 N       -0.095791
    25    1 H        0.056759
    26    1 H        0.047148
    27    1 H        0.055271
    28    1 H        0.055579
    29    6 C       -0.087945
    30   15 P        0.350290
    31    8 O       -0.325107
    32    6 C       -0.090610
    33    6 C       -0.085768
    34    1 H        0.061074
    35    1 H        0.060742
    36    1 H        0.077666
    37    1 H        0.077126
    38    1 H        0.057365
    39    1 H        0.057325
    40    1 H        0.078936
    41    1 H        0.058130
    42    1 H        0.058526
    43    6 C       -0.246419
    44    7 N       -0.269140
    45    6 C       -0.061086
    46    8 O       -0.410565
    47    1 H        0.041218
    48    1 H        0.035356
    49    1 H        0.033593
---------------------------------------------------------

Atomic dipole moments (in atomic units):
---------------------------------------------------------
     #    Z                 x            y            z
---------------------------------------------------------
     1   89 Ac       0.204184     0.144098     0.115756
     2    6 C        0.035812    -0.084693    -0.094788
     3    7 N       -0.042222     0.001842     0.009120
     4    6 C        0.002700    -0.006874    -0.015818
     5    6 C        0.001647     0.014177    -0.009028
     6    6 C        0.006471     0.023365    -0.036989
     7    6 C        0.006501    -0.008002    -0.048097
     8    6 C        0.007710    -0.038354    -0.031436
     9    6 C        0.003649    -0.017285    -0.002844
    10    6 C        0.048715     0.108427    -0.045490
    11    8 O        0.035233     0.073787     0.045553
    12    8 O       -0.026983    -0.000067     0.105199
    13    1 H       -0.009059     0.000703     0.134647
    14    1 H        0.007222    -0.115058     0.065823
    15    1 H        0.011967    -0.114979    -0.070202
    16    1 H       -0.024108     0.119899    -0.064450
    17    1 H       -0.019095     0.116050     0.063878
    18    1 H        0.008990     0.085198     0.090686
    19    6 C        0.154436     0.024848    -0.018395
    20    6 C        0.084720     0.135258    -0.033611
    21    7 N        0.146441    -0.244433     0.014941
    22    6 C       -0.163046    -0.018558     0.020696
    23    6 C       -0.091611    -0.123591     0.035126
    24    7 N       -0.170656     0.271244    -0.036835
    25    1 H       -0.058436    -0.109888     0.025900
    26    1 H       -0.123680     0.001695     0.008443
    27    1 H        0.053388     0.113285    -0.029614
    28    1 H        0.126205     0.000445    -0.013264
    29    6 C        0.004196    -0.024041    -0.011140
    30   15 P       -0.021820     0.011019     0.012153
    31    8 O       -0.030352     0.003391     0.023088
    32    6 C        0.020905     0.005654    -0.008796
    33    6 C        0.014539    -0.005439     0.024118
    34    1 H        0.099689     0.088114    -0.082167
    35    1 H        0.056293    -0.028149     0.143062
    36    1 H       -0.143807     0.065522     0.004808
    37    1 H       -0.141290     0.069974     0.000411
    38    1 H        0.059884    -0.010418     0.142291
    39    1 H       -0.003844    -0.141215    -0.067866
    40    1 H       -0.142815     0.068918     0.012014
    41    1 H       -0.011363    -0.138855    -0.067985
    42    1 H        0.098354     0.088927    -0.080322
    43    6 C        0.015159     0.056889    -0.051167
    44    7 N       -0.023067    -0.026324     0.020418
    45    6 C        0.137744     0.142089     0.109007
    46    8 O       -0.076033    -0.090218    -0.088873
    47    1 H       -0.118757    -0.014864     0.058208
    48    1 H        0.047467    -0.122239    -0.007676
    49    1 H       -0.022651     0.035886    -0.122845
---------------------------------------------------------
           total    -2.076237     0.020575     0.845443
---------------------------------------------------------

[Info] JSON dump of results written to 'tblite.json'
