[Info] Molecular charge read from '.CHRG'

Charge model parameter:
------------------------------------------------------
   Z          chi/Eh     kcn/Eh     eta/Eh     rad/AA
------------------------------------------------------
  91 Pa       1.0721     0.0037     0.5511     0.7643
   6 C        1.4003     0.0601     0.6166     0.9994
   8 O        1.5687     0.1169     0.6793     0.6518
   1 H        1.2370     0.0492     1.0964     0.2919
  16 S        1.4077     0.0713     0.5171     1.1581
   7 N        1.5582     0.0928     0.6565     0.6998
   9 F        1.5754     0.1570     0.7723     0.9393
------------------------------------------------------

Electrostatic properties (in atomic units):
--------------------------------------------------
     #    Z              CN          q        chi
--------------------------------------------------
     1   91 Pa       6.6892     1.1155     1.0625
     2    6 C        3.0158    -0.0133     1.2960
     3    6 C        3.0096    -0.0192     1.2961
     4    6 C        3.0162    -0.0203     1.2960
     5    6 C        3.0207     0.0448     1.2959
     6    6 C        3.0168    -0.0179     1.2960
     7    6 C        3.0096    -0.0179     1.2961
     8    6 C        3.9085     0.2754     1.2816
     9    8 O        1.9915    -0.3205     1.4037
    10    8 O        1.9910    -0.3047     1.4037
    11    1 H        0.9928     0.1973     1.1880
    12    1 H        0.9930     0.1950     1.1880
    13    1 H        0.9929     0.1920     1.1880
    14    1 H        0.9929     0.1953     1.1880
    15    1 H        0.9930     0.1963     1.1880
    16   16 S        1.0152     0.1728     1.3359
    17    6 C        2.1545     0.2553     1.3121
    18    7 N        2.0128    -0.3937     1.4265
    19    9 F        0.9989    -0.1937     1.4184
    20    6 C        3.9575    -0.0838     1.2808
    21    6 C        2.0200     0.1724     1.3149
    22    7 N        1.9688    -0.3178     1.4280
    23    1 H        0.9914     0.1900     1.1880
    24    1 H        0.9914     0.1886     1.1880
    25    1 H        0.9915     0.1884     1.1880
    26    8 O        2.9310    -0.5200     1.3685
    27    1 H        0.9961     0.3251     1.1879
    28    1 H        0.9949     0.3185     1.1879
--------------------------------------------------
     Σ                          2.0000
--------------------------------------------------

Electrostatic energy:    9.4236813031188E-01 Eh

[Info] JSON dump of results written to 'multicharge.json'
