Charge model parameter:
------------------------------------------------------
   Z          chi/Eh     kcn/Eh     eta/Eh     rad/AA
------------------------------------------------------
 103 Lr       1.1371     0.0068     0.5937     0.7095
  19 K        0.4037    -0.1022     0.9145     0.8703
  14 Si       1.1231    -0.0496     0.6494     0.8153
  33 As       1.3631     0.0766     0.5208     1.2766
  35 Br       1.3980     0.0801     0.3934     1.5631
------------------------------------------------------

Electrostatic properties (in atomic units):
--------------------------------------------------
     #    Z              CN          q        chi
--------------------------------------------------
     1  103 Lr       4.6740     0.2220     1.1225
     2   19 K        2.6766     0.7931     0.5709
     3   14 Si       1.8128     0.0035     1.1899
     4   33 As       1.7661    -0.2534     1.2614
     5   35 Br       1.9681    -0.5748     1.2857
     6   33 As       1.8553    -0.1905     1.2588
--------------------------------------------------
     Σ                          0.0000
--------------------------------------------------

Electrostatic energy:   -2.9607833061096E-01 Eh

[Info] JSON dump of results written to 'multicharge.json'
