[Info] Molecular charge read from '.CHRG'

Charge model parameter:
------------------------------------------------------
   Z          chi/Eh     kcn/Eh     eta/Eh     rad/AA
------------------------------------------------------
  89 Ac       1.0458     0.0047     0.6519     0.6470
  31 Ga       1.1502    -0.0106     0.5340     0.9361
   6 C        1.4003     0.0601     0.6166     0.9994
  14 Si       1.1231    -0.0496     0.6494     0.8153
  15 P        1.5267     0.1425     0.7308     0.7313
   9 F        1.5754     0.1570     0.7723     0.9393
   8 O        1.5687     0.1169     0.6793     0.6518
------------------------------------------------------

Electrostatic properties (in atomic units):
--------------------------------------------------
     #    Z              CN          q        chi
--------------------------------------------------
     1   89 Ac       5.4018     0.6766     1.0348
     2   31 Ga       3.5736     0.5532     1.1702
     3    6 C        0.9940    -0.0195     1.3404
     4   14 Si       2.7287     0.2885     1.2051
     5   15 P        0.8150    -0.0385     1.3981
     6    9 F        1.9461    -0.1606     1.3563
     7    8 O        2.9020    -0.2996     1.3695
--------------------------------------------------
     Σ                          1.0000
--------------------------------------------------

Electrostatic energy:    4.9345332506249E-01 Eh

[Info] JSON dump of results written to 'multicharge.json'
