Charge model parameter:
------------------------------------------------------
   Z          chi/Eh     kcn/Eh     eta/Eh     rad/AA
------------------------------------------------------
 102 No       1.1434     0.0135     0.6305     0.6695
   3 Li       0.5434    -0.1235     0.9742     0.4791
   1 H        1.2370     0.0492     1.0964     0.2919
------------------------------------------------------

Electrostatic properties (in atomic units):
--------------------------------------------------
     #    Z              CN          q        chi
--------------------------------------------------
     1  102 No       2.8424    -0.1171     1.1206
     2    3 Li       1.9324     0.4370     0.7151
     3    1 H        0.9753    -0.1224     1.1884
     4    1 H        1.8597    -0.1975     1.1699
--------------------------------------------------
     Σ                         -0.0000
--------------------------------------------------

Electrostatic energy:   -9.7627450358788E-02 Eh

[Info] JSON dump of results written to 'multicharge.json'
