[Info] Molecular spin read from './.UHF'
xTB calculator
 | Coulomb electrostatics
 |  * isotropic Klopman-Ohno electrostatics
 |  * onsite third-order electrostatics
CEH guess
integral cutoff           4.0000000000000E+01 bohr

Atomic charges (in atomic units):
---------------------------------------------------------
     #    Z                 q
---------------------------------------------------------
     1   96 Cm       0.702861
     2   16 S       -0.153542
     3    6 C        0.030364
     4    7 N       -0.238705
     5    6 C        0.006097
     6    6 C       -0.015859
     7    6 C        0.017915
     8    7 N       -0.005782
     9    6 C        0.017196
    10    6 C       -0.017401
    11    1 H        0.033477
    12    1 H        0.040196
    13    1 H        0.055699
    14    1 H        0.053827
    15    1 H        0.039169
    16    8 O       -0.503383
    17    1 H        0.179530
    18    6 C        0.029249
    19    6 C        0.018980
    20    7 N        0.019668
    21    6 C        0.019800
    22    6 C        0.031078
    23    7 N       -0.132435
    24    1 H        0.054434
    25    1 H        0.050389
    26    1 H        0.051956
    27    1 H        0.055579
    28    6 C       -0.234795
    29    7 N       -0.205562
---------------------------------------------------------

Atomic dipole moments (in atomic units):
---------------------------------------------------------
     #    Z                 x            y            z
---------------------------------------------------------
     1   96 Cm      -0.289724    -0.396376     0.021207
     2   16 S        0.149388    -0.037987    -0.003224
     3    6 C       -0.083295     0.020490     0.004671
     4    7 N        0.076488    -0.023325     0.002456
     5    6 C        0.000735    -0.001817    -0.011795
     6    6 C        0.018630    -0.014917    -0.006876
     7    6 C        0.108557    -0.108719    -0.069480
     8    7 N        0.011917     0.050548     0.270312
     9    6 C       -0.125024     0.065990    -0.092254
    10    6 C       -0.017769     0.012254    -0.009904
    11    1 H        0.009297     0.028636     0.130726
    12    1 H       -0.092370     0.085135     0.049984
    13    1 H       -0.090889     0.052482    -0.086020
    14    1 H        0.085331    -0.078507    -0.068493
    15    1 H        0.101431    -0.058450     0.067697
    16    8 O       -0.072478    -0.101103    -0.000550
    17    1 H       -0.089501    -0.128195    -0.000686
    18    6 C       -0.104454     0.098392    -0.072212
    19    6 C       -0.143309     0.084883     0.077661
    20    7 N        0.034894     0.023918    -0.273413
    21    6 C        0.111928    -0.111643     0.092364
    22    6 C        0.128718    -0.079077    -0.056622
    23    7 N       -0.050029    -0.041426     0.302851
    24    1 H        0.098769    -0.058972    -0.059095
    25    1 H        0.079477    -0.073121     0.075790
    26    1 H       -0.097122     0.061600     0.066374
    27    1 H       -0.077649     0.075588    -0.070666
    28    6 C        0.040685    -0.059943     0.005354
    29    7 N        0.032670    -0.040665     0.002575
---------------------------------------------------------
           total    -0.301664    -0.908638     0.964705
---------------------------------------------------------

[Info] JSON dump of results written to 'tblite.json'
