[Info] Molecular spin read from './.UHF'
xTB calculator
 | Coulomb electrostatics
 |  * isotropic Klopman-Ohno electrostatics
 |  * onsite third-order electrostatics
CEH guess
integral cutoff           4.0000000000000E+01 bohr

Atomic charges (in atomic units):
---------------------------------------------------------
     #    Z                 q
---------------------------------------------------------
     1   99 Es       0.765374
     2    1 H       -0.125115
     3    1 H       -0.125130
     4    1 H       -0.135059
     5    1 H       -0.135052
     6    1 H       -0.122505
     7    1 H       -0.122512
---------------------------------------------------------

Atomic dipole moments (in atomic units):
---------------------------------------------------------
     #    Z                 x            y            z
---------------------------------------------------------
     1   99 Es       0.000171    -0.000064    -0.000052
     2    1 H        0.000776     0.003405     0.053945
     3    1 H       -0.000760    -0.003415    -0.053953
     4    1 H       -0.001331    -0.053554    -0.003441
     5    1 H        0.001343     0.053549     0.003436
     6    1 H       -0.053942    -0.001316    -0.000750
     7    1 H        0.053950     0.001313     0.000742
---------------------------------------------------------
           total     0.000271    -0.000096    -0.000074
---------------------------------------------------------

[Info] JSON dump of results written to 'tblite.json'
