[Info] Molecular charge read from './.CHRG'
[Info] Molecular spin read from './.UHF'
xTB calculator
 | Coulomb electrostatics
 |  * isotropic Klopman-Ohno electrostatics
 |  * onsite third-order electrostatics
CEH guess
integral cutoff           4.0000000000000E+01 bohr

Atomic charges (in atomic units):
---------------------------------------------------------
     #    Z                 q
---------------------------------------------------------
     1   97 Bk      -0.197493
     2    4 Be      -0.106993
     3   51 Sb       0.717519
     4    1 H       -0.282829
     5   34 Se      -0.715933
     6   17 Cl      -0.414271
---------------------------------------------------------

Atomic dipole moments (in atomic units):
---------------------------------------------------------
     #    Z                 x            y            z
---------------------------------------------------------
     1   97 Bk      -0.285552     0.868105     1.173113
     2    4 Be      -0.256794    -0.142708     0.450242
     3   51 Sb       0.099450    -0.087046    -0.579984
     4    1 H       -0.070958    -0.116593    -0.001175
     5   34 Se       0.216428     0.046874    -0.154345
     6   17 Cl       0.026922    -0.034963    -0.005683
---------------------------------------------------------
           total    -1.297762    -1.176592    -4.965868
---------------------------------------------------------

[Info] JSON dump of results written to 'tblite.json'
