[Info] Molecular charge read from '.CHRG'

Charge model parameter:
------------------------------------------------------
   Z          chi/Eh     kcn/Eh     eta/Eh     rad/AA
------------------------------------------------------
  92 U        1.0982     0.0042     0.6173     0.6828
   6 C        1.4003     0.0601     0.6166     0.9994
  52 Te       1.3651     0.0895     0.4850     1.0871
   1 H        1.2370     0.0492     1.0964     0.2919
  33 As       1.3631     0.0766     0.5208     1.2766
  35 Br       1.3980     0.0801     0.3934     1.5631
------------------------------------------------------

Electrostatic properties (in atomic units):
--------------------------------------------------
     #    Z              CN          q        chi
--------------------------------------------------
     1   92 U        4.8597     0.3824     1.0890
     2    6 C        1.9959    -0.4115     1.3154
     3   52 Te       0.9893    -0.5799     1.2760
     4    1 H        0.9426    -0.0983     1.1892
     5   33 As       1.9828    -0.3726     1.2553
     6   35 Br       0.9841    -0.9200     1.3186
--------------------------------------------------
     Σ                         -2.0000
--------------------------------------------------

Electrostatic energy:   -1.3313423974289E+00 Eh

[Info] JSON dump of results written to 'multicharge.json'
