[Info] Molecular charge read from '.CHRG'

Charge model parameter:
------------------------------------------------------
   Z          chi/Eh     kcn/Eh     eta/Eh     rad/AA
------------------------------------------------------
  90 Th       1.0989     0.0159     0.6181     0.6812
   7 N        1.5582     0.0928     0.6565     0.6998
   6 C        1.4003     0.0601     0.6166     0.9994
   1 H        1.2370     0.0492     1.0964     0.2919
  53 I        1.4034     0.0897     0.3054     2.0116
------------------------------------------------------

Electrostatic properties (in atomic units):
--------------------------------------------------
     #    Z              CN          q        chi
--------------------------------------------------
     1   90 Th       4.3243     0.7475     1.0658
     2    7 N        3.9376    -0.5503     1.3741
     3    6 C        4.1148     0.0398     1.2785
     4    6 C        4.1366     0.0484     1.2781
     5    7 N        3.9459    -0.5636     1.3739
     6    1 H        1.0078     0.3425     1.1876
     7    1 H        1.0085     0.3310     1.1876
     8    1 H        0.9914     0.1987     1.1880
     9    1 H        0.9914     0.2290     1.1880
    10    1 H        0.9914     0.2238     1.1880
    11    1 H        0.9912     0.2206     1.1880
    12    1 H        1.0308     0.2995     1.1870
    13    1 H        1.0077     0.3307     1.1876
    14   53 I        0.9981     0.6805     1.3138
    15    7 N        3.9322    -0.6826     1.3742
    16    1 H        1.0027     0.3495     1.1877
    17    1 H        0.9986     0.3805     1.1878
    18    1 H        1.0063     0.3745     1.1876
--------------------------------------------------
     Σ                          3.0000
--------------------------------------------------

Electrostatic energy:    1.6155143759714E+00 Eh

[Info] JSON dump of results written to 'multicharge.json'
