[Info] Molecular spin read from './.UHF'
xTB calculator
 | Coulomb electrostatics
 |  * isotropic Klopman-Ohno electrostatics
 |  * onsite third-order electrostatics
CEH guess
integral cutoff           4.0000000000000E+01 bohr

Atomic charges (in atomic units):
---------------------------------------------------------
     #    Z                 q
---------------------------------------------------------
     1   96 Cm       0.601454
     2    4 Be       0.164659
     3    5 B       -0.361769
     4    6 C       -0.517236
     5   51 Sb       0.112892
---------------------------------------------------------

Atomic dipole moments (in atomic units):
---------------------------------------------------------
     #    Z                 x            y            z
---------------------------------------------------------
     1   96 Cm      -1.916081    -1.689000     0.989553
     2    4 Be       0.287538    -0.270308     0.465477
     3    5 B        0.166206     0.030144    -0.206293
     4    6 C       -0.030929    -0.005304    -0.113180
     5   51 Sb      -0.115041     0.510664     0.108409
---------------------------------------------------------
           total    -3.207335    -1.989733     3.616106
---------------------------------------------------------

[Info] JSON dump of results written to 'tblite.json'
