[Info] Molecular charge read from './.CHRG'
[Info] Molecular spin read from './.UHF'
xTB calculator
 | Coulomb electrostatics
 |  * isotropic Klopman-Ohno electrostatics
 |  * onsite third-order electrostatics
CEH guess
integral cutoff           2.8984055884551E+01 bohr

Atomic charges (in atomic units):
---------------------------------------------------------
     #    Z                 q
---------------------------------------------------------
     1   92 U        1.344104
     2    6 C       -0.012632
     3    6 C       -0.042500
     4    6 C        0.009081
     5    6 C        0.009073
     6    6 C        0.009770
     7    6 C       -0.042601
     8    6 C        0.281031
     9    8 O       -0.223138
    10    8 O       -0.212923
    11    1 H        0.043990
    12    1 H        0.043113
    13    1 H        0.036390
    14    1 H        0.036757
    15    1 H        0.043235
    16    7 N        0.104757
    17    8 O       -0.104061
    18    8 O       -0.113720
    19    6 C       -0.110332
    20   15 P        0.193683
    21    6 C       -0.109360
    22    6 C       -0.101712
    23    1 H        0.043538
    24    1 H        0.059233
    25    1 H        0.056604
    26    1 H        0.045296
    27    1 H        0.054583
    28    1 H        0.058130
    29    1 H        0.045098
    30    1 H        0.059566
    31    1 H        0.058872
    32    6 C       -0.023295
    33    6 C       -0.042175
    34    6 C        0.016467
    35    6 C        0.002512
    36    6 C       -0.005358
    37    6 C       -0.046803
    38    6 C        0.334280
    39    8 O       -0.145460
    40    8 O       -0.079232
    41    1 H        0.042690
    42    1 H        0.047031
    43    1 H        0.050558
    44    1 H        0.033312
    45    1 H        0.041968
    46    1 H        0.210584
---------------------------------------------------------

Atomic dipole moments (in atomic units):
---------------------------------------------------------
     #    Z                 x            y            z
---------------------------------------------------------
     1   92 U       -0.454723    -0.146883     0.027000
     2    6 C        0.008375    -0.024626    -0.010366
     3    6 C       -0.001612    -0.008570     0.014484
     4    6 C        0.010758    -0.048537     0.014778
     5    6 C        0.011874    -0.019143    -0.007673
     6    6 C        0.016768    -0.022480    -0.044337
     7    6 C        0.001487     0.005560    -0.016155
     8    6 C        0.039019    -0.105674    -0.048138
     9    8 O       -0.025129     0.000739     0.091709
    10    8 O       -0.009765     0.069151    -0.067799
    11    1 H       -0.040292     0.118757     0.049261
    12    1 H       -0.009892     0.106144    -0.081360
    13    1 H        0.030696    -0.011505    -0.133267
    14    1 H        0.009190    -0.108399     0.083839
    15    1 H       -0.030221     0.011762     0.130114
    16    7 N       -0.229550     0.369095     0.173430
    17    8 O        0.048723     0.006577    -0.177702
    18    8 O        0.035523    -0.143940     0.106851
    19    6 C       -0.004508     0.019685    -0.042895
    20   15 P        0.190093     0.086325     0.071784
    21    6 C        0.000202    -0.044888    -0.000453
    22    6 C       -0.037879     0.015750     0.029545
    23    1 H        0.126157     0.061603     0.045552
    24    1 H        0.012287    -0.154789    -0.005322
    25    1 H       -0.119218     0.042900     0.090332
    26    1 H        0.134017     0.030375     0.053954
    27    1 H       -0.111348     0.045903     0.098174
    28    1 H       -0.020764     0.064424    -0.139811
    29    1 H        0.112173     0.062743     0.073760
    30    1 H       -0.010173     0.054009    -0.145671
    31    1 H        0.015783    -0.154314    -0.001469
    32    6 C        0.006029     0.011818     0.024209
    33    6 C        0.016159     0.003295    -0.002822
    34    6 C        0.049888     0.027380     0.031131
    35    6 C        0.004765     0.019169     0.036878
    36    6 C       -0.030910     0.009603     0.043351
    37    6 C       -0.014699    -0.002281     0.006585
    38    6 C       -0.034494     0.029984     0.112099
    39    8 O       -0.087780    -0.046221    -0.028075
    40    8 O        0.003369    -0.035831    -0.094241
    41    1 H       -0.007193    -0.054229    -0.122527
    42    1 H       -0.116598    -0.053850    -0.043260
    43    1 H       -0.120311    -0.003652     0.067907
    44    1 H        0.119094     0.051858     0.039914
    45    1 H        0.108682     0.000006    -0.078107
    46    1 H       -0.081262    -0.068309    -0.056421
---------------------------------------------------------
           total    -1.069848     0.084657    -3.263231
---------------------------------------------------------

[Info] JSON dump of results written to 'tblite.json'
