[Info] Molecular charge read from './.CHRG'
[Info] Molecular spin read from './.UHF'
xTB calculator
 | Coulomb electrostatics
 |  * isotropic Klopman-Ohno electrostatics
 |  * onsite third-order electrostatics
CEH guess
integral cutoff           4.0000000000000E+01 bohr

Atomic charges (in atomic units):
---------------------------------------------------------
     #    Z                 q
---------------------------------------------------------
     1  102 No       0.385619
     2   14 Si      -1.094450
     3    8 O       -0.790132
     4   11 Na       0.045954
     5   17 Cl      -0.546990
---------------------------------------------------------

Atomic dipole moments (in atomic units):
---------------------------------------------------------
     #    Z                 x            y            z
---------------------------------------------------------
     1  102 No      -0.210485    -0.110161     0.237446
     2   14 Si       0.052637     0.091240    -0.002607
     3    8 O       -0.004555    -0.017219    -0.008283
     4   11 Na      -0.029722    -0.538899    -0.450304
     5   17 Cl       0.032581     0.012645    -0.043936
---------------------------------------------------------
           total    -2.416398    -1.937569    -2.758573
---------------------------------------------------------

[Info] JSON dump of results written to 'tblite.json'
