[Info] Molecular spin read from './.UHF'
xTB calculator
 | Coulomb electrostatics
 |  * isotropic Klopman-Ohno electrostatics
 |  * onsite third-order electrostatics
CEH guess
integral cutoff           4.0000000000000E+01 bohr

Atomic charges (in atomic units):
---------------------------------------------------------
     #    Z                 q
---------------------------------------------------------
     1   95 Am       0.301183
     2    3 Li       0.290096
     3    1 H       -0.343973
     4    1 H       -0.247306
---------------------------------------------------------

Atomic dipole moments (in atomic units):
---------------------------------------------------------
     #    Z                 x            y            z
---------------------------------------------------------
     1   95 Am      -0.846752     0.062239     0.957293
     2    3 Li      -0.050740    -0.309081    -0.512522
     3    1 H        0.068701     0.133120    -0.000479
     4    1 H        0.093361    -0.014918     0.046263
---------------------------------------------------------
           total    -1.623186    -1.766834    -0.392147
---------------------------------------------------------

[Info] JSON dump of results written to 'tblite.json'
