Charge model parameter:
------------------------------------------------------
   Z          chi/Eh     kcn/Eh     eta/Eh     rad/AA
------------------------------------------------------
  96 Cm       1.1100     0.0071     0.5609     0.7515
  35 Br       1.3980     0.0801     0.3934     1.5631
------------------------------------------------------

Electrostatic properties (in atomic units):
--------------------------------------------------
     #    Z              CN          q        chi
--------------------------------------------------
     1   96 Cm       4.8793     0.5645     1.0943
     2   35 Br       1.6404    -0.0898     1.2955
     3   35 Br       1.6399    -0.0895     1.2955
     4   35 Br       0.9952    -0.2070     1.3181
     5   35 Br       1.6395    -0.0892     1.2955
     6   35 Br       1.6402    -0.0889     1.2955
--------------------------------------------------
     Σ                         -0.0000
--------------------------------------------------

Electrostatic energy:   -5.9114716504035E-02 Eh

[Info] JSON dump of results written to 'multicharge.json'
