[Info] Molecular charge read from './.CHRG'
[Info] Molecular spin read from './.UHF'
xTB calculator
 | Coulomb electrostatics
 |  * isotropic Klopman-Ohno electrostatics
 |  * onsite third-order electrostatics
CEH guess
integral cutoff           4.0000000000000E+01 bohr

Atomic charges (in atomic units):
---------------------------------------------------------
     #    Z                 q
---------------------------------------------------------
     1   97 Bk       1.169105
     2    6 C       -0.127371
     3   15 P        0.176165
     4    6 C       -0.122303
     5    6 C       -0.127500
     6    1 H        0.031142
     7    1 H        0.060481
     8    1 H        0.048866
     9    1 H        0.035561
    10    1 H        0.048099
    11    1 H        0.048660
    12    1 H        0.031922
    13    1 H        0.051227
    14    1 H        0.059348
    15    6 C       -0.110098
    16   15 P        0.375032
    17    8 O       -0.330357
    18    6 C       -0.109627
    19    6 C       -0.104196
    20    1 H        0.056979
    21    1 H        0.066795
    22    1 H        0.068331
    23    1 H        0.067818
    24    1 H        0.053673
    25    1 H        0.066699
    26    1 H        0.069427
    27    1 H        0.055294
    28    1 H        0.053119
    29    8 O       -0.407062
    30   16 S        0.378948
    31    8 O       -0.418603
    32    8 O       -0.418893
    33    6 C       -0.109491
    34    6 C        0.091578
    35    7 N        0.024660
    36    1 H        0.062783
    37    1 H        0.068820
    38    1 H        0.064968
---------------------------------------------------------

Atomic dipole moments (in atomic units):
---------------------------------------------------------
     #    Z                 x            y            z
---------------------------------------------------------
     1   97 Bk      -0.403795    -0.235794     0.305282
     2    6 C       -0.022877    -0.007348    -0.033438
     3   15 P        0.104505    -0.102089    -0.066548
     4    6 C       -0.009973    -0.012974     0.035102
     5    6 C        0.026596     0.029502    -0.004068
     6    1 H        0.073981    -0.123519    -0.042347
     7    1 H       -0.062144    -0.006111     0.141543
     8    1 H        0.087106     0.127474    -0.008267
     9    1 H        0.087280    -0.120844    -0.011398
    10    1 H        0.082993     0.129488    -0.009109
    11    1 H       -0.109117     0.000911    -0.109162
    12    1 H        0.109030    -0.098472    -0.030110
    13    1 H       -0.111746    -0.003383    -0.109043
    14    1 H       -0.059655    -0.013463     0.141604
    15    6 C        0.001601     0.018708    -0.009041
    16   15 P       -0.094276    -0.050552     0.033911
    17    8 O       -0.011030    -0.007403     0.006895
    18    6 C        0.011283    -0.000982    -0.016217
    19    6 C        0.014751     0.004632     0.008647
    20    1 H        0.058730    -0.074980    -0.126531
    21    1 H       -0.133534    -0.067107     0.047562
    22    1 H        0.108080     0.009864     0.110346
    23    1 H       -0.123464    -0.086673     0.043399
    24    1 H       -0.045201     0.143650    -0.047854
    25    1 H        0.109136     0.013415     0.109948
    26    1 H       -0.130376    -0.074971     0.042364
    27    1 H        0.071299    -0.073949    -0.119651
    28    1 H       -0.030726     0.149252    -0.039836
    29    8 O       -0.100141    -0.046623     0.010446
    30   16 S        0.003975    -0.005933     0.047812
    31    8 O        0.087479    -0.072989     0.006164
    32    8 O        0.013992     0.092309     0.064696
    33    6 C       -0.001222    -0.005455    -0.001501
    34    6 C        0.084704     0.242045     0.027442
    35    7 N       -0.022211    -0.041970    -0.021712
    36    1 H        0.048143     0.043672    -0.134118
    37    1 H        0.108764    -0.016089     0.102311
    38    1 H       -0.117849     0.075852     0.050630
---------------------------------------------------------
           total    -1.155052     2.909782    -0.846236
---------------------------------------------------------

[Info] JSON dump of results written to 'tblite.json'
