[Info] Molecular charge read from '.CHRG'

Charge model parameter:
------------------------------------------------------
   Z          chi/Eh     kcn/Eh     eta/Eh     rad/AA
------------------------------------------------------
  96 Cm       1.1100     0.0071     0.5609     0.7515
  17 Cl       1.4815     0.1368     0.7586     0.7238
  53 I        1.4034     0.0897     0.3054     2.0116
------------------------------------------------------

Electrostatic properties (in atomic units):
--------------------------------------------------
     #    Z              CN          q        chi
--------------------------------------------------
     1   96 Cm       1.9738     0.3053     1.1000
     2   17 Cl       0.9929    -0.3555     1.3452
     3   53 I        0.9819    -0.9498     1.3145
--------------------------------------------------
     Σ                         -1.0000
--------------------------------------------------

Electrostatic energy:   -6.9546639523082E-01 Eh

[Info] JSON dump of results written to 'multicharge.json'
