[Info] Molecular spin read from './.UHF'
xTB calculator
 | Coulomb electrostatics
 |  * isotropic Klopman-Ohno electrostatics
 |  * onsite third-order electrostatics
CEH guess
integral cutoff           4.0000000000000E+01 bohr

Atomic charges (in atomic units):
---------------------------------------------------------
     #    Z                 q
---------------------------------------------------------
     1   99 Es       1.079500
     2    9 F       -0.237241
     3    9 F       -0.237336
     4    9 F       -0.128293
     5    9 F       -0.238506
     6    9 F       -0.238125
---------------------------------------------------------

Atomic dipole moments (in atomic units):
---------------------------------------------------------
     #    Z                 x            y            z
---------------------------------------------------------
     1   99 Es      -0.123714    -0.209225     0.001122
     2    9 F       -0.001815    -0.002972     0.019578
     3    9 F       -0.001915    -0.003085    -0.019504
     4    9 F       -0.023983    -0.041934     0.000243
     5    9 F        0.014985    -0.013306     0.000028
     6    9 F       -0.018646     0.006827     0.000012
---------------------------------------------------------
           total    -0.172173    -0.271566     0.001880
---------------------------------------------------------

[Info] JSON dump of results written to 'tblite.json'
