[Info] Molecular charge read from '.CHRG'

Charge model parameter:
------------------------------------------------------
   Z          chi/Eh     kcn/Eh     eta/Eh     rad/AA
------------------------------------------------------
  91 Pa       1.0721     0.0037     0.5511     0.7643
   7 N        1.5582     0.0928     0.6565     0.6998
   6 C        1.4003     0.0601     0.6166     0.9994
   1 H        1.2370     0.0492     1.0964     0.2919
   8 O        1.5687     0.1169     0.6793     0.6518
  35 Br       1.3980     0.0801     0.3934     1.5631
------------------------------------------------------

Electrostatic properties (in atomic units):
--------------------------------------------------
     #    Z              CN          q        chi
--------------------------------------------------
     1   91 Pa       6.6464     0.9254     1.0625
     2    7 N        3.9394    -0.5848     1.3740
     3    6 C        4.1004     0.0051     1.2787
     4    6 C        4.0529    -0.0105     1.2794
     5    7 N        3.9176    -0.4411     1.3745
     6    6 C        4.1342    -0.0180     1.2782
     7    6 C        4.0394    -0.0027     1.2796
     8    7 N        3.9106    -0.6008     1.3747
     9    1 H        1.0242     0.3165     1.1872
    10    1 H        1.0017     0.2894     1.1877
    11    1 H        0.9917     0.1500     1.1880
    12    1 H        0.9913     0.1732     1.1880
    13    1 H        0.9914     0.1562     1.1880
    14    1 H        0.9916     0.1708     1.1880
    15    1 H        1.0058     0.2498     1.1876
    16    1 H        0.9912     0.1586     1.1880
    17    1 H        0.9909     0.1500     1.1880
    18    1 H        0.9919     0.1508     1.1880
    19    1 H        0.9916     0.1692     1.1880
    20    1 H        0.9990     0.2801     1.1878
    21    1 H        1.0021     0.2696     1.1877
    22    6 C        3.0149    -0.0069     1.2960
    23    6 C        3.0093    -0.0095     1.2961
    24    6 C        3.0223    -0.0124     1.2959
    25    6 C        3.0184     0.0454     1.2960
    26    6 C        3.0122    -0.0382     1.2961
    27    6 C        3.0100    -0.0251     1.2961
    28    6 C        3.1071     0.3059     1.2944
    29    8 O        1.0009    -0.3634     1.4517
    30    8 O        1.9722    -0.4119     1.4045
    31    1 H        0.9928     0.2056     1.1880
    32    1 H        0.9929     0.2069     1.1880
    33    1 H        0.9929     0.2032     1.1880
    34    1 H        0.9929     0.1632     1.1880
    35    1 H        0.9930     0.1894     1.1880
    36   35 Br       0.9971     0.0197     1.3181
    37    6 C        3.0219    -0.0083     1.2959
    38    6 C        3.0070    -0.0247     1.2961
    39    6 C        3.1668     0.0621     1.2934
    40    7 N        2.9915    -0.3845     1.3977
    41    6 C        3.3272     0.0683     1.2907
    42    6 C        3.0062    -0.0166     1.2962
    43    1 H        0.9926     0.2008     1.1880
    44    1 H        0.9928     0.1838     1.1880
    45    1 H        0.9925     0.1510     1.1880
    46    1 H        0.9951     0.1466     1.1879
    47    1 H        0.9928     0.1930     1.1880
--------------------------------------------------
     Σ                          3.0000
--------------------------------------------------

Electrostatic energy:    1.4571696540413E+00 Eh

[Info] JSON dump of results written to 'multicharge.json'
