Charge model parameter:
------------------------------------------------------
   Z          chi/Eh     kcn/Eh     eta/Eh     rad/AA
------------------------------------------------------
  97 Bk       1.1683     0.0046     0.5532     0.7618
   3 Li       0.5434    -0.1235     0.9742     0.4791
   1 H        1.2370     0.0492     1.0964     0.2919
------------------------------------------------------

Electrostatic properties (in atomic units):
--------------------------------------------------
     #    Z              CN          q        chi
--------------------------------------------------
     1   97 Bk       4.6388    -0.0733     1.1583
     2    3 Li       2.8438     0.4749     0.7517
     3    1 H        0.9635    -0.0673     1.1887
     4    1 H        0.9630    -0.0674     1.1887
     5    1 H        1.8129    -0.1338     1.1708
     6    1 H        1.8226    -0.1332     1.1706
--------------------------------------------------
     Σ                          0.0000
--------------------------------------------------

Electrostatic energy:   -1.0025417474494E-01 Eh

[Info] JSON dump of results written to 'multicharge.json'
