[Info] Molecular spin read from './.UHF'
xTB calculator
 | Coulomb electrostatics
 |  * isotropic Klopman-Ohno electrostatics
 |  * onsite third-order electrostatics
CEH guess
integral cutoff           4.0000000000000E+01 bohr

Atomic charges (in atomic units):
---------------------------------------------------------
     #    Z                 q
---------------------------------------------------------
     1   96 Cm       0.851105
     2    6 C       -0.073079
     3    6 C        0.078377
     4    8 O       -0.319050
     5    8 O       -0.275266
     6    7 N       -0.099098
     7    1 H        0.031990
     8    1 H        0.040121
     9    1 H        0.069043
    10    1 H        0.059056
    11    7 N       -0.277908
    12    7 N        0.105004
    13    7 N       -0.103316
    14    6 C        0.008592
    15    8 O       -0.149619
    16    1 H        0.042758
    17    1 H        0.038345
    18    1 H        0.057888
    19    1 H        0.173531
    20    6 C        0.012884
    21    8 O       -0.372831
    22    1 H        0.031065
    23    1 H        0.036757
    24    1 H        0.033653
---------------------------------------------------------

Atomic dipole moments (in atomic units):
---------------------------------------------------------
     #    Z                 x            y            z
---------------------------------------------------------
     1   96 Cm       0.232654    -0.061917    -0.350938
     2    6 C       -0.149475     0.083301    -0.125524
     3    6 C        0.013171    -0.027584     0.012485
     4    8 O        0.083969     0.087423     0.006717
     5    8 O        0.016793    -0.093132    -0.060734
     6    7 N        0.297785    -0.138307    -0.059475
     7    1 H        0.025251    -0.119711    -0.037131
     8    1 H        0.083073     0.092801     0.035234
     9    1 H       -0.030253    -0.076961    -0.050359
    10    1 H        0.046258     0.077679    -0.015899
    11    7 N       -0.009052     0.384547    -0.105667
    12    7 N        0.005602    -0.117081     0.031040
    13    7 N        0.015895    -0.353728     0.093926
    14    6 C       -0.032042    -0.029280     0.282819
    15    8 O       -0.058446     0.078393    -0.070227
    16    1 H        0.077354     0.116474    -0.024093
    17    1 H       -0.129311     0.012012    -0.049567
    18    1 H        0.068009    -0.118648    -0.062328
    19    1 H       -0.074198     0.086186     0.041520
    20    6 C        0.090759     0.112652     0.188998
    21    8 O       -0.043588    -0.059391    -0.091025
    22    1 H       -0.024547    -0.128625     0.027750
    23    1 H        0.082228     0.003057    -0.107460
    24    1 H       -0.118089     0.055163    -0.041277
---------------------------------------------------------
           total     0.362963     1.170960    -2.526070
---------------------------------------------------------

[Info] JSON dump of results written to 'tblite.json'
