Charge model parameter:
------------------------------------------------------
   Z          chi/Eh     kcn/Eh     eta/Eh     rad/AA
------------------------------------------------------
 100 Fm       1.0767     0.0040     0.5988     0.7039
  17 Cl       1.4815     0.1368     0.7586     0.7238
   9 F        1.5754     0.1570     0.7723     0.9393
   6 C        1.4003     0.0601     0.6166     0.9994
   8 O        1.5687     0.1169     0.6793     0.6518
   1 H        1.2370     0.0492     1.0964     0.2919
------------------------------------------------------

Electrostatic properties (in atomic units):
--------------------------------------------------
     #    Z              CN          q        chi
--------------------------------------------------
     1  100 Fm       4.2122     0.6411     1.0685
     2   17 Cl       0.9957    -0.1990     1.3450
     3    9 F        0.9985    -0.3497     1.4185
     4    6 C        4.0889    -0.0668     1.2789
     5    6 C        3.9788    -0.1465     1.2805
     6    6 C        3.9849    -0.1495     1.2804
     7    6 C        4.1575    -0.0581     1.2778
     8    8 O        2.9534    -0.3077     1.3678
     9    1 H        0.9913     0.1034     1.1880
    10    1 H        0.9919     0.1047     1.1880
    11    1 H        0.9915     0.1077     1.1880
    12    1 H        0.9919     0.0937     1.1880
    13    1 H        0.9920     0.0960     1.1880
    14    1 H        0.9916     0.1004     1.1880
    15    1 H        0.9918     0.1196     1.1880
    16    1 H        0.9917     0.1039     1.1880
    17   17 Cl       0.9960    -0.1932     1.3450
--------------------------------------------------
     Σ                         -0.0000
--------------------------------------------------

Electrostatic energy:   -1.5638257848092E-01 Eh

[Info] JSON dump of results written to 'multicharge.json'
