Charge model parameter:
------------------------------------------------------
   Z          chi/Eh     kcn/Eh     eta/Eh     rad/AA
------------------------------------------------------
  92 U        1.0982     0.0042     0.6173     0.6828
  35 Br       1.3980     0.0801     0.3934     1.5631
------------------------------------------------------

Electrostatic properties (in atomic units):
--------------------------------------------------
     #    Z              CN          q        chi
--------------------------------------------------
     1   92 U        3.9715     0.5477     1.0899
     2   35 Br       0.9964    -0.1378     1.3181
     3   35 Br       0.9969    -0.1367     1.3181
     4   35 Br       0.9968    -0.1367     1.3181
     5   35 Br       0.9969    -0.1365     1.3181
--------------------------------------------------
     Σ                          0.0000
--------------------------------------------------

Electrostatic energy:   -6.2489467817770E-02 Eh

[Info] JSON dump of results written to 'multicharge.json'
