Charge model parameter:
------------------------------------------------------
   Z          chi/Eh     kcn/Eh     eta/Eh     rad/AA
------------------------------------------------------
  89 Ac       1.0458     0.0047     0.6519     0.6470
   3 Li       0.5434    -0.1235     0.9742     0.4791
   1 H        1.2370     0.0492     1.0964     0.2919
------------------------------------------------------

Electrostatic properties (in atomic units):
--------------------------------------------------
     #    Z              CN          q        chi
--------------------------------------------------
     1   89 Ac       3.4223    -0.1075     1.0371
     2    3 Li       1.3158     0.2797     0.6851
     3    3 Li       1.3161     0.2798     0.6851
     4    1 H        0.9623    -0.2260     1.1887
     5    1 H        0.9622    -0.2260     1.1887
--------------------------------------------------
     Σ                          0.0000
--------------------------------------------------

Electrostatic energy:   -1.3274483660243E-01 Eh

[Info] JSON dump of results written to 'multicharge.json'
