Charge model parameter:
------------------------------------------------------
   Z          chi/Eh     kcn/Eh     eta/Eh     rad/AA
------------------------------------------------------
 100 Fm       1.0767     0.0040     0.5988     0.7039
   9 F        1.5754     0.1570     0.7723     0.9393
------------------------------------------------------

Electrostatic properties (in atomic units):
--------------------------------------------------
     #    Z              CN          q        chi
--------------------------------------------------
     1  100 Fm       3.9803     0.9032     1.0687
     2    9 F        0.9989    -0.2230     1.4184
     3    9 F        0.9989    -0.2226     1.4184
     4    9 F        0.9990    -0.2270     1.4184
     5    9 F        0.9989    -0.2306     1.4184
--------------------------------------------------
     Σ                          0.0000
--------------------------------------------------

Electrostatic energy:   -1.5793361545838E-01 Eh

[Info] JSON dump of results written to 'multicharge.json'
