[Info] Molecular spin read from './.UHF'
xTB calculator
 | Coulomb electrostatics
 |  * isotropic Klopman-Ohno electrostatics
 |  * onsite third-order electrostatics
CEH guess
integral cutoff           2.6515720764954E+01 bohr

Atomic charges (in atomic units):
---------------------------------------------------------
     #    Z                 q
---------------------------------------------------------
     1   90 Th       0.526970
     2    1 H       -0.335385
     3   33 As       0.050850
     4   35 Br      -0.242436
---------------------------------------------------------

Atomic dipole moments (in atomic units):
---------------------------------------------------------
     #    Z                 x            y            z
---------------------------------------------------------
     1   90 Th      -0.042816    -0.632259     0.157242
     2    1 H       -0.086346    -0.110187    -0.121156
     3   33 As      -0.159003     0.291831     0.065040
     4   35 Br       0.078862    -0.012047     0.018533
---------------------------------------------------------
           total    -0.934257     0.721297     0.776404
---------------------------------------------------------

[Info] JSON dump of results written to 'tblite.json'
