Charge model parameter:
------------------------------------------------------
   Z          chi/Eh     kcn/Eh     eta/Eh     rad/AA
------------------------------------------------------
  95 Am       1.0010     0.0051     0.6915     0.6095
  35 Br       1.3980     0.0801     0.3934     1.5631
   1 H        1.2370     0.0492     1.0964     0.2919
  12 Mg       0.7237    -0.0771     0.6936     0.6474
------------------------------------------------------

Electrostatic properties (in atomic units):
--------------------------------------------------
     #    Z              CN          q        chi
--------------------------------------------------
     1   95 Am       2.7012     0.3048     0.9927
     2   35 Br       1.9134    -0.8158     1.2873
     3    1 H        0.9430    -0.0874     1.1892
     4   12 Mg       1.7143     0.5984     0.8247
--------------------------------------------------
     Σ                          0.0000
--------------------------------------------------

Electrostatic energy:   -1.7901089764653E-01 Eh

[Info] JSON dump of results written to 'multicharge.json'
