[Info] Molecular charge read from '.CHRG'

Charge model parameter:
------------------------------------------------------
   Z          chi/Eh     kcn/Eh     eta/Eh     rad/AA
------------------------------------------------------
 101 Md       1.1131     0.0055     0.6097     0.6919
   7 N        1.5582     0.0928     0.6565     0.6998
   6 C        1.4003     0.0601     0.6166     0.9994
   1 H        1.2370     0.0492     1.0964     0.2919
  53 I        1.4034     0.0897     0.3054     2.0116
------------------------------------------------------

Electrostatic properties (in atomic units):
--------------------------------------------------
     #    Z              CN          q        chi
--------------------------------------------------
     1  101 Md       4.6236     0.6384     1.1013
     2    7 N        3.9516    -0.5743     1.3737
     3    6 C        4.2435     0.0084     1.2766
     4    6 C        4.2300     0.0121     1.2768
     5    7 N        3.9522    -0.5727     1.3737
     6    1 H        1.0161     0.2907     1.1874
     7    1 H        1.0137     0.2871     1.1875
     8    1 H        0.9914     0.1597     1.1880
     9    1 H        0.9915     0.1693     1.1880
    10    1 H        0.9915     0.1685     1.1880
    11    1 H        0.9913     0.1703     1.1880
    12    1 H        1.0315     0.2783     1.1870
    13    1 H        1.0082     0.2954     1.1876
    14   53 I        0.9947     0.3126     1.3140
    15    6 C        3.9576    -0.0795     1.2808
    16    6 C        2.0535     0.1706     1.3142
    17    7 N        1.9864    -0.3165     1.4274
    18    1 H        0.9915     0.1942     1.1880
    19    1 H        0.9915     0.1944     1.1880
    20    1 H        0.9915     0.1929     1.1880
--------------------------------------------------
     Σ                          2.0000
--------------------------------------------------

Electrostatic energy:    1.0432424731263E+00 Eh

[Info] JSON dump of results written to 'multicharge.json'
