[Info] Molecular charge read from './.CHRG'
xTB calculator
 | Coulomb electrostatics
 |  * isotropic Klopman-Ohno electrostatics
 |  * onsite third-order electrostatics
CEH guess
integral cutoff           2.9545082850997E+01 bohr

Atomic charges (in atomic units):
---------------------------------------------------------
     #    Z                 q
---------------------------------------------------------
     1   89 Ac       0.303026
     2    6 C       -0.106103
     3    6 C        0.146581
     4    6 C       -0.198159
     5    6 C        0.151216
     6    8 O       -0.276323
     7    6 C       -0.105721
     8    8 O       -0.227629
     9    1 H        0.048314
    10    1 H        0.046296
    11    1 H        0.053535
    12    1 H        0.040985
    13    1 H        0.048042
    14    1 H        0.068478
    15    1 H        0.037987
    16    6 C       -0.363134
    17    7 N       -0.168324
    18    6 C        0.031323
    19    8 O        0.161262
    20    6 C        0.026906
    21    6 C        0.023392
    22    7 N        0.091234
    23    6 C        0.001835
    24    6 C        0.018731
    25    7 N       -0.107002
    26    1 H        0.051757
    27    1 H        0.058031
    28    1 H        0.046246
    29    1 H        0.044896
    30    6 C       -0.012598
    31    6 C       -0.040927
    32    6 C       -0.032054
    33    6 C       -0.053883
    34    6 C       -0.012131
    35    6 C       -0.035663
    36    6 C        0.137513
    37    8 O       -0.303238
    38    8 O       -0.326804
    39    1 H        0.036853
    40    1 H        0.028372
    41    1 H        0.023960
    42    1 H        0.029000
    43    1 H        0.029651
    44    6 C        0.038431
    45    8 O       -0.215031
    46   15 P        0.380534
    47    8 O       -0.212485
    48    6 C        0.038155
    49    8 O       -0.206973
    50    6 C        0.043928
    51    1 H        0.043781
    52    1 H        0.032878
    53    1 H        0.025543
    54    1 H        0.033798
    55    1 H        0.037857
    56    1 H        0.044616
    57    1 H        0.041104
    58    1 H        0.031323
    59    1 H        0.036330
    60    6 C       -0.015896
    61    6 C       -0.038772
    62    6 C        0.000126
    63    6 C       -0.025080
    64    6 C        0.003774
    65    6 C       -0.040415
    66    6 C        0.207261
    67    8 O       -0.187157
    68    8 O       -0.120755
    69    1 H        0.029086
    70    1 H        0.026045
    71    1 H        0.027293
    72    1 H        0.034595
    73    1 H        0.025554
    74    1 H        0.130013
    75   53 I       -0.665194
---------------------------------------------------------

Atomic dipole moments (in atomic units):
---------------------------------------------------------
     #    Z                 x            y            z
---------------------------------------------------------
     1   89 Ac       0.229972     0.172794    -0.239306
     2    6 C        0.004944     0.056492    -0.028462
     3    6 C        0.114128    -0.017250     0.003528
     4    6 C        0.029699     0.011427    -0.008876
     5    6 C        0.071981     0.111021    -0.036150
     6    8 O       -0.059049    -0.075244     0.027724
     7    6 C        0.056438    -0.028084     0.017546
     8    8 O       -0.098971     0.016398     0.007108
     9    1 H       -0.142903    -0.020498     0.026203
    10    1 H        0.081920     0.010488     0.116731
    11    1 H        0.058434    -0.085538    -0.099476
    12    1 H       -0.116383    -0.054870     0.027208
    13    1 H       -0.105792    -0.082712     0.057390
    14    1 H        0.004800    -0.002041    -0.144445
    15    1 H        0.012487     0.132450     0.051408
    16    6 C        0.054226     0.018974     0.064564
    17    7 N        0.009561    -0.007139    -0.007242
    18    6 C       -0.034703     0.056469     0.158883
    19    8 O       -0.035519     0.026622     0.042767
    20    6 C        0.079785     0.122180     0.072527
    21    6 C       -0.012381     0.157518    -0.011603
    22    7 N        0.197976    -0.074705     0.190468
    23    6 C       -0.070537    -0.111199    -0.070840
    24    6 C        0.016848    -0.155197     0.014769
    25    7 N       -0.227429     0.093632    -0.211660
    26    1 H        0.021609    -0.123056     0.020130
    27    1 H       -0.065982    -0.087263    -0.062397
    28    1 H       -0.024755     0.119798    -0.017410
    29    1 H        0.065441     0.086712     0.061796
    30    6 C        0.004355    -0.011569     0.005177
    31    6 C        0.009167     0.004672     0.014521
    32    6 C        0.013025    -0.019331     0.018034
    33    6 C        0.008368    -0.019330     0.012631
    34    6 C       -0.001281    -0.029607    -0.004950
    35    6 C       -0.006888    -0.008670    -0.011490
    36    6 C       -0.043581    -0.026083    -0.076772
    37    8 O       -0.048240     0.006630    -0.070109
    38    8 O        0.028660     0.082900     0.061025
    39    1 H       -0.043421     0.118314    -0.051499
    40    1 H       -0.071646    -0.004293    -0.109585
    41    1 H       -0.030077    -0.112273    -0.061920
    42    1 H        0.074213    -0.010366     0.111373
    43    1 H        0.031263     0.112807     0.061643
    44    6 C       -0.270430     0.016037     0.068625
    45    8 O        0.060574     0.033520    -0.060044
    46   15 P        0.017792    -0.012197    -0.090458
    47    8 O       -0.046665     0.044422    -0.062646
    48    6 C        0.261617    -0.021542     0.106383
    49    8 O        0.004668     0.073802    -0.024854
    50    6 C       -0.035353    -0.173255     0.219135
    51    1 H        0.070796    -0.090096     0.084330
    52    1 H        0.049111     0.123940     0.010021
    53    1 H        0.001413    -0.040789    -0.129737
    54    1 H        0.018279     0.009040    -0.136101
    55    1 H       -0.052424     0.121538     0.046214
    56    1 H       -0.078328    -0.112659     0.036517
    57    1 H        0.057482     0.110656     0.046068
    58    1 H       -0.126613     0.031674    -0.047675
    59    1 H        0.084199    -0.059730    -0.096275
    60    6 C       -0.005732     0.003764     0.007360
    61    6 C        0.015366    -0.001665     0.001053
    62    6 C        0.014314     0.011199     0.026719
    63    6 C       -0.016742     0.015858     0.028866
    64    6 C       -0.023455     0.018048     0.012957
    65    6 C       -0.013091    -0.000024    -0.006793
    66    6 C        0.146698    -0.057011     0.077960
    67    8 O        0.051174    -0.042090    -0.017392
    68    8 O        0.009880    -0.055425    -0.104671
    69    1 H        0.018603    -0.066279    -0.115693
    70    1 H       -0.105337    -0.028911    -0.073781
    71    1 H       -0.121457     0.036058     0.046191
    72    1 H        0.110043     0.023650     0.074581
    73    1 H        0.122904    -0.034693    -0.033509
    74    1 H        0.072196    -0.046391    -0.055686
    75   53 I        0.114639    -0.009135    -0.092905
---------------------------------------------------------
           total    -1.999940    -3.123719     2.252965
---------------------------------------------------------

[Info] JSON dump of results written to 'tblite.json'
