[Info] Molecular charge read from '.CHRG'

Charge model parameter:
------------------------------------------------------
   Z          chi/Eh     kcn/Eh     eta/Eh     rad/AA
------------------------------------------------------
 101 Md       1.1131     0.0055     0.6097     0.6919
   7 N        1.5582     0.0928     0.6565     0.6998
   1 H        1.2370     0.0492     1.0964     0.2919
   8 O        1.5687     0.1169     0.6793     0.6518
   6 C        1.4003     0.0601     0.6166     0.9994
  15 P        1.5267     0.1425     0.7308     0.7313
   9 F        1.5754     0.1570     0.7723     0.9393
------------------------------------------------------

Electrostatic properties (in atomic units):
--------------------------------------------------
     #    Z              CN          q        chi
--------------------------------------------------
     1  101 Md       7.6395     0.7724     1.0979
     2    7 N        3.9446    -0.7091     1.3739
     3    1 H        1.0227     0.3203     1.1872
     4    1 H        1.0004     0.3151     1.1878
     5    1 H        1.0183     0.3179     1.1873
     6    7 N        2.0031    -0.2734     1.4269
     7    7 N        2.1627     0.0965     1.4217
     8    7 N        1.0054    -0.1584     1.4651
     9    7 N        3.8030     0.2000     1.3772
    10    8 O        1.0016    -0.1732     1.4517
    11    8 O        1.9838    -0.1861     1.4040
    12    8 O        1.9863    -0.2409     1.4039
    13    6 C        3.9577    -0.1888     1.2808
    14   15 P        4.5216     0.2220     1.2237
    15    8 O        2.0041    -0.3390     1.4032
    16    6 C        3.9591    -0.1845     1.2808
    17    6 C        3.9576    -0.1862     1.2808
    18    1 H        0.9943     0.1611     1.1879
    19    1 H        0.9941     0.1580     1.1879
    20    1 H        0.9936     0.1463     1.1879
    21    1 H        0.9937     0.1485     1.1879
    22    1 H        0.9943     0.1736     1.1879
    23    1 H        0.9941     0.1662     1.1879
    24    1 H        0.9935     0.1479     1.1880
    25    1 H        0.9940     0.1595     1.1879
    26    1 H        0.9948     0.1714     1.1879
    27    9 F        0.9991    -0.1233     1.4184
    28   15 P        3.6478     0.2537     1.2546
    29    9 F        1.7805    -0.0887     1.3658
    30    9 F        1.8843    -0.0791     1.3598
--------------------------------------------------
     Σ                          1.0000
--------------------------------------------------

Electrostatic energy:    3.2074472571341E-01 Eh

[Info] JSON dump of results written to 'multicharge.json'
