[Info] Molecular spin read from './.UHF'
xTB calculator
 | Coulomb electrostatics
 |  * isotropic Klopman-Ohno electrostatics
 |  * onsite third-order electrostatics
CEH guess
integral cutoff           4.0000000000000E+01 bohr

Atomic charges (in atomic units):
---------------------------------------------------------
     #    Z                 q
---------------------------------------------------------
     1   92 U       -0.518945
     2    3 Li       0.242949
     3    3 Li       0.241223
     4    3 Li       0.296542
     5    1 H       -0.261769
---------------------------------------------------------

Atomic dipole moments (in atomic units):
---------------------------------------------------------
     #    Z                 x            y            z
---------------------------------------------------------
     1   92 U        0.101509     0.296488     1.578102
     2    3 Li       0.516175     0.543861    -0.170394
     3    3 Li       0.172308    -0.744961     0.094843
     4    3 Li      -0.578229     0.054088    -0.474058
     5    1 H       -0.083500     0.016618    -0.036537
---------------------------------------------------------
           total     1.721131    -0.935008    -2.276966
---------------------------------------------------------

[Info] JSON dump of results written to 'tblite.json'
