[Info] Molecular charge read from './.CHRG'
xTB calculator
 | Coulomb electrostatics
 |  * isotropic Klopman-Ohno electrostatics
 |  * onsite third-order electrostatics
CEH guess
integral cutoff           4.0000000000000E+01 bohr

Atomic charges (in atomic units):
---------------------------------------------------------
     #    Z                 q
---------------------------------------------------------
     1  102 No       0.587177
     2    6 C       -0.093385
     3    6 C        0.143372
     4    6 C       -0.199526
     5    6 C        0.142428
     6    8 O       -0.249007
     7    6 C       -0.093920
     8    8 O       -0.249098
     9    1 H        0.034791
    10    1 H        0.037314
    11    1 H        0.033831
    12    1 H        0.037618
    13    1 H        0.034619
    14    1 H        0.035921
    15    1 H        0.035240
    16    6 C       -0.343393
    17    7 N       -0.275259
    18    6 C       -0.343400
    19    7 N       -0.275323
---------------------------------------------------------

Atomic dipole moments (in atomic units):
---------------------------------------------------------
     #    Z                 x            y            z
---------------------------------------------------------
     1  102 No       0.291283    -0.120913     0.248809
     2    6 C       -0.053714     0.012921     0.012930
     3    6 C       -0.031695     0.020827    -0.107682
     4    6 C       -0.022600     0.009095    -0.019087
     5    6 C       -0.107403     0.031315    -0.011729
     6    8 O        0.066889    -0.024645     0.037844
     7    6 C        0.002863     0.006872    -0.056042
     8    8 O        0.048634    -0.020559     0.061117
     9    1 H        0.070541    -0.038962     0.119289
    10    1 H        0.043219     0.120953    -0.058825
    11    1 H       -0.016137    -0.100918    -0.097234
    12    1 H        0.097264    -0.036970     0.082978
    13    1 H        0.128230    -0.041480     0.050454
    14    1 H       -0.103372    -0.095479     0.011034
    15    1 H       -0.043749     0.127570     0.041841
    16    6 C        0.076228     0.105607     0.055019
    17    7 N       -0.020143    -0.030056    -0.014508
    18    6 C       -0.001481    -0.139561     0.021263
    19    7 N        0.001515     0.038540    -0.005148
---------------------------------------------------------
           total     2.768825    -2.754251     1.495465
---------------------------------------------------------

[Info] JSON dump of results written to 'tblite.json'
