[Info] Molecular charge read from '.CHRG'

Charge model parameter:
------------------------------------------------------
   Z          chi/Eh     kcn/Eh     eta/Eh     rad/AA
------------------------------------------------------
  94 Pu       1.0104     0.0049     0.6346     0.6641
  51 Sb       1.2164     0.0142     0.4795     1.0458
  34 Se       1.3649     0.0656     0.4617     1.1999
------------------------------------------------------

Electrostatic properties (in atomic units):
--------------------------------------------------
     #    Z              CN          q        chi
--------------------------------------------------
     1   94 Pu       1.9758     0.6621     1.0035
     2   51 Sb       1.0062     0.3457     1.2022
     3   34 Se       1.0263    -0.0078     1.2984
--------------------------------------------------
     Σ                          1.0000
--------------------------------------------------

Electrostatic energy:    5.3495532131163E-01 Eh

[Info] JSON dump of results written to 'multicharge.json'
