[Info] Molecular charge read from '.CHRG'

Charge model parameter:
------------------------------------------------------
   Z          chi/Eh     kcn/Eh     eta/Eh     rad/AA
------------------------------------------------------
  94 Pu       1.0104     0.0049     0.6346     0.6641
  16 S        1.4077     0.0713     0.5171     1.1581
   3 Li       0.5434    -0.1235     0.9742     0.4791
  12 Mg       0.7237    -0.0771     0.6936     0.6474
  33 As       1.3631     0.0766     0.5208     1.2766
------------------------------------------------------

Electrostatic properties (in atomic units):
--------------------------------------------------
     #    Z              CN          q        chi
--------------------------------------------------
     1   94 Pu       2.3351    -0.1208     1.0029
     2   16 S        0.9980    -1.5782     1.3365
     3    3 Li       1.0743     0.1119     0.6714
     4   12 Mg       1.3738    -0.0903     0.8141
     5   33 As       2.9523    -1.3226     1.2316
--------------------------------------------------
     Σ                         -3.0000
--------------------------------------------------

Electrostatic energy:   -1.9288183938255E+00 Eh

[Info] JSON dump of results written to 'multicharge.json'
