[Info] Molecular charge read from '.CHRG'

Charge model parameter:
------------------------------------------------------
   Z          chi/Eh     kcn/Eh     eta/Eh     rad/AA
------------------------------------------------------
  97 Bk       1.1683     0.0046     0.5532     0.7618
   6 C        1.4003     0.0601     0.6166     0.9994
   8 O        1.5687     0.1169     0.6793     0.6518
   9 F        1.5754     0.1570     0.7723     0.9393
  53 I        1.4034     0.0897     0.3054     2.0116
  15 P        1.5267     0.1425     0.7308     0.7313
   1 H        1.2370     0.0492     1.0964     0.2919
------------------------------------------------------

Electrostatic properties (in atomic units):
--------------------------------------------------
     #    Z              CN          q        chi
--------------------------------------------------
     1   97 Bk       5.3756     0.5488     1.1576
     2    6 C        1.8681     0.1437     1.3182
     3    8 O        0.9996    -0.2396     1.4518
     4    9 F        0.9988    -0.2046     1.4184
     5   53 I        0.9958     0.1068     1.3139
     6    6 C        4.1349    -0.0475     1.2782
     7    8 O        1.9876    -0.2960     1.4039
     8   15 P        4.1367     0.2805     1.2369
     9    8 O        2.9382    -0.2495     1.3683
    10    6 C        4.1286    -0.0832     1.2783
    11    8 O        2.9068    -0.2409     1.3694
    12    6 C        4.1439    -0.0713     1.2780
    13    1 H        0.9923     0.1580     1.1880
    14    1 H        0.9915     0.1411     1.1880
    15    1 H        0.9921     0.1547     1.1880
    16    1 H        0.9921     0.1443     1.1880
    17    1 H        0.9920     0.1523     1.1880
    18    1 H        0.9918     0.1446     1.1880
    19    1 H        0.9922     0.1535     1.1880
    20    1 H        0.9917     0.1484     1.1880
    21    1 H        0.9919     0.1561     1.1880
--------------------------------------------------
     Σ                          1.0000
--------------------------------------------------

Electrostatic energy:    4.6800567457955E-01 Eh

[Info] JSON dump of results written to 'multicharge.json'
