Charge model parameter:
------------------------------------------------------
   Z          chi/Eh     kcn/Eh     eta/Eh     rad/AA
------------------------------------------------------
  89 Ac       1.0458     0.0047     0.6519     0.6470
  13 Al       1.1291    -0.0217     0.5831     0.9046
  16 S        1.4077     0.0713     0.5171     1.1581
   3 Li       0.5434    -0.1235     0.9742     0.4791
  19 K        0.4037    -0.1022     0.9145     0.8703
  53 I        1.4034     0.0897     0.3054     2.0116
------------------------------------------------------

Electrostatic properties (in atomic units):
--------------------------------------------------
     #    Z              CN          q        chi
--------------------------------------------------
     1   89 Ac       4.6472     0.3221     1.0356
     2   13 Al       1.8112    -0.1233     1.1583
     3   16 S        2.9592    -0.6720     1.2851
     4    3 Li       2.9180     0.6001     0.7544
     5   19 K        2.7525     0.7369     0.5733
     6   53 I        1.9628    -0.8638     1.2778
--------------------------------------------------
     Σ                         -0.0000
--------------------------------------------------

Electrostatic energy:   -4.5069445596037E-01 Eh

[Info] JSON dump of results written to 'multicharge.json'
