Charge model parameter:
------------------------------------------------------
   Z          chi/Eh     kcn/Eh     eta/Eh     rad/AA
------------------------------------------------------
  97 Bk       1.1683     0.0046     0.5532     0.7618
   8 O        1.5687     0.1169     0.6793     0.6518
   1 H        1.2370     0.0492     1.0964     0.2919
   7 N        1.5582     0.0928     0.6565     0.6998
   6 C        1.4003     0.0601     0.6166     0.9994
------------------------------------------------------

Electrostatic properties (in atomic units):
--------------------------------------------------
     #    Z              CN          q        chi
--------------------------------------------------
     1   97 Bk       7.5313     0.7236     1.1556
     2    8 O        2.8343    -0.5154     1.3719
     3    1 H        0.9946     0.2752     1.1879
     4    1 H        1.0280     0.2863     1.1871
     5    7 N        2.5570    -0.0689     1.4098
     6    8 O        1.9381    -0.1806     1.4059
     7    8 O        1.9208    -0.1929     1.4067
     8    6 C        3.0776     0.0664     1.2949
     9    6 C        3.0985     0.0484     1.2946
    10    7 N        2.9240    -0.3016     1.3995
    11    6 C        3.1315     0.0509     1.2940
    12    6 C        3.0776     0.0662     1.2949
    13    7 N        2.0143    -0.3602     1.4265
    14    1 H        0.9925     0.1323     1.1880
    15    1 H        0.9926     0.1510     1.1880
    16    1 H        0.9926     0.1517     1.1880
    17    1 H        0.9925     0.1325     1.1880
    18    7 N        2.3941    -0.0716     1.4146
    19    8 O        1.8909    -0.1888     1.4079
    20    8 O        1.8194    -0.2286     1.4110
    21    8 O        1.9912    -0.5071     1.4037
    22    1 H        1.0035     0.2923     1.1877
    23    6 C        3.0219    -0.0791     1.2959
    24    6 C        3.0112    -0.0788     1.2961
    25    6 C        3.0978     0.0510     1.2946
    26    7 N        2.9326    -0.3013     1.3993
    27    6 C        3.1627     0.0496     1.2935
    28    6 C        3.0112    -0.0808     1.2961
    29    1 H        0.9928     0.1252     1.1880
    30    1 H        0.9930     0.1245     1.1880
    31    1 H        0.9927     0.1541     1.1880
    32    1 H        0.9930     0.1516     1.1880
    33    1 H        0.9930     0.1231     1.1880
--------------------------------------------------
     Σ                         -0.0000
--------------------------------------------------

Electrostatic energy:   -3.1864605130818E-01 Eh

[Info] JSON dump of results written to 'multicharge.json'
