[Info] Molecular charge read from './.CHRG'
[Info] Molecular spin read from './.UHF'
xTB calculator
 | Coulomb electrostatics
 |  * isotropic Klopman-Ohno electrostatics
 |  * onsite third-order electrostatics
CEH guess
integral cutoff           4.0000000000000E+01 bohr

Atomic charges (in atomic units):
---------------------------------------------------------
     #    Z                 q
---------------------------------------------------------
     1   95 Am       0.216445
     2    6 C       -0.115587
     3    6 C        0.154765
     4    8 O       -0.367501
     5    8 O       -0.281364
     6    7 N        0.019596
     7    1 H        0.047816
     8    1 H        0.003136
     9    1 H        0.069076
    10    1 H        0.072852
    11    6 C       -0.043502
    12    6 C       -0.005742
    13    7 N        0.020072
    14    6 C       -0.016887
    15    6 C       -0.049091
    16    7 N       -0.407297
    17    1 H        0.022939
    18    1 H        0.036065
    19    1 H        0.021702
    20    1 H        0.017445
    21   16 S       -0.316215
    22    6 C       -0.038174
    23    7 N       -0.388017
    24    7 N       -0.336577
    25    7 N        0.120019
    26    7 N       -0.304578
    27    8 O       -0.347186
    28   16 S        0.430280
    29    8 O       -0.338493
    30    8 O       -0.333492
    31    7 N       -0.270210
    32    7 N        0.102808
    33    7 N       -0.395102
---------------------------------------------------------

Atomic dipole moments (in atomic units):
---------------------------------------------------------
     #    Z                 x            y            z
---------------------------------------------------------
     1   95 Am      -0.544927     0.001428    -0.250664
     2    6 C        0.073640     0.009116    -0.148465
     3    6 C        0.044936     0.013250    -0.061242
     4    8 O        0.028332     0.033688    -0.073579
     5    8 O       -0.099881     0.018521     0.014927
     6    7 N       -0.319049    -0.032796     0.050207
     7    1 H        0.006758     0.117971     0.046008
     8    1 H       -0.098012    -0.066168    -0.001543
     9    1 H       -0.026821     0.097236    -0.036408
    10    1 H       -0.005840    -0.080701    -0.037596
    11    6 C        0.151172    -0.080741    -0.162731
    12    6 C        0.193766    -0.095278     0.147888
    13    7 N       -0.044716    -0.121532    -0.218236
    14    6 C       -0.190673     0.031074     0.163970
    15    6 C       -0.175909     0.032025    -0.144408
    16    7 N        0.029410     0.044517     0.355205
    17    1 H       -0.100198     0.047412    -0.052780
    18    1 H       -0.096512     0.074295     0.072769
    19    1 H        0.122061    -0.012878     0.057946
    20    1 H        0.103609    -0.022390    -0.059866
    21   16 S       -0.011533    -0.049875    -0.018625
    22    6 C       -0.059384    -0.012509     0.001596
    23    7 N       -0.045041    -0.034893    -0.008385
    24    7 N       -0.369694     0.168931    -0.048455
    25    7 N        0.065173    -0.031082     0.007143
    26    7 N        0.331664    -0.156473     0.048436
    27    8 O        0.063873    -0.000818    -0.008620
    28   16 S        0.109215     0.190119    -0.052981
    29    8 O       -0.049962     0.002371    -0.071414
    30    8 O       -0.013139     0.030368     0.032346
    31    7 N        0.092666     0.212417     0.335718
    32    7 N        0.003070    -0.002450    -0.010049
    33    7 N       -0.097620    -0.201940    -0.318514
---------------------------------------------------------
           total    -8.330761     0.256464    -0.929410
---------------------------------------------------------

[Info] JSON dump of results written to 'tblite.json'
