Charge model parameter:
------------------------------------------------------
   Z          chi/Eh     kcn/Eh     eta/Eh     rad/AA
------------------------------------------------------
 100 Fm       1.0767     0.0040     0.5988     0.7039
   1 H        1.2370     0.0492     1.0964     0.2919
------------------------------------------------------

Electrostatic properties (in atomic units):
--------------------------------------------------
     #    Z              CN          q        chi
--------------------------------------------------
     1  100 Fm       2.9350     0.2229     1.0699
     2    1 H        0.9798    -0.0743     1.1883
     3    1 H        0.9796    -0.0743     1.1883
     4    1 H        0.9799    -0.0743     1.1883
--------------------------------------------------
     Σ                         -0.0000
--------------------------------------------------

Electrostatic energy:   -1.3201773960694E-02 Eh

[Info] JSON dump of results written to 'multicharge.json'
