[Info] Molecular charge read from './.CHRG'
[Info] Molecular spin read from './.UHF'
xTB calculator
 | Coulomb electrostatics
 |  * isotropic Klopman-Ohno electrostatics
 |  * onsite third-order electrostatics
CEH guess
integral cutoff           4.0000000000000E+01 bohr

Atomic charges (in atomic units):
---------------------------------------------------------
     #    Z                 q
---------------------------------------------------------
     1   95 Am       0.869548
     2    6 C       -0.102213
     3    6 C        0.067933
     4    8 O       -0.137619
     5    1 H        0.073244
     6    1 H        0.047429
     7    1 H        0.031990
     8    1 H        0.049636
     9    1 H        0.060320
    10    1 H        0.196723
    11    6 C        0.135661
    12    8 O        0.202327
    13    6 C       -0.094254
    14    6 C        0.178004
    15    7 N       -0.009060
    16    1 H        0.084847
    17    1 H        0.082496
    18    1 H        0.083323
    19    6 C       -0.101092
    20    6 C        0.069016
    21    8 O       -0.137251
    22    1 H        0.073631
    23    1 H        0.047412
    24    1 H        0.034397
    25    1 H        0.048081
    26    1 H        0.060177
    27    1 H        0.195916
    28   17 Cl      -0.110622
---------------------------------------------------------

Atomic dipole moments (in atomic units):
---------------------------------------------------------
     #    Z                 x            y            z
---------------------------------------------------------
     1   95 Am       0.003820    -0.060952    -0.319849
     2    6 C       -0.043235    -0.094635    -0.007429
     3    6 C       -0.155931    -0.023090     0.211356
     4    8 O        0.092954     0.040595     0.011061
     5    1 H        0.091241     0.031372    -0.101511
     6    1 H        0.068798     0.010041     0.129264
     7    1 H       -0.121042     0.085460    -0.008903
     8    1 H        0.105196    -0.079043     0.008567
     9    1 H       -0.061979    -0.008461    -0.127139
    10    1 H        0.053659     0.023847     0.116702
    11    6 C       -0.033470     0.099689    -0.036455
    12    8 O       -0.027023     0.078944    -0.022912
    13    6 C       -0.006650     0.016058     0.003120
    14    6 C        0.075588    -0.190995    -0.036863
    15    7 N       -0.023829     0.053074    -0.000224
    16    1 H        0.150095     0.017760    -0.009423
    17    1 H       -0.062731    -0.046775    -0.128839
    18    1 H       -0.042002    -0.081026     0.120503
    19    6 C        0.068433     0.077952    -0.016457
    20    6 C        0.162148    -0.005523     0.207133
    21    8 O       -0.098360    -0.019983     0.014980
    22    1 H       -0.100043    -0.011190    -0.097823
    23    1 H       -0.065064     0.022503     0.129834
    24    1 H        0.090962    -0.117749    -0.001695
    25    1 H       -0.077206     0.106448     0.002231
    26    1 H        0.058163    -0.022138    -0.127509
    27    1 H       -0.053605    -0.007090     0.119065
    28   17 Cl      -0.000960     0.000616    -0.043835
---------------------------------------------------------
           total    -0.295311    -1.600592     0.867799
---------------------------------------------------------

[Info] JSON dump of results written to 'tblite.json'
