[Info] Molecular charge read from './.CHRG'
[Info] Molecular spin read from './.UHF'
xTB calculator
 | Coulomb electrostatics
 |  * isotropic Klopman-Ohno electrostatics
 |  * onsite third-order electrostatics
CEH guess
integral cutoff           4.0000000000000E+01 bohr

Atomic charges (in atomic units):
---------------------------------------------------------
     #    Z                 q
---------------------------------------------------------
     1   95 Am       0.507892
     2    8 O       -0.451218
     3    1 H        0.175793
     4    1 H        0.183519
     5    6 C        0.015959
     6    8 O       -0.137148
     7    1 H        0.060072
     8    1 H        0.042181
     9    1 H        0.049246
    10    6 C       -0.019438
    11    6 C       -0.039662
    12    6 C       -0.009011
    13    6 C       -0.003333
    14    6 C        0.008811
    15    6 C       -0.036367
    16    6 C        0.257490
    17    8 O       -0.137230
    18    8 O       -0.122360
    19    1 H        0.042235
    20    1 H        0.038364
    21    1 H        0.026457
    22    1 H        0.043236
    23    1 H        0.041600
    24    1 H        0.194259
    25   16 S       -0.034849
    26    6 C        0.046558
    27    7 N       -0.266196
    28    6 C        0.057505
    29    8 O       -0.206346
    30   15 P        0.519501
    31    8 O       -0.163817
    32    6 C        0.046310
    33    8 O       -0.167367
    34    6 C        0.047103
    35    1 H        0.036662
    36    1 H        0.048752
    37    1 H        0.039441
    38    1 H        0.039240
    39    1 H        0.040648
    40    1 H        0.055530
    41    1 H        0.036098
    42    1 H        0.040890
    43    1 H        0.052986
---------------------------------------------------------

Atomic dipole moments (in atomic units):
---------------------------------------------------------
     #    Z                 x            y            z
---------------------------------------------------------
     1   95 Am       0.056482     0.341485     0.029722
     2    8 O        0.022046     0.103493     0.067043
     3    1 H        0.087429     0.096438    -0.014468
     4    1 H        0.054086     0.131649     0.062738
     5    6 C       -0.013323     0.186419     0.219935
     6    8 O        0.079410     0.007110    -0.084833
     7    1 H       -0.092850    -0.121240     0.028165
     8    1 H        0.136462    -0.041173    -0.004777
     9    1 H       -0.040774     0.071267    -0.118880
    10    6 C        0.006919     0.009988    -0.015879
    11    6 C        0.004690    -0.013198    -0.009699
    12    6 C        0.016606    -0.012934    -0.037593
    13    6 C        0.018820     0.018283    -0.042505
    14    6 C        0.008268     0.043974    -0.015369
    15    6 C        0.000217     0.015594     0.003268
    16    6 C        0.072801    -0.072295    -0.078014
    17    8 O        0.035796    -0.079842     0.024983
    18    8 O       -0.046278    -0.021697     0.087638
    19    1 H       -0.048399    -0.045868     0.117275
    20    1 H       -0.032857     0.087042     0.095555
    21    1 H        0.015438     0.136955    -0.023166
    22    1 H        0.022268    -0.094480    -0.098452
    23    1 H       -0.014904    -0.132219     0.018647
    24    1 H        0.004609    -0.099054     0.068267
    25   16 S       -0.079616    -0.154702     0.114608
    26    6 C        0.058571     0.116292    -0.092205
    27    7 N       -0.026790    -0.051601     0.014496
    28    6 C        0.279862    -0.087827    -0.021008
    29    8 O       -0.068474    -0.014769    -0.008668
    30   15 P       -0.109917    -0.040869    -0.016881
    31    8 O       -0.051148     0.045510    -0.054074
    32    6 C        0.020750    -0.158124     0.247724
    33    8 O       -0.065585    -0.039888     0.029678
    34    6 C        0.100338     0.168455    -0.213283
    35    1 H       -0.033697     0.010315     0.136240
    36    1 H       -0.076182    -0.099891    -0.064648
    37    1 H       -0.015002     0.124908    -0.064504
    38    1 H        0.135283     0.002886    -0.060939
    39    1 H       -0.045646     0.131763     0.042195
    40    1 H       -0.095599    -0.068883    -0.088111
    41    1 H        0.110167    -0.018208     0.096776
    42    1 H       -0.034623    -0.125594    -0.065190
    43    1 H       -0.113366     0.071416     0.062723
---------------------------------------------------------
           total    -1.704057     0.637908     1.124776
---------------------------------------------------------

[Info] JSON dump of results written to 'tblite.json'
