[Info] Molecular charge read from './.CHRG'
[Info] Molecular spin read from './.UHF'
xTB calculator
 | Coulomb electrostatics
 |  * isotropic Klopman-Ohno electrostatics
 |  * onsite third-order electrostatics
CEH guess
integral cutoff           2.6108634510945E+01 bohr

Atomic charges (in atomic units):
---------------------------------------------------------
     #    Z                 q
---------------------------------------------------------
     1   90 Th      -0.393289
     2    1 H       -0.411049
     3   13 Al       0.238474
     4   16 S       -0.557952
     5   17 Cl      -0.427967
     6    8 O       -0.448217
---------------------------------------------------------

Atomic dipole moments (in atomic units):
---------------------------------------------------------
     #    Z                 x            y            z
---------------------------------------------------------
     1   90 Th       0.664475     0.446848     0.126675
     2    1 H       -0.063351     0.010360     0.158312
     3   13 Al      -0.522160     0.291315    -0.626798
     4   16 S        0.013996    -0.001934     0.014384
     5   17 Cl       0.003996    -0.001383     0.000064
     6    8 O       -0.020938    -0.002535    -0.022303
---------------------------------------------------------
           total    -1.610258     1.464839    -2.399743
---------------------------------------------------------

[Info] JSON dump of results written to 'tblite.json'
