[Info] Molecular charge read from './.CHRG'
[Info] Molecular spin read from './.UHF'
xTB calculator
 | Coulomb electrostatics
 |  * isotropic Klopman-Ohno electrostatics
 |  * onsite third-order electrostatics
CEH guess
integral cutoff           4.0000000000000E+01 bohr

Atomic charges (in atomic units):
---------------------------------------------------------
     #    Z                 q
---------------------------------------------------------
     1   98 Cf       1.189219
     2    6 C       -0.048658
     3    6 C        0.099428
     4    8 O       -0.265212
     5    8 O       -0.262140
     6    7 N       -0.048937
     7    1 H        0.041724
     8    1 H        0.044552
     9    1 H        0.078877
    10    1 H        0.077663
    11    9 F       -0.255786
    12    6 C       -0.088444
    13   15 P        0.392882
    14    8 O       -0.329931
    15    6 C       -0.104734
    16    6 C       -0.107992
    17    1 H        0.060218
    18    1 H        0.080356
    19    1 H        0.061366
    20    1 H        0.076859
    21    1 H        0.056218
    22    1 H        0.062048
    23    1 H        0.076065
    24    1 H        0.057948
    25    1 H        0.056411
---------------------------------------------------------

Atomic dipole moments (in atomic units):
---------------------------------------------------------
     #    Z                 x            y            z
---------------------------------------------------------
     1   98 Cf      -0.071064    -0.067158    -0.107133
     2    6 C       -0.162242     0.088375     0.091962
     3    6 C        0.022550     0.005514    -0.021367
     4    8 O       -0.021843    -0.114641     0.021588
     5    8 O        0.078977     0.063110     0.057970
     6    7 N        0.265859    -0.151490     0.064650
     7    1 H        0.108017     0.066507     0.025688
     8    1 H       -0.015298    -0.128985    -0.004819
     9    1 H        0.050409     0.070563     0.048210
    10    1 H       -0.035745    -0.085135     0.035600
    11    9 F       -0.012513     0.049416     0.001434
    12    6 C        0.027234     0.011063     0.002860
    13   15 P       -0.067305     0.039410    -0.059126
    14    8 O       -0.001007     0.010729    -0.007819
    15    6 C        0.015577    -0.020396     0.001599
    16    6 C        0.004090    -0.004676     0.025224
    17    1 H        0.039380    -0.149536    -0.034936
    18    1 H       -0.106107     0.055489    -0.103728
    19    1 H       -0.058024     0.007136     0.147036
    20    1 H       -0.090254     0.057223    -0.115374
    21    1 H        0.134942     0.079261     0.016208
    22    1 H       -0.076102     0.003335     0.137401
    23    1 H       -0.108328     0.047432    -0.100431
    24    1 H        0.042940    -0.149607    -0.028422
    25    1 H        0.125762     0.094484    -0.007617
---------------------------------------------------------
           total    -3.711562     0.634523     2.425114
---------------------------------------------------------

[Info] JSON dump of results written to 'tblite.json'
