xTB calculator
 | Coulomb electrostatics
 |  * isotropic Klopman-Ohno electrostatics
 |  * onsite third-order electrostatics
CEH guess
integral cutoff           2.4638462780296E+01 bohr

Atomic charges (in atomic units):
---------------------------------------------------------
     #    Z                 q
---------------------------------------------------------
     1   89 Ac       0.565755
     2    6 C       -0.006634
     3    6 C       -0.035153
     4    6 C       -0.005780
     5    6 C       -0.043114
     6    6 C       -0.010916
     7    6 C       -0.037091
     8    6 C        0.133060
     9    8 O       -0.268794
    10    8 O       -0.225404
    11    1 H        0.038531
    12    1 H        0.033848
    13    1 H        0.031750
    14    1 H        0.028354
    15    1 H        0.032142
    16    6 C        0.043002
    17    8 O       -0.197300
    18   15 P        0.394441
    19    8 O       -0.171881
    20    6 C        0.007983
    21    8 O       -0.177313
    22    6 C        0.040739
    23    1 H        0.049986
    24    1 H        0.040093
    25    1 H        0.026890
    26    1 H        0.049935
    27    1 H        0.037643
    28    1 H        0.035822
    29    1 H        0.048380
    30    1 H        0.037674
    31    1 H        0.038739
    32    6 C       -0.055795
    33    7 N       -0.027465
    34    7 N       -0.050967
    35    1 H        0.087771
    36    1 H        0.086512
    37    1 H        0.090019
    38    6 C       -0.091984
    39    6 C       -0.031031
    40    8 O       -0.366249
    41    1 H        0.048134
    42    1 H        0.028386
    43    1 H        0.026782
    44    1 H        0.035753
    45    1 H        0.033168
    46    6 C       -0.008269
    47    6 C       -0.037350
    48    6 C       -0.010824
    49    6 C       -0.038659
    50    6 C       -0.008679
    51    6 C       -0.037343
    52    6 C        0.104530
    53    8 O       -0.246785
    54    8 O       -0.230482
    55    1 H        0.038190
    56    1 H        0.032780
    57    1 H        0.028833
    58    1 H        0.036410
    59    1 H        0.034314
    60    1 H       -0.005087
---------------------------------------------------------

Atomic dipole moments (in atomic units):
---------------------------------------------------------
     #    Z                 x            y            z
---------------------------------------------------------
     1   89 Ac       0.272752     0.252272     0.428878
     2    6 C       -0.006087     0.013261    -0.002727
     3    6 C        0.011587     0.012858     0.005618
     4    6 C        0.004102     0.036848     0.002311
     5    6 C       -0.015241     0.029700    -0.007687
     6    6 C       -0.028517     0.013575    -0.013098
     7    6 C       -0.015268    -0.003829    -0.007273
     8    6 C       -0.004086     0.019921     0.001043
     9    8 O       -0.069257    -0.086015    -0.037796
    10    8 O        0.101821     0.044121     0.045113
    11    1 H        0.065754    -0.115110     0.028912
    12    1 H       -0.057079    -0.116382    -0.027605
    13    1 H       -0.122691     0.000408    -0.056711
    14    1 H        0.052068     0.121515     0.025555
    15    1 H        0.119868     0.006062     0.055252
    16    6 C       -0.009268    -0.273409     0.070360
    17    8 O        0.002693     0.079423     0.031877
    18   15 P        0.045852    -0.026691    -0.134541
    19    8 O       -0.057303    -0.050719    -0.081765
    20    6 C        0.219720     0.075939     0.089657
    21    8 O        0.076517     0.008981    -0.033011
    22    6 C       -0.233797     0.138589     0.098549
    23    1 H        0.020259     0.020122    -0.139989
    24    1 H        0.109038     0.048440     0.067931
    25    1 H       -0.121259     0.052658     0.043327
    26    1 H       -0.100879     0.087590     0.043917
    27    1 H       -0.012744    -0.132539     0.042306
    28    1 H        0.021224     0.009276    -0.137306
    29    1 H       -0.014798    -0.140881     0.006741
    30    1 H        0.101300     0.042174     0.085575
    31    1 H        0.016068     0.042838    -0.132289
    32    6 C        0.002790    -0.008121     0.000751
    33    7 N        0.307535     0.073004     0.091278
    34    7 N       -0.265827    -0.157959     0.154037
    35    1 H       -0.040491     0.078824     0.100748
    36    1 H        0.044448    -0.113555     0.037164
    37    1 H       -0.085651    -0.009746    -0.082190
    38    6 C        0.004535     0.078103     0.054293
    39    6 C       -0.068191    -0.077770     0.145678
    40    8 O        0.035185     0.005648    -0.151282
    41    1 H        0.051705     0.027136    -0.128900
    42    1 H       -0.138401    -0.032148    -0.003385
    43    1 H        0.076249    -0.097168     0.068561
    44    1 H       -0.061388     0.080644    -0.062317
    45    1 H        0.115215     0.028305    -0.005006
    46    6 C        0.007537    -0.012610    -0.005181
    47    6 C       -0.011074    -0.004429    -0.012994
    48    6 C       -0.005336    -0.025836    -0.026715
    49    6 C        0.015534    -0.032402    -0.011917
    50    6 C        0.031567    -0.024164     0.004064
    51    6 C        0.014876    -0.003614     0.008126
    52    6 C        0.014347    -0.008360     0.005887
    53    8 O       -0.103516     0.014889    -0.053508
    54    8 O        0.056298     0.044482     0.081163
    55    1 H       -0.053383     0.108257     0.061093
    56    1 H        0.063082     0.052922     0.103344
    57    1 H        0.115696    -0.055985     0.039992
    58    1 H       -0.064836    -0.054736    -0.107464
    59    1 H       -0.113700     0.050667    -0.045847
    60    1 H        0.062557     0.017072     0.022131
---------------------------------------------------------
           total    -1.320075    -1.724133     0.194148
---------------------------------------------------------

[Info] JSON dump of results written to 'tblite.json'
