Charge model parameter:
------------------------------------------------------
   Z          chi/Eh     kcn/Eh     eta/Eh     rad/AA
------------------------------------------------------
  90 Th       1.0989     0.0159     0.6181     0.6812
   3 Li       0.5434    -0.1235     0.9742     0.4791
   1 H        1.2370     0.0492     1.0964     0.2919
------------------------------------------------------

Electrostatic properties (in atomic units):
--------------------------------------------------
     #    Z              CN          q        chi
--------------------------------------------------
     1   90 Th       4.7935    -0.2060     1.0641
     2    3 Li       3.1758     0.2476     0.7635
     3    3 Li       3.1765     0.2476     0.7635
     4    3 Li       2.4282     0.2262     0.7359
     5    1 H        1.8458    -0.2577     1.1702
     6    1 H        1.8441    -0.2576     1.1702
--------------------------------------------------
     Σ                          0.0000
--------------------------------------------------

Electrostatic energy:   -1.3886965665059E-01 Eh

[Info] JSON dump of results written to 'multicharge.json'
