[Info] Molecular charge read from '.CHRG'

Charge model parameter:
------------------------------------------------------
   Z          chi/Eh     kcn/Eh     eta/Eh     rad/AA
------------------------------------------------------
  89 Ac       1.0458     0.0047     0.6519     0.6470
   7 N        1.5582     0.0928     0.6565     0.6998
   8 O        1.5687     0.1169     0.6793     0.6518
   6 C        1.4003     0.0601     0.6166     0.9994
   1 H        1.2370     0.0492     1.0964     0.2919
------------------------------------------------------

Electrostatic properties (in atomic units):
--------------------------------------------------
     #    Z              CN          q        chi
--------------------------------------------------
     1   89 Ac       7.5639     0.7567     1.0328
     2    7 N        3.7485     0.1868     1.3785
     3    8 O        1.0016    -0.1805     1.4517
     4    8 O        1.9774    -0.1892     1.4043
     5    8 O        1.9717    -0.2373     1.4045
     6    6 C        3.0156    -0.0319     1.2960
     7    6 C        3.0103    -0.0371     1.2961
     8    6 C        3.0141    -0.0504     1.2960
     9    6 C        3.0180     0.0236     1.2960
    10    6 C        3.0197    -0.0347     1.2959
    11    6 C        3.0105    -0.0378     1.2961
    12    6 C        3.5592     0.2509     1.2870
    13    8 O        1.9512    -0.2881     1.4054
    14    8 O        2.7301    -0.3416     1.3755
    15    1 H        0.9928     0.1778     1.1880
    16    1 H        0.9930     0.1751     1.1880
    17    1 H        0.9925     0.1523     1.1880
    18    1 H        0.9930     0.1717     1.1880
    19    1 H        0.9930     0.1750     1.1880
    20    1 H        0.9928     0.2540     1.1880
    21    6 C        4.2320    -0.1567     1.2767
    22    6 C        4.0910    -0.0255     1.2788
    23    8 O        2.9459    -0.3824     1.3680
    24    1 H        0.9918     0.1487     1.1880
    25    1 H        1.0042     0.1375     1.1877
    26    1 H        1.0335     0.1435     1.1870
    27    1 H        0.9917     0.1567     1.1880
    28    1 H        0.9917     0.1580     1.1880
    29    1 H        1.0168     0.2728     1.1874
    30    6 C        3.9580    -0.1216     1.2808
    31    6 C        2.0104     0.1192     1.3151
    32    7 N        1.9254    -0.3438     1.4294
    33    1 H        0.9917     0.1616     1.1880
    34    1 H        0.9917     0.1596     1.1880
    35    1 H        0.9917     0.1639     1.1880
    36    6 C        3.0223    -0.0330     1.2959
    37    6 C        3.0096    -0.0383     1.2961
    38    6 C        3.1879     0.0651     1.2931
    39    7 N        2.9558    -0.3344     1.3987
    40    6 C        3.1831     0.0625     1.2931
    41    6 C        3.0094    -0.0424     1.2961
    42    1 H        0.9928     0.1750     1.1880
    43    1 H        0.9930     0.1703     1.1880
    44    1 H        0.9931     0.1674     1.1880
    45    1 H        0.9928     0.1562     1.1880
    46    1 H        0.9930     0.1647     1.1880
--------------------------------------------------
     Σ                          2.0000
--------------------------------------------------

Electrostatic energy:    9.0013978016376E-01 Eh

[Info] JSON dump of results written to 'multicharge.json'
