[Info] Molecular spin read from './.UHF'
xTB calculator
 | Coulomb electrostatics
 |  * isotropic Klopman-Ohno electrostatics
 |  * onsite third-order electrostatics
CEH guess
integral cutoff           4.0000000000000E+01 bohr

Atomic charges (in atomic units):
---------------------------------------------------------
     #    Z                 q
---------------------------------------------------------
     1   95 Am       0.554739
     2   16 S       -0.554739
---------------------------------------------------------

Atomic dipole moments (in atomic units):
---------------------------------------------------------
     #    Z                 x            y            z
---------------------------------------------------------
     1   95 Am      -0.412384    -0.714269     0.416868
     2   16 S       -0.015665    -0.027133     0.015835
---------------------------------------------------------
           total    -1.534429    -2.657705     1.551115
---------------------------------------------------------

[Info] JSON dump of results written to 'tblite.json'
