[Info] Molecular charge read from './.CHRG'
[Info] Molecular spin read from './.UHF'
xTB calculator
 | Coulomb electrostatics
 |  * isotropic Klopman-Ohno electrostatics
 |  * onsite third-order electrostatics
CEH guess
integral cutoff           4.0000000000000E+01 bohr

Atomic charges (in atomic units):
---------------------------------------------------------
     #    Z                 q
---------------------------------------------------------
     1   96 Cm       0.689210
     2    6 C       -0.088250
     3    6 C        0.129527
     4    6 C       -0.175695
     5    6 C        0.133534
     6    8 O       -0.240995
     7    6 C       -0.085854
     8    8 O       -0.238974
     9    1 H        0.052390
    10    1 H        0.045609
    11    1 H        0.056650
    12    1 H        0.049864
    13    1 H        0.053869
    14    1 H        0.053487
    15    1 H        0.048293
    16    6 C        0.023081
    17    6 C       -0.009513
    18    6 C        0.029348
    19    7 N       -0.006296
    20    6 C        0.022408
    21    6 C       -0.007312
    22    1 H        0.049001
    23    1 H        0.051765
    24    1 H        0.057995
    25    1 H        0.054492
    26    1 H        0.052827
    27    7 N       -0.079935
    28    1 H        0.116277
    29    1 H        0.115598
    30    1 H        0.107051
    31    7 N       -0.088457
    32    1 H        0.111990
    33    1 H        0.111965
    34    1 H        0.113446
    35   17 Cl      -0.308395
---------------------------------------------------------

Atomic dipole moments (in atomic units):
---------------------------------------------------------
     #    Z                 x            y            z
---------------------------------------------------------
     1   96 Cm      -0.216446    -0.464709     0.172170
     2    6 C        0.048697     0.058011     0.039569
     3    6 C       -0.071415     0.111288    -0.030995
     4    6 C       -0.012453     0.039849     0.001265
     5    6 C        0.011875     0.144046     0.034768
     6    8 O       -0.001833    -0.087745    -0.009633
     7    6 C       -0.062192     0.031065    -0.051409
     8    8 O        0.029151    -0.077452     0.027196
     9    1 H        0.069394    -0.128892     0.013943
    10    1 H       -0.012932     0.047847    -0.136803
    11    1 H       -0.126121     0.004794     0.068088
    12    1 H        0.027875    -0.128917     0.004256
    13    1 H        0.008133    -0.144932    -0.027773
    14    1 H       -0.043561     0.031642     0.133443
    15    1 H        0.119825     0.074488    -0.033752
    16    6 C        0.014012    -0.005486     0.001473
    17    6 C        0.008244    -0.027464     0.003304
    18    6 C        0.030700    -0.176910     0.015020
    19    7 N       -0.233014     0.086999    -0.019862
    20    6 C        0.136145     0.108423     0.001903
    21    6 C        0.027312     0.014825     0.001641
    22    1 H       -0.127028     0.048039    -0.008729
    23    1 H       -0.015233     0.135838    -0.009597
    24    1 H        0.107841     0.077308    -0.005253
    25    1 H        0.033142    -0.128806     0.003874
    26    1 H       -0.101966    -0.091161     0.000335
    27    7 N        0.064183     0.140905     0.274944
    28    1 H       -0.108407     0.012329     0.057963
    29    1 H        0.047797     0.102680    -0.039820
    30    1 H        0.074762    -0.079111     0.048348
    31    7 N        0.213189    -0.099184    -0.214777
    32    1 H        0.015956    -0.115099     0.029146
    33    1 H        0.087832     0.076342     0.018614
    34    1 H       -0.052804     0.019255    -0.104430
    35   17 Cl      -0.017873    -0.023598     0.017063
---------------------------------------------------------
           total    -0.329680     0.216568    -0.493328
---------------------------------------------------------

[Info] JSON dump of results written to 'tblite.json'
