Charge model parameter:
------------------------------------------------------
   Z          chi/Eh     kcn/Eh     eta/Eh     rad/AA
------------------------------------------------------
  91 Pa       1.0721     0.0037     0.5511     0.7643
  53 I        1.4034     0.0897     0.3054     2.0116
------------------------------------------------------

Electrostatic properties (in atomic units):
--------------------------------------------------
     #    Z              CN          q        chi
--------------------------------------------------
     1   91 Pa       2.9748     0.6540     1.0657
     2   53 I        0.9932    -0.2182     1.3140
     3   53 I        0.9932    -0.2178     1.3140
     4   53 I        0.9932    -0.2180     1.3140
--------------------------------------------------
     Σ                          0.0000
--------------------------------------------------

Electrostatic energy:   -8.1210054826056E-02 Eh

[Info] JSON dump of results written to 'multicharge.json'
