[Info] Molecular charge read from '.CHRG'

Charge model parameter:
------------------------------------------------------
   Z          chi/Eh     kcn/Eh     eta/Eh     rad/AA
------------------------------------------------------
  90 Th       1.0989     0.0159     0.6181     0.6812
   6 C        1.4003     0.0601     0.6166     0.9994
   8 O        1.5687     0.1169     0.6793     0.6518
   1 H        1.2370     0.0492     1.0964     0.2919
   7 N        1.5582     0.0928     0.6565     0.6998
  16 S        1.4077     0.0713     0.5171     1.1581
------------------------------------------------------

Electrostatic properties (in atomic units):
--------------------------------------------------
     #    Z              CN          q        chi
--------------------------------------------------
     1   90 Th       7.8929     0.8635     1.0542
     2    6 C        3.0130    -0.1327     1.2960
     3    6 C        3.0125    -0.1285     1.2961
     4    6 C        3.0158    -0.0937     1.2960
     5    6 C        3.0178     0.0036     1.2960
     6    6 C        3.0162    -0.0979     1.2960
     7    6 C        3.0124    -0.1306     1.2961
     8    6 C        3.7652     0.2653     1.2838
     9    8 O        1.9328    -0.3192     1.4061
    10    8 O        1.9293    -0.3164     1.4063
    11    1 H        0.9926     0.0743     1.1880
    12    1 H        0.9927     0.0823     1.1880
    13    1 H        0.9929     0.1285     1.1880
    14    1 H        0.9928     0.1216     1.1880
    15    1 H        0.9927     0.0800     1.1880
    16    7 N        3.0245     0.2056     1.3968
    17    8 O        1.0043    -0.3938     1.4515
    18    8 O        1.9476    -0.2279     1.4055
    19    8 O        1.0025    -0.3232     1.4516
    20    6 C        3.9545    -0.2130     1.2809
    21    6 C        3.9752    -0.0549     1.2806
    22    8 O        2.9060    -0.3637     1.3694
    23    1 H        0.9914     0.0731     1.1880
    24    1 H        0.9915     0.1150     1.1880
    25    1 H        0.9919     0.1375     1.1880
    26    1 H        0.9904     0.0887     1.1880
    27    1 H        0.9918     0.1269     1.1880
    28    1 H        1.0260     0.2983     1.1872
    29   16 S        1.0106    -0.2646     1.3360
    30    6 C        2.0410     0.1242     1.3145
    31    7 N        1.9940    -0.3716     1.4272
    32    8 O        0.9992    -0.4282     1.4518
    33   16 S        3.8783     0.4339     1.2673
    34    8 O        1.9844    -0.3235     1.4040
    35    8 O        1.9858    -0.3359     1.4039
    36    6 C        1.6669     0.1335     1.3228
    37    8 O        0.9994    -0.3939     1.4518
    38   16 S        1.0101    -0.2381     1.3361
    39    6 C        2.0218     0.1422     1.3149
    40    7 N        1.9794    -0.3467     1.4276
--------------------------------------------------
     Σ                         -2.0000
--------------------------------------------------

Electrostatic energy:   -1.7368396289397E+00 Eh

[Info] JSON dump of results written to 'multicharge.json'
