[Info] Molecular charge read from '.CHRG'

Charge model parameter:
------------------------------------------------------
   Z          chi/Eh     kcn/Eh     eta/Eh     rad/AA
------------------------------------------------------
  99 Es       1.0593     0.0030     0.5898     0.7145
   7 N        1.5582     0.0928     0.6565     0.6998
   8 O        1.5687     0.1169     0.6793     0.6518
   6 C        1.4003     0.0601     0.6166     0.9994
  15 P        1.5267     0.1425     0.7308     0.7313
   1 H        1.2370     0.0492     1.0964     0.2919
------------------------------------------------------

Electrostatic properties (in atomic units):
--------------------------------------------------
     #    Z              CN          q        chi
--------------------------------------------------
     1   99 Es       6.2292     0.7553     1.0519
     2    7 N        3.6452     0.1899     1.3810
     3    8 O        1.0015    -0.2608     1.4517
     4    8 O        1.9471    -0.2977     1.4055
     5    8 O        1.9598    -0.2739     1.4050
     6    6 C        3.9565    -0.2251     1.2808
     7   15 P        3.9401     0.0377     1.2439
     8    6 C        3.9563    -0.2250     1.2808
     9    6 C        3.9565    -0.2254     1.2808
    10    1 H        0.9927     0.1215     1.1880
    11    1 H        0.9930     0.1360     1.1880
    12    1 H        0.9931     0.1196     1.1880
    13    1 H        0.9926     0.1208     1.1880
    14    1 H        0.9930     0.1298     1.1880
    15    1 H        0.9934     0.1259     1.1880
    16    1 H        0.9926     0.1209     1.1880
    17    1 H        0.9930     0.1222     1.1880
    18    1 H        0.9932     0.1361     1.1880
    19    8 O        1.9915    -0.5958     1.4037
    20    1 H        1.0022     0.3099     1.1877
    21    6 C        4.1427    -0.0593     1.2781
    22    8 O        1.9881    -0.3566     1.4038
    23   15 P        4.4382     0.3185     1.2265
    24    8 O        1.9888    -0.3539     1.4038
    25    6 C        4.0909    -0.0567     1.2788
    26    8 O        1.9883    -0.3123     1.4038
    27    6 C        4.1381    -0.0550     1.2781
    28    1 H        0.9923     0.1288     1.1880
    29    1 H        0.9917     0.1338     1.1880
    30    1 H        0.9918     0.1266     1.1880
    31    1 H        0.9920     0.1389     1.1880
    32    1 H        0.9918     0.1536     1.1880
    33    1 H        0.9921     0.1203     1.1880
    34    1 H        0.9923     0.1456     1.1880
    35    1 H        0.9916     0.1278     1.1880
    36    1 H        0.9917     0.1530     1.1880
    37    6 C        4.1368    -0.0510     1.2781
    38    8 O        1.9882    -0.3207     1.4038
    39   15 P        4.6242     0.3250     1.2203
    40    8 O        1.9886    -0.3289     1.4038
    41    6 C        4.2020    -0.0731     1.2772
    42    8 O        1.9885    -0.3350     1.4038
    43    6 C        4.2007    -0.0732     1.2772
    44    1 H        0.9922     0.1372     1.1880
    45    1 H        0.9917     0.1412     1.1880
    46    1 H        0.9919     0.1356     1.1880
    47    1 H        0.9922     0.1301     1.1880
    48    1 H        0.9913     0.1166     1.1880
    49    1 H        0.9915     0.1386     1.1880
    50    1 H        0.9922     0.1276     1.1880
    51    1 H        0.9916     0.1326     1.1880
    52    1 H        0.9912     0.1224     1.1880
--------------------------------------------------
     Σ                          1.0000
--------------------------------------------------

Electrostatic energy:    1.4803659008584E-01 Eh

[Info] JSON dump of results written to 'multicharge.json'
