[Info] Molecular spin read from './.UHF'
xTB calculator
 | Coulomb electrostatics
 |  * isotropic Klopman-Ohno electrostatics
 |  * onsite third-order electrostatics
CEH guess
integral cutoff           4.0000000000000E+01 bohr

Atomic charges (in atomic units):
---------------------------------------------------------
     #    Z                 q
---------------------------------------------------------
     1   95 Am       0.020170
     2   12 Mg       0.139509
     3   50 Sn       0.044769
     4   17 Cl      -0.204448
---------------------------------------------------------

Atomic dipole moments (in atomic units):
---------------------------------------------------------
     #    Z                 x            y            z
---------------------------------------------------------
     1   95 Am       0.826459    -1.170027     1.872263
     2   12 Mg      -0.120569    -0.422933    -0.436171
     3   50 Sn      -0.413332     0.789082    -0.126470
     4   17 Cl      -0.031945    -0.001713     0.014462
---------------------------------------------------------
           total    -1.215296    -0.687770     0.796417
---------------------------------------------------------

[Info] JSON dump of results written to 'tblite.json'
