Charge model parameter:
------------------------------------------------------
   Z          chi/Eh     kcn/Eh     eta/Eh     rad/AA
------------------------------------------------------
 101 Md       1.1131     0.0055     0.6097     0.6919
   3 Li       0.5434    -0.1235     0.9742     0.4791
   1 H        1.2370     0.0492     1.0964     0.2919
------------------------------------------------------

Electrostatic properties (in atomic units):
--------------------------------------------------
     #    Z              CN          q        chi
--------------------------------------------------
     1  101 Md       4.7962    -0.1511     1.1011
     2    3 Li       1.8811     0.3904     0.7128
     3    3 Li       2.7959     0.3889     0.7499
     4    1 H        1.8910    -0.1995     1.1693
     5    1 H        1.8810    -0.2278     1.1695
     6    1 H        1.8530    -0.2009     1.1700
--------------------------------------------------
     Σ                          0.0000
--------------------------------------------------

Electrostatic energy:   -1.6561189207711E-01 Eh

[Info] JSON dump of results written to 'multicharge.json'
