Charge model parameter:
------------------------------------------------------
   Z          chi/Eh     kcn/Eh     eta/Eh     rad/AA
------------------------------------------------------
 100 Fm       1.0767     0.0040     0.5988     0.7039
   3 Li       0.5434    -0.1235     0.9742     0.4791
------------------------------------------------------

Electrostatic properties (in atomic units):
--------------------------------------------------
     #    Z              CN          q        chi
--------------------------------------------------
     1  100 Fm       1.0896    -0.4672     1.0725
     2    3 Li       1.6272     0.1697     0.7009
     3    3 Li       1.7014     0.1679     0.7045
     4    3 Li       2.6379     0.1297     0.7440
--------------------------------------------------
     Σ                         -0.0000
--------------------------------------------------

Electrostatic energy:   -8.3720846586889E-02 Eh

[Info] JSON dump of results written to 'multicharge.json'
