[Info] Molecular charge read from './.CHRG'
[Info] Molecular spin read from './.UHF'
xTB calculator
 | Coulomb electrostatics
 |  * isotropic Klopman-Ohno electrostatics
 |  * onsite third-order electrostatics
CEH guess
integral cutoff           4.0000000000000E+01 bohr

Atomic charges (in atomic units):
---------------------------------------------------------
     #    Z                 q
---------------------------------------------------------
     1   98 Cf       1.222461
     2    6 C       -0.033122
     3    6 C       -0.046016
     4    6 C       -0.015505
     5    6 C       -0.014448
     6    6 C       -0.017237
     7    6 C       -0.046363
     8    6 C        0.183572
     9    8 O       -0.217350
    10    8 O       -0.231215
    11    1 H        0.045219
    12    1 H        0.040411
    13    1 H        0.035146
    14    1 H        0.034277
    15    1 H        0.040157
    16    7 N        0.306187
    17    8 O       -0.140670
    18    8 O       -0.178730
    19    8 O       -0.196879
    20    7 N       -0.098531
    21    1 H        0.111058
    22    1 H        0.108664
    23    1 H        0.108914
---------------------------------------------------------

Atomic dipole moments (in atomic units):
---------------------------------------------------------
     #    Z                 x            y            z
---------------------------------------------------------
     1   98 Cf      -0.161609     0.325670    -0.116386
     2    6 C        0.008500    -0.026271     0.002834
     3    6 C       -0.011558    -0.007535    -0.014093
     4    6 C       -0.006788    -0.042762    -0.016482
     5    6 C        0.006296    -0.024119     0.003390
     6    6 C        0.028608    -0.026604     0.024660
     7    6 C        0.012367     0.003554     0.014545
     8    6 C        0.008044    -0.048411    -0.002494
     9    8 O       -0.072065     0.007780    -0.075115
    10    8 O        0.047519     0.063977     0.066049
    11    1 H       -0.042050     0.127858    -0.015127
    12    1 H        0.052032     0.096202     0.077184
    13    1 H        0.096580    -0.031784     0.093743
    14    1 H       -0.050993    -0.100552    -0.079774
    15    1 H       -0.092728     0.028505    -0.092274
    16    7 N       -0.018520     0.032483     0.013893
    17    8 O       -0.125570     0.133472     0.128127
    18    8 O        0.024894    -0.216018     0.062381
    19    8 O        0.100062     0.079594    -0.190508
    20    7 N       -0.224897    -0.197692     0.081365
    21    1 H       -0.007509     0.010866     0.116011
    22    1 H        0.042308    -0.100600    -0.035529
    23    1 H       -0.094272     0.041809    -0.057332
---------------------------------------------------------
           total    -1.371239    -0.277142     1.366599
---------------------------------------------------------

[Info] JSON dump of results written to 'tblite.json'
