[Info] Molecular charge read from './.CHRG'
xTB calculator
 | Coulomb electrostatics
 |  * isotropic Klopman-Ohno electrostatics
 |  * onsite third-order electrostatics
CEH guess
integral cutoff           2.9545082850997E+01 bohr

Atomic charges (in atomic units):
---------------------------------------------------------
     #    Z                 q
---------------------------------------------------------
     1   91 Pa       1.181568
     2    6 C        0.020281
     3    6 C       -0.040465
     4    6 C        0.032545
     5    6 C        0.005925
     6    6 C        0.031545
     7    6 C       -0.041551
     8    6 C        0.331117
     9    8 O       -0.264239
    10    8 O       -0.227222
    11    1 H        0.046472
    12    1 H        0.046389
    13    1 H        0.037765
    14    1 H        0.036208
    15    1 H        0.045784
    16    6 C        0.041051
    17    6 C        0.115908
    18    7 N       -0.009092
    19    6 C        0.098540
    20    6 C        0.036060
    21    7 N       -0.081238
    22    1 H        0.068173
    23    1 H        0.058770
    24    1 H        0.050604
    25    1 H        0.066441
    26   53 I       -0.101914
    27    6 C        0.022876
    28    6 C       -0.041662
    29    6 C        0.029971
    30    6 C        0.008629
    31    6 C        0.037020
    32    6 C       -0.040186
    33    6 C        0.335226
    34    8 O       -0.287948
    35    8 O       -0.222589
    36    1 H        0.046812
    37    1 H        0.046027
    38    1 H        0.034929
    39    1 H        0.039762
    40    1 H        0.047453
    41    6 C        0.124363
    42    8 O        0.233893
---------------------------------------------------------

Atomic dipole moments (in atomic units):
---------------------------------------------------------
     #    Z                 x            y            z
---------------------------------------------------------
     1   91 Pa      -0.166880     0.332633    -0.482703
     2    6 C       -0.022677     0.004709     0.012997
     3    6 C       -0.008796    -0.013977     0.003776
     4    6 C       -0.041597    -0.023162     0.021725
     5    6 C       -0.025724     0.005273     0.014400
     6    6 C       -0.029263     0.038361     0.019779
     7    6 C       -0.002636     0.016089     0.002909
     8    6 C       -0.092082     0.023090     0.054795
     9    8 O        0.015542    -0.097548    -0.010539
    10    8 O        0.042463     0.092112    -0.017050
    11    1 H        0.113041    -0.026213    -0.068761
    12    1 H        0.080660     0.100725    -0.037981
    13    1 H       -0.030608     0.130367     0.030494
    14    1 H       -0.080901    -0.103993     0.038337
    15    1 H        0.032328    -0.126948    -0.029874
    16    6 C        0.087432     0.080026    -0.100546
    17    6 C        0.145660    -0.060271    -0.128996
    18    7 N       -0.053331     0.224548     0.002922
    19    6 C       -0.100492    -0.118715     0.119976
    20    6 C       -0.112981     0.029792     0.101269
    21    7 N        0.071720    -0.308562    -0.003544
    22    1 H       -0.092671     0.048159     0.078991
    23    1 H       -0.068953    -0.072088     0.079883
    24    1 H        0.094183    -0.042173    -0.077298
    25    1 H        0.061871     0.084374    -0.077198
    26   53 I        0.067246     0.026381     0.243105
    27    6 C        0.023938     0.001310     0.012540
    28    6 C       -0.001014    -0.000475     0.016373
    29    6 C        0.021607     0.000063     0.047302
    30    6 C        0.026705     0.002395     0.013429
    31    6 C        0.053547     0.004357    -0.007560
    32    6 C        0.013148     0.001761    -0.010533
    33    6 C        0.110512     0.005915     0.043744
    34    8 O       -0.080609    -0.008505     0.058120
    35    8 O        0.021807     0.002495    -0.097237
    36    1 H       -0.115707    -0.005222    -0.069272
    37    1 H        0.001669     0.005667    -0.134331
    38    1 H        0.118465     0.010411    -0.068346
    39    1 H       -0.004018    -0.007295     0.137527
    40    1 H       -0.117343    -0.011456     0.065209
    41    6 C       -0.044485    -0.108265     0.018917
    42    8 O       -0.007197    -0.073517     0.032299
---------------------------------------------------------
           total    -0.696026     1.708151     4.051714
---------------------------------------------------------

[Info] JSON dump of results written to 'tblite.json'
