[Info] Molecular spin read from './.UHF'
xTB calculator
 | Coulomb electrostatics
 |  * isotropic Klopman-Ohno electrostatics
 |  * onsite third-order electrostatics
CEH guess
integral cutoff           3.7432403240289E+01 bohr

Atomic charges (in atomic units):
---------------------------------------------------------
     #    Z                 q
---------------------------------------------------------
     1   93 Np       0.390778
     2   35 Br      -0.131716
     3   35 Br      -0.129381
     4   35 Br      -0.129680
---------------------------------------------------------

Atomic dipole moments (in atomic units):
---------------------------------------------------------
     #    Z                 x            y            z
---------------------------------------------------------
     1   93 Np      -0.343344    -0.476915     0.844758
     2   35 Br      -0.015738    -0.022429    -0.022578
     3   35 Br      -0.015707     0.030437     0.007692
     4   35 Br       0.034222    -0.004379     0.007828
---------------------------------------------------------
           total    -0.548767    -0.759434     1.367848
---------------------------------------------------------

[Info] JSON dump of results written to 'tblite.json'
