[Info] Molecular charge read from './.CHRG'
[Info] Molecular spin read from './.UHF'
xTB calculator
 | Coulomb electrostatics
 |  * isotropic Klopman-Ohno electrostatics
 |  * onsite third-order electrostatics
CEH guess
integral cutoff           2.9707664809354E+01 bohr

Atomic charges (in atomic units):
---------------------------------------------------------
     #    Z                 q
---------------------------------------------------------
     1   90 Th       0.684585
     2   13 Al       0.413321
     3    7 N       -0.339948
     4   16 S       -0.265568
     5   38 Sr       0.507610
---------------------------------------------------------

Atomic dipole moments (in atomic units):
---------------------------------------------------------
     #    Z                 x            y            z
---------------------------------------------------------
     1   90 Th      -0.366665    -2.015530    -0.890273
     2   13 Al       0.738558     0.405336     0.167158
     3    7 N        0.059387     0.010428     0.020552
     4   16 S       -0.009540    -0.016201     0.010110
     5   38 Sr      -0.741370     0.255275     0.848851
---------------------------------------------------------
           total    -0.355003    -4.220018     0.880056
---------------------------------------------------------

[Info] JSON dump of results written to 'tblite.json'
