[Info] Molecular spin read from './.UHF'
xTB calculator
 | Coulomb electrostatics
 |  * isotropic Klopman-Ohno electrostatics
 |  * onsite third-order electrostatics
CEH guess
integral cutoff           4.0000000000000E+01 bohr

Atomic charges (in atomic units):
---------------------------------------------------------
     #    Z                 q
---------------------------------------------------------
     1  103 Lr       0.311259
     2    3 Li       0.108522
     3    3 Li       0.110491
     4    3 Li      -0.120244
     5    1 H       -0.410029
---------------------------------------------------------

Atomic dipole moments (in atomic units):
---------------------------------------------------------
     #    Z                 x            y            z
---------------------------------------------------------
     1  103 Lr      -0.429885     0.409885     1.615806
     2    3 Li       0.443064    -0.095559    -0.350718
     3    3 Li       0.401209    -0.252936    -0.318793
     4    3 Li       0.314550    -0.200209    -0.626149
     5    1 H       -0.063880     0.021667     0.020888
---------------------------------------------------------
           total     2.923559    -0.862859    -0.344200
---------------------------------------------------------

[Info] JSON dump of results written to 'tblite.json'
