[Info] Molecular charge read from './.CHRG'
xTB calculator
 | Coulomb electrostatics
 |  * isotropic Klopman-Ohno electrostatics
 |  * onsite third-order electrostatics
CEH guess
integral cutoff           2.4638462780296E+01 bohr

Atomic charges (in atomic units):
---------------------------------------------------------
     #    Z                 q
---------------------------------------------------------
     1   89 Ac       0.789376
     2    7 N       -0.060369
     3    6 C       -0.019457
     4    6 C       -0.019035
     5    7 N       -0.020662
     6    6 C       -0.022102
     7    6 C       -0.015951
     8    7 N       -0.029234
     9    1 H        0.125939
    10    1 H        0.113019
    11    1 H        0.057233
    12    1 H        0.078716
    13    1 H        0.077060
    14    1 H        0.078136
    15    1 H        0.128542
    16    1 H        0.081388
    17    1 H        0.071419
    18    1 H        0.052135
    19    1 H        0.078657
    20    1 H        0.117856
    21    1 H        0.130810
    22    6 C        0.024863
    23    6 C       -0.060615
    24    6 C       -0.056348
    25    6 C        0.027939
    26    8 O       -0.076212
    27    1 H        0.069552
    28    1 H        0.050542
    29    1 H        0.088237
    30    1 H        0.045257
    31    1 H        0.047896
    32    1 H        0.088973
    33    1 H        0.078558
    34    1 H        0.051252
    35    7 N        0.321876
    36    8 O       -0.079252
    37    8 O       -0.202227
    38    8 O       -0.213767
---------------------------------------------------------

Atomic dipole moments (in atomic units):
---------------------------------------------------------
     #    Z                 x            y            z
---------------------------------------------------------
     1   89 Ac      -0.587519     0.400817    -0.046866
     2    7 N        0.241884     0.096581    -0.105522
     3    6 C       -0.205686    -0.054579    -0.056566
     4    6 C       -0.095790    -0.176248     0.095963
     5    7 N        0.215202     0.137872     0.101826
     6    6 C       -0.115749    -0.037094    -0.184525
     7    6 C       -0.211307     0.014455    -0.023295
     8    7 N        0.186772    -0.031964     0.187695
     9    1 H       -0.022600     0.076931    -0.081442
    10    1 H        0.048518    -0.088159    -0.042299
    11    1 H        0.054268    -0.089487     0.071223
    12    1 H        0.074429     0.052466    -0.082745
    13    1 H        0.087676     0.058099     0.063070
    14    1 H       -0.072454     0.076400    -0.066920
    15    1 H       -0.041860     0.079903     0.035509
    16    1 H        0.119648     0.027425    -0.012862
    17    1 H       -0.059852     0.061849     0.091512
    18    1 H        0.052425    -0.059196    -0.090000
    19    1 H        0.050464    -0.035136     0.105988
    20    1 H        0.005788    -0.109912     0.014859
    21    1 H       -0.043300     0.058416     0.100427
    22    6 C        0.047822     0.244774     0.034210
    23    6 C        0.068436     0.053059     0.100703
    24    6 C        0.123823    -0.053454     0.004282
    25    6 C        0.072279    -0.256247     0.009127
    26    8 O       -0.078853    -0.001490    -0.048662
    27    1 H        0.083400    -0.077810    -0.071512
    28    1 H       -0.058607    -0.054398     0.100724
    29    1 H       -0.101318    -0.086752    -0.000543
    30    1 H        0.056559     0.025919    -0.115132
    31    1 H       -0.069847    -0.027041     0.106212
    32    1 H       -0.055959     0.082606    -0.089788
    33    1 H       -0.022040     0.070801     0.113449
    34    1 H        0.050245     0.064391    -0.098825
    35    7 N       -0.017376     0.068103     0.020568
    36    8 O       -0.054729     0.205545     0.050061
    37    8 O        0.045038    -0.132236     0.192913
    38    8 O       -0.005283    -0.032817    -0.234531
---------------------------------------------------------
           total    -0.703758     5.750395     3.579948
---------------------------------------------------------

[Info] JSON dump of results written to 'tblite.json'
