[Info] Molecular charge read from './.CHRG'
xTB calculator
 | Coulomb electrostatics
 |  * isotropic Klopman-Ohno electrostatics
 |  * onsite third-order electrostatics
CEH guess
integral cutoff           2.9545082850997E+01 bohr

Atomic charges (in atomic units):
---------------------------------------------------------
     #    Z                 q
---------------------------------------------------------
     1   90 Th       1.260706
     2    6 C        0.020942
     3    6 C       -0.036671
     4    6 C        0.023571
     5    6 C       -0.010967
     6    6 C        0.025187
     7    6 C       -0.035941
     8    6 C        0.277364
     9    8 O       -0.261761
    10    8 O       -0.266973
    11    1 H        0.049326
    12    1 H        0.047861
    13    1 H        0.035803
    14    1 H        0.036866
    15    1 H        0.048425
    16    6 C        0.076843
    17    8 O       -0.157271
    18    1 H        0.057755
    19    1 H        0.053947
    20    1 H        0.071299
    21    1 H        0.204858
    22    6 C       -0.090785
    23    6 C        0.097364
    24    8 O       -0.164641
    25    1 H        0.075368
    26    1 H        0.048624
    27    1 H        0.037326
    28    1 H        0.051577
    29    1 H        0.063457
    30    1 H        0.207022
    31   53 I       -0.248199
    32    6 C        0.057328
    33    6 C       -0.052844
    34    6 C       -0.051732
    35    6 C        0.068973
    36    8 O       -0.124433
    37    1 H        0.051203
    38    1 H        0.070580
    39    1 H        0.042777
    40    1 H        0.087432
    41    1 H        0.086295
    42    1 H        0.048038
    43    1 H        0.040624
    44    1 H        0.077479
---------------------------------------------------------

Atomic dipole moments (in atomic units):
---------------------------------------------------------
     #    Z                 x            y            z
---------------------------------------------------------
     1   90 Th       0.259448     0.220520    -0.347918
     2    6 C       -0.001398    -0.017493    -0.020310
     3    6 C        0.001889     0.004478    -0.019400
     4    6 C        0.002045    -0.003037    -0.057370
     5    6 C       -0.001962    -0.026522    -0.030298
     6    6 C       -0.006767    -0.056122    -0.011868
     7    6 C       -0.002786    -0.019749     0.001810
     8    6 C       -0.008568    -0.074235    -0.076892
     9    8 O        0.015536     0.101718    -0.039906
    10    8 O       -0.011552    -0.056560     0.092533
    11    1 H        0.006691     0.086621     0.103885
    12    1 H       -0.013021    -0.044806     0.126238
    13    1 H       -0.020639    -0.132876     0.024727
    14    1 H        0.013186     0.047713    -0.127546
    15    1 H        0.019396     0.131418    -0.022589
    16    6 C        0.286057     0.099351     0.090626
    17    8 O       -0.090517     0.066084     0.000813
    18    1 H       -0.035192     0.084211    -0.111969
    19    1 H       -0.082744     0.019753     0.115062
    20    1 H       -0.001218    -0.144722    -0.040340
    21    1 H       -0.013996     0.125559     0.031216
    22    6 C       -0.081518    -0.000309     0.068530
    23    6 C       -0.023422    -0.260403     0.092264
    24    8 O        0.015566     0.015306    -0.112787
    25    1 H        0.023418     0.123623    -0.061478
    26    1 H       -0.027803    -0.097531    -0.104115
    27    1 H        0.110829    -0.036768     0.086851
    28    1 H       -0.100508     0.031758    -0.074597
    29    1 H        0.029305     0.097464     0.091553
    30    1 H       -0.008898    -0.088087    -0.101024
    31   53 I       -0.094833    -0.180634    -0.018353
    32    6 C       -0.177709    -0.081729     0.193731
    33    6 C       -0.128579    -0.015326    -0.006575
    34    6 C       -0.055033     0.111012    -0.040822
    35    6 C        0.045112     0.142643    -0.224970
    36    8 O        0.109111    -0.046029     0.024849
    37    1 H       -0.006685    -0.073070    -0.107180
    38    1 H        0.023830     0.133406    -0.015886
    39    1 H        0.031538     0.091178     0.087736
    40    1 H        0.098880    -0.049246    -0.075261
    41    1 H        0.058637    -0.029728     0.115970
    42    1 H       -0.019110    -0.098781    -0.084623
    43    1 H        0.009250     0.076781     0.104129
    44    1 H       -0.092738    -0.098565     0.003500
---------------------------------------------------------
           total    -0.841489    -0.592768     0.073951
---------------------------------------------------------

[Info] JSON dump of results written to 'tblite.json'
