Charge model parameter:
------------------------------------------------------
   Z          chi/Eh     kcn/Eh     eta/Eh     rad/AA
------------------------------------------------------
 101 Md       1.1131     0.0055     0.6097     0.6919
   7 N        1.5582     0.0928     0.6565     0.6998
   8 O        1.5687     0.1169     0.6793     0.6518
  16 S        1.4077     0.0713     0.5171     1.1581
   6 C        1.4003     0.0601     0.6166     0.9994
   1 H        1.2370     0.0492     1.0964     0.2919
------------------------------------------------------

Electrostatic properties (in atomic units):
--------------------------------------------------
     #    Z              CN          q        chi
--------------------------------------------------
     1  101 Md       7.7422     0.7783     1.0978
     2    7 N        2.7814    -0.0246     1.4034
     3    8 O        1.9845    -0.1600     1.4040
     4    8 O        1.9817    -0.1656     1.4041
     5    7 N        2.7737    -0.0156     1.4036
     6    8 O        1.9794    -0.1793     1.4042
     7    8 O        1.9863    -0.1486     1.4039
     8   16 S        1.0215    -0.1018     1.3357
     9    6 C        2.6464     0.1858     1.3026
    10    7 N        2.0043    -0.3576     1.4268
    11    8 O        2.9503    -0.5199     1.3679
    12    1 H        1.0555     0.2917     1.1864
    13    1 H        1.0148     0.2697     1.1874
    14    7 N        3.9440    -0.7149     1.3739
    15    1 H        1.0147     0.2917     1.1874
    16    1 H        1.0101     0.2792     1.1875
    17    1 H        1.0095     0.2916     1.1876
--------------------------------------------------
     Σ                          0.0000
--------------------------------------------------

Electrostatic energy:   -2.6332298783485E-01 Eh

[Info] JSON dump of results written to 'multicharge.json'
