[Info] Molecular charge read from './.CHRG'
[Info] Molecular spin read from './.UHF'
xTB calculator
 | Coulomb electrostatics
 |  * isotropic Klopman-Ohno electrostatics
 |  * onsite third-order electrostatics
CEH guess
integral cutoff           4.0000000000000E+01 bohr

Atomic charges (in atomic units):
---------------------------------------------------------
     #    Z                 q
---------------------------------------------------------
     1   96 Cm       0.102498
     2    7 N       -0.083052
     3    6 C       -0.009454
     4    6 C       -0.012698
     5    7 N       -0.056913
     6    1 H        0.095825
     7    1 H        0.070769
     8    1 H        0.044621
     9    1 H        0.062033
    10    1 H        0.043946
    11    1 H        0.041460
    12    1 H        0.070286
    13    1 H        0.077557
    14    7 N       -0.081418
    15    6 C       -0.015273
    16    6 C       -0.014775
    17    7 N       -0.062601
    18    1 H        0.080990
    19    1 H        0.077440
    20    1 H        0.051777
    21    1 H        0.062731
    22    1 H        0.040008
    23    1 H        0.055407
    24    1 H        0.079893
    25    1 H        0.103799
    26    6 C        0.013042
    27    6 C       -0.025324
    28    6 C        0.001304
    29    7 N       -0.055940
    30    6 C        0.020258
    31    6 C       -0.013634
    32    1 H        0.019026
    33    1 H        0.022158
    34    1 H        0.039911
    35    1 H        0.049784
    36    1 H        0.028718
    37    8 O       -0.297621
    38   16 S        0.418145
    39    8 O       -0.291740
    40    8 O       -0.352129
    41   35 Br      -0.592858
    42   17 Cl      -0.629203
    43    9 F       -0.390747
    44   15 P        0.235541
    45    9 F       -0.198398
    46    9 F       -0.200213
    47   16 S       -0.332083
    48    6 C       -0.015560
    49    7 N       -0.277293
---------------------------------------------------------

Atomic dipole moments (in atomic units):
---------------------------------------------------------
     #    Z                 x            y            z
---------------------------------------------------------
     1   96 Cm       0.078153    -0.088211    -0.199842
     2    7 N       -0.275318    -0.091543    -0.150817
     3    6 C        0.064777     0.017245     0.198558
     4    6 C        0.184728    -0.035507     0.069473
     5    7 N       -0.108762     0.114690    -0.269264
     6    1 H        0.028553    -0.069834    -0.016044
     7    1 H       -0.054378     0.032500     0.071254
     8    1 H       -0.116919    -0.031510    -0.023784
     9    1 H        0.091190    -0.040808    -0.076237
    10    1 H       -0.071765     0.043849     0.093318
    11    1 H       -0.019393     0.041723    -0.111191
    12    1 H       -0.005503     0.088002     0.039442
    13    1 H        0.063503    -0.044589    -0.054408
    14    7 N        0.297247    -0.152460     0.006635
    15    6 C       -0.094611     0.191507     0.012424
    16    6 C       -0.118492     0.087554    -0.147128
    17    7 N        0.047171    -0.290072     0.134101
    18    1 H        0.010653     0.000525    -0.091654
    19    1 H        0.038739     0.057537     0.080851
    20    1 H        0.108576    -0.019107     0.061679
    21    1 H       -0.020467    -0.056239    -0.110281
    22    1 H        0.002074     0.078144     0.100953
    23    1 H        0.000369    -0.123167     0.011334
    24    1 H       -0.072664     0.018383     0.061055
    25    1 H       -0.001658    -0.051160    -0.077701
    26    6 C       -0.000823     0.004194     0.002877
    27    6 C        0.004934    -0.009927    -0.015394
    28    6 C       -0.027796    -0.103708    -0.093283
    29    7 N        0.238068     0.168685    -0.023985
    30    6 C       -0.092500     0.021327     0.118626
    31    6 C       -0.005448     0.017064     0.017146
    32    1 H        0.108493     0.075903    -0.010120
    33    1 H        0.017555     0.084909     0.098669
    34    1 H       -0.091874     0.005300     0.092800
    35    1 H       -0.030342    -0.091284    -0.074271
    36    1 H        0.078293    -0.023966    -0.105441
    37    8 O        0.014819     0.018254     0.034725
    38   16 S        0.015623     0.038197    -0.047805
    39    8 O       -0.027438    -0.020489    -0.024342
    40    8 O       -0.021740    -0.026448     0.022311
    41   35 Br       0.046754    -0.019245    -0.061574
    42   17 Cl       0.008524    -0.003324    -0.013564
    43    9 F       -0.042124    -0.011606     0.023269
    44   15 P       -0.131725    -0.088389     0.101439
    45    9 F       -0.006764     0.026097     0.022413
    46    9 F       -0.030427     0.013267    -0.015086
    47   16 S        0.106472     0.033451     0.045554
    48    6 C       -0.033404    -0.007974     0.000482
    49    7 N        0.067913     0.017081     0.030486
---------------------------------------------------------
           total     1.977068    -1.362976    -4.578499
---------------------------------------------------------

[Info] JSON dump of results written to 'tblite.json'
