[Info] Molecular charge read from './.CHRG'
[Info] Molecular spin read from './.UHF'
xTB calculator
 | Coulomb electrostatics
 |  * isotropic Klopman-Ohno electrostatics
 |  * onsite third-order electrostatics
CEH guess
integral cutoff           4.0000000000000E+01 bohr

Atomic charges (in atomic units):
---------------------------------------------------------
     #    Z                 q
---------------------------------------------------------
     1  100 Fm       0.703216
     2   16 S        0.269997
     3    6 C        0.096350
     4    7 N       -0.184364
     5    6 C        0.051340
     6    6 C        0.051361
     7    7 N        0.040431
     8    6 C        0.044566
     9    6 C        0.049241
    10    7 N       -0.060553
    11    1 H        0.078504
    12    1 H        0.069546
    13    1 H        0.062826
    14    1 H        0.077643
    15    6 C        0.061757
    16    8 O       -0.207381
    17   15 P        0.567996
    18    8 O       -0.229269
    19    6 C        0.046841
    20    8 O       -0.219010
    21    6 C        0.050924
    22    1 H        0.044473
    23    1 H        0.054622
    24    1 H        0.042607
    25    1 H        0.041938
    26    1 H        0.049176
    27    1 H        0.060632
    28    1 H        0.060834
    29    1 H        0.049116
    30    1 H        0.041001
    31    8 O       -0.242779
    32    1 H        0.190596
    33    1 H        0.185825
---------------------------------------------------------

Atomic dipole moments (in atomic units):
---------------------------------------------------------
     #    Z                 x            y            z
---------------------------------------------------------
     1  100 Fm       0.051360     0.114875    -0.362035
     2   16 S        0.032207    -0.023726     0.241332
     3    6 C       -0.023136     0.019517    -0.196021
     4    7 N        0.020078    -0.010582     0.061559
     5    6 C       -0.053241    -0.038542    -0.128673
     6    6 C       -0.150691     0.030331    -0.095001
     7    7 N        0.136103    -0.110634    -0.084698
     8    6 C        0.033402     0.068504     0.162660
     9    6 C        0.109287    -0.007833     0.093386
    10    7 N       -0.192307     0.161403     0.116652
    11    1 H        0.114708    -0.029277     0.059658
    12    1 H        0.023091     0.048767     0.121503
    13    1 H       -0.113192     0.020354    -0.065686
    14    1 H       -0.016721    -0.053305    -0.120114
    15    6 C        0.169097     0.099330     0.219742
    16    8 O       -0.059124    -0.018982    -0.017609
    17   15 P       -0.128333    -0.033957    -0.008917
    18    8 O       -0.049168     0.023844    -0.040937
    19    6 C        0.135193    -0.239309     0.085551
    20    8 O       -0.028053    -0.055687    -0.004661
    21    6 C        0.020077     0.270904    -0.094539
    22    1 H        0.006292     0.095219    -0.107366
    23    1 H       -0.132198    -0.009412     0.054551
    24    1 H        0.050296    -0.128318    -0.038915
    25    1 H        0.007911    -0.003509    -0.143055
    26    1 H        0.069855     0.115222     0.057927
    27    1 H       -0.134060    -0.005214     0.051464
    28    1 H       -0.132207    -0.017668     0.053070
    29    1 H        0.099353    -0.016048     0.107486
    30    1 H        0.027072    -0.080981    -0.115522
    31    8 O        0.048539     0.075112     0.002759
    32    1 H        0.034605     0.058967     0.108505
    33    1 H        0.044298     0.073224    -0.093162
---------------------------------------------------------
           total    -1.473374     1.108831     3.195983
---------------------------------------------------------

[Info] JSON dump of results written to 'tblite.json'
