[Info] Molecular spin read from './.UHF'
xTB calculator
 | Coulomb electrostatics
 |  * isotropic Klopman-Ohno electrostatics
 |  * onsite third-order electrostatics
CEH guess
integral cutoff           4.0000000000000E+01 bohr

Atomic charges (in atomic units):
---------------------------------------------------------
     #    Z                 q
---------------------------------------------------------
     1   90 Th       0.404005
     2    3 Li       0.613474
     3    1 H       -0.281216
     4    1 H       -0.281229
     5    1 H       -0.179896
     6    1 H       -0.275138
---------------------------------------------------------

Atomic dipole moments (in atomic units):
---------------------------------------------------------
     #    Z                 x            y            z
---------------------------------------------------------
     1   90 Th       0.205580    -0.154348     0.025021
     2    3 Li       0.155032     0.298373     0.587136
     3    1 H        0.081126     0.057664    -0.181332
     4    1 H       -0.109973    -0.174828    -0.010701
     5    1 H        0.121919    -0.085456     0.017544
     6    1 H       -0.137661     0.148372     0.047041
---------------------------------------------------------
           total     2.420953     0.857460     3.912247
---------------------------------------------------------

[Info] JSON dump of results written to 'tblite.json'
