[Info] Molecular charge read from './.CHRG'
[Info] Molecular spin read from './.UHF'
xTB calculator
 | Coulomb electrostatics
 |  * isotropic Klopman-Ohno electrostatics
 |  * onsite third-order electrostatics
CEH guess
integral cutoff           4.0000000000000E+01 bohr

Atomic charges (in atomic units):
---------------------------------------------------------
     #    Z                 q
---------------------------------------------------------
     1   99 Es       1.055664
     2    7 N       -0.095073
     3    6 C       -0.005575
     4    6 C       -0.004338
     5    7 N       -0.098324
     6    1 H        0.118076
     7    1 H        0.126261
     8    1 H        0.064591
     9    1 H        0.079178
    10    1 H        0.078693
    11    1 H        0.061571
    12    1 H        0.115272
    13    1 H        0.126277
    14    6 C       -0.160534
    15    7 N       -0.138851
    16    6 C        0.056802
    17    8 O       -0.198310
    18   15 P        0.602939
    19    8 O       -0.200431
    20    6 C        0.055859
    21    8 O       -0.179263
    22    6 C        0.066874
    23    1 H        0.044139
    24    1 H        0.052309
    25    1 H        0.065962
    26    1 H        0.066277
    27    1 H        0.051700
    28    1 H        0.044755
    29    1 H        0.045468
    30    1 H        0.056885
    31    1 H        0.045144
---------------------------------------------------------

Atomic dipole moments (in atomic units):
---------------------------------------------------------
     #    Z                 x            y            z
---------------------------------------------------------
     1   99 Es       0.181956    -0.505140     0.280951
     2    7 N        0.186427     0.110985     0.172616
     3    6 C       -0.202116     0.029429    -0.086041
     4    6 C       -0.144521    -0.159695    -0.048340
     5    7 N        0.275779     0.046585     0.015845
     6    1 H       -0.014167     0.097453    -0.005379
     7    1 H       -0.022103    -0.046281     0.084338
     8    1 H        0.024346    -0.121351     0.034543
     9    1 H        0.046076     0.086886     0.074600
    10    1 H        0.120177    -0.021072    -0.012754
    11    1 H       -0.041628     0.115737    -0.040188
    12    1 H        0.040566    -0.086141     0.021795
    13    1 H        0.014870     0.038297    -0.089207
    14    6 C       -0.053946    -0.113887     0.013887
    15    7 N        0.014187     0.013108     0.003884
    16    6 C        0.187351    -0.060835    -0.210172
    17    8 O       -0.066503    -0.000999     0.020120
    18   15 P       -0.087380    -0.153112     0.016052
    19    8 O       -0.021528    -0.038130    -0.054310
    20    6 C       -0.074565     0.149652     0.234098
    21    8 O       -0.043523    -0.041469    -0.008113
    22    6 C        0.254458     0.079524     0.115880
    23    1 H       -0.107173     0.066015    -0.067223
    24    1 H        0.065407     0.087483     0.096663
    25    1 H       -0.036786    -0.124703     0.063420
    26    1 H       -0.020393    -0.139895     0.028767
    27    1 H        0.141256     0.023851    -0.027264
    28    1 H       -0.084560     0.051576    -0.103033
    29    1 H       -0.099432     0.092206     0.047260
    30    1 H       -0.021018    -0.135003     0.048535
    31    1 H        0.014278     0.006338    -0.142702
---------------------------------------------------------
           total    -2.535708    -2.586285     3.841985
---------------------------------------------------------

[Info] JSON dump of results written to 'tblite.json'
