[Info] Molecular charge read from '.CHRG'

Charge model parameter:
------------------------------------------------------
   Z          chi/Eh     kcn/Eh     eta/Eh     rad/AA
------------------------------------------------------
  90 Th       1.0989     0.0159     0.6181     0.6812
   7 N        1.5582     0.0928     0.6565     0.6998
   6 C        1.4003     0.0601     0.6166     0.9994
   1 H        1.2370     0.0492     1.0964     0.2919
   8 O        1.5687     0.1169     0.6793     0.6518
  15 P        1.5267     0.1425     0.7308     0.7313
  16 S        1.4077     0.0713     0.5171     1.1581
------------------------------------------------------

Electrostatic properties (in atomic units):
--------------------------------------------------
     #    Z              CN          q        chi
--------------------------------------------------
     1   90 Th       7.9588     0.8010     1.0540
     2    7 N        2.9153    -0.3040     1.3998
     3    6 C        3.1365     0.0490     1.2939
     4    6 C        3.0116    -0.0739     1.2961
     5    6 C        3.0214    -0.0687     1.2959
     6    6 C        3.0159    -0.0732     1.2960
     7    6 C        3.1138     0.1278     1.2943
     8    6 C        3.1143     0.1260     1.2943
     9    6 C        3.0156    -0.0738     1.2960
    10    6 C        3.0214    -0.0673     1.2959
    11    6 C        3.0115    -0.0696     1.2961
    12    6 C        3.1418     0.0534     1.2938
    13    7 N        2.9203    -0.3012     1.3996
    14    1 H        0.9930     0.1480     1.1880
    15    1 H        0.9931     0.1320     1.1880
    16    1 H        0.9929     0.1401     1.1880
    17    1 H        0.9933     0.1249     1.1880
    18    1 H        0.9933     0.1247     1.1880
    19    1 H        0.9929     0.1413     1.1880
    20    1 H        0.9931     0.1365     1.1880
    21    1 H        0.9932     0.1503     1.1880
    22    7 N        3.6567     0.1875     1.3807
    23    8 O        1.0017    -0.2728     1.4517
    24    8 O        1.9668    -0.2397     1.4047
    25    8 O        1.9362    -0.2413     1.4060
    26    6 C        4.0090    -0.0921     1.2800
    27    8 O        2.9198    -0.4021     1.3689
    28    1 H        0.9919     0.1243     1.1880
    29    1 H        0.9918     0.1384     1.1880
    30    1 H        0.9923     0.1468     1.1880
    31    1 H        1.0119     0.2370     1.1875
    32    6 C        4.1737    -0.0599     1.2776
    33    8 O        1.9884    -0.3462     1.4038
    34   15 P        4.4477     0.3493     1.2262
    35    8 O        1.9889    -0.2888     1.4038
    36    6 C        4.1398    -0.0447     1.2781
    37    8 O        1.9885    -0.3268     1.4038
    38    6 C        4.0914    -0.0569     1.2788
    39    1 H        0.9920     0.1275     1.1880
    40    1 H        0.9912     0.1444     1.1880
    41    1 H        0.9916     0.1433     1.1880
    42    1 H        0.9921     0.1493     1.1880
    43    1 H        0.9919     0.1382     1.1880
    44    1 H        0.9916     0.1361     1.1880
    45    1 H        0.9922     0.1340     1.1880
    46    1 H        0.9918     0.1474     1.1880
    47    1 H        0.9920     0.1383     1.1880
    48    6 C        0.9994     0.1162     1.3402
    49    8 O        0.9994    -0.3192     1.4518
    50    6 C        3.0139    -0.0597     1.2960
    51    6 C        3.0121    -0.0592     1.2961
    52    6 C        3.0153    -0.0513     1.2960
    53    6 C        3.0185     0.0345     1.2959
    54    6 C        3.0174    -0.0559     1.2960
    55    6 C        3.0123    -0.0674     1.2961
    56    6 C        3.1214     0.2992     1.2942
    57    8 O        1.0008    -0.4286     1.4517
    58    8 O        1.9946    -0.3321     1.4036
    59    1 H        0.9928     0.1454     1.1880
    60    1 H        0.9929     0.1503     1.1880
    61    1 H        0.9930     0.1708     1.1880
    62    1 H        0.9929     0.1537     1.1880
    63    1 H        0.9929     0.1424     1.1880
    64    7 N        3.9033    -0.7305     1.3749
    65    1 H        1.0039     0.2993     1.1877
    66    1 H        1.0030     0.3240     1.1877
    67    1 H        0.9979     0.2732     1.1878
    68   16 S        1.8871    -0.0620     1.3098
    69    6 C        2.8597     0.1622     1.2987
    70    7 N        1.7691    -0.3993     1.4348
--------------------------------------------------
     Σ                          1.0000
--------------------------------------------------

Electrostatic energy:    2.0793310663317E-02 Eh

[Info] JSON dump of results written to 'multicharge.json'
