[Info] Molecular charge read from './.CHRG'
xTB calculator
 | Coulomb electrostatics
 |  * isotropic Klopman-Ohno electrostatics
 |  * onsite third-order electrostatics
CEH guess
integral cutoff           2.3650283084401E+01 bohr

Atomic charges (in atomic units):
---------------------------------------------------------
     #    Z                 q
---------------------------------------------------------
     1   90 Th       1.130533
     2    8 O       -0.368815
     3    1 H        0.181711
     4   16 S        0.059746
     5    6 C        0.135707
     6    7 N       -0.366083
     7    6 C        0.068718
     8    8 O       -0.133777
     9    1 H        0.057972
    10    1 H        0.059070
    11    1 H        0.065598
    12    1 H        0.217731
    13    7 N        0.375053
    14    8 O       -0.079750
    15    8 O       -0.221869
    16    8 O       -0.181545
---------------------------------------------------------

Atomic dipole moments (in atomic units):
---------------------------------------------------------
     #    Z                 x            y            z
---------------------------------------------------------
     1   90 Th       0.068388    -0.289558    -0.039699
     2    8 O        0.021569    -0.028364     0.142590
     3    1 H        0.022438    -0.028964     0.169772
     4   16 S       -0.106318     0.254474    -0.076454
     5    6 C        0.065234    -0.155037     0.046866
     6    7 N       -0.049444     0.119684    -0.026623
     7    6 C       -0.135043     0.035086     0.279101
     8    8 O        0.095139     0.004702    -0.015229
     9    1 H        0.097394    -0.103089     0.018041
    10    1 H        0.056388     0.128589    -0.032629
    11    1 H       -0.097983    -0.043920    -0.104480
    12    1 H        0.104063     0.023972     0.081873
    13    7 N        0.029240     0.061223     0.058075
    14    8 O        0.069461     0.146110     0.138579
    15    8 O       -0.208467    -0.086703     0.038163
    16    8 O        0.145152    -0.049088    -0.168754
---------------------------------------------------------
           total     0.880574     1.308799     1.971642
---------------------------------------------------------

[Info] JSON dump of results written to 'tblite.json'
