[Info] Molecular spin read from './.UHF'
xTB calculator
 | Coulomb electrostatics
 |  * isotropic Klopman-Ohno electrostatics
 |  * onsite third-order electrostatics
CEH guess
integral cutoff           4.0000000000000E+01 bohr

Atomic charges (in atomic units):
---------------------------------------------------------
     #    Z                 q
---------------------------------------------------------
     1   96 Cm       0.917857
     2    9 F       -0.305889
     3    9 F       -0.305969
     4    9 F       -0.305998
---------------------------------------------------------

Atomic dipole moments (in atomic units):
---------------------------------------------------------
     #    Z                 x            y            z
---------------------------------------------------------
     1   96 Cm       0.005372     0.006678    -0.014089
     2    9 F       -0.017453    -0.025142    -0.041674
     3    9 F       -0.017678     0.048469     0.000196
     4    9 F        0.051680    -0.000204     0.000283
---------------------------------------------------------
           total    -0.418553    -0.590905     1.041166
---------------------------------------------------------

[Info] JSON dump of results written to 'tblite.json'
