xTB calculator
 | Coulomb electrostatics
 |  * isotropic Klopman-Ohno electrostatics
 |  * onsite third-order electrostatics
CEH guess
integral cutoff           2.2843592577975E+01 bohr

Atomic charges (in atomic units):
---------------------------------------------------------
     #    Z                 q
---------------------------------------------------------
     1   91 Pa       0.659621
     2    8 O       -0.529801
     3   16 S        0.466376
     4    8 O       -0.237340
     5    8 O       -0.172911
     6   16 S       -0.091877
     7    6 C        0.192556
     8    7 N       -0.259816
     9    8 O       -0.273461
    10    1 H        0.180448
    11    6 C        0.044038
    12    8 O       -0.225583
    13   15 P        0.422427
    14    8 O       -0.159780
    15    6 C        0.055612
    16    8 O       -0.219804
    17    6 C        0.041335
    18    1 H        0.033918
    19    1 H        0.040991
    20    1 H        0.032801
    21    1 H        0.053342
    22    1 H        0.032226
    23    1 H        0.038617
    24    1 H        0.040589
    25    1 H        0.039210
    26    1 H        0.028166
    27   16 S       -0.065727
    28    6 C        0.078943
    29    7 N       -0.245116
---------------------------------------------------------

Atomic dipole moments (in atomic units):
---------------------------------------------------------
     #    Z                 x            y            z
---------------------------------------------------------
     1   91 Pa      -0.136347    -0.086854     0.781847
     2    8 O       -0.001389     0.005349    -0.046294
     3   16 S       -0.080148     0.067124     0.018007
     4    8 O        0.037248    -0.037931    -0.030352
     5    8 O       -0.011692     0.023802     0.017231
     6   16 S        0.132777    -0.075366    -0.072229
     7    6 C        0.014047     0.042754     0.021568
     8    7 N        0.092248    -0.000589    -0.007367
     9    8 O        0.004171    -0.025723     0.175269
    10    1 H        0.015131    -0.007085     0.156253
    11    6 C       -0.229228     0.161356     0.048088
    12    8 O        0.080495    -0.003273     0.009533
    13   15 P       -0.011028    -0.106804     0.050002
    14    8 O       -0.080319    -0.037210    -0.048843
    15    6 C        0.159038    -0.021971     0.218966
    16    8 O        0.005285    -0.077857     0.038344
    17    6 C        0.154364     0.178085    -0.156709
    18    1 H       -0.032044    -0.134707     0.022954
    19    1 H        0.097592     0.045160     0.086224
    20    1 H        0.044665     0.017712    -0.129176
    21    1 H        0.063031     0.085717    -0.094246
    22    1 H       -0.120756     0.048153     0.054590
    23    1 H       -0.010986    -0.136844    -0.042854
    24    1 H       -0.130537     0.048806     0.018842
    25    1 H        0.065092    -0.011657     0.122531
    26    1 H        0.001872    -0.118587    -0.070604
    27   16 S       -0.171768    -0.074981    -0.005395
    28    6 C        0.000093     0.110737     0.021714
    29    7 N       -0.111101    -0.051191    -0.004186
---------------------------------------------------------
           total    -0.979273    -3.538490     2.262650
---------------------------------------------------------

[Info] JSON dump of results written to 'tblite.json'
