xTB calculator
 | Coulomb electrostatics
 |  * isotropic Klopman-Ohno electrostatics
 |  * onsite third-order electrostatics
CEH guess
integral cutoff           4.0000000000000E+01 bohr

Atomic charges (in atomic units):
---------------------------------------------------------
     #    Z                 q
---------------------------------------------------------
     1  102 No       0.715242
     2    6 C       -0.093972
     3    6 C        0.102858
     4    7 N       -0.020045
     5    1 H        0.067117
     6    1 H        0.067758
     7    1 H        0.068420
     8    6 C       -0.071546
     9    8 O       -0.497040
    10    1 H        0.019361
    11    1 H        0.019804
    12    1 H        0.014579
    13    8 O       -0.203356
    14    1 H        0.158072
    15    1 H        0.148512
    16    7 N        0.231301
    17    8 O       -0.290248
    18    8 O       -0.270674
    19    8 O       -0.275728
    20    6 C       -0.002958
    21    8 O       -0.175025
    22    1 H        0.045219
    23    1 H        0.033359
    24    1 H        0.064896
    25    1 H        0.144094
---------------------------------------------------------

Atomic dipole moments (in atomic units):
---------------------------------------------------------
     #    Z                 x            y            z
---------------------------------------------------------
     1  102 No      -0.331593     0.165491     0.025114
     2    6 C       -0.015036     0.000570     0.003178
     3    6 C        0.242231    -0.000761    -0.068361
     4    7 N       -0.023360    -0.000014     0.008528
     5    1 H        0.010202     0.100145    -0.109304
     6    1 H        0.026479    -0.138988    -0.044629
     7    1 H        0.075390     0.038165     0.121979
     8    6 C        0.048683    -0.162777    -0.137085
     9    8 O       -0.027666     0.087580     0.073483
    10    1 H        0.075918     0.007768     0.098025
    11    1 H       -0.113047    -0.006396     0.049500
    12    1 H        0.003962     0.111273    -0.053143
    13    8 O       -0.064633    -0.091024     0.039502
    14    1 H        0.009762    -0.113904    -0.015441
    15    1 H       -0.104591    -0.008617     0.052991
    16    7 N        0.017139     0.009610     0.019834
    17    8 O       -0.092436    -0.058523     0.224913
    18    8 O       -0.112199    -0.083159    -0.206853
    19    8 O        0.202879     0.142388    -0.020304
    20    6 C        0.097405    -0.099595    -0.199739
    21    8 O       -0.070805    -0.067162     0.089318
    22    1 H        0.028737    -0.085188     0.099854
    23    1 H       -0.134434     0.011472    -0.021211
    24    1 H        0.064403     0.126566     0.025885
    25    1 H       -0.018556    -0.116278     0.010051
---------------------------------------------------------
           total     1.656667     0.769781    -1.408683
---------------------------------------------------------

[Info] JSON dump of results written to 'tblite.json'
