[Info] Molecular charge read from './.CHRG'
[Info] Molecular spin read from './.UHF'
xTB calculator
 | Coulomb electrostatics
 |  * isotropic Klopman-Ohno electrostatics
 |  * onsite third-order electrostatics
CEH guess
integral cutoff           4.0000000000000E+01 bohr

Atomic charges (in atomic units):
---------------------------------------------------------
     #    Z                 q
---------------------------------------------------------
     1   95 Am       0.767454
     2    7 N       -0.055508
     3    6 C        0.029381
     4    6 C       -0.047298
     5    6 C       -0.006877
     6    6 C       -0.007695
     7    6 C        0.039254
     8    6 C        0.038778
     9    6 C       -0.007056
    10    6 C       -0.006109
    11    6 C       -0.046782
    12    6 C        0.027514
    13    7 N       -0.056869
    14    1 H        0.046522
    15    1 H        0.048880
    16    1 H        0.040703
    17    1 H        0.050587
    18    1 H        0.050442
    19    1 H        0.040518
    20    1 H        0.048229
    21    1 H        0.045410
    22    6 C        0.009122
    23    6 C       -0.014659
    24    6 C        0.023578
    25    7 N       -0.010236
    26    6 C        0.013400
    27    6 C       -0.015884
    28    1 H        0.040460
    29    1 H        0.047620
    30    1 H        0.051366
    31    1 H        0.049164
    32    1 H        0.047064
    33    8 O       -0.507956
    34    1 H        0.166710
    35   53 I       -0.169594
    36    6 C        0.034896
    37    6 C        0.023469
    38    7 N        0.013967
    39    6 C        0.020566
    40    6 C        0.035226
    41    7 N       -0.119407
    42    1 H        0.063154
    43    1 H        0.046601
    44    1 H        0.047510
    45    1 H        0.064387
---------------------------------------------------------

Atomic dipole moments (in atomic units):
---------------------------------------------------------
     #    Z                 x            y            z
---------------------------------------------------------
     1   95 Am       0.476021     0.542711     0.007439
     2    7 N        0.091808    -0.224806    -0.111906
     3    6 C       -0.067182     0.117716    -0.130246
     4    6 C       -0.010049     0.014262    -0.025824
     5    6 C       -0.001906     0.013160     0.020720
     6    6 C       -0.020902     0.056196     0.017137
     7    6 C       -0.017586     0.096074     0.145565
     8    6 C       -0.042271     0.122295     0.116435
     9    6 C       -0.000006     0.008584     0.061684
    10    6 C       -0.005749     0.018396     0.015368
    11    6 C        0.014893    -0.023600     0.012254
    12    6 C        0.065561    -0.132920     0.111134
    13    7 N        0.003783    -0.078775    -0.257541
    14    1 H        0.000942     0.042976     0.125643
    15    1 H        0.046393    -0.081876     0.099705
    16    1 H        0.041686    -0.121651    -0.037090
    17    1 H       -0.006129    -0.039280    -0.130957
    18    1 H        0.045928    -0.117062    -0.053523
    19    1 H       -0.003557    -0.020950    -0.132114
    20    1 H       -0.050875     0.101516    -0.076711
    21    1 H       -0.042352     0.111300     0.058806
    22    6 C       -0.001436     0.000686    -0.014183
    23    6 C        0.015305     0.014742    -0.014455
    24    6 C        0.078903     0.110936    -0.109544
    25    7 N        0.078204    -0.010239     0.249567
    26    6 C       -0.130574    -0.098665    -0.056018
    27    6 C       -0.018660    -0.016419    -0.007735
    28    1 H        0.040818    -0.006837     0.128035
    29    1 H       -0.066054    -0.086216     0.081375
    30    1 H       -0.100471    -0.071485    -0.048487
    31    1 H        0.051221     0.081971    -0.094409
    32    1 H        0.102646     0.080869     0.036617
    33    8 O        0.087985     0.042120    -0.072998
    34    1 H        0.112207     0.076133    -0.063530
    35   53 I       -0.093974    -0.066103     0.019565
    36    6 C        0.077952     0.136780    -0.002108
    37    6 C        0.183089     0.030347     0.017782
    38    7 N       -0.160481     0.210406    -0.016362
    39    6 C       -0.077221    -0.172475    -0.000295
    40    6 C       -0.153080    -0.039258    -0.015874
    41    7 N        0.183253    -0.239672     0.030968
    42    1 H       -0.128841    -0.013650    -0.011704
    43    1 H       -0.048077    -0.119691     0.002888
    44    1 H        0.131588     0.008832     0.012979
    45    1 H        0.046902     0.121804     0.000007
---------------------------------------------------------
           total     0.202381     0.239031    -0.615345
---------------------------------------------------------

[Info] JSON dump of results written to 'tblite.json'
