[Info] Molecular charge read from '.CHRG'

Charge model parameter:
------------------------------------------------------
   Z          chi/Eh     kcn/Eh     eta/Eh     rad/AA
------------------------------------------------------
 103 Lr       1.1371     0.0068     0.5937     0.7095
   6 C        1.4003     0.0601     0.6166     0.9994
   8 O        1.5687     0.1169     0.6793     0.6518
   7 N        1.5582     0.0928     0.6565     0.6998
   1 H        1.2370     0.0492     1.0964     0.2919
  15 P        1.5267     0.1425     0.7308     0.7313
------------------------------------------------------

Electrostatic properties (in atomic units):
--------------------------------------------------
     #    Z              CN          q        chi
--------------------------------------------------
     1  103 Lr       6.9691     0.7005     1.1193
     2    6 C        4.0840    -0.0013     1.2789
     3    6 C        3.2572     0.2816     1.2919
     4    8 O        1.0004    -0.3882     1.4517
     5    8 O        1.9870    -0.3574     1.4039
     6    7 N        3.9058    -0.5741     1.3748
     7    1 H        0.9915     0.1257     1.1880
     8    1 H        0.9915     0.1201     1.1880
     9    1 H        1.0036     0.2506     1.1877
    10    1 H        0.9968     0.2438     1.1879
    11    6 C        3.9607    -0.1799     1.2808
    12    6 C        3.1331     0.0930     1.2940
    13    6 C        3.0000    -0.0832     1.2963
    14    6 C        3.1066     0.0924     1.2944
    15    8 O        1.9722    -0.3169     1.4045
    16    6 C        3.9606    -0.1764     1.2808
    17    8 O        1.9854    -0.3510     1.4040
    18    1 H        0.9923     0.1138     1.1880
    19    1 H        0.9915     0.1218     1.1880
    20    1 H        0.9915     0.1248     1.1880
    21    1 H        0.9932     0.1144     1.1880
    22    1 H        0.9923     0.1141     1.1880
    23    1 H        0.9915     0.1303     1.1880
    24    1 H        0.9915     0.1253     1.1880
    25    6 C        3.9564    -0.2160     1.2808
    26   15 P        3.9319     0.0735     1.2441
    27    6 C        3.9562    -0.2219     1.2808
    28    6 C        3.9564    -0.2180     1.2808
    29    1 H        0.9924     0.1191     1.1880
    30    1 H        0.9940     0.1406     1.1879
    31    1 H        0.9928     0.1213     1.1880
    32    1 H        0.9923     0.1159     1.1880
    33    1 H        0.9928     0.1226     1.1880
    34    1 H        0.9930     0.1220     1.1880
    35    1 H        0.9925     0.1184     1.1880
    36    1 H        0.9930     0.1213     1.1880
    37    1 H        0.9928     0.1424     1.1880
    38    6 C        3.9583    -0.1701     1.2808
    39    6 C        2.0022     0.0704     1.3153
    40    7 N        1.9288    -0.3896     1.4293
    41    1 H        0.9918     0.1222     1.1880
    42    1 H        0.9918     0.1276     1.1880
    43    1 H        0.9918     0.1213     1.1880
    44    6 C        3.9549    -0.1955     1.2809
    45    6 C        3.9769    -0.0511     1.2805
    46    8 O        2.9216    -0.3912     1.3689
    47    1 H        0.9918     0.1188     1.1880
    48    1 H        0.9914     0.1243     1.1880
    49    1 H        0.9916     0.1321     1.1880
    50    1 H        0.9914     0.1226     1.1880
    51    1 H        0.9918     0.1459     1.1880
    52    1 H        1.0028     0.2472     1.1877
--------------------------------------------------
     Σ                          1.0000
--------------------------------------------------

Electrostatic energy:    2.3200369907974E-01 Eh

[Info] JSON dump of results written to 'multicharge.json'
