[Info] Molecular charge read from '.CHRG'

Charge model parameter:
------------------------------------------------------
   Z          chi/Eh     kcn/Eh     eta/Eh     rad/AA
------------------------------------------------------
 103 Lr       1.1371     0.0068     0.5937     0.7095
  17 Cl       1.4815     0.1368     0.7586     0.7238
  51 Sb       1.2164     0.0142     0.4795     1.0458
  34 Se       1.3649     0.0656     0.4617     1.1999
  52 Te       1.3651     0.0895     0.4850     1.0871
------------------------------------------------------

Electrostatic properties (in atomic units):
--------------------------------------------------
     #    Z              CN          q        chi
--------------------------------------------------
     1  103 Lr       3.7065     0.0533     1.1241
     2   17 Cl       0.9663    -0.7079     1.3470
     3   51 Sb       0.8605    -0.9663     1.2033
     4   34 Se       0.9853    -1.2353     1.2997
     5   52 Te       0.9057    -1.1438     1.2799
--------------------------------------------------
     Σ                         -4.0000
--------------------------------------------------

Electrostatic energy:   -2.5629146882006E+00 Eh

[Info] JSON dump of results written to 'multicharge.json'
