Charge model parameter:
------------------------------------------------------
   Z          chi/Eh     kcn/Eh     eta/Eh     rad/AA
------------------------------------------------------
  91 Pa       1.0721     0.0037     0.5511     0.7643
  17 Cl       1.4815     0.1368     0.7586     0.7238
------------------------------------------------------

Electrostatic properties (in atomic units):
--------------------------------------------------
     #    Z              CN          q        chi
--------------------------------------------------
     1   91 Pa       3.9679     0.6756     1.0647
     2   17 Cl       0.9958    -0.1689     1.3450
     3   17 Cl       0.9958    -0.1689     1.3450
     4   17 Cl       0.9958    -0.1689     1.3450
     5   17 Cl       0.9958    -0.1689     1.3450
--------------------------------------------------
     Σ                          0.0000
--------------------------------------------------

Electrostatic energy:   -9.4686875681902E-02 Eh

[Info] JSON dump of results written to 'multicharge.json'
