Charge model parameter:
------------------------------------------------------
   Z          chi/Eh     kcn/Eh     eta/Eh     rad/AA
------------------------------------------------------
  91 Pa       1.0721     0.0037     0.5511     0.7643
  17 Cl       1.4815     0.1368     0.7586     0.7238
------------------------------------------------------

Electrostatic properties (in atomic units):
--------------------------------------------------
     #    Z              CN          q        chi
--------------------------------------------------
     1   91 Pa       5.8494     0.7526     1.0631
     2   17 Cl       0.9942    -0.1235     1.3451
     3   17 Cl       0.9942    -0.1235     1.3451
     4   17 Cl       0.9958    -0.1264     1.3450
     5   17 Cl       0.9958    -0.1264     1.3450
     6   17 Cl       0.9958    -0.1264     1.3450
     7   17 Cl       0.9958    -0.1264     1.3450
--------------------------------------------------
     Σ                         -0.0000
--------------------------------------------------

Electrostatic energy:   -1.0608843488093E-01 Eh

[Info] JSON dump of results written to 'multicharge.json'
