[Info] Molecular charge read from '.CHRG'

Charge model parameter:
------------------------------------------------------
   Z          chi/Eh     kcn/Eh     eta/Eh     rad/AA
------------------------------------------------------
  96 Cm       1.1100     0.0071     0.5609     0.7515
   6 C        1.4003     0.0601     0.6166     0.9994
   8 O        1.5687     0.1169     0.6793     0.6518
   7 N        1.5582     0.0928     0.6565     0.6998
   1 H        1.2370     0.0492     1.0964     0.2919
------------------------------------------------------

Electrostatic properties (in atomic units):
--------------------------------------------------
     #    Z              CN          q        chi
--------------------------------------------------
     1   96 Cm       7.7649     0.8418     1.0902
     2    6 C        4.0276     0.0002     1.2798
     3    6 C        3.9575     0.2646     1.2808
     4    8 O        1.9198    -0.3369     1.4067
     5    8 O        1.9233    -0.3434     1.4065
     6    7 N        3.7361    -0.5809     1.3788
     7    1 H        0.9923     0.1328     1.1880
     8    1 H        0.9920     0.1304     1.1880
     9    1 H        0.9964     0.2575     1.1879
    10    1 H        0.9966     0.2616     1.1879
    11    7 N        2.9197    -0.3271     1.3996
    12    6 C        3.1084     0.0409     1.2944
    13    6 C        3.0108    -0.0737     1.2961
    14    6 C        3.0211    -0.0702     1.2959
    15    6 C        3.0146    -0.0759     1.2960
    16    6 C        3.1046     0.1187     1.2945
    17    6 C        3.1060     0.1185     1.2944
    18    6 C        3.0145    -0.0758     1.2960
    19    6 C        3.0209    -0.0688     1.2959
    20    6 C        3.0108    -0.0674     1.2961
    21    6 C        3.1226     0.0489     1.2942
    22    7 N        2.9324    -0.3319     1.3993
    23    1 H        0.9927     0.1435     1.1880
    24    1 H        0.9931     0.1325     1.1880
    25    1 H        0.9929     0.1392     1.1880
    26    1 H        0.9933     0.1234     1.1880
    27    1 H        0.9933     0.1237     1.1880
    28    1 H        0.9929     0.1408     1.1880
    29    1 H        0.9931     0.1394     1.1880
    30    1 H        0.9927     0.1610     1.1880
    31    6 C        3.0144    -0.0700     1.2960
    32    6 C        3.0121    -0.0733     1.2961
    33    6 C        3.0164    -0.0636     1.2960
    34    6 C        3.0188     0.0128     1.2959
    35    6 C        3.0161    -0.0713     1.2960
    36    6 C        3.0120    -0.0763     1.2961
    37    6 C        3.7851     0.2553     1.2834
    38    8 O        1.9358    -0.3861     1.4060
    39    8 O        1.9650    -0.3436     1.4048
    40    1 H        0.9928     0.1415     1.1880
    41    1 H        0.9929     0.1417     1.1880
    42    1 H        0.9929     0.1535     1.1880
    43    1 H        0.9929     0.1401     1.1880
    44    1 H        0.9929     0.1386     1.1880
    45    6 C        3.0744     0.0770     1.2950
    46    6 C        3.1160     0.0507     1.2943
    47    7 N        2.9266    -0.3347     1.3994
    48    6 C        3.1024     0.0385     1.2945
    49    6 C        3.0744     0.0716     1.2950
    50    7 N        2.0151    -0.3418     1.4265
    51    1 H        0.9925     0.1452     1.1880
    52    1 H        0.9927     0.1473     1.1880
    53    1 H        0.9927     0.1394     1.1880
    54    1 H        0.9925     0.1401     1.1880
--------------------------------------------------
     Σ                          1.0000
--------------------------------------------------

Electrostatic energy:    2.1060650476134E-01 Eh

[Info] JSON dump of results written to 'multicharge.json'
