Charge model parameter:
------------------------------------------------------
   Z          chi/Eh     kcn/Eh     eta/Eh     rad/AA
------------------------------------------------------
 103 Lr       1.1371     0.0068     0.5937     0.7095
  17 Cl       1.4815     0.1368     0.7586     0.7238
------------------------------------------------------

Electrostatic properties (in atomic units):
--------------------------------------------------
     #    Z              CN          q        chi
--------------------------------------------------
     1  103 Lr       2.9841     0.4430     1.1255
     2   17 Cl       0.9962    -0.1477     1.3450
     3   17 Cl       0.9962    -0.1477     1.3450
     4   17 Cl       0.9962    -0.1477     1.3450
--------------------------------------------------
     Σ                          0.0000
--------------------------------------------------

Electrostatic energy:   -4.8615317637517E-02 Eh

[Info] JSON dump of results written to 'multicharge.json'
