[Info] Molecular charge read from './.CHRG'
[Info] Molecular spin read from './.UHF'
xTB calculator
 | Coulomb electrostatics
 |  * isotropic Klopman-Ohno electrostatics
 |  * onsite third-order electrostatics
CEH guess
integral cutoff           3.7432403240289E+01 bohr

Atomic charges (in atomic units):
---------------------------------------------------------
     #    Z                 q
---------------------------------------------------------
     1   93 Np       0.884004
     2   17 Cl      -0.059742
     3    6 C        0.172580
     4    8 O        0.219736
     5    8 O       -0.365183
     6    1 H        0.254769
     7    6 C       -0.081414
     8   15 P        0.490108
     9    8 O       -0.346538
    10    6 C       -0.097805
    11    6 C       -0.085716
    12    1 H        0.099213
    13    1 H        0.072495
    14    1 H        0.071052
    15    1 H        0.095957
    16    1 H        0.070064
    17    1 H        0.065702
    18    1 H        0.097251
    19    1 H        0.069572
    20    1 H        0.073018
    21    7 N       -0.139344
    22    1 H        0.145446
    23    1 H        0.151138
    24    1 H        0.143635
---------------------------------------------------------

Atomic dipole moments (in atomic units):
---------------------------------------------------------
     #    Z                 x            y            z
---------------------------------------------------------
     1   93 Np       0.323493     0.082233     0.534200
     2   17 Cl       0.002110     0.006246     0.004235
     3    6 C        0.002080    -0.052257     0.060419
     4    8 O       -0.012448    -0.078646     0.045487
     5    8 O       -0.056248    -0.075549    -0.096921
     6    1 H       -0.061439    -0.084635    -0.119770
     7    6 C        0.035544     0.011817    -0.014643
     8   15 P       -0.021649     0.013320     0.003734
     9    8 O       -0.029014     0.023570     0.009208
    10    6 C        0.018827    -0.017212     0.025122
    11    6 C        0.000155    -0.032707    -0.022068
    12    1 H       -0.124703     0.096303     0.010248
    13    1 H        0.036651    -0.052294     0.145560
    14    1 H       -0.037352    -0.121447    -0.095623
    15    1 H       -0.116640     0.101875     0.010086
    16    1 H       -0.045354    -0.122014    -0.092406
    17    1 H        0.128967     0.071958    -0.060573
    18    1 H       -0.120096     0.100124     0.012975
    19    1 H        0.123552     0.076637    -0.065449
    20    1 H        0.036799    -0.055522     0.144700
    21    7 N        0.247512    -0.042864    -0.074780
    22    1 H        0.000516    -0.118391    -0.041483
    23    1 H        0.077092     0.019383     0.099416
    24    1 H        0.020998     0.084053    -0.090776
---------------------------------------------------------
           total    -1.244052     0.249768     2.141442
---------------------------------------------------------

[Info] JSON dump of results written to 'tblite.json'
