[Info] Molecular charge read from './.CHRG'
xTB calculator
 | Coulomb electrostatics
 |  * isotropic Klopman-Ohno electrostatics
 |  * onsite third-order electrostatics
CEH guess
integral cutoff           2.9545082850997E+01 bohr

Atomic charges (in atomic units):
---------------------------------------------------------
     #    Z                 q
---------------------------------------------------------
     1   90 Th       1.103987
     2   53 I       -0.140302
     3    9 F       -0.262492
     4    6 C       -0.112772
     5   15 P        0.214834
     6    6 C       -0.094840
     7    6 C       -0.102736
     8    1 H        0.054007
     9    1 H        0.064536
    10    1 H        0.061554
    11    1 H        0.055397
    12    1 H        0.067577
    13    1 H        0.063862
    14    1 H        0.056834
    15    1 H        0.059221
    16    1 H        0.067832
    17    6 C        0.065090
    18    6 C       -0.008572
    19    6 C        0.091641
    20    7 N       -0.016492
    21    6 C        0.083611
    22    6 C       -0.008601
    23    1 H        0.052579
    24    1 H        0.064536
    25    1 H        0.065447
    26    1 H        0.059216
    27    1 H        0.063685
    28    8 O       -0.172587
    29    1 H        0.249348
    30    1 H        0.254599
---------------------------------------------------------

Atomic dipole moments (in atomic units):
---------------------------------------------------------
     #    Z                 x            y            z
---------------------------------------------------------
     1   90 Th      -0.526547    -0.235333     0.025706
     2   53 I        0.100953    -0.026070    -0.078368
     3    9 F       -0.027220     0.032314     0.088540
     4    6 C       -0.049973    -0.012077    -0.025180
     5   15 P        0.017812     0.164129    -0.039793
     6    6 C       -0.004148    -0.006355     0.062755
     7    6 C        0.045461    -0.034017    -0.017815
     8    1 H        0.022784     0.141967    -0.033331
     9    1 H        0.115642    -0.088480    -0.056038
    10    1 H       -0.013463    -0.015855     0.154475
    11    1 H        0.034393     0.146065    -0.005091
    12    1 H       -0.131167    -0.026269    -0.080224
    13    1 H        0.115570    -0.086189    -0.057915
    14    1 H        0.054633     0.136574    -0.027257
    15    1 H       -0.020485    -0.020860     0.152754
    16    1 H       -0.134921    -0.018299    -0.075033
    17    6 C        0.016947     0.009977     0.011057
    18    6 C        0.002167     0.019096     0.028650
    19    6 C       -0.023054     0.108890     0.166370
    20    7 N       -0.171008    -0.081164    -0.095749
    21    6 C        0.182372    -0.024023    -0.072571
    22    6 C        0.034416     0.000357    -0.006930
    23    1 H       -0.107961    -0.054885    -0.060794
    24    1 H        0.021544    -0.073802    -0.113973
    25    1 H        0.119195    -0.018577    -0.051763
    26    1 H       -0.017393     0.069510     0.109793
    27    1 H       -0.123202     0.021756     0.056787
    28    8 O        0.046051    -0.029899     0.052333
    29    1 H       -0.009347    -0.009409     0.137710
    30    1 H        0.113414    -0.078546    -0.015858
---------------------------------------------------------
           total    -1.707586    -1.421058     1.644479
---------------------------------------------------------

[Info] JSON dump of results written to 'tblite.json'
