[Info] Molecular charge read from '.CHRG'

Charge model parameter:
------------------------------------------------------
   Z          chi/Eh     kcn/Eh     eta/Eh     rad/AA
------------------------------------------------------
  90 Th       1.0989     0.0159     0.6181     0.6812
   6 C        1.4003     0.0601     0.6166     0.9994
   8 O        1.5687     0.1169     0.6793     0.6518
   1 H        1.2370     0.0492     1.0964     0.2919
   7 N        1.5582     0.0928     0.6565     0.6998
------------------------------------------------------

Electrostatic properties (in atomic units):
--------------------------------------------------
     #    Z              CN          q        chi
--------------------------------------------------
     1   90 Th       4.5751     0.8353     1.0649
     2    6 C        4.1678    -0.0144     1.2777
     3    6 C        3.9803    -0.0859     1.2805
     4    6 C        3.9833    -0.0859     1.2804
     5    6 C        4.0778    -0.0132     1.2790
     6    8 O        2.9373    -0.2697     1.3683
     7    1 H        0.9917     0.1721     1.1880
     8    1 H        0.9924     0.1716     1.1880
     9    1 H        0.9916     0.1804     1.1880
    10    1 H        0.9919     0.1833     1.1880
    11    1 H        0.9919     0.1846     1.1880
    12    1 H        0.9916     0.1777     1.1880
    13    1 H        0.9917     0.1789     1.1880
    14    1 H        0.9919     0.1763     1.1880
    15    7 N        2.0023    -0.2426     1.4269
    16    7 N        2.1564     0.1271     1.4219
    17    7 N        1.0045    -0.0646     1.4652
    18    6 C        3.9572    -0.0701     1.2808
    19    6 C        2.0309     0.1828     1.3147
    20    7 N        1.9749    -0.2876     1.4278
    21    1 H        0.9913     0.2022     1.1880
    22    1 H        0.9913     0.1972     1.1880
    23    1 H        0.9913     0.2008     1.1880
    24    6 C        1.1478     0.2835     1.3359
    25    7 N        1.9961    -0.3199     1.4271
--------------------------------------------------
     Σ                          2.0000
--------------------------------------------------

Electrostatic energy:    1.0365746575428E+00 Eh

[Info] JSON dump of results written to 'multicharge.json'
