[Info] Molecular charge read from '.CHRG'

Charge model parameter:
------------------------------------------------------
   Z          chi/Eh     kcn/Eh     eta/Eh     rad/AA
------------------------------------------------------
  97 Bk       1.1683     0.0046     0.5532     0.7618
   6 C        1.4003     0.0601     0.6166     0.9994
   7 N        1.5582     0.0928     0.6565     0.6998
   1 H        1.2370     0.0492     1.0964     0.2919
   8 O        1.5687     0.1169     0.6793     0.6518
  16 S        1.4077     0.0713     0.5171     1.1581
------------------------------------------------------

Electrostatic properties (in atomic units):
--------------------------------------------------
     #    Z              CN          q        chi
--------------------------------------------------
     1   97 Bk       4.4402     0.6598     1.1586
     2    6 C        3.0706     0.0953     1.2951
     3    6 C        3.1957     0.0640     1.2929
     4    7 N        2.9630    -0.3274     1.3985
     5    6 C        3.1131     0.0576     1.2943
     6    6 C        3.0707     0.0955     1.2951
     7    7 N        2.0160    -0.3156     1.4264
     8    1 H        0.9926     0.1637     1.1880
     9    1 H        0.9929     0.1520     1.1880
    10    1 H        0.9926     0.1439     1.1880
    11    1 H        0.9926     0.1631     1.1880
    12    8 O        1.9919    -0.4824     1.4037
    13    1 H        1.0096     0.3240     1.1876
    14    6 C        3.0230    -0.0475     1.2959
    15    6 C        3.0096    -0.0522     1.2961
    16    6 C        3.2159     0.0617     1.2926
    17    7 N        2.9681    -0.3302     1.3983
    18    6 C        3.1279     0.0564     1.2941
    19    6 C        3.0097    -0.0516     1.2961
    20    1 H        0.9928     0.1578     1.1880
    21    1 H        0.9930     0.1532     1.1880
    22    1 H        0.9931     0.1527     1.1880
    23    1 H        0.9925     0.1478     1.1880
    24    1 H        0.9930     0.1528     1.1880
    25   16 S        1.0141     0.0147     1.3359
    26    6 C        2.0988     0.1865     1.3133
    27    7 N        2.0100    -0.3954     1.4266
--------------------------------------------------
     Σ                          1.0000
--------------------------------------------------

Electrostatic energy:    4.0563515513086E-01 Eh

[Info] JSON dump of results written to 'multicharge.json'
