[Info] Molecular spin read from './.UHF'
xTB calculator
 | Coulomb electrostatics
 |  * isotropic Klopman-Ohno electrostatics
 |  * onsite third-order electrostatics
CEH guess
integral cutoff           4.0000000000000E+01 bohr

Atomic charges (in atomic units):
---------------------------------------------------------
     #    Z                 q
---------------------------------------------------------
     1   98 Cf       0.643405
     2   53 I       -0.322432
     3   53 I       -0.320974
---------------------------------------------------------

Atomic dipole moments (in atomic units):
---------------------------------------------------------
     #    Z                 x            y            z
---------------------------------------------------------
     1   98 Cf      -0.149433    -0.420323     0.225230
     2   53 I        0.059131    -0.008142    -0.033032
     3   53 I       -0.043664     0.051155     0.009878
---------------------------------------------------------
           total    -0.656566    -1.828029     0.983567
---------------------------------------------------------

[Info] JSON dump of results written to 'tblite.json'
