[Info] Molecular charge read from '.CHRG'

Charge model parameter:
------------------------------------------------------
   Z          chi/Eh     kcn/Eh     eta/Eh     rad/AA
------------------------------------------------------
  89 Ac       1.0458     0.0047     0.6519     0.6470
   6 C        1.4003     0.0601     0.6166     0.9994
   8 O        1.5687     0.1169     0.6793     0.6518
   1 H        1.2370     0.0492     1.0964     0.2919
   7 N        1.5582     0.0928     0.6565     0.6998
------------------------------------------------------

Electrostatic properties (in atomic units):
--------------------------------------------------
     #    Z              CN          q        chi
--------------------------------------------------
     1   89 Ac       5.8651     0.7431     1.0344
     2    6 C        3.9609    -0.1663     1.2808
     3    6 C        3.2318     0.1068     1.2923
     4    6 C        3.0114    -0.0740     1.2961
     5    6 C        3.2009     0.1044     1.2928
     6    8 O        1.9880    -0.3254     1.4038
     7    6 C        3.9605    -0.1674     1.2808
     8    8 O        1.9922    -0.3213     1.4037
     9    1 H        0.9924     0.1211     1.1880
    10    1 H        0.9916     0.1381     1.1880
    11    1 H        0.9915     0.1375     1.1880
    12    1 H        0.9933     0.1207     1.1880
    13    1 H        0.9924     0.1211     1.1880
    14    1 H        0.9915     0.1377     1.1880
    15    1 H        0.9916     0.1351     1.1880
    16    6 C        3.9605    -0.1703     1.2808
    17    6 C        3.1901     0.1029     1.2930
    18    6 C        3.0101    -0.0731     1.2961
    19    6 C        3.2210     0.1069     1.2925
    20    8 O        1.9916    -0.3218     1.4037
    21    6 C        3.9608    -0.1660     1.2808
    22    8 O        1.9861    -0.3302     1.4039
    23    1 H        0.9923     0.1211     1.1880
    24    1 H        0.9915     0.1361     1.1880
    25    1 H        0.9915     0.1298     1.1880
    26    1 H        0.9933     0.1206     1.1880
    27    1 H        0.9923     0.1212     1.1880
    28    1 H        0.9915     0.1382     1.1880
    29    1 H        0.9916     0.1382     1.1880
    30    6 C        3.0712     0.0787     1.2950
    31    6 C        3.1302     0.0443     1.2940
    32    7 N        2.9361    -0.3355     1.3992
    33    6 C        3.1783     0.0476     1.2932
    34    6 C        3.0713     0.0766     1.2950
    35    7 N        2.0158    -0.3366     1.4264
    36    1 H        0.9925     0.1467     1.1880
    37    1 H        0.9925     0.1317     1.1880
    38    1 H        0.9931     0.1373     1.1880
    39    1 H        0.9925     0.1447     1.1880
--------------------------------------------------
     Σ                          1.0000
--------------------------------------------------

Electrostatic energy:    3.1737895664067E-01 Eh

[Info] JSON dump of results written to 'multicharge.json'
