Charge model parameter:
------------------------------------------------------
   Z          chi/Eh     kcn/Eh     eta/Eh     rad/AA
------------------------------------------------------
  95 Am       1.0010     0.0051     0.6915     0.6095
   4 Be       0.9967    -0.0267     0.6200     0.8028
   8 O        1.5687     0.1169     0.6793     0.6518
------------------------------------------------------

Electrostatic properties (in atomic units):
--------------------------------------------------
     #    Z              CN          q        chi
--------------------------------------------------
     1   95 Am       3.5463     0.7428     0.9914
     2    4 Be       0.7788     0.3465     1.0202
     3    4 Be       0.7782     0.3464     1.0202
     4    8 O        0.9994    -0.7221     1.4518
     5    8 O        0.9994    -0.7136     1.4518
--------------------------------------------------
     Σ                         -0.0000
--------------------------------------------------

Electrostatic energy:   -3.2050078028362E-01 Eh

[Info] JSON dump of results written to 'multicharge.json'
