[Info] Molecular charge read from './.CHRG'
[Info] Molecular spin read from './.UHF'
xTB calculator
 | Coulomb electrostatics
 |  * isotropic Klopman-Ohno electrostatics
 |  * onsite third-order electrostatics
CEH guess
integral cutoff           4.0000000000000E+01 bohr

Atomic charges (in atomic units):
---------------------------------------------------------
     #    Z                 q
---------------------------------------------------------
     1   95 Am       0.762840
     2    6 C       -0.015219
     3    6 C       -0.038732
     4    6 C       -0.004819
     5    6 C       -0.004669
     6    6 C       -0.010715
     7    6 C       -0.041083
     8    6 C        0.193438
     9    8 O       -0.179816
    10    8 O       -0.215072
    11    1 H        0.042020
    12    1 H        0.038180
    13    1 H        0.033707
    14    1 H        0.028788
    15    1 H        0.036263
    16    6 C       -0.117414
    17   15 P        0.191402
    18    6 C       -0.102567
    19    6 C       -0.121554
    20    1 H        0.041727
    21    1 H        0.047711
    22    1 H        0.049058
    23    1 H        0.044975
    24    1 H        0.047737
    25    1 H        0.050381
    26    1 H        0.039046
    27    1 H        0.049967
    28    1 H        0.046982
    29    6 C       -0.018915
    30    6 C       -0.045311
    31    6 C       -0.016719
    32    6 C       -0.016799
    33    6 C        0.011764
    34    6 C       -0.038546
    35    6 C        0.287035
    36    8 O       -0.124345
    37    8 O       -0.107921
    38    1 H        0.041262
    39    1 H        0.035595
    40    1 H        0.024664
    41    1 H        0.046630
    42    1 H        0.041588
    43    1 H        0.200126
    44   17 Cl      -0.212669
---------------------------------------------------------

Atomic dipole moments (in atomic units):
---------------------------------------------------------
     #    Z                 x            y            z
---------------------------------------------------------
     1   95 Am       0.254690    -0.369064     0.286977
     2    6 C       -0.019186    -0.002545    -0.001310
     3    6 C        0.000497    -0.015333    -0.007370
     4    6 C       -0.025649    -0.022021    -0.011579
     5    6 C       -0.032271    -0.003833    -0.001499
     6    6 C       -0.029039     0.015394     0.007826
     7    6 C       -0.002935     0.013510     0.007075
     8    6 C       -0.058846    -0.014207    -0.009091
     9    8 O        0.051835    -0.075023    -0.038844
    10    8 O        0.040054     0.078584     0.045429
    11    1 H        0.134806     0.005431     0.006040
    12    1 H        0.059120     0.104791     0.056906
    13    1 H       -0.078283     0.103119     0.051348
    14    1 H       -0.065662    -0.106998    -0.059353
    15    1 H        0.071648    -0.099028    -0.051607
    16    6 C       -0.031425     0.016479    -0.023007
    17   15 P       -0.037408     0.075623     0.156846
    18    6 C        0.043847     0.008504    -0.012397
    19    6 C       -0.004958    -0.037720     0.018958
    20    1 H       -0.014948     0.102136     0.111363
    21    1 H        0.140430     0.011688    -0.072673
    22    1 H       -0.021304    -0.147926     0.054296
    23    1 H        0.010561     0.096623     0.118420
    24    1 H       -0.027548    -0.147467     0.049389
    25    1 H       -0.114888     0.044239    -0.098723
    26    1 H       -0.007029     0.075804     0.131577
    27    1 H       -0.112423     0.046015    -0.103703
    28    1 H        0.142608     0.010167    -0.069901
    29    6 C        0.008889     0.007409     0.015842
    30    6 C       -0.002627    -0.012731     0.008509
    31    6 C        0.007938    -0.016088     0.037178
    32    6 C        0.017383     0.010384     0.035594
    33    6 C        0.021199     0.040459     0.020336
    34    6 C        0.002652     0.014878    -0.005057
    35    6 C       -0.028977    -0.065719     0.100206
    36    8 O       -0.061372    -0.060786    -0.028019
    37    8 O       -0.034973    -0.004622    -0.097052
    38    1 H       -0.055515    -0.022308    -0.120373
    39    1 H       -0.000606     0.099223    -0.089486
    40    1 H        0.050054     0.124625     0.024365
    41    1 H        0.003395    -0.110105     0.084432
    42    1 H       -0.052165    -0.120458    -0.027416
    43    1 H       -0.089105    -0.064814    -0.050337
    44   17 Cl       0.011632    -0.018791     0.016602
---------------------------------------------------------
           total    -0.772733    -3.407787     3.145160
---------------------------------------------------------

[Info] JSON dump of results written to 'tblite.json'
