[Info] Molecular charge read from './.CHRG'
[Info] Molecular spin read from './.UHF'
xTB calculator
 | Coulomb electrostatics
 |  * isotropic Klopman-Ohno electrostatics
 |  * onsite third-order electrostatics
CEH guess
integral cutoff           2.8984055884551E+01 bohr

Atomic charges (in atomic units):
---------------------------------------------------------
     #    Z                 q
---------------------------------------------------------
     1   92 U        0.538642
     2    8 O       -0.182123
     3    1 H        0.226181
     4    1 H        0.243700
     5    6 C        0.068699
     6    8 O       -0.138659
     7    1 H        0.062280
     8    1 H        0.062456
     9    1 H        0.059267
    10    1 H        0.219789
    11    6 C        0.001126
    12    6 C       -0.037179
    13    6 C        0.007734
    14    6 C       -0.002348
    15    6 C        0.009295
    16    6 C       -0.037048
    17    6 C        0.249032
    18    8 O       -0.242676
    19    8 O       -0.251610
    20    1 H        0.050643
    21    1 H        0.048225
    22    1 H        0.035236
    23    1 H        0.036809
    24    1 H        0.048563
    25    8 O       -0.184966
    26    1 H        0.238449
    27    1 H        0.243465
    28   16 S        0.365804
    29    6 C        0.190291
    30    7 N       -0.327091
    31    6 C       -0.075615
    32    6 C        0.101033
    33    8 O       -0.129729
    34    1 H        0.087132
    35    1 H        0.030432
    36    1 H        0.028645
    37    1 H        0.066012
    38    1 H        0.065840
    39    1 H        0.224266
---------------------------------------------------------

Atomic dipole moments (in atomic units):
---------------------------------------------------------
     #    Z                 x            y            z
---------------------------------------------------------
     1   92 U        0.357874    -0.175348     0.781887
     2    8 O        0.020149     0.092185    -0.005876
     3    1 H        0.079478     0.056143     0.083568
     4    1 H       -0.047972     0.099252    -0.076083
     5    6 C       -0.065519     0.290771    -0.122325
     6    8 O       -0.024882    -0.094948    -0.038778
     7    1 H        0.071220    -0.071993    -0.100911
     8    1 H       -0.126501    -0.061970     0.031721
     9    1 H        0.085965     0.018134     0.121552
    10    1 H       -0.063428    -0.021029    -0.108853
    11    6 C       -0.017170     0.004133    -0.022792
    12    6 C       -0.006421     0.018426    -0.004726
    13    6 C       -0.023771     0.041613    -0.030688
    14    6 C       -0.018008     0.005832    -0.033290
    15    6 C       -0.026077    -0.028567    -0.042574
    16    6 C       -0.007863    -0.015908    -0.009846
    17    6 C       -0.073464     0.012470    -0.089454
    18    8 O        0.009161    -0.096544     0.017553
    19    8 O        0.020295     0.082323     0.047717
    20    1 H        0.078614    -0.021314     0.108241
    21    1 H        0.035207    -0.125269     0.034063
    22    1 H       -0.042109    -0.106294    -0.074299
    23    1 H       -0.033733     0.127758    -0.034435
    24    1 H        0.043294     0.104071     0.073346
    25    8 O        0.078378    -0.008215    -0.059113
    26    1 H        0.120567    -0.040180     0.029258
    27    1 H        0.006838     0.028854    -0.127745
    28   16 S       -0.151910     0.080177    -0.319588
    29    6 C        0.126123    -0.067084     0.268123
    30    7 N       -0.083016     0.038160    -0.167435
    31    6 C       -0.057982     0.023905    -0.079803
    32    6 C        0.137064     0.034868    -0.257349
    33    8 O       -0.089468     0.003314     0.041320
    34    1 H       -0.046011    -0.021953     0.131990
    35    1 H        0.090008     0.115808     0.005794
    36    1 H        0.056414    -0.127489    -0.045639
    37    1 H       -0.051474     0.112698     0.045182
    38    1 H       -0.082601    -0.102647    -0.000760
    39    1 H       -0.109854     0.027657    -0.063441
---------------------------------------------------------
           total    -1.333802     1.586854    -6.864647
---------------------------------------------------------

[Info] JSON dump of results written to 'tblite.json'
