[Info] Molecular charge read from '.CHRG'

Charge model parameter:
------------------------------------------------------
   Z          chi/Eh     kcn/Eh     eta/Eh     rad/AA
------------------------------------------------------
  89 Ac       1.0458     0.0047     0.6519     0.6470
   7 N        1.5582     0.0928     0.6565     0.6998
   6 C        1.4003     0.0601     0.6166     0.9994
   1 H        1.2370     0.0492     1.0964     0.2919
   8 O        1.5687     0.1169     0.6793     0.6518
  35 Br       1.3980     0.0801     0.3934     1.5631
------------------------------------------------------

Electrostatic properties (in atomic units):
--------------------------------------------------
     #    Z              CN          q        chi
--------------------------------------------------
     1   89 Ac       7.3598     0.7213     1.0330
     2    7 N        3.9106    -0.5678     1.3747
     3    6 C        4.0613    -0.0243     1.2793
     4    6 C        4.1018    -0.0265     1.2787
     5    7 N        3.8987    -0.5651     1.3750
     6    1 H        1.0104     0.2552     1.1875
     7    1 H        1.0313     0.2467     1.1870
     8    1 H        0.9912     0.1160     1.1880
     9    1 H        0.9912     0.1285     1.1880
    10    1 H        0.9913     0.1307     1.1880
    11    1 H        0.9912     0.1148     1.1880
    12    1 H        1.0067     0.2500     1.1876
    13    1 H        1.0029     0.2459     1.1877
    14    6 C        3.0152    -0.0683     1.2960
    15    6 C        3.0117    -0.0734     1.2961
    16    6 C        3.0192    -0.0627     1.2959
    17    6 C        3.0185     0.0076     1.2959
    18    6 C        3.0145    -0.0764     1.2960
    19    6 C        3.0114    -0.0718     1.2961
    20    6 C        3.4989     0.2355     1.2880
    21    8 O        1.9214    -0.3223     1.4066
    22    8 O        2.6793    -0.3797     1.3773
    23    1 H        0.9929     0.1421     1.1880
    24    1 H        0.9930     0.1404     1.1880
    25    1 H        0.9930     0.1480     1.1880
    26    1 H        0.9925     0.1311     1.1880
    27    1 H        0.9930     0.1416     1.1880
    28    1 H        0.9931     0.2387     1.1880
    29    6 C        3.0146    -0.0684     1.2960
    30    6 C        3.0121    -0.0731     1.2961
    31    6 C        3.0164    -0.0637     1.2960
    32    6 C        3.0190     0.0160     1.2959
    33    6 C        3.0165    -0.0637     1.2960
    34    6 C        3.0120    -0.0727     1.2961
    35    6 C        3.8616     0.2615     1.2823
    36    8 O        1.9778    -0.3480     1.4043
    37    8 O        1.9724    -0.3269     1.4045
    38    1 H        0.9928     0.1424     1.1880
    39    1 H        0.9929     0.1407     1.1880
    40    1 H        0.9930     0.1500     1.1880
    41    1 H        0.9930     0.1490     1.1880
    42    1 H        0.9929     0.1414     1.1880
    43   35 Br       0.9929    -0.1403     1.3182
--------------------------------------------------
     Σ                          1.0000
--------------------------------------------------

Electrostatic energy:    2.6421005437586E-01 Eh

[Info] JSON dump of results written to 'multicharge.json'
