[Info] Molecular charge read from './.CHRG'
[Info] Molecular spin read from './.UHF'
xTB calculator
 | Coulomb electrostatics
 |  * isotropic Klopman-Ohno electrostatics
 |  * onsite third-order electrostatics
CEH guess
integral cutoff           4.0000000000000E+01 bohr

Atomic charges (in atomic units):
---------------------------------------------------------
     #    Z                 q
---------------------------------------------------------
     1   98 Cf       0.962177
     2    6 C       -0.091513
     3    6 C        0.117587
     4    6 C       -0.170494
     5    6 C        0.117728
     6    8 O       -0.242662
     7    6 C       -0.090410
     8    8 O       -0.230735
     9    1 H        0.047027
    10    1 H        0.050039
    11    1 H        0.048948
    12    1 H        0.047464
    13    1 H        0.050235
    14    1 H        0.048382
    15    1 H        0.044552
    16    6 C       -0.084610
    17    6 C        0.033366
    18    8 O       -0.157226
    19    1 H        0.058893
    20    1 H        0.039701
    21    1 H        0.026306
    22    1 H        0.047981
    23    1 H        0.060398
    24    1 H        0.152444
    25    6 C       -0.161404
    26    7 N       -0.209197
    27    6 C        0.003944
    28    6 C       -0.054826
    29    6 C       -0.049913
    30    6 C       -0.000336
    31    8 O       -0.075257
    32    1 H        0.042585
    33    1 H        0.059338
    34    1 H        0.033664
    35    1 H        0.067657
    36    1 H        0.064910
    37    1 H        0.037699
    38    1 H        0.034274
    39    1 H        0.063574
    40    6 C        0.016383
    41    6 C       -0.015605
    42    6 C        0.010321
    43    7 N       -0.009779
    44    6 C        0.028312
    45    6 C       -0.013423
    46    1 H        0.040112
    47    1 H        0.042773
    48    1 H        0.049849
    49    1 H        0.064219
    50    1 H        0.044547
---------------------------------------------------------

Atomic dipole moments (in atomic units):
---------------------------------------------------------
     #    Z                 x            y            z
---------------------------------------------------------
     1   98 Cf       0.219501     0.588097    -0.001784
     2    6 C       -0.077722     0.007421     0.018716
     3    6 C       -0.048469    -0.039318    -0.120674
     4    6 C       -0.025820    -0.014097    -0.022761
     5    6 C       -0.134597    -0.019221    -0.048074
     6    8 O        0.071685     0.008672     0.042624
     7    6 C        0.019700    -0.017015    -0.073727
     8    8 O        0.042924     0.016747     0.067707
     9    1 H        0.071781     0.035386     0.121634
    10    1 H        0.021316     0.089026    -0.110625
    11    1 H        0.014348    -0.135641    -0.040406
    12    1 H        0.092222     0.025205     0.091050
    13    1 H        0.124836     0.031813     0.069704
    14    1 H       -0.065628    -0.117192     0.045839
    15    1 H       -0.092601     0.108737    -0.012758
    16    6 C       -0.092488    -0.021708     0.047465
    17    6 C       -0.104365    -0.187915    -0.131798
    18    8 O        0.074851     0.075976    -0.066911
    19    1 H        0.075668     0.103048     0.058103
    20    1 H       -0.027508     0.034187    -0.139395
    21    1 H        0.061638    -0.131336     0.015727
    22    1 H       -0.057116     0.113127    -0.012600
    23    1 H        0.030467    -0.027573     0.130318
    24    1 H        0.005018     0.002021    -0.122633
    25    6 C        0.041137     0.041172     0.075116
    26    7 N       -0.010957     0.002418    -0.019166
    27    6 C       -0.227637     0.041747     0.029221
    28    6 C       -0.051852     0.099211     0.050768
    29    6 C        0.049206     0.020976     0.115917
    30    6 C        0.221600     0.008756     0.058407
    31    8 O       -0.004360    -0.091217    -0.092767
    32    1 H        0.063317     0.087197    -0.067237
    33    1 H        0.071098    -0.059799     0.095016
    34    1 H       -0.033088    -0.102599     0.075812
    35    1 H        0.088083    -0.014175    -0.100536
    36    1 H       -0.086479    -0.094085    -0.038756
    37    1 H        0.030468     0.096880    -0.084415
    38    1 H       -0.055305    -0.092323     0.067563
    39    1 H       -0.072191     0.110982    -0.032819
    40    6 C        0.014375     0.000861    -0.001154
    41    6 C        0.013690    -0.025650     0.000073
    42    6 C        0.065629    -0.148809    -0.011918
    43    7 N       -0.237145     0.032938     0.012832
    44    6 C        0.103646     0.136837    -0.006899
    45    6 C        0.016383     0.022385     0.000120
    46    1 H       -0.133041     0.018450     0.013067
    47    1 H       -0.042822     0.126397     0.007645
    48    1 H        0.087189     0.098493    -0.007522
    49    1 H        0.058160    -0.121917    -0.011644
    50    1 H       -0.076094    -0.110938     0.004484
---------------------------------------------------------
           total    -1.061844     2.323825    -1.389044
---------------------------------------------------------

[Info] JSON dump of results written to 'tblite.json'
