[Info] Molecular charge read from './.CHRG'
[Info] Molecular spin read from './.UHF'
xTB calculator
 | Coulomb electrostatics
 |  * isotropic Klopman-Ohno electrostatics
 |  * onsite third-order electrostatics
CEH guess
integral cutoff           4.0000000000000E+01 bohr

Atomic charges (in atomic units):
---------------------------------------------------------
     #    Z                 q
---------------------------------------------------------
     1   97 Bk       0.755243
     2    8 O       -0.445625
     3    1 H        0.193669
     4    7 N       -0.105061
     5    1 H        0.108601
     6    1 H        0.112935
     7    1 H        0.113570
     8   53 I       -0.029824
     9    6 C        0.017295
    10    6 C       -0.064182
    11    6 C       -0.057792
    12    6 C        0.022728
    13    8 O       -0.065232
    14    1 H        0.042526
    15    1 H        0.072522
    16    1 H        0.037476
    17    1 H        0.075744
    18    1 H        0.068932
    19    1 H        0.041974
    20    1 H        0.046258
    21    1 H        0.058244
---------------------------------------------------------

Atomic dipole moments (in atomic units):
---------------------------------------------------------
     #    Z                 x            y            z
---------------------------------------------------------
     1   97 Bk      -0.366104    -0.580670     0.378852
     2    8 O        0.020410     0.015650     0.109571
     3    1 H        0.021192     0.011720     0.147144
     4    7 N        0.282807    -0.128409    -0.068135
     5    1 H       -0.017849    -0.113574    -0.004582
     6    1 H        0.066348     0.032973     0.089528
     7    1 H        0.029865     0.050952    -0.099809
     8   53 I        0.036015     0.125962    -0.050441
     9    6 C        0.094624     0.095021    -0.203600
    10    6 C        0.068277    -0.060864    -0.087268
    11    6 C        0.105352    -0.051776     0.058719
    12    6 C        0.021623    -0.123144     0.214684
    13    8 O       -0.109564     0.055070     0.011570
    14    1 H       -0.070760    -0.103912    -0.024436
    15    1 H        0.070787    -0.001819     0.117810
    16    1 H        0.068216     0.102853     0.048483
    17    1 H       -0.118115    -0.029501     0.056410
    18    1 H       -0.024986     0.128308    -0.029914
    19    1 H       -0.082868    -0.091212    -0.044026
    20    1 H        0.071677     0.108014    -0.005548
    21    1 H       -0.015412    -0.069382    -0.113777
---------------------------------------------------------
           total    -0.048399     0.344052     0.311492
---------------------------------------------------------

[Info] JSON dump of results written to 'tblite.json'
