[Info] Molecular charge read from './.CHRG'
[Info] Molecular spin read from './.UHF'
xTB calculator
 | Coulomb electrostatics
 |  * isotropic Klopman-Ohno electrostatics
 |  * onsite third-order electrostatics
CEH guess
integral cutoff           4.0000000000000E+01 bohr

Atomic charges (in atomic units):
---------------------------------------------------------
     #    Z                 q
---------------------------------------------------------
     1   99 Es       0.540855
     2   53 I       -0.542377
     3   53 I       -0.530452
     4    7 N        0.253250
     5    8 O       -0.227513
     6    8 O       -0.222587
     7    8 O       -0.278546
     8    6 C       -0.044012
     9    6 C        0.022375
    10    8 O       -0.350349
    11    1 H        0.015407
    12    1 H        0.000311
    13    1 H        0.004038
    14    1 H        0.010797
    15    1 H        0.007075
    16   16 S       -0.293323
    17    6 C       -0.027889
    18    7 N       -0.337058
---------------------------------------------------------

Atomic dipole moments (in atomic units):
---------------------------------------------------------
     #    Z                 x            y            z
---------------------------------------------------------
     1   99 Es      -0.195363    -0.018195    -0.410985
     2   53 I        0.051002     0.018627     0.061744
     3   53 I       -0.073279     0.032647     0.041339
     4    7 N        0.003234     0.006311    -0.002242
     5    8 O       -0.140748    -0.004252    -0.198576
     6    8 O       -0.018688    -0.170120     0.172467
     7    8 O        0.162797     0.174598     0.026946
     8    6 C       -0.061905    -0.029101    -0.020391
     9    6 C        0.041796    -0.159228     0.034455
    10    8 O        0.008513     0.121612    -0.001176
    11    1 H       -0.005668     0.143503    -0.014854
    12    1 H        0.094430    -0.063682    -0.087017
    13    1 H        0.018501    -0.045148     0.134330
    14    1 H       -0.013220     0.038400    -0.114270
    15    1 H       -0.077203     0.051556     0.069356
    16   16 S        0.015478     0.057727     0.007952
    17    6 C       -0.000153     0.081966     0.021511
    18    7 N        0.014448     0.052163     0.000847
---------------------------------------------------------
           total    -0.628413     3.299346    -3.204259
---------------------------------------------------------

[Info] JSON dump of results written to 'tblite.json'
