[Info] Molecular charge read from '.CHRG'

Charge model parameter:
------------------------------------------------------
   Z          chi/Eh     kcn/Eh     eta/Eh     rad/AA
------------------------------------------------------
  93 Np       1.1090     0.0071     0.5649     0.7462
   7 N        1.5582     0.0928     0.6565     0.6998
   6 C        1.4003     0.0601     0.6166     0.9994
   1 H        1.2370     0.0492     1.0964     0.2919
   8 O        1.5687     0.1169     0.6793     0.6518
  16 S        1.4077     0.0713     0.5171     1.1581
------------------------------------------------------

Electrostatic properties (in atomic units):
--------------------------------------------------
     #    Z              CN          q        chi
--------------------------------------------------
     1   93 Np       7.7583     0.8521     1.0893
     2    7 N        3.9240    -0.5782     1.3744
     3    6 C        4.1459     0.0004     1.2780
     4    6 C        4.0689    -0.0143     1.2791
     5    7 N        3.9255    -0.4273     1.3743
     6    6 C        4.1221    -0.0083     1.2784
     7    6 C        4.0599    -0.0028     1.2793
     8    7 N        3.9272    -0.5645     1.3743
     9    1 H        0.9992     0.2901     1.1878
    10    1 H        1.0041     0.2892     1.1877
    11    1 H        0.9914     0.1657     1.1880
    12    1 H        0.9913     0.1491     1.1880
    13    1 H        0.9914     0.1650     1.1880
    14    1 H        0.9914     0.1508     1.1880
    15    1 H        1.0318     0.2668     1.1870
    16    1 H        0.9916     0.1703     1.1880
    17    1 H        0.9913     0.1553     1.1880
    18    1 H        0.9915     0.1653     1.1880
    19    1 H        0.9915     0.1492     1.1880
    20    1 H        1.0413     0.2910     1.1868
    21    1 H        0.9986     0.2878     1.1878
    22    6 C        1.8689     0.1917     1.3182
    23    8 O        0.9997    -0.1777     1.4518
    24    6 C        3.9577    -0.0851     1.2808
    25    6 C        2.0271     0.1617     1.3148
    26    7 N        1.9669    -0.3357     1.4281
    27    1 H        0.9915     0.1916     1.1880
    28    1 H        0.9916     0.1853     1.1880
    29    1 H        0.9916     0.1908     1.1880
    30    8 O        1.9898    -0.3026     1.4038
    31   16 S        3.9663     0.5358     1.2658
    32    8 O        1.9906    -0.2886     1.4037
    33    8 O        1.9197    -0.2200     1.4067
--------------------------------------------------
     Σ                          2.0000
--------------------------------------------------

Electrostatic energy:    8.8619182292208E-01 Eh

[Info] JSON dump of results written to 'multicharge.json'
