[Info] Molecular charge read from '.CHRG'

Charge model parameter:
------------------------------------------------------
   Z          chi/Eh     kcn/Eh     eta/Eh     rad/AA
------------------------------------------------------
  93 Np       1.1090     0.0071     0.5649     0.7462
   1 H        1.2370     0.0492     1.0964     0.2919
  15 P        1.5267     0.1425     0.7308     0.7313
  53 I        1.4034     0.0897     0.3054     2.0116
  38 Sr       0.5880    -0.0670     0.6512     0.8612
------------------------------------------------------

Electrostatic properties (in atomic units):
--------------------------------------------------
     #    Z              CN          q        chi
--------------------------------------------------
     1   93 Np       3.9170     0.4483     1.0950
     2    1 H        1.8467    -0.0360     1.1701
     3   15 P        1.9979    -0.2481     1.3253
     4   53 I        1.9701    -0.2627     1.2775
     5   38 Sr       3.8140     1.0985     0.7189
--------------------------------------------------
     Σ                          1.0000
--------------------------------------------------

Electrostatic energy:    2.8699810607161E-01 Eh

[Info] JSON dump of results written to 'multicharge.json'
