[Info] Molecular charge read from './.CHRG'
xTB calculator
 | Coulomb electrostatics
 |  * isotropic Klopman-Ohno electrostatics
 |  * onsite third-order electrostatics
CEH guess
integral cutoff           2.4638462780296E+01 bohr

Atomic charges (in atomic units):
---------------------------------------------------------
     #    Z                 q
---------------------------------------------------------
     1   89 Ac       0.459104
     2    9 F       -0.029158
     3   15 P        0.495868
     4    9 F       -0.131124
     5    9 F       -0.123387
     6    6 C       -0.321862
     7    7 N       -0.112849
     8   16 S       -0.131400
     9    6 C        0.025686
    10    7 N       -0.177467
    11    6 C        0.038778
    12    8 O       -0.190399
    13   15 P        0.447982
    14    8 O       -0.198774
    15    6 C        0.063197
    16    8 O       -0.213740
    17    6 C        0.055101
    18    1 H        0.060044
    19    1 H        0.039814
    20    1 H        0.059865
    21    1 H        0.050763
    22    1 H        0.074230
    23    1 H        0.059034
    24    1 H        0.038992
    25    1 H        0.082777
    26    1 H        0.059135
    27    9 F       -0.046305
    28   15 P        0.498858
    29    9 F       -0.151392
    30    9 F       -0.107546
    31    7 N       -0.054129
    32    1 H        0.128468
    33    1 H        0.124498
    34    1 H        0.127337
---------------------------------------------------------

Atomic dipole moments (in atomic units):
---------------------------------------------------------
     #    Z                 x            y            z
---------------------------------------------------------
     1   89 Ac       0.095619     0.398747     0.129009
     2    9 F        0.030089    -0.030251    -0.004981
     3   15 P        0.008746     0.001503    -0.013719
     4    9 F        0.010562     0.004259    -0.008481
     5    9 F       -0.002310    -0.008650    -0.006020
     6    6 C        0.043630    -0.047278     0.082140
     7    7 N       -0.043383     0.031799    -0.007470
     8   16 S        0.030273     0.065640     0.088674
     9    6 C       -0.062274     0.032989     0.063374
    10    7 N        0.099781     0.071618     0.081542
    11    6 C       -0.183331     0.150147     0.176232
    12    8 O        0.061902     0.018910    -0.047012
    13   15 P        0.026099     0.069389    -0.040055
    14    8 O       -0.028808     0.017414    -0.044325
    15    6 C        0.304895    -0.081059     0.080326
    16    8 O        0.051666    -0.028508    -0.033754
    17    6 C       -0.301693    -0.069735     0.076653
    18    1 H       -0.061605    -0.118400    -0.050340
    19    1 H        0.110121    -0.027244     0.085803
    20    1 H        0.028097     0.087187    -0.108909
    21    1 H       -0.077308    -0.004676     0.121128
    22    1 H       -0.050537    -0.094482    -0.096906
    23    1 H        0.008789     0.133059    -0.054188
    24    1 H        0.040931     0.104463     0.087228
    25    1 H        0.004706     0.052523    -0.135586
    26    1 H        0.073919    -0.122265     0.018067
    27    9 F        0.020280     0.009688    -0.035069
    28   15 P        0.003870    -0.012841     0.000173
    29    9 F        0.012860    -0.003383    -0.001976
    30    9 F       -0.006297    -0.007503    -0.012435
    31    7 N       -0.099715    -0.237948    -0.110660
    32    1 H        0.058103    -0.105129     0.068322
    33    1 H        0.035327    -0.007239    -0.124488
    34    1 H       -0.138458     0.000232     0.016560
---------------------------------------------------------
           total    -1.616022     1.261925    -2.572070
---------------------------------------------------------

[Info] JSON dump of results written to 'tblite.json'
