Charge model parameter:
------------------------------------------------------
   Z          chi/Eh     kcn/Eh     eta/Eh     rad/AA
------------------------------------------------------
  99 Es       1.0593     0.0030     0.5898     0.7145
   6 C        1.4003     0.0601     0.6166     0.9994
   8 O        1.5687     0.1169     0.6793     0.6518
   7 N        1.5582     0.0928     0.6565     0.6998
   1 H        1.2370     0.0492     1.0964     0.2919
  35 Br       1.3980     0.0801     0.3934     1.5631
------------------------------------------------------

Electrostatic properties (in atomic units):
--------------------------------------------------
     #    Z              CN          q        chi
--------------------------------------------------
     1   99 Es       5.9213     0.8279     1.0521
     2    6 C        4.1269     0.0089     1.2783
     3    6 C        3.2972     0.3096     1.2912
     4    8 O        1.0003    -0.3442     1.4517
     5    8 O        1.9936    -0.3464     1.4036
     6    7 N        3.9340    -0.6071     1.3741
     7    1 H        0.9917     0.1307     1.1880
     8    1 H        0.9914     0.1359     1.1880
     9    1 H        1.0117     0.2515     1.1875
    10    1 H        1.0009     0.2599     1.1878
    11   35 Br       0.9949    -0.1700     1.3182
    12    7 N        2.6682    -0.0339     1.4066
    13    8 O        1.9599    -0.2039     1.4050
    14    8 O        1.9672    -0.2189     1.4047
--------------------------------------------------
     Σ                         -0.0000
--------------------------------------------------

Electrostatic energy:   -2.3983728426399E-01 Eh

[Info] JSON dump of results written to 'multicharge.json'
