[Info] Molecular spin read from './.UHF'
xTB calculator
 | Coulomb electrostatics
 |  * isotropic Klopman-Ohno electrostatics
 |  * onsite third-order electrostatics
CEH guess
integral cutoff           4.0000000000000E+01 bohr

Atomic charges (in atomic units):
---------------------------------------------------------
     #    Z                 q
---------------------------------------------------------
     1  101 Md       0.221423
     2    4 Be       0.139182
     3    8 O        0.019629
     4    8 O       -0.492822
     5    8 O        0.112588
---------------------------------------------------------

Atomic dipole moments (in atomic units):
---------------------------------------------------------
     #    Z                 x            y            z
---------------------------------------------------------
     1  101 Md       0.553732     0.596558    -0.391198
     2    4 Be       0.170440     0.190215    -0.118836
     3    8 O        0.001934     0.002921     0.004848
     4    8 O       -0.029608    -0.031320     0.021689
     5    8 O        0.005155    -0.004200     0.002627
---------------------------------------------------------
           total     0.152395     0.102264     0.496486
---------------------------------------------------------

[Info] JSON dump of results written to 'tblite.json'
