Charge model parameter:
------------------------------------------------------
   Z          chi/Eh     kcn/Eh     eta/Eh     rad/AA
------------------------------------------------------
  95 Am       1.0010     0.0051     0.6915     0.6095
   9 F        1.5754     0.1570     0.7723     0.9393
------------------------------------------------------

Electrostatic properties (in atomic units):
--------------------------------------------------
     #    Z              CN          q        chi
--------------------------------------------------
     1   95 Am       4.9488     0.9372     0.9897
     2    9 F        0.9988    -0.1899     1.4184
     3    9 F        0.9988    -0.1898     1.4184
     4    9 F        0.9988    -0.1779     1.4184
     5    9 F        0.9988    -0.1898     1.4184
     6    9 F        0.9988    -0.1898     1.4184
--------------------------------------------------
     Σ                          0.0000
--------------------------------------------------

Electrostatic energy:   -2.0089290026456E-01 Eh

[Info] JSON dump of results written to 'multicharge.json'
