Charge model parameter:
------------------------------------------------------
   Z          chi/Eh     kcn/Eh     eta/Eh     rad/AA
------------------------------------------------------
 102 No       1.1434     0.0135     0.6305     0.6695
   5 B        1.2669    -0.0263     0.5452     1.5138
  53 I        1.4034     0.0897     0.3054     2.0116
------------------------------------------------------

Electrostatic properties (in atomic units):
--------------------------------------------------
     #    Z              CN          q        chi
--------------------------------------------------
     1  102 No       1.0810     0.2936     1.1294
     2    5 B        1.9819    -0.1136     1.3040
     3   53 I        1.0842    -0.1800     1.3100
--------------------------------------------------
     Σ                          0.0000
--------------------------------------------------

Electrostatic energy:   -2.6176896290256E-02 Eh

[Info] JSON dump of results written to 'multicharge.json'
