Charge model parameter:
------------------------------------------------------
   Z          chi/Eh     kcn/Eh     eta/Eh     rad/AA
------------------------------------------------------
 101 Md       1.1131     0.0055     0.6097     0.6919
  53 I        1.4034     0.0897     0.3054     2.0116
------------------------------------------------------

Electrostatic properties (in atomic units):
--------------------------------------------------
     #    Z              CN          q        chi
--------------------------------------------------
     1  101 Md       3.9624     0.4706     1.1022
     2   53 I        0.9971    -0.2017     1.3139
     3   53 I        1.7311    -0.0334     1.2854
     4   53 I        0.9968    -0.2019     1.3139
     5   53 I        1.7310    -0.0336     1.2854
--------------------------------------------------
     Σ                         -0.0000
--------------------------------------------------

Electrostatic energy:   -4.8861863988146E-02 Eh

[Info] JSON dump of results written to 'multicharge.json'
