Charge model parameter:
------------------------------------------------------
   Z          chi/Eh     kcn/Eh     eta/Eh     rad/AA
------------------------------------------------------
  98 Cf       1.0089     0.0039     0.6196     0.6803
   6 C        1.4003     0.0601     0.6166     0.9994
   8 O        1.5687     0.1169     0.6793     0.6518
   7 N        1.5582     0.0928     0.6565     0.6998
   1 H        1.2370     0.0492     1.0964     0.2919
   9 F        1.5754     0.1570     0.7723     0.9393
  15 P        1.5267     0.1425     0.7308     0.7313
------------------------------------------------------

Electrostatic properties (in atomic units):
--------------------------------------------------
     #    Z              CN          q        chi
--------------------------------------------------
     1   98 Cf       7.9075     0.9492     0.9980
     2    6 C        4.1288    -0.0000     1.2783
     3    6 C        3.9893     0.2503     1.2803
     4    8 O        1.9693    -0.3229     1.4046
     5    8 O        1.9485    -0.3466     1.4055
     6    7 N        3.8922    -0.5911     1.3751
     7    1 H        0.9922     0.1309     1.1880
     8    1 H        0.9922     0.1271     1.1880
     9    1 H        0.9979     0.2689     1.1878
    10    1 H        0.9970     0.2614     1.1879
    11    9 F        0.9988    -0.2014     1.4185
    12   15 P        4.6505     0.2938     1.2194
    13    9 F        1.8873    -0.1584     1.3597
    14    9 F        1.8629    -0.1188     1.3610
    15    6 C        4.1069    -0.0841     1.2786
    16    8 O        2.8204    -0.3173     1.3723
    17    1 H        0.9914     0.1332     1.1880
    18    1 H        0.9904     0.1273     1.1880
    19    1 H        0.9911     0.1352     1.1880
    20    7 N        3.7214     0.1931     1.3792
    21    8 O        1.9635    -0.2511     1.4049
    22    8 O        1.9731    -0.2463     1.4045
    23    8 O        1.0016    -0.2327     1.4517
--------------------------------------------------
     Σ                         -0.0000
--------------------------------------------------

Electrostatic energy:   -3.4824052218324E-01 Eh

[Info] JSON dump of results written to 'multicharge.json'
