[Info] Molecular charge read from '.CHRG'

Charge model parameter:
------------------------------------------------------
   Z          chi/Eh     kcn/Eh     eta/Eh     rad/AA
------------------------------------------------------
 103 Lr       1.1371     0.0068     0.5937     0.7095
  50 Sn       1.1245    -0.0303     0.4567     1.0454
  17 Cl       1.4815     0.1368     0.7586     0.7238
  34 Se       1.3649     0.0656     0.4617     1.1999
------------------------------------------------------

Electrostatic properties (in atomic units):
--------------------------------------------------
     #    Z              CN          q        chi
--------------------------------------------------
     1  103 Lr       2.8639     0.0410     1.1257
     2   50 Sn       0.8886    -0.5416     1.1531
     3   17 Cl       0.9850    -0.5686     1.3457
     4   34 Se       0.9943    -0.9308     1.2994
--------------------------------------------------
     Σ                         -2.0000
--------------------------------------------------

Electrostatic energy:   -1.2765241121217E+00 Eh

[Info] JSON dump of results written to 'multicharge.json'
