[Info] Molecular charge read from './.CHRG'
xTB calculator
 | Coulomb electrostatics
 |  * isotropic Klopman-Ohno electrostatics
 |  * onsite third-order electrostatics
CEH guess
integral cutoff           2.3650283084401E+01 bohr

Atomic charges (in atomic units):
---------------------------------------------------------
     #    Z                 q
---------------------------------------------------------
     1   90 Th       1.283332
     2    6 C       -0.062474
     3    6 C        0.233846
     4    8 O       -0.127097
     5    8 O       -0.323878
     6    7 N       -0.051839
     7    1 H        0.057058
     8    1 H        0.101384
     9    1 H        0.104414
    10    1 H        0.130264
    11    6 C        0.052750
    12    6 C       -0.075868
    13    6 C        0.025811
    14    6 C       -0.006557
    15    6 C        0.033659
    16    6 C       -0.069043
    17    6 C        0.261861
    18    8 O       -0.227628
    19    8 O       -0.296708
    20    1 H        0.043028
    21    1 H        0.050433
    22    1 H        0.041217
    23    1 H        0.042796
    24    1 H        0.112320
    25   16 S       -0.308705
    26    6 C        0.064473
    27    7 N       -0.088849
---------------------------------------------------------

Atomic dipole moments (in atomic units):
---------------------------------------------------------
     #    Z                 x            y            z
---------------------------------------------------------
     1   90 Th      -0.334824     0.228365     1.577013
     2    6 C       -0.185364    -0.119900    -0.017929
     3    6 C       -0.140818    -0.113209     0.033749
     4    8 O       -0.050605     0.000083     0.003410
     5    8 O        0.015018     0.106358    -0.034991
     6    7 N        0.076133     0.216809    -0.162229
     7    1 H        0.030134     0.051403    -0.109738
     8    1 H       -0.007806     0.071404     0.105561
     9    1 H       -0.003002    -0.025853    -0.101714
    10    1 H       -0.070763     0.083501     0.034355
    11    6 C        0.169670     0.007042    -0.010947
    12    6 C       -0.024090     0.107669    -0.005528
    13    6 C       -0.025850    -0.053994    -0.003556
    14    6 C        0.158812     0.025756    -0.002936
    15    6 C       -0.055531    -0.027595     0.067044
    16    6 C       -0.038854     0.086631     0.043189
    17    6 C        0.037061     0.106489    -0.011638
    18    8 O        0.068325    -0.050998    -0.065821
    19    8 O       -0.092931    -0.045668     0.065625
    20    1 H       -0.019224    -0.135607     0.021696
    21    1 H       -0.120949    -0.051386     0.023568
    22    1 H       -0.107146     0.083435     0.012413
    23    1 H        0.083638     0.040171    -0.074641
    24    1 H        0.003645    -0.000334    -0.110419
    25   16 S       -0.103843    -0.000750    -0.197719
    26    6 C       -0.241923     0.197628    -0.092549
    27    7 N        0.014251    -0.012472     0.006048
---------------------------------------------------------
           total    -3.063979     1.683755     2.777885
---------------------------------------------------------

[Info] JSON dump of results written to 'tblite.json'
