xTB calculator
 | Coulomb electrostatics
 |  * isotropic Klopman-Ohno electrostatics
 |  * onsite third-order electrostatics
CEH guess
integral cutoff           2.3650283084401E+01 bohr

Atomic charges (in atomic units):
---------------------------------------------------------
     #    Z                 q
---------------------------------------------------------
     1   90 Th       0.600483
     2    6 C       -0.083401
     3    6 C        0.198508
     4    8 O       -0.219767
     5    8 O       -0.329098
     6    7 N       -0.039162
     7    1 H        0.088268
     8    1 H        0.035769
     9    1 H        0.105985
    10    1 H        0.101069
    11    6 C       -0.091205
    12    6 C        0.201765
    13    7 N       -0.057279
    14    1 H        0.073490
    15    1 H        0.086152
    16    1 H        0.075028
    17    8 O       -0.409129
    18    1 H        0.158586
    19    6 C       -0.078061
    20    6 C        0.073066
    21    8 O       -0.145589
    22    1 H        0.059283
    23    1 H        0.033231
    24    1 H        0.032344
    25    1 H        0.047792
    26    1 H        0.073771
    27    1 H        0.180654
    28    6 C       -0.164942
    29    7 N       -0.309277
    30    7 N       -0.350319
    31    7 N        0.155610
    32    7 N       -0.103622
---------------------------------------------------------

Atomic dipole moments (in atomic units):
---------------------------------------------------------
     #    Z                 x            y            z
---------------------------------------------------------
     1   90 Th      -0.017050     0.223850     0.450962
     2    6 C        0.051027    -0.172945     0.107315
     3    6 C        0.074800    -0.093977     0.071474
     4    8 O        0.032399    -0.059884     0.007534
     5    8 O       -0.051888    -0.015694    -0.095481
     6    7 N       -0.234819     0.007249    -0.203577
     7    1 H        0.097702     0.021425    -0.074826
     8    1 H       -0.114699    -0.003983    -0.037455
     9    1 H        0.039716    -0.061599    -0.082381
    10    1 H       -0.091090    -0.026972     0.056585
    11    6 C       -0.003582     0.002200     0.000583
    12    6 C        0.192761    -0.143179    -0.042408
    13    7 N       -0.031402    -0.016566    -0.017013
    14    1 H       -0.031719    -0.148650     0.009284
    15    1 H        0.076209     0.058446     0.119109
    16    1 H        0.054689     0.049896    -0.132689
    17    8 O       -0.100125    -0.111536     0.094241
    18    1 H       -0.094998    -0.091088     0.106109
    19    6 C       -0.056772    -0.039351     0.072480
    20    6 C       -0.234191    -0.091876    -0.127019
    21    8 O        0.045667     0.108263    -0.034882
    22    1 H        0.120009     0.055761     0.047468
    23    1 H       -0.083468     0.101036    -0.060701
    24    1 H        0.023862    -0.109565    -0.089181
    25    1 H       -0.024126     0.097506     0.081231
    26    1 H        0.083744    -0.093059     0.054348
    27    1 H       -0.070454     0.086138    -0.049726
    28    6 C       -0.131592     0.086591    -0.032735
    29    7 N        0.039876     0.014595     0.046864
    30    7 N        0.281836    -0.235670    -0.293131
    31    7 N       -0.083629     0.076657     0.080846
    32    7 N       -0.205694     0.176897     0.191958
---------------------------------------------------------
           total    -0.203248    -1.586023    -0.655082
---------------------------------------------------------

[Info] JSON dump of results written to 'tblite.json'
