Charge model parameter:
------------------------------------------------------
   Z          chi/Eh     kcn/Eh     eta/Eh     rad/AA
------------------------------------------------------
  97 Bk       1.1683     0.0046     0.5532     0.7618
   6 C        1.4003     0.0601     0.6166     0.9994
   8 O        1.5687     0.1169     0.6793     0.6518
   7 N        1.5582     0.0928     0.6565     0.6998
   1 H        1.2370     0.0492     1.0964     0.2919
  16 S        1.4077     0.0713     0.5171     1.1581
  53 I        1.4034     0.0897     0.3054     2.0116
------------------------------------------------------

Electrostatic properties (in atomic units):
--------------------------------------------------
     #    Z              CN          q        chi
--------------------------------------------------
     1   97 Bk       4.5985     0.5818     1.1584
     2    6 C        4.1664     0.0057     1.2777
     3    6 C        3.3390     0.3072     1.2906
     4    8 O        1.0004    -0.3536     1.4517
     5    8 O        1.9942    -0.3047     1.4036
     6    7 N        3.9412    -0.5785     1.3740
     7    1 H        0.9917     0.1277     1.1880
     8    1 H        0.9915     0.1276     1.1880
     9    1 H        1.0243     0.2608     1.1872
    10    1 H        1.0027     0.2460     1.1877
    11   16 S        1.0135    -0.0639     1.3359
    12    6 C        2.0727     0.1713     1.3138
    13    7 N        2.0081    -0.3889     1.4267
    14   53 I        0.9922    -0.1384     1.3141
--------------------------------------------------
     Σ                         -0.0000
--------------------------------------------------

Electrostatic energy:   -1.7511231524766E-01 Eh

[Info] JSON dump of results written to 'multicharge.json'
