[Info] Molecular charge read from '.CHRG'

Charge model parameter:
------------------------------------------------------
   Z          chi/Eh     kcn/Eh     eta/Eh     rad/AA
------------------------------------------------------
  93 Np       1.1090     0.0071     0.5649     0.7462
   8 O        1.5687     0.1169     0.6793     0.6518
   1 H        1.2370     0.0492     1.0964     0.2919
  16 S        1.4077     0.0713     0.5171     1.1581
   6 C        1.4003     0.0601     0.6166     0.9994
   7 N        1.5582     0.0928     0.6565     0.6998
------------------------------------------------------

Electrostatic properties (in atomic units):
--------------------------------------------------
     #    Z              CN          q        chi
--------------------------------------------------
     1   93 Np       4.4198     0.8783     1.0941
     2    8 O        1.9917    -0.5251     1.4037
     3    1 H        1.0134     0.3297     1.1875
     4   16 S        1.0147     0.0213     1.3359
     5    6 C        2.1285     0.2015     1.3127
     6    7 N        2.0117    -0.4153     1.4266
     7    6 C        4.1336    -0.0419     1.2782
     8    6 C        3.9820    -0.1183     1.2804
     9    6 C        3.9855    -0.1191     1.2804
    10    6 C        4.0548    -0.0419     1.2794
    11    8 O        2.9403    -0.2943     1.3682
    12    1 H        0.9915     0.1345     1.1880
    13    1 H        0.9918     0.1369     1.1880
    14    1 H        0.9915     0.1405     1.1880
    15    1 H        0.9920     0.1362     1.1880
    16    1 H        0.9920     0.1368     1.1880
    17    1 H        0.9916     0.1373     1.1880
    18    1 H        0.9916     0.1399     1.1880
    19    1 H        0.9918     0.1360     1.1880
    20    6 C        4.0660    -0.0285     1.2792
    21    8 O        1.9913    -0.3928     1.4037
    22    1 H        0.9917     0.1525     1.1880
    23    1 H        0.9917     0.1483     1.1880
    24    1 H        0.9917     0.1474     1.1880
--------------------------------------------------
     Σ                          1.0000
--------------------------------------------------

Electrostatic energy:    3.7570393189031E-01 Eh

[Info] JSON dump of results written to 'multicharge.json'
