[Info] Molecular spin read from './.UHF'
xTB calculator
 | Coulomb electrostatics
 |  * isotropic Klopman-Ohno electrostatics
 |  * onsite third-order electrostatics
CEH guess
integral cutoff           4.0000000000000E+01 bohr

Atomic charges (in atomic units):
---------------------------------------------------------
     #    Z                 q
---------------------------------------------------------
     1   96 Cm       0.171486
     2    7 N       -0.910872
     3   15 P       -0.281559
     4   33 As       1.020946
---------------------------------------------------------

Atomic dipole moments (in atomic units):
---------------------------------------------------------
     #    Z                 x            y            z
---------------------------------------------------------
     1   96 Cm      -0.835042    -0.172988    -0.373656
     2    7 N        0.037506     0.068185     0.048024
     3   15 P       -0.116773     0.152586     0.036385
     4   33 As       0.418453    -0.103168     0.094261
---------------------------------------------------------
           total     5.314113     1.862041     2.804188
---------------------------------------------------------

[Info] JSON dump of results written to 'tblite.json'
