Charge model parameter:
------------------------------------------------------
   Z          chi/Eh     kcn/Eh     eta/Eh     rad/AA
------------------------------------------------------
  95 Am       1.0010     0.0051     0.6915     0.6095
  49 In       1.1101    -0.0151     0.4977     0.8144
  17 Cl       1.4815     0.1368     0.7586     0.7238
  15 P        1.5267     0.1425     0.7308     0.7313
------------------------------------------------------

Electrostatic properties (in atomic units):
--------------------------------------------------
     #    Z              CN          q        chi
--------------------------------------------------
     1   95 Am       2.9111     0.4075     0.9923
     2   49 In       2.1657     0.1813     1.1322
     3   17 Cl       1.2930    -0.2834     1.3260
     4   15 P        1.9320    -0.3054     1.3286
--------------------------------------------------
     Σ                          0.0000
--------------------------------------------------

Electrostatic energy:   -8.5937982121075E-02 Eh

[Info] JSON dump of results written to 'multicharge.json'
