Charge model parameter:
------------------------------------------------------
   Z          chi/Eh     kcn/Eh     eta/Eh     rad/AA
------------------------------------------------------
 103 Lr       1.1371     0.0068     0.5937     0.7095
   1 H        1.2370     0.0492     1.0964     0.2919
------------------------------------------------------

Electrostatic properties (in atomic units):
--------------------------------------------------
     #    Z              CN          q        chi
--------------------------------------------------
     1  103 Lr       4.6511     0.1575     1.1226
     2    1 H        0.9283    -0.0314     1.1896
     3    1 H        0.9266    -0.0314     1.1896
     4    1 H        0.9740    -0.0318     1.1884
     5    1 H        0.9268    -0.0314     1.1896
     6    1 H        0.9282    -0.0314     1.1896
--------------------------------------------------
     Σ                          0.0000
--------------------------------------------------

Electrostatic energy:   -5.2601703548919E-03 Eh

[Info] JSON dump of results written to 'multicharge.json'
