[Info] Molecular charge read from '.CHRG'

Charge model parameter:
------------------------------------------------------
   Z          chi/Eh     kcn/Eh     eta/Eh     rad/AA
------------------------------------------------------
  98 Cf       1.0089     0.0039     0.6196     0.6803
   8 O        1.5687     0.1169     0.6793     0.6518
  16 S        1.4077     0.0713     0.5171     1.1581
------------------------------------------------------

Electrostatic properties (in atomic units):
--------------------------------------------------
     #    Z              CN          q        chi
--------------------------------------------------
     1   98 Cf       2.9888     0.8807     1.0022
     2    8 O        0.9993    -0.7038     1.4518
     3    8 O        0.9993    -0.7034     1.4518
     4   16 S        0.9948    -0.4735     1.3366
--------------------------------------------------
     Σ                         -1.0000
--------------------------------------------------

Electrostatic energy:   -8.9662325860872E-01 Eh

[Info] JSON dump of results written to 'multicharge.json'
