[Info] Molecular charge read from '.CHRG'

Charge model parameter:
------------------------------------------------------
   Z          chi/Eh     kcn/Eh     eta/Eh     rad/AA
------------------------------------------------------
 102 No       1.1434     0.0135     0.6305     0.6695
   6 C        1.4003     0.0601     0.6166     0.9994
   8 O        1.5687     0.1169     0.6793     0.6518
   1 H        1.2370     0.0492     1.0964     0.2919
   7 N        1.5582     0.0928     0.6565     0.6998
------------------------------------------------------

Electrostatic properties (in atomic units):
--------------------------------------------------
     #    Z              CN          q        chi
--------------------------------------------------
     1  102 No       5.7231     0.5971     1.1111
     2    6 C        3.9592    -0.2289     1.2808
     3    6 C        3.1532     0.0770     1.2936
     4    6 C        3.0027    -0.1174     1.2962
     5    6 C        3.1615     0.0789     1.2935
     6    8 O        1.9796    -0.3463     1.4042
     7    6 C        3.9592    -0.2275     1.2808
     8    8 O        1.9758    -0.3453     1.4044
     9    1 H        0.9919     0.0642     1.1880
    10    1 H        0.9915     0.0856     1.1880
    11    1 H        0.9915     0.0819     1.1880
    12    1 H        0.9930     0.0756     1.1880
    13    1 H        0.9919     0.0645     1.1880
    14    1 H        0.9915     0.0833     1.1880
    15    1 H        0.9915     0.0880     1.1880
    16    7 N        1.9977    -0.3348     1.4270
    17    7 N        2.0526     0.0149     1.4252
    18    7 N        1.0052    -0.3895     1.4652
    19    6 C        3.9524    -0.2445     1.2809
    20    6 C        4.0518    -0.0382     1.2794
    21    8 O        1.9897    -0.4142     1.4038
    22    1 H        0.9913     0.0863     1.1880
    23    1 H        0.9913     0.0989     1.1880
    24    1 H        0.9909     0.0598     1.1880
    25    1 H        0.9876     0.0736     1.1881
    26    1 H        0.9880     0.0855     1.1881
    27    7 N        3.9114    -0.7661     1.3747
    28    1 H        0.9975     0.2297     1.1879
    29    1 H        0.9972     0.2301     1.1879
    30    1 H        1.4392     0.2778     1.1780
--------------------------------------------------
     Σ                         -1.0000
--------------------------------------------------

Electrostatic energy:   -9.3397766923967E-01 Eh

[Info] JSON dump of results written to 'multicharge.json'
