[Info] Molecular charge read from './.CHRG'
[Info] Molecular spin read from './.UHF'
xTB calculator
 | Coulomb electrostatics
 |  * isotropic Klopman-Ohno electrostatics
 |  * onsite third-order electrostatics
CEH guess
integral cutoff           4.0000000000000E+01 bohr

Atomic charges (in atomic units):
---------------------------------------------------------
     #    Z                 q
---------------------------------------------------------
     1  101 Md       0.576754
     2    6 C       -0.020947
     3    6 C       -0.042799
     4    6 C       -0.021343
     5    6 C       -0.058209
     6    6 C       -0.020437
     7    6 C       -0.042385
     8    6 C        0.103069
     9    8 O       -0.310848
    10    8 O       -0.325390
    11    1 H        0.025954
    12    1 H        0.017599
    13    1 H        0.025834
    14    1 H        0.025619
    15    1 H        0.017876
    16    7 N       -0.061943
    17    6 C        0.010171
    18    6 C       -0.029495
    19    6 C        0.013738
    20    6 C       -0.004494
    21    6 C        0.053921
    22    6 C        0.058224
    23    6 C       -0.004688
    24    6 C        0.016711
    25    6 C       -0.025291
    26    6 C        0.011213
    27    7 N       -0.071266
    28    1 H        0.052164
    29    1 H        0.025718
    30    1 H        0.020193
    31    1 H        0.032057
    32    1 H        0.032307
    33    1 H        0.022071
    34    1 H        0.028001
    35    1 H        0.051137
    36    6 C       -0.018387
    37    6 C       -0.041615
    38    6 C       -0.025042
    39    6 C       -0.064727
    40    6 C       -0.021971
    41    6 C       -0.039655
    42    6 C        0.104357
    43    8 O       -0.324670
    44    8 O       -0.341988
    45    1 H        0.027647
    46    1 H        0.017922
    47    1 H        0.022322
    48    1 H        0.024377
    49    1 H        0.019254
    50    6 C       -0.089166
    51    6 C       -0.050580
    52    8 O       -0.472118
    53    1 H        0.028207
    54    1 H        0.013249
    55    1 H        0.016658
    56    1 H        0.013391
    57    1 H        0.012396
    58    6 C       -0.319078
    59    7 N       -0.189475
    60    6 C       -0.185033
    61    7 N       -0.297070
---------------------------------------------------------

Atomic dipole moments (in atomic units):
---------------------------------------------------------
     #    Z                 x            y            z
---------------------------------------------------------
     1  101 Md       0.325621    -0.142702    -0.256876
     2    6 C        0.000661    -0.004418    -0.001149
     3    6 C       -0.014016     0.004723     0.011899
     4    6 C       -0.004817    -0.013708    -0.000518
     5    6 C        0.000449    -0.011825    -0.003928
     6    6 C        0.006667    -0.010364    -0.006847
     7    6 C        0.012931     0.011393    -0.005860
     8    6 C        0.006820     0.032287     0.000751
     9    8 O       -0.086677     0.021551     0.059892
    10    8 O        0.079698     0.061448    -0.036153
    11    1 H       -0.007064     0.129492     0.040048
    12    1 H        0.085695     0.084633    -0.048201
    13    1 H        0.090129    -0.051153    -0.087403
    14    1 H       -0.083419    -0.098596     0.040095
    15    1 H       -0.092692     0.034406     0.084449
    16    7 N       -0.280636    -0.066391    -0.026348
    17    6 C        0.076973    -0.074600    -0.087493
    18    6 C        0.002746    -0.015189    -0.019164
    19    6 C       -0.002440     0.006528     0.007225
    20    6 C        0.040332     0.006805     0.001223
    21    6 C        0.102699     0.065154     0.051360
    22    6 C        0.102881     0.064676     0.061435
    23    6 C        0.012874     0.025298     0.029764
    24    6 C        0.009397    -0.001650    -0.002630
    25    6 C       -0.023515     0.003952     0.008712
    26    6 C       -0.095281     0.056230     0.083865
    27    7 N       -0.115107    -0.182690    -0.191970
    28    1 H        0.070725     0.078066     0.072555
    29    1 H       -0.067699     0.072176     0.085980
    30    1 H       -0.130290    -0.020340    -0.001058
    31    1 H       -0.051723    -0.089626    -0.084361
    32    1 H       -0.130357    -0.024863    -0.013952
    33    1 H       -0.040344    -0.083776    -0.094079
    34    1 H        0.096210    -0.050022    -0.074398
    35    1 H        0.118101     0.049083     0.033463
    36    6 C       -0.003640     0.003602    -0.001251
    37    6 C       -0.000583    -0.015097    -0.008323
    38    6 C       -0.012292     0.004597    -0.006740
    39    6 C       -0.011052     0.008229    -0.005125
    40    6 C       -0.008394     0.014261     0.000532
    41    6 C        0.010731     0.007907     0.012137
    42    6 C        0.020184    -0.006157     0.016430
    43    8 O        0.002153    -0.093312    -0.046077
    44    8 O        0.064106     0.043201     0.068154
    45    1 H        0.103859    -0.078973     0.039287
    46    1 H        0.083020     0.045398     0.088928
    47    1 H       -0.026511     0.124638     0.044955
    48    1 H       -0.094559    -0.032346    -0.090582
    49    1 H        0.012393    -0.118406    -0.053036
    50    6 C        0.016343     0.005066     0.076273
    51    6 C       -0.087214    -0.129857     0.047408
    52    8 O        0.031318     0.095845    -0.071344
    53    1 H        0.060153     0.103680    -0.075176
    54    1 H       -0.142126     0.010384     0.008019
    55    1 H        0.047542    -0.129887    -0.038675
    56    1 H       -0.040113     0.102918     0.026603
    57    1 H        0.116529     0.002590    -0.006781
    58    6 C       -0.005491     0.016000    -0.011102
    59    7 N        0.031280     0.041327    -0.054661
    60    6 C        0.021964    -0.013491     0.041744
    61    7 N       -0.012604    -0.000517    -0.017359
---------------------------------------------------------
           total    -2.619773    -2.911000    -3.349759
---------------------------------------------------------

[Info] JSON dump of results written to 'tblite.json'
