[Info] Molecular charge read from './.CHRG'
xTB calculator
 | Coulomb electrostatics
 |  * isotropic Klopman-Ohno electrostatics
 |  * onsite third-order electrostatics
CEH guess
integral cutoff           2.9545082850997E+01 bohr

Atomic charges (in atomic units):
---------------------------------------------------------
     #    Z                 q
---------------------------------------------------------
     1   91 Pa       1.163220
     2    6 C        0.056994
     3    6 C        0.128340
     4    7 N       -0.015275
     5    6 C        0.118318
     6    6 C        0.049904
     7    7 N       -0.067872
     8    1 H        0.082547
     9    1 H        0.060302
    10    1 H        0.063817
    11    1 H        0.085550
    12    6 C       -0.078022
    13   15 P        0.527744
    14    8 O       -0.352963
    15    6 C       -0.076584
    16    6 C       -0.076878
    17    1 H        0.073429
    18    1 H        0.074778
    19    1 H        0.109498
    20    1 H        0.108340
    21    1 H        0.075619
    22    1 H        0.076368
    23    1 H        0.108246
    24    1 H        0.076157
    25    1 H        0.075139
    26   53 I       -0.004345
    27    7 N       -0.145172
    28    1 H        0.172860
    29    1 H        0.177852
    30    1 H        0.172539
    31   16 S        0.396553
    32    6 C        0.200241
    33    7 N       -0.417245
---------------------------------------------------------

Atomic dipole moments (in atomic units):
---------------------------------------------------------
     #    Z                 x            y            z
---------------------------------------------------------
     1   91 Pa       0.594932     0.289905     0.505350
     2    6 C       -0.001930    -0.030998     0.143493
     3    6 C       -0.148535    -0.106105     0.133818
     4    7 N        0.157643     0.066382     0.068884
     5    6 C       -0.033465     0.029748    -0.219463
     6    6 C        0.074941     0.063610    -0.113839
     7    7 N       -0.266567    -0.114564    -0.119608
     8    1 H        0.091868     0.063487    -0.075133
     9    1 H       -0.002007     0.024523    -0.122358
    10    1 H       -0.081852    -0.060520     0.083743
    11    1 H        0.031805    -0.011456     0.130299
    12    6 C       -0.004254    -0.039703    -0.024318
    13   15 P        0.018610    -0.020607     0.000993
    14    8 O       -0.038200     0.054851     0.005721
    15    6 C        0.046402    -0.000330    -0.011983
    16    6 C        0.011673    -0.026707     0.038362
    17    1 H        0.143899     0.047436    -0.052423
    18    1 H        0.006274    -0.058552     0.149318
    19    1 H       -0.093002     0.126067     0.002648
    20    1 H       -0.098600     0.121765     0.001113
    21    1 H        0.009618    -0.056212     0.150116
    22    1 H       -0.059165    -0.109326    -0.101666
    23    1 H       -0.094124     0.125150    -0.005192
    24    1 H       -0.061232    -0.111368    -0.098122
    25    1 H        0.145902     0.046578    -0.047816
    26   53 I        0.023525     0.013500    -0.113029
    27    7 N        0.138335    -0.218916    -0.040849
    28    1 H        0.112096     0.025746    -0.053869
    29    1 H       -0.062578    -0.072761    -0.077753
    30    1 H        0.018257    -0.063267     0.108495
    31   16 S       -0.262386    -0.263040     0.122062
    32    6 C        0.226976     0.228907    -0.106206
    33    7 N       -0.113578    -0.116615     0.068325
---------------------------------------------------------
           total    -2.062127    -2.258096    -1.483111
---------------------------------------------------------

[Info] JSON dump of results written to 'tblite.json'
