[Info] Molecular spin read from './.UHF'
xTB calculator
 | Coulomb electrostatics
 |  * isotropic Klopman-Ohno electrostatics
 |  * onsite third-order electrostatics
CEH guess
integral cutoff           2.8984055884551E+01 bohr

Atomic charges (in atomic units):
---------------------------------------------------------
     #    Z                 q
---------------------------------------------------------
     1   92 U        0.729758
     2    4 Be       0.173727
     3    4 Be       0.170883
     4    8 O       -0.536612
     5    8 O       -0.537755
---------------------------------------------------------

Atomic dipole moments (in atomic units):
---------------------------------------------------------
     #    Z                 x            y            z
---------------------------------------------------------
     1   92 U       -0.704227     0.165162    -0.121647
     2    4 Be       0.371806     0.313672    -0.026605
     3    4 Be       0.160737    -0.430965     0.121466
     4    8 O        0.004209    -0.015118    -0.074675
     5    8 O       -0.017212     0.018154     0.071437
---------------------------------------------------------
           total     1.645308    -0.357204     0.293600
---------------------------------------------------------

[Info] JSON dump of results written to 'tblite.json'
