[Info] Molecular charge read from '.CHRG'

Charge model parameter:
------------------------------------------------------
   Z          chi/Eh     kcn/Eh     eta/Eh     rad/AA
------------------------------------------------------
  99 Es       1.0593     0.0030     0.5898     0.7145
   9 F        1.5754     0.1570     0.7723     0.9393
   7 N        1.5582     0.0928     0.6565     0.6998
   1 H        1.2370     0.0492     1.0964     0.2919
   8 O        1.5687     0.1169     0.6793     0.6518
  16 S        1.4077     0.0713     0.5171     1.1581
------------------------------------------------------

Electrostatic properties (in atomic units):
--------------------------------------------------
     #    Z              CN          q        chi
--------------------------------------------------
     1   99 Es       7.2385     0.8887     1.0513
     2    9 F        0.9974    -0.3472     1.4186
     3    7 N        3.9022    -0.7776     1.3749
     4    1 H        0.9969     0.2466     1.1879
     5    1 H        1.0455     0.2726     1.1867
     6    1 H        0.9983     0.2612     1.1878
     7    7 N        1.9935    -0.3442     1.4272
     8    7 N        2.0203     0.0291     1.4263
     9    7 N        1.0055    -0.3618     1.4651
    10    8 O        2.8614    -0.5695     1.3709
    11    1 H        1.2479     0.2801     1.1820
    12    1 H        1.1118     0.2638     1.1851
    13    8 O        1.9256    -0.3885     1.4065
    14   16 S        3.9414     0.3458     1.2662
    15    8 O        1.8323    -0.4120     1.4104
    16    8 O        1.8808    -0.3872     1.4083
--------------------------------------------------
     Σ                         -1.0000
--------------------------------------------------

Electrostatic energy:   -1.0261603638241E+00 Eh

[Info] JSON dump of results written to 'multicharge.json'
