[Info] Molecular charge read from '.CHRG'

Charge model parameter:
------------------------------------------------------
   Z          chi/Eh     kcn/Eh     eta/Eh     rad/AA
------------------------------------------------------
  94 Pu       1.0104     0.0049     0.6346     0.6641
   6 C        1.4003     0.0601     0.6166     0.9994
   8 O        1.5687     0.1169     0.6793     0.6518
   7 N        1.5582     0.0928     0.6565     0.6998
   1 H        1.2370     0.0492     1.0964     0.2919
  17 Cl       1.4815     0.1368     0.7586     0.7238
------------------------------------------------------

Electrostatic properties (in atomic units):
--------------------------------------------------
     #    Z              CN          q        chi
--------------------------------------------------
     1   94 Pu       5.9063     0.9122     0.9985
     2    6 C        4.1290     0.0487     1.2783
     3    6 C        3.3571     0.3483     1.2903
     4    8 O        0.9999    -0.1984     1.4518
     5    8 O        1.9932    -0.3145     1.4036
     6    7 N        3.9377    -0.5930     1.3741
     7    1 H        0.9917     0.1886     1.1880
     8    1 H        0.9913     0.1829     1.1880
     9    1 H        1.0079     0.2926     1.1876
    10    1 H        1.0085     0.2926     1.1876
    11   17 Cl       0.9981    -0.0364     1.3448
    12    6 C        3.0225    -0.0002     1.2959
    13    6 C        3.0074    -0.0083     1.2961
    14    6 C        3.3745     0.0938     1.2900
    15    7 N        2.9963    -0.3715     1.3976
    16    6 C        3.2191     0.0886     1.2925
    17    6 C        3.0081    -0.0061     1.2961
    18    1 H        0.9927     0.2056     1.1880
    19    1 H        0.9929     0.1982     1.1880
    20    1 H        0.9966     0.1678     1.1879
    21    1 H        0.9927     0.1723     1.1880
    22    1 H        0.9929     0.1983     1.1880
    23    8 O        2.9534    -0.5312     1.3678
    24    1 H        1.0021     0.3298     1.1877
    25    1 H        1.0010     0.3393     1.1878
--------------------------------------------------
     Σ                          2.0000
--------------------------------------------------

Electrostatic energy:    9.2521704040005E-01 Eh

[Info] JSON dump of results written to 'multicharge.json'
