[Info] Molecular charge read from './.CHRG'
xTB calculator
 | Coulomb electrostatics
 |  * isotropic Klopman-Ohno electrostatics
 |  * onsite third-order electrostatics
CEH guess
integral cutoff           2.3650283084401E+01 bohr

Atomic charges (in atomic units):
---------------------------------------------------------
     #    Z                 q
---------------------------------------------------------
     1   90 Th       0.636903
     2    7 N       -0.024856
     3    6 C        0.051564
     4    6 C       -0.015586
     5    6 C        0.046930
     6    6 C        0.006340
     7    6 C        0.097337
     8    6 C        0.103370
     9    6 C        0.008634
    10    6 C        0.050850
    11    6 C       -0.018147
    12    6 C        0.052709
    13    7 N       -0.023763
    14    1 H        0.050632
    15    1 H        0.057246
    16    1 H        0.044531
    17    1 H        0.055574
    18    1 H        0.058247
    19    1 H        0.046169
    20    1 H        0.055262
    21    1 H        0.045111
    22    6 C        0.053847
    23    8 O       -0.155580
    24    1 H        0.057574
    25    1 H        0.054412
    26    1 H        0.067725
    27    1 H        0.198237
    28    6 C        0.045811
    29    6 C       -0.012209
    30    6 C        0.064173
    31    7 N       -0.012293
    32    6 C        0.041811
    33    6 C       -0.018372
    34    1 H        0.043513
    35    1 H        0.056769
    36    1 H        0.064389
    37    1 H        0.048627
    38    1 H        0.050532
    39    7 N       -0.054939
    40    1 H        0.126719
    41    1 H        0.127999
    42    1 H        0.138977
    43    6 C        0.044503
    44    8 O       -0.230024
    45   15 P        0.411752
    46    8 O       -0.203493
    47    6 C        0.057939
    48    8 O       -0.229540
    49    6 C        0.054937
    50    1 H        0.045810
    51    1 H        0.042555
    52    1 H        0.045307
    53    1 H        0.046846
    54    1 H        0.038243
    55    1 H        0.047244
    56    1 H        0.049019
    57    1 H        0.054857
    58    1 H        0.044078
    59   16 S       -0.033402
    60    6 C        0.072078
    61    7 N       -0.265684
    62    6 C       -0.311102
    63    7 N       -0.154703
---------------------------------------------------------

Atomic dipole moments (in atomic units):
---------------------------------------------------------
     #    Z                 x            y            z
---------------------------------------------------------
     1   90 Th      -0.038731     0.166140     0.262361
     2    7 N        0.135179    -0.098654    -0.182293
     3    6 C       -0.014264    -0.116407     0.139024
     4    6 C       -0.004772    -0.013300     0.029053
     5    6 C       -0.009442     0.008664     0.010451
     6    6 C       -0.027680     0.025197     0.048136
     7    6 C       -0.074590     0.127269     0.071698
     8    6 C       -0.103737     0.102680     0.074712
     9    6 C       -0.037096     0.048308    -0.004036
    10    6 C       -0.013167     0.013198     0.005394
    11    6 C       -0.003592     0.023392    -0.023657
    12    6 C        0.007272     0.094359    -0.153079
    13    7 N        0.134504    -0.200798     0.003885
    14    1 H       -0.047830     0.116473     0.013396
    15    1 H        0.010454     0.089864    -0.103222
    16    1 H        0.060775    -0.043452    -0.112010
    17    1 H        0.046859    -0.128055    -0.008024
    18    1 H        0.083044    -0.045422    -0.099696
    19    1 H        0.070374    -0.114138     0.015281
    20    1 H       -0.012595    -0.063350     0.120309
    21    1 H       -0.073533     0.049024     0.088104
    22    6 C        0.188085    -0.032640     0.251143
    23    8 O       -0.003414     0.081824    -0.058691
    24    1 H        0.081011     0.044428    -0.106874
    25    1 H       -0.096993     0.099389     0.033945
    26    1 H       -0.061348    -0.134715    -0.037402
    27    1 H        0.069287     0.111881     0.004172
    28    6 C       -0.005931    -0.014924    -0.004269
    29    6 C        0.006445    -0.028170    -0.006245
    30    6 C        0.053457    -0.171727    -0.037920
    31    7 N        0.181722     0.160030     0.041568
    32    6 C       -0.163441     0.044247    -0.011096
    33    6 C       -0.031601     0.001357    -0.002402
    34    1 H        0.096296     0.089581     0.029049
    35    1 H       -0.038959     0.128918     0.024818
    36    1 H       -0.125363     0.033480     0.002680
    37    1 H        0.027240    -0.122553    -0.023500
    38    1 H        0.127019    -0.046038     0.004296
    39    7 N       -0.251193     0.035815    -0.037474
    40    1 H       -0.038871    -0.074264    -0.100284
    41    1 H       -0.024595     0.131070    -0.022213
    42    1 H       -0.059934    -0.026702     0.102246
    43    6 C        0.000738    -0.062081    -0.282730
    44    8 O       -0.052690     0.017222     0.057243
    45   15 P       -0.065820    -0.039967     0.043436
    46    8 O       -0.063454     0.027128    -0.022094
    47    6 C        0.290306     0.061490     0.011748
    48    8 O       -0.022952    -0.084105     0.004690
    49    6 C        0.017402     0.257459     0.139178
    50    1 H        0.133681     0.017059     0.045874
    51    1 H       -0.063913    -0.107581     0.063600
    52    1 H       -0.071762     0.120924     0.009720
    53    1 H       -0.038687    -0.075017     0.114067
    54    1 H       -0.024006    -0.072937    -0.117712
    55    1 H       -0.063639     0.125805    -0.000884
    56    1 H        0.087537     0.001671    -0.110509
    57    1 H       -0.133419    -0.017725    -0.046831
    58    1 H        0.033845    -0.094238     0.103404
    59   16 S       -0.107595     0.076417     0.001257
    60    6 C        0.040359     0.014660     0.104448
    61    7 N       -0.116906     0.078140    -0.030121
    62    6 C        0.014029    -0.047647    -0.026701
    63    7 N        0.016136     0.029049     0.040765
---------------------------------------------------------
           total    -0.145434     2.131735     1.079898
---------------------------------------------------------

[Info] JSON dump of results written to 'tblite.json'
