[Info] Molecular charge read from './.CHRG'
[Info] Molecular spin read from './.UHF'
xTB calculator
 | Coulomb electrostatics
 |  * isotropic Klopman-Ohno electrostatics
 |  * onsite third-order electrostatics
CEH guess
integral cutoff           4.0000000000000E+01 bohr

Atomic charges (in atomic units):
---------------------------------------------------------
     #    Z                 q
---------------------------------------------------------
     1  101 Md       0.652912
     2    8 O       -0.606456
     3    1 H        0.068962
     4    6 C       -0.003427
     5    6 C        0.080068
     6    7 N       -0.058869
     7    6 C       -0.007966
     8    6 C       -0.129754
     9    7 N       -0.128270
    10    1 H        0.040266
    11    1 H        0.046669
    12    1 H        0.060225
    13    1 H        0.046156
    14    6 C       -0.118637
    15   15 P        0.154750
    16    6 C       -0.121481
    17    6 C       -0.126657
    18    1 H        0.020531
    19    1 H        0.048917
    20    1 H        0.040786
    21    1 H        0.021128
    22    1 H        0.042024
    23    1 H        0.045488
    24    1 H        0.023236
    25    1 H        0.038706
    26    1 H        0.042314
    27    8 O       -0.406095
    28   16 S        0.357064
    29    8 O       -0.277401
    30    8 O       -0.427879
    31    6 C       -0.272324
    32    7 N       -0.144986
---------------------------------------------------------

Atomic dipole moments (in atomic units):
---------------------------------------------------------
     #    Z                 x            y            z
---------------------------------------------------------
     1  101 Md       0.208920    -0.006389     0.311039
     2    8 O        0.054925     0.079827     0.074643
     3    1 H        0.085142     0.061767     0.079014
     4    6 C        0.070583    -0.086556     0.042886
     5    6 C        0.177287     0.057502     0.146839
     6    7 N       -0.168751     0.155264     0.105194
     7    6 C        0.000700     0.047210    -0.137747
     8    6 C       -0.124502     0.117311    -0.087056
     9    7 N        0.259135    -0.066588    -0.092352
    10    1 H       -0.099203     0.059743    -0.061026
    11    1 H       -0.013397    -0.002097    -0.112282
    12    1 H        0.083620    -0.085421     0.050069
    13    1 H       -0.015492    -0.039536     0.125679
    14    6 C       -0.001377    -0.010303    -0.033280
    15   15 P       -0.008967    -0.103961     0.014405
    16    6 C        0.023772    -0.006827     0.009524
    17    6 C       -0.015271    -0.001184     0.018681
    18    1 H       -0.006296    -0.148020     0.003861
    19    1 H       -0.110692     0.065556     0.085831
    20    1 H        0.137362     0.055958     0.039443
    21    1 H        0.007731    -0.144278     0.036766
    22    1 H       -0.015994     0.026148    -0.150276
    23    1 H       -0.108188     0.079107     0.077751
    24    1 H       -0.021115    -0.140492     0.050535
    25    1 H        0.136151     0.066222     0.033654
    26    1 H       -0.029979     0.022619    -0.150079
    27    8 O       -0.068262     0.022241    -0.069645
    28   16 S       -0.057707    -0.051312     0.005715
    29    8 O        0.029705    -0.095588    -0.054763
    30    8 O        0.002737     0.016833     0.098891
    31    6 C       -0.003587    -0.012348     0.020852
    32    7 N        0.032789     0.064093     0.090233
---------------------------------------------------------
           total    -1.211063    -2.229465     2.802349
---------------------------------------------------------

[Info] JSON dump of results written to 'tblite.json'
