[Info] Molecular spin read from './.UHF'
xTB calculator
 | Coulomb electrostatics
 |  * isotropic Klopman-Ohno electrostatics
 |  * onsite third-order electrostatics
CEH guess
integral cutoff           4.0000000000000E+01 bohr

Atomic charges (in atomic units):
---------------------------------------------------------
     #    Z                 q
---------------------------------------------------------
     1  103 Lr       0.498139
     2   53 I       -0.144777
     3   53 I       -0.101445
     4   53 I       -0.148787
     5   53 I       -0.103129
---------------------------------------------------------

Atomic dipole moments (in atomic units):
---------------------------------------------------------
     #    Z                 x            y            z
---------------------------------------------------------
     1  103 Lr       0.076926     0.069146    -0.125426
     2   53 I       -0.056349    -0.052351     0.000877
     3   53 I        0.011827     0.072581    -0.076176
     4   53 I        0.037604     0.007137     0.071165
     5   53 I        0.047920     0.035960    -0.089560
---------------------------------------------------------
           total     0.201618     0.189977    -0.302982
---------------------------------------------------------

[Info] JSON dump of results written to 'tblite.json'
