Charge model parameter:
------------------------------------------------------
   Z          chi/Eh     kcn/Eh     eta/Eh     rad/AA
------------------------------------------------------
  93 Np       1.1090     0.0071     0.5649     0.7462
   3 Li       0.5434    -0.1235     0.9742     0.4791
   1 H        1.2370     0.0492     1.0964     0.2919
------------------------------------------------------

Electrostatic properties (in atomic units):
--------------------------------------------------
     #    Z              CN          q        chi
--------------------------------------------------
     1   93 Np       4.7311    -0.1216     1.0936
     2    3 Li       2.2757     0.3697     0.7297
     3    3 Li       3.1953     0.3625     0.7642
     4    1 H        1.8393    -0.1981     1.1703
     5    1 H        1.8052    -0.2149     1.1709
     6    1 H        1.8401    -0.1976     1.1703
--------------------------------------------------
     Σ                          0.0000
--------------------------------------------------

Electrostatic energy:   -1.5045499384367E-01 Eh

[Info] JSON dump of results written to 'multicharge.json'
