[Info] Molecular charge read from '.CHRG'

Charge model parameter:
------------------------------------------------------
   Z          chi/Eh     kcn/Eh     eta/Eh     rad/AA
------------------------------------------------------
  98 Cf       1.0089     0.0039     0.6196     0.6803
  15 P        1.5267     0.1425     0.7308     0.7313
  53 I        1.4034     0.0897     0.3054     2.0116
  12 Mg       0.7237    -0.0771     0.6936     0.6474
------------------------------------------------------

Electrostatic properties (in atomic units):
--------------------------------------------------
     #    Z              CN          q        chi
--------------------------------------------------
     1   98 Cf       2.7280     0.6011     1.0025
     2   15 P        0.9908    -0.1629     1.3849
     3   53 I        1.9460    -0.2564     1.2783
     4   12 Mg       1.7140     0.8181     0.8247
--------------------------------------------------
     Σ                          1.0000
--------------------------------------------------

Electrostatic energy:    3.6201958588117E-01 Eh

[Info] JSON dump of results written to 'multicharge.json'
