Charge model parameter:
------------------------------------------------------
   Z          chi/Eh     kcn/Eh     eta/Eh     rad/AA
------------------------------------------------------
  90 Th       1.0989     0.0159     0.6181     0.6812
  11 Na       0.5594    -0.1000     0.8641     0.6787
  53 I        1.4034     0.0897     0.3054     2.0116
------------------------------------------------------

Electrostatic properties (in atomic units):
--------------------------------------------------
     #    Z              CN          q        chi
--------------------------------------------------
     1   90 Th       1.8318     0.2067     1.0774
     2   11 Na       0.8367     0.6378     0.6509
     3   53 I        0.9959    -0.8445     1.3139
--------------------------------------------------
     Σ                          0.0000
--------------------------------------------------

Electrostatic energy:   -2.3588816220563E-01 Eh

[Info] JSON dump of results written to 'multicharge.json'
