xTB calculator
 | Coulomb electrostatics
 |  * isotropic Klopman-Ohno electrostatics
 |  * onsite third-order electrostatics
CEH guess
integral cutoff           4.0000000000000E+01 bohr

Atomic charges (in atomic units):
---------------------------------------------------------
     #    Z                 q
---------------------------------------------------------
     1  102 No       0.553392
     2    7 N       -0.190208
     3    6 C       -0.004691
     4    6 C        0.004205
     5    7 N       -0.158804
     6    1 H        0.084088
     7    1 H        0.099873
     8    1 H        0.064887
     9    1 H        0.052790
    10    1 H        0.051415
    11    1 H        0.071805
    12    1 H        0.091731
    13    1 H        0.105599
    14    6 C       -0.322332
    15    7 N       -0.310103
    16    8 O       -0.592161
    17    1 H        0.075372
    18    6 C        0.041565
    19    8 O       -0.254861
    20   15 P        0.531649
    21    8 O       -0.222040
    22    6 C        0.035358
    23    8 O       -0.217502
    24    6 C        0.045326
    25    1 H        0.033639
    26    1 H        0.041537
    27    1 H        0.028620
    28    1 H        0.054483
    29    1 H        0.035067
    30    1 H        0.039884
    31    1 H        0.045340
    32    1 H        0.034361
    33    1 H        0.050715
---------------------------------------------------------

Atomic dipole moments (in atomic units):
---------------------------------------------------------
     #    Z                 x            y            z
---------------------------------------------------------
     1  102 No       0.076940    -0.614270    -0.056063
     2    7 N       -0.048204    -0.326010     0.191736
     3    6 C       -0.124523     0.177018    -0.006168
     4    6 C       -0.018289     0.146893    -0.137135
     5    7 N        0.272227    -0.219091     0.131780
     6    1 H       -0.034971     0.029203     0.071549
     7    1 H       -0.039354    -0.042637    -0.073044
     8    1 H        0.070037    -0.014014    -0.097103
     9    1 H       -0.036227    -0.099442     0.051886
    10    1 H        0.103034    -0.057615     0.019333
    11    1 H       -0.073631     0.021720     0.089341
    12    1 H        0.050741    -0.008792    -0.075062
    13    1 H        0.018365     0.058229     0.070661
    14    6 C        0.026733     0.068460     0.022799
    15    7 N       -0.032715    -0.073267    -0.020832
    16    8 O       -0.010621     0.037770     0.126364
    17    1 H       -0.031847     0.016890     0.127810
    18    6 C        0.266435     0.004805    -0.120983
    19    8 O       -0.046009    -0.029030     0.054687
    20   15 P       -0.090005     0.056100     0.101888
    21    8 O       -0.044717     0.075804    -0.054833
    22    6 C        0.073353    -0.039523     0.252313
    23    8 O       -0.037711     0.037512     0.064220
    24    6 C       -0.027630    -0.234574    -0.155585
    25    1 H       -0.048880     0.128629     0.017340
    26    1 H        0.014063    -0.061589     0.121401
    27    1 H       -0.086344    -0.071880    -0.079338
    28    1 H        0.061560    -0.090772    -0.081465
    29    1 H        0.034012     0.124737    -0.020122
    30    1 H       -0.137155    -0.008506    -0.008465
    31    1 H       -0.003330    -0.038636     0.129659
    32    1 H       -0.108133     0.080344    -0.032974
    33    1 H        0.126895     0.052511    -0.030926
---------------------------------------------------------
           total    -2.273120    -3.985581    -0.082383
---------------------------------------------------------

[Info] JSON dump of results written to 'tblite.json'
