[Info] Molecular charge read from './.CHRG'
[Info] Molecular spin read from './.UHF'
xTB calculator
 | Coulomb electrostatics
 |  * isotropic Klopman-Ohno electrostatics
 |  * onsite third-order electrostatics
CEH guess
integral cutoff           4.0000000000000E+01 bohr

Atomic charges (in atomic units):
---------------------------------------------------------
     #    Z                 q
---------------------------------------------------------
     1  100 Fm       0.613632
     2    7 N        0.073614
     3    8 O       -0.064570
     4    8 O       -0.063272
     5   35 Br      -0.353123
     6    6 C       -0.108534
     7   15 P        0.367945
     8    8 O       -0.338032
     9    6 C       -0.105005
    10    6 C       -0.097112
    11    1 H        0.053085
    12    1 H        0.051536
    13    1 H        0.071108
    14    1 H        0.070763
    15    1 H        0.054663
    16    1 H        0.055518
    17    1 H        0.070379
    18    1 H        0.057182
    19    1 H        0.056180
    20    6 C       -0.018093
    21    6 C       -0.038275
    22    6 C        0.009090
    23    6 C       -0.000058
    24    6 C       -0.009426
    25    6 C       -0.042546
    26    6 C        0.238865
    27    8 O       -0.126824
    28    8 O       -0.126184
    29    1 H        0.040146
    30    1 H        0.039522
    31    1 H        0.044440
    32    1 H        0.026957
    33    1 H        0.035262
    34    1 H        0.189381
    35    6 C       -0.104175
    36   15 P        0.372057
    37    8 O       -0.338430
    38    6 C       -0.106688
    39    6 C       -0.092914
    40    1 H        0.054325
    41    1 H        0.051125
    42    1 H        0.072688
    43    1 H        0.071808
    44    1 H        0.052421
    45    1 H        0.054723
    46    1 H        0.072783
    47    1 H        0.056410
    48    1 H        0.055656
---------------------------------------------------------

Atomic dipole moments (in atomic units):
---------------------------------------------------------
     #    Z                 x            y            z
---------------------------------------------------------
     1  100 Fm      -0.349582     0.049881     0.290408
     2    7 N       -0.060782    -0.256728    -0.133758
     3    8 O       -0.011417    -0.029307     0.185216
     4    8 O        0.031085     0.132406    -0.126129
     5   35 Br      -0.017503    -0.027613     0.014867
     6    6 C        0.001448    -0.013372     0.011628
     7   15 P       -0.026559     0.104764    -0.036539
     8    8 O        0.013448     0.003272    -0.006313
     9    6 C        0.003186    -0.018064    -0.008328
    10    6 C        0.021036    -0.003527     0.007690
    11    1 H        0.007700    -0.111498    -0.116468
    12    1 H        0.145925     0.035469     0.051351
    13    1 H       -0.080571     0.127984    -0.045682
    14    1 H       -0.074767     0.129046    -0.046415
    15    1 H        0.152683     0.031110     0.035641
    16    1 H       -0.071982    -0.067412     0.125502
    17    1 H       -0.065109     0.136469    -0.040668
    18    1 H       -0.074456    -0.063466     0.125108
    19    1 H       -0.000510    -0.102225    -0.121745
    20    6 C       -0.017937     0.001137    -0.000947
    21    6 C       -0.004911    -0.003597     0.013783
    22    6 C       -0.036936    -0.005586     0.022114
    23    6 C       -0.051569     0.005928    -0.011029
    24    6 C       -0.019558     0.009052    -0.028402
    25    6 C        0.001064     0.005619    -0.015241
    26    6 C       -0.001451     0.076975    -0.118195
    27    8 O        0.040349     0.038404    -0.052050
    28    8 O        0.091041    -0.017183     0.044861
    29    1 H        0.126840    -0.011547     0.043630
    30    1 H        0.101563     0.022522    -0.084583
    31    1 H       -0.014250     0.029196    -0.135019
    32    1 H       -0.109153    -0.024327     0.083458
    33    1 H        0.021970    -0.034549     0.126516
    34    1 H        0.109085     0.048097    -0.022112
    35    6 C       -0.002275     0.016950     0.008687
    36   15 P       -0.044319    -0.087074    -0.041997
    37    8 O       -0.001054     0.005757    -0.019119
    38    6 C        0.016714     0.007306     0.009466
    39    6 C        0.008937     0.015896    -0.013023
    40    1 H        0.129957    -0.034263     0.087291
    41    1 H        0.039389     0.088536    -0.126859
    42    1 H       -0.077553    -0.131508    -0.041020
    43    1 H       -0.072668    -0.135556    -0.036894
    44    1 H        0.051101     0.077774    -0.130100
    45    1 H       -0.094411     0.094671     0.089532
    46    1 H       -0.072532    -0.132341    -0.043614
    47    1 H       -0.095580     0.092594     0.086614
    48    1 H        0.131304    -0.030947     0.082849
---------------------------------------------------------
           total    -1.612289     0.596368     0.504303
---------------------------------------------------------

[Info] JSON dump of results written to 'tblite.json'
