[Info] Molecular charge read from './.CHRG'
xTB calculator
 | Coulomb electrostatics
 |  * isotropic Klopman-Ohno electrostatics
 |  * onsite third-order electrostatics
CEH guess
integral cutoff           4.0000000000000E+01 bohr

Atomic charges (in atomic units):
---------------------------------------------------------
     #    Z                 q
---------------------------------------------------------
     1  103 Lr       0.632985
     2   16 S       -0.366750
     3    6 C       -0.037026
     4    7 N       -0.318841
     5    6 C       -0.067178
     6    6 C       -0.044134
     7    8 O       -0.422324
     8    1 H        0.034928
     9    1 H        0.022128
    10    1 H        0.017275
    11    1 H        0.020454
    12    1 H        0.015533
    13    7 N       -0.360888
    14    7 N        0.070194
    15    7 N       -0.360595
    16    6 C       -0.052448
    17    6 C        0.037593
    18    8 O       -0.149364
    19    1 H        0.049638
    20    1 H        0.032432
    21    1 H        0.024457
    22    1 H        0.040876
    23    1 H        0.059661
    24    1 H        0.133605
    25    9 F       -0.530476
    26    6 C       -0.066320
    27    8 O       -0.456136
    28    1 H        0.018882
    29    1 H        0.008074
    30    1 H        0.009371
    31    6 C        0.006281
    32    8 O       -0.192027
    33    1 H        0.039904
    34    1 H        0.021781
    35    1 H        0.061444
    36    1 H        0.067010
---------------------------------------------------------

Atomic dipole moments (in atomic units):
---------------------------------------------------------
     #    Z                 x            y            z
---------------------------------------------------------
     1  103 Lr      -0.404615     0.469790     0.037545
     2   16 S       -0.012671     0.065726     0.039430
     3    6 C       -0.017299     0.101905     0.008269
     4    7 N       -0.016366     0.051118    -0.007194
     5    6 C        0.003029     0.085616     0.014127
     6    6 C        0.119159     0.020453     0.112908
     7    8 O       -0.081861    -0.019566    -0.081457
     8    1 H       -0.087077    -0.035460    -0.106932
     9    1 H       -0.036250    -0.057924     0.123426
    10    1 H        0.134453    -0.020119    -0.029239
    11    1 H       -0.111611     0.016381     0.019385
    12    1 H        0.029995     0.038674    -0.092100
    13    7 N        0.355842    -0.109487     0.225742
    14    7 N       -0.042893     0.026113    -0.031637
    15    7 N       -0.326697     0.106034    -0.209647
    16    6 C       -0.056741     0.019276    -0.068369
    17    6 C       -0.180711    -0.173529    -0.027884
    18    8 O        0.125846    -0.037769    -0.012325
    19    1 H        0.108793     0.090149     0.026025
    20    1 H        0.042984    -0.135777    -0.015762
    21    1 H       -0.101939     0.002021     0.090815
    22    1 H        0.084814     0.001061    -0.091147
    23    1 H       -0.045151     0.113366     0.036505
    24    1 H        0.040588    -0.078734    -0.044452
    25    9 F       -0.009732     0.009460    -0.015265
    26    6 C        0.038922    -0.141081    -0.165042
    27    8 O       -0.038502     0.065554     0.091262
    28    1 H        0.069962    -0.006330     0.101556
    29    1 H       -0.110234    -0.019279     0.040858
    30    1 H        0.004216     0.121420    -0.025817
    31    6 C       -0.073200     0.071919    -0.249941
    32    8 O        0.008848    -0.136570     0.021441
    33    1 H        0.089795    -0.090694    -0.020246
    34    1 H       -0.103866    -0.046264     0.070320
    35    1 H        0.060832     0.101647     0.078576
    36    1 H       -0.022804    -0.061245    -0.024448
---------------------------------------------------------
           total    -0.576860     4.307906     1.477625
---------------------------------------------------------

[Info] JSON dump of results written to 'tblite.json'
