[Info] Molecular charge read from '.CHRG'

Charge model parameter:
------------------------------------------------------
   Z          chi/Eh     kcn/Eh     eta/Eh     rad/AA
------------------------------------------------------
 103 Lr       1.1371     0.0068     0.5937     0.7095
  31 Ga       1.1502    -0.0106     0.5340     0.9361
  33 As       1.3631     0.0766     0.5208     1.2766
  34 Se       1.3649     0.0656     0.4617     1.1999
------------------------------------------------------

Electrostatic properties (in atomic units):
--------------------------------------------------
     #    Z              CN          q        chi
--------------------------------------------------
     1  103 Lr       2.0537     0.4545     1.1275
     2   31 Ga       2.0567     0.4196     1.1653
     3   33 As       1.9222     0.0949     1.2570
     4   34 Se       1.9657     0.0310     1.2729
--------------------------------------------------
     Σ                          1.0000
--------------------------------------------------

Electrostatic energy:    5.8007678928842E-01 Eh

[Info] JSON dump of results written to 'multicharge.json'
