Charge model parameter:
------------------------------------------------------
   Z          chi/Eh     kcn/Eh     eta/Eh     rad/AA
------------------------------------------------------
  90 Th       1.0989     0.0159     0.6181     0.6812
   6 C        1.4003     0.0601     0.6166     0.9994
   8 O        1.5687     0.1169     0.6793     0.6518
   1 H        1.2370     0.0492     1.0964     0.2919
  16 S        1.4077     0.0713     0.5171     1.1581
   7 N        1.5582     0.0928     0.6565     0.6998
------------------------------------------------------

Electrostatic properties (in atomic units):
--------------------------------------------------
     #    Z              CN          q        chi
--------------------------------------------------
     1   90 Th       6.6717     0.8686     1.0578
     2    6 C        3.9606    -0.1720     1.2808
     3    6 C        3.1623     0.1069     1.2935
     4    6 C        3.0019    -0.0745     1.2962
     5    6 C        3.1521     0.1076     1.2937
     6    8 O        1.9864    -0.2975     1.4039
     7    6 C        3.9606    -0.1716     1.2808
     8    8 O        1.9897    -0.3061     1.4038
     9    1 H        0.9923     0.1111     1.1880
    10    1 H        0.9916     0.1349     1.1880
    11    1 H        0.9916     0.1320     1.1880
    12    1 H        0.9933     0.1133     1.1880
    13    1 H        0.9923     0.1112     1.1880
    14    1 H        0.9915     0.1320     1.1880
    15    1 H        0.9916     0.1362     1.1880
    16    6 C        2.1999     0.2499     1.3112
    17    8 O        1.9899    -0.2954     1.4038
    18    8 O        1.3769    -0.3124     1.4315
    19   16 S        2.7778     0.3974     1.2889
    20    8 O        0.9991    -0.3481     1.4518
    21    8 O        1.9915    -0.2933     1.4037
    22    6 C        3.9575    -0.1397     1.2808
    23    6 C        2.0579     0.1269     1.3141
    24    7 N        1.9405    -0.3161     1.4289
    25    1 H        0.9905     0.1753     1.1880
    26    1 H        0.9920     0.1336     1.1880
    27    1 H        0.9920     0.1351     1.1880
    28    7 N        2.0002    -0.2677     1.4270
    29    7 N        2.0658     0.0675     1.4248
    30    7 N        1.0054    -0.2449     1.4651
--------------------------------------------------
     Σ                          0.0000
--------------------------------------------------

Electrostatic energy:   -3.3683558344145E-01 Eh

[Info] JSON dump of results written to 'multicharge.json'
