[Info] Molecular charge read from './.CHRG'
xTB calculator
 | Coulomb electrostatics
 |  * isotropic Klopman-Ohno electrostatics
 |  * onsite third-order electrostatics
CEH guess
integral cutoff           4.0000000000000E+01 bohr

Atomic charges (in atomic units):
---------------------------------------------------------
     #    Z                 q
---------------------------------------------------------
     1  102 No       0.468058
     2    7 N       -0.107758
     3    6 C        0.026145
     4    6 C       -0.024761
     5    6 C        0.027838
     6    6 C       -0.003739
     7    6 C        0.066276
     8    6 C        0.065722
     9    6 C       -0.001701
    10    6 C        0.029369
    11    6 C       -0.027681
    12    6 C        0.026661
    13    7 N       -0.116736
    14    1 H        0.052444
    15    1 H        0.035357
    16    1 H        0.025631
    17    1 H        0.036837
    18    1 H        0.036961
    19    1 H        0.025347
    20    1 H        0.034826
    21    1 H        0.062514
    22    6 C       -0.015705
    23    6 C       -0.038912
    24    6 C       -0.018938
    25    6 C       -0.052295
    26    6 C       -0.024547
    27    6 C       -0.039656
    28    6 C        0.096780
    29    8 O       -0.318863
    30    8 O       -0.336451
    31    1 H        0.032247
    32    1 H        0.023620
    33    1 H        0.025721
    34    1 H        0.029347
    35    1 H        0.025458
    36    6 C       -0.363658
    37    7 N       -0.342181
    38    6 C        0.032207
    39    6 C        0.024591
    40    7 N       -0.062991
    41    6 C        0.024686
    42    6 C        0.033444
    43    7 N       -0.105156
    44    1 H        0.043685
    45    1 H        0.044214
    46    1 H        0.046354
    47    1 H        0.044323
    48    6 C       -0.000784
    49    8 O       -0.219129
    50    1 H        0.033470
    51    1 H        0.035721
    52    1 H        0.064754
    53    1 H        0.113444
    54   16 S       -0.345512
    55    6 C       -0.034466
    56    7 N       -0.339868
    57    7 N       -0.232215
    58    1 H        0.073610
    59    1 H        0.075266
    60    1 H        0.071381
    61    6 C        0.004126
    62    6 C       -0.050192
    63    6 C       -0.045608
    64    6 C        0.009309
    65    8 O       -0.133923
    66    1 H        0.075443
    67    1 H        0.023310
    68    1 H        0.052428
    69    1 H        0.032772
    70    1 H        0.047350
    71    1 H        0.037272
    72    1 H        0.023893
    73    1 H        0.083214
---------------------------------------------------------

Atomic dipole moments (in atomic units):
---------------------------------------------------------
     #    Z                 x            y            z
---------------------------------------------------------
     1  102 No       0.330561     0.214925     0.028010
     2    7 N       -0.051315     0.094953    -0.291624
     3    6 C        0.136251     0.046266     0.063938
     4    6 C        0.022372     0.012906     0.007741
     5    6 C       -0.004980    -0.004712     0.007983
     6    6 C        0.005241    -0.012630     0.046763
     7    6 C       -0.034065    -0.070065     0.134275
     8    6 C       -0.025569    -0.107003     0.108179
     9    6 C       -0.019030    -0.042391     0.017801
    10    6 C       -0.001330    -0.008417     0.006599
    11    6 C       -0.018522    -0.005170    -0.014745
    12    6 C       -0.139643    -0.036268    -0.070103
    13    7 N        0.144638     0.242949    -0.139153
    14    1 H       -0.059037    -0.072131     0.078275
    15    1 H       -0.118138    -0.044954    -0.039557
    16    1 H       -0.034079     0.034011    -0.122824
    17    1 H        0.086192     0.070066    -0.072782
    18    1 H       -0.048143     0.070472    -0.101861
    19    1 H        0.070508     0.101245    -0.045053
    20    1 H        0.109996     0.025884     0.069725
    21    1 H        0.026402    -0.068678     0.103372
    22    6 C       -0.004810    -0.009791     0.000406
    23    6 C       -0.012013     0.009560    -0.003435
    24    6 C       -0.021077    -0.014215    -0.004721
    25    6 C       -0.012211    -0.021741    -0.003826
    26    6 C       -0.007614    -0.027855     0.001041
    27    6 C        0.013945    -0.008412     0.006977
    28    6 C       -0.025488     0.026429    -0.007981
    29    8 O       -0.057433     0.086157    -0.014243
    30    8 O        0.102833    -0.002840     0.017790
    31    1 H        0.067419     0.117824     0.001305
    32    1 H        0.123245     0.001981     0.044321
    33    1 H        0.054182    -0.117761     0.036561
    34    1 H       -0.126527    -0.010357    -0.048439
    35    1 H       -0.061528     0.105881    -0.045449
    36    6 C       -0.001889    -0.152614     0.041198
    37    7 N       -0.006213     0.043643    -0.010523
    38    6 C        0.043695    -0.155915     0.009958
    39    6 C        0.049137    -0.088725    -0.137061
    40    7 N       -0.026464    -0.115098     0.296124
    41    6 C       -0.039195     0.162262    -0.041529
    42    6 C       -0.052853     0.109999     0.107534
    43    7 N        0.019501     0.115010    -0.298865
    44    1 H       -0.037974     0.073993     0.091334
    45    1 H       -0.023770     0.119231    -0.023704
    46    1 H        0.036679    -0.065242    -0.093438
    47    1 H        0.031318    -0.117604     0.022069
    48    6 C       -0.140277     0.185461     0.155083
    49    8 O        0.128848    -0.012761     0.008140
    50    1 H        0.049507    -0.096996     0.078534
    51    1 H        0.100062     0.063955    -0.059697
    52    1 H       -0.083059    -0.059759    -0.103962
    53    1 H        0.046288     0.030287     0.045049
    54   16 S       -0.016977     0.044239     0.046119
    55    6 C       -0.054288     0.025020     0.081376
    56    7 N       -0.030805     0.021504     0.055006
    57    7 N        0.307411     0.227492    -0.161751
    58    1 H        0.000176     0.082953     0.069319
    59    1 H       -0.028588     0.015338    -0.097526
    60    1 H        0.072249    -0.056730     0.000764
    61    6 C        0.111475     0.174619    -0.138650
    62    6 C        0.087037     0.082217     0.031540
    63    6 C        0.083824    -0.045294     0.088912
    64    6 C        0.055456    -0.234866     0.076691
    65    8 O       -0.132207     0.014958     0.003721
    66    1 H        0.055084    -0.119094     0.014913
    67    1 H       -0.048181     0.047332     0.098445
    68    1 H       -0.117073    -0.015384     0.061209
    69    1 H        0.041383    -0.087291    -0.085613
    70    1 H       -0.103793     0.072377     0.033641
    71    1 H        0.028834    -0.017388    -0.125981
    72    1 H       -0.038903     0.066467     0.090275
    73    1 H        0.082459     0.065925    -0.083988
---------------------------------------------------------
           total    -1.013878     1.944330     0.007866
---------------------------------------------------------

[Info] JSON dump of results written to 'tblite.json'
