Charge model parameter:
------------------------------------------------------
   Z          chi/Eh     kcn/Eh     eta/Eh     rad/AA
------------------------------------------------------
  99 Es       1.0593     0.0030     0.5898     0.7145
   3 Li       0.5434    -0.1235     0.9742     0.4791
   1 H        1.2370     0.0492     1.0964     0.2919
------------------------------------------------------

Electrostatic properties (in atomic units):
--------------------------------------------------
     #    Z              CN          q        chi
--------------------------------------------------
     1   99 Es       2.6582    -0.0166     1.0544
     2    3 Li       1.9039     0.4101     0.7138
     3    1 H        1.7389    -0.2299     1.1721
     4    1 H        0.9292    -0.1635     1.1896
--------------------------------------------------
     Σ                          0.0000
--------------------------------------------------

Electrostatic energy:   -9.4417088565334E-02 Eh

[Info] JSON dump of results written to 'multicharge.json'
