[Info] Molecular charge read from '.CHRG'

Charge model parameter:
------------------------------------------------------
   Z          chi/Eh     kcn/Eh     eta/Eh     rad/AA
------------------------------------------------------
  93 Np       1.1090     0.0071     0.5649     0.7462
  12 Mg       0.7237    -0.0771     0.6936     0.6474
  17 Cl       1.4815     0.1368     0.7586     0.7238
   3 Li       0.5434    -0.1235     0.9742     0.4791
------------------------------------------------------

Electrostatic properties (in atomic units):
--------------------------------------------------
     #    Z              CN          q        chi
--------------------------------------------------
     1   93 Np       1.7493     0.4301     1.0997
     2   12 Mg       0.7565     0.9188     0.7908
     3   17 Cl       1.9751    -0.1627     1.2893
     4    3 Li       0.9828     0.8137     0.6659
--------------------------------------------------
     Σ                          2.0000
--------------------------------------------------

Electrostatic energy:    7.6586081624560E-01 Eh

[Info] JSON dump of results written to 'multicharge.json'
