[Info] Molecular spin read from './.UHF'
xTB calculator
 | Coulomb electrostatics
 |  * isotropic Klopman-Ohno electrostatics
 |  * onsite third-order electrostatics
CEH guess
integral cutoff           4.0000000000000E+01 bohr

Atomic charges (in atomic units):
---------------------------------------------------------
     #    Z                 q
---------------------------------------------------------
     1   99 Es       0.571522
     2    6 C       -0.122402
     3    6 C        0.043071
     4    7 N       -0.099829
     5    1 H        0.067203
     6    1 H        0.065156
     7    1 H        0.062015
     8    6 C       -0.110124
     9    6 C        0.080564
    10    7 N       -0.105715
    11    1 H        0.069173
    12    1 H        0.069074
    13    1 H        0.068764
    14    6 C       -0.107890
    15    6 C        0.095907
    16    7 N       -0.084456
    17    1 H        0.069262
    18    1 H        0.069657
    19    1 H        0.067914
    20    6 C        0.092117
    21    8 O        0.161475
    22    7 N       -0.128945
    23    1 H        0.097631
    24    1 H        0.088030
    25    1 H        0.096322
    26    6 C       -0.194848
    27    7 N       -0.231793
    28   35 Br      -0.426524
    29    6 C       -0.236217
    30    7 N       -0.205405
    31    6 C       -0.015988
    32    6 C       -0.037632
    33    6 C        0.004366
    34    6 C       -0.028896
    35    6 C       -0.012521
    36    6 C       -0.039845
    37    6 C        0.229594
    38    8 O       -0.178020
    39    8 O       -0.152924
    40    1 H        0.036620
    41    1 H        0.034378
    42    1 H        0.040195
    43    1 H        0.020048
    44    1 H        0.031063
    45    1 H        0.188853
---------------------------------------------------------

Atomic dipole moments (in atomic units):
---------------------------------------------------------
     #    Z                 x            y            z
---------------------------------------------------------
     1   99 Es       0.230340     0.300092    -0.078538
     2    6 C        0.006927     0.001017    -0.002542
     3    6 C       -0.168009    -0.156546     0.155545
     4    7 N        0.022066     0.008616    -0.006999
     5    1 H       -0.104916     0.091978     0.052925
     6    1 H        0.097098    -0.049289     0.097801
     7    1 H       -0.053142    -0.104176    -0.091657
     8    6 C       -0.006544     0.001173    -0.000394
     9    6 C        0.234323    -0.055710    -0.023266
    10    7 N       -0.024650    -0.011866     0.001320
    11    1 H        0.085342     0.124609    -0.008536
    12    1 H       -0.007364    -0.084173    -0.124187
    13    1 H        0.015376    -0.080532     0.124974
    14    6 C       -0.000654     0.000251    -0.003323
    15    6 C       -0.059223    -0.051864     0.224604
    16    7 N        0.009163    -0.005618    -0.030047
    17    1 H       -0.089877    -0.115048    -0.035589
    18    1 H       -0.062549     0.119209     0.071161
    19    1 H        0.132685    -0.045829     0.051494
    20    6 C       -0.081333    -0.061631    -0.083244
    21    8 O       -0.044598    -0.039275    -0.036527
    22    7 N       -0.130120     0.238460    -0.192252
    23    1 H        0.062561    -0.029022    -0.095950
    24    1 H        0.038230     0.087766     0.062517
    25    1 H       -0.099460    -0.026136     0.006799
    26    6 C        0.041314     0.004971    -0.037642
    27    7 N       -0.009036     0.010681     0.005838
    28   35 Br      -0.004214     0.024951    -0.029100
    29    6 C       -0.022435     0.003120     0.043694
    30    7 N       -0.050127     0.017051     0.077481
    31    6 C       -0.015312     0.007274     0.001122
    32    6 C        0.002047     0.007709     0.012179
    33    6 C       -0.030593     0.027218     0.024830
    34    6 C       -0.037329     0.016340     0.000030
    35    6 C       -0.038810    -0.001376    -0.020280
    36    6 C       -0.003872    -0.007338    -0.015043
    37    6 C       -0.049906    -0.030601    -0.134655
    38    8 O        0.036394    -0.042860    -0.059720
    39    8 O        0.100908    -0.011079     0.023657
    40    1 H        0.130626    -0.031166     0.012973
    41    1 H        0.058058    -0.079144    -0.090725
    42    1 H       -0.063635    -0.059252    -0.106533
    43    1 H       -0.061265     0.074505     0.086693
    44    1 H        0.066063     0.049039     0.104256
    45    1 H        0.097810    -0.015637    -0.071300
---------------------------------------------------------
           total    -0.949561    -0.031633    -2.277488
---------------------------------------------------------

[Info] JSON dump of results written to 'tblite.json'
