Charge model parameter:
------------------------------------------------------
   Z          chi/Eh     kcn/Eh     eta/Eh     rad/AA
------------------------------------------------------
 101 Md       1.1131     0.0055     0.6097     0.6919
   6 C        1.4003     0.0601     0.6166     0.9994
   8 O        1.5687     0.1169     0.6793     0.6518
   7 N        1.5582     0.0928     0.6565     0.6998
  53 I        1.4034     0.0897     0.3054     2.0116
------------------------------------------------------

Electrostatic properties (in atomic units):
--------------------------------------------------
     #    Z              CN          q        chi
--------------------------------------------------
     1  101 Md       5.8136     0.6680     1.0999
     2    6 C        1.9588     0.1719     1.3162
     3    8 O        1.0019    -0.2425     1.4517
     4    7 N        2.0031    -0.2662     1.4269
     5    7 N        2.1488     0.1008     1.4222
     6    7 N        1.0055    -0.1783     1.4651
     7    7 N        3.8286     0.1928     1.3766
     8    8 O        1.0017    -0.1800     1.4517
     9    8 O        1.9883    -0.1888     1.4038
    10    8 O        1.9862    -0.1877     1.4039
    11   53 I        0.9974     0.1101     1.3138
--------------------------------------------------
     Σ                         -0.0000
--------------------------------------------------

Electrostatic energy:   -1.3435401769517E-01 Eh

[Info] JSON dump of results written to 'multicharge.json'
