xTB calculator
 | Coulomb electrostatics
 |  * isotropic Klopman-Ohno electrostatics
 |  * onsite third-order electrostatics
CEH guess
integral cutoff           4.0000000000000E+01 bohr

Atomic charges (in atomic units):
---------------------------------------------------------
     #    Z                 q
---------------------------------------------------------
     1  103 Lr       0.176096
     2   17 Cl      -0.176096
---------------------------------------------------------

Atomic dipole moments (in atomic units):
---------------------------------------------------------
     #    Z                 x            y            z
---------------------------------------------------------
     1  103 Lr       0.080700     0.139777    -0.081578
     2   17 Cl      -0.040551    -0.070237     0.040992
---------------------------------------------------------
           total    -0.321663    -0.557136     0.325161
---------------------------------------------------------

[Info] JSON dump of results written to 'tblite.json'
