Charge model parameter:
------------------------------------------------------
   Z          chi/Eh     kcn/Eh     eta/Eh     rad/AA
------------------------------------------------------
 102 No       1.1434     0.0135     0.6305     0.6695
   9 F        1.5754     0.1570     0.7723     0.9393
------------------------------------------------------

Electrostatic properties (in atomic units):
--------------------------------------------------
     #    Z              CN          q        chi
--------------------------------------------------
     1  102 No       4.9472     0.7358     1.1134
     2    9 F        0.9992    -0.1664     1.4184
     3    9 F        1.0577    -0.1225     1.4139
     4    9 F        1.0567    -0.1159     1.4140
     5    9 F        0.9992    -0.1654     1.4184
     6    9 F        0.9992    -0.1655     1.4184
--------------------------------------------------
     Σ                         -0.0000
--------------------------------------------------

Electrostatic energy:   -1.1169242987381E-01 Eh

[Info] JSON dump of results written to 'multicharge.json'
