[Info] Molecular charge read from '.CHRG'

Charge model parameter:
------------------------------------------------------
   Z          chi/Eh     kcn/Eh     eta/Eh     rad/AA
------------------------------------------------------
  91 Pa       1.0721     0.0037     0.5511     0.7643
   7 N        1.5582     0.0928     0.6565     0.6998
   4 Be       0.9967    -0.0267     0.6200     0.8028
------------------------------------------------------

Electrostatic properties (in atomic units):
--------------------------------------------------
     #    Z              CN          q        chi
--------------------------------------------------
     1   91 Pa       1.9350    -0.1940     1.0669
     2    7 N        0.9994    -1.2937     1.4654
     3    4 Be       0.9364    -0.5123     1.0225
--------------------------------------------------
     Σ                         -2.0000
--------------------------------------------------

Electrostatic energy:   -1.3132997684594E+00 Eh

[Info] JSON dump of results written to 'multicharge.json'
