Charge model parameter:
------------------------------------------------------
   Z          chi/Eh     kcn/Eh     eta/Eh     rad/AA
------------------------------------------------------
 103 Lr       1.1371     0.0068     0.5937     0.7095
   6 C        1.4003     0.0601     0.6166     0.9994
   8 O        1.5687     0.1169     0.6793     0.6518
   1 H        1.2370     0.0492     1.0964     0.2919
   7 N        1.5582     0.0928     0.6565     0.6998
------------------------------------------------------

Electrostatic properties (in atomic units):
--------------------------------------------------
     #    Z              CN          q        chi
--------------------------------------------------
     1  103 Lr       5.7589     0.7510     1.1209
     2    6 C        3.9608    -0.1759     1.2808
     3    6 C        3.1442     0.1004     1.2938
     4    6 C        3.0010    -0.0817     1.2963
     5    6 C        3.1423     0.1004     1.2938
     6    8 O        1.9859    -0.3174     1.4039
     7    6 C        3.9607    -0.1758     1.2808
     8    8 O        1.9865    -0.3191     1.4039
     9    1 H        0.9923     0.1075     1.1880
    10    1 H        0.9916     0.1285     1.1880
    11    1 H        0.9916     0.1306     1.1880
    12    1 H        0.9932     0.1105     1.1880
    13    1 H        0.9923     0.1076     1.1880
    14    1 H        0.9916     0.1307     1.1880
    15    1 H        0.9916     0.1287     1.1880
    16    7 N        3.6620     0.1800     1.3806
    17    8 O        1.9558    -0.2239     1.4052
    18    8 O        1.9541    -0.2235     1.4053
    19    8 O        1.0016    -0.2477     1.4517
    20    8 O        1.9919    -0.5153     1.4037
    21    1 H        0.9989     0.3045     1.1878
--------------------------------------------------
     Σ                          0.0000
--------------------------------------------------

Electrostatic energy:   -2.2353010958842E-01 Eh

[Info] JSON dump of results written to 'multicharge.json'
