[Info] Molecular charge read from '.CHRG'

Charge model parameter:
------------------------------------------------------
   Z          chi/Eh     kcn/Eh     eta/Eh     rad/AA
------------------------------------------------------
 103 Lr       1.1371     0.0068     0.5937     0.7095
   6 C        1.4003     0.0601     0.6166     0.9994
   8 O        1.5687     0.1169     0.6793     0.6518
  15 P        1.5267     0.1425     0.7308     0.7313
   1 H        1.2370     0.0492     1.0964     0.2919
  53 I        1.4034     0.0897     0.3054     2.0116
------------------------------------------------------

Electrostatic properties (in atomic units):
--------------------------------------------------
     #    Z              CN          q        chi
--------------------------------------------------
     1  103 Lr       6.1891     0.5586     1.1203
     2    6 C        4.1091    -0.0486     1.2786
     3    8 O        1.9848    -0.3476     1.4040
     4   15 P        4.0399     0.2781     1.2403
     5    8 O        2.9064    -0.2537     1.3694
     6    6 C        4.1141    -0.0798     1.2785
     7    8 O        2.8868    -0.2662     1.3700
     8    6 C        4.1198    -0.0975     1.2784
     9    1 H        0.9922     0.1572     1.1880
    10    1 H        0.9918     0.1495     1.1880
    11    1 H        0.9922     0.1542     1.1880
    12    1 H        0.9923     0.1476     1.1880
    13    1 H        0.9920     0.1534     1.1880
    14    1 H        0.9919     0.1516     1.1880
    15    1 H        0.9922     0.1152     1.1880
    16    1 H        0.9918     0.1436     1.1880
    17    1 H        0.9917     0.1437     1.1880
    18   53 I        0.9949    -0.0563     1.3140
    19    6 C        3.9619    -0.1810     1.2808
    20    6 C        3.9693    -0.0380     1.2806
    21    8 O        2.9392    -0.4265     1.3683
    22    1 H        0.9918     0.1446     1.1880
    23    1 H        0.9911     0.1131     1.1880
    24    1 H        0.9915     0.1393     1.1880
    25    1 H        0.9917     0.1412     1.1880
    26    1 H        0.9917     0.1551     1.1880
    27    1 H        1.0129     0.2521     1.1875
    28    6 C        3.9565    -0.2089     1.2808
    29   15 P        3.9402     0.0464     1.2439
    30    6 C        3.9563    -0.2138     1.2808
    31    6 C        3.9568    -0.2015     1.2808
    32    1 H        0.9927     0.1465     1.1880
    33    1 H        0.9928     0.1306     1.1880
    34    1 H        0.9930     0.1403     1.1880
    35    1 H        0.9927     0.1456     1.1880
    36    1 H        0.9928     0.1331     1.1880
    37    1 H        0.9927     0.1238     1.1880
    38    1 H        0.9928     0.1466     1.1880
    39    1 H        0.9930     0.1419     1.1880
    40    1 H        0.9930     0.1427     1.1880
    41    8 O        2.9336    -0.5656     1.3684
    42    1 H        0.9976     0.3098     1.1878
    43    1 H        0.9956     0.2795     1.1879
--------------------------------------------------
     Σ                          2.0000
--------------------------------------------------

Electrostatic energy:    9.5039513988471E-01 Eh

[Info] JSON dump of results written to 'multicharge.json'
