[Info] Molecular charge read from './.CHRG'
[Info] Molecular spin read from './.UHF'
xTB calculator
 | Coulomb electrostatics
 |  * isotropic Klopman-Ohno electrostatics
 |  * onsite third-order electrostatics
CEH guess
integral cutoff           4.0000000000000E+01 bohr

Atomic charges (in atomic units):
---------------------------------------------------------
     #    Z                 q
---------------------------------------------------------
     1  101 Md       0.966597
     2    6 C       -0.055356
     3    6 C        0.135226
     4    8 O       -0.301337
     5    8 O       -0.232687
     6    7 N       -0.090780
     7    1 H        0.042146
     8    1 H        0.049488
     9    1 H        0.074276
    10    1 H        0.076444
    11   16 S        0.045831
    12    6 C        0.044374
    13    7 N       -0.155460
    14    6 C        0.047079
    15    8 O       -0.190112
    16   15 P        0.508080
    17    8 O       -0.194190
    18    6 C        0.051129
    19    8 O       -0.224740
    20    6 C        0.015866
    21    1 H        0.049988
    22    1 H        0.037360
    23    1 H        0.045806
    24    1 H        0.048632
    25    1 H        0.031715
    26    1 H        0.045126
    27    1 H        0.041306
    28    1 H        0.037895
    29    1 H        0.050298
---------------------------------------------------------

Atomic dipole moments (in atomic units):
---------------------------------------------------------
     #    Z                 x            y            z
---------------------------------------------------------
     1  101 Md       0.766903    -0.543764     0.145855
     2    6 C       -0.097211     0.165201    -0.073200
     3    6 C        0.020798    -0.045506    -0.014256
     4    8 O       -0.033803     0.025594     0.117021
     5    8 O        0.101768     0.032616    -0.052243
     6    7 N        0.262185    -0.091131     0.168759
     7    1 H        0.115868    -0.015086    -0.058525
     8    1 H       -0.031510    -0.023146     0.125934
     9    1 H        0.065202     0.036293    -0.066247
    10    1 H       -0.034883     0.033823     0.085130
    11   16 S        0.013169     0.143087    -0.117904
    12    6 C       -0.007586    -0.087496     0.073419
    13    7 N       -0.009871     0.004747    -0.037884
    14    6 C        0.282647    -0.015816    -0.012587
    15    8 O       -0.065592     0.049698    -0.005078
    16   15 P       -0.107373     0.093994     0.000060
    17    8 O        0.044821     0.060429     0.015164
    18    6 C       -0.058933    -0.275995     0.055153
    19    8 O       -0.034527    -0.041356    -0.068916
    20    6 C       -0.003191     0.149590     0.195093
    21    1 H       -0.057240    -0.128538    -0.014875
    22    1 H       -0.031548     0.086012    -0.107791
    23    1 H       -0.030063     0.054592     0.127728
    24    1 H       -0.114376     0.066182    -0.053958
    25    1 H        0.108214     0.000614    -0.089909
    26    1 H        0.035391     0.055079     0.124431
    27    1 H       -0.039851     0.085161    -0.106278
    28    1 H       -0.097636    -0.096755     0.037466
    29    1 H        0.135936    -0.050269    -0.010217
---------------------------------------------------------
           total    -1.944733     2.070701     1.788132
---------------------------------------------------------

[Info] JSON dump of results written to 'tblite.json'
