[Info] Molecular spin read from './.UHF'
xTB calculator
 | Coulomb electrostatics
 |  * isotropic Klopman-Ohno electrostatics
 |  * onsite third-order electrostatics
CEH guess
integral cutoff           3.7432403240289E+01 bohr

Atomic charges (in atomic units):
---------------------------------------------------------
     #    Z                 q
---------------------------------------------------------
     1   93 Np       1.181526
     2    8 O       -0.590767
     3    8 O       -0.590759
---------------------------------------------------------

Atomic dipole moments (in atomic units):
---------------------------------------------------------
     #    Z                 x            y            z
---------------------------------------------------------
     1   93 Np      -0.000034    -0.000034    -0.000068
     2    8 O        0.044481    -0.025553    -0.018451
     3    8 O       -0.044487     0.025549     0.018443
---------------------------------------------------------
           total    -0.000194    -0.000100    -0.000244
---------------------------------------------------------

[Info] JSON dump of results written to 'tblite.json'
