[Info] Molecular spin read from './.UHF'
xTB calculator
 | Coulomb electrostatics
 |  * isotropic Klopman-Ohno electrostatics
 |  * onsite third-order electrostatics
CEH guess
integral cutoff           3.7432403240289E+01 bohr

Atomic charges (in atomic units):
---------------------------------------------------------
     #    Z                 q
---------------------------------------------------------
     1   93 Np       1.375105
     2    8 O       -0.474215
     3    8 O       -0.426707
     4    8 O       -0.474183
---------------------------------------------------------

Atomic dipole moments (in atomic units):
---------------------------------------------------------
     #    Z                 x            y            z
---------------------------------------------------------
     1   93 Np       0.779658    -1.400638    -0.508549
     2    8 O       -0.038088    -0.009938    -0.021024
     3    8 O       -0.024955     0.044770     0.016213
     4    8 O        0.035348     0.014903     0.022745
---------------------------------------------------------
           total     1.283950    -2.306121    -0.837517
---------------------------------------------------------

[Info] JSON dump of results written to 'tblite.json'
