Charge model parameter:
------------------------------------------------------
   Z          chi/Eh     kcn/Eh     eta/Eh     rad/AA
------------------------------------------------------
  96 Cm       1.1100     0.0071     0.5609     0.7515
   1 H        1.2370     0.0492     1.0964     0.2919
------------------------------------------------------

Electrostatic properties (in atomic units):
--------------------------------------------------
     #    Z              CN          q        chi
--------------------------------------------------
     1   96 Cm       3.7247     0.2109     1.0963
     2    1 H        0.9327    -0.0527     1.1895
     3    1 H        0.9354    -0.0527     1.1894
     4    1 H        0.9340    -0.0527     1.1894
     5    1 H        0.9342    -0.0527     1.1894
--------------------------------------------------
     Σ                         -0.0000
--------------------------------------------------

Electrostatic energy:   -9.8189272380875E-03 Eh

[Info] JSON dump of results written to 'multicharge.json'
