[Info] Molecular charge read from './.CHRG'
[Info] Molecular spin read from './.UHF'
xTB calculator
 | Coulomb electrostatics
 |  * isotropic Klopman-Ohno electrostatics
 |  * onsite third-order electrostatics
CEH guess
integral cutoff           4.0000000000000E+01 bohr

Atomic charges (in atomic units):
---------------------------------------------------------
     #    Z                 q
---------------------------------------------------------
     1   96 Cm      -0.092317
     2   13 Al      -0.655074
     3   32 Ge      -0.773032
     4    8 O       -0.628809
     5   20 Ca       0.149231
---------------------------------------------------------

Atomic dipole moments (in atomic units):
---------------------------------------------------------
     #    Z                 x            y            z
---------------------------------------------------------
     1   96 Cm      -0.522164    -0.034147    -0.972962
     2   13 Al       0.560315     0.391204    -0.097962
     3   32 Ge       0.271153    -0.734344     0.185192
     4    8 O       -0.027446    -0.001272    -0.052119
     5   20 Ca      -0.849201     0.454711     0.847707
---------------------------------------------------------
           total    -2.935028     4.670423     1.259239
---------------------------------------------------------

[Info] JSON dump of results written to 'tblite.json'
