[Info] Molecular charge read from '.CHRG'

Charge model parameter:
------------------------------------------------------
   Z          chi/Eh     kcn/Eh     eta/Eh     rad/AA
------------------------------------------------------
  94 Pu       1.0104     0.0049     0.6346     0.6641
   7 N        1.5582     0.0928     0.6565     0.6998
   8 O        1.5687     0.1169     0.6793     0.6518
   3 Li       0.5434    -0.1235     0.9742     0.4791
  11 Na       0.5594    -0.1000     0.8641     0.6787
------------------------------------------------------

Electrostatic properties (in atomic units):
--------------------------------------------------
     #    Z              CN          q        chi
--------------------------------------------------
     1   94 Pu       3.7229     0.3329     1.0010
     2    7 N        2.9554    -1.4015     1.3987
     3    8 O        0.9994    -1.3299     1.4518
     4    3 Li       2.1649     0.2233     0.7251
     5   11 Na       2.1089     0.1753     0.7046
--------------------------------------------------
     Σ                         -2.0000
--------------------------------------------------

Electrostatic energy:   -1.6362025170886E+00 Eh

[Info] JSON dump of results written to 'multicharge.json'
