Charge model parameter:
------------------------------------------------------
   Z          chi/Eh     kcn/Eh     eta/Eh     rad/AA
------------------------------------------------------
 100 Fm       1.0767     0.0040     0.5988     0.7039
   7 N        1.5582     0.0928     0.6565     0.6998
   8 O        1.5687     0.1169     0.6793     0.6518
   6 C        1.4003     0.0601     0.6166     0.9994
   1 H        1.2370     0.0492     1.0964     0.2919
   9 F        1.5754     0.1570     0.7723     0.9393
  15 P        1.5267     0.1425     0.7308     0.7313
------------------------------------------------------

Electrostatic properties (in atomic units):
--------------------------------------------------
     #    Z              CN          q        chi
--------------------------------------------------
     1  100 Fm       7.0091     0.8627     1.0661
     2    7 N        3.7330     0.1837     1.3789
     3    8 O        1.0016    -0.2211     1.4517
     4    8 O        1.9752    -0.2271     1.4044
     5    8 O        1.9687    -0.2120     1.4046
     6    6 C        3.9583    -0.1415     1.2808
     7    6 C        2.0225     0.1259     1.3149
     8    7 N        1.9609    -0.3463     1.4283
     9    1 H        0.9919     0.1371     1.1880
    10    1 H        0.9917     0.1619     1.1880
    11    1 H        0.9919     0.1317     1.1880
    12    6 C        3.9550    -0.1800     1.2809
    13    6 C        4.0751    -0.0238     1.2791
    14    8 O        2.6796    -0.3048     1.3773
    15    1 H        0.9916     0.1237     1.1880
    16    1 H        0.9917     0.1520     1.1880
    17    1 H        0.9914     0.1457     1.1880
    18    1 H        0.9900     0.1331     1.1880
    19    1 H        0.9906     0.1354     1.1880
    20    9 F        1.0003    -0.1911     1.4183
    21   15 P        4.2071     0.2954     1.2344
    22    9 F        0.9988    -0.1696     1.4184
    23    9 F        1.9469    -0.1040     1.3563
    24    7 N        1.9998    -0.2818     1.4270
    25    7 N        2.1947     0.0870     1.4207
    26    7 N        1.0054    -0.2723     1.4651
--------------------------------------------------
     Σ                          0.0000
--------------------------------------------------

Electrostatic energy:   -2.9490845097765E-01 Eh

[Info] JSON dump of results written to 'multicharge.json'
