[Info] Molecular spin read from './.UHF'
xTB calculator
 | Coulomb electrostatics
 |  * isotropic Klopman-Ohno electrostatics
 |  * onsite third-order electrostatics
CEH guess
integral cutoff           4.0000000000000E+01 bohr

Atomic charges (in atomic units):
---------------------------------------------------------
     #    Z                 q
---------------------------------------------------------
     1   95 Am       0.354812
     2    1 H       -0.354812
---------------------------------------------------------

Atomic dipole moments (in atomic units):
---------------------------------------------------------
     #    Z                 x            y            z
---------------------------------------------------------
     1   95 Am      -0.149869    -0.259580     0.151499
     2    1 H        0.068566     0.118760    -0.069312
---------------------------------------------------------
           total    -0.708883    -1.227820     0.716592
---------------------------------------------------------

[Info] JSON dump of results written to 'tblite.json'
