[Info] Molecular charge read from './.CHRG'
[Info] Molecular spin read from './.UHF'
xTB calculator
 | Coulomb electrostatics
 |  * isotropic Klopman-Ohno electrostatics
 |  * onsite third-order electrostatics
CEH guess
integral cutoff           4.0000000000000E+01 bohr

Atomic charges (in atomic units):
---------------------------------------------------------
     #    Z                 q
---------------------------------------------------------
     1   97 Bk       0.606131
     2    6 C       -0.095827
     3    6 C        0.178346
     4    8 O       -0.280897
     5    8 O       -0.309477
     6    7 N       -0.009001
     7    1 H        0.019916
     8    1 H        0.069712
     9    1 H        0.075049
    10    1 H        0.074472
    11    6 C       -0.097577
    12    6 C        0.090624
    13    7 N       -0.015034
    14    1 H        0.065058
    15    1 H        0.064219
    16    1 H        0.057812
    17    7 N        0.269579
    18    8 O       -0.228990
    19    8 O       -0.200104
    20    8 O       -0.209425
    21   16 S       -0.278843
    22    6 C       -0.048026
    23    7 N       -0.271393
    24   16 S       -0.227699
    25    6 C       -0.042497
    26    7 N       -0.256129
---------------------------------------------------------

Atomic dipole moments (in atomic units):
---------------------------------------------------------
     #    Z                 x            y            z
---------------------------------------------------------
     1   97 Bk       0.398847     0.034583    -0.405328
     2    6 C       -0.148784     0.095153     0.066878
     3    6 C       -0.082633     0.071264     0.017739
     4    8 O       -0.070839     0.035186     0.000288
     5    8 O       -0.002746    -0.081256    -0.034938
     6    7 N        0.002737    -0.319144    -0.019574
     7    1 H        0.004234    -0.110783     0.041990
     8    1 H        0.005976     0.033130    -0.120516
     9    1 H       -0.009932    -0.018682     0.098398
    10    1 H       -0.066014    -0.008876    -0.073297
    11    6 C       -0.004383     0.006376     0.005174
    12    6 C       -0.169260     0.135958     0.119990
    13    7 N        0.036754    -0.011435    -0.017081
    14    1 H       -0.036727    -0.103200     0.101401
    15    1 H       -0.099459     0.006762    -0.109231
    16    1 H        0.067521     0.129699     0.047817
    17    7 N       -0.006560    -0.004401     0.027042
    18    8 O       -0.068541    -0.068404     0.216324
    19    8 O        0.086696     0.221929    -0.041932
    20    8 O       -0.015390    -0.150449    -0.188952
    21   16 S        0.036267    -0.027318    -0.019354
    22    6 C        0.063246    -0.059615    -0.058731
    23    7 N        0.041598    -0.019752    -0.025979
    24   16 S       -0.002401    -0.029821    -0.013697
    25    6 C        0.045076    -0.098076    -0.017807
    26    7 N        0.023607    -0.040832    -0.005218
---------------------------------------------------------
           total    -0.057495    -0.733146    -1.024502
---------------------------------------------------------

[Info] JSON dump of results written to 'tblite.json'
