[Info] Molecular charge read from '.CHRG'

Charge model parameter:
------------------------------------------------------
   Z          chi/Eh     kcn/Eh     eta/Eh     rad/AA
------------------------------------------------------
  98 Cf       1.0089     0.0039     0.6196     0.6803
   7 N        1.5582     0.0928     0.6565     0.6998
   6 C        1.4003     0.0601     0.6166     0.9994
   1 H        1.2370     0.0492     1.0964     0.2919
   8 O        1.5687     0.1169     0.6793     0.6518
  16 S        1.4077     0.0713     0.5171     1.1581
------------------------------------------------------

Electrostatic properties (in atomic units):
--------------------------------------------------
     #    Z              CN          q        chi
--------------------------------------------------
     1   98 Cf       7.0256     0.9066     0.9986
     2    7 N        3.9191    -0.6032     1.3745
     3    6 C        4.1739    -0.0137     1.2776
     4    6 C        4.0716    -0.0205     1.2791
     5    7 N        3.9266    -0.6052     1.3743
     6    1 H        0.9967     0.2571     1.1879
     7    1 H        1.0126     0.2675     1.1875
     8    1 H        0.9915     0.1471     1.1880
     9    1 H        0.9914     0.1298     1.1880
    10    1 H        0.9914     0.1302     1.1880
    11    1 H        0.9913     0.1360     1.1880
    12    1 H        1.0697     0.2678     1.1861
    13    1 H        0.9971     0.2557     1.1879
    14    8 O        1.9839    -0.3498     1.4040
    15   16 S        3.9701     0.4479     1.2657
    16    8 O        1.9684    -0.3427     1.4047
    17    8 O        1.9828    -0.3347     1.4041
    18    6 C        3.9553    -0.1799     1.2809
    19    6 C        3.9641    -0.0389     1.2807
    20    8 O        2.9473    -0.4460     1.3680
    21    1 H        0.9918     0.1396     1.1880
    22    1 H        0.9916     0.1442     1.1880
    23    1 H        0.9917     0.1407     1.1880
    24    1 H        0.9916     0.1464     1.1880
    25    1 H        0.9918     0.1404     1.1880
    26    1 H        1.2414     0.2775     1.1822
--------------------------------------------------
     Σ                          1.0000
--------------------------------------------------

Electrostatic energy:    2.4884675777851E-01 Eh

[Info] JSON dump of results written to 'multicharge.json'
