[Info] Molecular charge read from './.CHRG'
[Info] Molecular spin read from './.UHF'
xTB calculator
 | Coulomb electrostatics
 |  * isotropic Klopman-Ohno electrostatics
 |  * onsite third-order electrostatics
CEH guess
integral cutoff           4.0000000000000E+01 bohr

Atomic charges (in atomic units):
---------------------------------------------------------
     #    Z                 q
---------------------------------------------------------
     1   96 Cm       0.963646
     2   14 Si      -1.678696
     3   35 Br      -0.622999
     4    1 H       -0.564685
     5   34 Se      -1.097267
---------------------------------------------------------

Atomic dipole moments (in atomic units):
---------------------------------------------------------
     #    Z                 x            y            z
---------------------------------------------------------
     1   96 Cm      -0.071283    -0.569350    -0.030768
     2   14 Si       0.268129     0.209211    -0.058507
     3   35 Br       0.002336    -0.012251     0.001775
     4    1 H       -0.052305    -0.015631    -0.128129
     5   34 Se      -0.093297     0.032570     0.080757
---------------------------------------------------------
           total    -3.754486     0.610096    -2.072195
---------------------------------------------------------

[Info] JSON dump of results written to 'tblite.json'
