Charge model parameter:
------------------------------------------------------
   Z          chi/Eh     kcn/Eh     eta/Eh     rad/AA
------------------------------------------------------
  98 Cf       1.0089     0.0039     0.6196     0.6803
   3 Li       0.5434    -0.1235     0.9742     0.4791
   1 H        1.2370     0.0492     1.0964     0.2919
------------------------------------------------------

Electrostatic properties (in atomic units):
--------------------------------------------------
     #    Z              CN          q        chi
--------------------------------------------------
     1   98 Cf       2.4473    -0.2059     1.0028
     2    3 Li       1.9529     0.1693     0.7160
     3    3 Li       1.9680     0.1531     0.7167
     4    3 Li       1.9619     0.1678     0.7164
     5    1 H        0.9452    -0.2843     1.1892
--------------------------------------------------
     Σ                          0.0000
--------------------------------------------------

Electrostatic energy:   -9.6687980990541E-02 Eh

[Info] JSON dump of results written to 'multicharge.json'
