[Info] Molecular charge read from './.CHRG'
[Info] Molecular spin read from './.UHF'
xTB calculator
 | Coulomb electrostatics
 |  * isotropic Klopman-Ohno electrostatics
 |  * onsite third-order electrostatics
CEH guess
integral cutoff           4.0000000000000E+01 bohr

Atomic charges (in atomic units):
---------------------------------------------------------
     #    Z                 q
---------------------------------------------------------
     1  100 Fm       0.826976
     2    7 N        0.183019
     3    8 O       -0.024536
     4    8 O       -0.014179
     5    6 C        0.028219
     6    6 C       -0.006008
     7    6 C        0.033438
     8    7 N        0.031987
     9    6 C        0.046558
    10    6 C       -0.003708
    11    1 H        0.064654
    12    1 H        0.062049
    13    1 H        0.061051
    14    1 H        0.074940
    15    1 H        0.061902
    16    6 C        0.025178
    17    6 C       -0.061738
    18    6 C       -0.061498
    19    6 C        0.026574
    20    8 O       -0.075899
    21    1 H        0.049285
    22    1 H        0.062821
    23    1 H        0.043965
    24    1 H        0.084511
    25    1 H        0.084945
    26    1 H        0.045308
    27    1 H        0.045360
    28    1 H        0.071905
    29    9 F       -0.053431
    30   15 P        0.616708
    31    9 F       -0.164332
    32    9 F       -0.166025
---------------------------------------------------------

Atomic dipole moments (in atomic units):
---------------------------------------------------------
     #    Z                 x            y            z
---------------------------------------------------------
     1  100 Fm      -0.075752    -0.575641    -0.040508
     2    7 N       -0.034067     0.069599    -0.288803
     3    8 O        0.013553     0.153241     0.081553
     4    8 O       -0.000795    -0.174439     0.011499
     5    6 C       -0.017216     0.006107     0.004324
     6    6 C       -0.029461    -0.009951     0.021427
     7    6 C       -0.089448    -0.097527     0.109133
     8    7 N        0.151659    -0.043986    -0.054599
     9    6 C       -0.079771     0.151651    -0.057827
    10    6 C       -0.023861     0.024863    -0.004995
    11    1 H        0.125888    -0.035488    -0.042440
    12    1 H        0.064099     0.083830    -0.087934
    13    1 H       -0.058110     0.115658    -0.042389
    14    1 H       -0.064462    -0.079712     0.090169
    15    1 H        0.053283    -0.117292     0.049538
    16    6 C        0.179166    -0.032733    -0.153229
    17    6 C        0.130538     0.031234     0.011282
    18    6 C        0.012710     0.129009     0.030973
    19    6 C       -0.096304     0.126585     0.186387
    20    8 O       -0.063270    -0.075916    -0.016855
    21    1 H        0.025743    -0.056169     0.116958
    22    1 H       -0.067635     0.122235    -0.002385
    23    1 H       -0.056448     0.065823    -0.100607
    24    1 H       -0.080542    -0.070976     0.079280
    25    1 H       -0.036848    -0.059509    -0.114080
    26    1 H        0.045497    -0.078757     0.098255
    27    1 H       -0.027632     0.056435    -0.115620
    28    1 H        0.124998    -0.060668     0.012228
    29    9 F       -0.011307    -0.004016    -0.038630
    30   15 P       -0.022595     0.090191     0.021590
    31    9 F       -0.010376    -0.023209    -0.001326
    32    9 F        0.016793    -0.014849    -0.010743
---------------------------------------------------------
           total     0.998156     1.816657     2.760705
---------------------------------------------------------

[Info] JSON dump of results written to 'tblite.json'
