[Info] Molecular spin read from './.UHF'
xTB calculator
 | Coulomb electrostatics
 |  * isotropic Klopman-Ohno electrostatics
 |  * onsite third-order electrostatics
CEH guess
integral cutoff           4.0000000000000E+01 bohr

Atomic charges (in atomic units):
---------------------------------------------------------
     #    Z                 q
---------------------------------------------------------
     1   96 Cm       0.289348
     2    6 C       -0.084196
     3    6 C        0.122598
     4    6 C       -0.189773
     5    6 C        0.130092
     6    8 O       -0.189239
     7    6 C       -0.086583
     8    8 O       -0.200032
     9    1 H        0.042367
    10    1 H        0.044514
    11    1 H        0.047294
    12    1 H        0.039886
    13    1 H        0.043863
    14    1 H        0.044643
    15    1 H        0.043569
    16    8 O       -0.167135
    17    1 H        0.152615
    18    1 H        0.157227
    19    6 C       -0.083220
    20    6 C        0.004781
    21    8 O       -0.149869
    22    1 H        0.052816
    23    1 H        0.035659
    24    1 H        0.020888
    25    1 H        0.046224
    26    1 H        0.050563
    27    1 H        0.100779
    28   17 Cl      -0.384807
    29    6 C       -0.075023
    30    7 N       -0.147665
    31    8 O       -0.164944
    32    1 H        0.158863
    33    1 H        0.148244
    34    6 C       -0.000023
    35    8 O       -0.165902
    36    1 H        0.031845
    37    1 H        0.054804
    38    1 H        0.066651
    39    1 H        0.158276
---------------------------------------------------------

Atomic dipole moments (in atomic units):
---------------------------------------------------------
     #    Z                 x            y            z
---------------------------------------------------------
     1   96 Cm      -0.155023     0.081476    -0.232746
     2    6 C        0.030383     0.031274     0.065600
     3    6 C       -0.086142     0.080249     0.004184
     4    6 C       -0.010699     0.028546     0.017247
     5    6 C       -0.004866     0.084891     0.080313
     6    8 O        0.021448    -0.065694    -0.056235
     7    6 C       -0.064903     0.026678    -0.025935
     8    8 O        0.061960    -0.065710    -0.018466
     9    1 H        0.094605    -0.105088    -0.038192
    10    1 H       -0.011794     0.107746    -0.095826
    11    1 H       -0.129900    -0.049899     0.040297
    12    1 H        0.058431    -0.103760    -0.056763
    13    1 H        0.038825    -0.108242    -0.091501
    14    1 H       -0.035330    -0.044703     0.133229
    15    1 H        0.090713     0.112478     0.003474
    16    8 O        0.086637     0.002316    -0.079455
    17    1 H        0.072158     0.081655    -0.025480
    18    1 H        0.035535    -0.084009    -0.081542
    19    6 C        0.003339     0.092211     0.050263
    20    6 C        0.182189    -0.019509     0.143700
    21    8 O       -0.075901    -0.122912    -0.020113
    22    1 H       -0.105774    -0.011086    -0.094567
    23    1 H       -0.008896    -0.105071     0.102510
    24    1 H        0.130549     0.001222    -0.060851
    25    1 H       -0.114763     0.000390     0.055210
    26    1 H        0.010939     0.092968    -0.097615
    27    1 H       -0.006718    -0.087485     0.056728
    28   17 Cl      -0.002341     0.007663    -0.010850
    29    6 C       -0.038964     0.002173    -0.042791
    30    7 N        0.042205    -0.036280     0.081171
    31    8 O        0.095313    -0.014010    -0.057203
    32    1 H        0.075219    -0.098293    -0.008678
    33    1 H        0.060276     0.067348    -0.070804
    34    6 C       -0.073740    -0.198079    -0.194555
    35    8 O       -0.070303     0.027237     0.098513
    36    1 H       -0.001956    -0.069232     0.119074
    37    1 H       -0.094449     0.105362    -0.006926
    38    1 H        0.137369     0.056535    -0.024584
    39    1 H       -0.112107    -0.035295     0.012299
---------------------------------------------------------
           total    -0.512345     1.033673    -1.191353
---------------------------------------------------------

[Info] JSON dump of results written to 'tblite.json'
