Charge model parameter:
------------------------------------------------------
   Z          chi/Eh     kcn/Eh     eta/Eh     rad/AA
------------------------------------------------------
  92 U        1.0982     0.0042     0.6173     0.6828
  17 Cl       1.4815     0.1368     0.7586     0.7238
------------------------------------------------------

Electrostatic properties (in atomic units):
--------------------------------------------------
     #    Z              CN          q        chi
--------------------------------------------------
     1   92 U        3.9717     0.5335     1.0899
     2   17 Cl       0.9969    -0.1333     1.3449
     3   17 Cl       0.9968    -0.1333     1.3449
     4   17 Cl       0.9964    -0.1336     1.3450
     5   17 Cl       0.9969    -0.1333     1.3449
--------------------------------------------------
     Σ                          0.0000
--------------------------------------------------

Electrostatic energy:   -6.8026714952671E-02 Eh

[Info] JSON dump of results written to 'multicharge.json'
