[Info] Molecular charge read from '.CHRG'

Charge model parameter:
------------------------------------------------------
   Z          chi/Eh     kcn/Eh     eta/Eh     rad/AA
------------------------------------------------------
  96 Cm       1.1100     0.0071     0.5609     0.7515
   3 Li       0.5434    -0.1235     0.9742     0.4791
  11 Na       0.5594    -0.1000     0.8641     0.6787
   8 O        1.5687     0.1169     0.6793     0.6518
  19 K        0.4037    -0.1022     0.9145     0.8703
------------------------------------------------------

Electrostatic properties (in atomic units):
--------------------------------------------------
     #    Z              CN          q        chi
--------------------------------------------------
     1   96 Cm       2.9506    -0.3263     1.0978
     2    3 Li       2.0351     0.0520     0.7196
     3   11 Na       1.9919     0.1038     0.7005
     4    8 O        0.9993    -1.0868     1.4518
     5   19 K        2.0057     0.2574     0.5485
--------------------------------------------------
     Σ                         -1.0000
--------------------------------------------------

Electrostatic energy:   -8.4239263550763E-01 Eh

[Info] JSON dump of results written to 'multicharge.json'
