[Info] Molecular charge read from './.CHRG'
[Info] Molecular spin read from './.UHF'
xTB calculator
 | Coulomb electrostatics
 |  * isotropic Klopman-Ohno electrostatics
 |  * onsite third-order electrostatics
CEH guess
integral cutoff           4.0000000000000E+01 bohr

Atomic charges (in atomic units):
---------------------------------------------------------
     #    Z                 q
---------------------------------------------------------
     1  101 Md       0.520872
     2    9 F       -0.529923
     3    7 N       -0.157604
     4    1 H        0.063311
     5    1 H        0.078471
     6    1 H        0.084432
     7    6 C       -0.016722
     8    6 C        0.042857
     9    7 N        0.050670
    10    6 C        0.029410
    11    6 C       -0.015966
    12    7 N       -0.304724
    13    1 H        0.049881
    14    1 H        0.048437
    15    1 H        0.056803
    16    1 H        0.050666
    17    6 C       -0.086172
    18    6 C       -0.053093
    19    8 O       -0.458603
    20    1 H        0.027576
    21    1 H        0.013369
    22    1 H        0.017914
    23    1 H        0.020010
    24    1 H        0.008940
    25    6 C        0.187284
    26    8 O       -0.325099
    27    8 O       -0.244209
    28   16 S        0.424315
    29    8 O       -0.266852
    30    8 O       -0.316249
---------------------------------------------------------

Atomic dipole moments (in atomic units):
---------------------------------------------------------
     #    Z                 x            y            z
---------------------------------------------------------
     1  101 Md      -0.312563     0.478003     0.003629
     2    9 F        0.011402     0.018290    -0.005452
     3    7 N       -0.228768    -0.215536    -0.190253
     4    1 H        0.026339     0.030509    -0.106941
     5    1 H       -0.097219     0.035516     0.049294
     6    1 H        0.036338    -0.092277     0.034122
     7    6 C       -0.127665     0.149419    -0.005607
     8    6 C       -0.042147     0.056193    -0.247769
     9    7 N        0.003438     0.003204     0.021616
    10    6 C        0.173439    -0.187487    -0.022211
    11    6 C        0.046097    -0.057396     0.183463
    12    7 N        0.140062    -0.154590    -0.285651
    13    1 H        0.033539    -0.042212     0.113924
    14    1 H        0.087208    -0.101558     0.001447
    15    1 H       -0.049944     0.037232    -0.113821
    16    1 H       -0.083289     0.093024    -0.016371
    17    6 C        0.014629     0.077831    -0.021130
    18    6 C        0.154285    -0.007837     0.032189
    19    8 O       -0.111499    -0.052586    -0.029588
    20    1 H       -0.135448    -0.031834    -0.023156
    21    1 H        0.035450    -0.007422     0.134582
    22    1 H        0.090095    -0.075389    -0.077789
    23    1 H       -0.082038     0.054753     0.061838
    24    1 H       -0.043404     0.001093    -0.100825
    25    6 C       -0.099846     0.117413     0.059465
    26    8 O       -0.055371     0.079300    -0.008507
    27    8 O        0.022588    -0.053952     0.070497
    28   16 S        0.062668    -0.017414     0.019404
    29    8 O        0.031826     0.041394     0.007294
    30    8 O       -0.040553    -0.038792     0.021897
---------------------------------------------------------
           total    -1.713217    -1.590152    -0.465274
---------------------------------------------------------

[Info] JSON dump of results written to 'tblite.json'
