[Info] Molecular charge read from '.CHRG'

Charge model parameter:
------------------------------------------------------
   Z          chi/Eh     kcn/Eh     eta/Eh     rad/AA
------------------------------------------------------
  91 Pa       1.0721     0.0037     0.5511     0.7643
   6 C        1.4003     0.0601     0.6166     0.9994
   8 O        1.5687     0.1169     0.6793     0.6518
   7 N        1.5582     0.0928     0.6565     0.6998
   1 H        1.2370     0.0492     1.0964     0.2919
------------------------------------------------------

Electrostatic properties (in atomic units):
--------------------------------------------------
     #    Z              CN          q        chi
--------------------------------------------------
     1   91 Pa       5.4873     1.1716     1.0634
     2    6 C        3.9606     0.1122     1.2808
     3    6 C        1.9976     0.3050     1.3154
     4    8 O        0.9994     0.0045     1.4518
     5    8 O        0.9994    -0.2831     1.4518
     6    7 N        3.7297    -0.5238     1.3790
     7    1 H        0.9890     0.2526     1.1881
     8    1 H        0.9899     0.2423     1.1880
     9    1 H        0.9955     0.3607     1.1879
    10    1 H        0.9954     0.3538     1.1879
    11    6 C        3.9556     0.0167     1.2808
    12    6 C        2.0420     0.2766     1.3145
    13    7 N        1.9860    -0.2362     1.4274
    14    1 H        0.9907     0.2666     1.1880
    15    1 H        0.9908     0.2680     1.1880
    16    1 H        0.9906     0.2684     1.1880
    17    7 N        3.7786     0.1828     1.3778
    18    8 O        1.0006     0.1029     1.4517
    19    8 O        1.9841    -0.0437     1.4040
    20    8 O        1.9899    -0.0976     1.4038
--------------------------------------------------
     Σ                          3.0000
--------------------------------------------------

Electrostatic energy:    1.6525106696923E+00 Eh

[Info] JSON dump of results written to 'multicharge.json'
