[Info] Molecular charge read from '.CHRG'

Charge model parameter:
------------------------------------------------------
   Z          chi/Eh     kcn/Eh     eta/Eh     rad/AA
------------------------------------------------------
 103 Lr       1.1371     0.0068     0.5937     0.7095
   7 N        1.5582     0.0928     0.6565     0.6998
   6 C        1.4003     0.0601     0.6166     0.9994
   1 H        1.2370     0.0492     1.0964     0.2919
   8 O        1.5687     0.1169     0.6793     0.6518
   9 F        1.5754     0.1570     0.7723     0.9393
  15 P        1.5267     0.1425     0.7308     0.7313
  16 S        1.4077     0.0713     0.5171     1.1581
------------------------------------------------------

Electrostatic properties (in atomic units):
--------------------------------------------------
     #    Z              CN          q        chi
--------------------------------------------------
     1  103 Lr       7.5750     0.7114     1.1186
     2    7 N        3.8999    -0.5626     1.3749
     3    6 C        4.0157    -0.0375     1.2799
     4    6 C        4.0206    -0.0341     1.2799
     5    7 N        3.8896    -0.5627     1.3752
     6    1 H        1.0100     0.2496     1.1875
     7    1 H        0.9983     0.2669     1.1878
     8    1 H        0.9914     0.1210     1.1880
     9    1 H        0.9906     0.0844     1.1880
    10    1 H        0.9906     0.0837     1.1880
    11    1 H        0.9913     0.1324     1.1880
    12    1 H        0.9968     0.2614     1.1879
    13    1 H        1.0023     0.2467     1.1877
    14    7 N        2.1774    -0.1000     1.4213
    15    8 O        1.0026    -0.2682     1.4516
    16    8 O        1.9677    -0.1963     1.4047
    17    9 F        0.9988    -0.2150     1.4184
    18   15 P        4.0115     0.2886     1.2413
    19    9 F        0.9986    -0.2494     1.4185
    20    9 F        0.9979    -0.2491     1.4185
    21    8 O        2.9124    -0.3869     1.3692
    22    1 H        1.0628     0.2745     1.1863
    23    7 N        3.9037    -0.7449     1.3749
    24    1 H        0.9979     0.2668     1.1878
    25    1 H        0.9976     0.2570     1.1878
    26    1 H        1.0028     0.2596     1.1877
    27   16 S        1.8387    -0.1217     1.3110
    28    6 C        2.0114     0.1317     1.3151
    29    7 N        1.0066    -0.4657     1.4651
    30    6 C        3.0223    -0.1063     1.2959
    31    6 C        3.0105    -0.1088     1.2961
    32    6 C        3.0664     0.0412     1.2951
    33    7 N        2.0110    -0.4165     1.4266
    34    6 C        3.0673     0.0569     1.2951
    35    6 C        3.0100    -0.0903     1.2961
    36    1 H        0.9927     0.0988     1.1880
    37    1 H        0.9929     0.0926     1.1880
    38    1 H        0.9925     0.1076     1.1880
    39    1 H        0.9927     0.1420     1.1880
    40    1 H        0.9929     0.1246     1.1880
    41    6 C        3.0133    -0.1140     1.2960
    42    6 C        3.0124    -0.1141     1.2961
    43    6 C        3.0155    -0.0904     1.2960
    44    6 C        3.0176     0.0025     1.2960
    45    6 C        3.0163    -0.0878     1.2960
    46    6 C        3.0123    -0.1126     1.2961
    47    6 C        3.7393     0.2537     1.2842
    48    8 O        1.9422    -0.3512     1.4058
    49    8 O        1.8989    -0.3261     1.4076
    50    1 H        0.9927     0.0950     1.1880
    51    1 H        0.9928     0.0986     1.1880
    52    1 H        0.9929     0.1292     1.1880
    53    1 H        0.9928     0.1339     1.1880
    54    1 H        0.9928     0.1003     1.1880
--------------------------------------------------
     Σ                         -1.0000
--------------------------------------------------

Electrostatic energy:   -1.1894784334966E+00 Eh

[Info] JSON dump of results written to 'multicharge.json'
