[Info] Molecular charge read from '.CHRG'

Charge model parameter:
------------------------------------------------------
   Z          chi/Eh     kcn/Eh     eta/Eh     rad/AA
------------------------------------------------------
  91 Pa       1.0721     0.0037     0.5511     0.7643
   1 H        1.2370     0.0492     1.0964     0.2919
  19 K        0.4037    -0.1022     0.9145     0.8703
  34 Se       1.3649     0.0656     0.4617     1.1999
  53 I        1.4034     0.0897     0.3054     2.0116
------------------------------------------------------

Electrostatic properties (in atomic units):
--------------------------------------------------
     #    Z              CN          q        chi
--------------------------------------------------
     1   91 Pa       3.7017     0.2489     1.0650
     2    1 H        0.9174    -0.2143     1.1899
     3   19 K        2.5582     0.6223     0.5672
     4   34 Se       1.9254    -0.9594     1.2738
     5   53 I        1.7783    -1.6974     1.2838
--------------------------------------------------
     Σ                         -2.0000
--------------------------------------------------

Electrostatic energy:   -1.5191579421309E+00 Eh

[Info] JSON dump of results written to 'multicharge.json'
