Charge model parameter:
------------------------------------------------------
   Z          chi/Eh     kcn/Eh     eta/Eh     rad/AA
------------------------------------------------------
  90 Th       1.0989     0.0159     0.6181     0.6812
  20 Ca       0.7544    -0.0898     0.5212     0.8406
  32 Ge       1.1539    -0.0269     0.5152     1.0516
------------------------------------------------------

Electrostatic properties (in atomic units):
--------------------------------------------------
     #    Z              CN          q        chi
--------------------------------------------------
     1   90 Th       1.9715    -0.0322     1.0766
     2   20 Ca       1.9644     0.4908     0.8803
     3   32 Ge       1.9825    -0.4586     1.1918
--------------------------------------------------
     Σ                          0.0000
--------------------------------------------------

Electrostatic energy:   -7.4585582270732E-02 Eh

[Info] JSON dump of results written to 'multicharge.json'
