Charge model parameter:
------------------------------------------------------
   Z          chi/Eh     kcn/Eh     eta/Eh     rad/AA
------------------------------------------------------
 101 Md       1.1131     0.0055     0.6097     0.6919
   3 Li       0.5434    -0.1235     0.9742     0.4791
   1 H        1.2370     0.0492     1.0964     0.2919
------------------------------------------------------

Electrostatic properties (in atomic units):
--------------------------------------------------
     #    Z              CN          q        chi
--------------------------------------------------
     1  101 Md       3.3391    -0.2039     1.1031
     2    3 Li       1.5090     0.3143     0.6951
     3    3 Li       2.4005     0.3138     0.7348
     4    1 H        0.9726    -0.1793     1.1885
     5    1 H        1.8567    -0.2449     1.1700
--------------------------------------------------
     Σ                          0.0000
--------------------------------------------------

Electrostatic energy:   -1.3773825642600E-01 Eh

[Info] JSON dump of results written to 'multicharge.json'
