[Info] Molecular spin read from './.UHF'
xTB calculator
 | Coulomb electrostatics
 |  * isotropic Klopman-Ohno electrostatics
 |  * onsite third-order electrostatics
CEH guess
integral cutoff           4.0000000000000E+01 bohr

Atomic charges (in atomic units):
---------------------------------------------------------
     #    Z                 q
---------------------------------------------------------
     1   89 Ac       0.326746
     2    3 Li       0.586480
     3    1 H       -0.200013
     4    1 H       -0.356749
     5    1 H       -0.356463
---------------------------------------------------------

Atomic dipole moments (in atomic units):
---------------------------------------------------------
     #    Z                 x            y            z
---------------------------------------------------------
     1   89 Ac       0.289648     0.528183    -0.079433
     2    3 Li       0.609716     0.380791    -0.007602
     3    1 H        0.027666    -0.141941     0.037039
     4    1 H       -0.075400    -0.060232    -0.150144
     5    1 H       -0.114871     0.005165     0.136403
---------------------------------------------------------
           total     5.106337     1.758398     0.286755
---------------------------------------------------------

[Info] JSON dump of results written to 'tblite.json'
