Charge model parameter:
------------------------------------------------------
   Z          chi/Eh     kcn/Eh     eta/Eh     rad/AA
------------------------------------------------------
  93 Np       1.1090     0.0071     0.5649     0.7462
   1 H        1.2370     0.0492     1.0964     0.2919
------------------------------------------------------

Electrostatic properties (in atomic units):
--------------------------------------------------
     #    Z              CN          q        chi
--------------------------------------------------
     1   93 Np       2.9078     0.1762     1.0970
     2    1 H        0.9713    -0.0588     1.1885
     3    1 H        0.9701    -0.0587     1.1885
     4    1 H        0.9706    -0.0587     1.1885
--------------------------------------------------
     Σ                          0.0000
--------------------------------------------------

Electrostatic energy:   -8.0668112000456E-03 Eh

[Info] JSON dump of results written to 'multicharge.json'
