[Info] Molecular spin read from './.UHF'
xTB calculator
 | Coulomb electrostatics
 |  * isotropic Klopman-Ohno electrostatics
 |  * onsite third-order electrostatics
CEH guess
integral cutoff           4.0000000000000E+01 bohr

Atomic charges (in atomic units):
---------------------------------------------------------
     #    Z                 q
---------------------------------------------------------
     1   97 Bk       0.831834
     2    6 C       -0.046069
     3    6 C       -0.041828
     4    6 C       -0.022894
     5    6 C       -0.038367
     6    6 C       -0.038157
     7    6 C       -0.048390
     8    6 C        0.111059
     9    8 O       -0.220629
    10    8 O       -0.234441
    11    1 H        0.037141
    12    1 H        0.032324
    13    1 H        0.032647
    14    1 H        0.017539
    15    1 H        0.026660
    16    7 N        0.267165
    17    8 O       -0.208674
    18    8 O       -0.200065
    19    8 O       -0.211357
    20    9 F       -0.312165
    21    9 F       -0.128513
    22   15 P        0.406747
    23    9 F       -0.125539
    24    9 F       -0.115190
    25    6 C        0.015900
    26    6 C       -0.046682
    27    6 C       -0.050545
    28    6 C        0.011626
    29    8 O       -0.071491
    30    1 H        0.035270
    31    1 H        0.052429
    32    1 H        0.032146
    33    1 H        0.059103
    34    1 H        0.063787
    35    1 H        0.029737
    36    1 H        0.031891
    37    1 H        0.065992
---------------------------------------------------------

Atomic dipole moments (in atomic units):
---------------------------------------------------------
     #    Z                 x            y            z
---------------------------------------------------------
     1   97 Bk      -0.338750    -0.176740    -0.201893
     2    6 C        0.019297     0.011430     0.001669
     3    6 C       -0.002325    -0.000273     0.022284
     4    6 C        0.029292     0.017727     0.022152
     5    6 C        0.015241     0.007317     0.005175
     6    6 C        0.027840     0.016314    -0.019750
     7    6 C       -0.003611    -0.001769    -0.015416
     8    6 C        0.020973     0.018350     0.016043
     9    8 O       -0.040329    -0.012280     0.098973
    10    8 O       -0.055068    -0.040635    -0.097973
    11    1 H       -0.115862    -0.067884     0.019118
    12    1 H       -0.069285    -0.041974    -0.105561
    13    1 H        0.049230     0.026424    -0.126441
    14    1 H        0.076343     0.043611     0.103840
    15    1 H       -0.041230    -0.023023     0.123550
    16    7 N       -0.019114     0.023628     0.003798
    17    8 O       -0.213715     0.099755    -0.014619
    18    8 O        0.184293     0.113062     0.099961
    19    8 O        0.039762    -0.219410    -0.082660
    20    9 F       -0.016826     0.047015    -0.004468
    21    9 F        0.016787     0.015000     0.027074
    22   15 P        0.023925     0.026250     0.070250
    23    9 F        0.026373    -0.003381     0.004988
    24    9 F        0.006339    -0.028485     0.019351
    25    6 C        0.162489    -0.173906     0.043169
    26    6 C        0.047929    -0.041514     0.111164
    27    6 C        0.034824     0.095035     0.064233
    28    6 C       -0.140197     0.186332     0.070767
    29    8 O       -0.045435    -0.034581    -0.118625
    30    1 H       -0.109844    -0.021019     0.057184
    31    1 H        0.038783     0.127946    -0.007492
    32    1 H        0.092087     0.057420    -0.073736
    33    1 H       -0.128140     0.004848    -0.040948
    34    1 H        0.052307    -0.056268    -0.111781
    35    1 H       -0.098050    -0.060889     0.064799
    36    1 H        0.102708     0.037707    -0.062291
    37    1 H        0.017173    -0.109393     0.077316
---------------------------------------------------------
           total    -0.676639     0.541020    -2.152949
---------------------------------------------------------

[Info] JSON dump of results written to 'tblite.json'
