[Info] Molecular spin read from './.UHF'
xTB calculator
 | Coulomb electrostatics
 |  * isotropic Klopman-Ohno electrostatics
 |  * onsite third-order electrostatics
CEH guess
integral cutoff           4.0000000000000E+01 bohr

Atomic charges (in atomic units):
---------------------------------------------------------
     #    Z                 q
---------------------------------------------------------
     1   95 Am       0.494768
     2   35 Br      -0.122846
     3   35 Br      -0.122828
     4   35 Br      -0.123489
     5   35 Br      -0.125605
---------------------------------------------------------

Atomic dipole moments (in atomic units):
---------------------------------------------------------
     #    Z                 x            y            z
---------------------------------------------------------
     1   95 Am      -0.009338    -0.031021    -0.022125
     2   35 Br       0.024042     0.027481     0.003210
     3   35 Br       0.009530    -0.036011     0.002417
     4   35 Br      -0.014188    -0.009768    -0.032563
     5   35 Br      -0.019435     0.016397     0.025911
---------------------------------------------------------
           total    -0.003966    -0.055972    -0.045012
---------------------------------------------------------

[Info] JSON dump of results written to 'tblite.json'
