[Info] Molecular charge read from '.CHRG'

Charge model parameter:
------------------------------------------------------
   Z          chi/Eh     kcn/Eh     eta/Eh     rad/AA
------------------------------------------------------
  96 Cm       1.1100     0.0071     0.5609     0.7515
  16 S        1.4077     0.0713     0.5171     1.1581
   6 C        1.4003     0.0601     0.6166     0.9994
   7 N        1.5582     0.0928     0.6565     0.6998
  15 P        1.5267     0.1425     0.7308     0.7313
   8 O        1.5687     0.1169     0.6793     0.6518
   1 H        1.2370     0.0492     1.0964     0.2919
  35 Br       1.3980     0.0801     0.3934     1.5631
------------------------------------------------------

Electrostatic properties (in atomic units):
--------------------------------------------------
     #    Z              CN          q        chi
--------------------------------------------------
     1   96 Cm       7.2012     0.7764     1.0910
     2   16 S        1.0098    -0.2726     1.3361
     3    6 C        2.0158     0.1112     1.3150
     4    7 N        1.9740    -0.4131     1.4278
     5    6 C        3.9572    -0.2698     1.2808
     6   15 P        4.2511     0.2044     1.2329
     7    8 O        1.9588    -0.3958     1.4051
     8    6 C        3.9563    -0.2465     1.2808
     9    6 C        3.9568    -0.2526     1.2808
    10    1 H        0.9940     0.0861     1.1879
    11    1 H        0.9941     0.0864     1.1879
    12    1 H        0.9928     0.0693     1.1880
    13    1 H        0.9937     0.0749     1.1879
    14    1 H        0.9936     0.1193     1.1879
    15    1 H        0.9935     0.1204     1.1879
    16    1 H        0.9933     0.0736     1.1880
    17    1 H        0.9934     0.1186     1.1880
    18    1 H        0.9942     0.0930     1.1879
    19    8 O        1.9533    -0.3632     1.4053
    20   16 S        3.9543     0.3270     1.2660
    21    8 O        1.9529    -0.3728     1.4053
    22    8 O        1.8102    -0.3991     1.4114
    23    6 C        3.9561    -0.2515     1.2808
    24   15 P        3.9408     0.0749     1.2438
    25    6 C        3.9560    -0.2511     1.2808
    26    6 C        3.9550    -0.2617     1.2809
    27    1 H        0.9919     0.0734     1.1880
    28    1 H        0.9945     0.1131     1.1879
    29    1 H        0.9935     0.1008     1.1880
    30    1 H        0.9918     0.0721     1.1880
    31    1 H        0.9929     0.0932     1.1880
    32    1 H        0.9951     0.1112     1.1879
    33    1 H        0.9917     0.0722     1.1880
    34    1 H        0.9932     0.0952     1.1880
    35    1 H        0.9927     0.0871     1.1880
    36   35 Br       0.9990    -0.4040     1.3180
--------------------------------------------------
     Σ                         -1.0000
--------------------------------------------------

Electrostatic energy:   -9.3985954644394E-01 Eh

[Info] JSON dump of results written to 'multicharge.json'
