[Info] Molecular charge read from '.CHRG'

Charge model parameter:
------------------------------------------------------
   Z          chi/Eh     kcn/Eh     eta/Eh     rad/AA
------------------------------------------------------
  93 Np       1.1090     0.0071     0.5649     0.7462
   8 O        1.5687     0.1169     0.6793     0.6518
   1 H        1.2370     0.0492     1.0964     0.2919
  16 S        1.4077     0.0713     0.5171     1.1581
   6 C        1.4003     0.0601     0.6166     0.9994
   7 N        1.5582     0.0928     0.6565     0.6998
   9 F        1.5754     0.1570     0.7723     0.9393
  15 P        1.5267     0.1425     0.7308     0.7313
------------------------------------------------------

Electrostatic properties (in atomic units):
--------------------------------------------------
     #    Z              CN          q        chi
--------------------------------------------------
     1   93 Np       6.1810     0.9262     1.0914
     2    8 O        2.9493    -0.4266     1.3679
     3    1 H        0.9978     0.4012     1.1878
     4    1 H        0.9962     0.4074     1.1879
     5   16 S        1.0104     0.5238     1.3360
     6    6 C        2.0568     0.3578     1.3142
     7    7 N        2.0019    -0.2430     1.4269
     8    9 F        1.8435     0.0437     1.3622
     9   15 P        3.7712     0.4101     1.2500
    10    9 F        1.8468     0.0362     1.3620
    11    9 F        1.8506     0.0264     1.3618
    12    7 N        3.9359    -0.6622     1.3741
    13    1 H        1.0021     0.3963     1.1877
    14    1 H        1.0000     0.4038     1.1878
    15    1 H        1.0015     0.3989     1.1878
--------------------------------------------------
     Σ                          3.0000
--------------------------------------------------

Electrostatic energy:    1.6913543509530E+00 Eh

[Info] JSON dump of results written to 'multicharge.json'
