[Info] Molecular charge read from '.CHRG'

Charge model parameter:
------------------------------------------------------
   Z          chi/Eh     kcn/Eh     eta/Eh     rad/AA
------------------------------------------------------
  89 Ac       1.0458     0.0047     0.6519     0.6470
   1 H        1.2370     0.0492     1.0964     0.2919
  12 Mg       0.7237    -0.0771     0.6936     0.6474
   5 B        1.2669    -0.0263     0.5452     1.5138
  50 Sn       1.1245    -0.0303     0.4567     1.0454
  52 Te       1.3651     0.0895     0.4850     1.0871
  38 Sr       0.5880    -0.0670     0.6512     0.8612
------------------------------------------------------

Electrostatic properties (in atomic units):
--------------------------------------------------
     #    Z              CN          q        chi
--------------------------------------------------
     1   89 Ac       5.1820     0.3654     1.0350
     2    1 H        0.9366     0.0058     1.1894
     3   12 Mg       3.4511     0.6175     0.8670
     4    5 B        2.7917    -0.6331     1.3109
     5   50 Sn       1.8294    -0.0515     1.1655
     6   52 Te       1.9337    -0.2381     1.2406
     7   38 Sr       3.5123     0.9340     0.7136
--------------------------------------------------
     Σ                          1.0000
--------------------------------------------------

Electrostatic energy:    2.0081362543067E-01 Eh

[Info] JSON dump of results written to 'multicharge.json'
