Charge model parameter:
------------------------------------------------------
   Z          chi/Eh     kcn/Eh     eta/Eh     rad/AA
------------------------------------------------------
  90 Th       1.0989     0.0159     0.6181     0.6812
  16 S        1.4077     0.0713     0.5171     1.1581
------------------------------------------------------

Electrostatic properties (in atomic units):
--------------------------------------------------
     #    Z              CN          q        chi
--------------------------------------------------
     1   90 Th       3.9766     0.6355     1.0672
     2   16 S        0.9980    -0.1590     1.3365
     3   16 S        0.9980    -0.1589     1.3365
     4   16 S        0.9980    -0.1588     1.3365
     5   16 S        0.9980    -0.1589     1.3365
--------------------------------------------------
     Σ                         -0.0000
--------------------------------------------------

Electrostatic energy:   -8.5578961270233E-02 Eh

[Info] JSON dump of results written to 'multicharge.json'
