[Info] Molecular charge read from './.CHRG'
[Info] Molecular spin read from './.UHF'
xTB calculator
 | Coulomb electrostatics
 |  * isotropic Klopman-Ohno electrostatics
 |  * onsite third-order electrostatics
CEH guess
integral cutoff           4.0000000000000E+01 bohr

Atomic charges (in atomic units):
---------------------------------------------------------
     #    Z                 q
---------------------------------------------------------
     1   95 Am       0.724912
     2    7 N       -0.093214
     3    6 C       -0.016143
     4    6 C       -0.009051
     5    7 N       -0.077977
     6    1 H        0.126778
     7    1 H        0.110350
     8    1 H        0.071488
     9    1 H        0.059815
    10    1 H        0.054976
    11    1 H        0.072145
    12    1 H        0.123762
    13    1 H        0.115738
    14   16 S       -0.026587
    15    6 C        0.061328
    16    7 N       -0.307558
    17    9 F       -0.271554
    18    6 C       -0.092938
    19    6 C        0.155677
    20    7 N       -0.014134
    21    1 H        0.077090
    22    1 H        0.076274
    23    1 H        0.078824
---------------------------------------------------------

Atomic dipole moments (in atomic units):
---------------------------------------------------------
     #    Z                 x            y            z
---------------------------------------------------------
     1   95 Am       0.222951    -0.419362     0.327066
     2    7 N        0.292336    -0.058966    -0.058521
     3    6 C       -0.191340     0.070122    -0.103365
     4    6 C       -0.212956    -0.065776     0.049728
     5    7 N        0.262872     0.033771     0.136565
     6    1 H       -0.004748    -0.104966    -0.022985
     7    1 H        0.017662     0.071755    -0.071588
     8    1 H        0.108022    -0.002544    -0.063156
     9    1 H       -0.019493    -0.097523     0.083910
    10    1 H        0.000715     0.096958    -0.087423
    11    1 H        0.087518     0.004378     0.090485
    12    1 H       -0.009176     0.099620     0.028640
    13    1 H       -0.000302    -0.073042     0.074328
    14   16 S       -0.005348     0.200501    -0.021172
    15    6 C        0.014578    -0.168852     0.015589
    16    7 N        0.018220     0.055928    -0.012772
    17    9 F       -0.024198    -0.049809     0.037958
    18    6 C        0.006710    -0.009853    -0.003754
    19    6 C       -0.081884     0.206048     0.008699
    20    7 N        0.010571    -0.049240     0.026723
    21    1 H        0.034723     0.059899     0.132803
    22    1 H       -0.147321    -0.015434    -0.022041
    23    1 H        0.071126     0.061316    -0.116630
---------------------------------------------------------
           total     0.897046     0.082062     1.251717
---------------------------------------------------------

[Info] JSON dump of results written to 'tblite.json'
