Charge model parameter:
------------------------------------------------------
   Z          chi/Eh     kcn/Eh     eta/Eh     rad/AA
------------------------------------------------------
  99 Es       1.0593     0.0030     0.5898     0.7145
   3 Li       0.5434    -0.1235     0.9742     0.4791
   1 H        1.2370     0.0492     1.0964     0.2919
------------------------------------------------------

Electrostatic properties (in atomic units):
--------------------------------------------------
     #    Z              CN          q        chi
--------------------------------------------------
     1   99 Es       2.3532    -0.2905     1.0547
     2    3 Li       1.0379     0.2716     0.6692
     3    3 Li       1.1596     0.2644     0.6764
     4    1 H        0.9240    -0.2455     1.1897
--------------------------------------------------
     Σ                          0.0000
--------------------------------------------------

Electrostatic energy:   -1.1892165903498E-01 Eh

[Info] JSON dump of results written to 'multicharge.json'
