[Info] Molecular charge read from './.CHRG'
[Info] Molecular spin read from './.UHF'
xTB calculator
 | Coulomb electrostatics
 |  * isotropic Klopman-Ohno electrostatics
 |  * onsite third-order electrostatics
CEH guess
integral cutoff           3.7432403240289E+01 bohr

Atomic charges (in atomic units):
---------------------------------------------------------
     #    Z                 q
---------------------------------------------------------
     1   93 Np       1.153651
     2    6 C        0.041525
     3    8 O       -0.120341
     4   15 P        0.564754
     5    8 O       -0.107198
     6    6 C        0.086103
     7    8 O       -0.199683
     8    6 C        0.068840
     9    1 H        0.055383
    10    1 H        0.054613
    11    1 H        0.047021
    12    1 H        0.049035
    13    1 H        0.046883
    14    1 H        0.061135
    15    1 H        0.057251
    16    1 H        0.054418
    17    1 H        0.060244
    18    7 N       -0.110114
    19    1 H        0.156629
    20    1 H        0.149278
    21    1 H        0.155870
    22    6 C        0.011508
    23    6 C       -0.038934
    24    6 C        0.045327
    25    6 C        0.009531
    26    6 C        0.009201
    27    6 C       -0.045383
    28    6 C        0.355962
    29    8 O       -0.200490
    30    8 O       -0.068050
    31    1 H        0.051329
    32    1 H        0.060618
    33    1 H        0.057252
    34    1 H        0.029299
    35    1 H        0.052932
    36    1 H        0.219269
    37    6 C        0.039652
    38    8 O       -0.121723
    39   15 P        0.558362
    40    8 O       -0.113388
    41    6 C        0.087030
    42    8 O       -0.220612
    43    6 C        0.072848
    44    1 H        0.053309
    45    1 H        0.057153
    46    1 H        0.046245
    47    1 H        0.049606
    48    1 H        0.049801
    49    1 H        0.059491
    50    1 H        0.061739
    51    1 H        0.045469
    52    1 H        0.061663
    53    7 N       -0.128602
    54    1 H        0.158914
    55    1 H        0.166720
    56    1 H        0.141659
---------------------------------------------------------

Atomic dipole moments (in atomic units):
---------------------------------------------------------
     #    Z                 x            y            z
---------------------------------------------------------
     1   93 Np      -0.351528    -0.105424     0.238154
     2    6 C       -0.222690    -0.110281    -0.010543
     3    8 O        0.089149     0.023845     0.038788
     4   15 P        0.100294    -0.181658    -0.047737
     5    8 O        0.052548    -0.038124    -0.042206
     6    6 C       -0.204494     0.181760     0.042263
     7    8 O        0.047206     0.029724     0.054520
     8    6 C       -0.100452    -0.139560    -0.231530
     9    1 H       -0.021900     0.142963     0.003711
    10    1 H        0.071512    -0.039980    -0.118390
    11    1 H        0.051360    -0.057214     0.125253
    12    1 H        0.090233     0.068570    -0.091705
    13    1 H       -0.070102    -0.115598    -0.056894
    14    1 H        0.065787    -0.031248     0.127666
    15    1 H        0.092139    -0.099259     0.063257
    16    1 H       -0.116242     0.034159     0.080470
    17    1 H        0.069800     0.118337    -0.052572
    18    7 N        0.068818     0.145460    -0.176499
    19    1 H        0.125192     0.004677     0.000147
    20    1 H       -0.050360     0.113412     0.020933
    21    1 H       -0.042960    -0.051416    -0.113184
    22    6 C        0.013680     0.020357     0.023118
    23    6 C        0.002162     0.014792    -0.002805
    24    6 C        0.024141     0.077651     0.017225
    25    6 C        0.019950     0.023066     0.035822
    26    6 C        0.021308    -0.010692     0.058974
    27    6 C        0.005147    -0.005409     0.016025
    28    6 C        0.059330     0.048998     0.117881
    29    8 O       -0.021314    -0.096041    -0.014390
    30    8 O       -0.039960    -0.034582    -0.083430
    31    1 H       -0.056722    -0.054988    -0.110227
    32    1 H       -0.030788    -0.134401    -0.003521
    33    1 H        0.018566    -0.095469     0.099641
    34    1 H        0.028119     0.133615    -0.002704
    35    1 H       -0.027235     0.076603    -0.108461
    36    1 H       -0.026541    -0.115315    -0.027703
    37    6 C        0.137644    -0.194625     0.072285
    38    8 O       -0.080244     0.059066    -0.003724
    39   15 P        0.025658     0.089324     0.175691
    40    8 O        0.016277     0.065755     0.036009
    41    6 C        0.028454    -0.193170    -0.196695
    42    8 O       -0.076780     0.013968    -0.013055
    43    6 C        0.277994     0.013350     0.072674
    44    1 H       -0.026752    -0.016010    -0.140953
    45    1 H        0.076675     0.118891     0.026503
    46    1 H       -0.117425    -0.017718     0.086455
    47    1 H        0.046269     0.122610    -0.065805
    48    1 H        0.084820    -0.047051     0.109717
    49    1 H       -0.140758     0.008170     0.039528
    50    1 H       -0.073280     0.038718     0.124372
    51    1 H       -0.019950    -0.138759    -0.041319
    52    1 H       -0.018247     0.096929    -0.109942
    53    7 N       -0.056368    -0.149663     0.180490
    54    1 H       -0.120095     0.026890     0.037718
    55    1 H        0.082860     0.023067     0.096610
    56    1 H        0.008129    -0.116646    -0.040620
---------------------------------------------------------
           total    -0.877858    -2.137100     0.632314
---------------------------------------------------------

[Info] JSON dump of results written to 'tblite.json'
