[Info] Molecular charge read from './.CHRG'
xTB calculator
 | Coulomb electrostatics
 |  * isotropic Klopman-Ohno electrostatics
 |  * onsite third-order electrostatics
CEH guess
integral cutoff           2.6515720764954E+01 bohr

Atomic charges (in atomic units):
---------------------------------------------------------
     #    Z                 q
---------------------------------------------------------
     1   91 Pa       1.336538
     2   35 Br      -0.003920
     3    6 C        0.187754
     4    8 O        0.252281
     5    7 N       -0.180862
     6    1 H        0.180065
     7    1 H        0.187833
     8    1 H        0.187768
     9    6 C        0.043826
    10    8 O       -0.209179
    11    1 H        0.071257
    12    1 H        0.072918
    13    1 H        0.069906
    14    6 C        0.188214
    15    7 N       -0.384399
---------------------------------------------------------

Atomic dipole moments (in atomic units):
---------------------------------------------------------
     #    Z                 x            y            z
---------------------------------------------------------
     1   91 Pa      -0.685299    -0.616998     0.445696
     2   35 Br      -0.042546    -0.006858     0.011294
     3    6 C       -0.054228     0.001777     0.064337
     4    8 O       -0.061069     0.032862     0.060374
     5    7 N       -0.016071    -0.253661     0.040110
     6    1 H        0.068270    -0.057470    -0.083479
     7    1 H       -0.119737    -0.039338    -0.013663
     8    1 H        0.044035    -0.030786     0.115753
     9    6 C       -0.037718    -0.263109     0.049652
    10    8 O        0.007215     0.157850    -0.017138
    11    1 H       -0.039532     0.067522     0.124527
    12    1 H       -0.087624     0.028329    -0.116007
    13    1 H        0.144875     0.009223    -0.028704
    14    6 C        0.050535     0.052702     0.198738
    15    7 N        0.006381     0.007030     0.032086
---------------------------------------------------------
           total    -1.230475    -0.595265     3.479173
---------------------------------------------------------

[Info] JSON dump of results written to 'tblite.json'
