[Info] Molecular charge read from '.CHRG'

Charge model parameter:
------------------------------------------------------
   Z          chi/Eh     kcn/Eh     eta/Eh     rad/AA
------------------------------------------------------
  90 Th       1.0989     0.0159     0.6181     0.6812
  19 K        0.4037    -0.1022     0.9145     0.8703
  38 Sr       0.5880    -0.0670     0.6512     0.8612
  32 Ge       1.1539    -0.0269     0.5152     1.0516
  17 Cl       1.4815     0.1368     0.7586     0.7238
------------------------------------------------------

Electrostatic properties (in atomic units):
--------------------------------------------------
     #    Z              CN          q        chi
--------------------------------------------------
     1   90 Th       2.9515     0.3265     1.0716
     2   19 K        0.5475     0.9825     0.4794
     3   38 Sr       2.7903     1.0565     0.6999
     4   32 Ge       2.3631    -0.1712     1.1953
     5   17 Cl       1.9701    -0.1943     1.2895
--------------------------------------------------
     Σ                          2.0000
--------------------------------------------------

Electrostatic energy:    5.5257173478044E-01 Eh

[Info] JSON dump of results written to 'multicharge.json'
