[Info] Molecular charge read from './.CHRG'
xTB calculator
 | Coulomb electrostatics
 |  * isotropic Klopman-Ohno electrostatics
 |  * onsite third-order electrostatics
CEH guess
integral cutoff           4.0000000000000E+01 bohr

Atomic charges (in atomic units):
---------------------------------------------------------
     #    Z                 q
---------------------------------------------------------
     1  103 Lr       0.635709
     2    6 C        0.056195
     3    8 O       -0.189539
     4   15 P        0.564528
     5    8 O       -0.201947
     6    6 C        0.074953
     7    8 O       -0.211538
     8    6 C        0.059241
     9    1 H        0.045605
    10    1 H        0.055498
    11    1 H        0.045626
    12    1 H        0.055948
    13    1 H        0.061243
    14    1 H        0.050468
    15    1 H        0.058542
    16    1 H        0.046049
    17    1 H        0.063691
    18   53 I       -0.211715
    19    6 C       -0.049724
    20    6 C        0.048112
    21    8 O       -0.142448
    22    1 H        0.093516
    23    1 H        0.041505
    24    1 H        0.039460
    25    1 H        0.062919
    26    1 H        0.060600
    27    1 H        0.194865
    28    6 C       -0.110581
    29   15 P        0.205974
    30    6 C       -0.115194
    31    6 C       -0.114721
    32    1 H        0.048145
    33    1 H        0.065818
    34    1 H        0.063380
    35    1 H        0.047418
    36    1 H        0.064083
    37    1 H        0.068977
    38    1 H        0.048802
    39    1 H        0.063903
    40    1 H        0.062266
    41    8 O       -0.188250
    42    1 H        0.180000
    43    1 H        0.202616
---------------------------------------------------------

Atomic dipole moments (in atomic units):
---------------------------------------------------------
     #    Z                 x            y            z
---------------------------------------------------------
     1  103 Lr       0.546664     0.111363    -0.269086
     2    6 C       -0.225038     0.171782     0.053473
     3    8 O        0.063296    -0.000597    -0.022328
     4   15 P        0.042406     0.023900    -0.006239
     5    8 O        0.065833    -0.014277     0.016256
     6    6 C       -0.165664    -0.047568    -0.250412
     7    8 O        0.045617    -0.032948    -0.048427
     8    6 C        0.019800     0.057900     0.301120
     9    1 H        0.039319    -0.060018     0.123559
    10    1 H        0.102046     0.085008    -0.051125
    11    1 H       -0.041159    -0.096337    -0.097366
    12    1 H       -0.092145     0.042307     0.096287
    13    1 H        0.097253     0.099682    -0.029622
    14    1 H        0.053756    -0.124546     0.034855
    15    1 H       -0.127315     0.045673    -0.041449
    16    1 H        0.012367    -0.137893    -0.011265
    17    1 H        0.100066     0.070764    -0.068973
    18   53 I        0.023873     0.012813    -0.079494
    19    6 C       -0.012022    -0.002921     0.109403
    20    6 C        0.032490    -0.232640     0.138231
    21    8 O       -0.030451     0.096990     0.018006
    22    1 H       -0.014396     0.107443    -0.095608
    23    1 H       -0.095033    -0.094125    -0.030022
    24    1 H        0.129870    -0.042380    -0.001857
    25    1 H       -0.117749     0.040830     0.002181
    26    1 H        0.085319     0.086387     0.027366
    27    1 H       -0.035360     0.044747     0.105333
    28    6 C        0.047377    -0.036045    -0.006718
    29   15 P       -0.099833    -0.029108    -0.029144
    30    6 C        0.008584     0.006572     0.063378
    31    6 C        0.028137     0.047623    -0.015713
    32    1 H       -0.120306    -0.057336    -0.053328
    33    1 H        0.031701     0.133696    -0.066887
    34    1 H       -0.007770     0.017697     0.150276
    35    1 H       -0.135118    -0.037283    -0.027678
    36    1 H        0.096691    -0.110753    -0.042061
    37    1 H        0.035337     0.131380    -0.071976
    38    1 H       -0.128876    -0.018460    -0.059221
    39    1 H       -0.008532     0.013312     0.150739
    40    1 H        0.095566    -0.111517    -0.038759
    41    8 O        0.061576    -0.067500     0.044010
    42    1 H        0.095321    -0.026694    -0.024234
    43    1 H       -0.037760    -0.075402     0.089313
---------------------------------------------------------
           total     3.737740     0.683774    -1.083927
---------------------------------------------------------

[Info] JSON dump of results written to 'tblite.json'
