[Info] Molecular charge read from '.CHRG'

Charge model parameter:
------------------------------------------------------
   Z          chi/Eh     kcn/Eh     eta/Eh     rad/AA
------------------------------------------------------
 100 Fm       1.0767     0.0040     0.5988     0.7039
   6 C        1.4003     0.0601     0.6166     0.9994
   7 N        1.5582     0.0928     0.6565     0.6998
   8 O        1.5687     0.1169     0.6793     0.6518
   1 H        1.2370     0.0492     1.0964     0.2919
  16 S        1.4077     0.0713     0.5171     1.1581
   9 F        1.5754     0.1570     0.7723     0.9393
------------------------------------------------------

Electrostatic properties (in atomic units):
--------------------------------------------------
     #    Z              CN          q        chi
--------------------------------------------------
     1  100 Fm       6.4559     0.8047     1.0665
     2    6 C        1.8988     0.0623     1.3175
     3    7 N        1.0492    -0.5292     1.4631
     4    6 C        3.0114    -0.1460     1.2961
     5    6 C        3.0145    -0.1294     1.2960
     6    6 C        3.0110    -0.0856     1.2961
     7    6 C        3.0203     0.0113     1.2959
     8    6 C        3.0140    -0.1126     1.2960
     9    6 C        3.0120    -0.1488     1.2961
    10    6 C        3.0104     0.2387     1.2961
    11    8 O        1.9000    -0.3462     1.4075
    12    8 O        1.9755    -0.4938     1.4044
    13    1 H        0.9925     0.0631     1.1880
    14    1 H        0.9927     0.0854     1.1880
    15    1 H        0.9905     0.1764     1.1880
    16    1 H        0.9929     0.1032     1.1880
    17    1 H        0.9926     0.0642     1.1880
    18    1 H        1.0214     0.3303     1.1873
    19    7 N        1.9936    -0.3654     1.4272
    20    7 N        2.0244     0.0151     1.4262
    21    7 N        1.0054    -0.4226     1.4651
    22    8 O        1.9764    -0.3633     1.4043
    23   16 S        3.8728     0.3916     1.2674
    24    8 O        0.9990    -0.4693     1.4518
    25    8 O        1.9846    -0.3819     1.4040
    26    9 F        0.9974    -0.3521     1.4186
--------------------------------------------------
     Σ                         -2.0000
--------------------------------------------------

Electrostatic energy:   -1.6852461697783E+00 Eh

[Info] JSON dump of results written to 'multicharge.json'
