Charge model parameter:
------------------------------------------------------
   Z          chi/Eh     kcn/Eh     eta/Eh     rad/AA
------------------------------------------------------
 101 Md       1.1131     0.0055     0.6097     0.6919
  17 Cl       1.4815     0.1368     0.7586     0.7238
------------------------------------------------------

Electrostatic properties (in atomic units):
--------------------------------------------------
     #    Z              CN          q        chi
--------------------------------------------------
     1  101 Md       2.9898     0.4716     1.1036
     2   17 Cl       0.9982    -0.1567     1.3448
     3   17 Cl       0.9981    -0.1576     1.3448
     4   17 Cl       0.9982    -0.1573     1.3448
--------------------------------------------------
     Σ                          0.0000
--------------------------------------------------

Electrostatic energy:   -5.6889713613490E-02 Eh

[Info] JSON dump of results written to 'multicharge.json'
