[Info] Molecular charge read from './.CHRG'
xTB calculator
 | Coulomb electrostatics
 |  * isotropic Klopman-Ohno electrostatics
 |  * onsite third-order electrostatics
CEH guess
integral cutoff           4.0000000000000E+01 bohr

Atomic charges (in atomic units):
---------------------------------------------------------
     #    Z                 q
---------------------------------------------------------
     1  103 Lr       0.720514
     2    7 N        0.256363
     3    8 O       -0.249920
     4    8 O       -0.268825
     5    8 O       -0.249375
     6    8 O       -0.478671
     7   16 S        0.289799
     8    8 O       -0.353961
     9    8 O       -0.458429
    10    8 O       -0.490043
    11    1 H        0.082682
    12    6 C        0.029890
    13    6 C        0.022690
    14    7 N        0.013706
    15    6 C        0.027493
    16    6 C        0.033019
    17    7 N       -0.102474
    18    1 H        0.036791
    19    1 H        0.046538
    20    1 H        0.055240
    21    1 H        0.036974
---------------------------------------------------------

Atomic dipole moments (in atomic units):
---------------------------------------------------------
     #    Z                 x            y            z
---------------------------------------------------------
     1  103 Lr       0.178752    -0.098750     0.246522
     2    7 N        0.016063    -0.014122    -0.013661
     3    8 O        0.157720    -0.172940    -0.052018
     4    8 O        0.009560     0.209633    -0.134968
     5    8 O       -0.163875    -0.044519     0.181509
     6    8 O        0.086820     0.088862     0.002466
     7   16 S       -0.069901     0.025144     0.104372
     8    8 O       -0.008394    -0.026123     0.067946
     9    8 O       -0.044841    -0.076963    -0.082071
    10    8 O        0.106247    -0.079486    -0.013974
    11    1 H        0.103295    -0.077332    -0.002529
    12    6 C        0.010700    -0.077246    -0.141193
    13    6 C        0.139468    -0.020469    -0.072300
    14    7 N       -0.271067    -0.109772    -0.118889
    15    6 C        0.008731     0.079007     0.136620
    16    6 C       -0.135395     0.030850     0.089151
    17    7 N        0.274442     0.109846     0.125601
    18    1 H       -0.105213     0.019549     0.061153
    19    1 H        0.007967     0.061131     0.102218
    20    1 H        0.109653    -0.010673    -0.044243
    21    1 H        0.001418    -0.059895    -0.106729
---------------------------------------------------------
           total    -2.726081    -0.879303    -0.054850
---------------------------------------------------------

[Info] JSON dump of results written to 'tblite.json'
