[Info] Molecular charge read from './.CHRG'
[Info] Molecular spin read from './.UHF'
xTB calculator
 | Coulomb electrostatics
 |  * isotropic Klopman-Ohno electrostatics
 |  * onsite third-order electrostatics
CEH guess
integral cutoff           4.0000000000000E+01 bohr

Atomic charges (in atomic units):
---------------------------------------------------------
     #    Z                 q
---------------------------------------------------------
     1   96 Cm       1.144517
     2    6 C        0.049763
     3    6 C        0.052754
     4    7 N        0.042277
     5    6 C        0.053563
     6    6 C        0.051058
     7    7 N       -0.050177
     8    1 H        0.080345
     9    1 H        0.062175
    10    1 H        0.059877
    11    1 H        0.081767
    12    6 C        0.040273
    13    8 O       -0.115924
    14    1 H        0.052711
    15    1 H        0.055721
    16    1 H        0.058002
    17    1 H        0.193293
    18    6 C       -0.013661
    19    6 C       -0.038872
    20    6 C        0.009155
    21    6 C       -0.002770
    22    6 C       -0.002179
    23    6 C       -0.043305
    24    6 C        0.244712
    25    8 O       -0.114421
    26    8 O       -0.151924
    27    1 H        0.051034
    28    1 H        0.052947
    29    1 H        0.050252
    30    1 H        0.033992
    31    1 H        0.049513
    32    1 H        0.185925
    33    8 O       -0.443976
    34    1 H        0.221583
---------------------------------------------------------

Atomic dipole moments (in atomic units):
---------------------------------------------------------
     #    Z                 x            y            z
---------------------------------------------------------
     1   96 Cm       0.025146     0.296036     0.016738
     2    6 C        0.068479     0.128079    -0.000623
     3    6 C       -0.035227     0.176707     0.077067
     4    7 N        0.188164    -0.021973    -0.115727
     5    6 C       -0.114476    -0.154472     0.020344
     6    6 C        0.004400    -0.137890    -0.045714
     7    7 N       -0.223726     0.027090     0.141608
     8    1 H        0.034716    -0.116625    -0.057026
     9    1 H       -0.079735    -0.106192     0.013912
    10    1 H       -0.030187     0.117430     0.054570
    11    1 H        0.086327     0.101130    -0.019683
    12    6 C       -0.085353    -0.174291    -0.214011
    13    8 O        0.011756    -0.035779     0.099500
    14    1 H        0.127209    -0.053009     0.045753
    15    1 H       -0.104552    -0.005532     0.100110
    16    1 H        0.015558     0.142457    -0.053118
    17    1 H       -0.016391    -0.115710     0.056814
    18    6 C        0.024053     0.001120     0.016823
    19    6 C       -0.002342    -0.004146     0.016083
    20    6 C        0.018710    -0.007856     0.061309
    21    6 C        0.038494     0.004265     0.023718
    22    6 C        0.055084     0.012675    -0.009671
    23    6 C        0.014263     0.005721    -0.010023
    24    6 C        0.119080     0.047694    -0.036232
    25    8 O       -0.016119     0.020193    -0.082886
    26    8 O       -0.095967    -0.005971    -0.040573
    27    1 H       -0.119393    -0.009263    -0.062361
    28    1 H       -0.010306     0.027704    -0.132896
    29    1 H        0.103920     0.035847    -0.086807
    30    1 H        0.010566    -0.029040     0.135412
    31    1 H       -0.108688    -0.037576     0.070323
    32    1 H       -0.036659     0.040621    -0.109243
    33    8 O       -0.011396     0.111233     0.017081
    34    1 H       -0.010710     0.153090     0.024809
---------------------------------------------------------
           total    -1.430754     0.685553     2.569518
---------------------------------------------------------

[Info] JSON dump of results written to 'tblite.json'
