[Info] Molecular charge read from './.CHRG'
xTB calculator
 | Coulomb electrostatics
 |  * isotropic Klopman-Ohno electrostatics
 |  * onsite third-order electrostatics
CEH guess
integral cutoff           2.6515720764954E+01 bohr

Atomic charges (in atomic units):
---------------------------------------------------------
     #    Z                 q
---------------------------------------------------------
     1   90 Th       0.769387
     2    7 N       -0.022692
     3    6 C        0.066849
     4    6 C       -0.020612
     5    6 C        0.042688
     6    6 C        0.002379
     7    6 C        0.094409
     8    6 C        0.095093
     9    6 C        0.002227
    10    6 C        0.042681
    11    6 C       -0.021487
    12    6 C        0.065797
    13    7 N       -0.025349
    14    1 H        0.052587
    15    1 H        0.050673
    16    1 H        0.039603
    17    1 H        0.051656
    18    1 H        0.051629
    19    1 H        0.039333
    20    1 H        0.051018
    21    1 H        0.056808
    22    7 N        0.359159
    23    8 O       -0.233701
    24    8 O       -0.245558
    25    8 O       -0.114039
    26    6 C       -0.100201
    27   15 P        0.165198
    28    6 C       -0.105251
    29    6 C       -0.103256
    30    1 H        0.040560
    31    1 H        0.058400
    32    1 H        0.054379
    33    1 H        0.041278
    34    1 H        0.051540
    35    1 H        0.056322
    36    1 H        0.041198
    37    1 H        0.056038
    38    1 H        0.053365
    39   16 S        0.005135
    40    6 C        0.132791
    41    7 N       -0.374689
    42   35 Br      -0.323347
---------------------------------------------------------

Atomic dipole moments (in atomic units):
---------------------------------------------------------
     #    Z                 x            y            z
---------------------------------------------------------
     1   90 Th       0.385932    -0.205492     0.136434
     2    7 N        0.158318    -0.118318     0.165450
     3    6 C       -0.107810     0.092697     0.093066
     4    6 C       -0.016444     0.016782     0.011598
     5    6 C       -0.009514     0.005228    -0.009812
     6    6 C       -0.035433     0.025704    -0.032356
     7    6 C       -0.054792     0.033351    -0.138411
     8    6 C       -0.061318     0.035295    -0.136232
     9    6 C       -0.001503    -0.005101    -0.054040
    10    6 C       -0.001962    -0.001219    -0.014078
    11    6 C        0.018859    -0.015554    -0.010987
    12    6 C        0.120696    -0.109458    -0.054689
    13    7 N        0.015544     0.009455     0.257664
    14    1 H       -0.009285    -0.007330    -0.125561
    15    1 H        0.087732    -0.073932    -0.073778
    16    1 H        0.092157    -0.068038     0.068805
    17    1 H        0.004055     0.006737     0.136151
    18    1 H        0.087388    -0.063189     0.083565
    19    1 H       -0.005936     0.019795     0.131969
    20    1 H       -0.095733     0.086508     0.043677
    21    1 H       -0.080166     0.053906    -0.086112
    22    7 N       -0.048075    -0.071780     0.006363
    23    8 O       -0.084802     0.202652     0.081205
    24    8 O        0.213941    -0.008845    -0.100665
    25    8 O       -0.124249    -0.178619     0.021446
    26    6 C        0.043224     0.021947     0.013059
    27   15 P       -0.022819     0.086876    -0.155793
    28    6 C        0.005870    -0.046797    -0.014654
    29    6 C       -0.039163     0.014909     0.021608
    30    1 H       -0.002245     0.074952    -0.129700
    31    1 H       -0.122584     0.033662     0.087186
    32    1 H        0.008881    -0.152422    -0.019918
    33    1 H       -0.026268     0.048526    -0.138423
    34    1 H        0.129213     0.062322     0.057680
    35    1 H       -0.116543     0.030771     0.094506
    36    1 H       -0.038188     0.075181    -0.124321
    37    1 H        0.013703    -0.150735    -0.025624
    38    1 H        0.129984     0.054032     0.062064
    39   16 S       -0.248439     0.093085    -0.056442
    40    6 C        0.140861    -0.058058     0.038772
    41    7 N       -0.147909     0.044693    -0.000346
    42   35 Br       0.022900    -0.017209     0.000028
---------------------------------------------------------
           total     2.028858    -0.874943     3.189258
---------------------------------------------------------

[Info] JSON dump of results written to 'tblite.json'
