[Info] Molecular charge read from '.CHRG'

Charge model parameter:
------------------------------------------------------
   Z          chi/Eh     kcn/Eh     eta/Eh     rad/AA
------------------------------------------------------
  94 Pu       1.0104     0.0049     0.6346     0.6641
   7 N        1.5582     0.0928     0.6565     0.6998
   6 C        1.4003     0.0601     0.6166     0.9994
   1 H        1.2370     0.0492     1.0964     0.2919
   8 O        1.5687     0.1169     0.6793     0.6518
------------------------------------------------------

Electrostatic properties (in atomic units):
--------------------------------------------------
     #    Z              CN          q        chi
--------------------------------------------------
     1   94 Pu       7.3110     0.9399     0.9972
     2    7 N        3.0110    -0.3474     1.3972
     3    6 C        3.3772     0.1022     1.2899
     4    6 C        3.0073    -0.0014     1.2961
     5    6 C        3.0219     0.0004     1.2959
     6    6 C        3.0101    -0.0228     1.2961
     7    6 C        3.3074     0.1586     1.2911
     8    6 C        3.3147     0.1586     1.2910
     9    6 C        3.0103    -0.0229     1.2961
    10    6 C        3.0214     0.0006     1.2959
    11    6 C        3.0076    -0.0003     1.2961
    12    6 C        3.3926     0.1101     1.2897
    13    7 N        3.0109    -0.3428     1.3972
    14    1 H        0.9951     0.1762     1.1879
    15    1 H        0.9929     0.2043     1.1880
    16    1 H        0.9927     0.2069     1.1880
    17    1 H        0.9930     0.1749     1.1880
    18    1 H        0.9930     0.1749     1.1880
    19    1 H        0.9927     0.2073     1.1880
    20    1 H        0.9929     0.2059     1.1880
    21    1 H        0.9960     0.1885     1.1879
    22    6 C        1.9682     0.2334     1.3160
    23    7 N        1.9950    -0.2952     1.4271
    24    7 N        2.8280     0.0853     1.4021
    25    8 O        1.9946    -0.1547     1.4036
    26    8 O        1.9946    -0.1404     1.4036
--------------------------------------------------
     Σ                          2.0000
--------------------------------------------------

Electrostatic energy:    1.0077099761092E+00 Eh

[Info] JSON dump of results written to 'multicharge.json'
