[Info] Molecular spin read from './.UHF'
xTB calculator
 | Coulomb electrostatics
 |  * isotropic Klopman-Ohno electrostatics
 |  * onsite third-order electrostatics
CEH guess
integral cutoff           4.0000000000000E+01 bohr

Atomic charges (in atomic units):
---------------------------------------------------------
     #    Z                 q
---------------------------------------------------------
     1   95 Am       0.348787
     2    9 F       -0.348787
---------------------------------------------------------

Atomic dipole moments (in atomic units):
---------------------------------------------------------
     #    Z                 x            y            z
---------------------------------------------------------
     1   95 Am       0.239766     0.415287    -0.242374
     2    9 F        0.024535     0.042496    -0.024802
---------------------------------------------------------
           total    -0.342620    -0.593435     0.346346
---------------------------------------------------------

[Info] JSON dump of results written to 'tblite.json'
