[Info] Molecular spin read from './.UHF'
xTB calculator
 | Coulomb electrostatics
 |  * isotropic Klopman-Ohno electrostatics
 |  * onsite third-order electrostatics
CEH guess
integral cutoff           4.0000000000000E+01 bohr

Atomic charges (in atomic units):
---------------------------------------------------------
     #    Z                 q
---------------------------------------------------------
     1  101 Md       0.578541
     2    6 C       -0.007091
     3    6 C       -0.035740
     4    6 C       -0.010785
     5    6 C       -0.034023
     6    6 C       -0.007236
     7    6 C       -0.034569
     8    6 C        0.158673
     9    8 O       -0.224524
    10    8 O       -0.233581
    11    1 H        0.040909
    12    1 H        0.032168
    13    1 H        0.026559
    14    1 H        0.028966
    15    1 H        0.032970
    16    6 C       -0.009468
    17    6 C       -0.033467
    18    6 C        0.013067
    19    6 C       -0.022029
    20    6 C       -0.014718
    21    6 C       -0.042991
    22    6 C        0.233562
    23    8 O       -0.194191
    24    8 O       -0.134057
    25    1 H        0.037962
    26    1 H        0.037292
    27    1 H        0.042829
    28    1 H        0.020393
    29    1 H        0.030083
    30    1 H        0.189340
    31   35 Br      -0.428257
    32   17 Cl      -0.425319
    33    6 C        0.047659
    34    6 C        0.023618
    35    7 N        0.074195
    36    6 C        0.024611
    37    6 C        0.048904
    38    7 N       -0.063545
    39    1 H        0.063034
    40    1 H        0.051115
    41    1 H        0.056634
    42    1 H        0.062508
---------------------------------------------------------

Atomic dipole moments (in atomic units):
---------------------------------------------------------
     #    Z                 x            y            z
---------------------------------------------------------
     1  101 Md       0.564065     0.089533     0.432074
     2    6 C       -0.000986    -0.006197    -0.014257
     3    6 C        0.010606     0.008455    -0.007937
     4    6 C        0.009876    -0.000092    -0.030390
     5    6 C       -0.001255    -0.013511    -0.030169
     6    6 C       -0.012763    -0.020539    -0.020729
     7    6 C       -0.011354    -0.011387     0.000711
     8    6 C       -0.008870    -0.007813     0.001620
     9    8 O       -0.074057    -0.054704     0.049869
    10    8 O        0.075374     0.073872    -0.004232
    11    1 H        0.006857     0.044645     0.127986
    12    1 H       -0.078578    -0.053707     0.091234
    13    1 H       -0.085827    -0.098983    -0.039401
    14    1 H        0.077585     0.051951    -0.100134
    15    1 H        0.084579     0.096723     0.030506
    16    6 C        0.002750     0.003878     0.017033
    17    6 C       -0.011142     0.009336     0.004665
    18    6 C       -0.007873     0.024255     0.040667
    19    6 C        0.014010     0.003767     0.037737
    20    6 C        0.027492    -0.009306     0.026576
    21    6 C        0.010805    -0.009689     0.000375
    22    6 C        0.071612    -0.115555     0.022423
    23    8 O        0.003301    -0.059927    -0.047802
    24    8 O       -0.055374     0.010896    -0.084816
    25    1 H       -0.063040    -0.004755    -0.118844
    26    1 H        0.049610    -0.076870    -0.097738
    27    1 H        0.116980    -0.072516     0.008163
    28    1 H       -0.048761     0.077612     0.095005
    29    1 H       -0.109320     0.072533    -0.015422
    30    1 H       -0.032036    -0.074792    -0.089253
    31   35 Br       0.055100     0.033036     0.020813
    32   17 Cl       0.049342    -0.057409     0.042047
    33    6 C        0.101410     0.099394     0.036897
    34    6 C        0.005750     0.153461     0.001999
    35    7 N        0.161621    -0.088847     0.059211
    36    6 C       -0.115230    -0.092980    -0.044023
    37    6 C       -0.019171    -0.144186    -0.006672
    38    7 N       -0.230985     0.128580    -0.084709
    39    1 H        0.007324    -0.128361     0.003954
    40    1 H       -0.105091    -0.064942    -0.040620
    41    1 H       -0.012194     0.131620    -0.000468
    42    1 H        0.103677     0.066519     0.037381
---------------------------------------------------------
           total     5.061096    -1.927136     0.975440
---------------------------------------------------------

[Info] JSON dump of results written to 'tblite.json'
