[Info] Molecular spin read from './.UHF'
xTB calculator
 | Coulomb electrostatics
 |  * isotropic Klopman-Ohno electrostatics
 |  * onsite third-order electrostatics
CEH guess
integral cutoff           4.0000000000000E+01 bohr

Atomic charges (in atomic units):
---------------------------------------------------------
     #    Z                 q
---------------------------------------------------------
     1   98 Cf       0.080784
     2   20 Ca       0.525407
     3   15 P       -0.419871
     4   33 As      -0.186320
---------------------------------------------------------

Atomic dipole moments (in atomic units):
---------------------------------------------------------
     #    Z                 x            y            z
---------------------------------------------------------
     1   98 Cf       0.283120     0.669264     1.086356
     2   20 Ca      -0.421597    -0.649332    -1.142796
     3   15 P       -0.072386     0.100089     0.063006
     4   33 As       0.187367    -0.074690     0.061535
---------------------------------------------------------
           total     0.239538    -1.143577    -1.162588
---------------------------------------------------------

[Info] JSON dump of results written to 'tblite.json'
