[Info] Molecular charge read from './.CHRG'
[Info] Molecular spin read from './.UHF'
xTB calculator
 | Coulomb electrostatics
 |  * isotropic Klopman-Ohno electrostatics
 |  * onsite third-order electrostatics
CEH guess
integral cutoff           3.7432403240289E+01 bohr

Atomic charges (in atomic units):
---------------------------------------------------------
     #    Z                 q
---------------------------------------------------------
     1   93 Np       1.079824
     2   35 Br       0.029623
     3    6 C       -0.087428
     4    6 C        0.247177
     5    7 N       -0.034173
     6    1 H        0.088722
     7    1 H        0.088354
     8    1 H        0.089625
     9   16 S        0.314949
    10    6 C        0.200429
    11    7 N       -0.394039
    12    6 C       -0.022831
    13    6 C       -0.048499
    14    6 C       -0.013078
    15    6 C       -0.003757
    16    6 C        0.012448
    17    6 C       -0.042504
    18    6 C        0.322050
    19    8 O       -0.188590
    20    8 O       -0.102096
    21    1 H        0.051166
    22    1 H        0.049310
    23    1 H        0.034344
    24    1 H        0.055138
    25    1 H        0.055807
    26    1 H        0.218030
---------------------------------------------------------

Atomic dipole moments (in atomic units):
---------------------------------------------------------
     #    Z                 x            y            z
---------------------------------------------------------
     1   93 Np      -0.276835    -0.834904    -0.528471
     2   35 Br      -0.001973    -0.004218     0.065501
     3    6 C       -0.012205     0.006519     0.002376
     4    6 C        0.177023    -0.089776    -0.017427
     5    7 N       -0.068313     0.021258    -0.013183
     6    1 H        0.083508     0.089377    -0.089134
     7    1 H       -0.024005    -0.137262    -0.058491
     8    1 H        0.050315    -0.004150     0.143209
     9   16 S        0.004526     0.328859    -0.116524
    10    6 C       -0.004087    -0.287486     0.102222
    11    7 N        0.019150     0.119157    -0.063467
    12    6 C        0.030447     0.012829    -0.005917
    13    6 C        0.001390     0.007915    -0.019128
    14    6 C        0.022816     0.023539    -0.047756
    15    6 C        0.034936     0.018890    -0.010576
    16    6 C        0.062396     0.013016     0.035686
    17    6 C        0.011992    -0.001561     0.015665
    18    6 C        0.083385     0.063135    -0.073570
    19    8 O       -0.084615    -0.004080    -0.054706
    20    8 O       -0.078092    -0.045743     0.043878
    21    1 H       -0.114787    -0.055261     0.043917
    22    1 H       -0.007438    -0.045592     0.125963
    23    1 H        0.106339     0.008186     0.085854
    24    1 H       -0.006779     0.038174    -0.132787
    25    1 H       -0.107500    -0.009573    -0.083194
    26    1 H       -0.112685    -0.003681    -0.040381
---------------------------------------------------------
           total    -1.198961     4.632271    -0.935865
---------------------------------------------------------

[Info] JSON dump of results written to 'tblite.json'
