[Info] Molecular charge read from './.CHRG'
[Info] Molecular spin read from './.UHF'
xTB calculator
 | Coulomb electrostatics
 |  * isotropic Klopman-Ohno electrostatics
 |  * onsite third-order electrostatics
CEH guess
integral cutoff           3.7432403240289E+01 bohr

Atomic charges (in atomic units):
---------------------------------------------------------
     #    Z                 q
---------------------------------------------------------
     1   93 Np       0.910267
     2    7 N        0.107195
     3    8 O       -0.076287
     4    8 O       -0.099648
     5    7 N       -0.117066
     6    1 H        0.127838
     7    1 H        0.136814
     8    1 H        0.128356
     9    8 O       -0.294572
    10    1 H        0.226106
    11    6 C       -0.012635
    12    6 C       -0.042407
    13    6 C        0.003658
    14    6 C        0.003115
    15    6 C        0.003328
    16    6 C       -0.042022
    17    6 C        0.248471
    18    8 O       -0.194987
    19    8 O       -0.215759
    20    1 H        0.044505
    21    1 H        0.041500
    22    1 H        0.036171
    23    1 H        0.036302
    24    1 H        0.041758
---------------------------------------------------------

Atomic dipole moments (in atomic units):
---------------------------------------------------------
     #    Z                 x            y            z
---------------------------------------------------------
     1   93 Np      -0.421080    -0.516913     0.268237
     2    7 N       -0.240575     0.334528     0.114932
     3    8 O        0.089855    -0.083165     0.131903
     4    8 O       -0.000847    -0.039664    -0.180750
     5    7 N        0.059342    -0.003499     0.270917
     6    1 H       -0.114171     0.035226     0.054117
     7    1 H        0.101757     0.085746     0.016758
     8    1 H        0.030688    -0.124084     0.010680
     9    8 O        0.061399     0.114970    -0.030758
    10    1 H        0.074963     0.140639    -0.037240
    11    6 C        0.024849     0.005499    -0.000546
    12    6 C        0.003895    -0.003577     0.017168
    13    6 C        0.035919     0.002792     0.026864
    14    6 C        0.026084     0.009146     0.000189
    15    6 C        0.032083     0.014364    -0.027554
    16    6 C        0.001971     0.004051    -0.017403
    17    6 C        0.091671     0.017117    -0.007088
    18    8 O       -0.034789    -0.024767     0.083027
    19    8 O       -0.044594     0.012381    -0.086075
    20    1 H       -0.131108    -0.030985     0.001466
    21    1 H       -0.071102     0.009469    -0.112337
    22    1 H        0.060910     0.041030    -0.115832
    23    1 H        0.074726    -0.009861     0.114403
    24    1 H       -0.057131    -0.039924     0.113738
---------------------------------------------------------
           total    -1.381928     1.437966     1.987556
---------------------------------------------------------

[Info] JSON dump of results written to 'tblite.json'
