[Info] Molecular charge read from './.CHRG'
xTB calculator
 | Coulomb electrostatics
 |  * isotropic Klopman-Ohno electrostatics
 |  * onsite third-order electrostatics
CEH guess
integral cutoff           2.3650283084401E+01 bohr

Atomic charges (in atomic units):
---------------------------------------------------------
     #    Z                 q
---------------------------------------------------------
     1   90 Th       1.079425
     2    6 C        0.013615
     3    6 C        0.041164
     4    7 N        0.136949
     5    6 C        0.047473
     6    6 C        0.017422
     7    7 N       -0.131581
     8    1 H        0.016833
     9    1 H        0.045258
    10    1 H        0.063666
    11    1 H        0.021744
    12    8 O       -0.448346
    13   16 S        0.130178
    14    8 O       -0.421958
    15    8 O       -0.459038
    16    8 O       -0.455766
    17   16 S        0.226711
    18    8 O       -0.449801
    19    8 O       -0.439469
    20    8 O       -0.423464
    21   16 S        0.206813
    22    8 O       -0.385772
    23    8 O       -0.432059
---------------------------------------------------------

Atomic dipole moments (in atomic units):
---------------------------------------------------------
     #    Z                 x            y            z
---------------------------------------------------------
     1   90 Th      -0.426305     0.048705    -0.350469
     2    6 C        0.144431    -0.046502     0.070150
     3    6 C        0.113322    -0.016723    -0.059635
     4    7 N        0.024311    -0.054969     0.275721
     5    6 C       -0.135558     0.039595    -0.016665
     6    6 C       -0.128103     0.012755     0.116643
     7    7 N       -0.041894     0.064220    -0.311261
     8    1 H       -0.095862     0.010814     0.075258
     9    1 H       -0.107038     0.030610    -0.056646
    10    1 H        0.092834    -0.015750    -0.081662
    11    1 H        0.110359    -0.035561     0.039897
    12    8 O       -0.035189     0.000595     0.065258
    13   16 S        0.036238     0.055933    -0.026345
    14    8 O        0.084822    -0.052441     0.017280
    15    8 O       -0.036059    -0.017160    -0.070593
    16    8 O        0.009895    -0.108620    -0.079233
    17   16 S        0.055390     0.038901    -0.022055
    18    8 O       -0.068410     0.096521    -0.047436
    19    8 O       -0.012235    -0.023435     0.135411
    20    8 O        0.004177     0.032933    -0.115151
    21   16 S       -0.067364    -0.113342     0.008231
    22    8 O        0.033703    -0.067735     0.006536
    23    8 O        0.003759     0.056131     0.103557
---------------------------------------------------------
           total    -2.073770    -3.810446     1.108536
---------------------------------------------------------

[Info] JSON dump of results written to 'tblite.json'
