Charge model parameter:
------------------------------------------------------
   Z          chi/Eh     kcn/Eh     eta/Eh     rad/AA
------------------------------------------------------
  95 Am       1.0010     0.0051     0.6915     0.6095
   3 Li       0.5434    -0.1235     0.9742     0.4791
   1 H        1.2370     0.0492     1.0964     0.2919
------------------------------------------------------

Electrostatic properties (in atomic units):
--------------------------------------------------
     #    Z              CN          q        chi
--------------------------------------------------
     1   95 Am       1.0672    -0.1409     0.9957
     2    3 Li       1.9073     0.2680     0.7140
     3    3 Li       2.7282     0.2298     0.7474
     4    1 H        2.0091    -0.3569     1.1673
--------------------------------------------------
     Σ                          0.0000
--------------------------------------------------

Electrostatic energy:   -9.6900619265939E-02 Eh

[Info] JSON dump of results written to 'multicharge.json'
