Charge model parameter:
------------------------------------------------------
   Z          chi/Eh     kcn/Eh     eta/Eh     rad/AA
------------------------------------------------------
  94 Pu       1.0104     0.0049     0.6346     0.6641
  13 Al       1.1291    -0.0217     0.5831     0.9046
   8 O        1.5687     0.1169     0.6793     0.6518
  53 I        1.4034     0.0897     0.3054     2.0116
------------------------------------------------------

Electrostatic properties (in atomic units):
--------------------------------------------------
     #    Z              CN          q        chi
--------------------------------------------------
     1   94 Pu       2.9562     0.7027     1.0020
     2   13 Al       1.8128     0.1589     1.1583
     3    8 O        0.9994    -0.5482     1.4518
     4   53 I        1.8314    -0.3133     1.2820
--------------------------------------------------
     Σ                          0.0000
--------------------------------------------------

Electrostatic energy:   -1.5475455567331E-01 Eh

[Info] JSON dump of results written to 'multicharge.json'
