[Info] Molecular charge read from './.CHRG'
xTB calculator
 | Coulomb electrostatics
 |  * isotropic Klopman-Ohno electrostatics
 |  * onsite third-order electrostatics
CEH guess
integral cutoff           2.4638462780296E+01 bohr

Atomic charges (in atomic units):
---------------------------------------------------------
     #    Z                 q
---------------------------------------------------------
     1   89 Ac       0.524381
     2    7 N       -0.009623
     3    6 C       -0.002266
     4    6 C       -0.009998
     5    7 N       -0.047148
     6    1 H        0.080049
     7    1 H        0.096452
     8    1 H        0.063657
     9    1 H        0.049762
    10    1 H        0.050559
    11    1 H        0.053622
    12    1 H        0.080191
    13    1 H        0.084614
    14    6 C       -0.349957
    15    7 N       -0.206915
    16    8 O       -0.371505
    17   16 S        0.251924
    18    8 O       -0.301121
    19    8 O       -0.269057
    20   16 S       -0.291302
    21    6 C        0.027790
    22    7 N       -0.283182
    23    6 C       -0.080446
    24    8 O       -0.386371
    25    1 H        0.025942
    26    1 H        0.028039
    27    1 H        0.021963
    28    1 H        0.169948
---------------------------------------------------------

Atomic dipole moments (in atomic units):
---------------------------------------------------------
     #    Z                 x            y            z
---------------------------------------------------------
     1   89 Ac      -0.466924    -0.129634     0.104671
     2    7 N        0.241650    -0.134217    -0.135136
     3    6 C       -0.186807     0.038622    -0.059196
     4    6 C       -0.110298     0.149228     0.062399
     5    7 N        0.276767    -0.150091     0.137003
     6    1 H       -0.047539    -0.070790    -0.063767
     7    1 H        0.054550     0.097569    -0.033738
     8    1 H        0.044740     0.089169     0.076605
     9    1 H        0.076792    -0.057701    -0.075673
    10    1 H        0.085486    -0.046969     0.071809
    11    1 H       -0.061011    -0.078554    -0.075071
    12    1 H        0.047287     0.080040     0.048109
    13    1 H       -0.045541    -0.077136     0.048950
    14    6 C       -0.080390    -0.052113    -0.049858
    15    7 N        0.000505     0.022059     0.021041
    16    8 O       -0.098271     0.035092    -0.015466
    17   16 S        0.034432     0.088282     0.134810
    18    8 O        0.039499     0.051283     0.016016
    19    8 O        0.093007     0.008074    -0.058255
    20   16 S        0.062323    -0.131157     0.089742
    21    6 C       -0.036347     0.028077     0.002243
    22    7 N        0.038589    -0.084380     0.062549
    23    6 C       -0.006627    -0.172139     0.063868
    24    8 O        0.016459     0.140540    -0.043803
    25    1 H       -0.112493     0.063349     0.021230
    26    1 H        0.017094     0.004342    -0.129876
    27    1 H        0.092819     0.069529     0.052580
    28    1 H        0.023545     0.085831    -0.035683
---------------------------------------------------------
           total     3.760559    -0.364367    -1.397254
---------------------------------------------------------

[Info] JSON dump of results written to 'tblite.json'
