[Info] Molecular spin read from './.UHF'
xTB calculator
 | Coulomb electrostatics
 |  * isotropic Klopman-Ohno electrostatics
 |  * onsite third-order electrostatics
CEH guess
integral cutoff           2.5524281091444E+01 bohr

Atomic charges (in atomic units):
---------------------------------------------------------
     #    Z                 q
---------------------------------------------------------
     1   91 Pa       0.552088
     2    4 Be      -0.012692
     3    4 Be      -0.010771
     4    8 O       -0.528626
---------------------------------------------------------

Atomic dipole moments (in atomic units):
---------------------------------------------------------
     #    Z                 x            y            z
---------------------------------------------------------
     1   91 Pa      -0.912850    -0.760933     1.533845
     2    4 Be      -0.321220    -0.313847    -0.527197
     3    4 Be      -0.285726     0.630290    -0.026348
     4    8 O        0.059277    -0.003833     0.002405
---------------------------------------------------------
           total    -3.153678    -0.565883     1.359072
---------------------------------------------------------

[Info] JSON dump of results written to 'tblite.json'
