[Info] Molecular charge read from '.CHRG'

Charge model parameter:
------------------------------------------------------
   Z          chi/Eh     kcn/Eh     eta/Eh     rad/AA
------------------------------------------------------
 103 Lr       1.1371     0.0068     0.5937     0.7095
   7 N        1.5582     0.0928     0.6565     0.6998
   6 C        1.4003     0.0601     0.6166     0.9994
   1 H        1.2370     0.0492     1.0964     0.2919
   9 F        1.5754     0.1570     0.7723     0.9393
------------------------------------------------------

Electrostatic properties (in atomic units):
--------------------------------------------------
     #    Z              CN          q        chi
--------------------------------------------------
     1  103 Lr       5.3861     0.7036     1.1215
     2    7 N        3.9355    -0.5651     1.3741
     3    6 C        4.2159     0.0085     1.2770
     4    6 C        4.0464    -0.0144     1.2795
     5    7 N        3.8846    -0.4273     1.3753
     6    6 C        4.0447    -0.0133     1.2795
     7    6 C        4.1623     0.0067     1.2778
     8    7 N        3.9346    -0.5652     1.3741
     9    1 H        1.0052     0.3045     1.1877
    10    1 H        0.9967     0.2952     1.1879
    11    1 H        0.9915     0.1739     1.1880
    12    1 H        0.9915     0.1590     1.1880
    13    1 H        0.9914     0.1687     1.1880
    14    1 H        0.9915     0.1577     1.1880
    15    1 H        0.9973     0.2638     1.1879
    16    1 H        0.9913     0.1690     1.1880
    17    1 H        0.9915     0.1593     1.1880
    18    1 H        0.9915     0.1742     1.1880
    19    1 H        0.9913     0.1589     1.1880
    20    1 H        0.9969     0.2946     1.1879
    21    1 H        1.0059     0.3038     1.1876
    22    9 F        0.9985    -0.1928     1.4185
    23    7 N        3.9223    -0.7104     1.3744
    24    1 H        0.9999     0.3325     1.1878
    25    1 H        0.9970     0.3274     1.1879
    26    1 H        0.9968     0.3272     1.1879
--------------------------------------------------
     Σ                          2.0000
--------------------------------------------------

Electrostatic energy:    9.3012884159620E-01 Eh

[Info] JSON dump of results written to 'multicharge.json'
