[Info] Molecular charge read from './.CHRG'
xTB calculator
 | Coulomb electrostatics
 |  * isotropic Klopman-Ohno electrostatics
 |  * onsite third-order electrostatics
CEH guess
integral cutoff           4.0000000000000E+01 bohr

Atomic charges (in atomic units):
---------------------------------------------------------
     #    Z                 q
---------------------------------------------------------
     1  103 Lr       0.699900
     2    7 N       -0.083719
     3    6 C        0.059609
     4    6 C       -0.020630
     5    6 C        0.053666
     6    6 C        0.006944
     7    6 C        0.070442
     8    6 C        0.073679
     9    6 C        0.008786
    10    6 C        0.053813
    11    6 C       -0.022733
    12    6 C        0.052236
    13    7 N       -0.082249
    14    1 H        0.069065
    15    1 H        0.052288
    16    1 H        0.045664
    17    1 H        0.050881
    18    1 H        0.054015
    19    1 H        0.046558
    20    1 H        0.050099
    21    1 H        0.060116
    22    9 F       -0.404540
    23    9 F       -0.434581
    24    6 C        0.049586
    25    8 O       -0.197416
    26   15 P        0.541928
    27    8 O       -0.204234
    28    6 C        0.068380
    29    8 O       -0.209992
    30    6 C        0.066474
    31    1 H        0.054371
    32    1 H        0.047277
    33    1 H        0.035700
    34    1 H        0.051891
    35    1 H        0.044787
    36    1 H        0.061409
    37    1 H        0.032852
    38    1 H        0.058973
    39    1 H        0.038704
---------------------------------------------------------

Atomic dipole moments (in atomic units):
---------------------------------------------------------
     #    Z                 x            y            z
---------------------------------------------------------
     1  103 Lr      -0.118526    -0.356975     0.511793
     2    7 N        0.272883     0.013125    -0.122473
     3    6 C       -0.092454    -0.143843    -0.020286
     4    6 C       -0.021092    -0.029684    -0.004926
     5    6 C       -0.021875    -0.002402     0.006653
     6    6 C       -0.057324    -0.003366     0.023915
     7    6 C       -0.149467     0.048214     0.085425
     8    6 C       -0.133167     0.076782     0.094085
     9    6 C       -0.031429     0.043199     0.031437
    10    6 C       -0.014573     0.015970     0.010821
    11    6 C        0.012158     0.034619     0.005172
    12    6 C        0.060975     0.154807     0.019866
    13    7 N        0.147974    -0.209077    -0.154616
    14    1 H       -0.065036     0.071933     0.065702
    15    1 H        0.050147     0.120454     0.028641
    16    1 H        0.124021     0.024078    -0.045483
    17    1 H        0.066313    -0.095221    -0.066378
    18    1 H        0.120731     0.009485    -0.058384
    19    1 H        0.052952    -0.106159    -0.063529
    20    1 H       -0.073527    -0.110862     0.002016
    21    1 H       -0.098986     0.004751     0.057170
    22    9 F        0.006689     0.016971     0.014464
    23    9 F       -0.012612    -0.015505     0.004300
    24    6 C        0.137782    -0.253991     0.073479
    25    8 O       -0.028100     0.068591     0.029764
    26   15 P        0.018355     0.101927     0.043306
    27    8 O       -0.083110     0.005976    -0.019204
    28    6 C        0.233637     0.107045     0.087966
    29    8 O        0.049856    -0.018542     0.058852
    30    6 C       -0.010501    -0.016498    -0.282288
    31    1 H       -0.059222    -0.008299    -0.128613
    32    1 H        0.099151     0.101116     0.002739
    33    1 H       -0.095340     0.014992     0.102223
    34    1 H       -0.000526     0.010360    -0.140277
    35    1 H       -0.098876     0.073729     0.059478
    36    1 H        0.004181    -0.119868     0.050694
    37    1 H       -0.055385    -0.113743     0.049792
    38    1 H       -0.066401     0.115762     0.054368
    39    1 H        0.129199     0.003524     0.020260
---------------------------------------------------------
           total     1.835308    -0.006617    -1.446633
---------------------------------------------------------

[Info] JSON dump of results written to 'tblite.json'
