[Info] Molecular charge read from '.CHRG'

Charge model parameter:
------------------------------------------------------
   Z          chi/Eh     kcn/Eh     eta/Eh     rad/AA
------------------------------------------------------
  91 Pa       1.0721     0.0037     0.5511     0.7643
   8 O        1.5687     0.1169     0.6793     0.6518
   1 H        1.2370     0.0492     1.0964     0.2919
   7 N        1.5582     0.0928     0.6565     0.6998
  53 I        1.4034     0.0897     0.3054     2.0116
   6 C        1.4003     0.0601     0.6166     0.9994
------------------------------------------------------

Electrostatic properties (in atomic units):
--------------------------------------------------
     #    Z              CN          q        chi
--------------------------------------------------
     1   91 Pa       6.6342     0.9489     1.0625
     2    8 O        1.9898    -0.4488     1.4038
     3    1 H        1.0123     0.4071     1.1875
     4    7 N        2.7596     0.1133     1.4040
     5    8 O        1.9923    -0.1507     1.4037
     6    8 O        1.9773    -0.0999     1.4043
     7   53 I        0.9971     0.4850     1.3139
     8    6 C        4.5862    -0.1248     1.2717
     9    6 C        4.2018     0.0087     1.2772
    10    8 O        2.9490    -0.4026     1.3679
    11    1 H        0.9912     0.2052     1.1880
    12    1 H        1.0583     0.1786     1.1864
    13    1 H        1.2034     0.1333     1.1830
    14    1 H        0.9918     0.2145     1.1880
    15    1 H        0.9918     0.2002     1.1880
    16    1 H        0.9958     0.3320     1.1879
--------------------------------------------------
     Σ                          2.0000
--------------------------------------------------

Electrostatic energy:    1.0540973943107E+00 Eh

[Info] JSON dump of results written to 'multicharge.json'
