[Info] Molecular charge read from '.CHRG'

Charge model parameter:
------------------------------------------------------
   Z          chi/Eh     kcn/Eh     eta/Eh     rad/AA
------------------------------------------------------
  94 Pu       1.0104     0.0049     0.6346     0.6641
   6 C        1.4003     0.0601     0.6166     0.9994
   8 O        1.5687     0.1169     0.6793     0.6518
   7 N        1.5582     0.0928     0.6565     0.6998
   1 H        1.2370     0.0492     1.0964     0.2919
------------------------------------------------------

Electrostatic properties (in atomic units):
--------------------------------------------------
     #    Z              CN          q        chi
--------------------------------------------------
     1   94 Pu       7.5327     0.9273     0.9970
     2    6 C        4.1205     0.0225     1.2784
     3    6 C        4.0340     0.2703     1.2797
     4    8 O        1.9805    -0.3149     1.4042
     5    8 O        1.9827    -0.3050     1.4041
     6    7 N        3.9358    -0.5788     1.3741
     7    1 H        0.9923     0.1529     1.1880
     8    1 H        0.9923     0.1543     1.1880
     9    1 H        0.9981     0.2809     1.1878
    10    1 H        0.9984     0.2861     1.1878
    11    6 C        4.2398    -0.0247     1.2766
    12    6 C        3.9824    -0.1132     1.2804
    13    6 C        3.9856    -0.1157     1.2804
    14    6 C        4.0578    -0.0272     1.2793
    15    8 O        2.9483    -0.2710     1.3679
    16    1 H        0.9916     0.1475     1.1880
    17    1 H        0.9963     0.1536     1.1879
    18    1 H        0.9915     0.1517     1.1880
    19    1 H        0.9920     0.1438     1.1880
    20    1 H        0.9920     0.1430     1.1880
    21    1 H        0.9916     0.1446     1.1880
    22    1 H        0.9914     0.1493     1.1880
    23    1 H        0.9922     0.1558     1.1880
    24    7 N        2.0026    -0.3404     1.4269
    25    7 N        2.1454     0.0920     1.4223
    26    7 N        1.0051    -0.1926     1.4652
    27    6 C        3.9575    -0.1226     1.2808
    28    6 C        2.0900     0.1248     1.3135
    29    7 N        1.9626    -0.3758     1.4282
    30    1 H        0.9918     0.1552     1.1880
    31    1 H        0.9918     0.1578     1.1880
    32    1 H        0.9907     0.1743     1.1880
    33    6 C        1.9876     0.1207     1.3156
    34    7 N        1.0282    -0.3265     1.4641
--------------------------------------------------
     Σ                          1.0000
--------------------------------------------------

Electrostatic energy:    2.2370521408230E-01 Eh

[Info] JSON dump of results written to 'multicharge.json'
