Charge model parameter:
------------------------------------------------------
   Z          chi/Eh     kcn/Eh     eta/Eh     rad/AA
------------------------------------------------------
  93 Np       1.1090     0.0071     0.5649     0.7462
  53 I        1.4034     0.0897     0.3054     2.0116
------------------------------------------------------

Electrostatic properties (in atomic units):
--------------------------------------------------
     #    Z              CN          q        chi
--------------------------------------------------
     1   93 Np       5.8557     0.5765     1.0919
     2   53 I        1.2693    -0.0961     1.3024
     3   53 I        1.2693    -0.0961     1.3024
     4   53 I        1.2693    -0.0961     1.3024
     5   53 I        1.2693    -0.0961     1.3024
     6   53 I        1.2693    -0.0961     1.3024
     7   53 I        1.2693    -0.0961     1.3024
--------------------------------------------------
     Σ                          0.0000
--------------------------------------------------

Electrostatic energy:   -6.0666229148986E-02 Eh

[Info] JSON dump of results written to 'multicharge.json'
