[Info] Molecular charge read from '.CHRG'

Charge model parameter:
------------------------------------------------------
   Z          chi/Eh     kcn/Eh     eta/Eh     rad/AA
------------------------------------------------------
  89 Ac       1.0458     0.0047     0.6519     0.6470
   3 Li       0.5434    -0.1235     0.9742     0.4791
  15 P        1.5267     0.1425     0.7308     0.7313
  53 I        1.4034     0.0897     0.3054     2.0116
------------------------------------------------------

Electrostatic properties (in atomic units):
--------------------------------------------------
     #    Z              CN          q        chi
--------------------------------------------------
     1   89 Ac       2.6360     0.1294     1.0381
     2    3 Li       0.6626     0.3170     0.6439
     3   15 P        0.9987    -0.6763     1.3843
     4   53 I        0.9777    -1.7700     1.3147
--------------------------------------------------
     Σ                         -2.0000
--------------------------------------------------

Electrostatic energy:   -1.4624603151869E+00 Eh

[Info] JSON dump of results written to 'multicharge.json'
