[Info] Molecular charge read from '.CHRG'

Charge model parameter:
------------------------------------------------------
   Z          chi/Eh     kcn/Eh     eta/Eh     rad/AA
------------------------------------------------------
  99 Es       1.0593     0.0030     0.5898     0.7145
   9 F        1.5754     0.1570     0.7723     0.9393
  15 P        1.5267     0.1425     0.7308     0.7313
   6 C        1.4003     0.0601     0.6166     0.9994
   7 N        1.5582     0.0928     0.6565     0.6998
  16 S        1.4077     0.0713     0.5171     1.1581
   1 H        1.2370     0.0492     1.0964     0.2919
------------------------------------------------------

Electrostatic properties (in atomic units):
--------------------------------------------------
     #    Z              CN          q        chi
--------------------------------------------------
     1   99 Es       5.9508     0.8123     1.0520
     2    9 F        0.9991    -0.1260     1.4184
     3   15 P        3.5556     0.2433     1.2580
     4    9 F        1.8245    -0.1447     1.3633
     5    9 F        1.8718    -0.1082     1.3605
     6    6 C        1.7913     0.1550     1.3199
     7    7 N        1.9924    -0.3847     1.4272
     8   16 S        1.0146     0.0281     1.3359
     9    6 C        2.1126     0.1927     1.3130
    10    7 N        2.0116    -0.4384     1.4266
    11    6 C        3.9568    -0.2006     1.2808
    12   15 P        3.9603     0.0515     1.2431
    13    6 C        3.9599    -0.1964     1.2808
    14    6 C        3.9567    -0.1996     1.2808
    15    1 H        0.9929     0.1424     1.1880
    16    1 H        0.9929     0.1452     1.1880
    17    1 H        0.9932     0.1458     1.1880
    18    1 H        0.9928     0.1425     1.1880
    19    1 H        0.9930     0.1477     1.1880
    20    1 H        0.9930     0.1542     1.1880
    21    1 H        0.9928     0.1432     1.1880
    22    1 H        0.9932     0.1483     1.1880
    23    1 H        0.9930     0.1465     1.1880
--------------------------------------------------
     Σ                          1.0000
--------------------------------------------------

Electrostatic energy:    4.1050026589754E-01 Eh

[Info] JSON dump of results written to 'multicharge.json'
