[Info] Molecular spin read from './.UHF'
xTB calculator
 | Coulomb electrostatics
 |  * isotropic Klopman-Ohno electrostatics
 |  * onsite third-order electrostatics
CEH guess
integral cutoff           4.0000000000000E+01 bohr

Atomic charges (in atomic units):
---------------------------------------------------------
     #    Z                 q
---------------------------------------------------------
     1  100 Fm       0.323361
     2    3 Li       0.112251
     3    1 H        0.037763
     4    1 H       -0.326495
     5    1 H       -0.218932
     6    1 H        0.072052
---------------------------------------------------------

Atomic dipole moments (in atomic units):
---------------------------------------------------------
     #    Z                 x            y            z
---------------------------------------------------------
     1  100 Fm      -0.087243    -0.176524    -0.655948
     2    3 Li       0.067750     0.253921     0.216327
     3    1 H       -0.013658    -0.009092    -0.152937
     4    1 H       -0.050275    -0.061298    -0.020106
     5    1 H        0.067888    -0.012825    -0.042391
     6    1 H        0.008935     0.078566     0.134142
---------------------------------------------------------
           total     0.132760     1.505493    -0.221525
---------------------------------------------------------

[Info] JSON dump of results written to 'tblite.json'
