[Info] Molecular charge read from './.CHRG'
[Info] Molecular spin read from './.UHF'
xTB calculator
 | Coulomb electrostatics
 |  * isotropic Klopman-Ohno electrostatics
 |  * onsite third-order electrostatics
CEH guess
integral cutoff           4.0000000000000E+01 bohr

Atomic charges (in atomic units):
---------------------------------------------------------
     #    Z                 q
---------------------------------------------------------
     1   95 Am       1.086163
     2    6 C       -0.053701
     3    6 C        0.108679
     4    8 O       -0.237547
     5    8 O       -0.292215
     6    7 N       -0.073619
     7    1 H        0.042194
     8    1 H        0.048276
     9    1 H        0.081067
    10    1 H        0.087101
    11    6 C        0.147357
    12    8 O        0.192918
    13    6 C       -0.099455
    14    6 C        0.065431
    15    8 O       -0.317890
    16    1 H        0.059424
    17    1 H        0.025609
    18    1 H        0.028555
    19    1 H        0.050491
    20    1 H        0.051161
---------------------------------------------------------

Atomic dipole moments (in atomic units):
---------------------------------------------------------
     #    Z                 x            y            z
---------------------------------------------------------
     1   95 Am       0.181735    -0.570622    -0.253627
     2    6 C       -0.126218    -0.039740    -0.173945
     3    6 C       -0.047066     0.014770     0.013831
     4    8 O       -0.017664    -0.097105     0.058631
     5    8 O        0.109961     0.029023    -0.037727
     6    7 N        0.230076    -0.132062     0.164725
     7    1 H       -0.022691    -0.090226     0.095503
     8    1 H        0.118168     0.053191    -0.036281
     9    1 H       -0.049021    -0.085004     0.033287
    10    1 H        0.078261     0.008421    -0.069497
    11    6 C       -0.068932     0.101917     0.037839
    12    8 O       -0.025605     0.056375     0.059326
    13    6 C       -0.009321     0.098199    -0.000469
    14    6 C        0.213800     0.069273     0.052116
    15    8 O       -0.109613    -0.079622    -0.038258
    16    1 H       -0.119874    -0.070090    -0.027040
    17    1 H        0.046640    -0.024721     0.137394
    18    1 H        0.101287    -0.029240    -0.103365
    19    1 H       -0.092599     0.026140     0.088875
    20    1 H       -0.042409     0.024648    -0.121212
---------------------------------------------------------
           total    -0.267256     1.460257    -0.367353
---------------------------------------------------------

[Info] JSON dump of results written to 'tblite.json'
