[Info] Molecular charge read from '.CHRG'

Charge model parameter:
------------------------------------------------------
   Z          chi/Eh     kcn/Eh     eta/Eh     rad/AA
------------------------------------------------------
 102 No       1.1434     0.0135     0.6305     0.6695
   7 N        1.5582     0.0928     0.6565     0.6998
   6 C        1.4003     0.0601     0.6166     0.9994
   1 H        1.2370     0.0492     1.0964     0.2919
------------------------------------------------------

Electrostatic properties (in atomic units):
--------------------------------------------------
     #    Z              CN          q        chi
--------------------------------------------------
     1  102 No       5.8706     0.5528     1.1107
     2    7 N        3.9359    -0.5710     1.3741
     3    6 C        4.2064    -0.0191     1.2771
     4    6 C        4.1829    -0.0256     1.2775
     5    7 N        3.9447    -0.4216     1.3739
     6    6 C        4.1582    -0.0276     1.2778
     7    6 C        4.2089    -0.0187     1.2771
     8    7 N        3.9350    -0.5725     1.3741
     9    1 H        1.0184     0.2592     1.1873
    10    1 H        1.0006     0.2577     1.1878
    11    1 H        0.9914     0.1283     1.1880
    12    1 H        0.9912     0.1283     1.1880
    13    1 H        0.9910     0.1224     1.1880
    14    1 H        0.9913     0.1374     1.1880
    15    1 H        1.1438     0.2569     1.1844
    16    1 H        0.9911     0.1224     1.1880
    17    1 H        0.9913     0.1349     1.1880
    18    1 H        0.9914     0.1285     1.1880
    19    1 H        0.9912     0.1281     1.1880
    20    1 H        1.0010     0.2573     1.1878
    21    1 H        1.0141     0.2570     1.1874
    22    6 C        1.9799     0.1249     1.3158
    23    7 N        1.9845    -0.3399     1.4275
--------------------------------------------------
     Σ                          1.0000
--------------------------------------------------

Electrostatic energy:    3.8956297169044E-01 Eh

[Info] JSON dump of results written to 'multicharge.json'
