[Info] Molecular charge read from '.CHRG'

Charge model parameter:
------------------------------------------------------
   Z          chi/Eh     kcn/Eh     eta/Eh     rad/AA
------------------------------------------------------
  92 U        1.0982     0.0042     0.6173     0.6828
   6 C        1.4003     0.0601     0.6166     0.9994
   8 O        1.5687     0.1169     0.6793     0.6518
   7 N        1.5582     0.0928     0.6565     0.6998
   1 H        1.2370     0.0492     1.0964     0.2919
  16 S        1.4077     0.0713     0.5171     1.1581
------------------------------------------------------

Electrostatic properties (in atomic units):
--------------------------------------------------
     #    Z              CN          q        chi
--------------------------------------------------
     1   92 U        7.5675     0.8001     1.0867
     2    6 C        4.0644     0.0160     1.2792
     3    6 C        4.0128     0.2813     1.2800
     4    8 O        1.9815    -0.2683     1.4041
     5    8 O        1.9742    -0.2549     1.4044
     6    7 N        3.8213    -0.5601     1.3768
     7    1 H        0.9923     0.1519     1.1880
     8    1 H        0.9923     0.1532     1.1880
     9    1 H        0.9966     0.2745     1.1879
    10    1 H        0.9963     0.2759     1.1879
    11    6 C        3.0152    -0.0480     1.2960
    12    6 C        3.0115    -0.0520     1.2961
    13    6 C        3.0167    -0.0462     1.2960
    14    6 C        3.0209     0.0256     1.2959
    15    6 C        3.0162    -0.0455     1.2960
    16    6 C        3.0116    -0.0516     1.2961
    17    6 C        3.8927     0.2652     1.2818
    18    8 O        1.9841    -0.2991     1.4040
    19    8 O        1.9876    -0.3141     1.4039
    20    1 H        0.9928     0.1625     1.1880
    21    1 H        0.9930     0.1621     1.1880
    22    1 H        0.9929     0.1689     1.1880
    23    1 H        0.9929     0.1698     1.1880
    24    1 H        0.9930     0.1624     1.1880
    25    6 C        1.0039     0.1493     1.3401
    26    8 O        1.7960    -0.2030     1.4120
    27   16 S        1.0151     0.0592     1.3359
    28    6 C        2.1237     0.2217     1.3128
    29    7 N        2.0121    -0.3567     1.4266
--------------------------------------------------
     Σ                          1.0000
--------------------------------------------------

Electrostatic energy:    3.5641987427670E-01 Eh

[Info] JSON dump of results written to 'multicharge.json'
