Charge model parameter:
------------------------------------------------------
   Z          chi/Eh     kcn/Eh     eta/Eh     rad/AA
------------------------------------------------------
 103 Lr       1.1371     0.0068     0.5937     0.7095
   3 Li       0.5434    -0.1235     0.9742     0.4791
   1 H        1.2370     0.0492     1.0964     0.2919
------------------------------------------------------

Electrostatic properties (in atomic units):
--------------------------------------------------
     #    Z              CN          q        chi
--------------------------------------------------
     1  103 Lr       3.7550    -0.0477     1.1241
     2    3 Li       1.8921     0.4764     0.7133
     3    1 H        1.1942    -0.0582     1.1832
     4    1 H        0.9554    -0.0999     1.1889
     5    1 H        1.8334    -0.1625     1.1704
     6    1 H        1.0680    -0.1080     1.1861
--------------------------------------------------
     Σ                          0.0000
--------------------------------------------------

Electrostatic energy:   -1.0991256962390E-01 Eh

[Info] JSON dump of results written to 'multicharge.json'
