Charge model parameter:
------------------------------------------------------
   Z          chi/Eh     kcn/Eh     eta/Eh     rad/AA
------------------------------------------------------
 102 No       1.1434     0.0135     0.6305     0.6695
   6 C        1.4003     0.0601     0.6166     0.9994
   7 N        1.5582     0.0928     0.6565     0.6998
  15 P        1.5267     0.1425     0.7308     0.7313
   8 O        1.5687     0.1169     0.6793     0.6518
   1 H        1.2370     0.0492     1.0964     0.2919
------------------------------------------------------

Electrostatic properties (in atomic units):
--------------------------------------------------
     #    Z              CN          q        chi
--------------------------------------------------
     1  102 No       6.8457     0.5497     1.1081
     2    6 C        1.7652     0.0111     1.3205
     3    7 N        1.9823    -0.4083     1.4275
     4    6 C        1.9783     0.0624     1.3158
     5    7 N        1.0208    -0.4484     1.4644
     6    6 C        3.9575    -0.2463     1.2808
     7   15 P        4.5928     0.2254     1.2213
     8    8 O        1.9828    -0.3843     1.4041
     9    6 C        3.9701    -0.2406     1.2806
    10    6 C        3.9573    -0.2404     1.2808
    11    1 H        0.9930     0.0961     1.1880
    12    1 H        0.9941     0.1109     1.1879
    13    1 H        0.9943     0.1122     1.1879
    14    1 H        0.9932     0.0990     1.1880
    15    1 H        0.9937     0.1233     1.1879
    16    1 H        0.9949     0.1302     1.1879
    17    1 H        0.9930     0.0971     1.1880
    18    1 H        0.9950     0.1312     1.1879
    19    1 H        0.9941     0.1113     1.1879
    20    6 C        3.9572    -0.2337     1.2808
    21   15 P        4.4255     0.2145     1.2269
    22    8 O        1.9656    -0.4059     1.4048
    23    6 C        3.9573    -0.2465     1.2808
    24    6 C        3.9604    -0.2345     1.2808
    25    1 H        0.9943     0.1127     1.1879
    26    1 H        0.9933     0.0997     1.1880
    27    1 H        0.9949     0.1464     1.1879
    28    1 H        0.9929     0.0961     1.1880
    29    1 H        0.9940     0.1092     1.1879
    30    1 H        0.9941     0.1088     1.1879
    31    1 H        0.9934     0.0993     1.1880
    32    1 H        0.9940     0.1259     1.1879
    33    1 H        0.9947     0.1360     1.1879
    34    8 O        2.9105    -0.5522     1.3692
    35    1 H        1.1599     0.2518     1.1840
    36    1 H        1.3389     0.2810     1.1801
--------------------------------------------------
     Σ                          0.0000
--------------------------------------------------

Electrostatic energy:   -3.2432863254550E-01 Eh

[Info] JSON dump of results written to 'multicharge.json'
