[Info] Molecular charge read from '.CHRG'

Charge model parameter:
------------------------------------------------------
   Z          chi/Eh     kcn/Eh     eta/Eh     rad/AA
------------------------------------------------------
  90 Th       1.0989     0.0159     0.6181     0.6812
  53 I        1.4034     0.0897     0.3054     2.0116
   8 O        1.5687     0.1169     0.6793     0.6518
   1 H        1.2370     0.0492     1.0964     0.2919
  16 S        1.4077     0.0713     0.5171     1.1581
   9 F        1.5754     0.1570     0.7723     0.9393
  15 P        1.5267     0.1425     0.7308     0.7313
   7 N        1.5582     0.0928     0.6565     0.6998
------------------------------------------------------

Electrostatic properties (in atomic units):
--------------------------------------------------
     #    Z              CN          q        chi
--------------------------------------------------
     1   90 Th       7.5152     0.7950     1.0553
     2   53 I        0.9846    -0.2287     1.3144
     3    8 O        2.5640    -0.4262     1.3815
     4    1 H        1.2164     0.2667     1.1827
     5    8 O        1.9836    -0.3298     1.4040
     6   16 S        3.9627     0.3756     1.2658
     7    8 O        1.9679    -0.3133     1.4047
     8    8 O        1.8951    -0.3422     1.4077
     9    9 F        0.9987    -0.2251     1.4185
    10   15 P        4.0531     0.2810     1.2398
    11    9 F        0.9989    -0.2103     1.4184
    12    9 F        1.8703    -0.0914     1.3606
    13    7 N        1.9995    -0.2986     1.4270
    14    7 N        2.0588     0.0536     1.4250
    15    7 N        1.0057    -0.3063     1.4651
--------------------------------------------------
     Σ                         -1.0000
--------------------------------------------------

Electrostatic energy:   -9.1823545726108E-01 Eh

[Info] JSON dump of results written to 'multicharge.json'
