[Info] Molecular charge read from '.CHRG'

Charge model parameter:
------------------------------------------------------
   Z          chi/Eh     kcn/Eh     eta/Eh     rad/AA
------------------------------------------------------
  90 Th       1.0989     0.0159     0.6181     0.6812
   7 N        1.5582     0.0928     0.6565     0.6998
   8 O        1.5687     0.1169     0.6793     0.6518
   6 C        1.4003     0.0601     0.6166     0.9994
   1 H        1.2370     0.0492     1.0964     0.2919
   9 F        1.5754     0.1570     0.7723     0.9393
------------------------------------------------------

Electrostatic properties (in atomic units):
--------------------------------------------------
     #    Z              CN          q        chi
--------------------------------------------------
     1   90 Th       7.5659     0.8451     1.0551
     2    7 N        3.6963     0.1779     1.3798
     3    8 O        1.0015    -0.1889     1.4517
     4    8 O        1.9715    -0.1924     1.4045
     5    8 O        1.9619    -0.2147     1.4049
     6    7 N        3.8832    -0.5462     1.3753
     7    6 C        4.0554    -0.0090     1.2793
     8    6 C        4.0652    -0.0068     1.2792
     9    7 N        3.9278    -0.5504     1.3743
    10    1 H        0.9990     0.2784     1.1878
    11    1 H        1.0002     0.2743     1.1878
    12    1 H        0.9914     0.1508     1.1880
    13    1 H        0.9914     0.1365     1.1880
    14    1 H        0.9915     0.1339     1.1880
    15    1 H        0.9915     0.1586     1.1880
    16    1 H        1.0132     0.2624     1.1875
    17    1 H        1.0142     0.2731     1.1874
    18    6 C        3.0152    -0.0476     1.2960
    19    6 C        3.0117    -0.0500     1.2961
    20    6 C        3.0169    -0.0413     1.2960
    21    6 C        3.0208     0.0297     1.2959
    22    6 C        3.0163    -0.0468     1.2960
    23    6 C        3.0118    -0.0525     1.2961
    24    6 C        3.8786     0.2737     1.2820
    25    8 O        1.9814    -0.3284     1.4041
    26    8 O        1.9849    -0.3017     1.4040
    27    1 H        0.9928     0.1623     1.1880
    28    1 H        0.9930     0.1634     1.1880
    29    1 H        0.9930     0.1735     1.1880
    30    1 H        0.9930     0.1638     1.1880
    31    1 H        0.9930     0.1605     1.1880
    32    9 F        0.9986    -0.2409     1.4185
--------------------------------------------------
     Σ                          1.0000
--------------------------------------------------

Electrostatic energy:    2.8830680204621E-01 Eh

[Info] JSON dump of results written to 'multicharge.json'
