[Info] Molecular spin read from './.UHF'
xTB calculator
 | Coulomb electrostatics
 |  * isotropic Klopman-Ohno electrostatics
 |  * onsite third-order electrostatics
CEH guess
integral cutoff           4.0000000000000E+01 bohr

Atomic charges (in atomic units):
---------------------------------------------------------
     #    Z                 q
---------------------------------------------------------
     1  100 Fm       0.730328
     2   35 Br      -0.244278
     3   35 Br      -0.243340
     4   35 Br      -0.242710
---------------------------------------------------------

Atomic dipole moments (in atomic units):
---------------------------------------------------------
     #    Z                 x            y            z
---------------------------------------------------------
     1  100 Fm      -0.060716    -0.086134     0.154620
     2   35 Br       0.011721     0.016822     0.027293
     3   35 Br       0.012181    -0.031806    -0.000245
     4   35 Br      -0.034127     0.000663    -0.000339
---------------------------------------------------------
           total    -0.223442    -0.320967     0.594589
---------------------------------------------------------

[Info] JSON dump of results written to 'tblite.json'
