[Info] Molecular charge read from './.CHRG'
[Info] Molecular spin read from './.UHF'
xTB calculator
 | Coulomb electrostatics
 |  * isotropic Klopman-Ohno electrostatics
 |  * onsite third-order electrostatics
CEH guess
integral cutoff           4.0000000000000E+01 bohr

Atomic charges (in atomic units):
---------------------------------------------------------
     #    Z                 q
---------------------------------------------------------
     1   99 Es       0.762930
     2   53 I       -0.039520
     3    7 N       -0.126085
     4    1 H        0.115063
     5    1 H        0.114104
     6    1 H        0.119213
     7    6 C        0.010743
     8    6 C       -0.019539
     9    6 C        0.028428
    10    7 N        0.001688
    11    6 C        0.031909
    12    6 C       -0.017077
    13    1 H        0.048315
    14    1 H        0.051263
    15    1 H        0.066645
    16    1 H        0.068051
    17    1 H        0.052682
    18    9 F       -0.268813
---------------------------------------------------------

Atomic dipole moments (in atomic units):
---------------------------------------------------------
     #    Z                 x            y            z
---------------------------------------------------------
     1   99 Es      -0.098802     0.267008    -0.656783
     2   53 I        0.017506    -0.027830     0.073666
     3    7 N        0.238509    -0.144640    -0.108892
     4    1 H        0.067100     0.086171    -0.039317
     5    1 H       -0.039486    -0.071210    -0.084984
     6    1 H        0.041612    -0.055522     0.095957
     7    6 C        0.016990     0.004146     0.003176
     8    6 C        0.016277    -0.015959     0.019654
     9    6 C        0.081669    -0.099174     0.112257
    10    7 N       -0.208865    -0.051454    -0.058574
    11    6 C        0.076261     0.131824    -0.077477
    12    6 C        0.016742     0.022808    -0.012279
    13    1 H       -0.128176    -0.027688    -0.032377
    14    1 H       -0.059332     0.081536    -0.090705
    15    1 H        0.065754     0.104845    -0.053261
    16    1 H        0.067772    -0.071148     0.092422
    17    1 H       -0.058135    -0.105964     0.062232
    18    9 F        0.003777     0.045217    -0.023953
---------------------------------------------------------
           total    -1.317491    -0.224043     0.056668
---------------------------------------------------------

[Info] JSON dump of results written to 'tblite.json'
