Charge model parameter:
------------------------------------------------------
   Z          chi/Eh     kcn/Eh     eta/Eh     rad/AA
------------------------------------------------------
  96 Cm       1.1100     0.0071     0.5609     0.7515
   3 Li       0.5434    -0.1235     0.9742     0.4791
   1 H        1.2370     0.0492     1.0964     0.2919
------------------------------------------------------

Electrostatic properties (in atomic units):
--------------------------------------------------
     #    Z              CN          q        chi
--------------------------------------------------
     1   96 Cm       4.5991    -0.2938     1.0948
     2    3 Li       2.9495     0.2713     0.7555
     3    3 Li       2.9513     0.2709     0.7556
     4    3 Li       2.5189     0.2287     0.7394
     5    1 H        1.8371    -0.2385     1.1703
     6    1 H        1.8364    -0.2387     1.1703
--------------------------------------------------
     Σ                         -0.0000
--------------------------------------------------

Electrostatic energy:   -1.5063740384957E-01 Eh

[Info] JSON dump of results written to 'multicharge.json'
