[Info] Molecular charge read from '.CHRG'

Charge model parameter:
------------------------------------------------------
   Z          chi/Eh     kcn/Eh     eta/Eh     rad/AA
------------------------------------------------------
 103 Lr       1.1371     0.0068     0.5937     0.7095
   7 N        1.5582     0.0928     0.6565     0.6998
   6 C        1.4003     0.0601     0.6166     0.9994
   1 H        1.2370     0.0492     1.0964     0.2919
   8 O        1.5687     0.1169     0.6793     0.6518
  16 S        1.4077     0.0713     0.5171     1.1581
------------------------------------------------------

Electrostatic properties (in atomic units):
--------------------------------------------------
     #    Z              CN          q        chi
--------------------------------------------------
     1  103 Lr       7.3602     0.7460     1.1188
     2    7 N        3.9340    -0.5702     1.3741
     3    6 C        4.1139    -0.0447     1.2785
     4    6 C        4.0340    -0.0428     1.2797
     5    7 N        3.9102    -0.5614     1.3747
     6    1 H        1.0394     0.2955     1.1868
     7    1 H        0.9986     0.2285     1.1878
     8    1 H        0.9909     0.1022     1.1880
     9    1 H        0.9903     0.0718     1.1880
    10    1 H        0.9909     0.0705     1.1880
    11    1 H        0.9913     0.1307     1.1880
    12    1 H        1.0014     0.2236     1.1878
    13    1 H        1.0014     0.2915     1.1878
    14    8 O        1.9698    -0.3829     1.4046
    15   16 S        3.2519     0.4292     1.2792
    16    8 O        0.9992    -0.4727     1.4518
    17    8 O        1.0012    -0.4694     1.4517
    18    8 O        2.8652    -0.5690     1.3708
    19    1 H        1.0115     0.2535     1.1875
    20    1 H        1.3585     0.2922     1.1796
    21    7 N        3.5495     0.1842     1.3834
    22    8 O        1.0017    -0.3498     1.4517
    23    8 O        1.9276    -0.2778     1.4064
    24    8 O        1.8984    -0.2863     1.4076
    25    8 O        1.9898    -0.5522     1.4038
    26    1 H        0.9970     0.2597     1.1879
--------------------------------------------------
     Σ                         -1.0000
--------------------------------------------------

Electrostatic energy:   -1.0784247895144E+00 Eh

[Info] JSON dump of results written to 'multicharge.json'
