[Info] Molecular spin read from './.UHF'
xTB calculator
 | Coulomb electrostatics
 |  * isotropic Klopman-Ohno electrostatics
 |  * onsite third-order electrostatics
CEH guess
integral cutoff           4.0000000000000E+01 bohr

Atomic charges (in atomic units):
---------------------------------------------------------
     #    Z                 q
---------------------------------------------------------
     1  101 Md       0.663604
     2   35 Br      -0.230964
     3   35 Br      -0.218227
     4   35 Br      -0.214414
---------------------------------------------------------

Atomic dipole moments (in atomic units):
---------------------------------------------------------
     #    Z                 x            y            z
---------------------------------------------------------
     1  101 Md      -0.031985    -0.051735     0.113328
     2   35 Br       0.029665     0.039616     0.043363
     3   35 Br       0.031515    -0.055302    -0.010245
     4   35 Br      -0.062107     0.009466    -0.011352
---------------------------------------------------------
           total    -0.014133    -0.092512     0.381941
---------------------------------------------------------

[Info] JSON dump of results written to 'tblite.json'
