[Info] Molecular charge read from '.CHRG'

Charge model parameter:
------------------------------------------------------
   Z          chi/Eh     kcn/Eh     eta/Eh     rad/AA
------------------------------------------------------
  92 U        1.0982     0.0042     0.6173     0.6828
   6 C        1.4003     0.0601     0.6166     0.9994
   8 O        1.5687     0.1169     0.6793     0.6518
   1 H        1.2370     0.0492     1.0964     0.2919
   7 N        1.5582     0.0928     0.6565     0.6998
  35 Br       1.3980     0.0801     0.3934     1.5631
------------------------------------------------------

Electrostatic properties (in atomic units):
--------------------------------------------------
     #    Z              CN          q        chi
--------------------------------------------------
     1   92 U        6.4921     0.7494     1.0876
     2    6 C        3.9606    -0.1614     1.2808
     3    6 C        3.1776     0.1084     1.2932
     4    6 C        3.0035    -0.0669     1.2962
     5    6 C        3.1844     0.1081     1.2931
     6    8 O        1.9939    -0.3088     1.4036
     7    6 C        3.9606    -0.1656     1.2808
     8    8 O        1.9927    -0.3201     1.4036
     9    1 H        0.9924     0.1249     1.1880
    10    1 H        0.9914     0.1448     1.1880
    11    1 H        0.9916     0.1388     1.1880
    12    1 H        0.9933     0.1238     1.1880
    13    1 H        0.9924     0.1238     1.1880
    14    1 H        0.9915     0.1352     1.1880
    15    1 H        0.9914     0.1369     1.1880
    16    6 C        3.0715     0.0812     1.2950
    17    6 C        3.1617     0.0495     1.2935
    18    7 N        2.9589    -0.3240     1.3986
    19    6 C        3.1307     0.0527     1.2940
    20    6 C        3.0717     0.0798     1.2950
    21    7 N        2.0159    -0.3336     1.4264
    22    1 H        0.9926     0.1495     1.1880
    23    1 H        0.9927     0.1366     1.1880
    24    1 H        0.9927     0.1424     1.1880
    25    1 H        0.9926     0.1479     1.1880
    26    6 C        1.1042     0.1145     1.3372
    27    7 N        1.9928    -0.3326     1.4272
    28    6 C        3.0152    -0.0630     1.2960
    29    6 C        3.0115    -0.0652     1.2961
    30    6 C        3.0150    -0.0704     1.2960
    31    6 C        3.0190     0.0132     1.2959
    32    6 C        3.0183    -0.0622     1.2960
    33    6 C        3.0118    -0.0711     1.2961
    34    6 C        3.1680     0.2548     1.2934
    35    8 O        1.9745    -0.3169     1.4044
    36    8 O        1.9968    -0.4045     1.4035
    37    1 H        0.9929     0.1469     1.1880
    38    1 H        0.9930     0.1479     1.1880
    39    1 H        0.9925     0.1381     1.1880
    40    1 H        0.9929     0.1466     1.1880
    41    1 H        0.9930     0.1418     1.1880
    42    1 H        0.9932     0.2649     1.1880
    43   35 Br       0.9951    -0.0362     1.3181
--------------------------------------------------
     Σ                          1.0000
--------------------------------------------------

Electrostatic energy:    3.0602748880532E-01 Eh

[Info] JSON dump of results written to 'multicharge.json'
