[Info] Molecular spin read from './.UHF'
xTB calculator
 | Coulomb electrostatics
 |  * isotropic Klopman-Ohno electrostatics
 |  * onsite third-order electrostatics
CEH guess
integral cutoff           3.7432403240289E+01 bohr

Atomic charges (in atomic units):
---------------------------------------------------------
     #    Z                 q
---------------------------------------------------------
     1   93 Np       1.016060
     2    1 H       -0.219872
     3    1 H       -0.213425
     4    1 H       -0.150777
     5    1 H       -0.215636
     6    1 H       -0.216350
---------------------------------------------------------

Atomic dipole moments (in atomic units):
---------------------------------------------------------
     #    Z                 x            y            z
---------------------------------------------------------
     1   93 Np       0.203414     0.319368    -0.020642
     2    1 H        0.003376     0.012743     0.137737
     3    1 H        0.002597    -0.000920    -0.138152
     4    1 H       -0.080191    -0.135402    -0.012586
     5    1 H        0.122224    -0.064376    -0.002396
     6    1 H       -0.115412     0.075867     0.003166
---------------------------------------------------------
           total     0.250207     0.382906    -0.037121
---------------------------------------------------------

[Info] JSON dump of results written to 'tblite.json'
