Charge model parameter:
------------------------------------------------------
   Z          chi/Eh     kcn/Eh     eta/Eh     rad/AA
------------------------------------------------------
  95 Am       1.0010     0.0051     0.6915     0.6095
   3 Li       0.5434    -0.1235     0.9742     0.4791
   1 H        1.2370     0.0492     1.0964     0.2919
------------------------------------------------------

Electrostatic properties (in atomic units):
--------------------------------------------------
     #    Z              CN          q        chi
--------------------------------------------------
     1   95 Am       4.4706     0.1852     0.9903
     2    3 Li       1.8799     0.4198     0.7127
     3    1 H        0.9583    -0.1653     1.1888
     4    1 H        1.0614    -0.1069     1.1863
     5    1 H        1.8469    -0.2222     1.1701
     6    1 H        1.0569    -0.1107     1.1864
--------------------------------------------------
     Σ                         -0.0000
--------------------------------------------------

Electrostatic energy:   -1.1597850198827E-01 Eh

[Info] JSON dump of results written to 'multicharge.json'
