[Info] Molecular charge read from '.CHRG'

Charge model parameter:
------------------------------------------------------
   Z          chi/Eh     kcn/Eh     eta/Eh     rad/AA
------------------------------------------------------
  90 Th       1.0989     0.0159     0.6181     0.6812
  35 Br       1.3980     0.0801     0.3934     1.5631
   6 C        1.4003     0.0601     0.6166     0.9994
   8 O        1.5687     0.1169     0.6793     0.6518
   1 H        1.2370     0.0492     1.0964     0.2919
  16 S        1.4077     0.0713     0.5171     1.1581
   7 N        1.5582     0.0928     0.6565     0.6998
  53 I        1.4034     0.0897     0.3054     2.0116
------------------------------------------------------

Electrostatic properties (in atomic units):
--------------------------------------------------
     #    Z              CN          q        chi
--------------------------------------------------
     1   90 Th       6.0544     0.7451     1.0598
     2   35 Br       0.9912    -0.2739     1.3183
     3    6 C        3.0150    -0.1041     1.2960
     4    6 C        3.0136    -0.0973     1.2960
     5    6 C        3.0169    -0.0696     1.2960
     6    6 C        3.0188     0.0056     1.2959
     7    6 C        3.0156    -0.1008     1.2960
     8    6 C        3.0122    -0.1086     1.2961
     9    6 C        3.0489     0.2393     1.2954
    10    8 O        1.9445    -0.3167     1.4057
    11    8 O        1.9918    -0.4502     1.4037
    12    1 H        0.9928     0.0987     1.1880
    13    1 H        0.9929     0.1108     1.1880
    14    1 H        0.9924     0.1397     1.1880
    15    1 H        0.9924     0.1022     1.1880
    16    1 H        0.9929     0.0979     1.1880
    17    1 H        0.9938     0.2329     1.1879
    18    6 C        4.0731    -0.0738     1.2791
    19    8 O        1.9925    -0.3913     1.4037
    20    1 H        0.9911     0.1314     1.1880
    21    1 H        0.9910     0.1013     1.1880
    22    1 H        0.9910     0.0981     1.1880
    23   16 S        1.0119    -0.1749     1.3360
    24    6 C        2.0537     0.1566     1.3142
    25    7 N        2.0005    -0.3852     1.4269
    26   16 S        1.9608    -0.1257     1.3079
    27    6 C        2.1093     0.1576     1.3131
    28    7 N        1.0060    -0.4499     1.4651
    29   53 I        0.9838    -0.2951     1.3145
--------------------------------------------------
     Σ                         -1.0000
--------------------------------------------------

Electrostatic energy:   -9.2875586205960E-01 Eh

[Info] JSON dump of results written to 'multicharge.json'
