[Info] Molecular charge read from '.CHRG'

Charge model parameter:
------------------------------------------------------
   Z          chi/Eh     kcn/Eh     eta/Eh     rad/AA
------------------------------------------------------
  94 Pu       1.0104     0.0049     0.6346     0.6641
   7 N        1.5582     0.0928     0.6565     0.6998
   8 O        1.5687     0.1169     0.6793     0.6518
   9 F        1.5754     0.1570     0.7723     0.9393
  15 P        1.5267     0.1425     0.7308     0.7313
   6 C        1.4003     0.0601     0.6166     0.9994
   1 H        1.2370     0.0492     1.0964     0.2919
------------------------------------------------------

Electrostatic properties (in atomic units):
--------------------------------------------------
     #    Z              CN          q        chi
--------------------------------------------------
     1   94 Pu       7.8831     0.9423     0.9967
     2    7 N        3.7716     0.1962     1.3780
     3    8 O        1.0015    -0.1148     1.4517
     4    8 O        1.9813    -0.1831     1.4041
     5    8 O        1.9849    -0.1741     1.4040
     6    9 F        0.9991    -0.1109     1.4184
     7   15 P        3.3143     0.2779     1.2673
     8    9 F        1.4187    -0.0746     1.3883
     9    9 F        1.8556    -0.0790     1.3615
    10    9 F        0.9994    -0.0894     1.4184
    11   15 P        3.9479     0.3155     1.2436
    12    9 F        0.9992    -0.0779     1.4184
    13    9 F        0.9993    -0.1278     1.4184
    14    9 F        0.9991    -0.1949     1.4184
    15    6 C        3.0153    -0.0278     1.2960
    16    6 C        3.0113    -0.0309     1.2961
    17    6 C        3.0170    -0.0247     1.2960
    18    6 C        3.0213     0.0449     1.2959
    19    6 C        3.0161    -0.0243     1.2960
    20    6 C        3.0116    -0.0305     1.2961
    21    6 C        3.9040     0.2760     1.2816
    22    8 O        1.9926    -0.3170     1.4037
    23    8 O        1.9863    -0.3048     1.4039
    24    1 H        0.9928     0.1816     1.1880
    25    1 H        0.9930     0.1819     1.1880
    26    1 H        0.9929     0.1882     1.1880
    27    1 H        0.9929     0.1891     1.1880
    28    1 H        0.9930     0.1821     1.1880
    29    6 C        1.8727     0.1974     1.3181
    30    8 O        0.9997    -0.1865     1.4518
--------------------------------------------------
     Σ                          1.0000
--------------------------------------------------

Electrostatic energy:    3.3400637427063E-01 Eh

[Info] JSON dump of results written to 'multicharge.json'
