[Info] Molecular charge read from '.CHRG'

Charge model parameter:
------------------------------------------------------
   Z          chi/Eh     kcn/Eh     eta/Eh     rad/AA
------------------------------------------------------
 102 No       1.1434     0.0135     0.6305     0.6695
   6 C        1.4003     0.0601     0.6166     0.9994
   8 O        1.5687     0.1169     0.6793     0.6518
   1 H        1.2370     0.0492     1.0964     0.2919
   7 N        1.5582     0.0928     0.6565     0.6998
  16 S        1.4077     0.0713     0.5171     1.1581
------------------------------------------------------

Electrostatic properties (in atomic units):
--------------------------------------------------
     #    Z              CN          q        chi
--------------------------------------------------
     1  102 No       7.1595     0.6012     1.1073
     2    6 C        3.0129    -0.1248     1.2960
     3    6 C        3.0119    -0.1247     1.2961
     4    6 C        3.0160    -0.0989     1.2960
     5    6 C        3.0155    -0.0047     1.2960
     6    6 C        3.0159    -0.1029     1.2960
     7    6 C        3.0119    -0.1258     1.2961
     8    6 C        3.7673     0.2511     1.2837
     9    8 O        1.9370    -0.3615     1.4060
    10    8 O        1.9031    -0.3830     1.4074
    11    1 H        0.9927     0.0845     1.1880
    12    1 H        0.9927     0.0881     1.1880
    13    1 H        0.9928     0.1197     1.1880
    14    1 H        0.9928     0.1153     1.1880
    15    1 H        0.9927     0.0871     1.1880
    16    7 N        2.9127    -0.3216     1.3998
    17    6 C        3.1287     0.0166     1.2941
    18    6 C        3.0108    -0.1178     1.2961
    19    6 C        3.0203    -0.1222     1.2959
    20    6 C        3.0140    -0.1166     1.2960
    21    6 C        3.1192     0.1011     1.2942
    22    6 C        3.1308     0.1009     1.2940
    23    6 C        3.0142    -0.1171     1.2960
    24    6 C        3.0184    -0.1222     1.2960
    25    6 C        3.0121    -0.1122     1.2961
    26    6 C        3.1807     0.0307     1.2932
    27    7 N        2.9451    -0.3204     1.3989
    28    1 H        0.9924     0.1349     1.1880
    29    1 H        0.9930     0.0896     1.1880
    30    1 H        0.9928     0.0864     1.1880
    31    1 H        0.9932     0.0861     1.1880
    32    1 H        0.9931     0.0864     1.1880
    33    1 H        0.9927     0.0871     1.1880
    34    1 H        0.9929     0.0951     1.1880
    35    1 H        0.9901     0.1739     1.1880
    36    8 O        1.9886    -0.3591     1.4038
    37   16 S        3.9260     0.4095     1.2665
    38    8 O        1.0007    -0.4533     1.4517
    39    8 O        1.9874    -0.3566     1.4039
--------------------------------------------------
     Σ                         -1.0000
--------------------------------------------------

Electrostatic energy:   -9.3292720962215E-01 Eh

[Info] JSON dump of results written to 'multicharge.json'
