xTB calculator
 | Coulomb electrostatics
 |  * isotropic Klopman-Ohno electrostatics
 |  * onsite third-order electrostatics
CEH guess
integral cutoff           2.2843592577975E+01 bohr

Atomic charges (in atomic units):
---------------------------------------------------------
     #    Z                 q
---------------------------------------------------------
     1   91 Pa       0.688413
     2    7 N        0.003354
     3    6 C        0.071379
     4    6 C       -0.028284
     5    6 C        0.024461
     6    6 C       -0.004170
     7    6 C        0.102712
     8    6 C        0.111261
     9    6 C       -0.005560
    10    6 C        0.030787
    11    6 C       -0.028173
    12    6 C        0.073563
    13    7 N       -0.013693
    14    1 H        0.056912
    15    1 H        0.037467
    16    1 H        0.024411
    17    1 H        0.039491
    18    1 H        0.040257
    19    1 H        0.025056
    20    1 H        0.038837
    21    1 H        0.053609
    22    6 C       -0.093702
    23    6 C        0.179302
    24    7 N       -0.014138
    25    1 H        0.070471
    26    1 H        0.070234
    27    1 H        0.074564
    28    8 O       -0.432999
    29   16 S        0.357894
    30    8 O       -0.289886
    31    8 O       -0.423345
    32    7 N       -0.285951
    33    7 N        0.196215
    34    7 N       -0.054461
    35   16 S       -0.223838
    36    6 C        0.015536
    37    7 N       -0.239356
    38    6 C       -0.019861
    39    6 C       -0.045044
    40    6 C       -0.010508
    41    6 C       -0.026186
    42    6 C       -0.006715
    43    6 C       -0.044743
    44    6 C        0.234803
    45    8 O       -0.225385
    46    8 O       -0.259960
    47    1 H        0.031560
    48    1 H        0.028370
    49    1 H        0.039507
    50    1 H        0.028739
    51    1 H        0.026792
---------------------------------------------------------

Atomic dipole moments (in atomic units):
---------------------------------------------------------
     #    Z                 x            y            z
---------------------------------------------------------
     1   91 Pa      -0.177718     0.211708     0.192016
     2    7 N       -0.241657    -0.084321     0.016804
     3    6 C        0.039461     0.049071     0.147512
     4    6 C       -0.002471     0.003193     0.021106
     5    6 C        0.002775     0.002709    -0.005489
     6    6 C        0.038220     0.016979    -0.002699
     7    6 C        0.120553     0.023210    -0.071351
     8    6 C        0.132482     0.003667    -0.058138
     9    6 C        0.025918    -0.002667    -0.031580
    10    6 C        0.006665     0.001795    -0.000724
    11    6 C       -0.017236    -0.011182    -0.011929
    12    6 C       -0.088848    -0.036469    -0.130283
    13    7 N       -0.159738     0.006198     0.207659
    14    1 H        0.085671     0.002362    -0.096788
    15    1 H       -0.038254    -0.042976    -0.121924
    16    1 H       -0.123977    -0.043274    -0.008309
    17    1 H       -0.076650    -0.003899     0.111195
    18    1 H       -0.134563    -0.011463    -0.003599
    19    1 H       -0.069162     0.016372     0.110774
    20    1 H        0.072119     0.031074     0.109316
    21    1 H        0.126880     0.017834    -0.015142
    22    6 C        0.001964     0.000009    -0.002508
    23    6 C        0.234396    -0.109554     0.028088
    24    7 N       -0.041571     0.004444     0.029276
    25    1 H       -0.020373    -0.142052    -0.048428
    26    1 H        0.046761     0.014185     0.143147
    27    1 H        0.068802     0.084688    -0.098703
    28    8 O       -0.091600     0.028824    -0.011357
    29   16 S        0.046796    -0.091370    -0.075123
    30    8 O        0.031379    -0.024723    -0.052929
    31    8 O        0.056801     0.031802     0.071369
    32    7 N        0.267608    -0.340881    -0.045796
    33    7 N       -0.096703     0.113884     0.007424
    34    7 N       -0.230075     0.215853     0.013729
    35   16 S       -0.028716     0.019430    -0.058155
    36    6 C       -0.089911     0.095922     0.078716
    37    7 N       -0.013449     0.009662     0.014654
    38    6 C        0.002574    -0.009343     0.007812
    39    6 C        0.019855     0.001539     0.001383
    40    6 C        0.014905    -0.017168     0.013560
    41    6 C        0.006966    -0.019702     0.016475
    42    6 C       -0.020276    -0.014056     0.008887
    43    6 C       -0.013783     0.005537    -0.004569
    44    6 C       -0.148384     0.022289    -0.023366
    45    8 O       -0.044912     0.042476    -0.030183
    46    8 O        0.129781     0.032158    -0.033134
    47    1 H        0.030419     0.108377    -0.073408
    48    1 H       -0.097659     0.067374    -0.055756
    49    1 H       -0.124648    -0.035569     0.010421
    50    1 H        0.092634    -0.076694     0.059650
    51    1 H        0.126466     0.033706    -0.014217
---------------------------------------------------------
           total    -1.891416    -3.590140     4.222123
---------------------------------------------------------

[Info] JSON dump of results written to 'tblite.json'
