[Info] Molecular charge read from '.CHRG'

Charge model parameter:
------------------------------------------------------
   Z          chi/Eh     kcn/Eh     eta/Eh     rad/AA
------------------------------------------------------
  90 Th       1.0989     0.0159     0.6181     0.6812
   6 C        1.4003     0.0601     0.6166     0.9994
   8 O        1.5687     0.1169     0.6793     0.6518
   1 H        1.2370     0.0492     1.0964     0.2919
   7 N        1.5582     0.0928     0.6565     0.6998
------------------------------------------------------

Electrostatic properties (in atomic units):
--------------------------------------------------
     #    Z              CN          q        chi
--------------------------------------------------
     1   90 Th       6.0284     0.8002     1.0598
     2    6 C        3.0156    -0.0294     1.2960
     3    6 C        3.0100    -0.0371     1.2961
     4    6 C        3.0163    -0.0400     1.2960
     5    6 C        3.0202     0.0295     1.2959
     6    6 C        3.0165    -0.0344     1.2960
     7    6 C        3.0100    -0.0344     1.2961
     8    6 C        3.9102     0.2656     1.2815
     9    8 O        1.9911    -0.3200     1.4037
    10    8 O        1.9907    -0.3403     1.4037
    11    1 H        0.9928     0.1823     1.1880
    12    1 H        0.9930     0.1781     1.1880
    13    1 H        0.9930     0.1712     1.1880
    14    1 H        0.9929     0.1804     1.1880
    15    1 H        0.9930     0.1810     1.1880
    16    7 N        3.8894    -0.5660     1.3752
    17    6 C        4.0505    -0.0075     1.2794
    18    6 C        4.1152    -0.0049     1.2785
    19    7 N        3.9291    -0.5619     1.3743
    20    1 H        0.9972     0.2759     1.1879
    21    1 H        1.0025     0.2677     1.1877
    22    1 H        0.9916     0.1503     1.1880
    23    1 H        0.9914     0.1560     1.1880
    24    1 H        0.9912     0.1510     1.1880
    25    1 H        0.9915     0.1480     1.1880
    26    1 H        1.0140     0.2736     1.1874
    27    1 H        1.0034     0.2673     1.1877
    28    6 C        3.9556    -0.1516     1.2808
    29    6 C        4.0671     0.0160     1.2792
    30    8 O        1.9872    -0.3787     1.4039
    31    1 H        0.9918     0.1620     1.1880
    32    1 H        0.9916     0.1627     1.1880
    33    1 H        0.9916     0.1592     1.1880
    34    1 H        0.9917     0.1669     1.1880
    35    1 H        0.9917     0.1615     1.1880
--------------------------------------------------
     Σ                          2.0000
--------------------------------------------------

Electrostatic energy:    9.1681086622624E-01 Eh

[Info] JSON dump of results written to 'multicharge.json'
