[Info] Molecular charge read from '.CHRG'

Charge model parameter:
------------------------------------------------------
   Z          chi/Eh     kcn/Eh     eta/Eh     rad/AA
------------------------------------------------------
  90 Th       1.0989     0.0159     0.6181     0.6812
   7 N        1.5582     0.0928     0.6565     0.6998
   8 O        1.5687     0.1169     0.6793     0.6518
   9 F        1.5754     0.1570     0.7723     0.9393
   6 C        1.4003     0.0601     0.6166     0.9994
  15 P        1.5267     0.1425     0.7308     0.7313
   1 H        1.2370     0.0492     1.0964     0.2919
------------------------------------------------------

Electrostatic properties (in atomic units):
--------------------------------------------------
     #    Z              CN          q        chi
--------------------------------------------------
     1   90 Th       7.1625     0.8198     1.0563
     2    7 N        3.7580     0.1967     1.3783
     3    8 O        1.0011    -0.1041     1.4517
     4    8 O        1.9812    -0.1887     1.4041
     5    8 O        1.9832    -0.1740     1.4040
     6    9 F        0.9990    -0.1876     1.4184
     7    6 C        4.1107    -0.0156     1.2785
     8    8 O        1.9847    -0.2813     1.4040
     9   15 P        4.0831     0.2994     1.2388
    10    8 O        2.9408    -0.2457     1.3682
    11    6 C        4.1269    -0.0587     1.2783
    12    8 O        2.9428    -0.2312     1.3681
    13    6 C        4.1333    -0.0374     1.2782
    14    1 H        0.9923     0.1883     1.1880
    15    1 H        0.9918     0.1723     1.1880
    16    1 H        0.9923     0.1844     1.1880
    17    1 H        0.9918     0.1723     1.1880
    18    1 H        0.9923     0.1577     1.1880
    19    1 H        0.9920     0.1685     1.1880
    20    1 H        0.9922     0.1883     1.1880
    21    1 H        0.9919     0.1809     1.1880
    22    1 H        0.9921     0.1805     1.1880
    23    6 C        3.0653     0.1324     1.2951
    24    6 C        3.1356     0.0908     1.2939
    25    7 N        2.9803    -0.3266     1.3980
    26    6 C        3.2820     0.0834     1.2915
    27    6 C        3.0645     0.1286     1.2952
    28    7 N        2.0164    -0.2629     1.4264
    29    1 H        0.9925     0.2061     1.1880
    30    1 H        0.9927     0.1866     1.1880
    31    1 H        0.9946     0.1721     1.1879
    32    1 H        0.9925     0.2048     1.1880
--------------------------------------------------
     Σ                          2.0000
--------------------------------------------------

Electrostatic energy:    9.6486958551818E-01 Eh

[Info] JSON dump of results written to 'multicharge.json'
