[Info] Molecular charge read from '.CHRG'

Charge model parameter:
------------------------------------------------------
   Z          chi/Eh     kcn/Eh     eta/Eh     rad/AA
------------------------------------------------------
 103 Lr       1.1371     0.0068     0.5937     0.7095
  16 S        1.4077     0.0713     0.5171     1.1581
   6 C        1.4003     0.0601     0.6166     0.9994
   7 N        1.5582     0.0928     0.6565     0.6998
   8 O        1.5687     0.1169     0.6793     0.6518
   1 H        1.2370     0.0492     1.0964     0.2919
   9 F        1.5754     0.1570     0.7723     0.9393
------------------------------------------------------

Electrostatic properties (in atomic units):
--------------------------------------------------
     #    Z              CN          q        chi
--------------------------------------------------
     1  103 Lr       6.5214     0.6896     1.1199
     2   16 S        1.5162    -0.2356     1.3199
     3    6 C        1.9969     0.1158     1.3154
     4    7 N        1.0065    -0.5418     1.4651
     5    6 C        3.9529    -0.2507     1.2809
     6    6 C        4.0393    -0.0466     1.2796
     7    8 O        2.0684    -0.4332     1.4005
     8    1 H        0.9908     0.0396     1.1880
     9    1 H        0.9912     0.0680     1.1880
    10    1 H        0.9915     0.1178     1.1880
    11    1 H        0.9882     0.0537     1.1881
    12    1 H        0.9899     0.0939     1.1880
    13    7 N        1.9718    -0.3288     1.4279
    14    7 N        2.0099    -0.0068     1.4266
    15    7 N        1.0051    -0.4554     1.4652
    16    6 C        3.9543    -0.2298     1.2809
    17    6 C        3.9777    -0.0864     1.2805
    18    8 O        2.8965    -0.4056     1.3697
    19    1 H        0.9911     0.0403     1.1880
    20    1 H        0.9916     0.1116     1.1880
    21    1 H        0.9918     0.1342     1.1880
    22    1 H        0.9903     0.0512     1.1880
    23    1 H        0.9916     0.0885     1.1880
    24    1 H        1.0141     0.2207     1.1874
    25    9 F        0.9955    -0.3757     1.4187
    26    6 C        4.0188    -0.1228     1.2799
    27    8 O        1.9871    -0.3838     1.4039
    28    1 H        0.9873     0.0556     1.1881
    29    1 H        0.9885     0.0737     1.1881
    30    1 H        0.9874     0.0432     1.1881
    31    6 C        3.9944    -0.1511     1.2803
    32    8 O        2.7627    -0.4434     1.3744
    33    1 H        0.9908     0.1097     1.1880
    34    1 H        0.9896     0.0443     1.1880
    35    1 H        0.9911     0.0731     1.1880
    36    1 H        1.4243     0.2731     1.1783
--------------------------------------------------
     Σ                         -2.0000
--------------------------------------------------

Electrostatic energy:   -1.6494810856557E+00 Eh

[Info] JSON dump of results written to 'multicharge.json'
