Charge model parameter:
------------------------------------------------------
   Z          chi/Eh     kcn/Eh     eta/Eh     rad/AA
------------------------------------------------------
  89 Ac       1.0458     0.0047     0.6519     0.6470
   1 H        1.2370     0.0492     1.0964     0.2919
------------------------------------------------------

Electrostatic properties (in atomic units):
--------------------------------------------------
     #    Z              CN          q        chi
--------------------------------------------------
     1   89 Ac       5.4826     0.3095     1.0347
     2    1 H        0.9272    -0.0516     1.1896
     3    1 H        0.9272    -0.0516     1.1896
     4    1 H        0.9272    -0.0516     1.1896
     5    1 H        0.9272    -0.0516     1.1896
     6    1 H        0.9272    -0.0516     1.1896
     7    1 H        0.9272    -0.0516     1.1896
--------------------------------------------------
     Σ                         -0.0000
--------------------------------------------------

Electrostatic energy:   -2.3966463491228E-02 Eh

[Info] JSON dump of results written to 'multicharge.json'
