[Info] Molecular charge read from '.CHRG'

Charge model parameter:
------------------------------------------------------
   Z          chi/Eh     kcn/Eh     eta/Eh     rad/AA
------------------------------------------------------
  95 Am       1.0010     0.0051     0.6915     0.6095
   6 C        1.4003     0.0601     0.6166     0.9994
  52 Te       1.3651     0.0895     0.4850     1.0871
  17 Cl       1.4815     0.1368     0.7586     0.7238
------------------------------------------------------

Electrostatic properties (in atomic units):
--------------------------------------------------
     #    Z              CN          q        chi
--------------------------------------------------
     1   95 Am       2.8860     0.1637     0.9924
     2    6 C        0.9984    -1.0515     1.3403
     3   52 Te       0.9336    -1.2911     1.2786
     4   17 Cl       0.9580    -0.8211     1.3476
--------------------------------------------------
     Σ                         -3.0000
--------------------------------------------------

Electrostatic energy:   -2.0020651504776E+00 Eh

[Info] JSON dump of results written to 'multicharge.json'
