Charge model parameter:
------------------------------------------------------
   Z          chi/Eh     kcn/Eh     eta/Eh     rad/AA
------------------------------------------------------
  91 Pa       1.0721     0.0037     0.5511     0.7643
  38 Sr       0.5880    -0.0670     0.6512     0.8612
   7 N        1.5582     0.0928     0.6565     0.6998
  34 Se       1.3649     0.0656     0.4617     1.1999
  17 Cl       1.4815     0.1368     0.7586     0.7238
------------------------------------------------------

Electrostatic properties (in atomic units):
--------------------------------------------------
     #    Z              CN          q        chi
--------------------------------------------------
     1   91 Pa       3.9357     0.6166     1.0647
     2   38 Sr       2.9293     1.0201     0.7027
     3    7 N        1.9885    -0.8047     1.4273
     4   34 Se       1.9711    -0.5219     1.2727
     5   17 Cl       0.9936    -0.3101     1.3452
--------------------------------------------------
     Σ                         -0.0000
--------------------------------------------------

Electrostatic energy:   -4.2831359779897E-01 Eh

[Info] JSON dump of results written to 'multicharge.json'
