[Info] Molecular charge read from '.CHRG'

Charge model parameter:
------------------------------------------------------
   Z          chi/Eh     kcn/Eh     eta/Eh     rad/AA
------------------------------------------------------
  89 Ac       1.0458     0.0047     0.6519     0.6470
  53 I        1.4034     0.0897     0.3054     2.0116
   6 C        1.4003     0.0601     0.6166     0.9994
   7 N        1.5582     0.0928     0.6565     0.6998
   8 O        1.5687     0.1169     0.6793     0.6518
   1 H        1.2370     0.0492     1.0964     0.2919
   9 F        1.5754     0.1570     0.7723     0.9393
  15 P        1.5267     0.1425     0.7308     0.7313
------------------------------------------------------

Electrostatic properties (in atomic units):
--------------------------------------------------
     #    Z              CN          q        chi
--------------------------------------------------
     1   89 Ac       6.3630     0.6718     1.0339
     2   53 I        0.9657    -0.6422     1.3153
     3    6 C        1.0193    -0.1085     1.3397
     4    7 N        1.9504    -0.3974     1.4286
     5    6 C        3.9530    -0.2627     1.2809
     6    6 C        4.0712    -0.0393     1.2791
     7    8 O        1.9929    -0.3989     1.4036
     8    1 H        0.9909     0.0381     1.1880
     9    1 H        0.9914     0.0757     1.1880
    10    1 H        0.9914     0.0786     1.1880
    11    1 H        0.9890     0.0719     1.1881
    12    1 H        0.9892     0.0786     1.1881
    13    8 O        2.9214    -0.4198     1.3689
    14    1 H        1.1794     0.2291     1.1836
    15    9 F        0.9974    -0.3289     1.4186
    16   15 P        4.4634     0.2680     1.2257
    17    9 F        1.9105    -0.1718     1.3583
    18    9 F        0.9990    -0.2842     1.4184
    19    6 C        1.9325     0.0493     1.3168
    20    7 N        1.0048    -0.5074     1.4652
--------------------------------------------------
     Σ                         -2.0000
--------------------------------------------------

Electrostatic energy:   -1.5795140056556E+00 Eh

[Info] JSON dump of results written to 'multicharge.json'
