Charge model parameter:
------------------------------------------------------
   Z          chi/Eh     kcn/Eh     eta/Eh     rad/AA
------------------------------------------------------
 101 Md       1.1131     0.0055     0.6097     0.6919
   7 N        1.5582     0.0928     0.6565     0.6998
   6 C        1.4003     0.0601     0.6166     0.9994
   1 H        1.2370     0.0492     1.0964     0.2919
  17 Cl       1.4815     0.1368     0.7586     0.7238
   8 O        1.5687     0.1169     0.6793     0.6518
------------------------------------------------------

Electrostatic properties (in atomic units):
--------------------------------------------------
     #    Z              CN          q        chi
--------------------------------------------------
     1  101 Md       7.6435     0.7158     1.0979
     2    7 N        2.9847    -0.3147     1.3979
     3    6 C        3.2386     0.0444     1.2922
     4    6 C        3.0113    -0.0867     1.2961
     5    6 C        3.0211    -0.0863     1.2959
     6    6 C        3.0145    -0.0894     1.2960
     7    6 C        3.1926     0.1185     1.2930
     8    6 C        3.1861     0.1178     1.2931
     9    6 C        3.0149    -0.0894     1.2960
    10    6 C        3.0210    -0.0855     1.2959
    11    6 C        3.0116    -0.0826     1.2961
    12    6 C        3.1830     0.0460     1.2931
    13    7 N        2.9696    -0.3146     1.3983
    14    1 H        0.9941     0.1524     1.1879
    15    1 H        0.9931     0.1212     1.1880
    16    1 H        0.9929     0.1225     1.1880
    17    1 H        0.9932     0.1119     1.1880
    18    1 H        0.9932     0.1119     1.1880
    19    1 H        0.9929     0.1235     1.1880
    20    1 H        0.9931     0.1253     1.1880
    21    1 H        0.9930     0.1583     1.1880
    22   17 Cl       0.9970    -0.1203     1.3449
    23    7 N        3.7474     0.1895     1.3786
    24    8 O        1.9740    -0.2441     1.4044
    25    8 O        1.9727    -0.2630     1.4045
    26    8 O        1.0017    -0.2730     1.4517
    27    8 O        1.9905    -0.5768     1.4037
    28    1 H        1.0578     0.2974     1.1864
    29    8 O        2.9311    -0.5159     1.3685
    30    1 H        1.0115     0.2735     1.1875
    31    1 H        1.5877     0.3126     1.1750
--------------------------------------------------
     Σ                          0.0000
--------------------------------------------------

Electrostatic energy:   -3.0268774225324E-01 Eh

[Info] JSON dump of results written to 'multicharge.json'
