[Info] Molecular charge read from '.CHRG'

Charge model parameter:
------------------------------------------------------
   Z          chi/Eh     kcn/Eh     eta/Eh     rad/AA
------------------------------------------------------
 102 No       1.1434     0.0135     0.6305     0.6695
   6 C        1.4003     0.0601     0.6166     0.9994
   8 O        1.5687     0.1169     0.6793     0.6518
   1 H        1.2370     0.0492     1.0964     0.2919
   9 F        1.5754     0.1570     0.7723     0.9393
  17 Cl       1.4815     0.1368     0.7586     0.7238
  15 P        1.5267     0.1425     0.7308     0.7313
   7 N        1.5582     0.0928     0.6565     0.6998
------------------------------------------------------

Electrostatic properties (in atomic units):
--------------------------------------------------
     #    Z              CN          q        chi
--------------------------------------------------
     1  102 No       6.3924     0.5115     1.1093
     2    6 C        3.0120    -0.1623     1.2961
     3    6 C        3.0115    -0.1618     1.2961
     4    6 C        3.0157    -0.1277     1.2960
     5    6 C        3.0139    -0.0180     1.2960
     6    6 C        3.0155    -0.1252     1.2960
     7    6 C        3.0116    -0.1599     1.2961
     8    6 C        3.7192     0.2422     1.2845
     9    8 O        1.8360    -0.4097     1.4103
    10    8 O        1.9200    -0.3898     1.4067
    11    1 H        0.9925     0.0465     1.1880
    12    1 H        0.9925     0.0507     1.1880
    13    1 H        0.9928     0.0929     1.1880
    14    1 H        0.9928     0.0980     1.1880
    15    1 H        0.9925     0.0529     1.1880
    16    9 F        1.0127    -0.3638     1.4174
    17   17 Cl       0.9914    -0.2632     1.3453
    18    6 C        3.9538    -0.2958     1.2809
    19   15 P        3.9400     0.0663     1.2439
    20    6 C        3.9750    -0.2772     1.2806
    21    6 C        3.9545    -0.2779     1.2809
    22    1 H        0.9910     0.0466     1.1880
    23    1 H        0.9922     0.0580     1.1880
    24    1 H        0.9937     0.0641     1.1879
    25    1 H        0.9912     0.0489     1.1880
    26    1 H        0.9935     0.0750     1.1879
    27    1 H        0.9957     0.0989     1.1879
    28    1 H        0.9911     0.0478     1.1880
    29    1 H        0.9967     0.0961     1.1879
    30    1 H        0.9924     0.0676     1.1880
    31    7 N        2.2118    -0.1033     1.4202
    32    8 O        1.0025    -0.3748     1.4516
    33    8 O        1.9787    -0.2535     1.4042
--------------------------------------------------
     Σ                         -2.0000
--------------------------------------------------

Electrostatic energy:   -1.5142543981997E+00 Eh

[Info] JSON dump of results written to 'multicharge.json'
