Charge model parameter:
------------------------------------------------------
   Z          chi/Eh     kcn/Eh     eta/Eh     rad/AA
------------------------------------------------------
  93 Np       1.1090     0.0071     0.5649     0.7462
   9 F        1.5754     0.1570     0.7723     0.9393
------------------------------------------------------

Electrostatic properties (in atomic units):
--------------------------------------------------
     #    Z              CN          q        chi
--------------------------------------------------
     1   93 Np       4.9497     0.9648     1.0933
     2    9 F        0.9990    -0.1948     1.4184
     3    9 F        0.9990    -0.1948     1.4184
     4    9 F        0.9989    -0.1854     1.4184
     5    9 F        0.9990    -0.1947     1.4184
     6    9 F        0.9990    -0.1951     1.4184
--------------------------------------------------
     Σ                         -0.0000
--------------------------------------------------

Electrostatic energy:   -1.5685348318937E-01 Eh

[Info] JSON dump of results written to 'multicharge.json'
