[Info] Molecular charge read from '.CHRG'

Charge model parameter:
------------------------------------------------------
   Z          chi/Eh     kcn/Eh     eta/Eh     rad/AA
------------------------------------------------------
  99 Es       1.0593     0.0030     0.5898     0.7145
   7 N        1.5582     0.0928     0.6565     0.6998
   6 C        1.4003     0.0601     0.6166     0.9994
   1 H        1.2370     0.0492     1.0964     0.2919
  16 S        1.4077     0.0713     0.5171     1.1581
   8 O        1.5687     0.1169     0.6793     0.6518
------------------------------------------------------

Electrostatic properties (in atomic units):
--------------------------------------------------
     #    Z              CN          q        chi
--------------------------------------------------
     1   99 Es       6.4881     0.9194     1.0517
     2    7 N        3.9057    -0.5903     1.3748
     3    6 C        4.0522    -0.0114     1.2794
     4    6 C        4.0363    -0.0094     1.2796
     5    7 N        3.9144    -0.5805     1.3746
     6    1 H        1.0004     0.2616     1.1878
     7    1 H        0.9974     0.2671     1.1879
     8    1 H        0.9913     0.1528     1.1880
     9    1 H        0.9914     0.1411     1.1880
    10    1 H        0.9914     0.1440     1.1880
    11    1 H        0.9913     0.1478     1.1880
    12    1 H        1.0044     0.2818     1.1877
    13    1 H        1.0000     0.2769     1.1878
    14   16 S        1.0142     0.0653     1.3359
    15    6 C        2.0820     0.2107     1.3136
    16    7 N        2.0102    -0.4195     1.4266
    17    7 N        3.9082    -0.7466     1.3747
    18    1 H        1.0040     0.3035     1.1877
    19    1 H        0.9963     0.2967     1.1879
    20    1 H        1.0012     0.3127     1.1878
    21    7 N        3.6925     0.1889     1.3799
    22    8 O        1.9688    -0.2312     1.4046
    23    8 O        1.9663    -0.2216     1.4047
    24    8 O        1.0014    -0.1599     1.4517
--------------------------------------------------
     Σ                          1.0000
--------------------------------------------------

Electrostatic energy:    2.6717504832337E-01 Eh

[Info] JSON dump of results written to 'multicharge.json'
