[Info] Molecular charge read from './.CHRG'
[Info] Molecular spin read from './.UHF'
xTB calculator
 | Coulomb electrostatics
 |  * isotropic Klopman-Ohno electrostatics
 |  * onsite third-order electrostatics
CEH guess
integral cutoff           4.0000000000000E+01 bohr

Atomic charges (in atomic units):
---------------------------------------------------------
     #    Z                 q
---------------------------------------------------------
     1   98 Cf       1.408755
     2    6 C        0.062764
     3    8 O       -0.130180
     4    1 H        0.057366
     5    1 H        0.058828
     6    1 H        0.062883
     7    1 H        0.203406
     8    6 C        0.051682
     9    6 C       -0.068201
    10    6 C       -0.068567
    11    6 C        0.060596
    12    8 O       -0.041287
    13    1 H        0.050466
    14    1 H        0.074246
    15    1 H        0.047469
    16    1 H        0.090495
    17    1 H        0.089510
    18    1 H        0.050576
    19    1 H        0.049956
    20    1 H        0.069133
    21    6 C        0.192040
    22    8 O        0.214501
    23    6 C       -0.124446
    24   15 P        0.227413
    25    6 C       -0.121972
    26    6 C       -0.122408
    27    1 H        0.052169
    28    1 H        0.066827
    29    1 H        0.065446
    30    1 H        0.054027
    31    1 H        0.067188
    32    1 H        0.064998
    33    1 H        0.052636
    34    1 H        0.065216
    35    1 H        0.066469
---------------------------------------------------------

Atomic dipole moments (in atomic units):
---------------------------------------------------------
     #    Z                 x            y            z
---------------------------------------------------------
     1   98 Cf       0.249123    -0.417834     0.430347
     2    6 C        0.036832    -0.200245    -0.206751
     3    8 O       -0.021228    -0.027132     0.082837
     4    1 H        0.098855    -0.031218     0.101282
     5    1 H       -0.137723    -0.013859     0.043215
     6    1 H        0.023803     0.141237    -0.056089
     7    1 H       -0.022541    -0.112642     0.057352
     8    6 C        0.050829     0.064372     0.226106
     9    6 C       -0.074353     0.006801     0.106176
    10    6 C       -0.098614     0.080570    -0.034028
    11    6 C       -0.152408     0.000568    -0.183803
    12    8 O        0.079485    -0.044161    -0.033692
    13    1 H       -0.058382    -0.118790    -0.000562
    14    1 H       -0.040832     0.097519    -0.093026
    15    1 H        0.056095     0.117251    -0.027448
    16    1 H        0.022364    -0.097379    -0.087055
    17    1 H        0.128270     0.023869     0.023020
    18    1 H       -0.041223    -0.123854     0.020452
    19    1 H        0.063488     0.117083     0.009083
    20    1 H       -0.036333    -0.068337     0.116538
    21    6 C        0.021047     0.067661    -0.019342
    22    8 O        0.030080     0.083451    -0.024983
    23    6 C        0.049970    -0.018192    -0.012683
    24   15 P       -0.142248    -0.054811    -0.115314
    25    6 C        0.011721     0.052871     0.005638
    26    6 C       -0.000509    -0.015903     0.052752
    27    1 H       -0.095961    -0.046349    -0.095853
    28    1 H        0.001613     0.158484    -0.000111
    29    1 H       -0.036690    -0.056161     0.143218
    30    1 H       -0.113033    -0.016187    -0.088104
    31    1 H       -0.034097    -0.061960     0.141463
    32    1 H        0.126959    -0.070298    -0.062749
    33    1 H       -0.119235    -0.044414    -0.066660
    34    1 H        0.126631    -0.065022    -0.069132
    35    1 H        0.006845     0.158307    -0.006445
---------------------------------------------------------
           total    -1.352139     1.131987     4.719162
---------------------------------------------------------

[Info] JSON dump of results written to 'tblite.json'
