[Info] Molecular charge read from '.CHRG'

Charge model parameter:
------------------------------------------------------
   Z          chi/Eh     kcn/Eh     eta/Eh     rad/AA
------------------------------------------------------
 101 Md       1.1131     0.0055     0.6097     0.6919
   9 F        1.5754     0.1570     0.7723     0.9393
   6 C        1.4003     0.0601     0.6166     0.9994
   8 O        1.5687     0.1169     0.6793     0.6518
  16 S        1.4077     0.0713     0.5171     1.1581
------------------------------------------------------

Electrostatic properties (in atomic units):
--------------------------------------------------
     #    Z              CN          q        chi
--------------------------------------------------
     1  101 Md       5.4483     0.6989     1.1003
     2    9 F        0.9987    -0.3347     1.4185
     3    6 C        1.0032    -0.0249     1.3401
     4    8 O        1.5695    -0.2870     1.4222
     5    8 O        1.0004    -0.4199     1.4517
     6   16 S        3.9377     0.4111     1.2663
     7    8 O        1.9922    -0.3402     1.4037
     8    8 O        1.9923    -0.3829     1.4037
     9    9 F        0.9985    -0.3203     1.4185
--------------------------------------------------
     Σ                         -1.0000
--------------------------------------------------

Electrostatic energy:   -8.5290098108280E-01 Eh

[Info] JSON dump of results written to 'multicharge.json'
