[Info] Molecular charge read from '.CHRG'

Charge model parameter:
------------------------------------------------------
   Z          chi/Eh     kcn/Eh     eta/Eh     rad/AA
------------------------------------------------------
 103 Lr       1.1371     0.0068     0.5937     0.7095
  20 Ca       0.7544    -0.0898     0.5212     0.8406
------------------------------------------------------

Electrostatic properties (in atomic units):
--------------------------------------------------
     #    Z              CN          q        chi
--------------------------------------------------
     1  103 Lr       1.7486    -0.1014     1.1282
     2   20 Ca       1.8260     0.5507     0.8758
     3   20 Ca       1.8275     0.5506     0.8758
--------------------------------------------------
     Σ                          1.0000
--------------------------------------------------

Electrostatic energy:    4.2510221284890E-01 Eh

[Info] JSON dump of results written to 'multicharge.json'
