[Info] Molecular spin read from './.UHF'
xTB calculator
 | Coulomb electrostatics
 |  * isotropic Klopman-Ohno electrostatics
 |  * onsite third-order electrostatics
CEH guess
integral cutoff           4.0000000000000E+01 bohr

Atomic charges (in atomic units):
---------------------------------------------------------
     #    Z                 q
---------------------------------------------------------
     1  102 No      -0.107521
     2    3 Li       0.138542
     3    3 Li       0.124442
     4    3 Li       0.138917
     5    1 H       -0.294380
---------------------------------------------------------

Atomic dipole moments (in atomic units):
---------------------------------------------------------
     #    Z                 x            y            z
---------------------------------------------------------
     1  102 No      -0.240700     0.112081     0.783463
     2    3 Li       0.268554     0.293883    -0.419385
     3    3 Li       0.270235    -0.419498    -0.153636
     4    3 Li      -0.227680     0.014964    -0.531784
     5    1 H       -0.028673     0.040434     0.027022
---------------------------------------------------------
           total     0.679203    -0.851702    -0.899595
---------------------------------------------------------

[Info] JSON dump of results written to 'tblite.json'
