[Info] Molecular charge read from './.CHRG'
xTB calculator
 | Coulomb electrostatics
 |  * isotropic Klopman-Ohno electrostatics
 |  * onsite third-order electrostatics
CEH guess
integral cutoff           2.3650283084401E+01 bohr

Atomic charges (in atomic units):
---------------------------------------------------------
     #    Z                 q
---------------------------------------------------------
     1   90 Th       1.060088
     2    7 N       -0.112564
     3    6 C        0.023110
     4    6 C        0.021920
     5    7 N       -0.095745
     6    1 H        0.149446
     7    1 H        0.139481
     8    1 H        0.091004
     9    1 H        0.070079
    10    1 H        0.066830
    11    1 H        0.093157
    12    1 H        0.148759
    13    1 H        0.141216
    14    6 C        0.040152
    15    7 N       -0.312766
    16    6 C        0.085092
    17    8 O        0.244746
    18    6 C        0.039760
    19    6 C       -0.035860
    20    6 C        0.054303
    21    6 C       -0.003753
    22    6 C        0.038346
    23    6 C       -0.040629
    24    6 C        0.340515
    25    8 O       -0.170069
    26    8 O       -0.096090
    27    1 H        0.054090
    28    1 H        0.060287
    29    1 H        0.052465
    30    1 H        0.034218
    31    1 H        0.055788
    32    1 H        0.222457
    33    6 C        0.067122
    34    6 C       -0.009138
    35    6 C        0.083279
    36    7 N       -0.019592
    37    6 C        0.100421
    38    6 C       -0.002828
    39    1 H        0.056321
    40    1 H        0.067254
    41    1 H        0.066726
    42    1 H        0.065977
    43    1 H        0.064625
---------------------------------------------------------

Atomic dipole moments (in atomic units):
---------------------------------------------------------
     #    Z                 x            y            z
---------------------------------------------------------
     1   90 Th       0.517631     0.382963    -0.250805
     2    7 N        0.193612    -0.192414     0.033947
     3    6 C       -0.099853     0.133820    -0.185508
     4    6 C       -0.225902     0.082311    -0.015679
     5    7 N        0.194863    -0.060854     0.175562
     6    1 H       -0.051733    -0.095613    -0.014420
     7    1 H        0.086741     0.012926    -0.069899
     8    1 H        0.093319    -0.080807    -0.029579
     9    1 H       -0.089353    -0.048968     0.079576
    10    1 H        0.078933     0.055716    -0.085698
    11    1 H        0.051104    -0.017251     0.115683
    12    1 H        0.054941     0.094121     0.017485
    13    1 H       -0.039277    -0.035283     0.094306
    14    6 C        0.101520     0.122847    -0.064452
    15    7 N        0.014721     0.019713    -0.004949
    16    6 C       -0.117348     0.046824    -0.055906
    17    8 O       -0.071119     0.018807    -0.019842
    18    6 C       -0.002983    -0.000513     0.032526
    19    6 C        0.006298     0.010044     0.014869
    20    6 C        0.023499     0.037793     0.069050
    21    6 C       -0.008254    -0.004449     0.050457
    22    6 C       -0.035754    -0.041014     0.047305
    23    6 C       -0.011309    -0.013053     0.013265
    24    6 C       -0.051103    -0.052656     0.120837
    25    8 O       -0.043983    -0.060737    -0.046182
    26    8 O        0.012497     0.009650    -0.092466
    27    1 H        0.024928     0.017583    -0.132125
    28    1 H       -0.056558    -0.082964    -0.093974
    29    1 H       -0.085069    -0.107690     0.022091
    30    1 H        0.058461     0.085099     0.089444
    31    1 H        0.081563     0.100468    -0.041088
    32    1 H       -0.049860    -0.066627    -0.096695
    33    6 C        0.007721    -0.017518    -0.012516
    34    6 C       -0.003985    -0.036313    -0.001506
    35    6 C       -0.050645    -0.188363     0.028628
    36    7 N       -0.082580     0.150398     0.134933
    37    6 C        0.128791     0.033452    -0.146400
    38    6 C        0.022802     0.000269    -0.026091
    39    1 H       -0.052268     0.097037     0.080918
    40    1 H        0.037587     0.131088    -0.021945
    41    1 H        0.084488     0.033089    -0.097783
    42    1 H       -0.042321    -0.116753     0.027481
    43    1 H       -0.087762    -0.040026     0.098600
---------------------------------------------------------
           total    -2.318298     2.813321    -2.585823
---------------------------------------------------------

[Info] JSON dump of results written to 'tblite.json'
