[Info] Molecular charge read from './.CHRG'
xTB calculator
 | Coulomb electrostatics
 |  * isotropic Klopman-Ohno electrostatics
 |  * onsite third-order electrostatics
CEH guess
integral cutoff           4.0000000000000E+01 bohr

Atomic charges (in atomic units):
---------------------------------------------------------
     #    Z                 q
---------------------------------------------------------
     1  102 No       0.705985
     2    6 C        0.025727
     3    8 O       -0.183243
     4    1 H        0.053290
     5    1 H        0.052047
     6    1 H        0.072092
     7    1 H        0.171227
     8    6 C        0.027251
     9    6 C       -0.052302
    10    6 C       -0.049567
    11    6 C        0.030689
    12    8 O       -0.134976
    13    1 H        0.079240
    14    1 H        0.045230
    15    1 H        0.083086
    16    1 H        0.043359
    17    1 H        0.044541
    18    1 H        0.080521
    19    1 H        0.071883
    20    1 H        0.049168
    21    8 O       -0.211936
    22    1 H        0.189854
    23    1 H        0.183863
    24    6 C       -0.127480
    25   15 P        0.213419
    26    6 C       -0.132119
    27    6 C       -0.128843
    28    1 H        0.043680
    29    1 H        0.060880
    30    1 H        0.060050
    31    1 H        0.043316
    32    1 H        0.058280
    33    1 H        0.062452
    34    1 H        0.042850
    35    1 H        0.062372
    36    1 H        0.061504
    37    6 C       -0.026374
    38    6 C        0.048062
    39    8 O       -0.186946
    40    1 H        0.083410
    41    1 H        0.044723
    42    1 H        0.040200
    43    1 H        0.059768
    44    1 H        0.058542
    45    1 H        0.181228
---------------------------------------------------------

Atomic dipole moments (in atomic units):
---------------------------------------------------------
     #    Z                 x            y            z
---------------------------------------------------------
     1  102 No       0.486993     0.602336    -0.017633
     2    6 C        0.081457    -0.270370    -0.021214
     3    8 O        0.077477     0.088035     0.001148
     4    1 H        0.034523     0.066859    -0.115447
     5    1 H        0.060607     0.053901     0.110380
     6    1 H       -0.141656     0.009281     0.016839
     7    1 H        0.118271     0.009039    -0.006653
     8    6 C       -0.139985     0.102614     0.180354
     9    6 C       -0.064469     0.118634     0.001634
    10    6 C       -0.090470     0.011925    -0.101679
    11    6 C        0.024948    -0.031455    -0.248927
    12    8 O        0.088294    -0.065068     0.054113
    13    1 H       -0.054150    -0.072461    -0.090165
    14    1 H        0.089885     0.070424    -0.038292
    15    1 H        0.125692    -0.032046    -0.032411
    16    1 H       -0.083006    -0.097696     0.017868
    17    1 H        0.094532     0.086910    -0.010607
    18    1 H       -0.003676    -0.073043     0.111800
    19    1 H        0.013069     0.114636     0.052352
    20    1 H       -0.085277    -0.069653     0.049711
    21    8 O        0.005626     0.012177    -0.106391
    22    1 H       -0.047757    -0.072742    -0.087834
    23    1 H        0.056605     0.086667    -0.066454
    24    6 C        0.018757     0.012517    -0.045415
    25   15 P       -0.036285    -0.068489     0.006365
    26    6 C       -0.028477     0.038590     0.014928
    27    6 C        0.041923     0.003287     0.034322
    28    1 H       -0.056830    -0.130704    -0.017433
    29    1 H       -0.104637     0.099494     0.043851
    30    1 H        0.111887    -0.003287     0.100929
    31    1 H       -0.082193    -0.116792     0.008266
    32    1 H        0.115322    -0.007235     0.097631
    33    1 H        0.053813     0.018443    -0.140663
    34    1 H       -0.047339    -0.134109     0.019230
    35    1 H        0.041635     0.021587    -0.144381
    36    1 H       -0.107428     0.101417     0.036962
    37    6 C        0.061255    -0.002436     0.086357
    38    6 C        0.239825    -0.103819     0.026900
    39    8 O       -0.072476     0.053965     0.063660
    40    1 H       -0.127710     0.045241    -0.042055
    41    1 H       -0.002454    -0.129057    -0.014545
    42    1 H        0.084203     0.068799    -0.067625
    43    1 H       -0.088859    -0.058926     0.062525
    44    1 H       -0.004290     0.122807     0.013675
    45    1 H        0.002852     0.033970     0.116076
---------------------------------------------------------
           total    -0.923941     1.232963    -1.555594
---------------------------------------------------------

[Info] JSON dump of results written to 'tblite.json'
