[Info] Molecular spin read from './.UHF'
xTB calculator
 | Coulomb electrostatics
 |  * isotropic Klopman-Ohno electrostatics
 |  * onsite third-order electrostatics
CEH guess
integral cutoff           4.0000000000000E+01 bohr

Atomic charges (in atomic units):
---------------------------------------------------------
     #    Z                 q
---------------------------------------------------------
     1   91 Pa      -0.351324
     2    3 Li       0.229654
     3    3 Li       0.228191
     4    3 Li       0.225643
     5    1 H       -0.332164
---------------------------------------------------------

Atomic dipole moments (in atomic units):
---------------------------------------------------------
     #    Z                 x            y            z
---------------------------------------------------------
     1   91 Pa      -0.568610     0.869324    -0.085443
     2    3 Li       0.599328     0.503052    -0.015786
     3    3 Li       0.129707    -0.701025     0.434546
     4    3 Li      -0.354298    -0.089018    -0.703251
     5    1 H       -0.086494    -0.009333     0.150263
---------------------------------------------------------
           total     2.923471    -1.090547    -3.354121
---------------------------------------------------------

[Info] JSON dump of results written to 'tblite.json'
