[Info] Molecular charge read from '.CHRG'

Charge model parameter:
------------------------------------------------------
   Z          chi/Eh     kcn/Eh     eta/Eh     rad/AA
------------------------------------------------------
 103 Lr       1.1371     0.0068     0.5937     0.7095
   6 C        1.4003     0.0601     0.6166     0.9994
   8 O        1.5687     0.1169     0.6793     0.6518
   1 H        1.2370     0.0492     1.0964     0.2919
   9 F        1.5754     0.1570     0.7723     0.9393
   7 N        1.5582     0.0928     0.6565     0.6998
  17 Cl       1.4815     0.1368     0.7586     0.7238
------------------------------------------------------

Electrostatic properties (in atomic units):
--------------------------------------------------
     #    Z              CN          q        chi
--------------------------------------------------
     1  103 Lr       5.0919     0.6311     1.1219
     2    6 C        3.9553    -0.1831     1.2809
     3    6 C        3.9767    -0.0469     1.2805
     4    8 O        2.9353    -0.4033     1.3684
     5    1 H        0.9918     0.1377     1.1880
     6    1 H        0.9915     0.1398     1.1880
     7    1 H        0.9917     0.1413     1.1880
     8    1 H        0.9916     0.1423     1.1880
     9    1 H        0.9920     0.1423     1.1880
    10    1 H        1.0259     0.2605     1.1872
    11    9 F        0.9976    -0.2766     1.4185
    12    6 C        3.0225    -0.0533     1.2959
    13    6 C        3.0098    -0.0573     1.2961
    14    6 C        3.1408     0.0467     1.2939
    15    7 N        2.9728    -0.3413     1.3982
    16    6 C        3.1641     0.0575     1.2935
    17    6 C        3.0098    -0.0565     1.2961
    18    1 H        0.9928     0.1525     1.1880
    19    1 H        0.9930     0.1474     1.1880
    20    1 H        0.9926     0.1406     1.1880
    21    1 H        0.9927     0.1584     1.1880
    22    1 H        0.9930     0.1488     1.1880
    23   17 Cl       0.9944    -0.1220     1.3451
    24    7 N        3.9259    -0.7462     1.3743
    25    1 H        0.9987     0.2835     1.1878
    26    1 H        0.9994     0.2778     1.1878
    27    1 H        0.9977     0.2781     1.1878
--------------------------------------------------
     Σ                          1.0000
--------------------------------------------------

Electrostatic energy:    3.7551675255858E-01 Eh

[Info] JSON dump of results written to 'multicharge.json'
