Charge model parameter:
------------------------------------------------------
   Z          chi/Eh     kcn/Eh     eta/Eh     rad/AA
------------------------------------------------------
  96 Cm       1.1100     0.0071     0.5609     0.7515
   6 C        1.4003     0.0601     0.6166     0.9994
   8 O        1.5687     0.1169     0.6793     0.6518
   1 H        1.2370     0.0492     1.0964     0.2919
   7 N        1.5582     0.0928     0.6565     0.6998
   9 F        1.5754     0.1570     0.7723     0.9393
  15 P        1.5267     0.1425     0.7308     0.7313
------------------------------------------------------

Electrostatic properties (in atomic units):
--------------------------------------------------
     #    Z              CN          q        chi
--------------------------------------------------
     1   96 Cm       6.1604     0.8549     1.0924
     2    6 C        3.9606    -0.1709     1.2808
     3    6 C        3.1313     0.1056     1.2940
     4    6 C        3.0002    -0.0740     1.2963
     5    6 C        3.1276     0.1057     1.2941
     6    8 O        1.9807    -0.3271     1.4041
     7    6 C        3.9607    -0.1737     1.2808
     8    8 O        1.9825    -0.3272     1.4041
     9    1 H        0.9923     0.1111     1.1880
    10    1 H        0.9916     0.1312     1.1880
    11    1 H        0.9915     0.1354     1.1880
    12    1 H        0.9932     0.1135     1.1880
    13    1 H        0.9923     0.1101     1.1880
    14    1 H        0.9915     0.1318     1.1880
    15    1 H        0.9916     0.1283     1.1880
    16    6 C        1.0413     0.0734     1.3390
    17    7 N        1.9863    -0.3798     1.4274
    18    9 F        0.9989    -0.1921     1.4184
    19   15 P        3.5389     0.2610     1.2586
    20    9 F        0.9989    -0.1784     1.4184
    21    9 F        1.7733    -0.1268     1.3663
    22    7 N        2.2926    -0.2694     1.4177
    23    7 N        2.0349     0.0424     1.4258
    24    7 N        1.0051    -0.2431     1.4652
    25    6 C        3.0756     0.0777     1.2950
    26    6 C        3.0972     0.0595     1.2946
    27    7 N        2.9225    -0.3279     1.3996
    28    6 C        3.1184     0.0473     1.2942
    29    6 C        3.0755     0.0716     1.2950
    30    7 N        2.0148    -0.3526     1.4265
    31    1 H        0.9925     0.1423     1.1880
    32    1 H        0.9928     0.1635     1.1880
    33    1 H        0.9926     0.1410     1.1880
    34    1 H        0.9926     0.1359     1.1880
--------------------------------------------------
     Σ                         -0.0000
--------------------------------------------------

Electrostatic energy:   -3.2771495145695E-01 Eh

[Info] JSON dump of results written to 'multicharge.json'
