[Info] Molecular charge read from '.CHRG'

Charge model parameter:
------------------------------------------------------
   Z          chi/Eh     kcn/Eh     eta/Eh     rad/AA
------------------------------------------------------
  95 Am       1.0010     0.0051     0.6915     0.6095
   9 F        1.5754     0.1570     0.7723     0.9393
  52 Te       1.3651     0.0895     0.4850     1.0871
------------------------------------------------------

Electrostatic properties (in atomic units):
--------------------------------------------------
     #    Z              CN          q        chi
--------------------------------------------------
     1   95 Am       1.9695     0.7929     0.9939
     2    9 F        0.9986    -0.1431     1.4185
     3   52 Te       0.9718     0.3503     1.2768
--------------------------------------------------
     Σ                          1.0000
--------------------------------------------------

Electrostatic energy:    5.1609988075999E-01 Eh

[Info] JSON dump of results written to 'multicharge.json'
