[Info] Molecular charge read from './.CHRG'
[Info] Molecular spin read from './.UHF'
xTB calculator
 | Coulomb electrostatics
 |  * isotropic Klopman-Ohno electrostatics
 |  * onsite third-order electrostatics
CEH guess
integral cutoff           2.9910110830606E+01 bohr

Atomic charges (in atomic units):
---------------------------------------------------------
     #    Z                 q
---------------------------------------------------------
     1   92 U        0.186112
     2   49 In      -0.651956
     3   51 Sb      -0.926011
     4    7 N       -0.834551
     5   33 As      -0.773593
---------------------------------------------------------

Atomic dipole moments (in atomic units):
---------------------------------------------------------
     #    Z                 x            y            z
---------------------------------------------------------
     1   92 U       -0.397788    -0.490702     0.477653
     2   49 In       0.340653     0.192961     0.330845
     3   51 Sb       0.394888    -0.680146    -0.256196
     4    7 N       -0.087006    -0.027811    -0.136962
     5   33 As      -0.285237     0.285221     0.082358
---------------------------------------------------------
           total    -2.316763     4.594273    -1.291228
---------------------------------------------------------

[Info] JSON dump of results written to 'tblite.json'
