Charge model parameter:
------------------------------------------------------
   Z          chi/Eh     kcn/Eh     eta/Eh     rad/AA
------------------------------------------------------
  96 Cm       1.1100     0.0071     0.5609     0.7515
   7 N        1.5582     0.0928     0.6565     0.6998
   8 O        1.5687     0.1169     0.6793     0.6518
   6 C        1.4003     0.0601     0.6166     0.9994
  15 P        1.5267     0.1425     0.7308     0.7313
   1 H        1.2370     0.0492     1.0964     0.2919
  53 I        1.4034     0.0897     0.3054     2.0116
------------------------------------------------------

Electrostatic properties (in atomic units):
--------------------------------------------------
     #    Z              CN          q        chi
--------------------------------------------------
     1   96 Cm       6.4311     0.7922     1.0920
     2    7 N        3.4786     0.1725     1.3851
     3    8 O        1.0017    -0.2968     1.4517
     4    8 O        1.8837    -0.2718     1.4082
     5    8 O        1.8897    -0.2758     1.4080
     6    6 C        3.9577    -0.2352     1.2808
     7   15 P        4.4436     0.2163     1.2263
     8    8 O        1.9720    -0.3771     1.4045
     9    6 C        3.9575    -0.2415     1.2808
    10    6 C        3.9579    -0.2302     1.2808
    11    1 H        0.9944     0.1213     1.1879
    12    1 H        0.9943     0.1169     1.1879
    13    1 H        0.9932     0.0994     1.1880
    14    1 H        0.9931     0.0977     1.1880
    15    1 H        0.9942     0.1152     1.1879
    16    1 H        0.9959     0.1209     1.1879
    17    1 H        0.9932     0.0981     1.1880
    18    1 H        0.9956     0.1275     1.1879
    19    1 H        0.9942     0.1367     1.1879
    20   53 I        0.9850    -0.2636     1.3144
    21    6 C        3.9547    -0.2036     1.2809
    22    6 C        3.9712    -0.0578     1.2806
    23    8 O        2.8782    -0.4109     1.3703
    24    1 H        0.9917     0.0985     1.1880
    25    1 H        0.9913     0.1316     1.1880
    26    1 H        0.9916     0.1307     1.1880
    27    1 H        0.9912     0.1120     1.1880
    28    1 H        0.9919     0.1175     1.1880
    29    1 H        1.0127     0.2589     1.1875
    30    6 C        4.0012    -0.0885     1.2802
    31    8 O        1.9906    -0.4139     1.4037
    32    1 H        0.9904     0.1065     1.1880
    33    1 H        0.9900     0.0983     1.1880
    34    1 H        0.9899     0.0980     1.1880
--------------------------------------------------
     Σ                         -0.0000
--------------------------------------------------

Electrostatic energy:   -3.0496738549956E-01 Eh

[Info] JSON dump of results written to 'multicharge.json'
