Charge model parameter:
------------------------------------------------------
   Z          chi/Eh     kcn/Eh     eta/Eh     rad/AA
------------------------------------------------------
 100 Fm       1.0767     0.0040     0.5988     0.7039
   6 C        1.4003     0.0601     0.6166     0.9994
   8 O        1.5687     0.1169     0.6793     0.6518
   1 H        1.2370     0.0492     1.0964     0.2919
   7 N        1.5582     0.0928     0.6565     0.6998
  35 Br       1.3980     0.0801     0.3934     1.5631
------------------------------------------------------

Electrostatic properties (in atomic units):
--------------------------------------------------
     #    Z              CN          q        chi
--------------------------------------------------
     1  100 Fm       7.2595     0.8411     1.0659
     2    6 C        3.9606    -0.1799     1.2808
     3    6 C        3.1778     0.1052     1.2932
     4    6 C        3.0031    -0.0811     1.2962
     5    6 C        3.1617     0.1053     1.2935
     6    8 O        1.9858    -0.3466     1.4039
     7    6 C        3.9605    -0.1852     1.2808
     8    8 O        1.9906    -0.3229     1.4037
     9    1 H        0.9922     0.1033     1.1880
    10    1 H        0.9916     0.1233     1.1880
    11    1 H        0.9916     0.1289     1.1880
    12    1 H        0.9932     0.1071     1.1880
    13    1 H        0.9922     0.1036     1.1880
    14    1 H        0.9916     0.1237     1.1880
    15    1 H        0.9916     0.1168     1.1880
    16    7 N        3.6488     0.1771     1.3809
    17    8 O        1.0016    -0.2776     1.4517
    18    8 O        1.9405    -0.2220     1.4058
    19    8 O        1.9578    -0.2479     1.4051
    20    6 C        3.9585    -0.1705     1.2808
    21    6 C        2.0091     0.0932     1.3152
    22    7 N        1.9474    -0.3605     1.4287
    23    1 H        0.9919     0.1225     1.1880
    24    1 H        0.9919     0.1185     1.1880
    25    1 H        0.9918     0.1193     1.1880
    26   35 Br       0.9926    -0.1778     1.3182
    27    6 C        3.0786     0.0616     1.2949
    28    6 C        3.1489     0.0420     1.2937
    29    7 N        2.9355    -0.3243     1.3992
    30    6 C        3.1018     0.0539     1.2945
    31    6 C        3.0783     0.0681     1.2949
    32    7 N        2.0145    -0.3634     1.4265
    33    1 H        0.9925     0.1253     1.1880
    34    1 H        0.9929     0.1351     1.1880
    35    1 H        0.9927     0.1530     1.1880
    36    1 H        0.9925     0.1316     1.1880
--------------------------------------------------
     Σ                         -0.0000
--------------------------------------------------

Electrostatic energy:   -3.2693935158463E-01 Eh

[Info] JSON dump of results written to 'multicharge.json'
