xTB calculator
 | Coulomb electrostatics
 |  * isotropic Klopman-Ohno electrostatics
 |  * onsite third-order electrostatics
CEH guess
integral cutoff           4.0000000000000E+01 bohr

Atomic charges (in atomic units):
---------------------------------------------------------
     #    Z                 q
---------------------------------------------------------
     1  103 Lr       0.482475
     2   35 Br      -0.160560
     3   35 Br      -0.161312
     4   35 Br      -0.160602
---------------------------------------------------------

Atomic dipole moments (in atomic units):
---------------------------------------------------------
     #    Z                 x            y            z
---------------------------------------------------------
     1  103 Lr      -0.181614    -0.255385     0.452062
     2   35 Br       0.066383     0.095347     0.116079
     3   35 Br       0.066992    -0.148034    -0.022131
     4   35 Br      -0.162130     0.012844    -0.022554
---------------------------------------------------------
           total    -0.349969    -0.496426     0.873710
---------------------------------------------------------

[Info] JSON dump of results written to 'tblite.json'
