[Info] Molecular charge read from './.CHRG'
[Info] Molecular spin read from './.UHF'
xTB calculator
 | Coulomb electrostatics
 |  * isotropic Klopman-Ohno electrostatics
 |  * onsite third-order electrostatics
CEH guess
integral cutoff           4.0000000000000E+01 bohr

Atomic charges (in atomic units):
---------------------------------------------------------
     #    Z                 q
---------------------------------------------------------
     1   99 Es       0.733387
     2    7 N       -0.100749
     3    6 C       -0.019418
     4    6 C       -0.021492
     5    7 N       -0.093592
     6    6 C       -0.015845
     7    6 C       -0.023782
     8    7 N       -0.080747
     9    1 H        0.098670
    10    1 H        0.107862
    11    1 H        0.051492
    12    1 H        0.063127
    13    1 H        0.069649
    14    1 H        0.057538
    15    1 H        0.113496
    16    1 H        0.061494
    17    1 H        0.061046
    18    1 H        0.052884
    19    1 H        0.064933
    20    1 H        0.105233
    21    1 H        0.101784
    22   17 Cl      -0.345165
    23    6 C       -0.103142
    24   15 P        0.376182
    25    8 O       -0.338641
    26    6 C       -0.094791
    27    6 C       -0.106521
    28    1 H        0.057317
    29    1 H        0.057506
    30    1 H        0.073444
    31    1 H        0.073934
    32    1 H        0.057690
    33    1 H        0.056386
    34    1 H        0.073786
    35    1 H        0.054194
    36    1 H        0.055153
    37    7 N        0.264064
    38    8 O       -0.217559
    39    8 O       -0.197335
    40    8 O       -0.183472
---------------------------------------------------------

Atomic dipole moments (in atomic units):
---------------------------------------------------------
     #    Z                 x            y            z
---------------------------------------------------------
     1   99 Es       0.229095     0.152380     0.254184
     2    7 N        0.000542     0.215804    -0.216497
     3    6 C        0.145084    -0.125778     0.096272
     4    6 C       -0.034209    -0.203126     0.085422
     5    7 N       -0.093730     0.282290     0.037417
     6    6 C        0.127361    -0.077201    -0.160709
     7    6 C        0.138684    -0.159705     0.039568
     8    7 N       -0.279339     0.094324     0.062019
     9    1 H        0.088872     0.039512     0.018931
    10    1 H       -0.023473    -0.068017    -0.069837
    11    1 H       -0.110507    -0.061289    -0.016459
    12    1 H        0.033858     0.072781    -0.089793
    13    1 H       -0.096014     0.078121     0.001438
    14    1 H        0.112338     0.050285     0.025114
    15    1 H        0.059048     0.013807     0.058783
    16    1 H       -0.029798     0.117794    -0.004803
    17    1 H        0.027749    -0.047402     0.112742
    18    1 H       -0.005906     0.027843    -0.125187
    19    1 H       -0.104635     0.008669     0.061834
    20    1 H       -0.037820    -0.047396    -0.080014
    21    1 H       -0.004074    -0.029970     0.094574
    22   17 Cl       0.026042     0.029589     0.038234
    23    6 C       -0.009651     0.014797    -0.017618
    24   15 P        0.022617    -0.095791     0.012838
    25    8 O       -0.008011    -0.012152     0.002581
    26    6 C       -0.021198     0.010497     0.012486
    27    6 C        0.003954     0.022211     0.002421
    28    1 H       -0.129227     0.001239     0.092410
    29    1 H        0.102013     0.113221     0.044493
    30    1 H        0.067643    -0.139597     0.002477
    31    1 H        0.061776    -0.143467     0.013567
    32    1 H        0.104387     0.110576     0.042820
    33    1 H       -0.048835     0.025562    -0.147655
    34    1 H        0.074212    -0.137540    -0.003838
    35    1 H       -0.060025     0.038652    -0.141330
    36    1 H       -0.113521     0.000837     0.107296
    37    7 N       -0.003215     0.015482    -0.028377
    38    8 O        0.000028    -0.234749     0.039097
    39    8 O        0.062745     0.155993     0.170179
    40    8 O       -0.060850     0.079163    -0.211842
---------------------------------------------------------
           total     1.181282     1.189495     0.673589
---------------------------------------------------------

[Info] JSON dump of results written to 'tblite.json'
