[Info] Molecular charge read from './.CHRG'
xTB calculator
 | Coulomb electrostatics
 |  * isotropic Klopman-Ohno electrostatics
 |  * onsite third-order electrostatics
CEH guess
integral cutoff           4.0000000000000E+01 bohr

Atomic charges (in atomic units):
---------------------------------------------------------
     #    Z                 q
---------------------------------------------------------
     1  103 Lr       0.857098
     2    7 N       -0.098853
     3    6 C        0.089906
     4    6 C       -0.017024
     5    6 C        0.070823
     6    6 C        0.008875
     7    6 C        0.095626
     8    6 C        0.086237
     9    6 C        0.008973
    10    6 C        0.064521
    11    6 C       -0.018791
    12    6 C        0.086444
    13    7 N       -0.067193
    14    1 H        0.078271
    15    1 H        0.071269
    16    1 H        0.062450
    17    1 H        0.066236
    18    1 H        0.064109
    19    1 H        0.060418
    20    1 H        0.069889
    21    1 H        0.079993
    22    7 N       -0.120125
    23    1 H        0.143786
    24    1 H        0.139903
    25    1 H        0.136446
    26    6 C        0.038991
    27    6 C       -0.038371
    28    6 C        0.029326
    29    6 C       -0.011633
    30    6 C        0.050484
    31    6 C       -0.032184
    32    6 C        0.320363
    33    8 O       -0.143827
    34    8 O       -0.070125
    35    1 H        0.057745
    36    1 H        0.055805
    37    1 H        0.027555
    38    1 H        0.053767
    39    1 H        0.062174
    40    1 H        0.199858
    41    6 C        0.158502
    42    8 O        0.222281
---------------------------------------------------------

Atomic dipole moments (in atomic units):
---------------------------------------------------------
     #    Z                 x            y            z
---------------------------------------------------------
     1  103 Lr      -0.096819    -0.270167    -0.539128
     2    7 N        0.138426    -0.250824     0.004162
     3    6 C        0.095271     0.172882     0.061280
     4    6 C        0.013600     0.041513     0.009570
     5    6 C       -0.012556     0.031658     0.002221
     6    6 C       -0.036321     0.068197     0.001469
     7    6 C       -0.154151     0.131672    -0.024312
     8    6 C       -0.162615     0.103640    -0.035891
     9    6 C       -0.073287     0.015089    -0.018265
    10    6 C       -0.032511    -0.000621    -0.005683
    11    6 C       -0.031166    -0.024784    -0.010694
    12    6 C       -0.126329    -0.151189    -0.039748
    13    7 N        0.265439    -0.068451     0.067378
    14    1 H       -0.108287     0.020839    -0.032578
    15    1 H       -0.086765    -0.097302    -0.042115
    16    1 H        0.048234    -0.127782    -0.005176
    17    1 H        0.127964    -0.027622     0.031738
    18    1 H        0.060331    -0.119967     0.008299
    19    1 H        0.131512    -0.010126     0.034209
    20    1 H        0.067093     0.117336     0.023547
    21    1 H       -0.050104     0.106629    -0.008845
    22    7 N       -0.250534    -0.127686     0.190948
    23    1 H       -0.064075     0.086156     0.032613
    24    1 H        0.044170    -0.053099     0.086957
    25    1 H       -0.059024    -0.069058    -0.057960
    26    6 C        0.015315    -0.014574     0.028536
    27    6 C        0.002049     0.005407     0.025312
    28    6 C        0.006303     0.014731     0.072404
    29    6 C        0.024248    -0.021629     0.049130
    30    6 C        0.047745    -0.063830     0.034209
    31    6 C        0.012521    -0.016944     0.007759
    32    6 C        0.019780     0.021753     0.132522
    33    8 O       -0.039711     0.067802    -0.013856
    34    8 O       -0.030797     0.018536    -0.087095
    35    1 H       -0.046573     0.032303    -0.123605
    36    1 H        0.028176    -0.079780    -0.105919
    37    1 H        0.073551    -0.111097     0.014541
    38    1 H       -0.040576     0.092582     0.095401
    39    1 H       -0.075862     0.112870    -0.019306
    40    1 H       -0.056332     0.098664    -0.035659
    41    6 C        0.009528     0.077463     0.072751
    42    8 O       -0.001176     0.048888     0.050864
---------------------------------------------------------
           total     0.695718     0.657575    -0.932281
---------------------------------------------------------

[Info] JSON dump of results written to 'tblite.json'
