[Info] Molecular charge read from '.CHRG'

Charge model parameter:
------------------------------------------------------
   Z          chi/Eh     kcn/Eh     eta/Eh     rad/AA
------------------------------------------------------
  98 Cf       1.0089     0.0039     0.6196     0.6803
   8 O        1.5687     0.1169     0.6793     0.6518
  53 I        1.4034     0.0897     0.3054     2.0116
  52 Te       1.3651     0.0895     0.4850     1.0871
------------------------------------------------------

Electrostatic properties (in atomic units):
--------------------------------------------------
     #    Z              CN          q        chi
--------------------------------------------------
     1   98 Cf       2.9180     0.6495     1.0023
     2    8 O        0.9993    -0.7681     1.4518
     3   53 I        0.9419    -1.2657     1.3164
     4   52 Te       0.9812    -0.6157     1.2764
--------------------------------------------------
     Σ                         -2.0000
--------------------------------------------------

Electrostatic energy:   -1.4580896745437E+00 Eh

[Info] JSON dump of results written to 'multicharge.json'
