[Info] Molecular spin read from './.UHF'
xTB calculator
 | Coulomb electrostatics
 |  * isotropic Klopman-Ohno electrostatics
 |  * onsite third-order electrostatics
CEH guess
integral cutoff           3.7432403240289E+01 bohr

Atomic charges (in atomic units):
---------------------------------------------------------
     #    Z                 q
---------------------------------------------------------
     1   93 Np       0.381626
     2   35 Br      -0.071965
     3   35 Br      -0.071219
     4   35 Br      -0.097121
     5   35 Br      -0.068241
     6   35 Br      -0.073080
---------------------------------------------------------

Atomic dipole moments (in atomic units):
---------------------------------------------------------
     #    Z                 x            y            z
---------------------------------------------------------
     1   93 Np       0.280645     0.482047    -0.003860
     2   35 Br       0.020170     0.033954     0.097043
     3   35 Br       0.019555     0.032905    -0.097287
     4   35 Br      -0.048825    -0.082594     0.000583
     5   35 Br       0.103554    -0.016592    -0.000242
     6   35 Br      -0.065227     0.082632    -0.000234
---------------------------------------------------------
           total     0.465224     0.746728    -0.009986
---------------------------------------------------------

[Info] JSON dump of results written to 'tblite.json'
