[Info] Molecular charge read from './.CHRG'
[Info] Molecular spin read from './.UHF'
xTB calculator
 | Coulomb electrostatics
 |  * isotropic Klopman-Ohno electrostatics
 |  * onsite third-order electrostatics
CEH guess
integral cutoff           3.7432403240289E+01 bohr

Atomic charges (in atomic units):
---------------------------------------------------------
     #    Z                 q
---------------------------------------------------------
     1   93 Np       0.824426
     2    6 C       -0.063264
     3    6 C        0.241477
     4    8 O       -0.150157
     5    8 O       -0.301494
     6    7 N       -0.066502
     7    1 H        0.048392
     8    1 H        0.083490
     9    1 H        0.112776
    10    1 H        0.117960
    11    6 C       -0.002095
    12    6 C       -0.036772
    13    6 C        0.008520
    14    6 C       -0.002010
    15    6 C        0.006152
    16    6 C       -0.038100
    17    6 C        0.234594
    18    8 O       -0.214669
    19    8 O       -0.204580
    20    1 H        0.043251
    21    1 H        0.039735
    22    1 H        0.033773
    23    1 H        0.031336
    24    1 H        0.038581
    25    7 N       -0.061194
    26    1 H        0.119353
    27    1 H        0.116569
    28    1 H        0.118514
    29    6 C       -0.004022
    30    6 C       -0.036871
    31    6 C        0.007018
    32    6 C       -0.002092
    33    6 C        0.003938
    34    6 C       -0.038509
    35    6 C        0.225933
    36    8 O       -0.206896
    37    8 O       -0.213284
    38    1 H        0.043187
    39    1 H        0.039734
    40    1 H        0.034119
    41    1 H        0.031329
    42    1 H        0.038357
---------------------------------------------------------

Atomic dipole moments (in atomic units):
---------------------------------------------------------
     #    Z                 x            y            z
---------------------------------------------------------
     1   93 Np       0.186629     0.455013    -0.072510
     2    6 C       -0.062646     0.173718    -0.103692
     3    6 C       -0.108486     0.147371    -0.040987
     4    8 O        0.000699     0.054017    -0.004982
     5    8 O        0.076676    -0.022785     0.017460
     6    7 N        0.257903    -0.094353     0.008891
     7    1 H        0.098493    -0.052972    -0.055011
     8    1 H        0.001406     0.034305     0.127120
     9    1 H        0.017637    -0.019199    -0.115265
    10    1 H        0.046923     0.084083     0.062159
    11    6 C        0.001458    -0.008550    -0.019577
    12    6 C       -0.014949    -0.007498    -0.003439
    13    6 C       -0.021116    -0.021217    -0.030763
    14    6 C        0.001263    -0.010208    -0.031456
    15    6 C        0.025771    -0.004795    -0.033080
    16    6 C        0.015310     0.003126    -0.005165
    17    6 C        0.000800    -0.034553    -0.070601
    18    8 O       -0.086424    -0.016621     0.042080
    19    8 O        0.080580     0.039055     0.033381
    20    1 H       -0.014472     0.052534     0.123664
    21    1 H        0.101579     0.065590     0.056359
    22    1 H        0.117810     0.013069    -0.067894
    23    1 H       -0.102106    -0.068132    -0.059683
    24    1 H       -0.115508    -0.014497     0.064647
    25    7 N       -0.106810     0.251384    -0.064883
    26    1 H       -0.048045     0.045201     0.114544
    27    1 H       -0.093092    -0.031669    -0.087992
    28    1 H        0.102488     0.065124    -0.048673
    29    6 C        0.001338     0.000647     0.021345
    30    6 C       -0.014780    -0.006118     0.006099
    31    6 C       -0.021291    -0.007435     0.036544
    32    6 C        0.001479     0.003834     0.032244
    33    6 C        0.025126     0.010973     0.031597
    34    6 C        0.015297     0.005897     0.003177
    35    6 C       -0.001528    -0.004118     0.077705
    36    8 O        0.080109     0.026101    -0.047511
    37    8 O       -0.086640    -0.036242    -0.032074
    38    1 H       -0.014421    -0.005352    -0.134260
    39    1 H        0.099744     0.040257    -0.078968
    40    1 H        0.115824     0.045970     0.055759
    41    1 H       -0.099999    -0.041468     0.083077
    42    1 H       -0.113486    -0.045949    -0.052088
---------------------------------------------------------
           total     0.163139     3.501638    -1.069174
---------------------------------------------------------

[Info] JSON dump of results written to 'tblite.json'
