[Info] Molecular charge read from './.CHRG'
xTB calculator
 | Coulomb electrostatics
 |  * isotropic Klopman-Ohno electrostatics
 |  * onsite third-order electrostatics
CEH guess
integral cutoff           4.0000000000000E+01 bohr

Atomic charges (in atomic units):
---------------------------------------------------------
     #    Z                 q
---------------------------------------------------------
     1  102 No       0.452520
     2   35 Br      -0.355343
     3    6 C        0.104355
     4    8 O        0.158852
     5    6 C        0.026374
     6    6 C        0.047499
     7    7 N       -0.046200
     8    6 C        0.043175
     9    6 C        0.029769
    10    7 N       -0.107325
    11    1 H        0.054441
    12    1 H        0.060898
    13    1 H        0.057452
    14    1 H        0.057318
    15    6 C        0.055590
    16    8 O       -0.230461
    17   15 P        0.503703
    18    8 O       -0.218313
    19    6 C        0.052557
    20    8 O       -0.219307
    21    6 C        0.064970
    22    1 H        0.036770
    23    1 H        0.039508
    24    1 H        0.048607
    25    1 H        0.037824
    26    1 H        0.053906
    27    1 H        0.047897
    28    1 H        0.053056
    29    1 H        0.051239
    30    1 H        0.038667
---------------------------------------------------------

Atomic dipole moments (in atomic units):
---------------------------------------------------------
     #    Z                 x            y            z
---------------------------------------------------------
     1  102 No       0.034804    -0.414144    -0.529236
     2   35 Br      -0.030733     0.006242    -0.123560
     3    6 C        0.050882     0.123213     0.060659
     4    8 O        0.018708     0.053513     0.024057
     5    6 C       -0.055008    -0.061484    -0.139385
     6    6 C       -0.155617     0.040623    -0.077408
     7    7 N        0.200681    -0.198127    -0.130270
     8    6 C        0.035531     0.086036     0.153914
     9    6 C        0.135957    -0.016683     0.090136
    10    7 N       -0.209365     0.211640     0.134737
    11    1 H        0.108646    -0.024963     0.056189
    12    1 H        0.026160     0.050760     0.106572
    13    1 H       -0.106261     0.018145    -0.053836
    14    1 H       -0.027866    -0.056401    -0.108377
    15    6 C        0.150682     0.154595     0.202093
    16    8 O       -0.060075    -0.028829    -0.016313
    17   15 P       -0.048122    -0.044413    -0.023320
    18    8 O       -0.060817     0.004286    -0.053578
    19    6 C        0.141783    -0.209969     0.140525
    20    8 O       -0.037336    -0.067668    -0.006217
    21    6 C        0.003213     0.257309    -0.134550
    22    1 H        0.060217    -0.125921    -0.014539
    23    1 H       -0.000195     0.070767    -0.121668
    24    1 H       -0.130269    -0.013281     0.049443
    25    1 H        0.021656    -0.024045    -0.134084
    26    1 H        0.051817     0.124292     0.040120
    27    1 H       -0.133423    -0.007224     0.035681
    28    1 H       -0.129924    -0.025408     0.044098
    29    1 H        0.086797     0.012775     0.109315
    30    1 H        0.044452    -0.090934    -0.094543
---------------------------------------------------------
           total    -2.479743     1.530333    -1.509186
---------------------------------------------------------

[Info] JSON dump of results written to 'tblite.json'
