[Info] Molecular spin read from './.UHF'
xTB calculator
 | Coulomb electrostatics
 |  * isotropic Klopman-Ohno electrostatics
 |  * onsite third-order electrostatics
CEH guess
integral cutoff           4.0000000000000E+01 bohr

Atomic charges (in atomic units):
---------------------------------------------------------
     #    Z                 q
---------------------------------------------------------
     1   94 Pu       0.288403
     2   53 I       -0.072654
     3   53 I       -0.071143
     4   53 I       -0.072179
     5   53 I       -0.072426
---------------------------------------------------------

Atomic dipole moments (in atomic units):
---------------------------------------------------------
     #    Z                 x            y            z
---------------------------------------------------------
     1   94 Pu       0.002430     0.015809    -0.002709
     2   53 I        0.138090     0.118076    -0.008198
     3   53 I        0.063735    -0.165511     0.046459
     4   53 I       -0.081503    -0.009949    -0.163046
     5   53 I       -0.120685     0.055710     0.125121
---------------------------------------------------------
           total     0.003933     0.012314    -0.002727
---------------------------------------------------------

[Info] JSON dump of results written to 'tblite.json'
