[Info] Molecular charge read from './.CHRG'
[Info] Molecular spin read from './.UHF'
xTB calculator
 | Coulomb electrostatics
 |  * isotropic Klopman-Ohno electrostatics
 |  * onsite third-order electrostatics
CEH guess
integral cutoff           4.0000000000000E+01 bohr

Atomic charges (in atomic units):
---------------------------------------------------------
     #    Z                 q
---------------------------------------------------------
     1   95 Am       0.434827
     2    7 N       -0.099939
     3    1 H        0.111917
     4    1 H        0.118275
     5    1 H        0.112550
     6    7 N       -0.097538
     7    1 H        0.113412
     8    1 H        0.117432
     9    1 H        0.119816
    10   16 S       -0.021622
    11    6 C        0.067871
    12    7 N       -0.294034
    13    7 N        0.019201
    14    8 O       -0.128318
    15    8 O       -0.084199
    16    6 C        0.038784
    17    6 C        0.021810
    18    7 N        0.009980
    19    6 C        0.025487
    20    6 C        0.041991
    21    7 N       -0.100939
    22    1 H        0.067102
    23    1 H        0.052683
    24    1 H        0.051250
    25    1 H        0.068295
    26    6 C       -0.071610
    27    6 C        0.048940
    28    8 O       -0.158196
    29    1 H        0.073659
    30    1 H        0.026829
    31    1 H        0.025079
    32    1 H        0.049810
    33    1 H        0.058922
    34    1 H        0.180474
---------------------------------------------------------

Atomic dipole moments (in atomic units):
---------------------------------------------------------
     #    Z                 x            y            z
---------------------------------------------------------
     1   95 Am      -0.031417    -0.375777    -0.160582
     2    7 N        0.290879     0.012230     0.107722
     3    1 H        0.010022    -0.104076     0.055647
     4    1 H        0.008813     0.098369     0.075573
     5    1 H        0.063429     0.006047    -0.100110
     6    7 N        0.073308     0.207786    -0.216301
     7    1 H        0.044013     0.091458     0.061974
     8    1 H       -0.106127     0.030340    -0.049440
     9    1 H        0.077089    -0.061265    -0.071829
    10   16 S       -0.107156     0.130222     0.100613
    11    6 C        0.087665    -0.103066    -0.083809
    12    7 N       -0.038208     0.048106     0.035217
    13    7 N       -0.209394     0.299710     0.177654
    14    8 O        0.013632    -0.172922     0.078932
    15    8 O        0.091167     0.023177    -0.166925
    16    6 C        0.060431    -0.140182     0.010827
    17    6 C        0.080372    -0.109694    -0.133264
    18    7 N       -0.033127    -0.095311     0.236994
    19    6 C       -0.065277     0.176967    -0.041097
    20    6 C       -0.067735     0.103587     0.092798
    21    7 N        0.026446     0.107286    -0.279167
    22    1 H       -0.055848     0.070399     0.094206
    23    1 H       -0.045623     0.121728    -0.033326
    24    1 H        0.053473    -0.073017    -0.090882
    25    1 H        0.042620    -0.119262     0.031818
    26    6 C        0.041816    -0.000437    -0.091378
    27    6 C        0.237583     0.122680    -0.000898
    28    8 O       -0.054956    -0.085749    -0.055601
    29    1 H       -0.129941    -0.052739     0.026563
    30    1 H       -0.008792     0.143016     0.026717
    31    1 H        0.091961    -0.080643     0.079177
    32    1 H       -0.093749     0.060786    -0.069181
    33    1 H        0.011343    -0.128016    -0.022980
    34    1 H        0.038092    -0.052255    -0.111319
---------------------------------------------------------
           total     1.141782     0.314388    -0.377964
---------------------------------------------------------

[Info] JSON dump of results written to 'tblite.json'
