xTB calculator
 | Coulomb electrostatics
 |  * isotropic Klopman-Ohno electrostatics
 |  * onsite third-order electrostatics
CEH guess
integral cutoff           4.0000000000000E+01 bohr

Atomic charges (in atomic units):
---------------------------------------------------------
     #    Z                 q
---------------------------------------------------------
     1  103 Lr       0.303535
     2    9 F       -0.303535
---------------------------------------------------------

Atomic dipole moments (in atomic units):
---------------------------------------------------------
     #    Z                 x            y            z
---------------------------------------------------------
     1  103 Lr       0.258379     0.447525    -0.261189
     2    9 F        0.023692     0.041035    -0.023949
---------------------------------------------------------
           total    -0.221731    -0.384049     0.224142
---------------------------------------------------------

[Info] JSON dump of results written to 'tblite.json'
