[Info] Molecular charge read from '.CHRG'

Charge model parameter:
------------------------------------------------------
   Z          chi/Eh     kcn/Eh     eta/Eh     rad/AA
------------------------------------------------------
  92 U        1.0982     0.0042     0.6173     0.6828
   8 O        1.5687     0.1169     0.6793     0.6518
   1 H        1.2370     0.0492     1.0964     0.2919
   7 N        1.5582     0.0928     0.6565     0.6998
  16 S        1.4077     0.0713     0.5171     1.1581
   6 C        1.4003     0.0601     0.6166     0.9994
------------------------------------------------------

Electrostatic properties (in atomic units):
--------------------------------------------------
     #    Z              CN          q        chi
--------------------------------------------------
     1   92 U        5.3732     0.8022     1.0885
     2    8 O        2.9435    -0.4845     1.3681
     3    1 H        0.9972     0.3291     1.1879
     4    1 H        0.9973     0.3296     1.1879
     5    7 N        3.9266    -0.6959     1.3743
     6    1 H        1.0004     0.3270     1.1878
     7    1 H        1.0013     0.3287     1.1878
     8    1 H        0.9998     0.3225     1.1878
     9   16 S        1.0148     0.1831     1.3359
    10    6 C        2.1217     0.2340     1.3128
    11    7 N        2.0120    -0.3698     1.4266
    12   16 S        1.0148     0.1802     1.3359
    13    6 C        2.1231     0.2322     1.3128
    14    7 N        2.0120    -0.3699     1.4266
    15    6 C        3.0654     0.1381     1.2951
    16    6 C        3.1668     0.0932     1.2934
    17    7 N        2.9834    -0.3216     1.3979
    18    6 C        3.2099     0.0928     1.2927
    19    6 C        3.0652     0.1377     1.2951
    20    7 N        2.0164    -0.2549     1.4264
    21    1 H        0.9925     0.2087     1.1880
    22    1 H        0.9927     0.1758     1.1880
    23    1 H        0.9928     0.1731     1.1880
    24    1 H        0.9925     0.2086     1.1880
--------------------------------------------------
     Σ                          2.0000
--------------------------------------------------

Electrostatic energy:    9.6760326273725E-01 Eh

[Info] JSON dump of results written to 'multicharge.json'
