Charge model parameter:
------------------------------------------------------
   Z          chi/Eh     kcn/Eh     eta/Eh     rad/AA
------------------------------------------------------
  90 Th       1.0989     0.0159     0.6181     0.6812
   3 Li       0.5434    -0.1235     0.9742     0.4791
   1 H        1.2370     0.0492     1.0964     0.2919
------------------------------------------------------

Electrostatic properties (in atomic units):
--------------------------------------------------
     #    Z              CN          q        chi
--------------------------------------------------
     1   90 Th       2.6520    -0.3412     1.0730
     2    3 Li       0.8383     0.2976     0.6565
     3    3 Li       0.8382     0.2976     0.6565
     4    1 H        0.9784    -0.2540     1.1883
--------------------------------------------------
     Σ                         -0.0000
--------------------------------------------------

Electrostatic energy:   -1.3861527459986E-01 Eh

[Info] JSON dump of results written to 'multicharge.json'
