Charge model parameter:
------------------------------------------------------
   Z          chi/Eh     kcn/Eh     eta/Eh     rad/AA
------------------------------------------------------
  95 Am       1.0010     0.0051     0.6915     0.6095
   9 F        1.5754     0.1570     0.7723     0.9393
   6 C        1.4003     0.0601     0.6166     0.9994
   7 N        1.5582     0.0928     0.6565     0.6998
   1 H        1.2370     0.0492     1.0964     0.2919
  16 S        1.4077     0.0713     0.5171     1.1581
   8 O        1.5687     0.1169     0.6793     0.6518
------------------------------------------------------

Electrostatic properties (in atomic units):
--------------------------------------------------
     #    Z              CN          q        chi
--------------------------------------------------
     1   95 Am       6.9877     0.7821     0.9876
     2    9 F        0.9976    -0.3184     1.4185
     3    6 C        3.0222    -0.0857     1.2959
     4    6 C        3.0107    -0.0862     1.2961
     5    6 C        3.1588     0.0379     1.2936
     6    7 N        2.9408    -0.3389     1.3991
     7    6 C        3.1002     0.0416     1.2945
     8    6 C        3.0109    -0.0849     1.2961
     9    1 H        0.9928     0.1188     1.1880
    10    1 H        0.9930     0.1175     1.1880
    11    1 H        0.9927     0.1378     1.1880
    12    1 H        0.9925     0.1521     1.1880
    13    1 H        0.9930     0.1185     1.1880
    14   16 S        1.8961    -0.1069     1.3095
    15    6 C        2.8947     0.1268     1.2981
    16    7 N        1.8263    -0.3982     1.4328
    17    6 C        3.0143    -0.0901     1.2960
    18    6 C        3.0125    -0.0927     1.2961
    19    6 C        3.0164    -0.0754     1.2960
    20    6 C        3.0195     0.0135     1.2959
    21    6 C        3.0164    -0.0739     1.2960
    22    6 C        3.0126    -0.0919     1.2961
    23    6 C        3.8170     0.2582     1.2830
    24    8 O        1.9552    -0.3444     1.4052
    25    8 O        1.9640    -0.3609     1.4048
    26    1 H        0.9928     0.1195     1.1880
    27    1 H        0.9929     0.1204     1.1880
    28    1 H        0.9929     0.1404     1.1880
    29    1 H        0.9929     0.1420     1.1880
    30    1 H        0.9929     0.1214     1.1880
--------------------------------------------------
     Σ                         -0.0000
--------------------------------------------------

Electrostatic energy:   -2.9520893205666E-01 Eh

[Info] JSON dump of results written to 'multicharge.json'
