[Info] Molecular spin read from './.UHF'
xTB calculator
 | Coulomb electrostatics
 |  * isotropic Klopman-Ohno electrostatics
 |  * onsite third-order electrostatics
CEH guess
integral cutoff           2.2843592577975E+01 bohr

Atomic charges (in atomic units):
---------------------------------------------------------
     #    Z                 q
---------------------------------------------------------
     1   91 Pa       1.090262
     2    8 O       -0.545132
     3    8 O       -0.545130
---------------------------------------------------------

Atomic dipole moments (in atomic units):
---------------------------------------------------------
     #    Z                 x            y            z
---------------------------------------------------------
     1   91 Pa      -0.000118    -0.000807     0.000819
     2    8 O        0.075761    -0.043239    -0.031400
     3    8 O       -0.075757     0.043268     0.031371
---------------------------------------------------------
           total    -0.000221    -0.001433     0.001465
---------------------------------------------------------

[Info] JSON dump of results written to 'tblite.json'
