Charge model parameter:
------------------------------------------------------
   Z          chi/Eh     kcn/Eh     eta/Eh     rad/AA
------------------------------------------------------
 103 Lr       1.1371     0.0068     0.5937     0.7095
   6 C        1.4003     0.0601     0.6166     0.9994
   8 O        1.5687     0.1169     0.6793     0.6518
   7 N        1.5582     0.0928     0.6565     0.6998
   1 H        1.2370     0.0492     1.0964     0.2919
  17 Cl       1.4815     0.1368     0.7586     0.7238
  15 P        1.5267     0.1425     0.7308     0.7313
------------------------------------------------------

Electrostatic properties (in atomic units):
--------------------------------------------------
     #    Z              CN          q        chi
--------------------------------------------------
     1  103 Lr       7.2813     0.6475     1.1189
     2    6 C        4.0269    -0.0105     1.2798
     3    6 C        3.2247     0.2815     1.2924
     4    8 O        1.0006    -0.4399     1.4517
     5    8 O        1.9742    -0.3508     1.4044
     6    7 N        3.8444    -0.5798     1.3762
     7    1 H        0.9910     0.0948     1.1880
     8    1 H        0.9919     0.1065     1.1880
     9    1 H        1.0036     0.2304     1.1877
    10    1 H        0.9964     0.2151     1.1879
    11    7 N        3.7843    -0.7767     1.3777
    12    1 H        0.9962     0.2339     1.1879
    13    1 H        1.0098     0.2427     1.1875
    14    1 H        0.9966     0.2492     1.1879
    15   17 Cl       0.9702    -0.2084     1.3468
    16    6 C        3.9562    -0.2561     1.2808
    17   15 P        3.9282     0.0665     1.2443
    18    6 C        3.9571    -0.2358     1.2808
    19    6 C        3.9555    -0.2481     1.2808
    20    1 H        0.9921     0.0905     1.1880
    21    1 H        0.9931     0.0948     1.1880
    22    1 H        0.9934     0.0920     1.1880
    23    1 H        0.9921     0.0915     1.1880
    24    1 H        0.9935     0.1069     1.1879
    25    1 H        0.9940     0.1259     1.1879
    26    1 H        0.9920     0.0924     1.1880
    27    1 H        0.9934     0.1133     1.1880
    28    1 H        0.9924     0.0893     1.1880
    29    6 C        4.0377    -0.1039     1.2796
    30    8 O        1.9856    -0.4204     1.4039
    31    1 H        0.9893     0.0876     1.1881
    32    1 H        0.9898     0.0925     1.1880
    33    1 H        0.9895     0.0886     1.1880
    34    6 C        4.0797    -0.0631     1.2790
    35    6 C        3.9851    -0.1578     1.2804
    36    6 C        3.9896    -0.1556     1.2803
    37    6 C        4.0592    -0.0698     1.2793
    38    8 O        2.8590    -0.2692     1.3710
    39    1 H        0.9916     0.1086     1.1880
    40    1 H        0.9919     0.0989     1.1880
    41    1 H        0.9913     0.0950     1.1880
    42    1 H        0.9919     0.0853     1.1880
    43    1 H        0.9919     0.0851     1.1880
    44    1 H        0.9916     0.1030     1.1880
    45    1 H        0.9907     0.0925     1.1880
    46    1 H        0.9916     0.0997     1.1880
    47    7 N        3.8526    -0.7387     1.3761
    48    1 H        1.0842     0.2772     1.1858
    49    1 H        0.9964     0.2447     1.1879
    50    1 H        0.9963     0.2613     1.1879
--------------------------------------------------
     Σ                          0.0000
--------------------------------------------------

Electrostatic energy:   -4.4664450871382E-01 Eh

[Info] JSON dump of results written to 'multicharge.json'
