[Info] Molecular charge read from './.CHRG'
xTB calculator
 | Coulomb electrostatics
 |  * isotropic Klopman-Ohno electrostatics
 |  * onsite third-order electrostatics
CEH guess
integral cutoff           2.3650283084401E+01 bohr

Atomic charges (in atomic units):
---------------------------------------------------------
     #    Z                 q
---------------------------------------------------------
     1   90 Th       0.981590
     2    6 C       -0.094324
     3    6 C        0.019202
     4    8 O       -0.305009
     5    1 H        0.072467
     6    1 H        0.036100
     7    1 H        0.036461
     8    1 H        0.058325
     9    1 H        0.059092
    10    6 C        0.012467
    11    6 C       -0.042530
    12    6 C        0.006930
    13    6 C       -0.006353
    14    6 C        0.038705
    15    6 C       -0.036039
    16    6 C        0.329628
    17    8 O       -0.203036
    18    8 O       -0.074045
    19    1 H        0.050013
    20    1 H        0.047186
    21    1 H        0.029197
    22    1 H        0.054204
    23    1 H        0.053934
    24    1 H        0.206265
    25    7 N       -0.132624
    26    1 H        0.130845
    27    1 H        0.142990
    28    1 H        0.153254
    29    7 N        0.118590
    30    8 O       -0.152492
    31    8 O       -0.163724
    32    8 O       -0.191926
    33    1 H        0.233909
    34    1 H        0.227476
    35    7 N       -0.130107
    36    1 H        0.145486
    37    1 H        0.147797
    38    1 H        0.140097
---------------------------------------------------------

Atomic dipole moments (in atomic units):
---------------------------------------------------------
     #    Z                 x            y            z
---------------------------------------------------------
     1   90 Th      -0.090415    -0.017362    -0.437743
     2    6 C        0.100094     0.049229    -0.012904
     3    6 C        0.102491    -0.113136    -0.166171
     4    8 O       -0.106747     0.039487     0.123751
     5    1 H       -0.085869     0.051099     0.096804
     6    1 H        0.035740    -0.135292     0.036557
     7    1 H       -0.060259     0.017584    -0.130214
     8    1 H        0.050962    -0.011540     0.115121
     9    1 H       -0.032594     0.119454    -0.026449
    10    6 C        0.004473    -0.004227     0.026850
    11    6 C        0.014621     0.012025     0.011859
    12    6 C        0.033164     0.025822     0.034158
    13    6 C        0.016437    -0.000856     0.057381
    14    6 C       -0.017291    -0.037914     0.056212
    15    6 C       -0.007621    -0.011615     0.012721
    16    6 C        0.055117     0.044885     0.073254
    17    8 O        0.031101     0.075173    -0.065923
    18    8 O       -0.039284    -0.012850    -0.091730
    19    1 H       -0.045874    -0.006051    -0.126870
    20    1 H       -0.093893    -0.090163    -0.032244
    21    1 H       -0.049191    -0.084706     0.092304
    22    1 H        0.098735     0.095591     0.015078
    23    1 H        0.049105     0.084698    -0.094895
    24    1 H        0.010945     0.066792    -0.100070
    25    7 N        0.200438     0.225025     0.004414
    26    1 H       -0.012703     0.072922    -0.096198
    27    1 H        0.116546    -0.052260    -0.002330
    28    1 H       -0.019370     0.069808     0.110837
    29    7 N       -0.254330     0.252763     0.270316
    30    8 O        0.169267     0.082945    -0.044259
    31    8 O       -0.073709    -0.167712    -0.061158
    32    8 O       -0.063384    -0.072343     0.000278
    33    1 H       -0.129360    -0.010496     0.045278
    34    1 H        0.013217    -0.121866    -0.056141
    35    7 N        0.139318    -0.136010     0.228763
    36    1 H       -0.049292    -0.116212     0.018129
    37    1 H       -0.018145     0.069532     0.108518
    38    1 H        0.123533    -0.013543    -0.027164
---------------------------------------------------------
           total     0.797283     1.118623    -3.156559
---------------------------------------------------------

[Info] JSON dump of results written to 'tblite.json'
