[Info] Molecular charge read from './.CHRG'
[Info] Molecular spin read from './.UHF'
xTB calculator
 | Coulomb electrostatics
 |  * isotropic Klopman-Ohno electrostatics
 |  * onsite third-order electrostatics
CEH guess
integral cutoff           4.0000000000000E+01 bohr

Atomic charges (in atomic units):
---------------------------------------------------------
     #    Z                 q
---------------------------------------------------------
     1  100 Fm       0.658139
     2    7 N       -0.036816
     3    6 C        0.025548
     4    6 C       -0.009550
     5    6 C        0.036704
     6    6 C        0.013555
     7    6 C        0.077997
     8    6 C        0.078099
     9    6 C        0.015273
    10    6 C        0.035816
    11    6 C       -0.005106
    12    6 C        0.039561
    13    7 N       -0.015888
    14    1 H        0.050330
    15    1 H        0.059960
    16    1 H        0.062692
    17    1 H        0.062657
    18    1 H        0.061265
    19    1 H        0.063056
    20    1 H        0.061412
    21    1 H        0.060384
    22    6 C       -0.101084
    23    6 C        0.122879
    24    7 N       -0.045812
    25    1 H        0.075101
    26    1 H        0.083435
    27    1 H        0.085735
    28    9 F       -0.155630
    29   15 P        0.589055
    30    9 F       -0.147247
    31    9 F       -0.081019
    32    6 C        0.038977
    33    6 C        0.000903
    34    6 C        0.032909
    35    7 N       -0.004011
    36    6 C        0.031282
    37    6 C       -0.001515
    38    1 H        0.065341
    39    1 H        0.061897
    40    1 H        0.063995
    41    1 H        0.064728
    42    1 H        0.060879
    43   35 Br      -0.235886
---------------------------------------------------------

Atomic dipole moments (in atomic units):
---------------------------------------------------------
     #    Z                 x            y            z
---------------------------------------------------------
     1  100 Fm       0.579985     0.151177     0.054623
     2    7 N        0.091734    -0.012147     0.197455
     3    6 C        0.077174    -0.092823    -0.122916
     4    6 C        0.004645    -0.013284    -0.036591
     5    6 C       -0.011543     0.004717    -0.016988
     6    6 C       -0.026070    -0.000405    -0.063481
     7    6 C       -0.115668     0.054092    -0.111899
     8    6 C       -0.114604     0.057783    -0.108111
     9    6 C       -0.055483     0.041916    -0.013196
    10    6 C       -0.014139     0.011374    -0.007414
    11    6 C       -0.023422     0.025519     0.014918
    12    6 C       -0.066991     0.098600     0.130627
    13    7 N        0.157780    -0.104196     0.060839
    14    1 H       -0.103233     0.066194    -0.041455
    15    1 H       -0.070113     0.078100     0.088298
    16    1 H        0.044992     0.003357     0.129007
    17    1 H        0.109770    -0.072267     0.039417
    18    1 H        0.057834    -0.010746     0.124009
    19    1 H        0.106821    -0.082558     0.021957
    20    1 H        0.045284    -0.073463    -0.107158
    21    1 H       -0.060781     0.010362    -0.116272
    22    6 C        0.001795    -0.028758     0.000226
    23    6 C       -0.050720     0.212847    -0.004694
    24    7 N        0.023548    -0.074549     0.004843
    25    1 H       -0.150084    -0.002605     0.009974
    26    1 H        0.048872     0.051898    -0.132234
    27    1 H        0.066699     0.065406     0.117523
    28    9 F        0.017836     0.006757     0.015606
    29   15 P       -0.066739    -0.010963    -0.005701
    30    9 F        0.018952     0.009799    -0.015547
    31    9 F        0.000424     0.039589     0.004682
    32    6 C       -0.004252    -0.004557     0.017121
    33    6 C       -0.024518    -0.019812     0.021233
    34    6 C       -0.138729    -0.108035     0.036522
    35    7 N        0.053675     0.044656    -0.186635
    36    6 C        0.088276     0.060275     0.142233
    37    6 C        0.007561     0.005406     0.037427
    38    1 H        0.035425     0.034061    -0.128377
    39    1 H        0.107819     0.082900    -0.016940
    40    1 H        0.066856     0.045747     0.105409
    41    1 H       -0.101654    -0.082562     0.026201
    42    1 H       -0.074674    -0.051431    -0.102360
    43   35 Br       0.031612     0.021271    -0.010533
---------------------------------------------------------
           total     0.300389     1.122233     1.522203
---------------------------------------------------------

[Info] JSON dump of results written to 'tblite.json'
