[Info] Molecular spin read from './.UHF'
xTB calculator
 | Coulomb electrostatics
 |  * isotropic Klopman-Ohno electrostatics
 |  * onsite third-order electrostatics
CEH guess
integral cutoff           4.0000000000000E+01 bohr

Atomic charges (in atomic units):
---------------------------------------------------------
     #    Z                 q
---------------------------------------------------------
     1  100 Fm       0.601776
     2    6 C       -0.103583
     3    6 C        0.115385
     4    6 C       -0.202200
     5    6 C        0.108600
     6    8 O       -0.232831
     7    6 C       -0.096435
     8    8 O       -0.270897
     9    1 H        0.038974
    10    1 H        0.040754
    11    1 H        0.040970
    12    1 H        0.032117
    13    1 H        0.039910
    14    1 H        0.041003
    15    1 H        0.039894
    16    7 N        0.032785
    17    8 O       -0.125731
    18    8 O       -0.089054
    19    6 C       -0.238244
    20    7 N       -0.096208
    21    6 C       -0.021031
    22    8 O       -0.174887
    23    1 H        0.029338
    24    1 H        0.039836
    25    1 H        0.061430
    26    1 H        0.153521
    27    6 C        0.040656
    28    8 O       -0.202332
    29   15 P        0.462775
    30    8 O       -0.203794
    31    6 C        0.007724
    32    8 O       -0.223879
    33    6 C        0.040161
    34    1 H        0.042325
    35    1 H        0.030560
    36    1 H        0.033526
    37    1 H        0.045919
    38    1 H        0.031947
    39    1 H        0.029663
    40    1 H        0.036839
    41    1 H        0.030804
    42    1 H        0.031912
---------------------------------------------------------

Atomic dipole moments (in atomic units):
---------------------------------------------------------
     #    Z                 x            y            z
---------------------------------------------------------
     1  100 Fm      -0.127593    -0.260061    -0.725841
     2    6 C       -0.003187    -0.030033     0.060251
     3    6 C        0.018145     0.101570     0.050208
     4    6 C        0.001419     0.014629     0.024320
     5    6 C        0.001964     0.004314     0.113132
     6    8 O       -0.007189    -0.022381    -0.081849
     7    6 C        0.011120     0.068780    -0.005113
     8    8 O       -0.009242    -0.064909    -0.046963
     9    1 H       -0.024533    -0.106856    -0.095255
    10    1 H        0.133258     0.054502    -0.000571
    11    1 H       -0.097473     0.106585     0.002782
    12    1 H       -0.011049    -0.071947    -0.110354
    13    1 H       -0.011532    -0.045204    -0.138238
    14    1 H       -0.118428    -0.013549     0.081071
    15    1 H        0.115317    -0.047551     0.072326
    16    7 N       -0.324580    -0.062866    -0.060629
    17    8 O        0.081967    -0.111542     0.132484
    18    8 O        0.056668     0.143530    -0.108648
    19    6 C       -0.007800     0.006664     0.015940
    20    7 N        0.058806    -0.083031    -0.090075
    21    6 C        0.142141     0.062164     0.207310
    22    8 O       -0.085109     0.079180    -0.051024
    23    1 H        0.022910     0.104471    -0.088198
    24    1 H       -0.132056    -0.009239     0.043675
    25    1 H        0.044967    -0.131525    -0.063922
    26    1 H       -0.028644     0.108926     0.056344
    27    6 C       -0.093097    -0.252126    -0.089449
    28    8 O       -0.015896     0.084848    -0.002416
    29   15 P       -0.043766     0.086291     0.069531
    30    8 O       -0.000496    -0.015221     0.104810
    31    6 C        0.009293     0.158505    -0.198677
    32    8 O       -0.053037     0.001185    -0.063711
    33    6 C        0.258121    -0.067774     0.094652
    34    1 H        0.098173    -0.015123     0.104444
    35    1 H       -0.118638     0.065899     0.044548
    36    1 H        0.058192     0.062111    -0.112951
    37    1 H       -0.038239    -0.128122    -0.040335
    38    1 H       -0.093462     0.062465     0.083919
    39    1 H        0.129361     0.007747     0.052707
    40    1 H       -0.034377     0.132245     0.039566
    41    1 H       -0.092645    -0.096899     0.046368
    42    1 H        0.011057    -0.005141    -0.137990
---------------------------------------------------------
           total    -1.026475    -1.136508     0.011329
---------------------------------------------------------

[Info] JSON dump of results written to 'tblite.json'
