[Info] Molecular spin read from './.UHF'
xTB calculator
 | Coulomb electrostatics
 |  * isotropic Klopman-Ohno electrostatics
 |  * onsite third-order electrostatics
CEH guess
integral cutoff           4.0000000000000E+01 bohr

Atomic charges (in atomic units):
---------------------------------------------------------
     #    Z                 q
---------------------------------------------------------
     1   98 Cf       0.512647
     2    1 H       -0.082996
     3    1 H       -0.083026
     4    1 H       -0.086651
     5    1 H       -0.086666
     6    1 H       -0.086654
     7    1 H       -0.086653
---------------------------------------------------------

Atomic dipole moments (in atomic units):
---------------------------------------------------------
     #    Z                 x            y            z
---------------------------------------------------------
     1   98 Cf       0.000060    -0.000109    -0.000301
     2    1 H        0.000001    -0.000001     0.091687
     3    1 H       -0.000001     0.000001    -0.091690
     4    1 H        0.000001    -0.090254    -0.000002
     5    1 H        0.000000     0.090254    -0.000003
     6    1 H       -0.090256     0.000000    -0.000003
     7    1 H        0.090256    -0.000001    -0.000002
---------------------------------------------------------
           total     0.000074    -0.000169    -0.000267
---------------------------------------------------------

[Info] JSON dump of results written to 'tblite.json'
