[Info] Molecular charge read from './.CHRG'
[Info] Molecular spin read from './.UHF'
xTB calculator
 | Coulomb electrostatics
 |  * isotropic Klopman-Ohno electrostatics
 |  * onsite third-order electrostatics
CEH guess
integral cutoff           4.0000000000000E+01 bohr

Atomic charges (in atomic units):
---------------------------------------------------------
     #    Z                 q
---------------------------------------------------------
     1   89 Ac      -0.194781
     2    7 N        0.560431
     3   33 As      -0.035697
     4   16 S       -0.504055
     5   11 Na       0.115090
     6   16 S       -0.587968
     7   17 Cl      -0.353019
---------------------------------------------------------

Atomic dipole moments (in atomic units):
---------------------------------------------------------
     #    Z                 x            y            z
---------------------------------------------------------
     1   89 Ac       0.981931    -1.105786     1.023417
     2    7 N       -0.098713     0.218569     0.088952
     3   33 As       0.009481    -0.000929    -0.091352
     4   16 S       -0.000048    -0.045051    -0.024216
     5   11 Na      -0.002469     0.803627    -0.016127
     6   16 S        0.016859     0.021487     0.020183
     7   17 Cl      -0.025753     0.000449     0.002208
---------------------------------------------------------
           total     1.736319     3.651297     3.479130
---------------------------------------------------------

[Info] JSON dump of results written to 'tblite.json'
