[Info] Molecular charge read from '.CHRG'

Charge model parameter:
------------------------------------------------------
   Z          chi/Eh     kcn/Eh     eta/Eh     rad/AA
------------------------------------------------------
  91 Pa       1.0721     0.0037     0.5511     0.7643
  38 Sr       0.5880    -0.0670     0.6512     0.8612
   5 B        1.2669    -0.0263     0.5452     1.5138
  19 K        0.4037    -0.1022     0.9145     0.8703
------------------------------------------------------

Electrostatic properties (in atomic units):
--------------------------------------------------
     #    Z              CN          q        chi
--------------------------------------------------
     1   91 Pa       2.8142    -0.4112     1.0659
     2   38 Sr       2.2323     0.3504     0.6881
     3    5 B        2.9256    -1.3124     1.3119
     4   19 K        2.0895     0.3731     0.5515
--------------------------------------------------
     Σ                         -1.0000
--------------------------------------------------

Electrostatic energy:   -8.5654447311056E-01 Eh

[Info] JSON dump of results written to 'multicharge.json'
