[Info] Molecular charge read from '.CHRG'

Charge model parameter:
------------------------------------------------------
   Z          chi/Eh     kcn/Eh     eta/Eh     rad/AA
------------------------------------------------------
  91 Pa       1.0721     0.0037     0.5511     0.7643
   1 H        1.2370     0.0492     1.0964     0.2919
   5 B        1.2669    -0.0263     0.5452     1.5138
  14 Si       1.1231    -0.0496     0.6494     0.8153
   9 F        1.5754     0.1570     0.7723     0.9393
   4 Be       0.9967    -0.0267     0.6200     0.8028
------------------------------------------------------

Electrostatic properties (in atomic units):
--------------------------------------------------
     #    Z              CN          q        chi
--------------------------------------------------
     1   91 Pa       4.7946     0.6453     1.0640
     2    1 H        0.9664     0.0800     1.1886
     3    5 B        2.9535    -0.3158     1.3121
     4   14 Si       1.9491     0.2401     1.1924
     5    9 F        0.9988    -0.2504     1.4184
     6    4 Be       1.8932     0.6009     1.0333
--------------------------------------------------
     Σ                          1.0000
--------------------------------------------------

Electrostatic energy:    4.5960558246786E-01 Eh

[Info] JSON dump of results written to 'multicharge.json'
