Charge model parameter:
------------------------------------------------------
   Z          chi/Eh     kcn/Eh     eta/Eh     rad/AA
------------------------------------------------------
  95 Am       1.0010     0.0051     0.6915     0.6095
   1 H        1.2370     0.0492     1.0964     0.2919
------------------------------------------------------

Electrostatic properties (in atomic units):
--------------------------------------------------
     #    Z              CN          q        chi
--------------------------------------------------
     1   95 Am       4.7626     0.3800     0.9899
     2    1 H        0.9548    -0.0761     1.1889
     3    1 H        0.9549    -0.0761     1.1889
     4    1 H        0.9800    -0.0755     1.1883
     5    1 H        0.9551    -0.0763     1.1889
     6    1 H        0.9548    -0.0759     1.1889
--------------------------------------------------
     Σ                         -0.0000
--------------------------------------------------

Electrostatic energy:   -3.7781169298351E-02 Eh

[Info] JSON dump of results written to 'multicharge.json'
