[Info] Molecular spin read from './.UHF'
xTB calculator
 | Coulomb electrostatics
 |  * isotropic Klopman-Ohno electrostatics
 |  * onsite third-order electrostatics
CEH guess
integral cutoff           2.6515720764954E+01 bohr

Atomic charges (in atomic units):
---------------------------------------------------------
     #    Z                 q
---------------------------------------------------------
     1   90 Th       0.826784
     2   35 Br      -0.200818
     3   35 Br      -0.101255
     4   35 Br      -0.221351
     5   35 Br      -0.102024
     6   35 Br      -0.201336
---------------------------------------------------------

Atomic dipole moments (in atomic units):
---------------------------------------------------------
     #    Z                 x            y            z
---------------------------------------------------------
     1   90 Th       0.008624    -0.062714    -0.034489
     2   35 Br      -0.001414    -0.000743    -0.015121
     3   35 Br      -0.063304     0.034001    -0.057569
     4   35 Br       0.006344     0.014682     0.002497
     5   35 Br       0.047985    -0.031437     0.071049
     6   35 Br       0.012127    -0.007729     0.000640
---------------------------------------------------------
           total     0.242823     0.045727    -0.184005
---------------------------------------------------------

[Info] JSON dump of results written to 'tblite.json'
