[Info] Molecular spin read from './.UHF'
xTB calculator
 | Coulomb electrostatics
 |  * isotropic Klopman-Ohno electrostatics
 |  * onsite third-order electrostatics
CEH guess
integral cutoff           4.0000000000000E+01 bohr

Atomic charges (in atomic units):
---------------------------------------------------------
     #    Z                 q
---------------------------------------------------------
     1   95 Am       1.361157
     2    8 O       -0.458176
     3    8 O       -0.447658
     4    8 O       -0.455322
---------------------------------------------------------

Atomic dipole moments (in atomic units):
---------------------------------------------------------
     #    Z                 x            y            z
---------------------------------------------------------
     1   95 Am      -0.249635    -0.344370     0.621127
     2    8 O       -0.027709    -0.021448    -0.011963
     3    8 O       -0.017725     0.022213     0.019133
     4    8 O        0.029591     0.000289     0.023657
---------------------------------------------------------
           total    -0.507642    -0.477360     1.180888
---------------------------------------------------------

[Info] JSON dump of results written to 'tblite.json'
