[Info] Molecular charge read from './.CHRG'
[Info] Molecular spin read from './.UHF'
xTB calculator
 | Coulomb electrostatics
 |  * isotropic Klopman-Ohno electrostatics
 |  * onsite third-order electrostatics
CEH guess
integral cutoff           4.0000000000000E+01 bohr

Atomic charges (in atomic units):
---------------------------------------------------------
     #    Z                 q
---------------------------------------------------------
     1   96 Cm       1.624238
     2    7 N       -0.054608
     3    6 C        0.059805
     4    6 C       -0.020827
     5    6 C        0.022290
     6    6 C       -0.003086
     7    6 C        0.087772
     8    6 C        0.089558
     9    6 C       -0.002537
    10    6 C        0.021653
    11    6 C       -0.021768
    12    6 C        0.059031
    13    7 N       -0.060233
    14    1 H        0.063469
    15    1 H        0.069164
    16    1 H        0.059203
    17    1 H        0.064382
    18    1 H        0.065160
    19    1 H        0.059254
    20    1 H        0.069104
    21    1 H        0.061777
    22    6 C        0.027512
    23    6 C       -0.008649
    24    6 C        0.059554
    25    7 N       -0.036005
    26    6 C        0.048431
    27    6 C       -0.016340
    28    1 H        0.058517
    29    1 H        0.068618
    30    1 H        0.068679
    31    1 H        0.054599
    32    1 H        0.062897
    33    6 C        0.052496
    34    8 O       -0.132425
    35    1 H        0.058713
    36    1 H        0.057451
    37    1 H        0.060886
    38    1 H        0.202265
---------------------------------------------------------

Atomic dipole moments (in atomic units):
---------------------------------------------------------
     #    Z                 x            y            z
---------------------------------------------------------
     1   96 Cm       0.119065     0.068234     0.037005
     2    7 N        0.193035    -0.132629     0.006511
     3    6 C       -0.084451     0.009074     0.189408
     4    6 C       -0.017509     0.004487     0.027961
     5    6 C       -0.022684     0.014697     0.001066
     6    6 C       -0.055433     0.034750     0.005951
     7    6 C       -0.129707     0.106036    -0.087335
     8    6 C       -0.139324     0.111674    -0.069053
     9    6 C       -0.024124     0.030797    -0.052806
    10    6 C       -0.012467     0.014017    -0.020852
    11    6 C        0.013018    -0.000520    -0.031021
    12    6 C        0.105136    -0.023631    -0.179575
    13    7 N        0.105293    -0.118115     0.172172
    14    1 H       -0.057937     0.062346    -0.102517
    15    1 H        0.052612    -0.003063    -0.129433
    16    1 H        0.115366    -0.070367    -0.019105
    17    1 H        0.062566    -0.065598     0.104309
    18    1 H        0.114591    -0.077473     0.000602
    19    1 H        0.044795    -0.060263     0.113952
    20    1 H       -0.074788     0.019267     0.116424
    21    1 H       -0.110985     0.073298     0.001836
    22    6 C        0.022922     0.010200     0.008440
    23    6 C        0.031895    -0.009207     0.009829
    24    6 C        0.179365    -0.086770     0.050280
    25    7 N       -0.171888    -0.130842    -0.062895
    26    6 C       -0.007088     0.202903     0.014620
    27    6 C        0.006722     0.030790     0.004357
    28    1 H       -0.105264    -0.076985    -0.039718
    29    1 H       -0.118877     0.063819    -0.032796
    30    1 H       -0.013720     0.134822     0.006121
    31    1 H        0.114936    -0.059063     0.032027
    32    1 H        0.018568    -0.136649    -0.005187
    33    6 C        0.186681    -0.208767     0.095113
    34    8 O        0.022283     0.096636     0.011006
    35    1 H        0.073470     0.077575    -0.097899
    36    1 H       -0.038301     0.074992     0.117947
    37    1 H       -0.122777    -0.062758    -0.065453
    38    1 H        0.099658     0.068582     0.049362
---------------------------------------------------------
           total    -0.003230     7.048074     5.885873
---------------------------------------------------------

[Info] JSON dump of results written to 'tblite.json'
