Charge model parameter:
------------------------------------------------------
   Z          chi/Eh     kcn/Eh     eta/Eh     rad/AA
------------------------------------------------------
  99 Es       1.0593     0.0030     0.5898     0.7145
   3 Li       0.5434    -0.1235     0.9742     0.4791
   1 H        1.2370     0.0492     1.0964     0.2919
------------------------------------------------------

Electrostatic properties (in atomic units):
--------------------------------------------------
     #    Z              CN          q        chi
--------------------------------------------------
     1   99 Es       3.8550    -0.2003     1.0535
     2    3 Li       2.4794     0.2687     0.7379
     3    3 Li       2.4965     0.2931     0.7385
     4    3 Li       3.2792     0.2175     0.7671
     5    1 H        2.4666    -0.3049     1.1597
     6    1 H        1.7682    -0.2740     1.1716
--------------------------------------------------
     Σ                          0.0000
--------------------------------------------------

Electrostatic energy:   -1.5206989679284E-01 Eh

[Info] JSON dump of results written to 'multicharge.json'
