[Info] Molecular spin read from './.UHF'
xTB calculator
 | Coulomb electrostatics
 |  * isotropic Klopman-Ohno electrostatics
 |  * onsite third-order electrostatics
CEH guess
integral cutoff           4.0000000000000E+01 bohr

Atomic charges (in atomic units):
---------------------------------------------------------
     #    Z                 q
---------------------------------------------------------
     1  102 No       1.015027
     2   16 S       -0.507623
     3   16 S       -0.507404
---------------------------------------------------------

Atomic dipole moments (in atomic units):
---------------------------------------------------------
     #    Z                 x            y            z
---------------------------------------------------------
     1  102 No      -0.534817    -1.498033     0.804068
     2   16 S       -0.050813    -0.018135     0.036465
     3   16 S        0.022616    -0.060751     0.005897
---------------------------------------------------------
           total    -1.762267    -4.932318     2.648242
---------------------------------------------------------

[Info] JSON dump of results written to 'tblite.json'
