[Info] Molecular spin read from './.UHF'
xTB calculator
 | Coulomb electrostatics
 |  * isotropic Klopman-Ohno electrostatics
 |  * onsite third-order electrostatics
CEH guess
integral cutoff           4.0000000000000E+01 bohr

Atomic charges (in atomic units):
---------------------------------------------------------
     #    Z                 q
---------------------------------------------------------
     1  103 Lr       0.338321
     2    8 O        0.048279
     3    8 O       -0.219222
     4    8 O        0.051489
     5    8 O       -0.218867
---------------------------------------------------------

Atomic dipole moments (in atomic units):
---------------------------------------------------------
     #    Z                 x            y            z
---------------------------------------------------------
     1  103 Lr      -0.100913    -0.184331     0.277088
     2    8 O        0.000358     0.005413    -0.014118
     3    8 O        0.010057    -0.022269     0.005522
     4    8 O        0.007509     0.010015    -0.010430
     5    8 O       -0.016098     0.009134     0.016929
---------------------------------------------------------
           total     0.192392     0.424826    -0.724866
---------------------------------------------------------

[Info] JSON dump of results written to 'tblite.json'
