[Info] Molecular charge read from './.CHRG'
[Info] Molecular spin read from './.UHF'
xTB calculator
 | Coulomb electrostatics
 |  * isotropic Klopman-Ohno electrostatics
 |  * onsite third-order electrostatics
CEH guess
integral cutoff           4.0000000000000E+01 bohr

Atomic charges (in atomic units):
---------------------------------------------------------
     #    Z                 q
---------------------------------------------------------
     1   95 Am      -0.982836
     2   17 Cl      -0.509689
     3   15 P       -1.507475
---------------------------------------------------------

Atomic dipole moments (in atomic units):
---------------------------------------------------------
     #    Z                 x            y            z
---------------------------------------------------------
     1   95 Am       0.225616    -0.927141     0.162064
     2   17 Cl       0.007440    -0.002019    -0.003836
     3   15 P       -0.087916     0.121074     0.014077
---------------------------------------------------------
           total     4.513136   -16.584672    -1.513060
---------------------------------------------------------

[Info] JSON dump of results written to 'tblite.json'
