Charge model parameter:
------------------------------------------------------
   Z          chi/Eh     kcn/Eh     eta/Eh     rad/AA
------------------------------------------------------
  91 Pa       1.0721     0.0037     0.5511     0.7643
   3 Li       0.5434    -0.1235     0.9742     0.4791
   1 H        1.2370     0.0492     1.0964     0.2919
------------------------------------------------------

Electrostatic properties (in atomic units):
--------------------------------------------------
     #    Z              CN          q        chi
--------------------------------------------------
     1   91 Pa       4.7552     0.1386     1.0640
     2    3 Li       1.8546     0.4525     0.7116
     3    1 H        0.9673    -0.1264     1.1886
     4    1 H        0.9673    -0.1263     1.1886
     5    1 H        1.8358    -0.1935     1.1703
     6    1 H        0.9726    -0.1449     1.1885
--------------------------------------------------
     Σ                          0.0000
--------------------------------------------------

Electrostatic energy:   -1.1477307029896E-01 Eh

[Info] JSON dump of results written to 'multicharge.json'
