[Info] Molecular spin read from './.UHF'
xTB calculator
 | Coulomb electrostatics
 |  * isotropic Klopman-Ohno electrostatics
 |  * onsite third-order electrostatics
CEH guess
integral cutoff           4.0000000000000E+01 bohr

Atomic charges (in atomic units):
---------------------------------------------------------
     #    Z                 q
---------------------------------------------------------
     1   94 Pu       0.561907
     2    3 Li       0.051470
     3    1 H       -0.306543
     4    1 H       -0.306834
---------------------------------------------------------

Atomic dipole moments (in atomic units):
---------------------------------------------------------
     #    Z                 x            y            z
---------------------------------------------------------
     1   94 Pu      -0.168657    -0.172284     1.558798
     2    3 Li      -0.181962    -0.281010    -0.442586
     3    1 H       -0.048288     0.125282    -0.023388
     4    1 H        0.133235    -0.007628    -0.026852
---------------------------------------------------------
           total    -1.146357    -1.571116     1.102603
---------------------------------------------------------

[Info] JSON dump of results written to 'tblite.json'
