Charge model parameter:
------------------------------------------------------
   Z          chi/Eh     kcn/Eh     eta/Eh     rad/AA
------------------------------------------------------
  95 Am       1.0010     0.0051     0.6915     0.6095
   7 N        1.5582     0.0928     0.6565     0.6998
   6 C        1.4003     0.0601     0.6166     0.9994
   1 H        1.2370     0.0492     1.0964     0.2919
   8 O        1.5687     0.1169     0.6793     0.6518
  16 S        1.4077     0.0713     0.5171     1.1581
  15 P        1.5267     0.1425     0.7308     0.7313
------------------------------------------------------

Electrostatic properties (in atomic units):
--------------------------------------------------
     #    Z              CN          q        chi
--------------------------------------------------
     1   95 Am       7.7164     0.8288     0.9869
     2    7 N        2.9185    -0.3215     1.3997
     3    6 C        3.1202     0.0445     1.2942
     4    6 C        3.0112    -0.0920     1.2961
     5    6 C        3.0214    -0.0957     1.2959
     6    6 C        3.0145    -0.0953     1.2960
     7    6 C        3.0999     0.1131     1.2946
     8    6 C        3.1009     0.1139     1.2945
     9    6 C        3.0151    -0.0954     1.2960
    10    6 C        3.0208    -0.0963     1.2959
    11    6 C        3.0116    -0.0934     1.2961
    12    6 C        3.1134     0.0349     1.2943
    13    7 N        2.9143    -0.3227     1.3998
    14    1 H        0.9928     0.1507     1.1880
    15    1 H        0.9931     0.1129     1.1880
    16    1 H        0.9929     0.1124     1.1880
    17    1 H        0.9932     0.1043     1.1880
    18    1 H        0.9932     0.1043     1.1880
    19    1 H        0.9929     0.1122     1.1880
    20    1 H        0.9931     0.1125     1.1880
    21    1 H        0.9926     0.1501     1.1880
    22    6 C        3.0138    -0.0978     1.2960
    23    6 C        3.0124    -0.1003     1.2961
    24    6 C        3.0162    -0.0817     1.2960
    25    6 C        3.0184     0.0094     1.2960
    26    6 C        3.0161    -0.0800     1.2960
    27    6 C        3.0124    -0.0995     1.2961
    28    6 C        3.7769     0.2586     1.2836
    29    8 O        1.9492    -0.3387     1.4055
    30    8 O        1.9362    -0.3484     1.4060
    31    1 H        0.9928     0.1122     1.1880
    32    1 H        0.9928     0.1132     1.1880
    33    1 H        0.9929     0.1341     1.1880
    34    1 H        0.9929     0.1370     1.1880
    35    1 H        0.9928     0.1140     1.1880
    36   16 S        1.8653    -0.1134     1.3103
    37    6 C        2.7909     0.1358     1.3000
    38    7 N        1.4801    -0.4253     1.4453
    39    6 C        3.9574    -0.2310     1.2808
    40   15 P        4.3059     0.2076     1.2310
    41    8 O        1.9752    -0.3589     1.4044
    42    6 C        3.9574    -0.2358     1.2808
    43    6 C        3.9573    -0.2335     1.2808
    44    1 H        0.9930     0.0967     1.1880
    45    1 H        0.9956     0.1361     1.1879
    46    1 H        0.9944     0.1150     1.1879
    47    1 H        0.9931     0.0963     1.1880
    48    1 H        0.9943     0.1146     1.1879
    49    1 H        0.9952     0.1217     1.1879
    50    1 H        0.9936     0.0980     1.1879
    51    1 H        0.9946     0.1261     1.1879
    52    1 H        0.9936     0.1244     1.1879
    53    6 C        1.0364    -0.0003     1.3391
    54    7 N        1.9708    -0.3886     1.4279
--------------------------------------------------
     Σ                         -0.0000
--------------------------------------------------

Electrostatic energy:   -4.2024426211378E-01 Eh

[Info] JSON dump of results written to 'multicharge.json'
