Charge model parameter:
------------------------------------------------------
   Z          chi/Eh     kcn/Eh     eta/Eh     rad/AA
------------------------------------------------------
  90 Th       1.0989     0.0159     0.6181     0.6812
  17 Cl       1.4815     0.1368     0.7586     0.7238
------------------------------------------------------

Electrostatic properties (in atomic units):
--------------------------------------------------
     #    Z              CN          q        chi
--------------------------------------------------
     1   90 Th       3.9696     0.5697     1.0672
     2   17 Cl       0.9962    -0.1424     1.3450
     3   17 Cl       0.9962    -0.1424     1.3450
     4   17 Cl       0.9962    -0.1424     1.3450
     5   17 Cl       0.9962    -0.1424     1.3450
--------------------------------------------------
     Σ                         -0.0000
--------------------------------------------------

Electrostatic energy:   -7.9121639702852E-02 Eh

[Info] JSON dump of results written to 'multicharge.json'
