[Info] Molecular charge read from '.CHRG'

Charge model parameter:
------------------------------------------------------
   Z          chi/Eh     kcn/Eh     eta/Eh     rad/AA
------------------------------------------------------
  92 U        1.0982     0.0042     0.6173     0.6828
   6 C        1.4003     0.0601     0.6166     0.9994
   8 O        1.5687     0.1169     0.6793     0.6518
   1 H        1.2370     0.0492     1.0964     0.2919
   7 N        1.5582     0.0928     0.6565     0.6998
   9 F        1.5754     0.1570     0.7723     0.9393
  15 P        1.5267     0.1425     0.7308     0.7313
------------------------------------------------------

Electrostatic properties (in atomic units):
--------------------------------------------------
     #    Z              CN          q        chi
--------------------------------------------------
     1   92 U        6.0932     0.7424     1.0879
     2    6 C        3.9546    -0.1982     1.2809
     3    6 C        4.0292    -0.0185     1.2797
     4    8 O        1.9918    -0.3974     1.4037
     5    1 H        0.9917     0.1165     1.1880
     6    1 H        0.9914     0.1174     1.1880
     7    1 H        0.9915     0.1266     1.1880
     8    1 H        0.9907     0.1211     1.1880
     9    1 H        0.9909     0.1159     1.1880
    10    6 C        3.0223    -0.0647     1.2959
    11    6 C        3.0105    -0.0642     1.2961
    12    6 C        3.1183     0.0543     1.2942
    13    7 N        2.9361    -0.3140     1.3992
    14    6 C        3.1374     0.0444     1.2939
    15    6 C        3.0105    -0.0742     1.2961
    16    1 H        0.9928     0.1418     1.1880
    17    1 H        0.9930     0.1423     1.1880
    18    1 H        0.9928     0.1653     1.1880
    19    1 H        0.9929     0.1332     1.1880
    20    1 H        0.9930     0.1313     1.1880
    21    7 N        1.9999    -0.3153     1.4270
    22    7 N        2.0743     0.0369     1.4245
    23    7 N        1.0052    -0.2667     1.4652
    24    9 F        0.9983    -0.2629     1.4185
    25    6 C        3.9564    -0.2110     1.2808
    26   15 P        3.9414     0.0772     1.2438
    27    6 C        3.9565    -0.2220     1.2808
    28    6 C        3.9566    -0.1984     1.2808
    29    1 H        0.9924     0.1239     1.1880
    30    1 H        0.9930     0.1474     1.1880
    31    1 H        0.9929     0.1239     1.1880
    32    1 H        0.9924     0.1212     1.1880
    33    1 H        0.9931     0.1163     1.1880
    34    1 H        0.9931     0.1273     1.1880
    35    1 H        0.9925     0.1246     1.1880
    36    1 H        0.9932     0.1400     1.1880
    37    1 H        0.9929     0.1609     1.1880
    38    6 C        3.0150    -0.0678     1.2960
    39    6 C        3.0119    -0.0782     1.2961
    40    6 C        3.0187    -0.0684     1.2959
    41    6 C        3.0183     0.0122     1.2960
    42    6 C        3.0148    -0.0730     1.2960
    43    6 C        3.0116    -0.0692     1.2961
    44    6 C        3.1143     0.2516     1.2943
    45    8 O        1.9585    -0.3029     1.4051
    46    8 O        1.9926    -0.3977     1.4037
    47    1 H        0.9929     0.1419     1.1880
    48    1 H        0.9929     0.1337     1.1880
    49    1 H        0.9930     0.1337     1.1880
    50    1 H        0.9925     0.1341     1.1880
    51    1 H        0.9930     0.1436     1.1880
    52    1 H        0.9934     0.2619     1.1880
--------------------------------------------------
     Σ                          1.0000
--------------------------------------------------

Electrostatic energy:    2.5629527485373E-01 Eh

[Info] JSON dump of results written to 'multicharge.json'
