[Info] Molecular spin read from './.UHF'
xTB calculator
 | Coulomb electrostatics
 |  * isotropic Klopman-Ohno electrostatics
 |  * onsite third-order electrostatics
CEH guess
integral cutoff           4.0000000000000E+01 bohr

Atomic charges (in atomic units):
---------------------------------------------------------
     #    Z                 q
---------------------------------------------------------
     1  102 No       0.596224
     2   35 Br      -0.129202
     3   35 Br      -0.152919
     4   35 Br      -0.128788
     5   35 Br      -0.049373
     6   35 Br      -0.135942
---------------------------------------------------------

Atomic dipole moments (in atomic units):
---------------------------------------------------------
     #    Z                 x            y            z
---------------------------------------------------------
     1  102 No      -0.066222     0.055670    -0.044509
     2   35 Br      -0.071847     0.034389    -0.041288
     3   35 Br       0.049275    -0.050728     0.042545
     4   35 Br      -0.054369     0.068097    -0.019975
     5   35 Br       0.044784     0.011195    -0.055588
     6   35 Br       0.021671    -0.050681     0.062011
---------------------------------------------------------
           total    -0.008121    -0.040635     0.045162
---------------------------------------------------------

[Info] JSON dump of results written to 'tblite.json'
