[Info] Molecular spin read from './.UHF'
xTB calculator
 | Coulomb electrostatics
 |  * isotropic Klopman-Ohno electrostatics
 |  * onsite third-order electrostatics
CEH guess
integral cutoff           4.0000000000000E+01 bohr

Atomic charges (in atomic units):
---------------------------------------------------------
     #    Z                 q
---------------------------------------------------------
     1   99 Es       0.541216
     2    3 Li       0.166779
     3    3 Li       0.144034
     4    1 H       -0.294873
     5    1 H       -0.263679
     6    1 H       -0.293476
---------------------------------------------------------

Atomic dipole moments (in atomic units):
---------------------------------------------------------
     #    Z                 x            y            z
---------------------------------------------------------
     1   99 Es      -0.385620     0.017692    -0.055672
     2    3 Li       0.184342    -0.041160     0.410278
     3    3 Li      -0.170915     0.043886    -0.599327
     4    1 H        0.002559    -0.105483     0.005004
     5    1 H        0.077756     0.019344    -0.065769
     6    1 H        0.007819     0.104675     0.020032
---------------------------------------------------------
           total    -0.267329    -0.132219     1.160518
---------------------------------------------------------

[Info] JSON dump of results written to 'tblite.json'
