[Info] Molecular spin read from './.UHF'
xTB calculator
 | Coulomb electrostatics
 |  * isotropic Klopman-Ohno electrostatics
 |  * onsite third-order electrostatics
CEH guess
integral cutoff           4.0000000000000E+01 bohr

Atomic charges (in atomic units):
---------------------------------------------------------
     #    Z                 q
---------------------------------------------------------
     1   95 Am       0.353294
     2    6 C       -0.099302
     3    6 C        0.180005
     4    8 O       -0.256201
     5    8 O       -0.270383
     6    7 N       -0.017155
     7    1 H        0.033755
     8    1 H        0.068810
     9    1 H        0.094847
    10    1 H        0.082616
    11   35 Br      -0.315670
    12    6 C       -0.033677
    13    6 C       -0.043961
    14    6 C       -0.022008
    15    6 C       -0.031310
    16    6 C       -0.024372
    17    6 C       -0.044372
    18    6 C        0.140166
    19    8 O       -0.235963
    20    8 O       -0.225462
    21    1 H        0.034610
    22    1 H        0.028835
    23    1 H        0.029288
    24    1 H        0.027141
    25    1 H        0.028454
    26    6 C        0.036141
    27    8 O       -0.206304
    28   15 P        0.491828
    29    8 O       -0.201548
    30    6 C        0.027425
    31    8 O       -0.208846
    32    6 C        0.035848
    33    1 H        0.041148
    34    1 H        0.037703
    35    1 H        0.020650
    36    1 H        0.047664
    37    1 H        0.028187
    38    1 H        0.028623
    39    1 H        0.042810
    40    1 H        0.037071
    41    1 H        0.026693
    42    6 C        0.002034
    43    6 C       -0.015625
    44    6 C        0.022756
    45    7 N        0.044151
    46    6 C        0.008019
    47    6 C       -0.024420
    48    1 H        0.028549
    49    1 H        0.037118
    50    1 H        0.053494
    51    1 H        0.043631
    52    1 H        0.033214
---------------------------------------------------------

Atomic dipole moments (in atomic units):
---------------------------------------------------------
     #    Z                 x            y            z
---------------------------------------------------------
     1   95 Am       0.358981     0.130003    -0.516884
     2    6 C       -0.191836     0.057713     0.003859
     3    6 C       -0.107510     0.046950    -0.025894
     4    8 O       -0.067742     0.008462    -0.028700
     5    8 O        0.030636    -0.089132    -0.015044
     6    7 N        0.100800    -0.286812    -0.006158
     7    1 H        0.022948    -0.099939     0.069874
     8    1 H        0.035082     0.008300    -0.125000
     9    1 H       -0.042415    -0.034741     0.095121
    10    1 H       -0.035673    -0.022656    -0.097300
    11   35 Br      -0.003556    -0.004754     0.011134
    12    6 C       -0.001450    -0.001476     0.015746
    13    6 C        0.009784     0.016159    -0.001428
    14    6 C        0.006391     0.012681     0.024455
    15    6 C       -0.001676    -0.000685     0.021074
    16    6 C       -0.011322    -0.017544     0.019155
    17    6 C       -0.008561    -0.014296    -0.007527
    18    6 C       -0.001466    -0.008122     0.031607
    19    8 O       -0.032872    -0.071034    -0.068917
    20    8 O        0.047521     0.086889    -0.036513
    21    1 H        0.016754     0.018641    -0.132668
    22    1 H       -0.051552    -0.087059    -0.084035
    23    1 H       -0.069170    -0.108067     0.051570
    24    1 H        0.051015     0.086106     0.094748
    25    1 H        0.067390     0.104864    -0.041827
    26    6 C        0.278675    -0.067835    -0.017683
    27    8 O       -0.070531     0.008573    -0.028640
    28   15 P       -0.076978    -0.045316     0.103505
    29    8 O        0.071204    -0.060272     0.026181
    30    6 C       -0.254515     0.037317    -0.008167
    31    8 O       -0.074948    -0.035208     0.026823
    32    6 C        0.136091     0.219971    -0.129210
    33    1 H       -0.047728    -0.003884     0.133215
    34    1 H       -0.068838    -0.096003    -0.078236
    35    1 H       -0.013345     0.130224    -0.052486
    36    1 H        0.070702     0.109779    -0.057059
    37    1 H        0.013535    -0.122043    -0.074904
    38    1 H        0.025657    -0.016627     0.136170
    39    1 H        0.089804    -0.112034     0.017548
    40    1 H       -0.110079    -0.034060    -0.082940
    41    1 H       -0.045871     0.049880     0.121541
    42    6 C        0.006314    -0.004488     0.000694
    43    6 C        0.020311     0.008045    -0.002321
    44    6 C        0.159830    -0.015811    -0.017867
    45    7 N       -0.091653     0.245138     0.037538
    46    6 C       -0.097389    -0.118327    -0.006434
    47    6 C       -0.016415    -0.010300     0.000815
    48    1 H       -0.047127     0.123610     0.016527
    49    1 H       -0.134294     0.012856     0.012424
    50    1 H       -0.078158    -0.112671     0.002537
    51    1 H        0.132425    -0.030194    -0.011388
    52    1 H        0.090774     0.098694     0.002679
---------------------------------------------------------
           total    -1.269827     1.241051     0.969765
---------------------------------------------------------

[Info] JSON dump of results written to 'tblite.json'
