[Info] Molecular charge read from '.CHRG'

Charge model parameter:
------------------------------------------------------
   Z          chi/Eh     kcn/Eh     eta/Eh     rad/AA
------------------------------------------------------
 101 Md       1.1131     0.0055     0.6097     0.6919
   7 N        1.5582     0.0928     0.6565     0.6998
   6 C        1.4003     0.0601     0.6166     0.9994
   1 H        1.2370     0.0492     1.0964     0.2919
  15 P        1.5267     0.1425     0.7308     0.7313
   9 F        1.5754     0.1570     0.7723     0.9393
  53 I        1.4034     0.0897     0.3054     2.0116
  16 S        1.4077     0.0713     0.5171     1.1581
------------------------------------------------------

Electrostatic properties (in atomic units):
--------------------------------------------------
     #    Z              CN          q        chi
--------------------------------------------------
     1  101 Md       7.5156     0.7053     1.0980
     2    7 N        3.9270    -0.5542     1.3743
     3    6 C        4.0225    -0.0523     1.2798
     4    6 C        4.0150    -0.0531     1.2800
     5    7 N        3.8454    -0.3912     1.3762
     6    6 C        4.0526    -0.0592     1.2794
     7    6 C        4.0101    -0.0549     1.2800
     8    7 N        3.9241    -0.5646     1.3744
     9    1 H        1.0070     0.2223     1.1876
    10    1 H        1.1057     0.2531     1.1853
    11    1 H        0.9903     0.0660     1.1880
    12    1 H        0.9915     0.0908     1.1880
    13    1 H        0.9912     0.1083     1.1880
    14    1 H        0.9901     0.0654     1.1880
    15    1 H        1.0277     0.2189     1.1871
    16    1 H        0.9917     0.1045     1.1880
    17    1 H        0.9898     0.0623     1.1880
    18    1 H        0.9903     0.0628     1.1880
    19    1 H        0.9913     0.0860     1.1880
    20    1 H        1.2271     0.2431     1.1825
    21    1 H        0.9991     0.2181     1.1878
    22    6 C        3.9557    -0.2440     1.2808
    23   15 P        3.9785     0.0849     1.2425
    24    6 C        3.9571    -0.2539     1.2808
    25    6 C        3.9561    -0.2450     1.2808
    26    1 H        0.9921     0.0766     1.1880
    27    1 H        0.9936     0.1107     1.1879
    28    1 H        0.9927     0.1146     1.1880
    29    1 H        0.9919     0.0745     1.1880
    30    1 H        0.9936     0.1030     1.1879
    31    1 H        0.9936     0.1026     1.1879
    32    1 H        0.9919     0.0749     1.1880
    33    1 H        0.9932     0.1101     1.1880
    34    1 H        0.9931     0.1054     1.1880
    35    9 F        0.9981    -0.3519     1.4185
    36   53 I        1.0058    -0.4936     1.3135
    37   16 S        1.0101    -0.2582     1.3361
    38    6 C        2.0651     0.1162     1.3140
    39    7 N        1.9976    -0.4131     1.4270
    40   16 S        1.0101    -0.2754     1.3361
    41    6 C        2.0784     0.1009     1.3137
    42    7 N        1.9993    -0.4169     1.4270
--------------------------------------------------
     Σ                         -1.0000
--------------------------------------------------

Electrostatic energy:   -1.0067475627738E+00 Eh

[Info] JSON dump of results written to 'multicharge.json'
