[Info] Molecular charge read from './.CHRG'
xTB calculator
 | Coulomb electrostatics
 |  * isotropic Klopman-Ohno electrostatics
 |  * onsite third-order electrostatics
CEH guess
integral cutoff           2.9545082850997E+01 bohr

Atomic charges (in atomic units):
---------------------------------------------------------
     #    Z                 q
---------------------------------------------------------
     1   89 Ac       0.685206
     2    6 C       -0.112032
     3    6 C        0.162375
     4    8 O       -0.264995
     5    8 O       -0.316566
     6    7 N       -0.059588
     7    1 H        0.029008
     8    1 H        0.083850
     9    1 H        0.076289
    10    1 H        0.082661
    11   53 I       -0.602748
    12    6 C       -0.046752
    13    8 O       -0.409915
    14    1 H        0.028852
    15    1 H        0.027291
    16    1 H        0.028598
    17    6 C       -0.051951
    18    8 O       -0.419969
    19    1 H        0.023395
    20    1 H        0.025879
    21    1 H        0.031112
---------------------------------------------------------

Atomic dipole moments (in atomic units):
---------------------------------------------------------
     #    Z                 x            y            z
---------------------------------------------------------
     1   89 Ac       0.032952     0.223460     0.517706
     2    6 C       -0.177236     0.077139    -0.041391
     3    6 C       -0.091417     0.061192    -0.015435
     4    8 O       -0.057286     0.037282    -0.034760
     5    8 O        0.035212    -0.054584    -0.094497
     6    7 N        0.078243    -0.300567    -0.139810
     7    1 H        0.002075    -0.115888    -0.016210
     8    1 H        0.084050     0.076347    -0.049302
     9    1 H       -0.073805    -0.062579     0.031326
    10    1 H        0.015379     0.035515    -0.105122
    11   53 I       -0.069406     0.080280     0.149252
    12    6 C       -0.032650    -0.154213     0.153574
    13    8 O        0.020445     0.102651    -0.102092
    14    1 H       -0.003126    -0.044163    -0.122775
    15    1 H        0.115452     0.060456     0.009242
    16    1 H       -0.087091     0.096708     0.002069
    17    6 C        0.194852     0.078476     0.060022
    18    8 O       -0.131204    -0.037999    -0.036811
    19    1 H       -0.086708     0.089743    -0.026166
    20    1 H       -0.055659    -0.075572     0.090197
    21    1 H        0.001767    -0.076633    -0.109044
---------------------------------------------------------
           total     0.198897    -0.788534    -4.728168
---------------------------------------------------------

[Info] JSON dump of results written to 'tblite.json'
