[Info] Molecular charge read from '.CHRG'

Charge model parameter:
------------------------------------------------------
   Z          chi/Eh     kcn/Eh     eta/Eh     rad/AA
------------------------------------------------------
 103 Lr       1.1371     0.0068     0.5937     0.7095
   7 N        1.5582     0.0928     0.6565     0.6998
   6 C        1.4003     0.0601     0.6166     0.9994
   1 H        1.2370     0.0492     1.0964     0.2919
   8 O        1.5687     0.1169     0.6793     0.6518
------------------------------------------------------

Electrostatic properties (in atomic units):
--------------------------------------------------
     #    Z              CN          q        chi
--------------------------------------------------
     1  103 Lr       6.0201     0.6846     1.1206
     2    7 N        3.8975    -0.5770     1.3750
     3    6 C        4.0301    -0.0178     1.2797
     4    6 C        4.0377    -0.0277     1.2796
     5    7 N        3.8855    -0.4243     1.3753
     6    6 C        4.0163    -0.0294     1.2799
     7    6 C        4.0509    -0.0175     1.2794
     8    7 N        3.8939    -0.5795     1.3751
     9    1 H        0.9994     0.2576     1.1878
    10    1 H        0.9965     0.2605     1.1879
    11    1 H        0.9915     0.1380     1.1880
    12    1 H        0.9914     0.1445     1.1880
    13    1 H        0.9912     0.1367     1.1880
    14    1 H        0.9913     0.1405     1.1880
    15    1 H        1.0048     0.2343     1.1877
    16    1 H        0.9913     0.1359     1.1880
    17    1 H        0.9913     0.1391     1.1880
    18    1 H        0.9915     0.1379     1.1880
    19    1 H        0.9914     0.1441     1.1880
    20    1 H        0.9965     0.2608     1.1879
    21    1 H        0.9973     0.2560     1.1879
    22    7 N        3.9008    -0.5743     1.3749
    23    6 C        4.0721    -0.0150     1.2791
    24    6 C        4.0262    -0.0121     1.2798
    25    7 N        3.8966    -0.5716     1.3750
    26    1 H        0.9988     0.2502     1.1878
    27    1 H        0.9963     0.2600     1.1879
    28    1 H        0.9915     0.1419     1.1880
    29    1 H        0.9915     0.1362     1.1880
    30    1 H        0.9913     0.1505     1.1880
    31    1 H        0.9915     0.1441     1.1880
    32    1 H        0.9963     0.2613     1.1879
    33    1 H        1.0053     0.2575     1.1877
    34    6 C        3.9545    -0.1689     1.2809
    35    6 C        4.0084    -0.0002     1.2801
    36    8 O        1.9909    -0.3933     1.4037
    37    1 H        0.9917     0.1547     1.1880
    38    1 H        0.9914     0.1396     1.1880
    39    1 H        0.9914     0.1448     1.1880
    40    1 H        0.9911     0.1516     1.1880
    41    1 H        0.9908     0.1455     1.1880
--------------------------------------------------
     Σ                          2.0000
--------------------------------------------------

Electrostatic energy:    8.5395774345368E-01 Eh

[Info] JSON dump of results written to 'multicharge.json'
