Charge model parameter:
------------------------------------------------------
   Z          chi/Eh     kcn/Eh     eta/Eh     rad/AA
------------------------------------------------------
 101 Md       1.1131     0.0055     0.6097     0.6919
  16 S        1.4077     0.0713     0.5171     1.1581
------------------------------------------------------

Electrostatic properties (in atomic units):
--------------------------------------------------
     #    Z              CN          q        chi
--------------------------------------------------
     1  101 Md       3.9724     0.5035     1.1022
     2   16 S        1.3619    -0.1067     1.3245
     3   16 S        1.3018    -0.1376     1.3264
     4   16 S        1.2966    -0.1382     1.3265
     5   16 S        1.2635    -0.1210     1.3276
--------------------------------------------------
     Σ                          0.0000
--------------------------------------------------

Electrostatic energy:   -5.6434355661826E-02 Eh

[Info] JSON dump of results written to 'multicharge.json'
