[Info] Molecular spin read from './.UHF'
xTB calculator
 | Coulomb electrostatics
 |  * isotropic Klopman-Ohno electrostatics
 |  * onsite third-order electrostatics
CEH guess
integral cutoff           2.4638462780296E+01 bohr

Atomic charges (in atomic units):
---------------------------------------------------------
     #    Z                 q
---------------------------------------------------------
     1   89 Ac       0.288810
     2   17 Cl      -0.048205
     3   17 Cl      -0.048312
     4   17 Cl      -0.047845
     5   17 Cl      -0.047881
     6   17 Cl      -0.048244
     7   17 Cl      -0.048323
---------------------------------------------------------

Atomic dipole moments (in atomic units):
---------------------------------------------------------
     #    Z                 x            y            z
---------------------------------------------------------
     1   89 Ac       0.000009    -0.000156     0.000351
     2   17 Cl       0.000001    -0.000000     0.062089
     3   17 Cl      -0.000000     0.000003    -0.062088
     4   17 Cl      -0.000006    -0.062082    -0.000006
     5   17 Cl      -0.000002     0.062081    -0.000010
     6   17 Cl      -0.062088     0.000004    -0.000007
     7   17 Cl       0.062090     0.000008    -0.000006
---------------------------------------------------------
           total    -0.000378    -0.000375     0.000972
---------------------------------------------------------

[Info] JSON dump of results written to 'tblite.json'
