[Info] Molecular spin read from './.UHF'
xTB calculator
 | Coulomb electrostatics
 |  * isotropic Klopman-Ohno electrostatics
 |  * onsite third-order electrostatics
CEH guess
integral cutoff           4.0000000000000E+01 bohr

Atomic charges (in atomic units):
---------------------------------------------------------
     #    Z                 q
---------------------------------------------------------
     1   94 Pu       1.175535
     2    8 O       -0.587765
     3    8 O       -0.587770
---------------------------------------------------------

Atomic dipole moments (in atomic units):
---------------------------------------------------------
     #    Z                 x            y            z
---------------------------------------------------------
     1   94 Pu      -0.000010    -0.000012     0.000012
     2    8 O        0.031424    -0.018096    -0.013042
     3    8 O       -0.031426     0.018092     0.013044
---------------------------------------------------------
           total    -0.000020    -0.000125     0.000072
---------------------------------------------------------

[Info] JSON dump of results written to 'tblite.json'
