[Info] Molecular spin read from './.UHF'
xTB calculator
 | Coulomb electrostatics
 |  * isotropic Klopman-Ohno electrostatics
 |  * onsite third-order electrostatics
CEH guess
integral cutoff           4.0000000000000E+01 bohr

Atomic charges (in atomic units):
---------------------------------------------------------
     #    Z                 q
---------------------------------------------------------
     1   98 Cf       0.629960
     2    3 Li       0.303407
     3    1 H       -0.345408
     4    1 H       -0.342488
     5    1 H       -0.245472
---------------------------------------------------------

Atomic dipole moments (in atomic units):
---------------------------------------------------------
     #    Z                 x            y            z
---------------------------------------------------------
     1   98 Cf      -0.081931    -0.320776    -0.174753
     2    3 Li       0.358519     0.456876     0.083345
     3    1 H        0.018761    -0.109567     0.048816
     4    1 H       -0.083003    -0.002484    -0.088486
     5    1 H       -0.084240     0.011436     0.067565
---------------------------------------------------------
           total     1.592084     1.975918     0.338104
---------------------------------------------------------

[Info] JSON dump of results written to 'tblite.json'
