Charge model parameter:
------------------------------------------------------
   Z          chi/Eh     kcn/Eh     eta/Eh     rad/AA
------------------------------------------------------
  98 Cf       1.0089     0.0039     0.6196     0.6803
  33 As       1.3631     0.0766     0.5208     1.2766
   7 N        1.5582     0.0928     0.6565     0.6998
------------------------------------------------------

Electrostatic properties (in atomic units):
--------------------------------------------------
     #    Z              CN          q        chi
--------------------------------------------------
     1   98 Cf       1.9969     0.8019     1.0034
     2   33 As       0.9984    -0.1895     1.2866
     3    7 N        0.9994    -0.6124     1.4654
--------------------------------------------------
     Σ                          0.0000
--------------------------------------------------

Electrostatic energy:   -1.6830783750740E-01 Eh

[Info] JSON dump of results written to 'multicharge.json'
