[Info] Molecular charge read from './.CHRG'
xTB calculator
 | Coulomb electrostatics
 |  * isotropic Klopman-Ohno electrostatics
 |  * onsite third-order electrostatics
CEH guess
integral cutoff           2.4638462780296E+01 bohr

Atomic charges (in atomic units):
---------------------------------------------------------
     #    Z                 q
---------------------------------------------------------
     1   89 Ac       0.975009
     2    6 C       -0.098438
     3    6 C        0.181647
     4    8 O       -0.134722
     5    8 O       -0.324027
     6    7 N       -0.051765
     7    1 H        0.063739
     8    1 H        0.094620
     9    1 H        0.116670
    10    1 H        0.111654
    11    7 N       -0.095440
    12    1 H        0.140282
    13    1 H        0.129610
    14    1 H        0.118885
    15    6 C        0.035726
    16    6 C        0.027095
    17    7 N        0.051723
    18    6 C        0.049479
    19    6 C        0.042592
    20    7 N       -0.080361
    21    1 H        0.069980
    22    1 H        0.037345
    23    1 H        0.061925
    24    1 H        0.078877
    25    6 C        0.016369
    26    6 C       -0.038372
    27    6 C        0.009293
    28    6 C       -0.013088
    29    6 C        0.033733
    30    6 C       -0.031852
    31    6 C        0.248334
    32    8 O       -0.155834
    33    8 O       -0.101652
    34    1 H        0.052294
    35    1 H        0.049153
    36    1 H        0.028099
    37    1 H        0.053389
    38    1 H        0.055320
    39    1 H        0.192708
---------------------------------------------------------

Atomic dipole moments (in atomic units):
---------------------------------------------------------
     #    Z                 x            y            z
---------------------------------------------------------
     1   89 Ac      -0.707431     0.213807     0.431840
     2    6 C       -0.153519     0.051470     0.143630
     3    6 C       -0.139609     0.048017     0.071654
     4    8 O       -0.048370    -0.016636     0.028985
     5    8 O        0.042764    -0.110098     0.010453
     6    7 N        0.210037    -0.183500     0.008087
     7    1 H        0.101911    -0.044876     0.052109
     8    1 H       -0.056264    -0.063166    -0.092746
     9    1 H        0.065667     0.015226     0.088703
    10    1 H       -0.044160    -0.103845    -0.003764
    11    7 N       -0.012824     0.067664    -0.289122
    12    1 H       -0.063411     0.117085    -0.016388
    13    1 H       -0.071547    -0.088038    -0.064491
    14    1 H        0.115165     0.008601    -0.051462
    15    6 C       -0.097606     0.050946     0.096860
    16    6 C       -0.154273    -0.060951     0.050254
    17    7 N        0.101753     0.208350     0.090676
    18    6 C        0.110958    -0.084260    -0.128881
    19    6 C        0.138524     0.027692    -0.065196
    20    7 N       -0.118689    -0.274379    -0.125637
    21    1 H        0.115454     0.046357    -0.037484
    22    1 H        0.069696    -0.057297    -0.082706
    23    1 H       -0.113973    -0.037644     0.042435
    24    1 H       -0.065101     0.069872     0.090667
    25    6 C        0.022155     0.017434    -0.007229
    26    6 C        0.012505     0.015227     0.014392
    27    6 C        0.033672     0.039656     0.033412
    28    6 C        0.047489     0.040090    -0.006908
    29    6 C        0.043694     0.024103    -0.053639
    30    6 C        0.011964     0.005854    -0.016254
    31    6 C        0.050124     0.066155     0.071938
    32    8 O       -0.034536    -0.003227     0.087362
    33    8 O       -0.078195    -0.067339    -0.003334
    34    1 H       -0.101308    -0.089838     0.000870
    35    1 H       -0.033857    -0.062882    -0.113956
    36    1 H        0.066505     0.026137    -0.114535
    37    1 H        0.021475     0.054752     0.125206
    38    1 H       -0.067672    -0.026959     0.115499
    39    1 H       -0.079739    -0.041564     0.088439
---------------------------------------------------------
           total    -5.768543    -0.433377     0.636442
---------------------------------------------------------

[Info] JSON dump of results written to 'tblite.json'
