[Info] Molecular charge read from '.CHRG'

Charge model parameter:
------------------------------------------------------
   Z          chi/Eh     kcn/Eh     eta/Eh     rad/AA
------------------------------------------------------
  99 Es       1.0593     0.0030     0.5898     0.7145
   6 C        1.4003     0.0601     0.6166     0.9994
  52 Te       1.3651     0.0895     0.4850     1.0871
------------------------------------------------------

Electrostatic properties (in atomic units):
--------------------------------------------------
     #    Z              CN          q        chi
--------------------------------------------------
     1   99 Es       1.9509     0.7272     1.0551
     2    6 C        1.9921    -0.1063     1.3155
     3   52 Te       1.9475     0.3791     1.2401
--------------------------------------------------
     Σ                          1.0000
--------------------------------------------------

Electrostatic energy:    5.4879463300706E-01 Eh

[Info] JSON dump of results written to 'multicharge.json'
