[Info] Molecular charge read from './.CHRG'
[Info] Molecular spin read from './.UHF'
xTB calculator
 | Coulomb electrostatics
 |  * isotropic Klopman-Ohno electrostatics
 |  * onsite third-order electrostatics
CEH guess
integral cutoff           4.0000000000000E+01 bohr

Atomic charges (in atomic units):
---------------------------------------------------------
     #    Z                 q
---------------------------------------------------------
     1   93 Np       1.250069
     2   19 K        0.593467
     3    6 C       -0.669662
     4   52 Te      -0.146502
     5    1 H       -0.227115
     6   53 I        0.199743
---------------------------------------------------------

Atomic dipole moments (in atomic units):
---------------------------------------------------------
     #    Z                 x            y            z
---------------------------------------------------------
     1   93 Np       2.597300     1.161520    -1.303746
     2   19 K       -0.267963    -0.096709     0.761517
     3    6 C       -0.080579    -0.106548    -0.003910
     4   52 Te      -0.059265    -0.115122    -0.135378
     5    1 H        0.068313     0.010138     0.134738
     6   53 I       -0.091809     0.136562     0.034869
---------------------------------------------------------
           total     3.252655     4.324370     0.499234
---------------------------------------------------------

[Info] JSON dump of results written to 'tblite.json'
