xTB calculator
 | Coulomb electrostatics
 |  * isotropic Klopman-Ohno electrostatics
 |  * onsite third-order electrostatics
CEH guess
integral cutoff           2.9545082850997E+01 bohr

Atomic charges (in atomic units):
---------------------------------------------------------
     #    Z                 q
---------------------------------------------------------
     1   91 Pa       0.790315
     2   53 I       -0.158375
     3   53 I       -0.157937
     4   53 I       -0.158345
     5   53 I       -0.158215
     6   53 I       -0.157442
---------------------------------------------------------

Atomic dipole moments (in atomic units):
---------------------------------------------------------
     #    Z                 x            y            z
---------------------------------------------------------
     1   91 Pa       0.175634     0.344674    -0.005864
     2   53 I        0.011123     0.019441     0.095446
     3   53 I        0.010366     0.018121    -0.095674
     4   53 I       -0.057337    -0.097283     0.000870
     5   53 I        0.095039    -0.028874    -0.000164
     6   53 I       -0.069976     0.067548    -0.000115
---------------------------------------------------------
           total     0.277454     0.546083    -0.011631
---------------------------------------------------------

[Info] JSON dump of results written to 'tblite.json'
