[Info] Molecular spin read from './.UHF'
xTB calculator
 | Coulomb electrostatics
 |  * isotropic Klopman-Ohno electrostatics
 |  * onsite third-order electrostatics
CEH guess
integral cutoff           4.0000000000000E+01 bohr

Atomic charges (in atomic units):
---------------------------------------------------------
     #    Z                 q
---------------------------------------------------------
     1   95 Am       0.590609
     2    6 C       -0.015445
     3    6 C       -0.038949
     4    6 C       -0.008249
     5    6 C       -0.013610
     6    6 C       -0.010629
     7    6 C       -0.039903
     8    6 C        0.177427
     9    8 O       -0.204893
    10    8 O       -0.216864
    11    1 H        0.036271
    12    1 H        0.031153
    13    1 H        0.029462
    14    1 H        0.026596
    15    1 H        0.030022
    16    6 C       -0.190070
    17    7 N       -0.217580
    18    6 C       -0.224259
    19    7 N       -0.238024
    20    6 C        0.023789
    21    6 C       -0.047340
    22    6 C       -0.043507
    23    6 C        0.031158
    24    8 O       -0.062637
    25    1 H        0.033104
    26    1 H        0.058711
    27    1 H        0.032527
    28    1 H        0.062297
    29    1 H        0.062669
    30    1 H        0.030837
    31    1 H        0.033662
    32    1 H        0.057762
    33    6 C       -0.084323
    34    6 C        0.048083
    35    8 O       -0.116704
    36    1 H        0.048558
    37    1 H        0.035360
    38    1 H        0.025785
    39    1 H        0.041961
    40    1 H        0.057780
    41    1 H        0.167403
---------------------------------------------------------

Atomic dipole moments (in atomic units):
---------------------------------------------------------
     #    Z                 x            y            z
---------------------------------------------------------
     1   95 Am       0.093143     0.227503     0.088436
     2    6 C       -0.001339    -0.012399    -0.008702
     3    6 C        0.003434    -0.009086     0.013268
     4    6 C        0.001324    -0.029968    -0.001576
     5    6 C       -0.002230    -0.024354    -0.017927
     6    6 C       -0.005156    -0.009372    -0.026818
     7    6 C       -0.003075     0.010055    -0.011151
     8    6 C       -0.004307    -0.035666    -0.029075
     9    8 O        0.022599    -0.019366     0.096196
    10    8 O       -0.011728     0.094438    -0.031589
    11    1 H        0.013068     0.104649     0.084356
    12    1 H       -0.016572     0.122630    -0.046290
    13    1 H       -0.030622     0.016628    -0.133362
    14    1 H        0.015844    -0.130213     0.041388
    15    1 H        0.028835    -0.022606     0.126735
    16    6 C        0.030408     0.073148     0.022134
    17    7 N       -0.017305    -0.019513     0.001263
    18    6 C       -0.015161     0.018307     0.021342
    19    7 N        0.021967     0.002688    -0.001447
    20    6 C       -0.131222    -0.219317    -0.000153
    21    6 C       -0.089164    -0.031021     0.070010
    22    6 C        0.036670     0.009858     0.114721
    23    6 C        0.107649     0.201704     0.124666
    24    8 O        0.044604     0.013277    -0.123499
    25    1 H       -0.075703     0.105453    -0.007291
    26    1 H        0.110110     0.017128     0.079538
    27    1 H        0.101438    -0.085511     0.015907
    28    1 H        0.016568     0.110277    -0.075597
    29    1 H        0.035084    -0.090107    -0.094077
    30    1 H       -0.097244     0.083627    -0.026524
    31    1 H        0.072597    -0.105214     0.004694
    32    1 H       -0.138331    -0.021448     0.006558
    33    6 C        0.023094     0.041512     0.081936
    34    6 C        0.136819     0.195277    -0.070417
    35    8 O        0.006752    -0.107334    -0.067273
    36    1 H       -0.068186    -0.120846     0.018208
    37    1 H        0.128815    -0.021697    -0.071402
    38    1 H       -0.087127     0.101917    -0.061357
    39    1 H        0.069069    -0.090736     0.064235
    40    1 H       -0.124312     0.027367     0.058233
    41    1 H        0.101331    -0.018678    -0.074560
---------------------------------------------------------
           total     0.914434     1.064835    -0.339764
---------------------------------------------------------

[Info] JSON dump of results written to 'tblite.json'
