[Info] Molecular spin read from './.UHF'
xTB calculator
 | Coulomb electrostatics
 |  * isotropic Klopman-Ohno electrostatics
 |  * onsite third-order electrostatics
CEH guess
integral cutoff           4.0000000000000E+01 bohr

Atomic charges (in atomic units):
---------------------------------------------------------
     #    Z                 q
---------------------------------------------------------
     1   96 Cm       0.903135
     2    9 F       -0.225821
     3    9 F       -0.225824
     4    9 F       -0.225778
     5    9 F       -0.225713
---------------------------------------------------------

Atomic dipole moments (in atomic units):
---------------------------------------------------------
     #    Z                 x            y            z
---------------------------------------------------------
     1   96 Cm       0.000150    -0.000038    -0.001292
     2    9 F        0.044326     0.037739    -0.002877
     3    9 F        0.020382    -0.052550     0.014865
     4    9 F       -0.025991    -0.002888    -0.052070
     5    9 F       -0.038680     0.017686     0.039882
---------------------------------------------------------
           total    -0.000737     0.000292     0.001679
---------------------------------------------------------

[Info] JSON dump of results written to 'tblite.json'
