[Info] Molecular charge read from '.CHRG'

Charge model parameter:
------------------------------------------------------
   Z          chi/Eh     kcn/Eh     eta/Eh     rad/AA
------------------------------------------------------
  96 Cm       1.1100     0.0071     0.5609     0.7515
   6 C        1.4003     0.0601     0.6166     0.9994
   8 O        1.5687     0.1169     0.6793     0.6518
   1 H        1.2370     0.0492     1.0964     0.2919
  16 S        1.4077     0.0713     0.5171     1.1581
   7 N        1.5582     0.0928     0.6565     0.6998
------------------------------------------------------

Electrostatic properties (in atomic units):
--------------------------------------------------
     #    Z              CN          q        chi
--------------------------------------------------
     1   96 Cm       6.1248     0.8106     1.0924
     2    6 C        3.0149    -0.0601     1.2960
     3    6 C        3.0118    -0.0643     1.2961
     4    6 C        3.0166    -0.0560     1.2960
     5    6 C        3.0202     0.0214     1.2959
     6    6 C        3.0162    -0.0569     1.2960
     7    6 C        3.0118    -0.0645     1.2961
     8    6 C        3.8591     0.2577     1.2823
     9    8 O        1.9737    -0.3506     1.4044
    10    8 O        1.9807    -0.3565     1.4041
    11    1 H        0.9928     0.1508     1.1880
    12    1 H        0.9929     0.1502     1.1880
    13    1 H        0.9930     0.1591     1.1880
    14    1 H        0.9930     0.1570     1.1880
    15    1 H        0.9929     0.1499     1.1880
    16    8 O        2.9268    -0.5570     1.3687
    17    1 H        0.9950     0.2754     1.1879
    18    1 H        0.9984     0.2863     1.1878
    19    6 C        4.0482    -0.0465     1.2795
    20    6 C        3.9850    -0.1224     1.2804
    21    6 C        3.9824    -0.1238     1.2804
    22    6 C        4.0657    -0.0482     1.2792
    23    8 O        2.9294    -0.2982     1.3686
    24    1 H        0.9915     0.1327     1.1880
    25    1 H        0.9917     0.1335     1.1880
    26    1 H        0.9916     0.1340     1.1880
    27    1 H        0.9920     0.1301     1.1880
    28    1 H        0.9920     0.1288     1.1880
    29    1 H        0.9915     0.1322     1.1880
    30    1 H        0.9915     0.1323     1.1880
    31    1 H        0.9917     0.1270     1.1880
    32   16 S        1.0131    -0.0537     1.3359
    33    6 C        2.4151     0.1836     1.3070
    34    7 N        2.0038    -0.3939     1.4268
--------------------------------------------------
     Σ                          1.0000
--------------------------------------------------

Electrostatic energy:    3.4270692476906E-01 Eh

[Info] JSON dump of results written to 'multicharge.json'
