Charge model parameter:
------------------------------------------------------
   Z          chi/Eh     kcn/Eh     eta/Eh     rad/AA
------------------------------------------------------
  97 Bk       1.1683     0.0046     0.5532     0.7618
   6 C        1.4003     0.0601     0.6166     0.9994
   8 O        1.5687     0.1169     0.6793     0.6518
   1 H        1.2370     0.0492     1.0964     0.2919
  15 P        1.5267     0.1425     0.7308     0.7313
   7 N        1.5582     0.0928     0.6565     0.6998
------------------------------------------------------

Electrostatic properties (in atomic units):
--------------------------------------------------
     #    Z              CN          q        chi
--------------------------------------------------
     1   97 Bk       6.7766     0.6597     1.1563
     2    6 C        3.9556    -0.2135     1.2808
     3    6 C        4.0982    -0.0149     1.2787
     4    8 O        1.9845    -0.3476     1.4040
     5    1 H        0.9914     0.0914     1.1880
     6    1 H        0.9911     0.1133     1.1880
     7    1 H        0.9914     0.1170     1.1880
     8    1 H        0.9892     0.1273     1.1881
     9    1 H        0.9889     0.1025     1.1881
    10    8 O        1.9908    -0.5594     1.4037
    11    1 H        0.9996     0.2638     1.1878
    12    6 C        4.1995    -0.0915     1.2772
    13    8 O        1.9903    -0.3206     1.4037
    14   15 P        3.8851     0.2597     1.2458
    15    8 O        1.9892    -0.3112     1.4038
    16    6 C        4.1625    -0.0926     1.2778
    17    8 O        2.8239    -0.2452     1.3722
    18    6 C        4.1440    -0.0825     1.2780
    19    1 H        0.9919     0.1064     1.1880
    20    1 H        0.9905     0.0903     1.1880
    21    1 H        0.9910     0.1136     1.1880
    22    1 H        0.9921     0.1090     1.1880
    23    1 H        0.9913     0.1167     1.1880
    24    1 H        0.9913     0.1004     1.1880
    25    1 H        0.9917     0.1323     1.1880
    26    1 H        0.9920     0.1353     1.1880
    27    1 H        0.9918     0.1266     1.1880
    28    6 C        3.0216    -0.0988     1.2959
    29    6 C        3.0113    -0.1000     1.2961
    30    6 C        3.1018     0.0323     1.2945
    31    7 N        2.9012    -0.3195     1.4001
    32    6 C        3.1088     0.0170     1.2944
    33    6 C        3.0112    -0.1024     1.2961
    34    1 H        0.9928     0.1076     1.1880
    35    1 H        0.9930     0.1056     1.1880
    36    1 H        0.9928     0.1355     1.1880
    37    1 H        0.9926     0.1281     1.1880
    38    1 H        0.9930     0.1053     1.1880
    39    6 C        3.9552    -0.2486     1.2809
    40   15 P        3.8937     0.0772     1.2455
    41    6 C        3.9558    -0.2429     1.2808
    42    6 C        3.9569    -0.2328     1.2808
    43    1 H        0.9919     0.0925     1.1880
    44    1 H        0.9930     0.1022     1.1880
    45    1 H        0.9923     0.0930     1.1880
    46    1 H        0.9921     0.0934     1.1880
    47    1 H        0.9928     0.0966     1.1880
    48    1 H        0.9935     0.1139     1.1879
    49    1 H        0.9921     0.0926     1.1880
    50    1 H        0.9936     0.1191     1.1879
    51    1 H        0.9936     0.1113     1.1879
    52    7 N        3.8944    -0.7537     1.3751
    53    1 H        1.0008     0.2411     1.1878
    54    1 H        1.0079     0.2686     1.1876
    55    1 H        0.9966     0.2365     1.1879
    56    6 C        1.0152    -0.0325     1.3398
    57    7 N        1.9654    -0.3750     1.4281
    58    6 C        0.9994     0.0146     1.3402
    59    8 O        0.9994    -0.3643     1.4518
--------------------------------------------------
     Σ                          0.0000
--------------------------------------------------

Electrostatic energy:   -4.5812478033562E-01 Eh

[Info] JSON dump of results written to 'multicharge.json'
