[Info] Molecular charge read from './.CHRG'
[Info] Molecular spin read from './.UHF'
xTB calculator
 | Coulomb electrostatics
 |  * isotropic Klopman-Ohno electrostatics
 |  * onsite third-order electrostatics
CEH guess
integral cutoff           4.0000000000000E+01 bohr

Atomic charges (in atomic units):
---------------------------------------------------------
     #    Z                 q
---------------------------------------------------------
     1   95 Am       0.443164
     2    6 C       -0.047049
     3    6 C       -0.046014
     4    6 C       -0.028215
     5    6 C       -0.051048
     6    6 C       -0.035382
     7    6 C       -0.049357
     8    6 C        0.111868
     9    8 O       -0.241017
    10    8 O       -0.241685
    11    1 H        0.026701
    12    1 H        0.020545
    13    1 H        0.027020
    14    1 H        0.022199
    15    1 H        0.018227
    16    6 C       -0.117836
    17    7 N       -0.278011
    18    6 C        0.045190
    19    8 O       -0.241054
    20   15 P        0.410727
    21    8 O       -0.155021
    22    6 C        0.005511
    23    8 O       -0.215105
    24    6 C        0.056277
    25    1 H        0.036521
    26    1 H        0.030500
    27    1 H        0.022214
    28    1 H        0.038122
    29    1 H        0.026244
    30    1 H        0.028097
    31    1 H        0.032099
    32    1 H        0.035700
    33    1 H        0.026556
    34    9 F       -0.320973
    35    8 O       -0.494642
    36    1 H        0.098926
---------------------------------------------------------

Atomic dipole moments (in atomic units):
---------------------------------------------------------
     #    Z                 x            y            z
---------------------------------------------------------
     1   95 Am       0.165592    -0.504176    -0.159501
     2    6 C       -0.008569     0.003225    -0.006688
     3    6 C       -0.002683     0.001853     0.022787
     4    6 C       -0.019947     0.008650    -0.000588
     5    6 C       -0.005001     0.003218    -0.005982
     6    6 C       -0.005449     0.001189    -0.017820
     7    6 C        0.018527    -0.009221    -0.004846
     8    6 C       -0.024110     0.013055     0.018401
     9    8 O        0.095564    -0.045521    -0.028260
    10    8 O       -0.018669     0.007601     0.102577
    11    1 H        0.092221    -0.035141     0.092055
    12    1 H        0.112675    -0.052175    -0.040367
    13    1 H        0.016452    -0.014598    -0.135317
    14    1 H       -0.121341     0.056969     0.029646
    15    1 H       -0.026235     0.019925     0.125619
    16    6 C       -0.010808    -0.042484     0.048034
    17    7 N        0.007617     0.024983    -0.022254
    18    6 C        0.017665     0.275818     0.071352
    19    8 O       -0.031383    -0.080046     0.035243
    20   15 P       -0.019231     0.018197    -0.060599
    21    8 O        0.093899     0.042906    -0.051258
    22    6 C       -0.231300    -0.016446    -0.022052
    23    8 O       -0.054522     0.010741     0.065841
    24    6 C        0.104558    -0.203452    -0.162607
    25    1 H        0.038267    -0.021164    -0.135262
    26    1 H       -0.131987    -0.037498     0.019828
    27    1 H        0.081673    -0.071286     0.086798
    28    1 H        0.040128    -0.084945     0.109291
    29    1 H        0.017326     0.139498     0.032279
    30    1 H        0.042792    -0.040724    -0.133541
    31    1 H        0.102397     0.046732     0.090937
    32    1 H       -0.097720    -0.058487     0.083171
    33    1 H       -0.055198     0.098410    -0.089995
    34    9 F       -0.033929    -0.055822    -0.013901
    35    8 O        0.049723     0.091423     0.033201
    36    1 H        0.037392     0.124588     0.037371
---------------------------------------------------------
           total     0.790019    -0.678658    -2.781486
---------------------------------------------------------

[Info] JSON dump of results written to 'tblite.json'
