[Info] Molecular charge read from '.CHRG'

Charge model parameter:
------------------------------------------------------
   Z          chi/Eh     kcn/Eh     eta/Eh     rad/AA
------------------------------------------------------
  98 Cf       1.0089     0.0039     0.6196     0.6803
   7 N        1.5582     0.0928     0.6565     0.6998
   6 C        1.4003     0.0601     0.6166     0.9994
   1 H        1.2370     0.0492     1.0964     0.2919
   8 O        1.5687     0.1169     0.6793     0.6518
  17 Cl       1.4815     0.1368     0.7586     0.7238
------------------------------------------------------

Electrostatic properties (in atomic units):
--------------------------------------------------
     #    Z              CN          q        chi
--------------------------------------------------
     1   98 Cf       6.6896     0.9036     0.9988
     2    7 N        2.9177    -0.3350     1.3997
     3    6 C        3.1228     0.0180     1.2942
     4    6 C        3.0123    -0.1198     1.2961
     5    6 C        3.0200    -0.1229     1.2959
     6    6 C        3.0159    -0.1150     1.2960
     7    6 C        3.1119     0.1057     1.2943
     8    6 C        3.1114     0.1131     1.2944
     9    6 C        3.0160    -0.1062     1.2960
    10    6 C        3.0207    -0.1148     1.2959
    11    6 C        3.0124    -0.1099     1.2961
    12    6 C        3.1041     0.0135     1.2945
    13    7 N        2.8846    -0.3515     1.4006
    14    1 H        0.9927     0.1394     1.1880
    15    1 H        0.9930     0.0878     1.1880
    16    1 H        0.9928     0.0863     1.1880
    17    1 H        0.9932     0.0869     1.1880
    18    1 H        0.9932     0.0900     1.1880
    19    1 H        0.9928     0.0888     1.1880
    20    1 H        0.9930     0.0895     1.1880
    21    1 H        0.9924     0.1132     1.1880
    22    6 C        4.0371    -0.0802     1.2796
    23    8 O        1.9926    -0.4234     1.4037
    24    1 H        0.9894     0.0879     1.1881
    25    1 H        0.9896     0.0848     1.1880
    26    1 H        0.9887     0.1009     1.1881
    27   17 Cl       1.0645    -0.2061     1.3404
    28    6 C        1.9515     0.0842     1.3164
    29    7 N        1.0036    -0.4257     1.4652
    30    6 C        3.0134    -0.1205     1.2960
    31    6 C        3.0131    -0.1168     1.2960
    32    6 C        3.0169    -0.0847     1.2960
    33    6 C        3.0208     0.0209     1.2959
    34    6 C        3.0143    -0.0929     1.2960
    35    6 C        3.0126    -0.1233     1.2961
    36    6 C        3.0775     0.2332     1.2949
    37    8 O        1.9397    -0.3842     1.4059
    38    8 O        1.9815    -0.4795     1.4041
    39    1 H        0.9927     0.0879     1.1880
    40    1 H        0.9928     0.0961     1.1880
    41    1 H        0.9925     0.1431     1.1880
    42    1 H        0.9930     0.1211     1.1880
    43    1 H        0.9928     0.0894     1.1880
    44    1 H        1.0877     0.2621     1.1857
    45    6 C        1.0266    -0.0319     1.3394
    46    7 N        1.9771    -0.4036     1.4277
--------------------------------------------------
     Σ                         -1.0000
--------------------------------------------------

Electrostatic energy:   -1.0550072420930E+00 Eh

[Info] JSON dump of results written to 'multicharge.json'
