[Info] Molecular charge read from '.CHRG'

Charge model parameter:
------------------------------------------------------
   Z          chi/Eh     kcn/Eh     eta/Eh     rad/AA
------------------------------------------------------
 102 No       1.1434     0.0135     0.6305     0.6695
   6 C        1.4003     0.0601     0.6166     0.9994
   8 O        1.5687     0.1169     0.6793     0.6518
   7 N        1.5582     0.0928     0.6565     0.6998
   1 H        1.2370     0.0492     1.0964     0.2919
   9 F        1.5754     0.1570     0.7723     0.9393
  15 P        1.5267     0.1425     0.7308     0.7313
------------------------------------------------------

Electrostatic properties (in atomic units):
--------------------------------------------------
     #    Z              CN          q        chi
--------------------------------------------------
     1  102 No       6.2061     0.5980     1.1098
     2    6 C        4.2238     0.0402     1.2769
     3    6 C        3.4594     0.3293     1.2886
     4    8 O        1.0003    -0.2446     1.4518
     5    8 O        2.1742    -0.2648     1.3963
     6    7 N        3.9402    -0.5628     1.3740
     7    1 H        0.9918     0.1765     1.1880
     8    1 H        0.9914     0.1716     1.1880
     9    1 H        1.0244     0.2914     1.1872
    10    1 H        1.0005     0.2931     1.1878
    11    9 F        0.9991    -0.0771     1.4184
    12   15 P        3.9886     0.3190     1.2421
    13    9 F        1.9428    -0.0568     1.3565
    14    9 F        1.9334    -0.0447     1.3570
    15    6 C        1.9229     0.2112     1.3170
    16    8 O        1.0008    -0.1793     1.4517
--------------------------------------------------
     Σ                          1.0000
--------------------------------------------------

Electrostatic energy:    4.5778769704595E-01 Eh

[Info] JSON dump of results written to 'multicharge.json'
