[Info] Molecular charge read from '.CHRG'

Charge model parameter:
------------------------------------------------------
   Z          chi/Eh     kcn/Eh     eta/Eh     rad/AA
------------------------------------------------------
  95 Am       1.0010     0.0051     0.6915     0.6095
   6 C        1.4003     0.0601     0.6166     0.9994
   8 O        1.5687     0.1169     0.6793     0.6518
   1 H        1.2370     0.0492     1.0964     0.2919
   7 N        1.5582     0.0928     0.6565     0.6998
------------------------------------------------------

Electrostatic properties (in atomic units):
--------------------------------------------------
     #    Z              CN          q        chi
--------------------------------------------------
     1   95 Am       5.6488     0.7979     0.9890
     2    6 C        3.9607    -0.1436     1.2808
     3    6 C        3.1635     0.1109     1.2935
     4    6 C        3.0027    -0.0604     1.2962
     5    6 C        3.1634     0.1089     1.2935
     6    8 O        1.9919    -0.3515     1.4037
     7    6 C        3.9608    -0.1452     1.2808
     8    8 O        1.9921    -0.3450     1.4037
     9    1 H        0.9924     0.1428     1.1880
    10    1 H        0.9914     0.1566     1.1880
    11    1 H        0.9915     0.1533     1.1880
    12    1 H        0.9933     0.1385     1.1880
    13    1 H        0.9924     0.1425     1.1880
    14    1 H        0.9914     0.1535     1.1880
    15    1 H        0.9915     0.1523     1.1880
    16    7 N        2.9634    -0.3432     1.3984
    17    6 C        3.1456     0.0525     1.2938
    18    6 C        3.0092    -0.0464     1.2961
    19    6 C        3.0215    -0.0427     1.2959
    20    6 C        3.0129    -0.0565     1.2960
    21    6 C        3.1355     0.1260     1.2939
    22    6 C        3.1361     0.1254     1.2939
    23    6 C        3.0127    -0.0572     1.2960
    24    6 C        3.0219    -0.0440     1.2959
    25    6 C        3.0090    -0.0485     1.2961
    26    6 C        3.1506     0.0490     1.2937
    27    7 N        2.9649    -0.3466     1.3984
    28    1 H        0.9924     0.1473     1.1880
    29    1 H        0.9930     0.1607     1.1880
    30    1 H        0.9929     0.1671     1.1880
    31    1 H        0.9932     0.1430     1.1880
    32    1 H        0.9932     0.1430     1.1880
    33    1 H        0.9928     0.1665     1.1880
    34    1 H        0.9930     0.1599     1.1880
    35    1 H        0.9923     0.1435     1.1880
    36    6 C        3.0231    -0.0390     1.2959
    37    6 C        3.0091    -0.0458     1.2961
    38    6 C        3.1346     0.0520     1.2940
    39    7 N        2.9622    -0.3601     1.3985
    40    6 C        3.1579     0.0554     1.2936
    41    6 C        3.0091    -0.0464     1.2961
    42    1 H        0.9928     0.1679     1.1880
    43    1 H        0.9930     0.1597     1.1880
    44    1 H        0.9924     0.1432     1.1880
    45    1 H        0.9925     0.1435     1.1880
    46    1 H        0.9930     0.1591     1.1880
--------------------------------------------------
     Σ                          2.0000
--------------------------------------------------

Electrostatic energy:    9.1923134282952E-01 Eh

[Info] JSON dump of results written to 'multicharge.json'
