[Info] Molecular charge read from '.CHRG'

Charge model parameter:
------------------------------------------------------
   Z          chi/Eh     kcn/Eh     eta/Eh     rad/AA
------------------------------------------------------
  93 Np       1.1090     0.0071     0.5649     0.7462
   8 O        1.5687     0.1169     0.6793     0.6518
   1 H        1.2370     0.0492     1.0964     0.2919
   6 C        1.4003     0.0601     0.6166     0.9994
   7 N        1.5582     0.0928     0.6565     0.6998
  15 P        1.5267     0.1425     0.7308     0.7313
------------------------------------------------------

Electrostatic properties (in atomic units):
--------------------------------------------------
     #    Z              CN          q        chi
--------------------------------------------------
     1   93 Np       6.9452     0.8059     1.0904
     2    8 O        2.9438    -0.5561     1.3681
     3    1 H        1.0044     0.3123     1.1877
     4    1 H        0.9976     0.3220     1.1878
     5    6 C        3.9573    -0.0970     1.2808
     6    6 C        2.0313     0.1318     1.3147
     7    7 N        1.9778    -0.3688     1.4277
     8    1 H        0.9914     0.1897     1.1880
     9    1 H        0.9913     0.1882     1.1880
    10    1 H        0.9914     0.1730     1.1880
    11    6 C        4.0827    -0.0171     1.2789
    12    8 O        1.9843    -0.3078     1.4040
    13   15 P        4.2115     0.3239     1.2343
    14    8 O        2.9379    -0.2943     1.3683
    15    6 C        4.0385    -0.0773     1.2796
    16    8 O        1.9841    -0.3335     1.4040
    17    6 C        4.0401    -0.0206     1.2796
    18    1 H        0.9925     0.1884     1.1880
    19    1 H        0.9921     0.1804     1.1880
    20    1 H        0.9920     0.1713     1.1880
    21    1 H        0.9919     0.1466     1.1880
    22    1 H        0.9921     0.1740     1.1880
    23    1 H        0.9922     0.1274     1.1880
    24    1 H        0.9923     0.1914     1.1880
    25    1 H        0.9922     0.1698     1.1880
    26    1 H        0.9921     0.1653     1.1880
    27    7 N        2.0021    -0.2872     1.4269
    28    7 N        2.1375     0.0995     1.4225
    29    7 N        1.0043    -0.1030     1.4652
    30    6 C        3.9567    -0.1901     1.2808
    31   15 P        3.9383     0.0585     1.2439
    32    6 C        3.9564    -0.1928     1.2808
    33    6 C        3.9570    -0.1728     1.2808
    34    1 H        0.9928     0.1661     1.1880
    35    1 H        0.9930     0.1582     1.1880
    36    1 H        0.9928     0.1374     1.1880
    37    1 H        0.9927     0.1655     1.1880
    38    1 H        0.9926     0.1401     1.1880
    39    1 H        0.9928     0.1528     1.1880
    40    1 H        0.9928     0.1661     1.1880
    41    1 H        0.9930     0.1623     1.1880
    42    1 H        0.9927     0.1673     1.1880
    43    6 C        3.0626     0.1131     1.2952
    44    6 C        3.3443     0.0665     1.2905
    45    7 N        2.9894    -0.3382     1.3978
    46    6 C        3.1395     0.0854     1.2939
    47    6 C        3.0635     0.1272     1.2952
    48    7 N        2.0172    -0.2678     1.4264
    49    1 H        0.9924     0.1906     1.1880
    50    1 H        0.9966     0.1226     1.1879
    51    1 H        0.9928     0.1796     1.1880
    52    1 H        0.9924     0.2042     1.1880
--------------------------------------------------
     Σ                          3.0000
--------------------------------------------------

Electrostatic energy:    1.4508993299210E+00 Eh

[Info] JSON dump of results written to 'multicharge.json'
