[Info] Molecular charge read from './.CHRG'
xTB calculator
 | Coulomb electrostatics
 |  * isotropic Klopman-Ohno electrostatics
 |  * onsite third-order electrostatics
CEH guess
integral cutoff           2.9545082850997E+01 bohr

Atomic charges (in atomic units):
---------------------------------------------------------
     #    Z                 q
---------------------------------------------------------
     1   89 Ac       0.604863
     2    6 C       -0.095017
     3    6 C        0.153807
     4    6 C       -0.196834
     5    6 C        0.151656
     6    8 O       -0.243218
     7    6 C       -0.092926
     8    8 O       -0.261081
     9    1 H        0.047207
    10    1 H        0.049109
    11    1 H        0.048401
    12    1 H        0.042306
    13    1 H        0.046644
    14    1 H        0.052381
    15    1 H        0.046056
    16   16 S       -0.296166
    17    6 C        0.011483
    18    7 N       -0.293809
    19    6 C        0.029824
    20    6 C        0.030171
    21    7 N        0.062746
    22    6 C        0.022191
    23    6 C        0.031614
    24    7 N       -0.098593
    25    1 H        0.047620
    26    1 H        0.045920
    27    1 H        0.041278
    28    1 H        0.048775
    29   53 I       -0.608882
    30    7 N        0.280684
    31    8 O       -0.220991
    32    8 O       -0.204652
    33    8 O       -0.282564
---------------------------------------------------------

Atomic dipole moments (in atomic units):
---------------------------------------------------------
     #    Z                 x            y            z
---------------------------------------------------------
     1   89 Ac      -0.291924    -0.061992     0.191007
     2    6 C        0.002625     0.004206    -0.067416
     3    6 C       -0.113239     0.057332    -0.001878
     4    6 C       -0.023095     0.013554    -0.016271
     5    6 C       -0.053919     0.027164    -0.113299
     6    8 O        0.031570    -0.016729     0.089714
     7    6 C       -0.055763     0.030481     0.031729
     8    8 O        0.090100    -0.047409     0.009651
     9    1 H        0.121322    -0.071198     0.041161
    10    1 H       -0.122942    -0.066789     0.030097
    11    1 H       -0.004403     0.138109     0.039815
    12    1 H        0.097958    -0.054865     0.069864
    13    1 H        0.080833    -0.056557     0.108043
    14    1 H        0.063776     0.109029    -0.068956
    15    1 H       -0.054933    -0.096011    -0.090990
    16   16 S       -0.002266     0.012945    -0.165530
    17    6 C       -0.014368     0.028677     0.023952
    18    7 N       -0.006104     0.024785    -0.105596
    19    6 C        0.150186     0.020254    -0.045536
    20    6 C        0.130371     0.039750     0.083232
    21    7 N        0.050522    -0.046718    -0.275587
    22    6 C       -0.149556    -0.015683     0.049879
    23    6 C       -0.131072    -0.033645    -0.082089
    24    7 N       -0.050796     0.041439     0.316321
    25    1 H       -0.096212    -0.028498    -0.076032
    26    1 H       -0.112095    -0.010784     0.047611
    27    1 H        0.092910     0.025586     0.076680
    28    1 H        0.116078     0.013658    -0.047889
    29   53 I       -0.179750    -0.123693    -0.011705
    30    7 N       -0.026858    -0.031713    -0.013015
    31    8 O       -0.130350    -0.180014    -0.077340
    32    8 O        0.225337     0.009720    -0.101855
    33    8 O       -0.095647     0.157746     0.167460
---------------------------------------------------------
           total     4.232569    -3.358343     0.000447
---------------------------------------------------------

[Info] JSON dump of results written to 'tblite.json'
