[Info] Molecular spin read from './.UHF'
xTB calculator
 | Coulomb electrostatics
 |  * isotropic Klopman-Ohno electrostatics
 |  * onsite third-order electrostatics
CEH guess
integral cutoff           4.0000000000000E+01 bohr

Atomic charges (in atomic units):
---------------------------------------------------------
     #    Z                 q
---------------------------------------------------------
     1  103 Lr       0.695426
     2    8 O       -0.232383
     3    8 O       -0.232245
     4    8 O       -0.230798
---------------------------------------------------------

Atomic dipole moments (in atomic units):
---------------------------------------------------------
     #    Z                 x            y            z
---------------------------------------------------------
     1  103 Lr      -0.260625    -0.370530     0.652649
     2    8 O       -0.002249    -0.003329    -0.028067
     3    8 O       -0.002302     0.025840    -0.011535
     4    8 O        0.025265     0.006607    -0.011535
---------------------------------------------------------
           total    -0.490347    -0.707357     1.247595
---------------------------------------------------------

[Info] JSON dump of results written to 'tblite.json'
