xTB calculator
 | Coulomb electrostatics
 |  * isotropic Klopman-Ohno electrostatics
 |  * onsite third-order electrostatics
CEH guess
integral cutoff           2.4638462780296E+01 bohr

Atomic charges (in atomic units):
---------------------------------------------------------
     #    Z                 q
---------------------------------------------------------
     1   89 Ac       0.261628
     2   17 Cl      -0.261628
---------------------------------------------------------

Atomic dipole moments (in atomic units):
---------------------------------------------------------
     #    Z                 x            y            z
---------------------------------------------------------
     1   89 Ac      -0.559837    -0.969665     0.565925
     2   17 Cl      -0.012545    -0.021729     0.012682
---------------------------------------------------------
           total    -1.148219    -1.988771     1.160705
---------------------------------------------------------

[Info] JSON dump of results written to 'tblite.json'
