[Info] Molecular charge read from './.CHRG'
[Info] Molecular spin read from './.UHF'
xTB calculator
 | Coulomb electrostatics
 |  * isotropic Klopman-Ohno electrostatics
 |  * onsite third-order electrostatics
CEH guess
integral cutoff           4.0000000000000E+01 bohr

Atomic charges (in atomic units):
---------------------------------------------------------
     #    Z                 q
---------------------------------------------------------
     1   96 Cm       0.688270
     2    7 N        0.001375
     3    6 C       -0.000062
     4    6 C       -0.011869
     5    7 N       -0.189359
     6    1 H        0.042521
     7    1 H        0.030377
     8    1 H        0.007027
     9    1 H        0.043267
    10    1 H        0.007933
    11    1 H        0.008206
    12    1 H        0.030412
    13    1 H        0.068297
    14    9 F       -0.399738
    15    8 O       -0.525561
    16   16 S        0.113492
    17    8 O       -0.533743
    18    8 O       -0.466774
    19    8 O       -0.475801
    20   16 S        0.129356
    21    8 O       -0.503906
    22    8 O       -0.436669
    23    7 N       -0.166184
    24    8 O       -0.221573
    25    8 O       -0.239296
---------------------------------------------------------

Atomic dipole moments (in atomic units):
---------------------------------------------------------
     #    Z                 x            y            z
---------------------------------------------------------
     1   96 Cm       0.265254    -0.174200    -0.186279
     2    7 N        0.218300    -0.242946     0.156563
     3    6 C       -0.154586     0.029329     0.043265
     4    6 C       -0.132155     0.118411    -0.060865
     5    7 N        0.389923    -0.027265    -0.166958
     6    1 H        0.032274     0.037421     0.028448
     7    1 H       -0.067536    -0.049406     0.051306
     8    1 H        0.072806    -0.059908     0.074623
     9    1 H        0.045621     0.080111    -0.084809
    10    1 H       -0.040309    -0.082866     0.082037
    11    1 H        0.084384    -0.040172    -0.072048
    12    1 H       -0.015928    -0.054252    -0.074923
    13    1 H        0.010712     0.080526    -0.007272
    14    9 F        0.025379     0.055252    -0.000590
    15    8 O       -0.088382    -0.011532     0.034502
    16   16 S       -0.010537    -0.073472    -0.050702
    17    8 O        0.013426     0.056417    -0.058661
    18    8 O        0.072111    -0.014689     0.047968
    19    8 O        0.088458    -0.034774    -0.039715
    20   16 S       -0.055432    -0.052332     0.038786
    21    8 O        0.001272     0.046800     0.066393
    22    8 O       -0.063822     0.028932    -0.081900
    23    7 N        0.411241     0.017121    -0.026512
    24    8 O       -0.133624     0.180264     0.020741
    25    8 O       -0.121556    -0.191154    -0.003726
---------------------------------------------------------
           total     1.902781    -2.308859    -1.676235
---------------------------------------------------------

[Info] JSON dump of results written to 'tblite.json'
