[Info] Molecular charge read from '.CHRG'

Charge model parameter:
------------------------------------------------------
   Z          chi/Eh     kcn/Eh     eta/Eh     rad/AA
------------------------------------------------------
  89 Ac       1.0458     0.0047     0.6519     0.6470
  35 Br       1.3980     0.0801     0.3934     1.5631
  53 I        1.4034     0.0897     0.3054     2.0116
  16 S        1.4077     0.0713     0.5171     1.1581
------------------------------------------------------

Electrostatic properties (in atomic units):
--------------------------------------------------
     #    Z              CN          q        chi
--------------------------------------------------
     1   89 Ac       2.9610     0.4822     1.0377
     2   35 Br       0.9871    -0.7937     1.3185
     3   53 I        0.9801    -1.0898     1.3146
     4   16 S        0.9982    -0.5988     1.3365
--------------------------------------------------
     Σ                         -2.0000
--------------------------------------------------

Electrostatic energy:   -1.3894700718792E+00 Eh

[Info] JSON dump of results written to 'multicharge.json'
