[Info] Molecular charge read from '.CHRG'

Charge model parameter:
------------------------------------------------------
   Z          chi/Eh     kcn/Eh     eta/Eh     rad/AA
------------------------------------------------------
  94 Pu       1.0104     0.0049     0.6346     0.6641
   6 C        1.4003     0.0601     0.6166     0.9994
  15 P        1.5267     0.1425     0.7308     0.7313
   8 O        1.5687     0.1169     0.6793     0.6518
   1 H        1.2370     0.0492     1.0964     0.2919
  16 S        1.4077     0.0713     0.5171     1.1581
   7 N        1.5582     0.0928     0.6565     0.6998
  35 Br       1.3980     0.0801     0.3934     1.5631
------------------------------------------------------

Electrostatic properties (in atomic units):
--------------------------------------------------
     #    Z              CN          q        chi
--------------------------------------------------
     1   94 Pu       5.8588     0.9052     0.9986
     2    6 C        3.9575    -0.1934     1.2808
     3   15 P        4.3940     0.2111     1.2280
     4    8 O        1.9934    -0.4009     1.4036
     5    6 C        3.9575    -0.2044     1.2808
     6    6 C        3.9578    -0.1919     1.2808
     7    1 H        0.9938     0.1412     1.1879
     8    1 H        0.9942     0.1577     1.1879
     9    1 H        0.9947     0.1501     1.1879
    10    1 H        0.9939     0.1468     1.1879
    11    1 H        0.9940     0.1413     1.1879
    12    1 H        0.9943     0.1470     1.1879
    13    1 H        0.9938     0.1406     1.1879
    14    1 H        0.9944     0.1511     1.1879
    15    1 H        0.9943     0.1567     1.1879
    16   16 S        1.0150     0.0809     1.3359
    17    6 C        2.1651     0.2336     1.3119
    18    7 N        2.0124    -0.4090     1.4266
    19    6 C        1.8935     0.1600     1.3176
    20    8 O        0.9998    -0.2416     1.4518
    21    6 C        1.5236     0.1212     1.3262
    22    7 N        1.9954    -0.3636     1.4271
    23   35 Br       0.9974    -0.0398     1.3181
--------------------------------------------------
     Σ                          1.0000
--------------------------------------------------

Electrostatic energy:    3.5433820144695E-01 Eh

[Info] JSON dump of results written to 'multicharge.json'
