[Info] Molecular charge read from '.CHRG'

Charge model parameter:
------------------------------------------------------
   Z          chi/Eh     kcn/Eh     eta/Eh     rad/AA
------------------------------------------------------
  96 Cm       1.1100     0.0071     0.5609     0.7515
   6 C        1.4003     0.0601     0.6166     0.9994
   8 O        1.5687     0.1169     0.6793     0.6518
   7 N        1.5582     0.0928     0.6565     0.6998
   1 H        1.2370     0.0492     1.0964     0.2919
  16 S        1.4077     0.0713     0.5171     1.1581
------------------------------------------------------

Electrostatic properties (in atomic units):
--------------------------------------------------
     #    Z              CN          q        chi
--------------------------------------------------
     1   96 Cm       6.7683     0.8216     1.0915
     2    6 C        4.0202    -0.0409     1.2799
     3    6 C        3.0967     0.2403     1.2946
     4    8 O        1.0002    -0.5788     1.4518
     5    8 O        1.9403    -0.3683     1.4058
     6    7 N        3.8871    -0.6112     1.3752
     7    1 H        0.9898     0.0405     1.1880
     8    1 H        0.9908     0.0733     1.1880
     9    1 H        1.0353     0.2205     1.1869
    10    1 H        0.9997     0.2754     1.1878
    11    6 C        4.0953    -0.1211     1.2788
    12    8 O        1.9778    -0.4334     1.4043
    13    1 H        0.9885     0.0842     1.1881
    14    1 H        0.9859     0.0213     1.1881
    15    1 H        0.9877     0.0551     1.1881
    16    7 N        2.2844    -0.1877     1.4179
    17    8 O        1.6875    -0.2873     1.4168
    18    8 O        1.8279    -0.2870     1.4106
    19    8 O        1.9834    -0.3904     1.4040
    20   16 S        3.1531     0.3465     1.2811
    21    8 O        0.9990    -0.5294     1.4518
    22    8 O        0.9989    -0.5408     1.4518
    23    7 N        2.0297    -0.1443     1.4260
    24    8 O        1.0025    -0.4240     1.4516
    25    8 O        1.9117    -0.2343     1.4070
--------------------------------------------------
     Σ                         -3.0000
--------------------------------------------------

Electrostatic energy:   -2.3891621411666E+00 Eh

[Info] JSON dump of results written to 'multicharge.json'
