[Info] Molecular charge read from './.CHRG'
[Info] Molecular spin read from './.UHF'
xTB calculator
 | Coulomb electrostatics
 |  * isotropic Klopman-Ohno electrostatics
 |  * onsite third-order electrostatics
CEH guess
integral cutoff           4.0000000000000E+01 bohr

Atomic charges (in atomic units):
---------------------------------------------------------
     #    Z                 q
---------------------------------------------------------
     1   97 Bk       1.074174
     2   16 S       -0.672513
     3    9 F       -0.221311
     4   17 Cl      -0.393513
     5   35 Br      -0.407154
     6   53 I       -0.379683
---------------------------------------------------------

Atomic dipole moments (in atomic units):
---------------------------------------------------------
     #    Z                 x            y            z
---------------------------------------------------------
     1   97 Bk      -0.066888    -0.170575    -0.573187
     2   16 S        0.021611     0.035487     0.012939
     3    9 F        0.013455     0.022372    -0.079596
     4   17 Cl       0.013544     0.022273     0.001281
     5   35 Br       0.054789    -0.004407    -0.007600
     6   53 I       -0.091704     0.169109    -0.048018
---------------------------------------------------------
           total    -0.277205    -0.733568    -3.690817
---------------------------------------------------------

[Info] JSON dump of results written to 'tblite.json'
