[Info] Molecular charge read from './.CHRG'
[Info] Molecular spin read from './.UHF'
xTB calculator
 | Coulomb electrostatics
 |  * isotropic Klopman-Ohno electrostatics
 |  * onsite third-order electrostatics
CEH guess
integral cutoff           3.1696596754680E+01 bohr

Atomic charges (in atomic units):
---------------------------------------------------------
     #    Z                 q
---------------------------------------------------------
     1   91 Pa       0.981265
     2    4 Be       0.187861
     3   20 Ca       0.892266
     4   50 Sn       0.133546
     5    1 H       -0.194938
---------------------------------------------------------

Atomic dipole moments (in atomic units):
---------------------------------------------------------
     #    Z                 x            y            z
---------------------------------------------------------
     1   91 Pa      -1.288758     1.874486     0.946016
     2    4 Be       0.669094     0.061634    -0.071796
     3   20 Ca       0.375160    -0.817482     0.353604
     4   50 Sn      -0.144464    -0.439346    -0.935334
     5    1 H       -0.053823    -0.032200     0.110592
---------------------------------------------------------
           total     0.031714    -2.847274     1.909585
---------------------------------------------------------

[Info] JSON dump of results written to 'tblite.json'
