[Info] Molecular charge read from '.CHRG'

Charge model parameter:
------------------------------------------------------
   Z          chi/Eh     kcn/Eh     eta/Eh     rad/AA
------------------------------------------------------
 102 No       1.1434     0.0135     0.6305     0.6695
   1 H        1.2370     0.0492     1.0964     0.2919
  11 Na       0.5594    -0.1000     0.8641     0.6787
   9 F        1.5754     0.1570     0.7723     0.9393
------------------------------------------------------

Electrostatic properties (in atomic units):
--------------------------------------------------
     #    Z              CN          q        chi
--------------------------------------------------
     1  102 No       1.2663     0.3726     1.1282
     2    1 H        0.8516     0.0593     1.1916
     3   11 Na       1.2635     0.8809     0.6718
     4    1 H        0.8516     0.0587     1.1916
     5    9 F        1.9913    -0.3714     1.3538
--------------------------------------------------
     Σ                          1.0000
--------------------------------------------------

Electrostatic energy:    3.2492778164674E-01 Eh

[Info] JSON dump of results written to 'multicharge.json'
