Charge model parameter:
------------------------------------------------------
   Z          chi/Eh     kcn/Eh     eta/Eh     rad/AA
------------------------------------------------------
  99 Es       1.0593     0.0030     0.5898     0.7145
  35 Br       1.3980     0.0801     0.3934     1.5631
------------------------------------------------------

Electrostatic properties (in atomic units):
--------------------------------------------------
     #    Z              CN          q        chi
--------------------------------------------------
     1   99 Es       5.7974     0.6250     1.0521
     2   35 Br       1.6561    -0.1038     1.2950
     3   35 Br       1.6548    -0.1039     1.2950
     4   35 Br       1.6583    -0.1037     1.2949
     5   35 Br       1.6560    -0.1048     1.2950
     6   35 Br       1.6583    -0.1038     1.2949
     7   35 Br       1.6550    -0.1050     1.2950
--------------------------------------------------
     Σ                         -0.0000
--------------------------------------------------

Electrostatic energy:   -7.5881072557270E-02 Eh

[Info] JSON dump of results written to 'multicharge.json'
