Charge model parameter:
------------------------------------------------------
   Z          chi/Eh     kcn/Eh     eta/Eh     rad/AA
------------------------------------------------------
  94 Pu       1.0104     0.0049     0.6346     0.6641
   4 Be       0.9967    -0.0267     0.6200     0.8028
   8 O        1.5687     0.1169     0.6793     0.6518
------------------------------------------------------

Electrostatic properties (in atomic units):
--------------------------------------------------
     #    Z              CN          q        chi
--------------------------------------------------
     1   94 Pu       1.5273     0.3533     1.0044
     2    4 Be       2.4703     0.4202     1.0386
     3    4 Be       0.9450     0.0701     1.0226
     4    8 O        1.9968    -0.8437     1.4035
--------------------------------------------------
     Σ                          0.0000
--------------------------------------------------

Electrostatic energy:   -1.6053992451946E-01 Eh

[Info] JSON dump of results written to 'multicharge.json'
