Charge model parameter:
------------------------------------------------------
   Z          chi/Eh     kcn/Eh     eta/Eh     rad/AA
------------------------------------------------------
  89 Ac       1.0458     0.0047     0.6519     0.6470
  17 Cl       1.4815     0.1368     0.7586     0.7238
------------------------------------------------------

Electrostatic properties (in atomic units):
--------------------------------------------------
     #    Z              CN          q        chi
--------------------------------------------------
     1   89 Ac       4.8690     0.5428     1.0354
     2   17 Cl       1.4477    -0.0954     1.3169
     3   17 Cl       1.4502    -0.0951     1.3168
     4   17 Cl       0.9955    -0.1620     1.3450
     5   17 Cl       1.4477    -0.0953     1.3169
     6   17 Cl       1.4502    -0.0952     1.3168
--------------------------------------------------
     Σ                          0.0000
--------------------------------------------------

Electrostatic energy:   -7.8679896945524E-02 Eh

[Info] JSON dump of results written to 'multicharge.json'
