[Info] Molecular charge read from '.CHRG'

Charge model parameter:
------------------------------------------------------
   Z          chi/Eh     kcn/Eh     eta/Eh     rad/AA
------------------------------------------------------
  99 Es       1.0593     0.0030     0.5898     0.7145
   6 C        1.4003     0.0601     0.6166     0.9994
   8 O        1.5687     0.1169     0.6793     0.6518
   1 H        1.2370     0.0492     1.0964     0.2919
   7 N        1.5582     0.0928     0.6565     0.6998
  17 Cl       1.4815     0.1368     0.7586     0.7238
------------------------------------------------------

Electrostatic properties (in atomic units):
--------------------------------------------------
     #    Z              CN          q        chi
--------------------------------------------------
     1   99 Es       5.7237     0.8703     1.0522
     2    6 C        3.0136    -0.1277     1.2960
     3    6 C        3.0127    -0.1262     1.2960
     4    6 C        3.0174    -0.0962     1.2960
     5    6 C        3.0195     0.0138     1.2959
     6    6 C        3.0150    -0.1003     1.2960
     7    6 C        3.0126    -0.1308     1.2961
     8    6 C        3.0182     0.2303     1.2960
     9    8 O        1.8516    -0.3679     1.4096
    10    8 O        1.9760    -0.4896     1.4043
    11    1 H        0.9927     0.0818     1.1880
    12    1 H        0.9928     0.0878     1.1880
    13    1 H        0.9928     0.1261     1.1880
    14    1 H        0.9930     0.1159     1.1880
    15    1 H        0.9928     0.0832     1.1880
    16    1 H        1.1969     0.2604     1.1832
    17    6 C        3.0819     0.0322     1.2949
    18    6 C        3.0775     0.0248     1.2949
    19    7 N        2.8299    -0.3466     1.4021
    20    6 C        3.0821     0.0168     1.2949
    21    6 C        3.0814     0.0309     1.2949
    22    7 N        2.0128    -0.4163     1.4265
    23    1 H        0.9924     0.0935     1.1880
    24    1 H        0.9917     0.1389     1.1880
    25    1 H        0.9921     0.1088     1.1880
    26    1 H        0.9924     0.0905     1.1880
    27    6 C        3.9505    -0.1097     1.2809
    28    8 O        1.9771    -0.5157     1.4043
    29    1 H        0.9908     0.0860     1.1880
    30    1 H        0.9896     0.0804     1.1880
    31    1 H        0.9904     0.1096     1.1880
    32    1 H        0.9904     0.3114     1.1880
    33    8 O        1.9891    -0.6122     1.4038
    34    1 H        1.0593     0.2651     1.1864
    35   17 Cl       1.1552    -0.2052     1.3345
    36    6 C        4.0145    -0.1005     1.2800
    37    8 O        1.9914    -0.4327     1.4037
    38    1 H        0.9891     0.0806     1.1881
    39    1 H        0.9893     0.0826     1.1881
    40    1 H        0.9891     0.0749     1.1881
    41    6 C        3.9532    -0.2451     1.2809
    42    6 C        4.0039    -0.0369     1.2801
    43    8 O        1.9917    -0.4413     1.4037
    44    1 H        0.9911     0.0609     1.1880
    45    1 H        0.9914     0.0902     1.1880
    46    1 H        0.9914     0.0896     1.1880
    47    1 H        0.9885     0.0803     1.1881
    48    1 H        0.9890     0.0832     1.1881
--------------------------------------------------
     Σ                         -1.0000
--------------------------------------------------

Electrostatic energy:   -1.1009511286861E+00 Eh

[Info] JSON dump of results written to 'multicharge.json'
