[Info] Molecular charge read from '.CHRG'

Charge model parameter:
------------------------------------------------------
   Z          chi/Eh     kcn/Eh     eta/Eh     rad/AA
------------------------------------------------------
 103 Lr       1.1371     0.0068     0.5937     0.7095
  20 Ca       0.7544    -0.0898     0.5212     0.8406
  49 In       1.1101    -0.0151     0.4977     0.8144
   8 O        1.5687     0.1169     0.6793     0.6518
  34 Se       1.3649     0.0656     0.4617     1.1999
------------------------------------------------------

Electrostatic properties (in atomic units):
--------------------------------------------------
     #    Z              CN          q        chi
--------------------------------------------------
     1  103 Lr       3.8073     0.4115     1.1240
     2   20 Ca       2.8197     0.9237     0.9052
     3   49 In       2.7053     0.3058     1.1348
     4    8 O        0.9988    -0.4260     1.4518
     5   34 Se       2.8045    -0.2150     1.2550
--------------------------------------------------
     Σ                          1.0000
--------------------------------------------------

Electrostatic energy:    3.7869676593295E-01 Eh

[Info] JSON dump of results written to 'multicharge.json'
