[Info] Molecular charge read from '.CHRG'

Charge model parameter:
------------------------------------------------------
   Z          chi/Eh     kcn/Eh     eta/Eh     rad/AA
------------------------------------------------------
  90 Th       1.0989     0.0159     0.6181     0.6812
   6 C        1.4003     0.0601     0.6166     0.9994
   8 O        1.5687     0.1169     0.6793     0.6518
   7 N        1.5582     0.0928     0.6565     0.6998
   1 H        1.2370     0.0492     1.0964     0.2919
  16 S        1.4077     0.0713     0.5171     1.1581
  53 I        1.4034     0.0897     0.3054     2.0116
------------------------------------------------------

Electrostatic properties (in atomic units):
--------------------------------------------------
     #    Z              CN          q        chi
--------------------------------------------------
     1   90 Th       6.0331     0.6606     1.0598
     2    6 C        1.9094     0.1550     1.3173
     3    8 O        1.0002    -0.1372     1.4518
     4    6 C        3.0600     0.1547     1.2952
     5    6 C        3.2351     0.1105     1.2923
     6    7 N        2.9938    -0.3366     1.3976
     7    6 C        3.2589     0.0976     1.2919
     8    6 C        3.0599     0.1521     1.2952
     9    7 N        2.0172    -0.2361     1.4264
    10    1 H        0.9924     0.2259     1.1880
    11    1 H        0.9925     0.1905     1.1880
    12    1 H        0.9927     0.1705     1.1880
    13    1 H        0.9924     0.2232     1.1880
    14   16 S        1.9240     0.1952     1.3088
    15    6 C        2.9672     0.2279     1.2968
    16    7 N        2.0150    -0.2846     1.4265
    17   53 I        0.9977     0.4306     1.3138
--------------------------------------------------
     Σ                          2.0000
--------------------------------------------------

Electrostatic energy:    1.1187953782718E+00 Eh

[Info] JSON dump of results written to 'multicharge.json'
