[Info] Molecular charge read from './.CHRG'
[Info] Molecular spin read from './.UHF'
xTB calculator
 | Coulomb electrostatics
 |  * isotropic Klopman-Ohno electrostatics
 |  * onsite third-order electrostatics
CEH guess
integral cutoff           4.0000000000000E+01 bohr

Atomic charges (in atomic units):
---------------------------------------------------------
     #    Z                 q
---------------------------------------------------------
     1  100 Fm       0.808790
     2    6 C       -0.002545
     3    6 C       -0.054276
     4    6 C       -0.062323
     5    6 C       -0.008453
     6    8 O       -0.113546
     7    1 H        0.057981
     8    1 H        0.023721
     9    1 H        0.018839
    10    1 H        0.046184
    11    1 H        0.043890
    12    1 H        0.038285
    13    1 H        0.007622
    14    1 H        0.073710
    15    8 O       -0.441120
    16   16 S        0.274162
    17    8 O       -0.449210
    18    8 O       -0.398046
    19    8 O       -0.406920
    20   16 S        0.261699
    21    8 O       -0.452247
    22    8 O       -0.456275
    23    6 C       -0.125212
    24   15 P        0.182657
    25    6 C       -0.121819
    26    6 C       -0.125976
    27    1 H        0.013912
    28    1 H        0.048482
    29    1 H        0.038855
    30    1 H        0.014844
    31    1 H        0.041852
    32    1 H        0.039264
    33    1 H        0.013206
    34    1 H        0.038100
    35    1 H        0.051973
    36    7 N       -0.122499
    37    1 H        0.077380
    38    1 H        0.067247
    39    1 H        0.057813
---------------------------------------------------------

Atomic dipole moments (in atomic units):
---------------------------------------------------------
     #    Z                 x            y            z
---------------------------------------------------------
     1  100 Fm       0.163553     0.382636    -0.002373
     2    6 C       -0.002701    -0.093602    -0.213922
     3    6 C        0.023810    -0.101008    -0.032591
     4    6 C        0.073422    -0.042203     0.068311
     5    6 C       -0.018417     0.012077     0.225331
     6    8 O       -0.018287     0.131013    -0.034810
     7    1 H       -0.103133    -0.028487     0.085374
     8    1 H        0.119930     0.025762     0.048734
     9    1 H        0.108625     0.077064    -0.016907
    10    1 H       -0.114875     0.033359     0.062824
    11    1 H        0.031871     0.088856    -0.100537
    12    1 H       -0.121691    -0.050461     0.020938
    13    1 H        0.113390     0.035229    -0.035047
    14    1 H       -0.057072    -0.097659    -0.082328
    15    8 O       -0.001587     0.016005     0.094824
    16   16 S        0.005185    -0.035517    -0.010399
    17    8 O       -0.026030     0.047227    -0.078093
    18    8 O        0.013428    -0.068948    -0.016782
    19    8 O       -0.079395     0.018099    -0.018775
    20   16 S       -0.024761     0.016659    -0.003537
    21    8 O        0.008629    -0.057576     0.079969
    22    8 O        0.068117     0.030379    -0.073081
    23    6 C       -0.022484     0.007683     0.020765
    24   15 P       -0.077077    -0.057618     0.007340
    25    6 C       -0.013758    -0.004865    -0.023028
    26    6 C        0.004641    -0.034372     0.003466
    27    1 H       -0.119545    -0.089742     0.030654
    28    1 H        0.139280    -0.062164     0.029742
    29    1 H       -0.002670     0.056805    -0.145890
    30    1 H       -0.120799    -0.094600    -0.005753
    31    1 H       -0.014228     0.116077     0.104881
    32    1 H        0.138768    -0.069939     0.014987
    33    1 H       -0.103402    -0.110631     0.022766
    34    1 H       -0.000837     0.057292    -0.143012
    35    1 H       -0.010204     0.120092     0.095747
    36    7 N        0.297268    -0.089208     0.164652
    37    1 H        0.023641    -0.065044    -0.066579
    38    1 H       -0.050348    -0.045499     0.096688
    39    1 H        0.052899     0.106818     0.002139
---------------------------------------------------------
           total     1.517913    -0.238186    -0.340202
---------------------------------------------------------

[Info] JSON dump of results written to 'tblite.json'
