[Info] Molecular charge read from '.CHRG'

Charge model parameter:
------------------------------------------------------
   Z          chi/Eh     kcn/Eh     eta/Eh     rad/AA
------------------------------------------------------
  92 U        1.0982     0.0042     0.6173     0.6828
  38 Sr       0.5880    -0.0670     0.6512     0.8612
  53 I        1.4034     0.0897     0.3054     2.0116
   9 F        1.5754     0.1570     0.7723     0.9393
------------------------------------------------------

Electrostatic properties (in atomic units):
--------------------------------------------------
     #    Z              CN          q        chi
--------------------------------------------------
     1   92 U        2.8913     0.1963     1.0911
     2   38 Sr       0.9104     0.6871     0.6519
     3   53 I        0.9867    -1.3139     1.3143
     4    9 F        0.9983    -0.5695     1.4185
--------------------------------------------------
     Σ                         -1.0000
--------------------------------------------------

Electrostatic energy:   -9.3629494871560E-01 Eh

[Info] JSON dump of results written to 'multicharge.json'
