xTB calculator
 | Coulomb electrostatics
 |  * isotropic Klopman-Ohno electrostatics
 |  * onsite third-order electrostatics
CEH guess
integral cutoff           4.0000000000000E+01 bohr

Atomic charges (in atomic units):
---------------------------------------------------------
     #    Z                 q
---------------------------------------------------------
     1  103 Lr       0.456329
     2    7 N       -0.128819
     3    6 C        0.002975
     4    6 C        0.011129
     5    7 N       -0.125441
     6    1 H        0.099084
     7    1 H        0.104087
     8    1 H        0.064883
     9    1 H        0.067702
    10    1 H        0.064969
    11    1 H        0.070964
    12    1 H        0.097690
    13    1 H        0.107471
    14   35 Br      -0.422219
    15    6 C       -0.072679
    16    6 C        0.036633
    17    8 O       -0.149689
    18    1 H        0.061856
    19    1 H        0.042040
    20    1 H        0.022429
    21    1 H        0.051913
    22    1 H        0.061821
    23    1 H        0.169908
    24    7 N       -0.013302
    25    8 O       -0.202491
    26    8 O       -0.233466
    27    7 N       -0.381699
    28    7 N        0.091639
    29    7 N       -0.227290
    30    6 C        0.044860
    31    6 C       -0.013595
    32    6 C        0.029137
    33    7 N       -0.049481
    34    6 C        0.035668
    35    6 C       -0.013586
    36    1 H        0.037697
    37    1 H        0.042033
    38    1 H        0.052236
    39    1 H        0.063472
    40    1 H        0.043131
---------------------------------------------------------

Atomic dipole moments (in atomic units):
---------------------------------------------------------
     #    Z                 x            y            z
---------------------------------------------------------
     1  103 Lr       0.184533     0.192079    -0.406857
     2    7 N        0.285655    -0.121360     0.160308
     3    6 C       -0.079151     0.187884    -0.084177
     4    6 C       -0.202081     0.101943     0.010271
     5    7 N        0.115418    -0.318820    -0.038656
     6    1 H        0.061743     0.046848    -0.049892
     7    1 H       -0.040779     0.015620     0.085613
     8    1 H       -0.089980    -0.050914     0.061315
     9    1 H        0.115678    -0.012701     0.039652
    10    1 H        0.011385    -0.121052    -0.005758
    11    1 H        0.075271     0.066717    -0.065958
    12    1 H       -0.063662    -0.043726     0.055914
    13    1 H        0.002682     0.012136    -0.094088
    14   35 Br       0.101522     0.079958    -0.146970
    15    6 C        0.084126    -0.042681    -0.019588
    16    6 C        0.189277     0.169697    -0.043921
    17    8 O       -0.110785     0.025007    -0.044434
    18    1 H       -0.115258    -0.077473     0.028244
    19    1 H       -0.021234     0.094385    -0.107138
    20    1 H        0.051283     0.056452     0.113281
    21    1 H       -0.043802    -0.058704    -0.101674
    22    1 H        0.020350    -0.077514     0.101934
    23    1 H       -0.029377     0.072341    -0.088171
    24    7 N       -0.286269    -0.100053     0.315306
    25    8 O        0.172601     0.095050     0.056539
    26    8 O       -0.057206    -0.054925    -0.187543
    27    7 N       -0.235387    -0.066908    -0.369356
    28    7 N        0.062294     0.004444     0.092809
    29    7 N        0.216938     0.040543     0.322724
    30    6 C       -0.000202    -0.013080    -0.008391
    31    6 C        0.014222    -0.003679    -0.026829
    32    6 C        0.074433    -0.035102    -0.148950
    33    7 N        0.025597     0.248622     0.158538
    34    6 C       -0.092134    -0.142474     0.035498
    35    6 C       -0.016204    -0.024550     0.009498
    36    1 H        0.008767     0.113143     0.071918
    37    1 H       -0.068820     0.003119     0.112929
    38    1 H       -0.065252    -0.095683     0.029417
    39    1 H        0.053329    -0.020229    -0.106309
    40    1 H        0.075961     0.095719    -0.051189
---------------------------------------------------------
           total     2.247085    -1.316583     1.974485
---------------------------------------------------------

[Info] JSON dump of results written to 'tblite.json'
