Charge model parameter:
------------------------------------------------------
   Z          chi/Eh     kcn/Eh     eta/Eh     rad/AA
------------------------------------------------------
  97 Bk       1.1683     0.0046     0.5532     0.7618
   3 Li       0.5434    -0.1235     0.9742     0.4791
   1 H        1.2370     0.0492     1.0964     0.2919
------------------------------------------------------

Electrostatic properties (in atomic units):
--------------------------------------------------
     #    Z              CN          q        chi
--------------------------------------------------
     1   97 Bk       3.7314    -0.1414     1.1594
     2    3 Li       1.9079     0.4746     0.7140
     3    1 H        0.9641    -0.0846     1.1887
     4    1 H        0.9650    -0.0849     1.1887
     5    1 H        1.8104    -0.1637     1.1708
--------------------------------------------------
     Σ                         -0.0000
--------------------------------------------------

Electrostatic energy:   -1.0910799094499E-01 Eh

[Info] JSON dump of results written to 'multicharge.json'
