Charge model parameter:
------------------------------------------------------
   Z          chi/Eh     kcn/Eh     eta/Eh     rad/AA
------------------------------------------------------
  94 Pu       1.0104     0.0049     0.6346     0.6641
   9 F        1.5754     0.1570     0.7723     0.9393
------------------------------------------------------

Electrostatic properties (in atomic units):
--------------------------------------------------
     #    Z              CN          q        chi
--------------------------------------------------
     1   94 Pu       3.9801     0.9698     1.0006
     2    9 F        0.9989    -0.2422     1.4184
     3    9 F        0.9989    -0.2424     1.4184
     4    9 F        0.9989    -0.2424     1.4184
     5    9 F        0.9989    -0.2428     1.4184
--------------------------------------------------
     Σ                         -0.0000
--------------------------------------------------

Electrostatic energy:   -2.0258527327897E-01 Eh

[Info] JSON dump of results written to 'multicharge.json'
