[Info] Molecular charge read from '.CHRG'

Charge model parameter:
------------------------------------------------------
   Z          chi/Eh     kcn/Eh     eta/Eh     rad/AA
------------------------------------------------------
  99 Es       1.0593     0.0030     0.5898     0.7145
   7 N        1.5582     0.0928     0.6565     0.6998
   6 C        1.4003     0.0601     0.6166     0.9994
   1 H        1.2370     0.0492     1.0964     0.2919
   8 O        1.5687     0.1169     0.6793     0.6518
  16 S        1.4077     0.0713     0.5171     1.1581
  15 P        1.5267     0.1425     0.7308     0.7313
------------------------------------------------------

Electrostatic properties (in atomic units):
--------------------------------------------------
     #    Z              CN          q        chi
--------------------------------------------------
     1   99 Es       6.8623     0.7906     1.0515
     2    7 N        3.9006    -0.5864     1.3749
     3    6 C        4.0193    -0.0479     1.2799
     4    6 C        4.0235    -0.0505     1.2798
     5    7 N        3.8920    -0.5874     1.3751
     6    1 H        1.0163     0.2240     1.1874
     7    1 H        1.0011     0.2308     1.1878
     8    1 H        0.9913     0.1112     1.1880
     9    1 H        0.9905     0.0649     1.1880
    10    1 H        0.9903     0.0651     1.1880
    11    1 H        0.9912     0.0974     1.1880
    12    1 H        1.0170     0.2447     1.1874
    13    1 H        1.0001     0.2170     1.1878
    14    6 C        1.9514     0.0162     1.3164
    15    7 N        1.0025    -0.4830     1.4653
    16    6 C        4.0275    -0.0939     1.2798
    17    8 O        1.9909    -0.4251     1.4037
    18    1 H        0.9893     0.0802     1.1881
    19    1 H        0.9895     0.0845     1.1880
    20    1 H        0.9901     0.1109     1.1880
    21    7 N        1.9703    -0.3648     1.4279
    22    7 N        2.0491     0.0036     1.4254
    23    7 N        1.0049    -0.4006     1.4652
    24   16 S        1.9310    -0.1930     1.3086
    25    6 C        2.3340     0.1195     1.3085
    26    7 N        1.0093    -0.5089     1.4650
    27    6 C        3.9557    -0.2422     1.2808
    28   15 P        3.9121     0.0605     1.2449
    29    6 C        3.9557    -0.2491     1.2808
    30    6 C        3.9556    -0.2380     1.2808
    31    1 H        0.9920     0.0806     1.1880
    32    1 H        0.9933     0.1203     1.1880
    33    1 H        0.9931     0.1074     1.1880
    34    1 H        0.9920     0.0800     1.1880
    35    1 H        0.9933     0.1218     1.1880
    36    1 H        0.9935     0.1070     1.1879
    37    1 H        0.9921     0.0811     1.1880
    38    1 H        0.9934     0.1193     1.1880
    39    1 H        0.9929     0.1320     1.1880
--------------------------------------------------
     Σ                         -1.0000
--------------------------------------------------

Electrostatic energy:   -1.0844225371525E+00 Eh

[Info] JSON dump of results written to 'multicharge.json'
