[Info] Molecular charge read from '.CHRG'

Charge model parameter:
------------------------------------------------------
   Z          chi/Eh     kcn/Eh     eta/Eh     rad/AA
------------------------------------------------------
  97 Bk       1.1683     0.0046     0.5532     0.7618
  16 S        1.4077     0.0713     0.5171     1.1581
   9 F        1.5754     0.1570     0.7723     0.9393
  17 Cl       1.4815     0.1368     0.7586     0.7238
  35 Br       1.3980     0.0801     0.3934     1.5631
  53 I        1.4034     0.0897     0.3054     2.0116
------------------------------------------------------

Electrostatic properties (in atomic units):
--------------------------------------------------
     #    Z              CN          q        chi
--------------------------------------------------
     1   97 Bk       4.8853     0.4610     1.1581
     2   16 S        1.6500    -0.2026     1.3161
     3    9 F        0.9980    -0.3407     1.4185
     4   17 Cl       0.9932    -0.2220     1.3452
     5   35 Br       1.1296    -0.3374     1.3129
     6   53 I        1.5083    -0.3584     1.2933
--------------------------------------------------
     Σ                         -1.0000
--------------------------------------------------

Electrostatic energy:   -7.1052267817941E-01 Eh

[Info] JSON dump of results written to 'multicharge.json'
