[Info] Molecular spin read from './.UHF'
xTB calculator
 | Coulomb electrostatics
 |  * isotropic Klopman-Ohno electrostatics
 |  * onsite third-order electrostatics
CEH guess
integral cutoff           4.0000000000000E+01 bohr

Atomic charges (in atomic units):
---------------------------------------------------------
     #    Z                 q
---------------------------------------------------------
     1   97 Bk       0.986726
     2   17 Cl      -0.248099
     3   17 Cl      -0.158675
     4   17 Cl      -0.174038
     5   17 Cl      -0.247765
     6   17 Cl      -0.158149
---------------------------------------------------------

Atomic dipole moments (in atomic units):
---------------------------------------------------------
     #    Z                 x            y            z
---------------------------------------------------------
     1   97 Bk      -0.054344     0.037085    -0.057659
     2   17 Cl       0.021149    -0.015100    -0.035912
     3   17 Cl      -0.008557    -0.007838     0.036646
     4   17 Cl       0.028242     0.048268     0.001084
     5   17 Cl      -0.032120     0.016727     0.025780
     6   17 Cl       0.026320    -0.027097    -0.003622
---------------------------------------------------------
           total    -0.905067     0.165321    -0.853019
---------------------------------------------------------

[Info] JSON dump of results written to 'tblite.json'
