Charge model parameter:
------------------------------------------------------
   Z          chi/Eh     kcn/Eh     eta/Eh     rad/AA
------------------------------------------------------
  96 Cm       1.1100     0.0071     0.5609     0.7515
   6 C        1.4003     0.0601     0.6166     0.9994
   8 O        1.5687     0.1169     0.6793     0.6518
   7 N        1.5582     0.0928     0.6565     0.6998
   1 H        1.2370     0.0492     1.0964     0.2919
  17 Cl       1.4815     0.1368     0.7586     0.7238
  53 I        1.4034     0.0897     0.3054     2.0116
------------------------------------------------------

Electrostatic properties (in atomic units):
--------------------------------------------------
     #    Z              CN          q        chi
--------------------------------------------------
     1   96 Cm       7.0175     0.7299     1.0912
     2    6 C        4.0219    -0.0136     1.2799
     3    6 C        3.9531     0.2633     1.2809
     4    8 O        1.9331    -0.3535     1.4061
     5    8 O        1.8952    -0.3519     1.4077
     6    7 N        3.7176    -0.5969     1.3793
     7    1 H        0.9920     0.1114     1.1880
     8    1 H        0.9922     0.1146     1.1880
     9    1 H        0.9966     0.2465     1.1879
    10    1 H        0.9965     0.2421     1.1879
    11    6 C        3.9936    -0.1181     1.2803
    12    8 O        2.9021    -0.4255     1.3695
    13    1 H        0.9915     0.1187     1.1880
    14    1 H        0.9916     0.1127     1.1880
    15    1 H        0.9921     0.1239     1.1880
    16    1 H        1.0142     0.2508     1.1874
    17    6 C        3.0765     0.0605     1.2950
    18    6 C        3.0948     0.0280     1.2946
    19    7 N        2.9185    -0.3486     1.3997
    20    6 C        3.1187     0.0427     1.2942
    21    6 C        3.0764     0.0616     1.2950
    22    7 N        2.0146    -0.3677     1.4265
    23    1 H        0.9925     0.1238     1.1880
    24    1 H        0.9925     0.1217     1.1880
    25    1 H        0.9928     0.1389     1.1880
    26    1 H        0.9925     0.1257     1.1880
    27   17 Cl       0.9886    -0.1704     1.3455
    28   53 I        0.9868    -0.2703     1.3143
--------------------------------------------------
     Σ                          0.0000
--------------------------------------------------

Electrostatic energy:   -3.0315858451583E-01 Eh

[Info] JSON dump of results written to 'multicharge.json'
