[Info] Molecular charge read from './.CHRG'
[Info] Molecular spin read from './.UHF'
xTB calculator
 | Coulomb electrostatics
 |  * isotropic Klopman-Ohno electrostatics
 |  * onsite third-order electrostatics
CEH guess
integral cutoff           4.0000000000000E+01 bohr

Atomic charges (in atomic units):
---------------------------------------------------------
     #    Z                 q
---------------------------------------------------------
     1   96 Cm       0.708745
     2   16 S       -0.299730
     3    6 C       -0.003596
     4    7 N       -0.199631
     5    6 C       -0.098301
     6   15 P        0.351580
     7    8 O       -0.280569
     8    6 C       -0.105513
     9    6 C       -0.102381
    10    1 H        0.042564
    11    1 H        0.049940
    12    1 H        0.049693
    13    1 H        0.053966
    14    1 H        0.043199
    15    1 H        0.045775
    16    1 H        0.052844
    17    1 H        0.043837
    18    1 H        0.043007
    19    8 O       -0.448071
    20   16 S        0.297534
    21    8 O       -0.446140
    22    8 O       -0.453135
    23    6 C       -0.114071
    24   15 P        0.155532
    25    6 C       -0.115894
    26    6 C       -0.130302
    27    1 H        0.023406
    28    1 H        0.042184
    29    1 H        0.035795
    30    1 H        0.021600
    31    1 H        0.039387
    32    1 H        0.048132
    33    1 H        0.020452
    34    1 H        0.038812
    35    1 H        0.043475
    36   35 Br      -0.454121
---------------------------------------------------------

Atomic dipole moments (in atomic units):
---------------------------------------------------------
     #    Z                 x            y            z
---------------------------------------------------------
     1   96 Cm       0.041884     0.049577    -0.497447
     2   16 S        0.105553     0.046940     0.022537
     3    6 C       -0.025298     0.002438     0.002652
     4    7 N        0.057549     0.036573     0.020024
     5    6 C       -0.003862     0.009955     0.001247
     6   15 P        0.126303     0.015205     0.064018
     7    8 O        0.013309    -0.001577     0.006105
     8    6 C       -0.004567    -0.000311    -0.003686
     9    6 C       -0.005881    -0.000689    -0.005666
    10    1 H       -0.037825     0.016917    -0.151378
    11    1 H       -0.071444    -0.126439     0.058768
    12    1 H        0.155094    -0.004644     0.023232
    13    1 H        0.142448    -0.066370     0.004059
    14    1 H       -0.112054    -0.089706     0.059968
    15    1 H       -0.002191     0.142059     0.066354
    16    1 H        0.150907    -0.030833     0.014046
    17    1 H       -0.039020     0.116162     0.092902
    18    1 H       -0.044935     0.025543    -0.150689
    19    8 O       -0.024611    -0.070066    -0.086886
    20   16 S        0.002798     0.028079    -0.005934
    21    8 O       -0.083754     0.007000     0.073583
    22    8 O        0.028555     0.100140    -0.037792
    23    6 C        0.020991    -0.001197    -0.025298
    24   15 P       -0.036723    -0.112450    -0.052998
    25    6 C        0.008997    -0.024618     0.022895
    26    6 C       -0.029499     0.000104    -0.002995
    27    1 H       -0.027194    -0.133018    -0.076077
    28    1 H       -0.115549     0.101271    -0.000503
    29    1 H        0.056518    -0.018548     0.144063
    30    1 H       -0.038792    -0.144256    -0.041434
    31    1 H        0.107032     0.065237    -0.092693
    32    1 H       -0.116043     0.097412     0.017988
    33    1 H       -0.061295    -0.129680    -0.049554
    34    1 H        0.056369    -0.009982     0.142727
    35    1 H        0.105113     0.054226    -0.099042
    36   35 Br       0.015926    -0.028918    -0.016324
---------------------------------------------------------
           total     4.851626    -4.350593    -3.669070
---------------------------------------------------------

[Info] JSON dump of results written to 'tblite.json'
