[Info] Molecular charge read from '.CHRG'

Charge model parameter:
------------------------------------------------------
   Z          chi/Eh     kcn/Eh     eta/Eh     rad/AA
------------------------------------------------------
 103 Lr       1.1371     0.0068     0.5937     0.7095
  35 Br       1.3980     0.0801     0.3934     1.5631
   6 C        1.4003     0.0601     0.6166     0.9994
  15 P        1.5267     0.1425     0.7308     0.7313
   1 H        1.2370     0.0492     1.0964     0.2919
   7 N        1.5582     0.0928     0.6565     0.6998
   8 O        1.5687     0.1169     0.6793     0.6518
------------------------------------------------------

Electrostatic properties (in atomic units):
--------------------------------------------------
     #    Z              CN          q        chi
--------------------------------------------------
     1  103 Lr       4.7317     0.5669     1.1224
     2   35 Br       0.9976     0.0836     1.3180
     3    6 C        3.9569    -0.1831     1.2808
     4   15 P        3.9460     0.0551     1.2436
     5    6 C        3.9566    -0.1741     1.2808
     6    6 C        3.9567    -0.1795     1.2808
     7    1 H        0.9929     0.1652     1.1880
     8    1 H        0.9929     0.1601     1.1880
     9    1 H        0.9928     0.1585     1.1880
    10    1 H        0.9930     0.1673     1.1880
    11    1 H        0.9929     0.1703     1.1880
    12    1 H        0.9929     0.1663     1.1880
    13    1 H        0.9930     0.1681     1.1880
    14    1 H        0.9929     0.1615     1.1880
    15    1 H        0.9928     0.1726     1.1880
    16    6 C        3.9575    -0.0923     1.2808
    17    6 C        2.0192     0.1474     1.3150
    18    7 N        1.9763    -0.3408     1.4277
    19    1 H        0.9915     0.1887     1.1880
    20    1 H        0.9914     0.1867     1.1880
    21    1 H        0.9915     0.1780     1.1880
    22    6 C        1.8498     0.1355     1.3186
    23    8 O        0.9995    -0.2021     1.4518
    24    8 O        2.9341    -0.5056     1.3684
    25    1 H        0.9960     0.3206     1.1879
    26    1 H        0.9933     0.3250     1.1880
--------------------------------------------------
     Σ                          2.0000
--------------------------------------------------

Electrostatic energy:    1.0522453923378E+00 Eh

[Info] JSON dump of results written to 'multicharge.json'
