[Info] Molecular charge read from '.CHRG'

Charge model parameter:
------------------------------------------------------
   Z          chi/Eh     kcn/Eh     eta/Eh     rad/AA
------------------------------------------------------
  97 Bk       1.1683     0.0046     0.5532     0.7618
   6 C        1.4003     0.0601     0.6166     0.9994
   8 O        1.5687     0.1169     0.6793     0.6518
   7 N        1.5582     0.0928     0.6565     0.6998
   1 H        1.2370     0.0492     1.0964     0.2919
  35 Br       1.3980     0.0801     0.3934     1.5631
------------------------------------------------------

Electrostatic properties (in atomic units):
--------------------------------------------------
     #    Z              CN          q        chi
--------------------------------------------------
     1   97 Bk       5.2750     0.5938     1.1577
     2    6 C        4.1576     0.0318     1.2778
     3    6 C        3.3482     0.3326     1.2904
     4    8 O        1.0002    -0.2455     1.4518
     5    8 O        1.9952    -0.2680     1.4035
     6    7 N        3.9257    -0.5698     1.3743
     7    1 H        0.9919     0.1706     1.1880
     8    1 H        0.9914     0.1604     1.1880
     9    1 H        1.0000     0.2887     1.1878
    10    1 H        1.0009     0.2784     1.1878
    11    6 C        1.8820     0.1961     1.3179
    12    8 O        0.9997    -0.1929     1.4518
    13    8 O        2.9107    -0.5017     1.3692
    14    1 H        0.9936     0.3133     1.1879
    15    1 H        0.9953     0.3137     1.1879
    16   35 Br       0.9962     0.0985     1.3181
--------------------------------------------------
     Σ                          1.0000
--------------------------------------------------

Electrostatic energy:    4.3726148809926E-01 Eh

[Info] JSON dump of results written to 'multicharge.json'
