[Info] Molecular charge read from './.CHRG'
[Info] Molecular spin read from './.UHF'
xTB calculator
 | Coulomb electrostatics
 |  * isotropic Klopman-Ohno electrostatics
 |  * onsite third-order electrostatics
CEH guess
integral cutoff           2.4638462780296E+01 bohr

Atomic charges (in atomic units):
---------------------------------------------------------
     #    Z                 q
---------------------------------------------------------
     1   89 Ac       0.666681
     2   31 Ga       0.450287
     3    6 C        0.134389
     4   14 Si       0.117311
     5   15 P        0.234909
     6    9 F       -0.296607
     7    8 O       -0.306970
---------------------------------------------------------

Atomic dipole moments (in atomic units):
---------------------------------------------------------
     #    Z                 x            y            z
---------------------------------------------------------
     1   89 Ac      -1.366952     0.333487     0.427032
     2   31 Ga      -0.188519     0.012127     0.742586
     3    6 C        0.163463    -0.019025    -0.300294
     4   14 Si       0.280265    -0.229778    -0.025922
     5   15 P        0.060920     0.112464     0.034296
     6    9 F       -0.063749     0.016449    -0.013966
     7    8 O       -0.026506    -0.027834    -0.037415
---------------------------------------------------------
           total    -1.188259     0.867731    -0.534028
---------------------------------------------------------

[Info] JSON dump of results written to 'tblite.json'
