[Info] Molecular charge read from '.CHRG'

Charge model parameter:
------------------------------------------------------
   Z          chi/Eh     kcn/Eh     eta/Eh     rad/AA
------------------------------------------------------
  94 Pu       1.0104     0.0049     0.6346     0.6641
  14 Si       1.1231    -0.0496     0.6494     0.8153
  17 Cl       1.4815     0.1368     0.7586     0.7238
  35 Br       1.3980     0.0801     0.3934     1.5631
------------------------------------------------------

Electrostatic properties (in atomic units):
--------------------------------------------------
     #    Z              CN          q        chi
--------------------------------------------------
     1   94 Pu       3.9036     0.4233     1.0007
     2   14 Si       0.9595    -0.3077     1.1717
     3   17 Cl       0.9882    -0.5128     1.3455
     4   17 Cl       0.9882    -0.5143     1.3455
     5   35 Br       0.9819    -1.0885     1.3187
--------------------------------------------------
     Σ                         -2.0000
--------------------------------------------------

Electrostatic energy:   -1.3771381429487E+00 Eh

[Info] JSON dump of results written to 'multicharge.json'
