[Info] Molecular charge read from '.CHRG'

Charge model parameter:
------------------------------------------------------
   Z          chi/Eh     kcn/Eh     eta/Eh     rad/AA
------------------------------------------------------
 103 Lr       1.1371     0.0068     0.5937     0.7095
   8 O        1.5687     0.1169     0.6793     0.6518
  16 S        1.4077     0.0713     0.5171     1.1581
   6 C        1.4003     0.0601     0.6166     0.9994
   7 N        1.5582     0.0928     0.6565     0.6998
   1 H        1.2370     0.0492     1.0964     0.2919
------------------------------------------------------

Electrostatic properties (in atomic units):
--------------------------------------------------
     #    Z              CN          q        chi
--------------------------------------------------
     1  103 Lr       7.2587     0.7384     1.1189
     2    8 O        1.9683    -0.3938     1.4047
     3   16 S        3.8306     0.3541     1.2682
     4    8 O        1.9793    -0.3764     1.4042
     5    8 O        0.9991    -0.4914     1.4518
     6    6 C        1.0196    -0.1260     1.3396
     7    7 N        1.9760    -0.3980     1.4278
     8    7 N        3.8668    -0.7445     1.3757
     9    1 H        0.9975     0.2363     1.1878
    10    1 H        0.9966     0.2373     1.1879
    11    1 H        1.0485     0.2551     1.1866
    12    7 N        3.4574     0.1813     1.3856
    13    8 O        1.7664    -0.2882     1.4133
    14    8 O        1.9274    -0.2884     1.4064
    15    8 O        1.0017    -0.4298     1.4517
    16    6 C        1.0161    -0.0965     1.3397
    17    7 N        1.9733    -0.3695     1.4278
--------------------------------------------------
     Σ                         -2.0000
--------------------------------------------------

Electrostatic energy:   -1.6291473280570E+00 Eh

[Info] JSON dump of results written to 'multicharge.json'
