Charge model parameter:
------------------------------------------------------
   Z          chi/Eh     kcn/Eh     eta/Eh     rad/AA
------------------------------------------------------
  96 Cm       1.1100     0.0071     0.5609     0.7515
   1 H        1.2370     0.0492     1.0964     0.2919
------------------------------------------------------

Electrostatic properties (in atomic units):
--------------------------------------------------
     #    Z              CN          q        chi
--------------------------------------------------
     1   96 Cm       5.5957     0.2595     1.0932
     2    1 H        0.9478    -0.0433     1.1891
     3    1 H        0.9478    -0.0433     1.1891
     4    1 H        0.9478    -0.0433     1.1891
     5    1 H        0.9478    -0.0433     1.1891
     6    1 H        0.9478    -0.0433     1.1891
     7    1 H        0.9478    -0.0433     1.1891
--------------------------------------------------
     Σ                         -0.0000
--------------------------------------------------

Electrostatic energy:   -1.2440423627403E-02 Eh

[Info] JSON dump of results written to 'multicharge.json'
