[Info] Molecular charge read from '.CHRG'

Charge model parameter:
------------------------------------------------------
   Z          chi/Eh     kcn/Eh     eta/Eh     rad/AA
------------------------------------------------------
  94 Pu       1.0104     0.0049     0.6346     0.6641
   7 N        1.5582     0.0928     0.6565     0.6998
   6 C        1.4003     0.0601     0.6166     0.9994
   1 H        1.2370     0.0492     1.0964     0.2919
   8 O        1.5687     0.1169     0.6793     0.6518
  16 S        1.4077     0.0713     0.5171     1.1581
------------------------------------------------------

Electrostatic properties (in atomic units):
--------------------------------------------------
     #    Z              CN          q        chi
--------------------------------------------------
     1   94 Pu       7.4752     0.9288     0.9970
     2    7 N        2.9593    -0.3450     1.3986
     3    6 C        4.1691     0.1850     1.2777
     4    6 C        3.0064    -0.0633     1.2962
     5    6 C        3.0002    -0.0690     1.2963
     6    6 C        3.0130    -0.0736     1.2960
     7    6 C        3.1242     0.1247     1.2941
     8    6 C        3.1543     0.1235     1.2936
     9    6 C        3.0140    -0.0734     1.2960
    10    6 C        3.0214    -0.0660     1.2959
    11    6 C        3.0109    -0.0703     1.2961
    12    6 C        3.1745     0.0457     1.2933
    13    7 N        2.9624    -0.3325     1.3985
    14    1 H        0.9901     0.1440     1.1880
    15    1 H        0.9929     0.1481     1.1880
    16    1 H        0.9929     0.1463     1.1880
    17    1 H        0.9934     0.1271     1.1880
    18    1 H        0.9933     0.1264     1.1880
    19    1 H        0.9929     0.1436     1.1880
    20    1 H        0.9930     0.1372     1.1880
    21    1 H        0.9932     0.1363     1.1880
    22    6 C        3.9584    -0.1470     1.2808
    23    6 C        2.0127     0.1079     1.3151
    24    7 N        1.9309    -0.3710     1.4292
    25    1 H        0.9918     0.1414     1.1880
    26    1 H        0.9919     0.1394     1.1880
    27    1 H        0.9918     0.1387     1.1880
    28    8 O        2.8825    -0.5417     1.3702
    29    1 H        0.9963     0.2853     1.1879
    30    8 O        1.9731    -0.3370     1.4045
    31   16 S        3.9562     0.4432     1.2659
    32    8 O        1.9339    -0.3310     1.4061
    33    8 O        1.9895    -0.2841     1.4038
    34    6 C        3.9566    -0.1838     1.2808
    35    6 C        4.0592    -0.0062     1.2793
    36    8 O        1.9907    -0.4268     1.4037
    37    1 H        0.9917     0.1262     1.1880
    38    1 H        0.9914     0.1340     1.1880
    39    1 H        0.9916     0.1475     1.1880
    40    1 H        0.9902     0.1232     1.1880
    41    1 H        0.9908     0.1374     1.1880
    42    1 H        1.2916     0.2809     1.1811
--------------------------------------------------
     Σ                          1.0000
--------------------------------------------------

Electrostatic energy:    1.9949582577857E-01 Eh

[Info] JSON dump of results written to 'multicharge.json'
