[Info] Molecular charge read from './.CHRG'
[Info] Molecular spin read from './.UHF'
xTB calculator
 | Coulomb electrostatics
 |  * isotropic Klopman-Ohno electrostatics
 |  * onsite third-order electrostatics
CEH guess
integral cutoff           3.7432403240289E+01 bohr

Atomic charges (in atomic units):
---------------------------------------------------------
     #    Z                 q
---------------------------------------------------------
     1   93 Np       2.012546
     2    6 C        0.041215
     3    6 C        0.055292
     4    7 N       -0.036759
     5    6 C        0.074617
     6    6 C        0.042760
     7    7 N       -0.122474
     8    1 H        0.079991
     9    1 H        0.048855
    10    1 H        0.056630
    11    1 H        0.080357
    12    6 C       -0.086586
    13    6 C        0.246865
    14    7 N       -0.035148
    15    1 H        0.088182
    16    1 H        0.091645
    17    1 H        0.092485
    18    6 C       -0.026215
    19    6 C       -0.036115
    20    6 C       -0.013199
    21    6 C       -0.021979
    22    6 C       -0.012031
    23    6 C       -0.036380
    24    6 C        0.228523
    25    8 O       -0.221569
    26    8 O       -0.220074
    27    1 H        0.063714
    28    1 H        0.044442
    29    1 H        0.033724
    30    1 H        0.033892
    31    1 H        0.045519
    32    6 C       -0.085554
    33    6 C        0.246560
    34    7 N       -0.024869
    35    1 H        0.091451
    36    1 H        0.089495
    37    1 H        0.090192
---------------------------------------------------------

Atomic dipole moments (in atomic units):
---------------------------------------------------------
     #    Z                 x            y            z
---------------------------------------------------------
     1   93 Np      -0.018633     0.001039    -0.102521
     2    6 C        0.064430     0.117776     0.077867
     3    6 C       -0.089296     0.159009     0.118782
     4    7 N        0.226387    -0.016076    -0.030579
     5    6 C       -0.129678    -0.162211    -0.101992
     6    6 C        0.041810    -0.122471    -0.089772
     7    7 N       -0.316941     0.012805     0.034604
     8    1 H        0.061045    -0.094362    -0.070996
     9    1 H       -0.076489    -0.088490    -0.057684
    10    1 H       -0.037416     0.101365     0.074385
    11    1 H        0.081374     0.089743     0.056066
    12    6 C        0.000558     0.000345    -0.020351
    13    6 C       -0.003106    -0.018939     0.197992
    14    7 N        0.004509     0.005911    -0.065388
    15    1 H        0.040535    -0.142605     0.030568
    16    1 H       -0.142634     0.030841     0.041638
    17    1 H        0.099021     0.101673     0.053576
    18    6 C        0.000227     0.001337     0.000567
    19    6 C       -0.015189     0.011136     0.020264
    20    6 C       -0.005489     0.034100     0.035642
    21    6 C        0.032425     0.049278     0.026883
    22    6 C        0.043805     0.024004    -0.005976
    23    6 C        0.023242     0.001935    -0.013286
    24    6 C        0.027297     0.056020     0.035244
    25    8 O        0.036920    -0.056216    -0.073714
    26    8 O       -0.089295    -0.032429     0.025296
    27    1 H       -0.067076    -0.108250    -0.055743
    28    1 H        0.057654    -0.069028    -0.101538
    29    1 H        0.122817     0.036680    -0.049475
    30    1 H       -0.057939     0.071836     0.102216
    31    1 H       -0.121753    -0.034793     0.048731
    32    6 C        0.004791    -0.018138     0.006124
    33    6 C       -0.047663     0.178601    -0.071708
    34    7 N        0.017901    -0.066769     0.026040
    35    1 H       -0.057269     0.077956     0.116686
    36    1 H       -0.101950    -0.024618    -0.109285
    37    1 H        0.128872     0.060052    -0.052846
---------------------------------------------------------
           total     1.729847     5.372638     7.880988
---------------------------------------------------------

[Info] JSON dump of results written to 'tblite.json'
