Charge model parameter:
------------------------------------------------------
   Z          chi/Eh     kcn/Eh     eta/Eh     rad/AA
------------------------------------------------------
 103 Lr       1.1371     0.0068     0.5937     0.7095
   3 Li       0.5434    -0.1235     0.9742     0.4791
------------------------------------------------------

Electrostatic properties (in atomic units):
--------------------------------------------------
     #    Z              CN          q        chi
--------------------------------------------------
     1  103 Lr       1.5922    -0.6006     1.1286
     2    3 Li       1.3030     0.2247     0.6844
     3    3 Li       1.3017     0.2247     0.6843
     4    3 Li       2.1965     0.1512     0.7264
--------------------------------------------------
     Σ                         -0.0000
--------------------------------------------------

Electrostatic energy:   -1.3022472945799E-01 Eh

[Info] JSON dump of results written to 'multicharge.json'
