[Info] Molecular charge read from '.CHRG'

Charge model parameter:
------------------------------------------------------
   Z          chi/Eh     kcn/Eh     eta/Eh     rad/AA
------------------------------------------------------
  94 Pu       1.0104     0.0049     0.6346     0.6641
   7 N        1.5582     0.0928     0.6565     0.6998
   6 C        1.4003     0.0601     0.6166     0.9994
   1 H        1.2370     0.0492     1.0964     0.2919
   8 O        1.5687     0.1169     0.6793     0.6518
  16 S        1.4077     0.0713     0.5171     1.1581
------------------------------------------------------

Electrostatic properties (in atomic units):
--------------------------------------------------
     #    Z              CN          q        chi
--------------------------------------------------
     1   94 Pu       7.3434     0.9314     0.9972
     2    7 N        3.9459    -0.5883     1.3739
     3    6 C        4.1444     0.0082     1.2780
     4    6 C        4.1881    -0.0043     1.2774
     5    7 N        3.9354    -0.4511     1.3741
     6    6 C        4.1537    -0.0097     1.2779
     7    6 C        4.4113     0.0137     1.2742
     8    7 N        3.9457    -0.5869     1.3739
     9    1 H        1.0031     0.3071     1.1877
    10    1 H        1.0497     0.3091     1.1866
    11    1 H        0.9915     0.1825     1.1880
    12    1 H        0.9914     0.1581     1.1880
    13    1 H        0.9912     0.1757     1.1880
    14    1 H        0.9913     0.1692     1.1880
    15    1 H        1.0127     0.2755     1.1875
    16    1 H        0.9914     0.1758     1.1880
    17    1 H        0.9915     0.1594     1.1880
    18    1 H        0.9914     0.1795     1.1880
    19    1 H        0.9996     0.1498     1.1878
    20    1 H        1.0043     0.3071     1.1877
    21    1 H        1.0046     0.3122     1.1877
    22    8 O        1.9918    -0.2589     1.4037
    23   16 S        3.9704     0.5790     1.2657
    24    8 O        1.9919    -0.2407     1.4037
    25    8 O        1.9764    -0.2532     1.4043
--------------------------------------------------
     Σ                          2.0000
--------------------------------------------------

Electrostatic energy:    8.8902972684018E-01 Eh

[Info] JSON dump of results written to 'multicharge.json'
