[Info] Molecular charge read from './.CHRG'
[Info] Molecular spin read from './.UHF'
xTB calculator
 | Coulomb electrostatics
 |  * isotropic Klopman-Ohno electrostatics
 |  * onsite third-order electrostatics
CEH guess
integral cutoff           4.0000000000000E+01 bohr

Atomic charges (in atomic units):
---------------------------------------------------------
     #    Z                 q
---------------------------------------------------------
     1   97 Bk       0.595530
     2    6 C       -0.100693
     3    6 C        0.143905
     4    8 O       -0.342712
     5    8 O       -0.288168
     6    7 N        0.012421
     7    1 H       -0.003281
     8    1 H        0.059666
     9    1 H        0.050860
    10    1 H        0.043858
    11    6 C       -0.408947
    12    7 N       -0.194878
    13    6 C       -0.229344
    14    7 N       -0.322107
    15    8 O       -0.524542
    16    1 H        0.062520
    17    6 C       -0.226716
    18    7 N       -0.327371
---------------------------------------------------------

Atomic dipole moments (in atomic units):
---------------------------------------------------------
     #    Z                 x            y            z
---------------------------------------------------------
     1   97 Bk      -0.484416    -0.210711    -0.223303
     2    6 C        0.026200     0.172077    -0.000730
     3    6 C        0.019423     0.070003     0.026436
     4    8 O        0.011313     0.080051     0.030924
     5    8 O        0.065949    -0.060360     0.023448
     6    7 N        0.281380    -0.198005    -0.022714
     7    1 H        0.085030    -0.057242    -0.051365
     8    1 H       -0.046878    -0.017896     0.114550
     9    1 H        0.022924     0.032725    -0.099005
    10    1 H        0.031671     0.019678     0.094141
    11    6 C       -0.016740    -0.086457    -0.034578
    12    7 N       -0.019988    -0.002164    -0.005707
    13    6 C       -0.031895     0.002279     0.043074
    14    7 N        0.007821     0.004730    -0.026506
    15    8 O       -0.032251    -0.103614    -0.047927
    16    1 H       -0.042147    -0.108262    -0.053193
    17    6 C       -0.007091     0.034968    -0.050327
    18    7 N       -0.008234    -0.014364     0.027812
---------------------------------------------------------
           total     0.513984    -1.064566    -1.098846
---------------------------------------------------------

[Info] JSON dump of results written to 'tblite.json'
