Charge model parameter:
------------------------------------------------------
   Z          chi/Eh     kcn/Eh     eta/Eh     rad/AA
------------------------------------------------------
  98 Cf       1.0089     0.0039     0.6196     0.6803
   3 Li       0.5434    -0.1235     0.9742     0.4791
   1 H        1.2370     0.0492     1.0964     0.2919
------------------------------------------------------

Electrostatic properties (in atomic units):
--------------------------------------------------
     #    Z              CN          q        chi
--------------------------------------------------
     1   98 Cf       2.6489     0.0435     1.0026
     2    3 Li       0.7217     0.3816     0.6483
     3    1 H        0.9679    -0.2137     1.1886
     4    1 H        0.9623    -0.2114     1.1887
--------------------------------------------------
     Σ                          0.0000
--------------------------------------------------

Electrostatic energy:   -1.0714965008836E-01 Eh

[Info] JSON dump of results written to 'multicharge.json'
