Charge model parameter:
------------------------------------------------------
   Z          chi/Eh     kcn/Eh     eta/Eh     rad/AA
------------------------------------------------------
 102 No       1.1434     0.0135     0.6305     0.6695
   9 F        1.5754     0.1570     0.7723     0.9393
------------------------------------------------------

Electrostatic properties (in atomic units):
--------------------------------------------------
     #    Z              CN          q        chi
--------------------------------------------------
     1  102 No       2.9928     0.6330     1.1200
     2    9 F        0.9992    -0.2109     1.4184
     3    9 F        0.9992    -0.2110     1.4184
     4    9 F        0.9992    -0.2110     1.4184
--------------------------------------------------
     Σ                         -0.0000
--------------------------------------------------

Electrostatic energy:   -9.4432926953085E-02 Eh

[Info] JSON dump of results written to 'multicharge.json'
