[Info] Molecular spin read from './.UHF'
xTB calculator
 | Coulomb electrostatics
 |  * isotropic Klopman-Ohno electrostatics
 |  * onsite third-order electrostatics
CEH guess
integral cutoff           4.0000000000000E+01 bohr

Atomic charges (in atomic units):
---------------------------------------------------------
     #    Z                 q
---------------------------------------------------------
     1   99 Es      -0.106012
     2    3 Li       0.181788
     3    3 Li       0.189988
     4    3 Li       0.189593
     5    1 H       -0.455357
---------------------------------------------------------

Atomic dipole moments (in atomic units):
---------------------------------------------------------
     #    Z                 x            y            z
---------------------------------------------------------
     1   99 Es      -0.403221     0.720162     0.767919
     2    3 Li       0.423260     0.459496     0.051110
     3    3 Li      -0.088300    -0.470107     0.141328
     4    3 Li      -0.374101    -0.158947    -0.286643
     5    1 H       -0.093213    -0.008722     0.064476
---------------------------------------------------------
           total     3.029800    -0.615851    -2.603499
---------------------------------------------------------

[Info] JSON dump of results written to 'tblite.json'
