[Info] Molecular charge read from '.CHRG'

Charge model parameter:
------------------------------------------------------
   Z          chi/Eh     kcn/Eh     eta/Eh     rad/AA
------------------------------------------------------
  94 Pu       1.0104     0.0049     0.6346     0.6641
   6 C        1.4003     0.0601     0.6166     0.9994
  15 P        1.5267     0.1425     0.7308     0.7313
   8 O        1.5687     0.1169     0.6793     0.6518
   1 H        1.2370     0.0492     1.0964     0.2919
   7 N        1.5582     0.0928     0.6565     0.6998
   9 F        1.5754     0.1570     0.7723     0.9393
------------------------------------------------------

Electrostatic properties (in atomic units):
--------------------------------------------------
     #    Z              CN          q        chi
--------------------------------------------------
     1   94 Pu       7.9417     0.9914     0.9966
     2    6 C        3.9578    -0.1871     1.2808
     3   15 P        4.3836     0.2175     1.2284
     4    8 O        1.9903    -0.3525     1.4038
     5    6 C        3.9575    -0.1868     1.2808
     6    6 C        3.9579    -0.1861     1.2808
     7    1 H        0.9945     0.1591     1.1879
     8    1 H        0.9936     0.1413     1.1879
     9    1 H        0.9943     0.1593     1.1879
    10    1 H        0.9934     0.1430     1.1880
    11    1 H        0.9947     0.1670     1.1879
    12    1 H        0.9939     0.1611     1.1879
    13    1 H        0.9940     0.1412     1.1879
    14    1 H        0.9943     0.1655     1.1879
    15    1 H        0.9947     0.1665     1.1879
    16    6 C        1.8174     0.1677     1.3193
    17    8 O        0.9995    -0.2446     1.4518
    18    7 N        2.6880    -0.0126     1.4061
    19    8 O        1.9837    -0.1740     1.4040
    20    8 O        1.9429    -0.1900     1.4057
    21    6 C        4.1124    -0.0077     1.2785
    22    8 O        1.9968    -0.3717     1.4035
    23    1 H        0.9914     0.1731     1.1880
    24    1 H        0.9913     0.1629     1.1880
    25    1 H        0.9913     0.1577     1.1880
    26    7 N        3.6861     0.1837     1.3800
    27    8 O        1.0015    -0.1971     1.4517
    28    8 O        1.9650    -0.2557     1.4048
    29    8 O        1.9650    -0.2260     1.4048
    30    7 N        3.9372    -0.7205     1.3741
    31    1 H        1.0050     0.3147     1.1877
    32    1 H        1.0083     0.3087     1.1876
    33    1 H        1.0081     0.3066     1.1876
    34    9 F        0.9991    -0.1081     1.4184
    35   15 P        3.2938     0.2541     1.2681
    36    9 F        1.8923    -0.0805     1.3594
    37    9 F        0.9991    -0.1411     1.4184
--------------------------------------------------
     Σ                          1.0000
--------------------------------------------------

Electrostatic energy:    1.8377551999292E-01 Eh

[Info] JSON dump of results written to 'multicharge.json'
