xTB calculator
 | Coulomb electrostatics
 |  * isotropic Klopman-Ohno electrostatics
 |  * onsite third-order electrostatics
CEH guess
integral cutoff           2.3650283084401E+01 bohr

Atomic charges (in atomic units):
---------------------------------------------------------
     #    Z                 q
---------------------------------------------------------
     1   90 Th       1.136772
     2   16 S       -0.568256
     3   16 S       -0.568516
---------------------------------------------------------

Atomic dipole moments (in atomic units):
---------------------------------------------------------
     #    Z                 x            y            z
---------------------------------------------------------
     1   90 Th      -0.921090    -2.595012     1.389638
     2   16 S        0.088344    -0.012524    -0.049235
     3   16 S       -0.065640     0.076500     0.014979
---------------------------------------------------------
           total    -1.775762    -5.006962     2.680377
---------------------------------------------------------

[Info] JSON dump of results written to 'tblite.json'
