[Info] Molecular charge read from './.CHRG'
[Info] Molecular spin read from './.UHF'
xTB calculator
 | Coulomb electrostatics
 |  * isotropic Klopman-Ohno electrostatics
 |  * onsite third-order electrostatics
CEH guess
integral cutoff           4.0000000000000E+01 bohr

Atomic charges (in atomic units):
---------------------------------------------------------
     #    Z                 q
---------------------------------------------------------
     1   94 Pu       1.318744
     2    6 C        0.037968
     3    6 C        0.043688
     4    7 N       -0.004858
     5    6 C        0.050174
     6    6 C        0.037261
     7    7 N       -0.122028
     8    1 H        0.077971
     9    1 H        0.050575
    10    1 H        0.053951
    11    1 H        0.077404
    12    6 C        0.061953
    13    8 O       -0.287196
    14    1 H        0.058188
    15    1 H        0.057765
    16    1 H        0.063871
    17   16 S        0.265351
    18    6 C        0.173432
    19    7 N       -0.373368
    20    6 C       -0.090308
    21    6 C        0.202881
    22    7 N       -0.011072
    23    1 H        0.085375
    24    1 H        0.087269
    25    1 H        0.085007
---------------------------------------------------------

Atomic dipole moments (in atomic units):
---------------------------------------------------------
     #    Z                 x            y            z
---------------------------------------------------------
     1   94 Pu       0.362210    -0.658206    -0.671287
     2    6 C        0.047262     0.123049    -0.085762
     3    6 C       -0.112527     0.150693    -0.099372
     4    7 N        0.227414     0.000938    -0.020484
     5    6 C       -0.089548    -0.162242     0.111994
     6    6 C        0.067510    -0.118340     0.079507
     7    7 N       -0.309704    -0.013106     0.014979
     8    1 H        0.077065    -0.089852     0.059670
     9    1 H       -0.058071    -0.101204     0.072334
    10    1 H       -0.070156     0.100558    -0.062782
    11    1 H        0.062899     0.095985    -0.066508
    12    6 C        0.004855     0.072963    -0.276205
    13    8 O        0.001923    -0.054232     0.131475
    14    1 H       -0.069003     0.110901     0.069946
    15    1 H        0.140570    -0.012433     0.043895
    16    1 H       -0.073965    -0.128611     0.010969
    17   16 S       -0.019081     0.306148     0.094942
    18    6 C        0.017368    -0.270852    -0.082019
    19    7 N       -0.006854     0.144547     0.011754
    20    6 C        0.016230     0.002197     0.002265
    21    6 C       -0.208960    -0.014398    -0.011608
    22    7 N        0.066456    -0.003679    -0.009449
    23    1 H       -0.047123    -0.017365     0.142482
    24    1 H       -0.028911    -0.120004    -0.086574
    25    1 H       -0.045619     0.129580    -0.061748
---------------------------------------------------------
           total    -1.798308     0.985312    -0.123781
---------------------------------------------------------

[Info] JSON dump of results written to 'tblite.json'
