Charge model parameter:
------------------------------------------------------
   Z          chi/Eh     kcn/Eh     eta/Eh     rad/AA
------------------------------------------------------
  91 Pa       1.0721     0.0037     0.5511     0.7643
   3 Li       0.5434    -0.1235     0.9742     0.4791
   1 H        1.2370     0.0492     1.0964     0.2919
------------------------------------------------------

Electrostatic properties (in atomic units):
--------------------------------------------------
     #    Z              CN          q        chi
--------------------------------------------------
     1   91 Pa       2.5249    -0.3011     1.0662
     2    3 Li       1.5444     0.2621     0.6969
     3    3 Li       1.5264     0.2626     0.6960
     4    1 H        0.9545    -0.2237     1.1889
--------------------------------------------------
     Σ                          0.0000
--------------------------------------------------

Electrostatic energy:   -1.1073402984633E-01 Eh

[Info] JSON dump of results written to 'multicharge.json'
