[Info] Molecular spin read from './.UHF'
xTB calculator
 | Coulomb electrostatics
 |  * isotropic Klopman-Ohno electrostatics
 |  * onsite third-order electrostatics
CEH guess
integral cutoff           3.7432403240289E+01 bohr

Atomic charges (in atomic units):
---------------------------------------------------------
     #    Z                 q
---------------------------------------------------------
     1   93 Np       1.126063
     2    1 H       -0.187681
     3    1 H       -0.187673
     4    1 H       -0.187676
     5    1 H       -0.187679
     6    1 H       -0.187679
     7    1 H       -0.187676
---------------------------------------------------------

Atomic dipole moments (in atomic units):
---------------------------------------------------------
     #    Z                 x            y            z
---------------------------------------------------------
     1   93 Np       0.000111    -0.000124    -0.000213
     2    1 H       -0.000032     0.000020     0.137107
     3    1 H        0.000023    -0.000010    -0.137103
     4    1 H       -0.000161    -0.137104    -0.000007
     5    1 H        0.000152     0.137105     0.000024
     6    1 H       -0.137105    -0.000152     0.000036
     7    1 H        0.137104     0.000161    -0.000019
---------------------------------------------------------
           total     0.000169    -0.000188    -0.000333
---------------------------------------------------------

[Info] JSON dump of results written to 'tblite.json'
