Charge model parameter:
------------------------------------------------------
   Z          chi/Eh     kcn/Eh     eta/Eh     rad/AA
------------------------------------------------------
  90 Th       1.0989     0.0159     0.6181     0.6812
   6 C        1.4003     0.0601     0.6166     0.9994
   7 N        1.5582     0.0928     0.6565     0.6998
   8 O        1.5687     0.1169     0.6793     0.6518
  16 S        1.4077     0.0713     0.5171     1.1581
   1 H        1.2370     0.0492     1.0964     0.2919
  17 Cl       1.4815     0.1368     0.7586     0.7238
------------------------------------------------------

Electrostatic properties (in atomic units):
--------------------------------------------------
     #    Z              CN          q        chi
--------------------------------------------------
     1   90 Th       6.5940     0.7201     1.0580
     2    6 C        1.9779     0.1057     1.3158
     3    7 N        1.0223    -0.3490     1.4644
     4    8 O        1.8563    -0.3002     1.4094
     5   16 S        3.9652     0.4306     1.2658
     6    8 O        1.9868    -0.3121     1.4039
     7    8 O        1.9889    -0.3133     1.4038
     8    7 N        3.9351    -0.7441     1.3741
     9    1 H        1.0036     0.2891     1.1877
    10    1 H        1.0646     0.2983     1.1862
    11    1 H        1.0012     0.2844     1.1878
    12   17 Cl       0.9948    -0.1094     1.3451
--------------------------------------------------
     Σ                          0.0000
--------------------------------------------------

Electrostatic energy:   -2.5043457802131E-01 Eh

[Info] JSON dump of results written to 'multicharge.json'
