Charge model parameter:
------------------------------------------------------
   Z          chi/Eh     kcn/Eh     eta/Eh     rad/AA
------------------------------------------------------
  96 Cm       1.1100     0.0071     0.5609     0.7515
  53 I        1.4034     0.0897     0.3054     2.0116
------------------------------------------------------

Electrostatic properties (in atomic units):
--------------------------------------------------
     #    Z              CN          q        chi
--------------------------------------------------
     1   96 Cm       5.8144     0.5895     1.0929
     2   53 I        1.0985    -0.0982     1.3094
     3   53 I        1.0983    -0.0983     1.3094
     4   53 I        1.0984    -0.0983     1.3094
     5   53 I        1.0984    -0.0982     1.3094
     6   53 I        1.0984    -0.0982     1.3094
     7   53 I        1.0984    -0.0983     1.3094
--------------------------------------------------
     Σ                         -0.0000
--------------------------------------------------

Electrostatic energy:   -6.3821493834017E-02 Eh

[Info] JSON dump of results written to 'multicharge.json'
