[Info] Molecular charge read from '.CHRG'

Charge model parameter:
------------------------------------------------------
   Z          chi/Eh     kcn/Eh     eta/Eh     rad/AA
------------------------------------------------------
  90 Th       1.0989     0.0159     0.6181     0.6812
  12 Mg       0.7237    -0.0771     0.6936     0.6474
  52 Te       1.3651     0.0895     0.4850     1.0871
   9 F        1.5754     0.1570     0.7723     0.9393
------------------------------------------------------

Electrostatic properties (in atomic units):
--------------------------------------------------
     #    Z              CN          q        chi
--------------------------------------------------
     1   90 Th       2.6729    -0.0826     1.0729
     2   12 Mg       0.6853     0.0611     0.7876
     3   52 Te       0.9923    -1.1328     1.2759
     4    9 F        0.9984    -0.8457     1.4185
--------------------------------------------------
     Σ                         -2.0000
--------------------------------------------------

Electrostatic energy:   -1.3427139405824E+00 Eh

[Info] JSON dump of results written to 'multicharge.json'
