[Info] Molecular charge read from '.CHRG'

Charge model parameter:
------------------------------------------------------
   Z          chi/Eh     kcn/Eh     eta/Eh     rad/AA
------------------------------------------------------
  98 Cf       1.0089     0.0039     0.6196     0.6803
   7 N        1.5582     0.0928     0.6565     0.6998
   6 C        1.4003     0.0601     0.6166     0.9994
   8 O        1.5687     0.1169     0.6793     0.6518
   1 H        1.2370     0.0492     1.0964     0.2919
  16 S        1.4077     0.0713     0.5171     1.1581
------------------------------------------------------

Electrostatic properties (in atomic units):
--------------------------------------------------
     #    Z              CN          q        chi
--------------------------------------------------
     1   98 Cf       6.7150     0.9396     0.9988
     2    7 N        1.9947    -0.3754     1.4271
     3    7 N        2.0271     0.0260     1.4261
     4    7 N        1.0054    -0.3754     1.4651
     5    6 C        3.9538    -0.2364     1.2809
     6    6 C        4.0526    -0.0265     1.2794
     7    8 O        1.9928    -0.4376     1.4036
     8    1 H        0.9912     0.0667     1.1880
     9    1 H        0.9914     0.0956     1.1880
    10    1 H        0.9915     0.1051     1.1880
    11    1 H        0.9892     0.0889     1.1881
    12    1 H        0.9893     0.0911     1.1881
    13    6 C        3.0209    -0.1191     1.2959
    14    6 C        3.0113    -0.1169     1.2961
    15    6 C        3.1502     0.0210     1.2937
    16    7 N        2.9452    -0.3555     1.3989
    17    6 C        3.1215     0.0252     1.2942
    18    6 C        3.0109    -0.1130     1.2961
    19    1 H        0.9927     0.0845     1.1880
    20    1 H        0.9929     0.0852     1.1880
    21    1 H        0.9921     0.1361     1.1880
    22    1 H        0.9926     0.1373     1.1880
    23    1 H        0.9929     0.0904     1.1880
    24    8 O        1.9684    -0.3998     1.4047
    25   16 S        3.9627     0.3252     1.2658
    26    8 O        1.9264    -0.3659     1.4064
    27    8 O        1.9278    -0.3963     1.4064
--------------------------------------------------
     Σ                         -1.0000
--------------------------------------------------

Electrostatic energy:   -1.0038517217873E+00 Eh

[Info] JSON dump of results written to 'multicharge.json'
