[Info] Molecular charge read from './.CHRG'
[Info] Molecular spin read from './.UHF'
xTB calculator
 | Coulomb electrostatics
 |  * isotropic Klopman-Ohno electrostatics
 |  * onsite third-order electrostatics
CEH guess
integral cutoff           4.0000000000000E+01 bohr

Atomic charges (in atomic units):
---------------------------------------------------------
     #    Z                 q
---------------------------------------------------------
     1   96 Cm       0.773649
     2    8 O       -0.505723
     3   16 S        0.142543
     4    8 O       -0.448679
     5    8 O       -0.516598
     6    6 C       -0.265548
     7    7 N       -0.448966
     8    6 C       -0.125257
     9   15 P        0.276662
    10    8 O       -0.292310
    11    6 C       -0.121569
    12    6 C       -0.095309
    13    1 H        0.023761
    14    1 H        0.052187
    15    1 H        0.013991
    16    1 H        0.026142
    17    1 H        0.013774
    18    1 H        0.052726
    19    1 H        0.031545
    20    1 H        0.057496
    21    1 H        0.056847
    22    8 O       -0.469908
    23   16 S        0.164510
    24    8 O       -0.395814
    25    8 O       -0.462378
    26    6 C       -0.084296
    27    6 C       -0.028598
    28    8 O       -0.423208
    29    1 H       -0.000497
    30    1 H        0.030888
    31    1 H       -0.006653
    32    1 H       -0.004849
    33    1 H       -0.020561
---------------------------------------------------------

Atomic dipole moments (in atomic units):
---------------------------------------------------------
     #    Z                 x            y            z
---------------------------------------------------------
     1   96 Cm      -0.072387    -0.187167    -0.448882
     2    8 O       -0.020953     0.072565     0.032812
     3   16 S        0.022637     0.023965     0.052412
     4    8 O        0.063063    -0.006364    -0.036186
     5    8 O       -0.053386    -0.050413    -0.021404
     6    6 C        0.032936     0.054972     0.109459
     7    7 N       -0.008075    -0.018010    -0.042391
     8    6 C       -0.006166    -0.022936     0.019467
     9   15 P        0.039503    -0.106077    -0.147905
    10    8 O        0.003036    -0.005611     0.000491
    11    6 C        0.027852    -0.004706     0.015809
    12    6 C        0.002370    -0.014070    -0.000587
    13    1 H        0.042486    -0.106672    -0.101236
    14    1 H       -0.136053     0.045766    -0.009608
    15    1 H        0.041111    -0.031551     0.147362
    16    1 H        0.026917    -0.122773    -0.087121
    17    1 H        0.044581    -0.016304     0.151230
    18    1 H        0.034098     0.126224    -0.063496
    19    1 H        0.026917    -0.139092    -0.074312
    20    1 H        0.101238     0.109035    -0.033336
    21    1 H       -0.146683     0.042878     0.006669
    22    8 O        0.012988     0.078627     0.005892
    23   16 S        0.043728     0.015540     0.035820
    24    8 O       -0.052503    -0.048943     0.070087
    25    8 O       -0.014530    -0.037033    -0.085796
    26    6 C        0.000700     0.033935     0.058983
    27    6 C        0.151805    -0.027482     0.000457
    28    8 O       -0.128641     0.000987    -0.047818
    29    1 H       -0.138210     0.022706    -0.034658
    30    1 H        0.043908    -0.136394    -0.000582
    31    1 H        0.092583     0.087420    -0.066289
    32    1 H       -0.074620    -0.066260     0.048254
    33    1 H       -0.045068     0.110603     0.001572
---------------------------------------------------------
           total    -1.757349    -3.115735    -4.752046
---------------------------------------------------------

[Info] JSON dump of results written to 'tblite.json'
