[Info] Molecular charge read from './.CHRG'
[Info] Molecular spin read from './.UHF'
xTB calculator
 | Coulomb electrostatics
 |  * isotropic Klopman-Ohno electrostatics
 |  * onsite third-order electrostatics
CEH guess
integral cutoff           4.0000000000000E+01 bohr

Atomic charges (in atomic units):
---------------------------------------------------------
     #    Z                 q
---------------------------------------------------------
     1   97 Bk       0.993210
     2    7 N        0.244008
     3    8 O       -0.305445
     4    8 O       -0.234515
     5    8 O       -0.211852
     6    6 C       -0.052255
     7    6 C       -0.048761
     8    6 C       -0.027565
     9    6 C       -0.055283
    10    6 C       -0.035713
    11    6 C       -0.052251
    12    6 C        0.096636
    13    8 O       -0.251969
    14    8 O       -0.287380
    15    1 H        0.017709
    16    1 H        0.011243
    17    1 H        0.024229
    18    1 H        0.017394
    19    1 H        0.008208
    20    8 O       -0.526036
    21   16 S        0.230189
    22    8 O       -0.440255
    23    8 O       -0.437864
    24    6 C       -0.048889
    25    6 C       -0.049810
    26    6 C       -0.032142
    27    6 C       -0.054095
    28    6 C       -0.031540
    29    6 C       -0.051205
    30    6 C        0.090495
    31    8 O       -0.262885
    32    8 O       -0.314227
    33    1 H        0.017346
    34    1 H        0.009524
    35    1 H        0.019968
    36    1 H        0.022738
    37    1 H        0.009039
---------------------------------------------------------

Atomic dipole moments (in atomic units):
---------------------------------------------------------
     #    Z                 x            y            z
---------------------------------------------------------
     1   97 Bk      -0.368332    -0.119867    -0.396879
     2    7 N        0.004153    -0.005827    -0.005850
     3    8 O        0.166720    -0.020586    -0.176918
     4    8 O       -0.036163     0.211381     0.127485
     5    8 O       -0.144153    -0.189480     0.070141
     6    6 C       -0.000257     0.001207     0.006176
     7    6 C       -0.014836    -0.021759    -0.007589
     8    6 C       -0.001819     0.000086     0.016611
     9    6 C       -0.001310    -0.001242     0.002190
    10    6 C        0.004827     0.008874     0.010437
    11    6 C        0.004536     0.001891    -0.023228
    12    6 C       -0.006783    -0.012334    -0.005158
    13    8 O       -0.060542    -0.090518     0.002618
    14    8 O        0.039065     0.035107    -0.098303
    15    1 H       -0.030751    -0.063285    -0.115435
    16    1 H        0.050303     0.045318    -0.111410
    17    1 H        0.080673     0.110654     0.010449
    18    1 H       -0.045007    -0.035032     0.123980
    19    1 H       -0.078653    -0.103194     0.004938
    20    8 O        0.050198     0.068254    -0.013741
    21   16 S        0.039288    -0.046990     0.037445
    22    8 O       -0.013602    -0.034898    -0.052263
    23    8 O       -0.046093     0.008914     0.044237
    24    6 C        0.001206    -0.003057     0.002737
    25    6 C        0.006656     0.021893    -0.009016
    26    6 C        0.007731    -0.005687     0.007950
    27    6 C       -0.000293    -0.004006     0.001146
    28    6 C       -0.000650    -0.010074     0.006527
    29    6 C       -0.021336     0.004068    -0.014189
    30    6 C        0.004289     0.020481    -0.010772
    31    8 O       -0.100488    -0.011966    -0.044997
    32    8 O        0.059594     0.085554    -0.019231
    33    1 H       -0.047957     0.092569    -0.086066
    34    1 H       -0.114464    -0.022093    -0.057733
    35    1 H       -0.061497    -0.117591     0.032220
    36    1 H        0.119534     0.007543     0.066579
    37    1 H        0.070563     0.106772    -0.021617
---------------------------------------------------------
           total    -4.016129    -0.403656     0.187362
---------------------------------------------------------

[Info] JSON dump of results written to 'tblite.json'
