xTB calculator
 | Coulomb electrostatics
 |  * isotropic Klopman-Ohno electrostatics
 |  * onsite third-order electrostatics
CEH guess
integral cutoff           2.9545082850997E+01 bohr

Atomic charges (in atomic units):
---------------------------------------------------------
     #    Z                 q
---------------------------------------------------------
     1   89 Ac       0.927209
     2   53 I       -0.308983
     3   53 I       -0.308517
     4   53 I       -0.309709
---------------------------------------------------------

Atomic dipole moments (in atomic units):
---------------------------------------------------------
     #    Z                 x            y            z
---------------------------------------------------------
     1   89 Ac      -0.279858    -0.411142     0.712842
     2   53 I       -0.047967    -0.068094    -0.088041
     3   53 I       -0.048343     0.110843     0.013454
     4   53 I        0.119941    -0.007447     0.013952
---------------------------------------------------------
           total    -0.707632    -1.023095     1.781205
---------------------------------------------------------

[Info] JSON dump of results written to 'tblite.json'
