Charge model parameter:
------------------------------------------------------
   Z          chi/Eh     kcn/Eh     eta/Eh     rad/AA
------------------------------------------------------
  89 Ac       1.0458     0.0047     0.6519     0.6470
   6 C        1.4003     0.0601     0.6166     0.9994
   8 O        1.5687     0.1169     0.6793     0.6518
   1 H        1.2370     0.0492     1.0964     0.2919
   9 F        1.5754     0.1570     0.7723     0.9393
------------------------------------------------------

Electrostatic properties (in atomic units):
--------------------------------------------------
     #    Z              CN          q        chi
--------------------------------------------------
     1   89 Ac       6.5127     0.7417     1.0337
     2    6 C        3.0141    -0.0889     1.2960
     3    6 C        3.0124    -0.0904     1.2961
     4    6 C        3.0162    -0.0721     1.2960
     5    6 C        3.0186     0.0140     1.2959
     6    6 C        3.0163    -0.0732     1.2960
     7    6 C        3.0124    -0.0908     1.2961
     8    6 C        3.8445     0.2635     1.2825
     9    8 O        1.9645    -0.3424     1.4048
    10    8 O        1.9635    -0.3352     1.4049
    11    1 H        0.9928     0.1203     1.1880
    12    1 H        0.9929     0.1221     1.1880
    13    1 H        0.9929     0.1431     1.1880
    14    1 H        0.9929     0.1419     1.1880
    15    1 H        0.9929     0.1219     1.1880
    16    6 C        3.9603    -0.1809     1.2808
    17    6 C        3.1875     0.1050     1.2931
    18    6 C        3.0088    -0.0796     1.2961
    19    6 C        3.1873     0.1019     1.2931
    20    8 O        1.9831    -0.3251     1.4040
    21    6 C        3.9605    -0.1841     1.2808
    22    8 O        1.9817    -0.3180     1.4041
    23    1 H        0.9922     0.1038     1.1880
    24    1 H        0.9915     0.1294     1.1880
    25    1 H        0.9916     0.1202     1.1880
    26    1 H        0.9932     0.1078     1.1880
    27    1 H        0.9922     0.1030     1.1880
    28    1 H        0.9915     0.1189     1.1880
    29    1 H        0.9917     0.1248     1.1880
    30    6 C        1.6092     0.1275     1.3241
    31    8 O        0.9994    -0.3439     1.4518
    32    9 F        0.9983    -0.2863     1.4185
--------------------------------------------------
     Σ                          0.0000
--------------------------------------------------

Electrostatic energy:   -2.8943245479160E-01 Eh

[Info] JSON dump of results written to 'multicharge.json'
