[Info] Molecular charge read from '.CHRG'

Charge model parameter:
------------------------------------------------------
   Z          chi/Eh     kcn/Eh     eta/Eh     rad/AA
------------------------------------------------------
 102 No       1.1434     0.0135     0.6305     0.6695
   7 N        1.5582     0.0928     0.6565     0.6998
   6 C        1.4003     0.0601     0.6166     0.9994
   1 H        1.2370     0.0492     1.0964     0.2919
   8 O        1.5687     0.1169     0.6793     0.6518
  35 Br       1.3980     0.0801     0.3934     1.5631
   9 F        1.5754     0.1570     0.7723     0.9393
  15 P        1.5267     0.1425     0.7308     0.7313
------------------------------------------------------

Electrostatic properties (in atomic units):
--------------------------------------------------
     #    Z              CN          q        chi
--------------------------------------------------
     1  102 No       7.8736     0.6592     1.1055
     2    7 N        3.9513    -0.5705     1.3737
     3    6 C        4.2081    -0.0215     1.2771
     4    6 C        4.1038    -0.0353     1.2786
     5    7 N        3.9209    -0.4082     1.3744
     6    6 C        4.1117    -0.0389     1.2785
     7    6 C        4.1943    -0.0230     1.2773
     8    7 N        3.9560    -0.5694     1.3736
     9    1 H        1.0513     0.2438     1.1865
    10    1 H        1.0149     0.2519     1.1874
    11    1 H        0.9911     0.1152     1.1880
    12    1 H        0.9915     0.1230     1.1880
    13    1 H        0.9913     0.1356     1.1880
    14    1 H        0.9911     0.1096     1.1880
    15    1 H        1.0387     0.2381     1.1868
    16    1 H        0.9913     0.1219     1.1880
    17    1 H        0.9911     0.1083     1.1880
    18    1 H        0.9911     0.1126     1.1880
    19    1 H        0.9914     0.1229     1.1880
    20    1 H        1.0405     0.2548     1.1868
    21    1 H        1.0492     0.2518     1.1866
    22    6 C        3.0143    -0.0695     1.2960
    23    6 C        3.0118    -0.0754     1.2961
    24    6 C        3.0174    -0.0686     1.2960
    25    6 C        3.0177     0.0099     1.2960
    26    6 C        3.0156    -0.0613     1.2960
    27    6 C        3.0120    -0.0700     1.2961
    28    6 C        3.8556     0.2598     1.2824
    29    8 O        1.9725    -0.3576     1.4045
    30    8 O        1.9875    -0.3183     1.4039
    31    1 H        0.9928     0.1423     1.1880
    32    1 H        0.9929     0.1396     1.1880
    33    1 H        0.9930     0.1445     1.1880
    34    1 H        0.9933     0.1727     1.1880
    35    1 H        0.9929     0.1462     1.1880
    36    6 C        4.0035    -0.1030     1.2801
    37    8 O        2.9552    -0.3929     1.3677
    38    1 H        0.9916     0.1270     1.1880
    39    1 H        0.9915     0.1210     1.1880
    40    1 H        0.9921     0.1343     1.1880
    41    1 H        1.0967     0.2596     1.1855
    42   35 Br       0.9945    -0.2161     1.3182
    43    6 C        3.9551    -0.1965     1.2809
    44    6 C        4.0459    -0.0485     1.2795
    45    8 O        2.9590    -0.3969     1.3676
    46    1 H        0.9918     0.1237     1.1880
    47    1 H        0.9918     0.1222     1.1880
    48    1 H        0.9915     0.1300     1.1880
    49    1 H        0.9917     0.1286     1.1880
    50    1 H        0.9908     0.1291     1.1880
    51    1 H        1.0566     0.3091     1.1864
    52    9 F        0.9989    -0.2112     1.4184
    53   15 P        3.0156     0.2084     1.2793
    54    9 F        0.9990    -0.1626     1.4184
    55    9 F        0.9989    -0.2022     1.4184
    56    8 O        1.9871    -0.6862     1.4039
    57    1 H        0.9937     0.3098     1.1879
    58    1 H        0.9930     0.3369     1.1880
--------------------------------------------------
     Σ                          1.0000
--------------------------------------------------

Electrostatic energy:    1.0534452303436E-01 Eh

[Info] JSON dump of results written to 'multicharge.json'
