[Info] Molecular charge read from '.CHRG'

Charge model parameter:
------------------------------------------------------
   Z          chi/Eh     kcn/Eh     eta/Eh     rad/AA
------------------------------------------------------
  97 Bk       1.1683     0.0046     0.5532     0.7618
   4 Be       0.9967    -0.0267     0.6200     0.8028
  51 Sb       1.2164     0.0142     0.4795     1.0458
   1 H        1.2370     0.0492     1.0964     0.2919
  34 Se       1.3649     0.0656     0.4617     1.1999
  17 Cl       1.4815     0.1368     0.7586     0.7238
------------------------------------------------------

Electrostatic properties (in atomic units):
--------------------------------------------------
     #    Z              CN          q        chi
--------------------------------------------------
     1   97 Bk       4.5004     0.0689     1.1585
     2    4 Be       1.6795     0.2850     1.0312
     3   51 Sb       0.9578    -0.2657     1.2025
     4    1 H        0.9276    -0.0654     1.1896
     5   34 Se       1.9696    -0.6292     1.2728
     6   17 Cl       0.9916    -0.3935     1.3453
--------------------------------------------------
     Σ                         -1.0000
--------------------------------------------------

Electrostatic energy:   -6.7696007555490E-01 Eh

[Info] JSON dump of results written to 'multicharge.json'
