[Info] Molecular charge read from '.CHRG'

Charge model parameter:
------------------------------------------------------
   Z          chi/Eh     kcn/Eh     eta/Eh     rad/AA
------------------------------------------------------
  97 Bk       1.1683     0.0046     0.5532     0.7618
   6 C        1.4003     0.0601     0.6166     0.9994
   7 N        1.5582     0.0928     0.6565     0.6998
   1 H        1.2370     0.0492     1.0964     0.2919
   8 O        1.5687     0.1169     0.6793     0.6518
  15 P        1.5267     0.1425     0.7308     0.7313
  16 S        1.4077     0.0713     0.5171     1.1581
------------------------------------------------------

Electrostatic properties (in atomic units):
--------------------------------------------------
     #    Z              CN          q        chi
--------------------------------------------------
     1   97 Bk       7.0844     0.6531     1.1560
     2    6 C        3.0705     0.0905     1.2951
     3    6 C        3.1091     0.0431     1.2944
     4    7 N        2.9340    -0.3285     1.3992
     5    6 C        3.1279     0.0475     1.2941
     6    6 C        3.0709     0.0887     1.2950
     7    7 N        2.0160    -0.3122     1.4264
     8    1 H        0.9925     0.1653     1.1880
     9    1 H        0.9924     0.1351     1.1880
    10    1 H        0.9924     0.1471     1.1880
    11    1 H        0.9925     0.1623     1.1880
    12    6 C        3.0153    -0.0441     1.2960
    13    6 C        3.0107    -0.0538     1.2961
    14    6 C        3.0187    -0.0541     1.2959
    15    6 C        3.0177     0.0147     1.2960
    16    6 C        3.0144    -0.0607     1.2960
    17    6 C        3.0105    -0.0483     1.2961
    18    6 C        3.1931     0.2463     1.2930
    19    8 O        1.9678    -0.3191     1.4047
    20    8 O        2.0357    -0.4078     1.4019
    21    1 H        0.9928     0.1678     1.1880
    22    1 H        0.9930     0.1616     1.1880
    23    1 H        0.9930     0.1561     1.1880
    24    1 H        0.9924     0.1443     1.1880
    25    1 H        0.9930     0.1664     1.1880
    26    1 H        0.9930     0.2681     1.1880
    27    6 C        4.1265    -0.0433     1.2783
    28    8 O        1.9876    -0.3134     1.4039
    29   15 P        4.3279     0.3162     1.2303
    30    8 O        1.9876    -0.3215     1.4039
    31    6 C        4.1197    -0.0406     1.2784
    32    8 O        2.9268    -0.2657     1.3687
    33    6 C        4.0622    -0.0749     1.2792
    34    1 H        0.9919     0.1523     1.1880
    35    1 H        0.9916     0.1476     1.1880
    36    1 H        0.9923     0.1597     1.1880
    37    1 H        0.9920     0.1584     1.1880
    38    1 H        0.9917     0.1458     1.1880
    39    1 H        0.9924     0.1546     1.1880
    40    1 H        0.9920     0.1397     1.1880
    41    1 H        0.9920     0.1440     1.1880
    42    1 H        0.9921     0.1589     1.1880
    43   16 S        1.0126    -0.0516     1.3360
    44    6 C        2.4117     0.1626     1.3070
    45    7 N        2.0055    -0.3801     1.4268
    46    7 N        3.9097    -0.7206     1.3747
    47    1 H        0.9974     0.2782     1.1879
    48    1 H        0.9976     0.2822     1.1878
    49    1 H        1.0017     0.2780     1.1877
    50    6 C        3.0695     0.0974     1.2951
    51    6 C        3.1482     0.0620     1.2937
    52    7 N        2.9609    -0.3161     1.3985
    53    6 C        3.1365     0.0488     1.2939
    54    6 C        3.0693     0.0901     1.2951
    55    7 N        2.0159    -0.3091     1.4264
    56    1 H        0.9925     0.1708     1.1880
    57    1 H        0.9926     0.1586     1.1880
    58    1 H        0.9925     0.1386     1.1880
    59    1 H        0.9925     0.1633     1.1880
--------------------------------------------------
     Σ                          2.0000
--------------------------------------------------

Electrostatic energy:    7.8726658227236E-01 Eh

[Info] JSON dump of results written to 'multicharge.json'
