[Info] Molecular spin read from './.UHF'
xTB calculator
 | Coulomb electrostatics
 |  * isotropic Klopman-Ohno electrostatics
 |  * onsite third-order electrostatics
CEH guess
integral cutoff           4.0000000000000E+01 bohr

Atomic charges (in atomic units):
---------------------------------------------------------
     #    Z                 q
---------------------------------------------------------
     1   94 Pu       1.126569
     2   13 Al      -0.245628
     3   33 As      -0.468944
     4   51 Sb      -0.347994
     5   17 Cl      -0.064003
---------------------------------------------------------

Atomic dipole moments (in atomic units):
---------------------------------------------------------
     #    Z                 x            y            z
---------------------------------------------------------
     1   94 Pu      -1.937052    -2.146241    -0.252046
     2   13 Al       0.559556     0.323659    -0.144269
     3   33 As       0.209290    -0.282450     0.291306
     4   51 Sb      -0.405890     0.495758    -0.596716
     5   17 Cl      -0.004306    -0.005819    -0.002185
---------------------------------------------------------
           total    -5.375028    -3.890197    -0.146497
---------------------------------------------------------

[Info] JSON dump of results written to 'tblite.json'
