Charge model parameter:
------------------------------------------------------
   Z          chi/Eh     kcn/Eh     eta/Eh     rad/AA
------------------------------------------------------
  99 Es       1.0593     0.0030     0.5898     0.7145
   3 Li       0.5434    -0.1235     0.9742     0.4791
   1 H        1.2370     0.0492     1.0964     0.2919
------------------------------------------------------

Electrostatic properties (in atomic units):
--------------------------------------------------
     #    Z              CN          q        chi
--------------------------------------------------
     1   99 Es       3.4667    -0.1544     1.0538
     2    3 Li       1.2083     0.2950     0.6792
     3    3 Li       1.2083     0.2948     0.6792
     4    1 H        0.9672    -0.2177     1.1886
     5    1 H        0.9675    -0.2178     1.1886
--------------------------------------------------
     Σ                          0.0000
--------------------------------------------------

Electrostatic energy:   -1.3982664127705E-01 Eh

[Info] JSON dump of results written to 'multicharge.json'
