Charge model parameter:
------------------------------------------------------
   Z          chi/Eh     kcn/Eh     eta/Eh     rad/AA
------------------------------------------------------
  95 Am       1.0010     0.0051     0.6915     0.6095
   6 C        1.4003     0.0601     0.6166     0.9994
   8 O        1.5687     0.1169     0.6793     0.6518
   1 H        1.2370     0.0492     1.0964     0.2919
   9 F        1.5754     0.1570     0.7723     0.9393
  15 P        1.5267     0.1425     0.7308     0.7313
   7 N        1.5582     0.0928     0.6565     0.6998
------------------------------------------------------

Electrostatic properties (in atomic units):
--------------------------------------------------
     #    Z              CN          q        chi
--------------------------------------------------
     1   95 Am       6.6469     0.8199     0.9879
     2    6 C        3.9572    -0.2124     1.2808
     3    6 C        4.0484    -0.0605     1.2795
     4    8 O        2.8906    -0.2905     1.3699
     5    1 H        0.9916     0.1003     1.1880
     6    1 H        0.9916     0.1243     1.1880
     7    1 H        0.9914     0.1198     1.1880
     8    1 H        0.9900     0.1127     1.1880
     9    1 H        0.9906     0.1078     1.1880
    10    9 F        0.9984    -0.2500     1.4185
    11   15 P        4.6006     0.2889     1.2211
    12    9 F        1.8119    -0.1664     1.3640
    13    9 F        1.4447    -0.2250     1.3866
    14    7 N        3.8810    -0.7448     1.3754
    15    1 H        0.9963     0.3007     1.1879
    16    1 H        0.9986     0.2607     1.1878
    17    1 H        0.9981     0.2560     1.1878
    18    7 N        1.9905    -0.3271     1.4273
    19    7 N        2.1539     0.0392     1.4220
    20    7 N        1.0050    -0.3233     1.4652
    21    6 C        4.0028    -0.0733     1.2801
    22    8 O        1.9913    -0.4144     1.4037
    23    1 H        0.9906     0.1146     1.1880
    24    1 H        0.9904     0.1126     1.1880
    25    1 H        0.9905     0.1041     1.1880
    26    6 C        3.9550    -0.1960     1.2809
    27    6 C        3.9749    -0.0523     1.2806
    28    8 O        2.8723    -0.4170     1.3706
    29    1 H        0.9917     0.1090     1.1880
    30    1 H        0.9914     0.1301     1.1880
    31    1 H        0.9918     0.1440     1.1880
    32    1 H        0.9912     0.1139     1.1880
    33    1 H        0.9919     0.1384     1.1880
    34    1 H        1.0045     0.2559     1.1877
--------------------------------------------------
     Σ                         -0.0000
--------------------------------------------------

Electrostatic energy:   -4.2897005881823E-01 Eh

[Info] JSON dump of results written to 'multicharge.json'
