[Info] Molecular charge read from '.CHRG'

Charge model parameter:
------------------------------------------------------
   Z          chi/Eh     kcn/Eh     eta/Eh     rad/AA
------------------------------------------------------
 103 Lr       1.1371     0.0068     0.5937     0.7095
   7 N        1.5582     0.0928     0.6565     0.6998
   6 C        1.4003     0.0601     0.6166     0.9994
   1 H        1.2370     0.0492     1.0964     0.2919
   8 O        1.5687     0.1169     0.6793     0.6518
------------------------------------------------------

Electrostatic properties (in atomic units):
--------------------------------------------------
     #    Z              CN          q        chi
--------------------------------------------------
     1  103 Lr       5.9111     0.7022     1.1207
     2    7 N        2.9738    -0.3278     1.3982
     3    6 C        3.1329     0.0533     1.2940
     4    6 C        3.0096    -0.0526     1.2961
     5    6 C        3.0221    -0.0525     1.2959
     6    6 C        3.0135    -0.0635     1.2960
     7    6 C        3.1686     0.1280     1.2934
     8    6 C        3.1742     0.1276     1.2933
     9    6 C        3.0136    -0.0636     1.2960
    10    6 C        3.0216    -0.0523     1.2959
    11    6 C        3.0101    -0.0515     1.2961
    12    6 C        3.1614     0.0621     1.2935
    13    7 N        2.9834    -0.3221     1.3979
    14    1 H        0.9924     0.1488     1.1880
    15    1 H        0.9931     0.1537     1.1880
    16    1 H        0.9929     0.1558     1.1880
    17    1 H        0.9933     0.1350     1.1880
    18    1 H        0.9933     0.1353     1.1880
    19    1 H        0.9929     0.1562     1.1880
    20    1 H        0.9931     0.1551     1.1880
    21    1 H        0.9926     0.1620     1.1880
    22    7 N        2.6821    -0.0045     1.4062
    23    8 O        1.9654    -0.1632     1.4048
    24    8 O        1.9643    -0.1819     1.4048
    25    6 C        4.0144    -0.0294     1.2800
    26    8 O        1.9918    -0.3618     1.4037
    27    1 H        0.9913     0.1536     1.1880
    28    1 H        0.9913     0.1489     1.1880
    29    1 H        0.9913     0.1490     1.1880
--------------------------------------------------
     Σ                          1.0000
--------------------------------------------------

Electrostatic energy:    4.2525361084145E-01 Eh

[Info] JSON dump of results written to 'multicharge.json'
