[Info] Molecular charge read from '.CHRG'

Charge model parameter:
------------------------------------------------------
   Z          chi/Eh     kcn/Eh     eta/Eh     rad/AA
------------------------------------------------------
  91 Pa       1.0721     0.0037     0.5511     0.7643
  20 Ca       0.7544    -0.0898     0.5212     0.8406
  53 I        1.4034     0.0897     0.3054     2.0116
------------------------------------------------------

Electrostatic properties (in atomic units):
--------------------------------------------------
     #    Z              CN          q        chi
--------------------------------------------------
     1   91 Pa       2.9222     0.2371     1.0657
     2   20 Ca       2.5274     0.7206     0.8972
     3   53 I        1.9616    -0.6928     1.2778
     4   20 Ca       1.7839     0.7350     0.8744
--------------------------------------------------
     Σ                          1.0000
--------------------------------------------------

Electrostatic energy:    3.2834803872875E-01 Eh

[Info] JSON dump of results written to 'multicharge.json'
