Charge model parameter:
------------------------------------------------------
   Z          chi/Eh     kcn/Eh     eta/Eh     rad/AA
------------------------------------------------------
  97 Bk       1.1683     0.0046     0.5532     0.7618
   6 C        1.4003     0.0601     0.6166     0.9994
   7 N        1.5582     0.0928     0.6565     0.6998
   1 H        1.2370     0.0492     1.0964     0.2919
   8 O        1.5687     0.1169     0.6793     0.6518
  15 P        1.5267     0.1425     0.7308     0.7313
------------------------------------------------------

Electrostatic properties (in atomic units):
--------------------------------------------------
     #    Z              CN          q        chi
--------------------------------------------------
     1   97 Bk       6.4339     0.7000     1.1566
     2    6 C        1.0130    -0.0358     1.3398
     3    7 N        1.9591    -0.3521     1.4283
     4    7 N        3.9108    -0.7419     1.3747
     5    1 H        0.9977     0.2608     1.1878
     6    1 H        1.0155     0.2596     1.1874
     7    1 H        1.0000     0.2514     1.1878
     8    6 C        4.0204    -0.0745     1.2799
     9    8 O        1.9915    -0.3526     1.4037
    10    1 H        0.9897     0.1001     1.1880
    11    1 H        0.9898     0.1064     1.1880
    12    1 H        0.9898     0.1152     1.1880
    13    6 C        3.9572    -0.2304     1.2808
    14   15 P        3.8958     0.0870     1.2454
    15    6 C        3.9556    -0.2417     1.2808
    16    6 C        3.9555    -0.2354     1.2808
    17    1 H        0.9920     0.0933     1.1880
    18    1 H        0.9942     0.1199     1.1879
    19    1 H        0.9933     0.1201     1.1880
    20    1 H        0.9919     0.0934     1.1880
    21    1 H        0.9925     0.0996     1.1880
    22    1 H        0.9938     0.1115     1.1879
    23    1 H        0.9919     0.0927     1.1880
    24    1 H        0.9933     0.1137     1.1880
    25    1 H        0.9927     0.1076     1.1880
    26    8 O        1.9889    -0.5359     1.4038
    27    1 H        1.0318     0.2766     1.1870
    28    6 C        3.9575    -0.1869     1.2808
    29    6 C        2.0360     0.0763     1.3146
    30    7 N        1.7819    -0.3823     1.4343
    31    1 H        0.9919     0.0985     1.1880
    32    1 H        0.9908     0.1234     1.1880
    33    1 H        0.9919     0.1059     1.1880
    34    6 C        3.9577    -0.1845     1.2808
    35    6 C        2.0412     0.0795     1.3145
    36    7 N        1.8487    -0.3696     1.4320
    37    1 H        0.9919     0.1026     1.1880
    38    1 H        0.9920     0.1040     1.1880
    39    1 H        0.9910     0.1244     1.1880
--------------------------------------------------
     Σ                         -0.0000
--------------------------------------------------

Electrostatic energy:   -3.5471644432686E-01 Eh

[Info] JSON dump of results written to 'multicharge.json'
