[Info] Molecular spin read from './.UHF'
xTB calculator
 | Coulomb electrostatics
 |  * isotropic Klopman-Ohno electrostatics
 |  * onsite third-order electrostatics
CEH guess
integral cutoff           4.0000000000000E+01 bohr

Atomic charges (in atomic units):
---------------------------------------------------------
     #    Z                 q
---------------------------------------------------------
     1   89 Ac      -0.184241
     2    3 Li       0.414575
     3    3 Li       0.189177
     4    3 Li       0.071546
     5    1 H       -0.242180
     6    1 H       -0.248878
---------------------------------------------------------

Atomic dipole moments (in atomic units):
---------------------------------------------------------
     #    Z                 x            y            z
---------------------------------------------------------
     1   89 Ac      -0.570619    -0.323769     0.234462
     2    3 Li       0.347664     0.144168     0.621014
     3    3 Li      -0.145885     0.559535    -0.624619
     4    3 Li      -0.072563    -0.826379    -0.118859
     5    1 H        0.113520    -0.019306    -0.031948
     6    1 H       -0.007784     0.117712    -0.017828
---------------------------------------------------------
           total     0.037045    -0.773387     0.987258
---------------------------------------------------------

[Info] JSON dump of results written to 'tblite.json'
