[Info] Molecular charge read from '.CHRG'

Charge model parameter:
------------------------------------------------------
   Z          chi/Eh     kcn/Eh     eta/Eh     rad/AA
------------------------------------------------------
  89 Ac       1.0458     0.0047     0.6519     0.6470
  19 K        0.4037    -0.1022     0.9145     0.8703
  50 Sn       1.1245    -0.0303     0.4567     1.0454
  53 I        1.4034     0.0897     0.3054     2.0116
  35 Br       1.3980     0.0801     0.3934     1.5631
------------------------------------------------------

Electrostatic properties (in atomic units):
--------------------------------------------------
     #    Z              CN          q        chi
--------------------------------------------------
     1   89 Ac       3.8794     0.3259     1.0365
     2   19 K        3.5573     0.7337     0.5965
     3   50 Sn       1.7490    -0.2594     1.1646
     4   53 I        1.8666    -1.0245     1.2809
     5   35 Br       1.9049    -0.7756     1.2875
--------------------------------------------------
     Σ                         -1.0000
--------------------------------------------------

Electrostatic energy:   -9.1880848154498E-01 Eh

[Info] JSON dump of results written to 'multicharge.json'
