xTB calculator
 | Coulomb electrostatics
 |  * isotropic Klopman-Ohno electrostatics
 |  * onsite third-order electrostatics
CEH guess
integral cutoff           4.0000000000000E+01 bohr

Atomic charges (in atomic units):
---------------------------------------------------------
     #    Z                 q
---------------------------------------------------------
     1  102 No       0.629644
     2   53 I       -0.314522
     3   53 I       -0.315122
---------------------------------------------------------

Atomic dipole moments (in atomic units):
---------------------------------------------------------
     #    Z                 x            y            z
---------------------------------------------------------
     1  102 No      -0.286470    -0.808152     0.432539
     2   53 I       -0.080304    -0.003179     0.049436
     3   53 I        0.051127    -0.079182    -0.005366
---------------------------------------------------------
           total    -0.758921    -2.149414     1.148603
---------------------------------------------------------

[Info] JSON dump of results written to 'tblite.json'
