[Info] Molecular charge read from './.CHRG'
[Info] Molecular spin read from './.UHF'
xTB calculator
 | Coulomb electrostatics
 |  * isotropic Klopman-Ohno electrostatics
 |  * onsite third-order electrostatics
CEH guess
integral cutoff           4.0000000000000E+01 bohr

Atomic charges (in atomic units):
---------------------------------------------------------
     #    Z                 q
---------------------------------------------------------
     1   98 Cf       1.154780
     2    6 C       -0.091966
     3    6 C        0.119871
     4    6 C       -0.166643
     5    6 C        0.129135
     6    8 O       -0.209969
     7    6 C       -0.088395
     8    8 O       -0.214972
     9    1 H        0.050475
    10    1 H        0.047087
    11    1 H        0.049251
    12    1 H        0.049793
    13    1 H        0.050456
    14    1 H        0.050643
    15    1 H        0.047509
    16    7 N        0.297865
    17    8 O       -0.153087
    18    8 O       -0.168672
    19    8 O       -0.166928
    20    6 C       -0.025051
    21    6 C       -0.046370
    22    6 C       -0.007003
    23    6 C       -0.008388
    24    6 C        0.003665
    25    6 C       -0.042764
    26    6 C        0.226649
    27    8 O       -0.119684
    28    8 O       -0.137374
    29    1 H        0.040981
    30    1 H        0.037662
    31    1 H        0.029466
    32    1 H        0.045576
    33    1 H        0.041484
    34    1 H        0.174919
---------------------------------------------------------

Atomic dipole moments (in atomic units):
---------------------------------------------------------
     #    Z                 x            y            z
---------------------------------------------------------
     1   98 Cf       0.026147     0.080822    -0.009425
     2    6 C       -0.066981     0.004912     0.040851
     3    6 C       -0.034651     0.138252    -0.040648
     4    6 C       -0.015910     0.032596    -0.000753
     5    6 C       -0.113598     0.090705     0.033363
     6    8 O        0.057266    -0.057726    -0.010063
     7    6 C        0.022050     0.058013    -0.049844
     8    8 O        0.041267    -0.068440     0.024262
     9    1 H        0.056912    -0.131574     0.032983
    10    1 H        0.077794     0.111553     0.041770
    11    1 H       -0.044086     0.015553    -0.136786
    12    1 H        0.074613    -0.110859     0.007649
    13    1 H        0.104652    -0.103588    -0.013437
    14    1 H       -0.130541    -0.039770    -0.045905
    15    1 H       -0.008570     0.063000     0.128958
    16    7 N        0.033501    -0.001453     0.016650
    17    8 O        0.187061     0.006242     0.126899
    18    8 O       -0.201802     0.069532     0.091249
    19    8 O        0.008594    -0.076454    -0.216939
    20    6 C       -0.002002    -0.023856    -0.002910
    21    6 C        0.000237     0.001841    -0.016887
    22    6 C        0.000190    -0.027982    -0.038724
    23    6 C       -0.005452    -0.039309    -0.006967
    24    6 C       -0.007280    -0.047153     0.027243
    25    6 C       -0.001317    -0.004741     0.015892
    26    6 C       -0.016598    -0.023147    -0.130081
    27    8 O       -0.002373     0.063248    -0.053102
    28    8 O        0.002318     0.098975     0.040298
    29    1 H        0.006443     0.127932     0.041737
    30    1 H       -0.005657     0.025880     0.131387
    31    1 H       -0.011625    -0.104187     0.089928
    32    1 H        0.012709    -0.015035    -0.138565
    33    1 H        0.013092     0.099503    -0.090580
    34    1 H       -0.018242     0.104149    -0.057790
---------------------------------------------------------
           total     2.350996     2.731058    -0.670134
---------------------------------------------------------

[Info] JSON dump of results written to 'tblite.json'
