[Info] Molecular spin read from './.UHF'
xTB calculator
 | Coulomb electrostatics
 |  * isotropic Klopman-Ohno electrostatics
 |  * onsite third-order electrostatics
CEH guess
integral cutoff           4.0000000000000E+01 bohr

Atomic charges (in atomic units):
---------------------------------------------------------
     #    Z                 q
---------------------------------------------------------
     1   99 Es       1.176201
     2   35 Br      -0.196346
     3   35 Br      -0.197049
     4   35 Br      -0.196088
     5   35 Br      -0.195499
     6   35 Br      -0.195935
     7   35 Br      -0.195284
---------------------------------------------------------

Atomic dipole moments (in atomic units):
---------------------------------------------------------
     #    Z                 x            y            z
---------------------------------------------------------
     1   99 Es       0.001922     0.002250    -0.000780
     2   35 Br       0.035244    -0.028536     0.051845
     3   35 Br      -0.028486     0.035185    -0.051507
     4   35 Br       0.026645    -0.051425     0.038325
     5   35 Br      -0.035541     0.053072    -0.026923
     6   35 Br      -0.051678     0.026382    -0.038186
     7   35 Br       0.053142    -0.035611     0.026820
---------------------------------------------------------
           total     0.017516     0.015435    -0.001217
---------------------------------------------------------

[Info] JSON dump of results written to 'tblite.json'
