Charge model parameter:
------------------------------------------------------
   Z          chi/Eh     kcn/Eh     eta/Eh     rad/AA
------------------------------------------------------
  98 Cf       1.0089     0.0039     0.6196     0.6803
   1 H        1.2370     0.0492     1.0964     0.2919
  11 Na       0.5594    -0.1000     0.8641     0.6787
  38 Sr       0.5880    -0.0670     0.6512     0.8612
  51 Sb       1.2164     0.0142     0.4795     1.0458
  16 S        1.4077     0.0713     0.5171     1.1581
------------------------------------------------------

Electrostatic properties (in atomic units):
--------------------------------------------------
     #    Z              CN          q        chi
--------------------------------------------------
     1   98 Cf       4.5968     0.2421     1.0006
     2    1 H        2.3292    -0.1152     1.1619
     3   11 Na       3.6189     0.4883     0.7497
     4   38 Sr       4.5198     0.7399     0.7304
     5   51 Sb       3.6415    -0.5096     1.1894
     6   16 S        2.9388    -0.8455     1.2855
--------------------------------------------------
     Σ                         -0.0000
--------------------------------------------------

Electrostatic energy:   -3.3903919093457E-01 Eh

[Info] JSON dump of results written to 'multicharge.json'
