xTB calculator
 | Coulomb electrostatics
 |  * isotropic Klopman-Ohno electrostatics
 |  * onsite third-order electrostatics
CEH guess
integral cutoff           2.2843592577975E+01 bohr

Atomic charges (in atomic units):
---------------------------------------------------------
     #    Z                 q
---------------------------------------------------------
     1   91 Pa       0.855452
     2    8 O       -0.312729
     3    1 H        0.200766
     4    9 F       -0.208849
     5    6 C       -0.007494
     6    7 N       -0.312775
     7    9 F       -0.234796
     8    9 F       -0.234217
     9    8 O       -0.177821
    10    1 H        0.218371
    11    1 H        0.214092
---------------------------------------------------------

Atomic dipole moments (in atomic units):
---------------------------------------------------------
     #    Z                 x            y            z
---------------------------------------------------------
     1   91 Pa      -0.056184    -0.105743    -0.034587
     2    8 O        0.030653     0.170064     0.030358
     3    1 H        0.026428     0.152616     0.026578
     4    9 F       -0.018792    -0.101326    -0.017146
     5    6 C       -0.096669    -0.000320     0.148507
     6    7 N       -0.039533     0.010279    -0.006156
     7    9 F        0.011177    -0.018495     0.084863
     8    9 F       -0.081128     0.018462    -0.014053
     9    8 O        0.074113    -0.090767    -0.010150
    10    1 H        0.066578    -0.025645    -0.109271
    11    1 H        0.042277    -0.082627     0.092133
---------------------------------------------------------
           total     1.596142    -0.048710     0.936802
---------------------------------------------------------

[Info] JSON dump of results written to 'tblite.json'
