[Info] Molecular charge read from './.CHRG'
xTB calculator
 | Coulomb electrostatics
 |  * isotropic Klopman-Ohno electrostatics
 |  * onsite third-order electrostatics
CEH guess
integral cutoff           2.3650283084401E+01 bohr

Atomic charges (in atomic units):
---------------------------------------------------------
     #    Z                 q
---------------------------------------------------------
     1   90 Th       1.056318
     2    6 C        0.020858
     3    6 C       -0.035309
     4    6 C        0.019982
     5    6 C       -0.014303
     6    6 C        0.022903
     7    6 C       -0.034836
     8    6 C        0.273160
     9    8 O       -0.279199
    10    8 O       -0.239478
    11    1 H        0.051141
    12    1 H        0.049137
    13    1 H        0.034442
    14    1 H        0.037145
    15    1 H        0.049507
    16    7 N       -0.104924
    17    6 C        0.016278
    18    6 C        0.012734
    19    7 N       -0.082866
    20    1 H        0.124969
    21    1 H        0.144524
    22    1 H        0.070555
    23    1 H        0.080474
    24    1 H        0.083274
    25    1 H        0.057374
    26    1 H        0.133551
    27    1 H        0.138236
    28    6 C        0.000568
    29    8 O       -0.284059
    30    1 H        0.059603
    31    1 H        0.053472
    32    1 H        0.057015
    33    6 C        0.003046
    34    6 C        0.083933
    35    8 O       -0.167922
    36    1 H        0.094135
    37    1 H        0.039835
    38    1 H        0.044710
    39    1 H        0.061346
    40    1 H        0.059202
    41    1 H        0.209469
---------------------------------------------------------

Atomic dipole moments (in atomic units):
---------------------------------------------------------
     #    Z                 x            y            z
---------------------------------------------------------
     1   90 Th       0.466239     0.533846    -0.329380
     2    6 C        0.014230    -0.020308    -0.011418
     3    6 C       -0.005801    -0.012966    -0.015989
     4    6 C       -0.004317    -0.040522    -0.041425
     5    6 C        0.022187    -0.032194    -0.017919
     6    6 C        0.050396    -0.028814     0.002264
     7    6 C        0.019978    -0.007128     0.004483
     8    6 C        0.046870    -0.083483    -0.048981
     9    8 O       -0.097682     0.017488    -0.041549
    10    8 O        0.073734     0.033954     0.076866
    11    1 H       -0.067090     0.101518     0.059883
    12    1 H        0.057431     0.069111     0.100424
    13    1 H        0.125721    -0.031315     0.042064
    14    1 H       -0.059615    -0.068990    -0.101919
    15    1 H       -0.124227     0.032454    -0.040820
    16    7 N       -0.057680    -0.138508     0.246965
    17    6 C       -0.088561     0.186991    -0.125262
    18    6 C        0.008086     0.020760    -0.224277
    19    7 N        0.138927    -0.117764     0.224349
    20    1 H       -0.037895     0.070453     0.074538
    21    1 H       -0.070970    -0.077885    -0.032305
    22    1 H        0.028993    -0.100689    -0.074103
    23    1 H       -0.054264    -0.027576     0.109441
    24    1 H        0.088345    -0.067758     0.059003
    25    1 H       -0.032362     0.111543     0.052996
    26    1 H        0.050054    -0.095856    -0.029903
    27    1 H        0.072473     0.076041     0.034931
    28    6 C        0.063575     0.210797     0.118691
    29    8 O       -0.043468    -0.141423    -0.071205
    30    1 H       -0.093160     0.030613    -0.101009
    31    1 H       -0.057565    -0.087368     0.093037
    32    1 H        0.115697    -0.057267    -0.055056
    33    6 C        0.073837     0.003025     0.053799
    34    6 C        0.019578    -0.097337     0.261340
    35    8 O        0.059148     0.058603    -0.056303
    36    1 H       -0.030879     0.044483    -0.139395
    37    1 H       -0.091544     0.081676     0.067011
    38    1 H       -0.009349    -0.136149    -0.021900
    39    1 H        0.006745     0.130815    -0.002500
    40    1 H        0.078778    -0.063460    -0.082886
    41    1 H        0.123888     0.059467     0.014089
---------------------------------------------------------
           total     1.783309     2.168263    -1.252816
---------------------------------------------------------

[Info] JSON dump of results written to 'tblite.json'
