Charge model parameter:
------------------------------------------------------
   Z          chi/Eh     kcn/Eh     eta/Eh     rad/AA
------------------------------------------------------
 100 Fm       1.0767     0.0040     0.5988     0.7039
   8 O        1.5687     0.1169     0.6793     0.6518
------------------------------------------------------

Electrostatic properties (in atomic units):
--------------------------------------------------
     #    Z              CN          q        chi
--------------------------------------------------
     1  100 Fm       2.9908     0.9488     1.0698
     2    8 O        0.9985    -0.3167     1.4519
     3    8 O        0.9985    -0.3177     1.4519
     4    8 O        0.9984    -0.3143     1.4519
--------------------------------------------------
     Σ                          0.0000
--------------------------------------------------

Electrostatic energy:   -1.8124948574442E-01 Eh

[Info] JSON dump of results written to 'multicharge.json'
