[Info] Molecular charge read from '.CHRG'

Charge model parameter:
------------------------------------------------------
   Z          chi/Eh     kcn/Eh     eta/Eh     rad/AA
------------------------------------------------------
  96 Cm       1.1100     0.0071     0.5609     0.7515
   7 N        1.5582     0.0928     0.6565     0.6998
   6 C        1.4003     0.0601     0.6166     0.9994
   1 H        1.2370     0.0492     1.0964     0.2919
   8 O        1.5687     0.1169     0.6793     0.6518
------------------------------------------------------

Electrostatic properties (in atomic units):
--------------------------------------------------
     #    Z              CN          q        chi
--------------------------------------------------
     1   96 Cm       4.5174     0.7460     1.0949
     2    7 N        2.9755    -0.3469     1.3981
     3    6 C        3.1467     0.0530     1.2938
     4    6 C        3.0089    -0.0411     1.2961
     5    6 C        3.0218    -0.0378     1.2959
     6    6 C        3.0133    -0.0530     1.2960
     7    6 C        3.1773     0.1292     1.2932
     8    6 C        3.1802     0.1293     1.2932
     9    6 C        3.0133    -0.0531     1.2960
    10    6 C        3.0217    -0.0381     1.2959
    11    6 C        3.0089    -0.0419     1.2961
    12    6 C        3.1566     0.0523     1.2936
    13    7 N        2.9786    -0.3478     1.3980
    14    1 H        0.9923     0.1443     1.1880
    15    1 H        0.9930     0.1663     1.1880
    16    1 H        0.9929     0.1719     1.1880
    17    1 H        0.9933     0.1457     1.1880
    18    1 H        0.9933     0.1456     1.1880
    19    1 H        0.9928     0.1717     1.1880
    20    1 H        0.9930     0.1656     1.1880
    21    1 H        0.9923     0.1427     1.1880
    22    6 C        4.0246    -0.0264     1.2798
    23    8 O        1.9905    -0.4012     1.4037
    24    1 H        0.9917     0.1596     1.1880
    25    1 H        0.9917     0.1548     1.1880
    26    1 H        0.9917     0.1555     1.1880
    27    6 C        4.0274    -0.0431     1.2798
    28    6 C        3.9848    -0.1077     1.2804
    29    6 C        3.9830    -0.1081     1.2804
    30    6 C        4.0665    -0.0420     1.2792
    31    8 O        2.9210    -0.3055     1.3689
    32    1 H        0.9915     0.1403     1.1880
    33    1 H        0.9917     0.1396     1.1880
    34    1 H        0.9916     0.1497     1.1880
    35    1 H        0.9920     0.1514     1.1880
    36    1 H        0.9919     0.1514     1.1880
    37    1 H        0.9915     0.1489     1.1880
    38    1 H        0.9915     0.1416     1.1880
    39    1 H        0.9918     0.1373     1.1880
--------------------------------------------------
     Σ                          2.0000
--------------------------------------------------

Electrostatic energy:    9.9914869340918E-01 Eh

[Info] JSON dump of results written to 'multicharge.json'
