[Info] Molecular charge read from './.CHRG'
[Info] Molecular spin read from './.UHF'
xTB calculator
 | Coulomb electrostatics
 |  * isotropic Klopman-Ohno electrostatics
 |  * onsite third-order electrostatics
CEH guess
integral cutoff           3.7432403240289E+01 bohr

Atomic charges (in atomic units):
---------------------------------------------------------
     #    Z                 q
---------------------------------------------------------
     1   93 Np       1.037028
     2    6 C        0.041924
     3    8 O       -0.205063
     4    1 H        0.052546
     5    1 H        0.050915
     6    1 H        0.056454
     7    8 O       -0.168179
     8    1 H        0.225317
     9    1 H        0.192515
    10    6 C       -0.117466
    11   15 P        0.178605
    12    6 C       -0.119745
    13    6 C       -0.104794
    14    1 H        0.039227
    15    1 H        0.054363
    16    1 H        0.058094
    17    1 H        0.040285
    18    1 H        0.060581
    19    1 H        0.052949
    20    1 H        0.044716
    21    1 H        0.053865
    22    1 H        0.055132
    23    8 O       -0.370828
    24   16 S        0.513655
    25    8 O       -0.379345
    26    8 O       -0.342751
---------------------------------------------------------

Atomic dipole moments (in atomic units):
---------------------------------------------------------
     #    Z                 x            y            z
---------------------------------------------------------
     1   93 Np      -0.291709     0.190312     0.684961
     2    6 C       -0.189933    -0.012088     0.171067
     3    8 O        0.100642     0.000476    -0.090109
     4    1 H        0.064146    -0.128431    -0.007152
     5    1 H        0.094085     0.100163     0.044860
     6    1 H       -0.056780     0.036425    -0.128671
     7    8 O        0.032274     0.009774     0.096938
     8    1 H        0.091359    -0.067413     0.086466
     9    1 H       -0.084321     0.058109     0.070808
    10    6 C        0.017815    -0.026065     0.026859
    11   15 P       -0.147618    -0.161143    -0.061809
    12    6 C        0.015013    -0.001535    -0.038272
    13    6 C       -0.023535     0.033827     0.015499
    14    1 H       -0.112608    -0.097131    -0.015282
    15    1 H        0.075857     0.020851    -0.134413
    16    1 H       -0.045219     0.139484     0.055835
    17    1 H       -0.117643    -0.079814    -0.048777
    18    1 H       -0.038571     0.137795     0.063988
    19    1 H        0.085894    -0.080142     0.101006
    20    1 H       -0.128327    -0.075690    -0.024850
    21    1 H        0.089339    -0.074228     0.102247
    22    1 H        0.079321     0.021389    -0.130939
    23    8 O       -0.103266    -0.019697    -0.009926
    24   16 S        0.006571     0.066465    -0.026081
    25    8 O        0.030436     0.016510     0.096279
    26    8 O        0.027372     0.092346    -0.052180
---------------------------------------------------------
           total    -1.223572     0.267902     2.103473
---------------------------------------------------------

[Info] JSON dump of results written to 'tblite.json'
