xTB calculator
 | Coulomb electrostatics
 |  * isotropic Klopman-Ohno electrostatics
 |  * onsite third-order electrostatics
CEH guess
integral cutoff           4.0000000000000E+01 bohr

Atomic charges (in atomic units):
---------------------------------------------------------
     #    Z                 q
---------------------------------------------------------
     1  103 Lr       0.363135
     2    6 C       -0.099897
     3    6 C        0.166147
     4    8 O       -0.262743
     5    8 O       -0.356029
     6    7 N       -0.128125
     7    1 H        0.051249
     8    1 H        0.076791
     9    1 H        0.096350
    10    1 H        0.093077
    11    7 N       -0.150287
    12    1 H        0.096513
    13    1 H        0.083444
    14    1 H        0.088446
    15   17 Cl      -0.463151
    16    6 C       -0.108780
    17   15 P        0.192298
    18    6 C       -0.104058
    19    6 C       -0.107318
    20    1 H        0.043869
    21    1 H        0.055053
    22    1 H        0.058374
    23    1 H        0.047952
    24    1 H        0.055618
    25    1 H        0.046475
    26    1 H        0.044548
    27    1 H        0.045699
    28    1 H        0.059923
    29    6 C       -0.086981
    30    8 O       -0.425706
    31    1 H        0.032841
    32    1 H        0.031378
    33    1 H        0.034554
    34    6 C        0.021144
    35    6 C       -0.037228
    36    6 C       -0.037470
    37    6 C        0.019343
    38    8 O       -0.126658
    39    1 H        0.038568
    40    1 H        0.073936
    41    1 H        0.041959
    42    1 H        0.075707
    43    1 H        0.076277
    44    1 H        0.031297
    45    1 H        0.049101
    46    1 H        0.064575
    47    7 N       -0.164362
    48    1 H        0.097094
    49    1 H        0.101748
    50    1 H        0.104312
---------------------------------------------------------

Atomic dipole moments (in atomic units):
---------------------------------------------------------
     #    Z                 x            y            z
---------------------------------------------------------
     1  103 Lr       0.398899    -0.508887    -0.366468
     2    6 C       -0.171686    -0.006907     0.122051
     3    6 C       -0.093239    -0.012741     0.088997
     4    8 O       -0.050740    -0.019687     0.060473
     5    8 O        0.057308    -0.076766    -0.022921
     6    7 N        0.317483    -0.106064     0.093252
     7    1 H        0.099227     0.002630     0.059862
     8    1 H       -0.020066    -0.074291    -0.092337
     9    1 H        0.022282     0.051943     0.072768
    10    1 H       -0.019516    -0.088082    -0.011732
    11    7 N        0.041438     0.240379     0.286463
    12    1 H        0.033406    -0.070899     0.075911
    13    1 H       -0.092587     0.029874     0.014192
    14    1 H        0.072364     0.070871    -0.048391
    15   17 Cl       0.076961    -0.017776    -0.057119
    16    6 C        0.047755    -0.022892    -0.011657
    17   15 P        0.009433     0.024635    -0.024415
    18    6 C       -0.001012    -0.014659     0.044510
    19    6 C       -0.033562    -0.033177    -0.030751
    20    1 H        0.026325     0.142775    -0.037378
    21    1 H       -0.031091    -0.020298     0.146403
    22    1 H       -0.111992    -0.062322    -0.077765
    23    1 H       -0.001423     0.149288    -0.018276
    24    1 H       -0.107850    -0.073362    -0.072789
    25    1 H        0.130228    -0.065273    -0.025474
    26    1 H       -0.006395     0.139071    -0.051191
    27    1 H        0.126073    -0.069515    -0.039319
    28    1 H       -0.022121    -0.001915     0.151118
    29    6 C        0.200846    -0.081850     0.043596
    30    8 O       -0.102458     0.044658    -0.001655
    31    1 H        0.000110     0.108327    -0.064602
    32    1 H       -0.048063     0.023018     0.110002
    33    1 H       -0.079822    -0.075685    -0.063903
    34    6 C        0.204462    -0.007111     0.148616
    35    6 C        0.103725     0.088363     0.017856
    36    6 C        0.062471     0.038395    -0.106362
    37    6 C       -0.090587     0.111268    -0.219502
    38    8 O       -0.099019    -0.051622     0.066612
    39    1 H       -0.052845     0.098631     0.025178
    40    1 H        0.003436    -0.029980    -0.127173
    41    1 H        0.042331    -0.114573    -0.047067
    42    1 H       -0.132275     0.021125     0.006262
    43    1 H        0.001228    -0.115161     0.073126
    44    1 H       -0.047299     0.108075     0.045882
    45    1 H        0.064489    -0.105870    -0.010499
    46    1 H        0.037487     0.078875     0.083429
    47    7 N       -0.074501    -0.081447    -0.352560
    48    1 H       -0.080028     0.052091    -0.013988
    49    1 H       -0.012412    -0.111799     0.015600
    50    1 H        0.098653     0.041157    -0.042804
---------------------------------------------------------
           total     0.489749    -2.022017     1.002009
---------------------------------------------------------

[Info] JSON dump of results written to 'tblite.json'
