[Info] Molecular charge read from '.CHRG'

Charge model parameter:
------------------------------------------------------
   Z          chi/Eh     kcn/Eh     eta/Eh     rad/AA
------------------------------------------------------
  94 Pu       1.0104     0.0049     0.6346     0.6641
  35 Br       1.3980     0.0801     0.3934     1.5631
  17 Cl       1.4815     0.1368     0.7586     0.7238
------------------------------------------------------

Electrostatic properties (in atomic units):
--------------------------------------------------
     #    Z              CN          q        chi
--------------------------------------------------
     1   94 Pu       1.9859     0.3684     1.0035
     2   35 Br       0.9925    -0.9208     1.3183
     3   17 Cl       0.9944    -0.4476     1.3451
--------------------------------------------------
     Σ                         -1.0000
--------------------------------------------------

Electrostatic energy:   -7.2310715137773E-01 Eh

[Info] JSON dump of results written to 'multicharge.json'
