[Info] Molecular charge read from '.CHRG'

Charge model parameter:
------------------------------------------------------
   Z          chi/Eh     kcn/Eh     eta/Eh     rad/AA
------------------------------------------------------
  94 Pu       1.0104     0.0049     0.6346     0.6641
   4 Be       0.9967    -0.0267     0.6200     0.8028
  15 P        1.5267     0.1425     0.7308     0.7313
  16 S        1.4077     0.0713     0.5171     1.1581
------------------------------------------------------

Electrostatic properties (in atomic units):
--------------------------------------------------
     #    Z              CN          q        chi
--------------------------------------------------
     1   94 Pu       3.9497     0.6848     1.0007
     2    4 Be       3.9187     0.6254     1.0494
     3   15 P        2.9713    -0.0402     1.2811
     4   16 S        1.9966    -0.1926     1.3070
     5   16 S        2.9532    -0.0775     1.2852
--------------------------------------------------
     Σ                          1.0000
--------------------------------------------------

Electrostatic energy:    4.6943509603453E-01 Eh

[Info] JSON dump of results written to 'multicharge.json'
