[Info] Molecular charge read from '.CHRG'

Charge model parameter:
------------------------------------------------------
   Z          chi/Eh     kcn/Eh     eta/Eh     rad/AA
------------------------------------------------------
  93 Np       1.1090     0.0071     0.5649     0.7462
   7 N        1.5582     0.0928     0.6565     0.6998
   1 H        1.2370     0.0492     1.0964     0.2919
   8 O        1.5687     0.1169     0.6793     0.6518
   6 C        1.4003     0.0601     0.6166     0.9994
------------------------------------------------------

Electrostatic properties (in atomic units):
--------------------------------------------------
     #    Z              CN          q        chi
--------------------------------------------------
     1   93 Np       4.4283     0.9173     1.0941
     2    7 N        3.9421    -0.6884     1.3740
     3    1 H        1.0006     0.3667     1.1878
     4    1 H        1.0049     0.3612     1.1877
     5    1 H        1.0051     0.3724     1.1877
     6    8 O        1.9893    -0.4504     1.4038
     7    1 H        1.0256     0.4054     1.1872
     8    7 N        3.9431    -0.6839     1.3739
     9    1 H        1.0055     0.3624     1.1877
    10    1 H        1.0012     0.3694     1.1878
    11    1 H        1.0053     0.3720     1.1877
    12    6 C        4.0575     0.0104     1.2793
    13    6 C        3.9810    -0.0541     1.2805
    14    6 C        3.9776    -0.0566     1.2805
    15    6 C        4.2629     0.0056     1.2763
    16    8 O        2.9148    -0.2913     1.3691
    17    1 H        0.9918     0.2050     1.1880
    18    1 H        0.9919     0.2073     1.1880
    19    1 H        0.9916     0.2149     1.1880
    20    1 H        0.9915     0.2270     1.1880
    21    1 H        0.9915     0.2265     1.1880
    22    1 H        0.9916     0.2120     1.1880
    23    1 H        0.9915     0.2005     1.1880
    24    1 H        0.9926     0.1888     1.1880
--------------------------------------------------
     Σ                          3.0000
--------------------------------------------------

Electrostatic energy:    1.5314837381963E+00 Eh

[Info] JSON dump of results written to 'multicharge.json'
