xTB calculator
 | Coulomb electrostatics
 |  * isotropic Klopman-Ohno electrostatics
 |  * onsite third-order electrostatics
CEH guess
integral cutoff           4.0000000000000E+01 bohr

Atomic charges (in atomic units):
---------------------------------------------------------
     #    Z                 q
---------------------------------------------------------
     1  103 Lr       0.858714
     2    6 C       -0.079809
     3    6 C        0.203883
     4    6 C       -0.162309
     5    6 C        0.198401
     6    8 O       -0.261041
     7    6 C       -0.078776
     8    8 O       -0.253577
     9    1 H        0.049966
    10    1 H        0.056375
    11    1 H        0.068306
    12    1 H        0.052894
    13    1 H        0.048570
    14    1 H        0.063597
    15    1 H        0.061250
    16   16 S       -0.178607
    17    6 C        0.049308
    18    7 N       -0.320585
    19    7 N       -0.316201
    20    7 N        0.105912
    21    7 N       -0.166271
---------------------------------------------------------

Atomic dipole moments (in atomic units):
---------------------------------------------------------
     #    Z                 x            y            z
---------------------------------------------------------
     1  103 Lr      -0.030726     0.057817    -0.038997
     2    6 C       -0.045047    -0.039423    -0.041788
     3    6 C       -0.053096     0.025123     0.011064
     4    6 C       -0.065380     0.068885    -0.055404
     5    6 C       -0.020648    -0.000486    -0.060424
     6    8 O        0.032980     0.023052     0.091937
     7    6 C       -0.070656    -0.021392     0.007918
     8    8 O        0.090299    -0.023417    -0.031237
     9    1 H        0.128999    -0.068603     0.011351
    10    1 H       -0.062722     0.035899     0.126506
    11    1 H       -0.006045     0.107493    -0.089295
    12    1 H       -0.037083    -0.079441     0.011783
    13    1 H        0.068144    -0.011124     0.128779
    14    1 H       -0.038723     0.128119    -0.039840
    15    1 H        0.065269    -0.069673    -0.110248
    16   16 S       -0.152616    -0.067905    -0.049120
    17    6 C        0.103474     0.048659     0.032023
    18    7 N       -0.126606    -0.054499    -0.041119
    19    7 N        0.061454     0.456031    -0.124026
    20    7 N       -0.018203    -0.115939     0.030282
    21    7 N       -0.035355    -0.357011     0.101601
---------------------------------------------------------
           total     3.049016    -0.233487     1.539054
---------------------------------------------------------

[Info] JSON dump of results written to 'tblite.json'
