[Info] Molecular charge read from './.CHRG'
[Info] Molecular spin read from './.UHF'
xTB calculator
 | Coulomb electrostatics
 |  * isotropic Klopman-Ohno electrostatics
 |  * onsite third-order electrostatics
CEH guess
integral cutoff           2.5524281091444E+01 bohr

Atomic charges (in atomic units):
---------------------------------------------------------
     #    Z                 q
---------------------------------------------------------
     1   91 Pa       1.197209
     2    1 H       -0.315231
     3    5 B       -0.387763
     4   14 Si       0.174404
     5    9 F       -0.182583
     6    4 Be       0.513964
---------------------------------------------------------

Atomic dipole moments (in atomic units):
---------------------------------------------------------
     #    Z                 x            y            z
---------------------------------------------------------
     1   91 Pa       0.245279     1.272813     0.925465
     2    1 H        0.020633     0.029101     0.176697
     3    5 B        0.073369     0.031570    -0.477442
     4   14 Si      -0.213583    -0.633053    -0.190748
     5    9 F        0.102531    -0.041590    -0.004994
     6    4 Be      -0.377393     0.525111     0.077207
---------------------------------------------------------
           total    -1.692100     2.318836    -0.064669
---------------------------------------------------------

[Info] JSON dump of results written to 'tblite.json'
