xTB calculator
 | Coulomb electrostatics
 |  * isotropic Klopman-Ohno electrostatics
 |  * onsite third-order electrostatics
CEH guess
integral cutoff           2.8984055884551E+01 bohr

Atomic charges (in atomic units):
---------------------------------------------------------
     #    Z                 q
---------------------------------------------------------
     1   92 U        0.880817
     2   17 Cl      -0.146802
     3   17 Cl      -0.146804
     4   17 Cl      -0.146802
     5   17 Cl      -0.146802
     6   17 Cl      -0.146803
     7   17 Cl      -0.146803
---------------------------------------------------------

Atomic dipole moments (in atomic units):
---------------------------------------------------------
     #    Z                 x            y            z
---------------------------------------------------------
     1   92 U        0.000001    -0.000002    -0.000010
     2   17 Cl      -0.000000    -0.000000     0.018941
     3   17 Cl      -0.000000     0.000000    -0.018941
     4   17 Cl      -0.000000    -0.018941     0.000000
     5   17 Cl      -0.000000     0.018941     0.000000
     6   17 Cl      -0.018941     0.000000     0.000000
     7   17 Cl       0.018941     0.000000    -0.000000
---------------------------------------------------------
           total     0.000002    -0.000001    -0.000000
---------------------------------------------------------

[Info] JSON dump of results written to 'tblite.json'
