[Info] Molecular charge read from '.CHRG'

Charge model parameter:
------------------------------------------------------
   Z          chi/Eh     kcn/Eh     eta/Eh     rad/AA
------------------------------------------------------
  91 Pa       1.0721     0.0037     0.5511     0.7643
   7 N        1.5582     0.0928     0.6565     0.6998
   8 O        1.5687     0.1169     0.6793     0.6518
  53 I        1.4034     0.0897     0.3054     2.0116
   6 C        1.4003     0.0601     0.6166     0.9994
   1 H        1.2370     0.0492     1.0964     0.2919
  16 S        1.4077     0.0713     0.5171     1.1581
------------------------------------------------------

Electrostatic properties (in atomic units):
--------------------------------------------------
     #    Z              CN          q        chi
--------------------------------------------------
     1   91 Pa       5.1655     1.0145     1.0637
     2    7 N        2.0024    -0.2771     1.4269
     3    7 N        2.0994     0.1212     1.4237
     4    7 N        1.0051    -0.1071     1.4652
     5    7 N        1.7594     0.0180     1.4351
     6    8 O        0.9994    -0.0444     1.4518
     7    8 O        1.7511    -0.2422     1.4140
     8   53 I        0.9941     0.2132     1.3140
     9    6 C        3.9959    -0.0555     1.2802
    10    8 O        2.9305    -0.4065     1.3686
    11    1 H        0.9920     0.1777     1.1880
    12    1 H        0.9920     0.1678     1.1880
    13    1 H        0.9923     0.1592     1.1880
    14    1 H        1.0015     0.2967     1.1878
    15   16 S        1.0152     0.1272     1.3359
    16    6 C        2.1144     0.2373     1.3130
    17    7 N        2.0121    -0.3999     1.4266
--------------------------------------------------
     Σ                          1.0000
--------------------------------------------------

Electrostatic energy:    4.1693645788238E-01 Eh

[Info] JSON dump of results written to 'multicharge.json'
