[Info] Molecular charge read from './.CHRG'
[Info] Molecular spin read from './.UHF'
xTB calculator
 | Coulomb electrostatics
 |  * isotropic Klopman-Ohno electrostatics
 |  * onsite third-order electrostatics
CEH guess
integral cutoff           4.0000000000000E+01 bohr

Atomic charges (in atomic units):
---------------------------------------------------------
     #    Z                 q
---------------------------------------------------------
     1   99 Es       0.846837
     2    9 F       -0.409205
     3    7 N       -0.052517
     4    1 H        0.056682
     5    1 H        0.076324
     6    1 H        0.061627
     7    7 N       -0.263655
     8    7 N        0.099423
     9    7 N       -0.294007
    10    8 O       -0.195592
    11    1 H        0.106074
    12    1 H        0.131900
    13    8 O       -0.473042
    14   16 S        0.224945
    15    8 O       -0.459582
    16    8 O       -0.456211
---------------------------------------------------------

Atomic dipole moments (in atomic units):
---------------------------------------------------------
     #    Z                 x            y            z
---------------------------------------------------------
     1   99 Es      -0.191077     0.088767     0.027689
     2    9 F        0.012265     0.004480     0.038844
     3    7 N        0.186059     0.255558    -0.169859
     4    1 H        0.062257     0.041566     0.095276
     5    1 H       -0.095454     0.053783    -0.031434
     6    1 H        0.053849    -0.076731    -0.076187
     7    7 N        0.260220    -0.271656    -0.126942
     8    7 N       -0.019458     0.020382     0.010845
     9    7 N       -0.249194     0.263887     0.134189
    10    8 O       -0.054013     0.072059    -0.071895
    11    1 H       -0.065207     0.068668     0.002445
    12    1 H       -0.008720     0.013460    -0.119565
    13    8 O       -0.074126    -0.087250    -0.014519
    14   16 S       -0.022579     0.019213    -0.009124
    15    8 O        0.053294     0.030151    -0.101137
    16    8 O       -0.020722     0.076720     0.077852
---------------------------------------------------------
           total     2.169637     0.684310    -0.684262
---------------------------------------------------------

[Info] JSON dump of results written to 'tblite.json'
