[Info] Molecular charge read from '.CHRG'

Charge model parameter:
------------------------------------------------------
   Z          chi/Eh     kcn/Eh     eta/Eh     rad/AA
------------------------------------------------------
  90 Th       1.0989     0.0159     0.6181     0.6812
   4 Be       0.9967    -0.0267     0.6200     0.8028
  16 S        1.4077     0.0713     0.5171     1.1581
------------------------------------------------------

Electrostatic properties (in atomic units):
--------------------------------------------------
     #    Z              CN          q        chi
--------------------------------------------------
     1   90 Th       1.9512    -0.2643     1.0767
     2    4 Be       0.9535    -0.4276     1.0227
     3   16 S        0.9986    -1.3082     1.3365
--------------------------------------------------
     Σ                         -2.0000
--------------------------------------------------

Electrostatic energy:   -1.2350580660468E+00 Eh

[Info] JSON dump of results written to 'multicharge.json'
