[Info] Molecular charge read from '.CHRG'

Charge model parameter:
------------------------------------------------------
   Z          chi/Eh     kcn/Eh     eta/Eh     rad/AA
------------------------------------------------------
 103 Lr       1.1371     0.0068     0.5937     0.7095
   6 C        1.4003     0.0601     0.6166     0.9994
   8 O        1.5687     0.1169     0.6793     0.6518
   1 H        1.2370     0.0492     1.0964     0.2919
   7 N        1.5582     0.0928     0.6565     0.6998
  35 Br       1.3980     0.0801     0.3934     1.5631
------------------------------------------------------

Electrostatic properties (in atomic units):
--------------------------------------------------
     #    Z              CN          q        chi
--------------------------------------------------
     1  103 Lr       7.5902     0.7117     1.1185
     2    6 C        3.0133    -0.1234     1.2960
     3    6 C        3.0123    -0.1225     1.2961
     4    6 C        3.0163    -0.0965     1.2960
     5    6 C        3.0173    -0.0032     1.2960
     6    6 C        3.0160    -0.1035     1.2960
     7    6 C        3.0122    -0.1255     1.2961
     8    6 C        3.7099     0.2566     1.2846
     9    8 O        1.9231    -0.3772     1.4066
    10    8 O        1.8900    -0.3407     1.4080
    11    1 H        0.9927     0.0857     1.1880
    12    1 H        0.9928     0.0903     1.1880
    13    1 H        0.9929     0.1221     1.1880
    14    1 H        0.9928     0.1125     1.1880
    15    1 H        0.9927     0.0872     1.1880
    16    6 C        2.9947    -0.1421     1.2964
    17    6 C        2.9962    -0.1226     1.2963
    18    6 C        3.0448     0.0248     1.2955
    19    7 N        2.8882    -0.3433     1.4005
    20    6 C        4.1877     0.0605     1.2774
    21    6 C        4.1024    -0.0570     1.2787
    22    1 H        0.9924     0.0877     1.1880
    23    1 H        0.9928     0.0894     1.1880
    24    1 H        0.9921     0.1266     1.1880
    25    1 H        0.9914     0.1221     1.1880
    26    1 H        0.9913     0.0902     1.1880
    27    6 C        4.0577    -0.0503     1.2793
    28    6 C        3.9688    -0.1504     1.2806
    29    6 C        3.9691    -0.1498     1.2806
    30    6 C        4.0562    -0.0577     1.2793
    31    8 O        2.8032    -0.2416     1.3729
    32    1 H        0.9904     0.0859     1.1880
    33    1 H        0.9924     0.1314     1.1880
    34    1 H        0.9919     0.1159     1.1880
    35    1 H        0.9916     0.0713     1.1880
    36    1 H        0.9919     0.1160     1.1880
    37    1 H        0.9917     0.0714     1.1880
    38    1 H        0.9922     0.1208     1.1880
    39    1 H        0.9905     0.0868     1.1880
    40   35 Br       0.9827    -0.3039     1.3186
    41    7 N        2.4926    -0.1209     1.4117
    42    8 O        1.8911    -0.2094     1.4079
    43    8 O        1.9211    -0.2006     1.4066
    44    6 C        2.9918    -0.1484     1.2964
    45    6 C        2.9981    -0.1303     1.2963
    46    6 C        3.0024    -0.1043     1.2962
    47    6 C        2.9984    -0.0218     1.2963
    48    6 C        4.1054    -0.0306     1.2786
    49    6 C        4.0984    -0.0633     1.2787
    50    6 C        3.0305     0.2870     1.2957
    51    8 O        1.0006    -0.4189     1.4517
    52    8 O        1.9907    -0.3318     1.4037
    53    1 H        0.9924     0.0883     1.1880
    54    1 H        0.9926     0.0910     1.1880
    55    1 H        0.9927     0.1233     1.1880
    56    1 H        0.9913     0.1383     1.1880
    57    1 H        0.9911     0.0963     1.1880
--------------------------------------------------
     Σ                         -1.0000
--------------------------------------------------

Electrostatic energy:   -9.8668358414339E-01 Eh

[Info] JSON dump of results written to 'multicharge.json'
