Charge model parameter:
------------------------------------------------------
   Z          chi/Eh     kcn/Eh     eta/Eh     rad/AA
------------------------------------------------------
  99 Es       1.0593     0.0030     0.5898     0.7145
   8 O        1.5687     0.1169     0.6793     0.6518
------------------------------------------------------

Electrostatic properties (in atomic units):
--------------------------------------------------
     #    Z              CN          q        chi
--------------------------------------------------
     1   99 Es       3.9696     1.0799     1.0534
     2    8 O        0.9974    -0.2821     1.4519
     3    8 O        0.9913    -0.2094     1.4523
     4    8 O        0.9981    -0.3062     1.4519
     5    8 O        0.9997    -0.2822     1.4518
--------------------------------------------------
     Σ                          0.0000
--------------------------------------------------

Electrostatic energy:   -2.1520414615642E-01 Eh

[Info] JSON dump of results written to 'multicharge.json'
