[Info] Molecular charge read from './.CHRG'
xTB calculator
 | Coulomb electrostatics
 |  * isotropic Klopman-Ohno electrostatics
 |  * onsite third-order electrostatics
CEH guess
integral cutoff           2.2843592577975E+01 bohr

Atomic charges (in atomic units):
---------------------------------------------------------
     #    Z                 q
---------------------------------------------------------
     1   91 Pa       1.324231
     2    7 N       -0.123776
     3    6 C        0.036953
     4    6 C        0.040885
     5    7 N       -0.128018
     6    1 H        0.176674
     7    1 H        0.167580
     8    1 H        0.099831
     9    1 H        0.070390
    10    1 H        0.070797
    11    1 H        0.101819
    12    1 H        0.184174
    13    1 H        0.176259
    14   16 S        0.536876
    15    6 C        0.199320
    16    7 N       -0.401197
    17    6 C       -0.071726
    18   15 P        0.552971
    19    8 O       -0.357194
    20    6 C       -0.072036
    21    6 C       -0.071660
    22    1 H        0.077756
    23    1 H        0.080933
    24    1 H        0.117787
    25    1 H        0.119711
    26    1 H        0.077964
    27    1 H        0.078436
    28    1 H        0.118490
    29    1 H        0.081096
    30    1 H        0.078769
    31    6 C        0.003039
    32    6 C        0.134040
    33    8 O       -0.146295
    34    1 H        0.125007
    35    1 H        0.054900
    36    1 H        0.059064
    37    1 H        0.077296
    38    1 H        0.082955
    39    1 H        0.265900
---------------------------------------------------------

Atomic dipole moments (in atomic units):
---------------------------------------------------------
     #    Z                 x            y            z
---------------------------------------------------------
     1   91 Pa       0.506661    -0.726084     0.862650
     2    7 N        0.211789    -0.122138    -0.022799
     3    6 C       -0.236671    -0.014781     0.104724
     4    6 C       -0.163698     0.190277     0.075071
     5    7 N        0.168196    -0.063351    -0.146788
     6    1 H        0.060128     0.028974     0.087203
     7    1 H       -0.013807    -0.109387     0.002574
     8    1 H        0.082052    -0.095209     0.023660
     9    1 H        0.054957     0.118316     0.012822
    10    1 H       -0.059538    -0.116347    -0.010729
    11    1 H        0.080391     0.025628    -0.096739
    12    1 H       -0.053392    -0.033361    -0.090025
    13    1 H        0.055912     0.086141    -0.029346
    14   16 S       -0.159486     0.336350    -0.217848
    15    6 C        0.146428    -0.310368     0.201290
    16    7 N       -0.072261     0.159604    -0.106435
    17    6 C        0.053331    -0.011093    -0.008819
    18   15 P        0.033776     0.026202    -0.003153
    19    8 O       -0.048062    -0.041203     0.006875
    20    6 C        0.016657     0.030686     0.041724
    21    6 C        0.008698     0.044237    -0.032203
    22    1 H       -0.023606     0.112284    -0.114716
    23    1 H        0.000156     0.061836     0.150009
    24    1 H       -0.123037    -0.094880    -0.006100
    25    1 H       -0.119313    -0.099530    -0.011477
    26    1 H        0.133461    -0.088062    -0.026906
    27    1 H       -0.025867     0.113810    -0.112736
    28    1 H       -0.118288    -0.101183    -0.003888
    29    1 H       -0.001333     0.063667     0.149315
    30    1 H        0.133481    -0.086743    -0.030499
    31    6 C        0.059866     0.054183    -0.047915
    32    6 C        0.075400    -0.023995    -0.306357
    33    8 O        0.005358     0.056780     0.052089
    34    1 H       -0.053888    -0.013025     0.139191
    35    1 H        0.066115    -0.125479     0.007808
    36    1 H       -0.128490     0.032696    -0.052092
    37    1 H        0.106435    -0.024057     0.083643
    38    1 H       -0.068594     0.115238     0.027318
    39    1 H        0.068149     0.121886     0.003907
---------------------------------------------------------
           total    -0.312687    -0.661133     0.623391
---------------------------------------------------------

[Info] JSON dump of results written to 'tblite.json'
