[Info] Molecular spin read from './.UHF'
xTB calculator
 | Coulomb electrostatics
 |  * isotropic Klopman-Ohno electrostatics
 |  * onsite third-order electrostatics
CEH guess
integral cutoff           4.0000000000000E+01 bohr

Atomic charges (in atomic units):
---------------------------------------------------------
     #    Z                 q
---------------------------------------------------------
     1  101 Md       0.844793
     2   17 Cl      -0.229891
     3   17 Cl      -0.192695
     4   17 Cl      -0.233890
     5   17 Cl      -0.188318
---------------------------------------------------------

Atomic dipole moments (in atomic units):
---------------------------------------------------------
     #    Z                 x            y            z
---------------------------------------------------------
     1  101 Md      -0.014711    -0.078384     0.184177
     2   17 Cl      -0.048016    -0.036764     0.005572
     3   17 Cl      -0.024901     0.072196    -0.008119
     4   17 Cl       0.029158     0.000245     0.051173
     5   17 Cl       0.048177    -0.025955    -0.050041
---------------------------------------------------------
           total    -0.214556    -0.531806     1.124051
---------------------------------------------------------

[Info] JSON dump of results written to 'tblite.json'
