[Info] Molecular charge read from '.CHRG'

Charge model parameter:
------------------------------------------------------
   Z          chi/Eh     kcn/Eh     eta/Eh     rad/AA
------------------------------------------------------
  98 Cf       1.0089     0.0039     0.6196     0.6803
  32 Ge       1.1539    -0.0269     0.5152     1.0516
  15 P        1.5267     0.1425     0.7308     0.7313
------------------------------------------------------

Electrostatic properties (in atomic units):
--------------------------------------------------
     #    Z              CN          q        chi
--------------------------------------------------
     1   98 Cf       2.8111     0.0350     1.0024
     2   32 Ge       0.8184    -1.0211     1.1782
     3   15 P        0.9982    -1.0091     1.3843
     4   15 P        0.9981    -1.0049     1.3844
--------------------------------------------------
     Σ                         -3.0000
--------------------------------------------------

Electrostatic energy:   -1.9779954749757E+00 Eh

[Info] JSON dump of results written to 'multicharge.json'
