[Info] Molecular charge read from '.CHRG'

Charge model parameter:
------------------------------------------------------
   Z          chi/Eh     kcn/Eh     eta/Eh     rad/AA
------------------------------------------------------
  91 Pa       1.0721     0.0037     0.5511     0.7643
  31 Ga       1.1502    -0.0106     0.5340     0.9361
  51 Sb       1.2164     0.0142     0.4795     1.0458
  35 Br       1.3980     0.0801     0.3934     1.5631
------------------------------------------------------

Electrostatic properties (in atomic units):
--------------------------------------------------
     #    Z              CN          q        chi
--------------------------------------------------
     1   91 Pa       2.9600     0.3265     1.0657
     2   31 Ga       0.9755    -0.1735     1.1606
     3   51 Sb       0.9965    -0.3249     1.2023
     4   35 Br       0.9924    -0.8281     1.3183
--------------------------------------------------
     Σ                         -1.0000
--------------------------------------------------

Electrostatic energy:   -6.6783603669126E-01 Eh

[Info] JSON dump of results written to 'multicharge.json'
