xTB calculator
 | Coulomb electrostatics
 |  * isotropic Klopman-Ohno electrostatics
 |  * onsite third-order electrostatics
CEH guess
integral cutoff           4.0000000000000E+01 bohr

Atomic charges (in atomic units):
---------------------------------------------------------
     #    Z                 q
---------------------------------------------------------
     1   93 Np       0.466655
     2    3 Li       0.229508
     3   38 Sr       0.126452
     4   53 I       -0.152607
     5   51 Sb      -0.670008
---------------------------------------------------------

Atomic dipole moments (in atomic units):
---------------------------------------------------------
     #    Z                 x            y            z
---------------------------------------------------------
     1   93 Np      -0.518964     2.124751    -1.618432
     2    3 Li       0.828491     0.297634    -0.007942
     3   38 Sr       0.643313    -1.101960    -0.025103
     4   53 I       -0.015666    -0.057712    -0.036502
     5   51 Sb      -0.205834     0.005585     0.405204
---------------------------------------------------------
           total     2.320088     2.247261    -3.185883
---------------------------------------------------------

[Info] JSON dump of results written to 'tblite.json'
