[Info] Molecular spin read from './.UHF'
xTB calculator
 | Coulomb electrostatics
 |  * isotropic Klopman-Ohno electrostatics
 |  * onsite third-order electrostatics
CEH guess
integral cutoff           4.0000000000000E+01 bohr

Atomic charges (in atomic units):
---------------------------------------------------------
     #    Z                 q
---------------------------------------------------------
     1   98 Cf       1.054675
     2    4 Be       0.109627
     3    8 O       -0.394691
     4    8 O       -0.394803
     5    8 O       -0.374807
---------------------------------------------------------

Atomic dipole moments (in atomic units):
---------------------------------------------------------
     #    Z                 x            y            z
---------------------------------------------------------
     1   98 Cf      -0.002762    -0.002974    -0.000725
     2    4 Be       0.105395     0.240197     0.109089
     3    8 O       -0.005177     0.023886    -0.009406
     4    8 O        0.015165     0.001015     0.021163
     5    8 O       -0.014025    -0.030919    -0.013979
---------------------------------------------------------
           total    -0.066995    -0.192244    -0.096816
---------------------------------------------------------

[Info] JSON dump of results written to 'tblite.json'
