[Info] Molecular spin read from './.UHF'
xTB calculator
 | Coulomb electrostatics
 |  * isotropic Klopman-Ohno electrostatics
 |  * onsite third-order electrostatics
CEH guess
integral cutoff           4.0000000000000E+01 bohr

Atomic charges (in atomic units):
---------------------------------------------------------
     #    Z                 q
---------------------------------------------------------
     1  102 No       0.872640
     2    1 H       -0.256857
     3   38 Sr       0.216958
     4   31 Ga      -0.804520
     5   52 Te      -0.028222
---------------------------------------------------------

Atomic dipole moments (in atomic units):
---------------------------------------------------------
     #    Z                 x            y            z
---------------------------------------------------------
     1  102 No       0.760147     1.342372     0.441598
     2    1 H        0.044963     0.018041    -0.033616
     3   38 Sr       0.011460    -1.085156     0.365028
     4   31 Ga      -0.100366    -0.017115    -0.372373
     5   52 Te       0.046501     0.000557     0.003258
---------------------------------------------------------
           total     1.218707     0.881181     4.118289
---------------------------------------------------------

[Info] JSON dump of results written to 'tblite.json'
