Charge model parameter:
------------------------------------------------------
   Z          chi/Eh     kcn/Eh     eta/Eh     rad/AA
------------------------------------------------------
  93 Np       1.1090     0.0071     0.5649     0.7462
  49 In       1.1101    -0.0151     0.4977     0.8144
  53 I        1.4034     0.0897     0.3054     2.0116
------------------------------------------------------

Electrostatic properties (in atomic units):
--------------------------------------------------
     #    Z              CN          q        chi
--------------------------------------------------
     1   93 Np       1.9371     0.3042     1.0992
     2   49 In       1.3940     0.2395     1.1278
     3   53 I        1.4430    -0.5438     1.2957
--------------------------------------------------
     Σ                          0.0000
--------------------------------------------------

Electrostatic energy:   -4.9995553377194E-02 Eh

[Info] JSON dump of results written to 'multicharge.json'
