[Info] Molecular spin read from './.UHF'
xTB calculator
 | Coulomb electrostatics
 |  * isotropic Klopman-Ohno electrostatics
 |  * onsite third-order electrostatics
CEH guess
integral cutoff           4.0000000000000E+01 bohr

Atomic charges (in atomic units):
---------------------------------------------------------
     #    Z                 q
---------------------------------------------------------
     1   92 U        0.003710
     2    3 Li       0.384543
     3    3 Li       0.381080
     4    1 H       -0.258598
     5    1 H       -0.253381
     6    1 H       -0.257353
---------------------------------------------------------

Atomic dipole moments (in atomic units):
---------------------------------------------------------
     #    Z                 x            y            z
---------------------------------------------------------
     1   92 U        2.307083    -0.052108    -1.174487
     2    3 Li      -0.151693    -0.043992     0.744349
     3    3 Li      -0.816116     0.047181    -0.108766
     4    1 H       -0.062733    -0.092049    -0.059736
     5    1 H        0.077535    -0.006257     0.085472
     6    1 H       -0.052381     0.105559    -0.039313
---------------------------------------------------------
           total    -0.110762    -0.115807     1.199380
---------------------------------------------------------

[Info] JSON dump of results written to 'tblite.json'
