[Info] Molecular charge read from '.CHRG'

Charge model parameter:
------------------------------------------------------
   Z          chi/Eh     kcn/Eh     eta/Eh     rad/AA
------------------------------------------------------
  93 Np       1.1090     0.0071     0.5649     0.7462
   9 F        1.5754     0.1570     0.7723     0.9393
   7 N        1.5582     0.0928     0.6565     0.6998
------------------------------------------------------

Electrostatic properties (in atomic units):
--------------------------------------------------
     #    Z              CN          q        chi
--------------------------------------------------
     1   93 Np       1.9954    -0.3525     1.0990
     2    9 F        0.9969    -1.1541     1.4186
     3    7 N        0.9994    -1.4935     1.4654
--------------------------------------------------
     Σ                         -3.0000
--------------------------------------------------

Electrostatic energy:   -2.1065434840082E+00 Eh

[Info] JSON dump of results written to 'multicharge.json'
