[Info] Molecular spin read from './.UHF'
xTB calculator
 | Coulomb electrostatics
 |  * isotropic Klopman-Ohno electrostatics
 |  * onsite third-order electrostatics
CEH guess
integral cutoff           4.0000000000000E+01 bohr

Atomic charges (in atomic units):
---------------------------------------------------------
     #    Z                 q
---------------------------------------------------------
     1   98 Cf       0.500367
     2    6 C       -0.114311
     3    6 C        0.159660
     4    8 O       -0.265258
     5    8 O       -0.346176
     6    7 N       -0.088546
     7    1 H        0.051613
     8    1 H        0.068439
     9    1 H        0.094468
    10    1 H        0.086579
    11    7 N       -0.143764
    12    1 H        0.094919
    13    1 H        0.091279
    14    1 H        0.088939
    15    6 C        0.038004
    16    6 C        0.017982
    17    7 N       -0.024870
    18    6 C        0.028983
    19    6 C        0.049892
    20    7 N       -0.089207
    21    1 H        0.057172
    22    1 H        0.044898
    23    1 H        0.053891
    24    1 H        0.065449
    25    7 N       -0.128610
    26    1 H        0.094490
    27    1 H        0.095591
    28    1 H        0.088602
    29    6 C       -0.021623
    30    6 C       -0.057149
    31    6 C       -0.066689
    32    6 C       -0.025487
    33    8 O       -0.145156
    34    1 H        0.075957
    35    1 H        0.024562
    36    1 H        0.048515
    37    1 H        0.031843
    38    1 H        0.051820
    39    1 H        0.023056
    40    1 H        0.028454
    41    1 H        0.067210
    42    6 C       -0.100443
    43    6 C        0.117301
    44    7 N       -0.077512
    45    1 H        0.069870
    46    1 H        0.070875
    47    1 H        0.081773
    48    7 N       -0.083107
    49    1 H        0.078388
    50    1 H        0.094328
    51    1 H        0.097010
    52    9 F       -0.114701
    53   15 P        0.382322
    54    9 F       -0.102855
    55    9 F       -0.266964
    56    8 O       -0.395280
    57   16 S        0.287152
    58    8 O       -0.396501
    59    8 O       -0.447445
---------------------------------------------------------

Atomic dipole moments (in atomic units):
---------------------------------------------------------
     #    Z                 x            y            z
---------------------------------------------------------
     1   98 Cf      -0.052925    -0.389204    -0.141478
     2    6 C        0.041871     0.113205     0.167169
     3    6 C        0.032721     0.069633     0.081296
     4    8 O        0.035538     0.052255     0.049642
     5    8 O        0.058993    -0.026054    -0.066960
     6    7 N        0.111876     0.049866    -0.291124
     7    1 H       -0.002915     0.067230    -0.097753
     8    1 H        0.064609    -0.105864     0.005819
     9    1 H       -0.032945     0.090568    -0.014022
    10    1 H        0.080715    -0.025002     0.012343
    11    7 N       -0.040424    -0.117305     0.300919
    12    1 H       -0.021592     0.066605     0.031227
    13    1 H        0.103862    -0.035846     0.025467
    14    1 H       -0.081198    -0.078044    -0.016378
    15    6 C        0.144810    -0.031044    -0.001533
    16    6 C        0.143726     0.105985     0.039096
    17    7 N        0.026311    -0.243055    -0.068811
    18    6 C       -0.176854     0.068363     0.017329
    19    6 C       -0.137499    -0.064321    -0.023637
    20    7 N       -0.040456     0.286623     0.087002
    21    1 H       -0.100467    -0.074330    -0.028117
    22    1 H       -0.114615     0.055092     0.001544
    23    1 H        0.100011     0.077457     0.022756
    24    1 H        0.118853    -0.051717    -0.012751
    25    7 N        0.298541     0.030027     0.148956
    26    1 H        0.018292    -0.108319     0.033830
    27    1 H       -0.035600     0.073942     0.079259
    28    1 H        0.050526     0.036685    -0.073386
    29    6 C       -0.148582     0.184724    -0.027165
    30    6 C       -0.087224     0.019539    -0.088504
    31    6 C       -0.029156    -0.101466    -0.051370
    32    6 C        0.021555    -0.204365     0.091595
    33    8 O        0.129930     0.063566     0.016384
    34    1 H       -0.028530    -0.119709     0.061504
    35    1 H        0.075282    -0.009076    -0.093694
    36    1 H        0.128613     0.002661    -0.024165
    37    1 H       -0.041986    -0.031715     0.119416
    38    1 H        0.091712     0.085543    -0.039398
    39    1 H       -0.083058     0.031230     0.092924
    40    1 H        0.071127     0.009173    -0.098985
    41    1 H       -0.111386     0.071626     0.002972
    42    6 C       -0.003178    -0.011493    -0.009179
    43    6 C       -0.127972     0.077975     0.167893
    44    7 N        0.024881    -0.024950    -0.031797
    45    1 H       -0.102351    -0.113753     0.018556
    46    1 H       -0.050323     0.133679    -0.041665
    47    1 H        0.105573     0.021241     0.101184
    48    7 N       -0.251789     0.190360    -0.040188
    49    1 H       -0.069499    -0.079351    -0.050870
    50    1 H        0.045036     0.083633    -0.070097
    51    1 H       -0.008863     0.022764     0.086771
    52    9 F        0.033069     0.009004     0.025944
    53   15 P        0.036314     0.083314    -0.041940
    54    9 F       -0.021847     0.034673     0.010806
    55    9 F        0.017846     0.028374    -0.024553
    56    8 O       -0.002362     0.052660    -0.060249
    57   16 S        0.032253     0.026119    -0.027729
    58    8 O        0.060001    -0.040074     0.026095
    59    8 O       -0.038307     0.030039     0.022694
---------------------------------------------------------
           total     2.489739    -3.360376    -0.314669
---------------------------------------------------------

[Info] JSON dump of results written to 'tblite.json'
