[Info] Molecular charge read from '.CHRG'

Charge model parameter:
------------------------------------------------------
   Z          chi/Eh     kcn/Eh     eta/Eh     rad/AA
------------------------------------------------------
 102 No       1.1434     0.0135     0.6305     0.6695
   7 N        1.5582     0.0928     0.6565     0.6998
   8 O        1.5687     0.1169     0.6793     0.6518
   6 C        1.4003     0.0601     0.6166     0.9994
  15 P        1.5267     0.1425     0.7308     0.7313
   1 H        1.2370     0.0492     1.0964     0.2919
------------------------------------------------------

Electrostatic properties (in atomic units):
--------------------------------------------------
     #    Z              CN          q        chi
--------------------------------------------------
     1  102 No       5.7937     0.5392     1.1109
     2    7 N        3.7943     0.1875     1.3774
     3    8 O        1.0017    -0.2325     1.4517
     4    8 O        1.9824    -0.2289     1.4041
     5    8 O        1.9785    -0.2684     1.4042
     6    6 C        3.9614    -0.2119     1.2808
     7   15 P        3.9569     0.0587     1.2433
     8    6 C        3.9588    -0.2009     1.2808
     9    6 C        3.9564    -0.2145     1.2808
    10    1 H        0.9924     0.1330     1.1880
    11    1 H        0.9927     0.1294     1.1880
    12    1 H        0.9932     0.1418     1.1880
    13    1 H        0.9926     0.1335     1.1880
    14    1 H        0.9930     0.1576     1.1880
    15    1 H        0.9928     0.1395     1.1880
    16    1 H        0.9925     0.1325     1.1880
    17    1 H        0.9929     0.1332     1.1880
    18    1 H        0.9929     0.1321     1.1880
    19    6 C        4.0947    -0.0796     1.2788
    20    8 O        2.9495    -0.4064     1.3679
    21    1 H        0.9918     0.1374     1.1880
    22    1 H        0.9918     0.1473     1.1880
    23    1 H        0.9942     0.1589     1.1879
    24    1 H        1.0013     0.2523     1.1878
    25    7 N        3.9332    -0.7318     1.3742
    26    1 H        1.0006     0.2774     1.1878
    27    1 H        1.0549     0.2971     1.1865
    28    1 H        0.9988     0.2866     1.1878
--------------------------------------------------
     Σ                          1.0000
--------------------------------------------------

Electrostatic energy:    3.7045146567983E-01 Eh

[Info] JSON dump of results written to 'multicharge.json'
