Charge model parameter:
------------------------------------------------------
   Z          chi/Eh     kcn/Eh     eta/Eh     rad/AA
------------------------------------------------------
  92 U        1.0982     0.0042     0.6173     0.6828
  35 Br       1.3980     0.0801     0.3934     1.5631
------------------------------------------------------

Electrostatic properties (in atomic units):
--------------------------------------------------
     #    Z              CN          q        chi
--------------------------------------------------
     1   92 U        4.9412     0.5608     1.0889
     2   35 Br       1.0297    -0.1118     1.3168
     3   35 Br       1.0296    -0.1118     1.3168
     4   35 Br       1.0025    -0.1135     1.3179
     5   35 Br       1.0297    -0.1120     1.3168
     6   35 Br       1.0296    -0.1117     1.3168
--------------------------------------------------
     Σ                          0.0000
--------------------------------------------------

Electrostatic energy:   -6.3949830289735E-02 Eh

[Info] JSON dump of results written to 'multicharge.json'
