[Info] Molecular charge read from '.CHRG'

Charge model parameter:
------------------------------------------------------
   Z          chi/Eh     kcn/Eh     eta/Eh     rad/AA
------------------------------------------------------
  94 Pu       1.0104     0.0049     0.6346     0.6641
   7 N        1.5582     0.0928     0.6565     0.6998
   6 C        1.4003     0.0601     0.6166     0.9994
   1 H        1.2370     0.0492     1.0964     0.2919
  53 I        1.4034     0.0897     0.3054     2.0116
  16 S        1.4077     0.0713     0.5171     1.1581
  35 Br       1.3980     0.0801     0.3934     1.5631
------------------------------------------------------

Electrostatic properties (in atomic units):
--------------------------------------------------
     #    Z              CN          q        chi
--------------------------------------------------
     1   94 Pu       6.2167     0.8674     0.9982
     2    7 N        3.9427    -0.5893     1.3739
     3    6 C        4.0907    -0.0137     1.2788
     4    6 C        4.0804    -0.0141     1.2790
     5    7 N        3.9294    -0.6037     1.3742
     6    1 H        1.0163     0.2699     1.1874
     7    1 H        1.0255     0.2614     1.1872
     8    1 H        0.9914     0.1354     1.1880
     9    1 H        0.9914     0.1429     1.1880
    10    1 H        0.9914     0.1408     1.1880
    11    1 H        0.9914     0.1352     1.1880
    12    1 H        1.0049     0.2586     1.1877
    13    1 H        1.0154     0.2590     1.1874
    14   53 I        0.9949    -0.0553     1.3140
    15   16 S        1.0148     0.0318     1.3359
    16    6 C        2.1515     0.2020     1.3122
    17    7 N        2.0122    -0.4396     1.4266
    18   35 Br       0.9963    -0.1028     1.3181
    19    7 N        3.9390    -0.7719     1.3740
    20    1 H        1.0131     0.2996     1.1875
    21    1 H        1.0049     0.2928     1.1877
    22    1 H        1.0048     0.2935     1.1877
--------------------------------------------------
     Σ                          1.0000
--------------------------------------------------

Electrostatic energy:    2.7944061186855E-01 Eh

[Info] JSON dump of results written to 'multicharge.json'
