Charge model parameter:
------------------------------------------------------
   Z          chi/Eh     kcn/Eh     eta/Eh     rad/AA
------------------------------------------------------
  94 Pu       1.0104     0.0049     0.6346     0.6641
   6 C        1.4003     0.0601     0.6166     0.9994
   8 O        1.5687     0.1169     0.6793     0.6518
   7 N        1.5582     0.0928     0.6565     0.6998
   1 H        1.2370     0.0492     1.0964     0.2919
  35 Br       1.3980     0.0801     0.3934     1.5631
------------------------------------------------------

Electrostatic properties (in atomic units):
--------------------------------------------------
     #    Z              CN          q        chi
--------------------------------------------------
     1   94 Pu       6.7302     0.9304     0.9977
     2    6 C        4.1200     0.0008     1.2784
     3    6 C        3.3104     0.3009     1.2910
     4    8 O        1.0002    -0.3762     1.4518
     5    8 O        1.9947    -0.3577     1.4036
     6    7 N        3.9294    -0.6052     1.3742
     7    1 H        0.9916     0.1193     1.1880
     8    1 H        0.9914     0.1174     1.1880
     9    1 H        1.0202     0.2463     1.1873
    10    1 H        1.0052     0.2399     1.1877
    11    6 C        4.1201     0.0051     1.2784
    12    6 C        3.3129     0.3053     1.2910
    13    8 O        1.0003    -0.3672     1.4518
    14    8 O        1.9944    -0.3471     1.4036
    15    7 N        3.9263    -0.6038     1.3743
    16    1 H        0.9916     0.1226     1.1880
    17    1 H        0.9914     0.1293     1.1880
    18    1 H        1.0194     0.2493     1.1873
    19    1 H        1.0036     0.2520     1.1877
    20   35 Br       0.9932    -0.2538     1.3182
    21    6 C        4.0745    -0.0569     1.2791
    22    8 O        1.9928    -0.4111     1.4036
    23    1 H        0.9909     0.1131     1.1880
    24    1 H        0.9910     0.1200     1.1880
    25    1 H        0.9912     0.1272     1.1880
--------------------------------------------------
     Σ                         -0.0000
--------------------------------------------------

Electrostatic energy:   -4.0733435587002E-01 Eh

[Info] JSON dump of results written to 'multicharge.json'
