[Info] Molecular charge read from '.CHRG'

Charge model parameter:
------------------------------------------------------
   Z          chi/Eh     kcn/Eh     eta/Eh     rad/AA
------------------------------------------------------
  93 Np       1.1090     0.0071     0.5649     0.7462
   7 N        1.5582     0.0928     0.6565     0.6998
   6 C        1.4003     0.0601     0.6166     0.9994
   1 H        1.2370     0.0492     1.0964     0.2919
  35 Br       1.3980     0.0801     0.3934     1.5631
   8 O        1.5687     0.1169     0.6793     0.6518
------------------------------------------------------

Electrostatic properties (in atomic units):
--------------------------------------------------
     #    Z              CN          q        chi
--------------------------------------------------
     1   93 Np       4.9804     0.7789     1.0932
     2    7 N        3.0008    -0.3358     1.3974
     3    6 C        3.2842     0.0796     1.2915
     4    6 C        3.0087    -0.0240     1.2961
     5    6 C        3.0210    -0.0182     1.2959
     6    6 C        3.0121    -0.0379     1.2961
     7    6 C        3.2579     0.1431     1.2919
     8    6 C        3.2477     0.1440     1.2921
     9    6 C        3.0112    -0.0369     1.2961
    10    6 C        3.0223    -0.0165     1.2959
    11    6 C        3.0080    -0.0189     1.2961
    12    6 C        3.2920     0.0792     1.2913
    13    7 N        3.0028    -0.3455     1.3974
    14    1 H        0.9939     0.1618     1.1879
    15    1 H        0.9930     0.1837     1.1880
    16    1 H        0.9928     0.1908     1.1880
    17    1 H        0.9932     0.1614     1.1880
    18    1 H        0.9931     0.1618     1.1880
    19    1 H        0.9928     0.1915     1.1880
    20    1 H        0.9930     0.1881     1.1880
    21    1 H        0.9932     0.1619     1.1880
    22   35 Br       0.9981     0.0644     1.3180
    23    6 C        4.1032    -0.0013     1.2786
    24    8 O        1.9889    -0.3885     1.4038
    25    1 H        0.9919     0.1720     1.1880
    26    1 H        0.9919     0.1763     1.1880
    27    1 H        0.9920     0.1850     1.1880
--------------------------------------------------
     Σ                          2.0000
--------------------------------------------------

Electrostatic energy:    1.0568292386018E+00 Eh

[Info] JSON dump of results written to 'multicharge.json'
