[Info] Molecular charge read from '.CHRG'

Charge model parameter:
------------------------------------------------------
   Z          chi/Eh     kcn/Eh     eta/Eh     rad/AA
------------------------------------------------------
  93 Np       1.1090     0.0071     0.5649     0.7462
  12 Mg       0.7237    -0.0771     0.6936     0.6474
   8 O        1.5687     0.1169     0.6793     0.6518
  35 Br       1.3980     0.0801     0.3934     1.5631
------------------------------------------------------

Electrostatic properties (in atomic units):
--------------------------------------------------
     #    Z              CN          q        chi
--------------------------------------------------
     1   93 Np       2.8866     0.3049     1.0970
     2   12 Mg       0.9053     0.4395     0.7971
     3    8 O        0.9994    -0.7492     1.4518
     4   35 Br       0.9970    -0.9951     1.3181
--------------------------------------------------
     Σ                         -1.0000
--------------------------------------------------

Electrostatic energy:   -8.5730245070155E-01 Eh

[Info] JSON dump of results written to 'multicharge.json'
