[Info] Molecular charge read from '.CHRG'

Charge model parameter:
------------------------------------------------------
   Z          chi/Eh     kcn/Eh     eta/Eh     rad/AA
------------------------------------------------------
  92 U        1.0982     0.0042     0.6173     0.6828
   7 N        1.5582     0.0928     0.6565     0.6998
   6 C        1.4003     0.0601     0.6166     0.9994
   1 H        1.2370     0.0492     1.0964     0.2919
   9 F        1.5754     0.1570     0.7723     0.9393
   8 O        1.5687     0.1169     0.6793     0.6518
  15 P        1.5267     0.1425     0.7308     0.7313
------------------------------------------------------

Electrostatic properties (in atomic units):
--------------------------------------------------
     #    Z              CN          q        chi
--------------------------------------------------
     1   92 U        7.2469     0.7775     1.0870
     2    7 N        2.9810    -0.2981     1.3980
     3    6 C        3.1987     0.0852     1.2929
     4    6 C        3.0095    -0.0257     1.2961
     5    6 C        3.0219    -0.0247     1.2959
     6    6 C        3.0130    -0.0430     1.2960
     7    6 C        3.1746     0.1418     1.2933
     8    6 C        3.1786     0.1417     1.2932
     9    6 C        3.0131    -0.0440     1.2960
    10    6 C        3.0213    -0.0285     1.2959
    11    6 C        3.0095    -0.0380     1.2961
    12    6 C        3.2124     0.0650     1.2926
    13    7 N        2.9838    -0.3092     1.3979
    14    1 H        0.9928     0.1766     1.1880
    15    1 H        0.9930     0.1811     1.1880
    16    1 H        0.9928     0.1837     1.1880
    17    1 H        0.9932     0.1550     1.1880
    18    1 H        0.9932     0.1547     1.1880
    19    1 H        0.9928     0.1806     1.1880
    20    1 H        0.9930     0.1695     1.1880
    21    1 H        0.9929     0.1586     1.1880
    22    9 F        0.9987    -0.2241     1.4185
    23    6 C        4.1338    -0.0330     1.2782
    24    8 O        1.9863    -0.3011     1.4039
    25   15 P        4.0699     0.2890     1.2392
    26    8 O        2.9237    -0.2473     1.3688
    27    6 C        4.1353    -0.0672     1.2782
    28    8 O        2.9206    -0.2224     1.3689
    29    6 C        4.1343    -0.0475     1.2782
    30    1 H        0.9922     0.1655     1.1880
    31    1 H        0.9922     0.1712     1.1880
    32    1 H        0.9917     0.1584     1.1880
    33    1 H        0.9922     0.1706     1.1880
    34    1 H        0.9921     0.1491     1.1880
    35    1 H        0.9918     0.1600     1.1880
    36    1 H        0.9923     0.1780     1.1880
    37    1 H        0.9918     0.1665     1.1880
    38    1 H        0.9919     0.1694     1.1880
    39    7 N        2.0019    -0.2669     1.4269
    40    7 N        2.0925     0.0806     1.4240
    41    7 N        1.0049    -0.1505     1.4652
    42    6 C        1.0014     0.1784     1.3402
    43    8 O        1.7109    -0.2365     1.4158
--------------------------------------------------
     Σ                          2.0000
--------------------------------------------------

Electrostatic energy:    9.4007995257789E-01 Eh

[Info] JSON dump of results written to 'multicharge.json'
