[Info] Molecular charge read from './.CHRG'
[Info] Molecular spin read from './.UHF'
xTB calculator
 | Coulomb electrostatics
 |  * isotropic Klopman-Ohno electrostatics
 |  * onsite third-order electrostatics
CEH guess
integral cutoff           4.0000000000000E+01 bohr

Atomic charges (in atomic units):
---------------------------------------------------------
     #    Z                 q
---------------------------------------------------------
     1   97 Bk       0.906840
     2    9 F       -0.264411
     3    8 O       -0.215640
     4    1 H        0.199449
     5    1 H        0.201097
     6   16 S        0.066031
     7    6 C        0.075640
     8    7 N       -0.291999
     9    6 C        0.149087
    10    8 O        0.173905
---------------------------------------------------------

Atomic dipole moments (in atomic units):
---------------------------------------------------------
     #    Z                 x            y            z
---------------------------------------------------------
     1   97 Bk       0.614798    -0.314437     0.333924
     2    9 F        0.006406    -0.011685     0.056624
     3    8 O        0.030863    -0.091355    -0.012918
     4    1 H       -0.003330    -0.073168    -0.102857
     5    1 H        0.071886    -0.068747     0.078333
     6   16 S       -0.180974    -0.087190    -0.034360
     7    6 C        0.169436     0.085817     0.024209
     8    7 N       -0.077506    -0.034308    -0.037907
     9    6 C       -0.051289     0.110225     0.009592
    10    8 O       -0.039240     0.070757    -0.000647
---------------------------------------------------------
           total     1.111026     2.626671     0.119340
---------------------------------------------------------

[Info] JSON dump of results written to 'tblite.json'
