Charge model parameter:
------------------------------------------------------
   Z          chi/Eh     kcn/Eh     eta/Eh     rad/AA
------------------------------------------------------
  99 Es       1.0593     0.0030     0.5898     0.7145
   4 Be       0.9967    -0.0267     0.6200     0.8028
   8 O        1.5687     0.1169     0.6793     0.6518
------------------------------------------------------

Electrostatic properties (in atomic units):
--------------------------------------------------
     #    Z              CN          q        chi
--------------------------------------------------
     1   99 Es       2.2587     0.2547     1.0548
     2    4 Be       0.9660     0.1175     1.0229
     3    4 Be       1.2948     0.4731     1.0270
     4    8 O        1.9963    -0.8453     1.4035
--------------------------------------------------
     Σ                          0.0000
--------------------------------------------------

Electrostatic energy:   -1.5582363652077E-01 Eh

[Info] JSON dump of results written to 'multicharge.json'
