[Info] Molecular charge read from '.CHRG'

Charge model parameter:
------------------------------------------------------
   Z          chi/Eh     kcn/Eh     eta/Eh     rad/AA
------------------------------------------------------
  90 Th       1.0989     0.0159     0.6181     0.6812
   6 C        1.4003     0.0601     0.6166     0.9994
   8 O        1.5687     0.1169     0.6793     0.6518
   1 H        1.2370     0.0492     1.0964     0.2919
   7 N        1.5582     0.0928     0.6565     0.6998
  15 P        1.5267     0.1425     0.7308     0.7313
------------------------------------------------------

Electrostatic properties (in atomic units):
--------------------------------------------------
     #    Z              CN          q        chi
--------------------------------------------------
     1   90 Th       6.1763     0.8121     1.0594
     2    6 C        3.9605    -0.1553     1.2808
     3    6 C        3.1924     0.1009     1.2930
     4    6 C        3.0047    -0.0698     1.2962
     5    6 C        3.1790     0.1025     1.2932
     6    8 O        1.9923    -0.3228     1.4037
     7    6 C        3.9605    -0.1510     1.2808
     8    8 O        1.9937    -0.3343     1.4036
     9    1 H        0.9924     0.1379     1.1880
    10    1 H        0.9914     0.1546     1.1880
    11    1 H        0.9914     0.1355     1.1880
    12    1 H        0.9932     0.1340     1.1880
    13    1 H        0.9914     0.1582     1.1880
    14    1 H        0.9924     0.1380     1.1880
    15    1 H        0.9915     0.1416     1.1880
    16    6 C        3.9580    -0.1317     1.2808
    17    6 C        2.0097     0.1091     1.3152
    18    7 N        1.9410    -0.3587     1.4289
    19    1 H        0.9917     0.1533     1.1880
    20    1 H        0.9917     0.1492     1.1880
    21    1 H        0.9916     0.1591     1.1880
    22    6 C        3.9580    -0.1237     1.2808
    23    6 C        2.0104     0.1244     1.3151
    24    7 N        1.9425    -0.3275     1.4289
    25    1 H        0.9917     0.1592     1.1880
    26    1 H        0.9917     0.1597     1.1880
    27    1 H        0.9916     0.1573     1.1880
    28    6 C        3.9567    -0.2076     1.2808
    29   15 P        3.9282     0.0663     1.2443
    30    6 C        3.9566    -0.2038     1.2808
    31    6 C        3.9568    -0.2136     1.2808
    32    1 H        0.9926     0.1371     1.1880
    33    1 H        0.9931     0.1254     1.1880
    34    1 H        0.9930     0.1397     1.1880
    35    1 H        0.9926     0.1369     1.1880
    36    1 H        0.9929     0.1404     1.1880
    37    1 H        0.9930     0.1324     1.1880
    38    1 H        0.9926     0.1353     1.1880
    39    1 H        0.9930     0.1289     1.1880
    40    1 H        0.9929     0.1234     1.1880
    41    6 C        3.9553    -0.1791     1.2809
    42    6 C        4.0657     0.0023     1.2792
    43    8 O        1.9901    -0.3807     1.4038
    44    1 H        0.9918     0.1422     1.1880
    45    1 H        0.9915     0.1227     1.1880
    46    1 H        0.9917     0.1470     1.1880
    47    1 H        0.9913     0.1378     1.1880
    48    1 H        0.9914     0.1552     1.1880
--------------------------------------------------
     Σ                          2.0000
--------------------------------------------------

Electrostatic energy:    9.0151411629534E-01 Eh

[Info] JSON dump of results written to 'multicharge.json'
