[Info] Molecular charge read from '.CHRG'

Charge model parameter:
------------------------------------------------------
   Z          chi/Eh     kcn/Eh     eta/Eh     rad/AA
------------------------------------------------------
 103 Lr       1.1371     0.0068     0.5937     0.7095
   6 C        1.4003     0.0601     0.6166     0.9994
   8 O        1.5687     0.1169     0.6793     0.6518
  15 P        1.5267     0.1425     0.7308     0.7313
   1 H        1.2370     0.0492     1.0964     0.2919
  16 S        1.4077     0.0713     0.5171     1.1581
   7 N        1.5582     0.0928     0.6565     0.6998
------------------------------------------------------

Electrostatic properties (in atomic units):
--------------------------------------------------
     #    Z              CN          q        chi
--------------------------------------------------
     1  103 Lr       7.9141     0.7107     1.1181
     2    6 C        4.1638    -0.1194     1.2777
     3    8 O        1.9897    -0.3608     1.4038
     4   15 P        4.4361     0.3517     1.2266
     5    8 O        1.9885    -0.3653     1.4038
     6    6 C        4.1443    -0.1173     1.2780
     7    8 O        1.9913    -0.3444     1.4037
     8    6 C        4.1580    -0.1191     1.2778
     9    1 H        0.9911     0.0466     1.1880
    10    1 H        0.9912     0.0886     1.1880
    11    1 H        0.9912     0.1146     1.1880
    12    1 H        0.9917     0.1115     1.1880
    13    1 H        0.9911     0.0494     1.1880
    14    1 H        0.9917     0.1210     1.1880
    15    1 H        0.9913     0.0460     1.1880
    16    1 H        0.9910     0.0802     1.1880
    17    1 H        0.9910     0.0716     1.1880
    18    8 O        1.8633    -0.3710     1.4091
    19   16 S        3.9488     0.2749     1.2661
    20    8 O        1.8786    -0.3979     1.4084
    21    8 O        1.9394    -0.3737     1.4059
    22    8 O        1.8428    -0.3873     1.4100
    23   16 S        3.9456     0.2797     1.2661
    24    8 O        1.8347    -0.3704     1.4103
    25    8 O        1.9459    -0.3886     1.4056
    26    7 N        2.4990    -0.1583     1.4115
    27    8 O        1.9124    -0.2297     1.4070
    28    8 O        1.8978    -0.2432     1.4076
--------------------------------------------------
     Σ                         -2.0000
--------------------------------------------------

Electrostatic energy:   -1.6374404282302E+00 Eh

[Info] JSON dump of results written to 'multicharge.json'
