Charge model parameter:
------------------------------------------------------
   Z          chi/Eh     kcn/Eh     eta/Eh     rad/AA
------------------------------------------------------
  98 Cf       1.0089     0.0039     0.6196     0.6803
   6 C        1.4003     0.0601     0.6166     0.9994
   7 N        1.5582     0.0928     0.6565     0.6998
   8 O        1.5687     0.1169     0.6793     0.6518
  16 S        1.4077     0.0713     0.5171     1.1581
   9 F        1.5754     0.1570     0.7723     0.9393
  15 P        1.5267     0.1425     0.7308     0.7313
  17 Cl       1.4815     0.1368     0.7586     0.7238
------------------------------------------------------

Electrostatic properties (in atomic units):
--------------------------------------------------
     #    Z              CN          q        chi
--------------------------------------------------
     1   98 Cf       6.7393     0.8013     0.9988
     2    6 C        1.9874     0.0876     1.3156
     3    7 N        1.0213    -0.2869     1.4644
     4    6 C        1.9432     0.0916     1.3166
     5    8 O        1.0005    -0.2542     1.4517
     6   16 S        1.9457    -0.0069     1.3083
     7    6 C        2.9611     0.1418     1.2969
     8    7 N        1.9757    -0.3295     1.4278
     9    9 F        0.9991    -0.1292     1.4184
    10   15 P        3.3330     0.2420     1.2666
    11    9 F        1.0080    -0.1557     1.4177
    12    9 F        1.9387    -0.1150     1.3567
    13   17 Cl       1.0396    -0.0870     1.3420
--------------------------------------------------
     Σ                         -0.0000
--------------------------------------------------

Electrostatic energy:   -2.0934155651118E-01 Eh

[Info] JSON dump of results written to 'multicharge.json'
