Charge model parameter:
------------------------------------------------------
   Z          chi/Eh     kcn/Eh     eta/Eh     rad/AA
------------------------------------------------------
  90 Th       1.0989     0.0159     0.6181     0.6812
  35 Br       1.3980     0.0801     0.3934     1.5631
------------------------------------------------------

Electrostatic properties (in atomic units):
--------------------------------------------------
     #    Z              CN          q        chi
--------------------------------------------------
     1   90 Th       5.7568     0.5857     1.0607
     2   35 Br       1.7162    -0.0654     1.2931
     3   35 Br       0.9978    -0.1769     1.3180
     4   35 Br       0.9985    -0.1656     1.3180
     5   35 Br       1.6953    -0.0569     1.2938
     6   35 Br       2.3843     0.0429     1.2744
     7   35 Br       1.0074    -0.1637     1.3177
--------------------------------------------------
     Σ                          0.0000
--------------------------------------------------

Electrostatic energy:   -7.4746052283849E-02 Eh

[Info] JSON dump of results written to 'multicharge.json'
