[Info] Molecular charge read from '.CHRG'

Charge model parameter:
------------------------------------------------------
   Z          chi/Eh     kcn/Eh     eta/Eh     rad/AA
------------------------------------------------------
  89 Ac       1.0458     0.0047     0.6519     0.6470
  51 Sb       1.2164     0.0142     0.4795     1.0458
   8 O        1.5687     0.1169     0.6793     0.6518
------------------------------------------------------

Electrostatic properties (in atomic units):
--------------------------------------------------
     #    Z              CN          q        chi
--------------------------------------------------
     1   89 Ac       1.6635     1.1927     1.0397
     2   51 Sb       0.9085     1.4144     1.2029
     3    8 O        0.7556     0.3929     1.4671
--------------------------------------------------
     Σ                          3.0000
--------------------------------------------------

Electrostatic energy:    1.7589359976354E+00 Eh

[Info] JSON dump of results written to 'multicharge.json'
