[Info] Molecular spin read from './.UHF'
xTB calculator
 | Coulomb electrostatics
 |  * isotropic Klopman-Ohno electrostatics
 |  * onsite third-order electrostatics
CEH guess
integral cutoff           4.0000000000000E+01 bohr

Atomic charges (in atomic units):
---------------------------------------------------------
     #    Z                 q
---------------------------------------------------------
     1   96 Cm       0.702938
     2    6 C       -0.116016
     3    6 C        0.158474
     4    8 O       -0.278890
     5    8 O       -0.324726
     6    7 N       -0.071609
     7    1 H        0.035757
     8    1 H        0.062884
     9    1 H        0.083102
    10    1 H        0.082019
    11    6 C       -0.009031
    12    8 O       -0.190728
    13   15 P        0.447821
    14    8 O       -0.194384
    15    6 C        0.031002
    16    8 O       -0.160486
    17    6 C        0.040569
    18    1 H        0.037801
    19    1 H        0.045305
    20    1 H        0.026711
    21    1 H        0.034330
    22    1 H        0.027233
    23    1 H        0.043798
    24    1 H        0.044484
    25    1 H        0.041726
    26    1 H        0.032765
    27    8 O       -0.420683
    28   16 S        0.337998
    29    8 O       -0.362624
    30    8 O       -0.427298
    31    6 C       -0.025430
    32    8 O        0.120290
    33    6 C       -0.014356
    34    6 C       -0.068838
    35    6 C       -0.061684
    36    6 C       -0.000755
    37    8 O       -0.068015
    38    1 H        0.027784
    39    1 H        0.065533
    40    1 H        0.027539
    41    1 H        0.043664
    42    1 H        0.042508
    43    1 H        0.041701
    44    1 H        0.086351
    45    1 H        0.023465
---------------------------------------------------------

Atomic dipole moments (in atomic units):
---------------------------------------------------------
     #    Z                 x            y            z
---------------------------------------------------------
     1   96 Cm      -0.034776     0.053347    -0.038155
     2    6 C       -0.086095     0.179209    -0.038002
     3    6 C       -0.029555     0.093175    -0.023031
     4    8 O       -0.016524     0.075513    -0.024417
     5    8 O        0.089974    -0.020641     0.003776
     6    7 N        0.261468    -0.107194    -0.162444
     7    1 H        0.042869    -0.043985    -0.103092
     8    1 H        0.070571     0.005717     0.104044
     9    1 H       -0.039600    -0.002573    -0.088504
    10    1 H        0.067183     0.057761     0.036644
    11    6 C       -0.064255    -0.208665     0.107791
    12    8 O        0.023613     0.054774    -0.087008
    13   15 P       -0.003749    -0.097604    -0.005178
    14    8 O        0.045709    -0.039680     0.068473
    15    6 C       -0.227684     0.116799    -0.080293
    16    8 O       -0.058646     0.037611     0.060659
    17    6 C        0.244583    -0.099585    -0.031663
    18    1 H        0.006827     0.101119     0.096099
    19    1 H       -0.095579     0.022385    -0.099380
    20    1 H        0.126017    -0.032490    -0.054904
    21    1 H        0.110726     0.075539    -0.052905
    22    1 H       -0.008397    -0.133886    -0.050405
    23    1 H        0.004515     0.004441     0.142090
    24    1 H        0.007015     0.131660    -0.054486
    25    1 H       -0.022380    -0.008956     0.144417
    26    1 H       -0.089703    -0.085623    -0.072679
    27    8 O        0.054831     0.073064     0.027115
    28   16 S        0.024258    -0.064115    -0.041922
    29    8 O        0.027387    -0.052533    -0.045898
    30    8 O       -0.096247     0.008386     0.007325
    31    6 C        0.070809    -0.148368    -0.003010
    32    8 O        0.021746    -0.047416    -0.000237
    33    6 C        0.029934     0.220126     0.045404
    34    6 C        0.105736     0.051173     0.009995
    35    6 C        0.079517    -0.085997     0.035590
    36    6 C       -0.034001    -0.221186     0.103546
    37    8 O       -0.086906    -0.005813    -0.105472
    38    1 H        0.056371    -0.030940    -0.108114
    39    1 H        0.002265    -0.099256     0.098232
    40    1 H       -0.071740    -0.003565     0.111586
    41    1 H       -0.041939    -0.065485    -0.108418
    42    1 H       -0.066251     0.068510     0.094218
    43    1 H       -0.013951     0.021630    -0.132256
    44    1 H        0.020425     0.118607     0.072008
    45    1 H        0.065266    -0.012156    -0.107712
---------------------------------------------------------
           total     1.431861    -0.288158     0.468103
---------------------------------------------------------

[Info] JSON dump of results written to 'tblite.json'
