Charge model parameter:
------------------------------------------------------
   Z          chi/Eh     kcn/Eh     eta/Eh     rad/AA
------------------------------------------------------
  94 Pu       1.0104     0.0049     0.6346     0.6641
   4 Be       0.9967    -0.0267     0.6200     0.8028
  33 As       1.3631     0.0766     0.5208     1.2766
------------------------------------------------------

Electrostatic properties (in atomic units):
--------------------------------------------------
     #    Z              CN          q        chi
--------------------------------------------------
     1   94 Pu       1.8489     0.2483     1.0038
     2    4 Be       1.8460     0.2354     1.0329
     3   33 As       1.9889    -0.4837     1.2551
--------------------------------------------------
     Σ                          0.0000
--------------------------------------------------

Electrostatic energy:   -5.7366360417343E-02 Eh

[Info] JSON dump of results written to 'multicharge.json'
