[Info] Molecular spin read from './.UHF'
xTB calculator
 | Coulomb electrostatics
 |  * isotropic Klopman-Ohno electrostatics
 |  * onsite third-order electrostatics
CEH guess
integral cutoff           4.0000000000000E+01 bohr

Atomic charges (in atomic units):
---------------------------------------------------------
     #    Z                 q
---------------------------------------------------------
     1   98 Cf       0.429945
     2   19 K        0.398575
     3   38 Sr       0.310136
     4   32 Ge      -0.039756
     5    7 N       -0.492978
     6   34 Se      -0.605922
---------------------------------------------------------

Atomic dipole moments (in atomic units):
---------------------------------------------------------
     #    Z                 x            y            z
---------------------------------------------------------
     1   98 Cf       0.931807     0.383572    -0.027381
     2   19 K       -0.241453    -0.260818     0.792774
     3   38 Sr      -0.828931    -0.453089    -0.993640
     4   32 Ge       0.112726    -0.483413    -0.178834
     5    7 N        0.002760     0.005829     0.028505
     6   34 Se      -0.022097     0.073048     0.031291
---------------------------------------------------------
           total    -0.431647    -1.763924    -0.584498
---------------------------------------------------------

[Info] JSON dump of results written to 'tblite.json'
