xTB calculator
 | Coulomb electrostatics
 |  * isotropic Klopman-Ohno electrostatics
 |  * onsite third-order electrostatics
CEH guess
integral cutoff           4.0000000000000E+01 bohr

Atomic charges (in atomic units):
---------------------------------------------------------
     #    Z                 q
---------------------------------------------------------
     1  102 No       0.547850
     2    7 N       -0.165725
     3    6 C        0.011099
     4    6 C       -0.007126
     5    7 N       -0.192350
     6    1 H        0.094559
     7    1 H        0.100443
     8    1 H        0.066920
     9    1 H        0.053721
    10    1 H        0.051647
    11    1 H        0.067714
    12    1 H        0.077630
    13    1 H        0.096818
    14    8 O       -0.615254
    15    1 H        0.075765
    16    6 C        0.087102
    17    8 O        0.163611
    18    6 C       -0.009000
    19    6 C       -0.038061
    20    6 C       -0.015626
    21    6 C       -0.053564
    22    6 C       -0.017800
    23    6 C       -0.039630
    24    6 C        0.139310
    25    8 O       -0.319517
    26    8 O       -0.312661
    27    1 H        0.038653
    28    1 H        0.030629
    29    1 H        0.027949
    30    1 H        0.025445
    31    1 H        0.029449
---------------------------------------------------------

Atomic dipole moments (in atomic units):
---------------------------------------------------------
     #    Z                 x            y            z
---------------------------------------------------------
     1  102 No       0.033986    -0.644977    -0.270196
     2    7 N        0.047702    -0.371152     0.029081
     3    6 C       -0.145896     0.137341     0.031083
     4    6 C       -0.052491     0.175040    -0.109995
     5    7 N        0.332584    -0.197504     0.002427
     6    1 H       -0.048117    -0.014981     0.077536
     7    1 H       -0.027507    -0.015757    -0.090592
     8    1 H        0.057261     0.031968    -0.097430
     9    1 H       -0.011043    -0.115818     0.030244
    10    1 H        0.110773    -0.039183     0.004706
    11    1 H       -0.066380    -0.017978     0.100079
    12    1 H        0.024618     0.005910    -0.080418
    13    1 H        0.026283     0.043726     0.077668
    14    8 O        0.035231     0.015254    -0.126296
    15    1 H        0.053552     0.006512    -0.120731
    16    6 C        0.053090     0.129751    -0.039084
    17    8 O        0.021581     0.053711    -0.018949
    18    6 C        0.008778    -0.002164     0.012530
    19    6 C        0.001977     0.016587     0.007502
    20    6 C        0.016094     0.010319     0.026440
    21    6 C        0.015805    -0.004545     0.022348
    22    6 C        0.016280    -0.019829     0.019004
    23    6 C        0.002477    -0.017115    -0.000758
    24    6 C       -0.010344    -0.003297    -0.004927
    25    8 O       -0.019663     0.103773    -0.012871
    26    8 O       -0.019199    -0.086021    -0.057936
    27    1 H       -0.078156     0.027412    -0.107812
    28    1 H       -0.035303    -0.097936    -0.080150
    29    1 H        0.044349    -0.122924     0.029535
    30    1 H        0.041953     0.093272     0.086200
    31    1 H       -0.037768     0.123772    -0.021574
---------------------------------------------------------
           total     1.268737    -0.757300     1.999484
---------------------------------------------------------

[Info] JSON dump of results written to 'tblite.json'
