[Info] Molecular charge read from '.CHRG'

Charge model parameter:
------------------------------------------------------
   Z          chi/Eh     kcn/Eh     eta/Eh     rad/AA
------------------------------------------------------
  92 U        1.0982     0.0042     0.6173     0.6828
   6 C        1.4003     0.0601     0.6166     0.9994
   8 O        1.5687     0.1169     0.6793     0.6518
   1 H        1.2370     0.0492     1.0964     0.2919
   7 N        1.5582     0.0928     0.6565     0.6998
------------------------------------------------------

Electrostatic properties (in atomic units):
--------------------------------------------------
     #    Z              CN          q        chi
--------------------------------------------------
     1   92 U        6.3103     0.8302     1.0877
     2    6 C        3.9606    -0.1513     1.2808
     3    6 C        3.1641     0.1164     1.2935
     4    6 C        3.0025    -0.0578     1.2962
     5    6 C        3.1606     0.1149     1.2935
     6    8 O        1.9895    -0.3078     1.4038
     7    6 C        3.9606    -0.1582     1.2808
     8    8 O        1.9907    -0.2868     1.4037
     9    1 H        0.9924     0.1308     1.1880
    10    1 H        0.9915     0.1533     1.1880
    11    1 H        0.9916     0.1489     1.1880
    12    1 H        0.9933     0.1290     1.1880
    13    1 H        0.9924     0.1301     1.1880
    14    1 H        0.9916     0.1406     1.1880
    15    1 H        0.9915     0.1454     1.1880
    16    7 N        2.0016    -0.2662     1.4269
    17    7 N        2.0779     0.0730     1.4244
    18    7 N        1.0054    -0.2034     1.4651
    19    6 C        3.0227    -0.0523     1.2959
    20    6 C        3.0101    -0.0577     1.2961
    21    6 C        3.1712     0.0610     1.2933
    22    7 N        2.9601    -0.3061     1.3985
    23    6 C        3.1439     0.0652     1.2938
    24    6 C        3.0102    -0.0553     1.2961
    25    1 H        0.9929     0.1527     1.1880
    26    1 H        0.9930     0.1461     1.1880
    27    1 H        0.9927     0.1510     1.1880
    28    1 H        0.9928     0.1597     1.1880
    29    1 H        0.9930     0.1492     1.1880
    30    8 O        1.9914    -0.4829     1.4037
    31    1 H        1.0067     0.3194     1.1876
    32    6 C        3.9583    -0.1430     1.2808
    33    6 C        2.0041     0.1087     1.3153
    34    7 N        1.9253    -0.3267     1.4294
    35    1 H        0.9918     0.1422     1.1880
    36    1 H        0.9918     0.1457     1.1880
    37    1 H        0.9918     0.1420     1.1880
--------------------------------------------------
     Σ                          1.0000
--------------------------------------------------

Electrostatic energy:    3.0576936017104E-01 Eh

[Info] JSON dump of results written to 'multicharge.json'
