[Info] Molecular charge read from '.CHRG'

Charge model parameter:
------------------------------------------------------
   Z          chi/Eh     kcn/Eh     eta/Eh     rad/AA
------------------------------------------------------
  99 Es       1.0593     0.0030     0.5898     0.7145
   7 N        1.5582     0.0928     0.6565     0.6998
   1 H        1.2370     0.0492     1.0964     0.2919
   6 C        1.4003     0.0601     0.6166     0.9994
   8 O        1.5687     0.1169     0.6793     0.6518
  16 S        1.4077     0.0713     0.5171     1.1581
------------------------------------------------------

Electrostatic properties (in atomic units):
--------------------------------------------------
     #    Z              CN          q        chi
--------------------------------------------------
     1   99 Es       7.7633     0.9214     1.0510
     2    7 N        3.8925    -0.7437     1.3751
     3    1 H        0.9968     0.2820     1.1879
     4    1 H        0.9972     0.2847     1.1879
     5    1 H        0.9990     0.2970     1.1878
     6    6 C        3.9580    -0.1357     1.2808
     7    6 C        2.1563     0.1210     1.3121
     8    7 N        1.9251    -0.3562     1.4294
     9    1 H        0.9919     0.1487     1.1880
    10    1 H        0.9919     0.1488     1.1880
    11    1 H        0.9912     0.1572     1.1880
    12    8 O        2.9212    -0.5535     1.3689
    13    1 H        0.9940     0.2935     1.1879
    14    1 H        1.2218     0.3060     1.1826
    15    8 O        2.9194    -0.5539     1.3689
    16    1 H        1.2238     0.3072     1.1826
    17    1 H        0.9943     0.2926     1.1879
    18    6 C        3.0226    -0.0509     1.2959
    19    6 C        3.0106    -0.0527     1.2961
    20    6 C        3.1807     0.0634     1.2932
    21    7 N        2.9579    -0.3409     1.3986
    22    6 C        3.1142     0.0538     1.2943
    23    6 C        3.0103    -0.0565     1.2961
    24    1 H        0.9928     0.1548     1.1880
    25    1 H        0.9930     0.1515     1.1880
    26    1 H        0.9928     0.1619     1.1880
    27    1 H        0.9926     0.1444     1.1880
    28    1 H        0.9930     0.1486     1.1880
    29    8 O        1.9156    -0.3412     1.4069
    30   16 S        3.9570     0.4485     1.2659
    31    8 O        1.9519    -0.3673     1.4053
    32    8 O        1.9585    -0.3345     1.4051
--------------------------------------------------
     Σ                          1.0000
--------------------------------------------------

Electrostatic energy:    1.8317003460471E-01 Eh

[Info] JSON dump of results written to 'multicharge.json'
