[Info] Molecular charge read from './.CHRG'
[Info] Molecular spin read from './.UHF'
xTB calculator
 | Coulomb electrostatics
 |  * isotropic Klopman-Ohno electrostatics
 |  * onsite third-order electrostatics
CEH guess
integral cutoff           2.8984055884551E+01 bohr

Atomic charges (in atomic units):
---------------------------------------------------------
     #    Z                 q
---------------------------------------------------------
     1   92 U        0.382243
     2    6 C       -0.072478
     3    6 C        0.073506
     4    8 O       -0.286995
     5    1 H        0.057450
     6    1 H        0.026714
     7    1 H        0.025335
     8    1 H        0.050867
     9    1 H        0.058035
    10    6 C        0.008442
    11    6 C       -0.014408
    12    6 C        0.042814
    13    7 N       -0.045487
    14    6 C        0.035877
    15    6 C       -0.012415
    16    1 H        0.037406
    17    1 H        0.046954
    18    1 H        0.059604
    19    1 H        0.052628
    20    1 H        0.047547
    21    7 N       -0.241154
    22    7 N        0.200402
    23    7 N        0.063143
    24    9 F       -0.223752
    25    6 C       -0.098906
    26   15 P        0.205768
    27    6 C       -0.103749
    28    6 C       -0.105134
    29    1 H        0.042781
    30    1 H        0.052375
    31    1 H        0.052787
    32    1 H        0.044041
    33    1 H        0.056083
    34    1 H        0.050394
    35    1 H        0.042963
    36    1 H        0.049281
    37    1 H        0.054257
    38    6 C       -0.019507
    39    6 C       -0.039444
    40    6 C       -0.006078
    41    6 C       -0.010327
    42    6 C        0.010200
    43    6 C       -0.038910
    44    6 C        0.291860
    45    8 O       -0.181209
    46    8 O       -0.111388
    47    1 H        0.040011
    48    1 H        0.038595
    49    1 H        0.031420
    50    1 H        0.044221
    51    1 H        0.039677
    52    1 H        0.195662
---------------------------------------------------------

Atomic dipole moments (in atomic units):
---------------------------------------------------------
     #    Z                 x            y            z
---------------------------------------------------------
     1   92 U       -0.018897     0.515174    -0.237816
     2    6 C       -0.074078    -0.059690     0.032205
     3    6 C       -0.154833    -0.023807    -0.202742
     4    8 O        0.112817     0.038374     0.115352
     5    1 H        0.100488     0.026873     0.097073
     6    1 H       -0.066497     0.120798    -0.038840
     7    1 H        0.052892    -0.072880    -0.111281
     8    1 H       -0.045285     0.063888     0.099269
     9    1 H        0.062862    -0.103647     0.039015
    10    6 C        0.008224    -0.011310    -0.006861
    11    6 C        0.026188     0.004761    -0.000752
    12    6 C        0.190144     0.003050    -0.011249
    13    7 N       -0.119650     0.189271     0.132497
    14    6 C       -0.098943    -0.144242    -0.072058
    15    6 C       -0.018000    -0.018284    -0.012148
    16    1 H       -0.062270     0.101951     0.061036
    17    1 H       -0.135098    -0.005064     0.006558
    18    1 H       -0.059495    -0.106715    -0.055159
    19    1 H        0.130915    -0.010276    -0.012785
    20    1 H        0.077672     0.098855     0.049814
    21    7 N       -0.341093    -0.277528    -0.029053
    22    7 N        0.124340     0.120826     0.009618
    23    7 N        0.206153     0.221275     0.018246
    24    9 F        0.046795    -0.043159    -0.074347
    25    6 C        0.033532    -0.005144    -0.039409
    26   15 P        0.010061    -0.136354     0.065745
    27    6 C       -0.047838    -0.000449    -0.013469
    28    6 C        0.015612     0.029577     0.034353
    29    1 H        0.024698    -0.139032     0.053621
    30    1 H       -0.146280     0.016374    -0.042365
    31    1 H        0.037035     0.105818     0.104495
    32    1 H       -0.005728    -0.140045     0.058079
    33    1 H        0.041391     0.102259     0.105779
    34    1 H        0.095694     0.006742    -0.118612
    35    1 H        0.025569    -0.126902     0.076885
    36    1 H        0.085569     0.009652    -0.125987
    37    1 H       -0.149296     0.013241    -0.036592
    38    6 C       -0.014333    -0.011301     0.010094
    39    6 C       -0.012503    -0.001723    -0.014227
    40    6 C       -0.042539    -0.016966    -0.012717
    41    6 C       -0.030984    -0.027554     0.017148
    42    6 C       -0.007265    -0.024515     0.047639
    43    6 C        0.006311    -0.001278     0.014385
    44    6 C       -0.093733    -0.061574    -0.031036
    45    8 O       -0.002548     0.028369    -0.094647
    46    8 O        0.083026     0.054164    -0.025533
    47    1 H        0.105792     0.067402    -0.048806
    48    1 H        0.105637     0.020789     0.078510
    49    1 H       -0.000862    -0.047118     0.127406
    50    1 H       -0.106473    -0.011206    -0.086147
    51    1 H       -0.002819     0.046100    -0.126155
    52    1 H        0.052757     0.021023    -0.106631
---------------------------------------------------------
           total     0.381328     1.010063    -0.110305
---------------------------------------------------------

[Info] JSON dump of results written to 'tblite.json'
