Charge model parameter:
------------------------------------------------------
   Z          chi/Eh     kcn/Eh     eta/Eh     rad/AA
------------------------------------------------------
 101 Md       1.1131     0.0055     0.6097     0.6919
   3 Li       0.5434    -0.1235     0.9742     0.4791
  53 I        1.4034     0.0897     0.3054     2.0116
------------------------------------------------------

Electrostatic properties (in atomic units):
--------------------------------------------------
     #    Z              CN          q        chi
--------------------------------------------------
     1  101 Md       1.9225     0.1590     1.1055
     2    3 Li       1.9592     0.6029     0.7163
     3   53 I        1.9509    -0.7620     1.2781
--------------------------------------------------
     Σ                          0.0000
--------------------------------------------------

Electrostatic energy:   -1.8311699169930E-01 Eh

[Info] JSON dump of results written to 'multicharge.json'
