[Info] Molecular charge read from './.CHRG'
[Info] Molecular spin read from './.UHF'
xTB calculator
 | Coulomb electrostatics
 |  * isotropic Klopman-Ohno electrostatics
 |  * onsite third-order electrostatics
CEH guess
integral cutoff           4.0000000000000E+01 bohr

Atomic charges (in atomic units):
---------------------------------------------------------
     #    Z                 q
---------------------------------------------------------
     1  101 Md       0.814054
     2    6 C       -0.075801
     3    6 C        0.142711
     4    6 C       -0.161541
     5    6 C        0.152314
     6    8 O       -0.256887
     7    6 C       -0.089899
     8    8 O       -0.214288
     9    1 H        0.051852
    10    1 H        0.053610
    11    1 H        0.055649
    12    1 H        0.052834
    13    1 H        0.052587
    14    1 H        0.056509
    15    1 H        0.052848
    16    6 C       -0.080015
    17    6 C        0.156553
    18    6 C       -0.163227
    19    6 C        0.148146
    20    8 O       -0.209557
    21    6 C       -0.075597
    22    8 O       -0.233360
    23    1 H        0.053158
    24    1 H        0.056023
    25    1 H        0.054571
    26    1 H        0.054336
    27    1 H        0.052535
    28    1 H        0.052534
    29    1 H        0.056881
    30    7 N       -0.150437
    31    6 C       -0.007481
    32    6 C       -0.006514
    33    7 N       -0.117279
    34    1 H        0.091651
    35    1 H        0.109996
    36    1 H        0.059903
    37    1 H        0.070941
    38    1 H        0.075278
    39    1 H        0.059695
    40    1 H        0.096259
    41    1 H        0.108456
---------------------------------------------------------

Atomic dipole moments (in atomic units):
---------------------------------------------------------
     #    Z                 x            y            z
---------------------------------------------------------
     1  101 Md      -0.059019     0.001313     0.152509
     2    6 C       -0.088080     0.005027    -0.031220
     3    6 C       -0.010527     0.116494     0.011193
     4    6 C       -0.015610     0.030592    -0.002542
     5    6 C       -0.104755     0.077029    -0.032299
     6    8 O        0.055704    -0.047078     0.013985
     7    6 C        0.034623     0.073811     0.022281
     8    8 O       -0.006803    -0.070776    -0.011421
     9    1 H        0.037725    -0.139708     0.001530
    10    1 H       -0.002707     0.061761     0.130904
    11    1 H        0.075227     0.080967    -0.093637
    12    1 H        0.067028    -0.114699     0.009602
    13    1 H        0.097946    -0.102759     0.030374
    14    1 H       -0.028990     0.015928    -0.140667
    15    1 H       -0.123362    -0.008668     0.075538
    16    6 C       -0.044132    -0.019485     0.074517
    17    6 C        0.100824    -0.056961     0.059884
    18    6 C        0.011825    -0.015976     0.027032
    19    6 C        0.000777    -0.047136     0.111646
    20    8 O        0.008950     0.020604    -0.066323
    21    6 C        0.089074    -0.026829    -0.001476
    22    8 O       -0.059691     0.023620    -0.030856
    23    1 H       -0.093367     0.068964    -0.087962
    24    1 H        0.046419    -0.128153    -0.049651
    25    1 H        0.112355     0.080203     0.044284
    26    1 H       -0.058430     0.061354    -0.102985
    27    1 H       -0.026592     0.070149    -0.124006
    28    1 H       -0.011400     0.082457     0.118670
    29    1 H       -0.074419    -0.123345     0.015476
    30    7 N        0.093274     0.157022     0.260875
    31    6 C        0.099688    -0.106315    -0.162299
    32    6 C       -0.065670    -0.020580    -0.207021
    33    7 N       -0.131471     0.023415     0.262963
    34    1 H        0.079606    -0.055622     0.021504
    35    1 H        0.001942     0.093737    -0.043369
    36    1 H       -0.104511     0.065722    -0.037595
    37    1 H        0.068155     0.051445     0.088564
    38    1 H       -0.084345     0.008959     0.089615
    39    1 H        0.105538    -0.069627     0.027344
    40    1 H       -0.082081     0.051802    -0.027044
    41    1 H        0.004112    -0.100938     0.015551
---------------------------------------------------------
           total    -0.309752     0.632817     1.198660
---------------------------------------------------------

[Info] JSON dump of results written to 'tblite.json'
