[Info] Molecular charge read from './.CHRG'
[Info] Molecular spin read from './.UHF'
xTB calculator
 | Coulomb electrostatics
 |  * isotropic Klopman-Ohno electrostatics
 |  * onsite third-order electrostatics
CEH guess
integral cutoff           4.0000000000000E+01 bohr

Atomic charges (in atomic units):
---------------------------------------------------------
     #    Z                 q
---------------------------------------------------------
     1   98 Cf       1.200717
     2    7 N       -0.010447
     3    6 C        0.024938
     4    6 C       -0.041951
     5    6 C       -0.005339
     6    6 C       -0.014378
     7    6 C        0.050145
     8    6 C        0.050044
     9    6 C       -0.017176
    10    6 C       -0.005496
    11    6 C       -0.043748
    12    6 C        0.023387
    13    7 N       -0.021386
    14    1 H        0.070124
    15    1 H        0.042328
    16    1 H        0.032908
    17    1 H        0.041018
    18    1 H        0.040984
    19    1 H        0.033127
    20    1 H        0.041409
    21    1 H        0.059623
    22    6 C       -0.103999
    23   15 P        0.375992
    24    8 O       -0.334755
    25    6 C       -0.102392
    26    6 C       -0.101935
    27    1 H        0.054534
    28    1 H        0.069070
    29    1 H        0.068947
    30    1 H        0.070292
    31    1 H        0.054129
    32    1 H        0.052888
    33    1 H        0.069133
    34    1 H        0.065860
    35    1 H        0.055743
    36    8 O       -0.412833
    37   16 S        0.388923
    38    8 O       -0.415167
    39    8 O       -0.405263
---------------------------------------------------------

Atomic dipole moments (in atomic units):
---------------------------------------------------------
     #    Z                 x            y            z
---------------------------------------------------------
     1   98 Cf      -0.158967     0.046024    -0.233678
     2    7 N        0.262021     0.016324     0.011441
     3    6 C       -0.036176    -0.112455     0.109086
     4    6 C        0.001874    -0.022871     0.021224
     5    6 C       -0.012690     0.000073    -0.002378
     6    6 C       -0.051515    -0.010128     0.002875
     7    6 C       -0.132176     0.034984    -0.049370
     8    6 C       -0.136779     0.032366    -0.038872
     9    6 C       -0.032711     0.028841    -0.029314
    10    6 C       -0.014667     0.004330    -0.004556
    11    6 C        0.018016     0.016399    -0.013186
    12    6 C        0.081941     0.096290    -0.098885
    13    7 N        0.174525    -0.135671     0.132323
    14    1 H       -0.099062     0.058853    -0.065028
    15    1 H        0.035240     0.093942    -0.090375
    16    1 H        0.131192     0.024713    -0.010242
    17    1 H        0.089000    -0.065511     0.079294
    18    1 H        0.134397     0.008461    -0.005936
    19    1 H        0.075690    -0.076022     0.079561
    20    1 H       -0.067121    -0.083216     0.083620
    21    1 H       -0.131247    -0.004797     0.000689
    22    6 C        0.005746    -0.015640     0.016263
    23   15 P       -0.084720     0.000618    -0.072609
    24    8 O       -0.008924     0.007335    -0.007233
    25    6 C        0.006849     0.015398     0.012006
    26    6 C        0.019682    -0.004442     0.001805
    27    1 H        0.135181    -0.039154    -0.073322
    28    1 H        0.014798     0.142125     0.068072
    29    1 H       -0.122223    -0.009835    -0.098114
    30    1 H       -0.110544    -0.012214    -0.110377
    31    1 H       -0.027089    -0.100699     0.118162
    32    1 H        0.143317    -0.025696    -0.060693
    33    1 H       -0.105826    -0.023949    -0.112732
    34    1 H        0.003875     0.147037     0.049387
    35    1 H       -0.022613    -0.102663     0.120196
    36    8 O        0.088872     0.071371     0.000237
    37   16 S       -0.008460     0.064685    -0.005733
    38    8 O       -0.075089     0.019610     0.086745
    39    8 O       -0.042046    -0.021786    -0.103371
---------------------------------------------------------
           total    -0.060675    -1.569000     1.526081
---------------------------------------------------------

[Info] JSON dump of results written to 'tblite.json'
