[Info] Molecular charge read from '.CHRG'

Charge model parameter:
------------------------------------------------------
   Z          chi/Eh     kcn/Eh     eta/Eh     rad/AA
------------------------------------------------------
  98 Cf       1.0089     0.0039     0.6196     0.6803
   7 N        1.5582     0.0928     0.6565     0.6998
   6 C        1.4003     0.0601     0.6166     0.9994
   1 H        1.2370     0.0492     1.0964     0.2919
  16 S        1.4077     0.0713     0.5171     1.1581
------------------------------------------------------

Electrostatic properties (in atomic units):
--------------------------------------------------
     #    Z              CN          q        chi
--------------------------------------------------
     1   98 Cf       7.5717     0.8886     0.9982
     2    7 N        3.9218    -0.6136     1.3744
     3    6 C        4.0640    -0.0226     1.2792
     4    6 C        4.1283    -0.0353     1.2783
     5    7 N        3.9083    -0.4551     1.3747
     6    6 C        4.0514    -0.0358     1.2794
     7    6 C        4.1178    -0.0175     1.2784
     8    7 N        3.9267    -0.5996     1.3743
     9    1 H        1.0051     0.2526     1.1877
    10    1 H        1.0009     0.2581     1.1878
    11    1 H        0.9914     0.1412     1.1880
    12    1 H        0.9915     0.1401     1.1880
    13    1 H        0.9911     0.1338     1.1880
    14    1 H        0.9911     0.1217     1.1880
    15    1 H        1.0026     0.2333     1.1877
    16    1 H        0.9913     0.1322     1.1880
    17    1 H        0.9912     0.1348     1.1880
    18    1 H        0.9914     0.1421     1.1880
    19    1 H        0.9912     0.1340     1.1880
    20    1 H        0.9998     0.2627     1.1878
    21    1 H        1.0037     0.2662     1.1877
    22    6 C        3.0222    -0.0341     1.2959
    23    6 C        3.0097    -0.0398     1.2961
    24    6 C        3.2140     0.0556     1.2926
    25    7 N        2.9578    -0.3769     1.3986
    26    6 C        3.1073     0.0391     1.2944
    27    6 C        3.0096    -0.0457     1.2961
    28    1 H        0.9928     0.1742     1.1880
    29    1 H        0.9930     0.1687     1.1880
    30    1 H        0.9932     0.1552     1.1880
    31    1 H        0.9925     0.1232     1.1880
    32    1 H        0.9930     0.1616     1.1880
    33    6 C        3.0231    -0.0314     1.2959
    34    6 C        3.0089    -0.0422     1.2961
    35    6 C        3.2349     0.0536     1.2923
    36    7 N        2.9719    -0.3743     1.3982
    37    6 C        3.1370     0.0570     1.2939
    38    6 C        3.0095    -0.0368     1.2961
    39    1 H        0.9928     0.1749     1.1880
    40    1 H        0.9930     0.1636     1.1880
    41    1 H        0.9929     0.1281     1.1880
    42    1 H        0.9926     0.1422     1.1880
    43    1 H        0.9930     0.1676     1.1880
    44   16 S        1.9059    -0.0181     1.3093
    45    6 C        2.9588     0.1441     1.2970
    46    7 N        1.9897    -0.3712     1.4273
--------------------------------------------------
     Σ                          2.0000
--------------------------------------------------

Electrostatic energy:    8.2454977311980E-01 Eh

[Info] JSON dump of results written to 'multicharge.json'
