[Info] Molecular charge read from '.CHRG'

Charge model parameter:
------------------------------------------------------
   Z          chi/Eh     kcn/Eh     eta/Eh     rad/AA
------------------------------------------------------
  89 Ac       1.0458     0.0047     0.6519     0.6470
  16 S        1.4077     0.0713     0.5171     1.1581
   6 C        1.4003     0.0601     0.6166     0.9994
   7 N        1.5582     0.0928     0.6565     0.6998
   9 F        1.5754     0.1570     0.7723     0.9393
  35 Br       1.3980     0.0801     0.3934     1.5631
   8 O        1.5687     0.1169     0.6793     0.6518
   1 H        1.2370     0.0492     1.0964     0.2919
------------------------------------------------------

Electrostatic properties (in atomic units):
--------------------------------------------------
     #    Z              CN          q        chi
--------------------------------------------------
     1   89 Ac       4.1105     0.6668     1.0362
     2   16 S        1.0105    -0.2681     1.3360
     3    6 C        2.0482     0.1096     1.3143
     4    7 N        1.9904    -0.4398     1.4273
     5    9 F        0.9979    -0.3642     1.4185
     6   35 Br       0.9844    -0.4229     1.3186
     7    6 C        3.9538    -0.2431     1.2809
     8    6 C        4.0686    -0.0376     1.2792
     9    8 O        1.9929    -0.4099     1.4036
    10    1 H        0.9913     0.0602     1.1880
    11    1 H        0.9914     0.0922     1.1880
    12    1 H        0.9914     0.0927     1.1880
    13    1 H        0.9896     0.0811     1.1880
    14    1 H        0.9896     0.0831     1.1880
--------------------------------------------------
     Σ                         -1.0000
--------------------------------------------------

Electrostatic energy:   -8.3692835945521E-01 Eh

[Info] JSON dump of results written to 'multicharge.json'
