[Info] Molecular charge read from './.CHRG'
[Info] Molecular spin read from './.UHF'
xTB calculator
 | Coulomb electrostatics
 |  * isotropic Klopman-Ohno electrostatics
 |  * onsite third-order electrostatics
CEH guess
integral cutoff           2.8984055884551E+01 bohr

Atomic charges (in atomic units):
---------------------------------------------------------
     #    Z                 q
---------------------------------------------------------
     1   92 U        0.409364
     2    6 C        0.058556
     3    8 O       -0.278938
     4    1 H        0.052368
     5    1 H        0.056163
     6    1 H        0.053003
     7    9 F       -0.187898
     8    6 C        0.168063
     9    8 O        0.208478
    10    6 C        0.061401
    11    6 C       -0.050819
    12    6 C       -0.055231
    13    6 C        0.054926
    14    8 O       -0.094028
    15    1 H        0.040804
    16    1 H        0.063078
    17    1 H        0.042652
    18    1 H        0.072639
    19    1 H        0.077164
    20    1 H        0.038581
    21    1 H        0.044588
    22    1 H        0.070573
    23    7 N       -0.219343
    24    7 N        0.208289
    25    7 N        0.105567
---------------------------------------------------------

Atomic dipole moments (in atomic units):
---------------------------------------------------------
     #    Z                 x            y            z
---------------------------------------------------------
     1   92 U       -0.605644     0.655231    -0.115320
     2    6 C       -0.153075    -0.162340    -0.164489
     3    8 O        0.066864     0.084136     0.085471
     4    1 H        0.113120    -0.073083     0.041695
     5    1 H       -0.076958     0.039089     0.113218
     6    1 H        0.039628     0.113835    -0.073623
     7    9 F       -0.015024     0.019652    -0.078023
     8    6 C       -0.061574    -0.071395     0.043900
     9    8 O       -0.005175    -0.080664     0.022043
    10    6 C        0.133730    -0.001489     0.240778
    11    6 C        0.121204    -0.020694     0.028812
    12    6 C        0.034326    -0.103580    -0.057014
    13    6 C        0.001722    -0.061585    -0.266431
    14    8 O       -0.101861     0.065363     0.021147
    15    1 H        0.053727     0.080864    -0.085492
    16    1 H       -0.046187    -0.115616    -0.050677
    17    1 H       -0.078354    -0.091331     0.048260
    18    1 H       -0.053184     0.091415    -0.079596
    19    1 H       -0.082467     0.019417     0.102195
    20    1 H        0.066599     0.102508    -0.045632
    21    1 H       -0.060330    -0.089370     0.069404
    22    1 H        0.111488     0.057459     0.055988
    23    7 N        0.335614    -0.309154    -0.033997
    24    7 N       -0.131208     0.114122     0.013653
    25    7 N       -0.224780     0.193373     0.024327
---------------------------------------------------------
           total    -2.238495    -2.450631     0.368264
---------------------------------------------------------

[Info] JSON dump of results written to 'tblite.json'
