Charge model parameter:
------------------------------------------------------
   Z          chi/Eh     kcn/Eh     eta/Eh     rad/AA
------------------------------------------------------
  90 Th       1.0989     0.0159     0.6181     0.6812
  49 In       1.1101    -0.0151     0.4977     0.8144
  50 Sn       1.1245    -0.0303     0.4567     1.0454
------------------------------------------------------

Electrostatic properties (in atomic units):
--------------------------------------------------
     #    Z              CN          q        chi
--------------------------------------------------
     1   90 Th       1.9690     0.1253     1.0766
     2   49 In       1.8756     0.0036     1.1307
     3   50 Sn       1.8931    -0.1288     1.1662
--------------------------------------------------
     Σ                          0.0000
--------------------------------------------------

Electrostatic energy:   -5.6780867619774E-03 Eh

[Info] JSON dump of results written to 'multicharge.json'
