[Info] Molecular spin read from './.UHF'
xTB calculator
 | Coulomb electrostatics
 |  * isotropic Klopman-Ohno electrostatics
 |  * onsite third-order electrostatics
CEH guess
integral cutoff           3.7432403240289E+01 bohr

Atomic charges (in atomic units):
---------------------------------------------------------
     #    Z                 q
---------------------------------------------------------
     1   93 Np       0.387358
     2    4 Be       0.112862
     3    4 Be       0.100355
     4    8 O       -0.600575
---------------------------------------------------------

Atomic dipole moments (in atomic units):
---------------------------------------------------------
     #    Z                 x            y            z
---------------------------------------------------------
     1   93 Np      -0.596436    -0.175787    -0.287229
     2    4 Be      -0.336791    -0.349025    -0.251510
     3    4 Be      -0.232839     0.528191    -0.052334
     4    8 O        0.040831    -0.005001     0.022752
---------------------------------------------------------
           total    -3.770945     0.389821    -1.967931
---------------------------------------------------------

[Info] JSON dump of results written to 'tblite.json'
