[Info] Molecular charge read from '.CHRG'

Charge model parameter:
------------------------------------------------------
   Z          chi/Eh     kcn/Eh     eta/Eh     rad/AA
------------------------------------------------------
 101 Md       1.1131     0.0055     0.6097     0.6919
   6 C        1.4003     0.0601     0.6166     0.9994
   8 O        1.5687     0.1169     0.6793     0.6518
   7 N        1.5582     0.0928     0.6565     0.6998
   1 H        1.2370     0.0492     1.0964     0.2919
------------------------------------------------------

Electrostatic properties (in atomic units):
--------------------------------------------------
     #    Z              CN          q        chi
--------------------------------------------------
     1  101 Md       7.6204     0.7641     1.0979
     2    6 C        4.1976     0.0164     1.2772
     3    6 C        4.0141     0.2797     1.2800
     4    8 O        1.9846    -0.2664     1.4040
     5    8 O        1.9898    -0.2959     1.4038
     6    7 N        3.9243    -0.5706     1.3744
     7    1 H        0.9922     0.1449     1.1880
     8    1 H        0.9923     0.1553     1.1880
     9    1 H        0.9982     0.2540     1.1878
    10    1 H        0.9970     0.2701     1.1879
    11    6 C        3.0710     0.1089     1.2950
    12    6 C        3.2420     0.0770     1.2922
    13    7 N        2.9877    -0.3270     1.3978
    14    6 C        3.2047     0.0660     1.2928
    15    6 C        3.0707     0.1070     1.2951
    16    7 N        2.0158    -0.2905     1.4264
    17    1 H        0.9925     0.1831     1.1880
    18    1 H        0.9933     0.1698     1.1880
    19    1 H        0.9928     0.1531     1.1880
    20    1 H        0.9925     0.1812     1.1880
    21    6 C        3.0141    -0.0370     1.2960
    22    6 C        3.0110    -0.0401     1.2961
    23    6 C        3.0140    -0.0541     1.2960
    24    6 C        3.0178     0.0122     1.2960
    25    6 C        3.0167    -0.0611     1.2960
    26    6 C        3.0107    -0.0504     1.2961
    27    6 C        3.2849     0.2748     1.2914
    28    8 O        1.9907    -0.3031     1.4037
    29    8 O        1.9921    -0.3596     1.4037
    30    1 H        0.9928     0.1779     1.1880
    31    1 H        0.9929     0.1773     1.1880
    32    1 H        0.9925     0.1605     1.1880
    33    1 H        0.9928     0.1594     1.1880
    34    1 H        0.9929     0.1705     1.1880
    35    1 H        0.9930     0.2831     1.1880
    36    8 O        2.9492    -0.5289     1.3679
    37    1 H        0.9963     0.2984     1.1879
    38    1 H        1.0291     0.3064     1.1871
    39    6 C        3.9580    -0.1074     1.2808
    40    6 C        2.0628     0.1462     1.3140
    41    7 N        1.9877    -0.3211     1.4274
    42    1 H        0.9917     0.1706     1.1880
    43    1 H        0.9916     0.1711     1.1880
    44    1 H        0.9916     0.1743     1.1880
--------------------------------------------------
     Σ                          2.0000
--------------------------------------------------

Electrostatic energy:    8.5169141533957E-01 Eh

[Info] JSON dump of results written to 'multicharge.json'
