[Info] Molecular charge read from '.CHRG'

Charge model parameter:
------------------------------------------------------
   Z          chi/Eh     kcn/Eh     eta/Eh     rad/AA
------------------------------------------------------
  96 Cm       1.1100     0.0071     0.5609     0.7515
   6 C        1.4003     0.0601     0.6166     0.9994
   8 O        1.5687     0.1169     0.6793     0.6518
   1 H        1.2370     0.0492     1.0964     0.2919
   7 N        1.5582     0.0928     0.6565     0.6998
  17 Cl       1.4815     0.1368     0.7586     0.7238
------------------------------------------------------

Electrostatic properties (in atomic units):
--------------------------------------------------
     #    Z              CN          q        chi
--------------------------------------------------
     1   96 Cm       5.8328     0.7895     1.0929
     2    6 C        3.9596    -0.2220     1.2808
     3    6 C        3.0680     0.0813     1.2951
     4    6 C        2.9958    -0.1124     1.2963
     5    6 C        3.0762     0.0778     1.2950
     6    8 O        1.9695    -0.3473     1.4046
     7    6 C        3.9600    -0.2212     1.2808
     8    8 O        1.9608    -0.3513     1.4050
     9    1 H        0.9920     0.0663     1.1880
    10    1 H        0.9915     0.0923     1.1880
    11    1 H        0.9917     0.0870     1.1880
    12    1 H        0.9931     0.0769     1.1880
    13    1 H        0.9920     0.0663     1.1880
    14    1 H        0.9916     0.0889     1.1880
    15    1 H        0.9916     0.0919     1.1880
    16    6 C        3.0213    -0.1233     1.2959
    17    6 C        3.0117    -0.1198     1.2961
    18    6 C        3.0835     0.0242     1.2948
    19    7 N        2.8357    -0.3401     1.4019
    20    6 C        3.0875     0.0103     1.2948
    21    6 C        3.0117    -0.1208     1.2961
    22    1 H        0.9927     0.0793     1.1880
    23    1 H        0.9930     0.0818     1.1880
    24    1 H        0.9926     0.1316     1.1880
    25    1 H        0.9924     0.1079     1.1880
    26    1 H        0.9930     0.0797     1.1880
    27   17 Cl       0.9854    -0.2145     1.3457
    28    6 C        1.0204    -0.0474     1.3396
    29    7 N        1.9746    -0.3913     1.4278
    30    6 C        1.0225    -0.0346     1.3396
    31    7 N        1.9767    -0.3870     1.4277
--------------------------------------------------
     Σ                         -1.0000
--------------------------------------------------

Electrostatic energy:   -8.9604534525361E-01 Eh

[Info] JSON dump of results written to 'multicharge.json'
