[Info] Molecular charge read from '.CHRG'

Charge model parameter:
------------------------------------------------------
   Z          chi/Eh     kcn/Eh     eta/Eh     rad/AA
------------------------------------------------------
  98 Cf       1.0089     0.0039     0.6196     0.6803
   6 C        1.4003     0.0601     0.6166     0.9994
   7 N        1.5582     0.0928     0.6565     0.6998
   1 H        1.2370     0.0492     1.0964     0.2919
  15 P        1.5267     0.1425     0.7308     0.7313
  17 Cl       1.4815     0.1368     0.7586     0.7238
   8 O        1.5687     0.1169     0.6793     0.6518
------------------------------------------------------

Electrostatic properties (in atomic units):
--------------------------------------------------
     #    Z              CN          q        chi
--------------------------------------------------
     1   98 Cf       5.1610     0.7467     1.0001
     2    6 C        1.9889     0.0291     1.3156
     3    7 N        1.0483    -0.3536     1.4632
     4    6 C        3.0710     0.0885     1.2950
     5    6 C        3.1796     0.0458     1.2932
     6    7 N        2.9706    -0.3812     1.3983
     7    6 C        3.1377     0.0420     1.2939
     8    6 C        3.0709     0.0843     1.2950
     9    7 N        2.0158    -0.3266     1.4264
    10    1 H        0.9926     0.1553     1.1880
    11    1 H        0.9927     0.1316     1.1880
    12    1 H        0.9926     0.1291     1.1880
    13    1 H        0.9925     0.1518     1.1880
    14    6 C        3.9568    -0.2205     1.2808
    15   15 P        3.9552     0.0289     1.2433
    16    6 C        3.9614    -0.2194     1.2808
    17    6 C        3.9559    -0.2241     1.2808
    18    1 H        0.9927     0.1314     1.1880
    19    1 H        0.9936     0.1299     1.1879
    20    1 H        0.9930     0.1269     1.1880
    21    1 H        0.9927     0.1332     1.1880
    22    1 H        0.9929     0.1388     1.1880
    23    1 H        0.9934     0.1305     1.1880
    24    1 H        0.9925     0.1312     1.1880
    25    1 H        0.9925     0.1209     1.1880
    26    1 H        0.9928     0.1264     1.1880
    27   17 Cl       0.9981    -0.1695     1.3448
    28    6 C        4.0336    -0.0949     1.2797
    29    8 O        2.9243    -0.4646     1.3688
    30    1 H        0.9919     0.1486     1.1880
    31    1 H        0.9919     0.1349     1.1880
    32    1 H        0.9921     0.1351     1.1880
    33    1 H        1.0000     0.2337     1.1878
--------------------------------------------------
     Σ                          1.0000
--------------------------------------------------

Electrostatic energy:    3.2220229276759E-01 Eh

[Info] JSON dump of results written to 'multicharge.json'
