Charge model parameter:
------------------------------------------------------
   Z          chi/Eh     kcn/Eh     eta/Eh     rad/AA
------------------------------------------------------
  97 Bk       1.1683     0.0046     0.5532     0.7618
  17 Cl       1.4815     0.1368     0.7586     0.7238
------------------------------------------------------

Electrostatic properties (in atomic units):
--------------------------------------------------
     #    Z              CN          q        chi
--------------------------------------------------
     1   97 Bk       2.9850     0.3985     1.1603
     2   17 Cl       0.9965    -0.1329     1.3450
     3   17 Cl       0.9965    -0.1327     1.3450
     4   17 Cl       0.9965    -0.1328     1.3450
--------------------------------------------------
     Σ                          0.0000
--------------------------------------------------

Electrostatic energy:   -3.6785556277836E-02 Eh

[Info] JSON dump of results written to 'multicharge.json'
