[Info] Molecular charge read from '.CHRG'

Charge model parameter:
------------------------------------------------------
   Z          chi/Eh     kcn/Eh     eta/Eh     rad/AA
------------------------------------------------------
  93 Np       1.1090     0.0071     0.5649     0.7462
   6 C        1.4003     0.0601     0.6166     0.9994
   8 O        1.5687     0.1169     0.6793     0.6518
   1 H        1.2370     0.0492     1.0964     0.2919
  16 S        1.4077     0.0713     0.5171     1.1581
   7 N        1.5582     0.0928     0.6565     0.6998
   9 F        1.5754     0.1570     0.7723     0.9393
  15 P        1.5267     0.1425     0.7308     0.7313
------------------------------------------------------

Electrostatic properties (in atomic units):
--------------------------------------------------
     #    Z              CN          q        chi
--------------------------------------------------
     1   93 Np       7.6008     0.8778     1.0895
     2    6 C        4.0133    -0.0292     1.2800
     3    8 O        2.9543    -0.3947     1.3677
     4    1 H        0.9921     0.1981     1.1880
     5    1 H        0.9921     0.1901     1.1880
     6    1 H        0.9923     0.1826     1.1880
     7    1 H        1.0315     0.3051     1.1870
     8   16 S        1.0150     0.1987     1.3359
     9    6 C        2.1782     0.2491     1.3117
    10    7 N        2.0128    -0.3976     1.4265
    11    9 F        0.9992    -0.0605     1.4184
    12   15 P        3.5143     0.3084     1.2596
    13    9 F        1.8960    -0.0518     1.3592
    14    9 F        1.9017    -0.0521     1.3588
    15    7 N        2.7370     0.0641     1.4047
    16    8 O        1.9832    -0.1523     1.4040
    17    8 O        1.9816    -0.1457     1.4041
    18    6 C        3.0650     0.1471     1.2951
    19    6 C        3.2237     0.1098     1.2925
    20    7 N        2.9976    -0.3252     1.3975
    21    6 C        3.2907     0.1007     1.2913
    22    6 C        3.0647     0.1416     1.2952
    23    7 N        2.0170    -0.2479     1.4264
    24    1 H        0.9925     0.2172     1.1880
    25    1 H        0.9927     0.1878     1.1880
    26    1 H        0.9933     0.1666     1.1880
    27    1 H        0.9925     0.2120     1.1880
--------------------------------------------------
     Σ                          2.0000
--------------------------------------------------

Electrostatic energy:    1.0231945675187E+00 Eh

[Info] JSON dump of results written to 'multicharge.json'
