[Info] Molecular charge read from './.CHRG'
[Info] Molecular spin read from './.UHF'
xTB calculator
 | Coulomb electrostatics
 |  * isotropic Klopman-Ohno electrostatics
 |  * onsite third-order electrostatics
CEH guess
integral cutoff           2.9707664809354E+01 bohr

Atomic charges (in atomic units):
---------------------------------------------------------
     #    Z                 q
---------------------------------------------------------
     1   92 U        1.040431
     2    1 H       -0.251839
     3   38 Sr       0.818895
     4   16 S       -0.303601
     5   16 S       -0.303885
---------------------------------------------------------

Atomic dipole moments (in atomic units):
---------------------------------------------------------
     #    Z                 x            y            z
---------------------------------------------------------
     1   92 U        0.023086     2.874875    -0.609393
     2    1 H        0.148058    -0.025999     0.027150
     3   38 Sr       0.651444    -1.479555     0.408561
     4   16 S        0.012131     0.002125     0.000734
     5   16 S        0.012163     0.002316     0.001781
---------------------------------------------------------
           total     1.473024    -0.379630     0.282495
---------------------------------------------------------

[Info] JSON dump of results written to 'tblite.json'
