[Info] Molecular charge read from '.CHRG'

Charge model parameter:
------------------------------------------------------
   Z          chi/Eh     kcn/Eh     eta/Eh     rad/AA
------------------------------------------------------
  92 U        1.0982     0.0042     0.6173     0.6828
   6 C        1.4003     0.0601     0.6166     0.9994
   8 O        1.5687     0.1169     0.6793     0.6518
   7 N        1.5582     0.0928     0.6565     0.6998
   1 H        1.2370     0.0492     1.0964     0.2919
  16 S        1.4077     0.0713     0.5171     1.1581
------------------------------------------------------

Electrostatic properties (in atomic units):
--------------------------------------------------
     #    Z              CN          q        chi
--------------------------------------------------
     1   92 U        7.9606     0.7610     1.0864
     2    6 C        4.0806    -0.0076     1.2790
     3    6 C        3.2379     0.2907     1.2922
     4    8 O        1.0002    -0.4392     1.4518
     5    8 O        1.9916    -0.3264     1.4037
     6    7 N        3.9162    -0.5729     1.3746
     7    1 H        0.9913     0.0927     1.1880
     8    1 H        0.9914     0.1170     1.1880
     9    1 H        1.0226     0.2502     1.1872
    10    1 H        1.0079     0.2486     1.1876
    11    7 N        2.9884    -0.3227     1.3978
    12    6 C        3.2690     0.0373     1.2917
    13    6 C        3.0067    -0.1125     1.2962
    14    6 C        3.0185    -0.1144     1.2959
    15    6 C        3.0104    -0.1081     1.2961
    16    6 C        3.1474     0.1064     1.2937
    17    6 C        3.1367     0.0778     1.2939
    18    6 C        3.0094    -0.1037     1.2961
    19    6 C        3.0099    -0.1070     1.2961
    20    6 C        3.0092    -0.1037     1.2961
    21    6 C        3.1250    -0.0039     1.2941
    22    7 N        3.8592    -0.2703     1.3759
    23    1 H        0.9952     0.1336     1.1879
    24    1 H        0.9932     0.0945     1.1880
    25    1 H        0.9926     0.0911     1.1880
    26    1 H        0.9931     0.0911     1.1880
    27    1 H        0.9926     0.0934     1.1880
    28    1 H        0.9930     0.0942     1.1880
    29    1 H        0.9927     0.0938     1.1880
    30    1 H        0.9931     0.1381     1.1880
    31    8 O        1.9659    -0.3423     1.4048
    32   16 S        3.9629     0.3452     1.2658
    33    8 O        1.9510    -0.3484     1.4054
    34    8 O        1.9561    -0.3467     1.4052
    35    8 O        1.9174    -0.3471     1.4068
    36   16 S        5.0267     0.6409     1.2479
    37    8 O        1.8553    -0.3733     1.4094
    38    8 O        0.9993    -0.4476     1.4518
--------------------------------------------------
     Σ                         -1.0000
--------------------------------------------------

Electrostatic energy:   -1.0657408885589E+00 Eh

[Info] JSON dump of results written to 'multicharge.json'
