[Info] Molecular charge read from './.CHRG'
xTB calculator
 | Coulomb electrostatics
 |  * isotropic Klopman-Ohno electrostatics
 |  * onsite third-order electrostatics
CEH guess
integral cutoff           2.3650283084401E+01 bohr

Atomic charges (in atomic units):
---------------------------------------------------------
     #    Z                 q
---------------------------------------------------------
     1   90 Th       1.561158
     2    6 C       -0.030947
     3    6 C        0.273432
     4    8 O        0.036835
     5    8 O       -0.363926
     6    7 N       -0.121368
     7    1 H        0.100199
     8    1 H        0.121001
     9    1 H        0.160173
    10    1 H        0.180658
    11    6 C       -0.107541
    12    6 C        0.357592
    13    7 N       -0.041770
    14    1 H        0.124637
    15    1 H        0.120363
    16    1 H        0.119660
    17    9 F        0.014546
    18   15 P        0.784634
    19    9 F       -0.138678
    20    9 F       -0.150659
---------------------------------------------------------

Atomic dipole moments (in atomic units):
---------------------------------------------------------
     #    Z                 x            y            z
---------------------------------------------------------
     1   90 Th      -0.816652     1.179353     0.354228
     2    6 C       -0.144165     0.199967     0.034173
     3    6 C       -0.168877     0.147028     0.014781
     4    8 O        0.003795    -0.006603     0.020340
     5    8 O        0.067238    -0.056769     0.056670
     6    7 N        0.173872    -0.117688     0.106335
     7    1 H        0.117869     0.014227     0.056710
     8    1 H       -0.066226    -0.108919     0.032143
     9    1 H        0.080713     0.065838     0.038420
    10    1 H       -0.050020    -0.049984     0.090328
    11    6 C        0.026791     0.015214     0.006968
    12    6 C       -0.149117    -0.089249    -0.046176
    13    7 N        0.054488     0.029970     0.022125
    14    1 H       -0.117187     0.066689     0.079758
    15    1 H        0.018849    -0.150494     0.036915
    16    1 H       -0.015649     0.020261    -0.154296
    17    9 F       -0.049072     0.009481     0.011436
    18   15 P        0.093680     0.057178    -0.045825
    19    9 F       -0.004528     0.007009    -0.014040
    20    9 F        0.003497     0.012306     0.011307
---------------------------------------------------------
           total    -5.790313    10.598663     5.797824
---------------------------------------------------------

[Info] JSON dump of results written to 'tblite.json'
