Charge model parameter:
------------------------------------------------------
   Z          chi/Eh     kcn/Eh     eta/Eh     rad/AA
------------------------------------------------------
  96 Cm       1.1100     0.0071     0.5609     0.7515
   7 N        1.5582     0.0928     0.6565     0.6998
   6 C        1.4003     0.0601     0.6166     0.9994
   1 H        1.2370     0.0492     1.0964     0.2919
  16 S        1.4077     0.0713     0.5171     1.1581
  15 P        1.5267     0.1425     0.7308     0.7313
   8 O        1.5687     0.1169     0.6793     0.6518
------------------------------------------------------

Electrostatic properties (in atomic units):
--------------------------------------------------
     #    Z              CN          q        chi
--------------------------------------------------
     1   96 Cm       7.0614     0.8164     1.0911
     2    7 N        2.9137    -0.3091     1.3998
     3    6 C        3.1079     0.0450     1.2944
     4    6 C        3.0112    -0.0825     1.2961
     5    6 C        3.0217    -0.0851     1.2959
     6    6 C        3.0150    -0.0849     1.2960
     7    6 C        3.1116     0.1232     1.2944
     8    6 C        3.1128     0.1228     1.2943
     9    6 C        3.0152    -0.0849     1.2960
    10    6 C        3.0216    -0.0853     1.2959
    11    6 C        3.0113    -0.0837     1.2961
    12    6 C        3.1203     0.0399     1.2942
    13    7 N        2.9304    -0.3178     1.3993
    14    1 H        0.9925     0.1513     1.1880
    15    1 H        0.9931     0.1218     1.1880
    16    1 H        0.9929     0.1214     1.1880
    17    1 H        0.9933     0.1120     1.1880
    18    1 H        0.9933     0.1117     1.1880
    19    1 H        0.9929     0.1214     1.1880
    20    1 H        0.9931     0.1213     1.1880
    21    1 H        0.9926     0.1514     1.1880
    22   16 S        1.0117    -0.1495     1.3360
    23    6 C        2.0688     0.1362     1.3139
    24    7 N        1.9970    -0.4326     1.4271
    25    6 C        3.9562    -0.2239     1.2808
    26   15 P        3.9175     0.0664     1.2447
    27    6 C        3.9561    -0.2285     1.2808
    28    6 C        3.9559    -0.2255     1.2808
    29    1 H        0.9924     0.1063     1.1880
    30    1 H        0.9930     0.1250     1.1880
    31    1 H        0.9934     0.1280     1.1880
    32    1 H        0.9922     0.1058     1.1880
    33    1 H        0.9932     0.1214     1.1880
    34    1 H        0.9930     0.1216     1.1880
    35    1 H        0.9923     0.1070     1.1880
    36    1 H        0.9929     0.1237     1.1880
    37    1 H        0.9930     0.1262     1.1880
    38   16 S        1.0115    -0.1327     1.3360
    39    6 C        2.1218     0.1610     1.3128
    40    7 N        1.9946    -0.4272     1.4271
    41    7 N        3.5596     0.1771     1.3831
    42    8 O        1.9346    -0.2982     1.4061
    43    8 O        1.9060    -0.2343     1.4073
    44    8 O        1.0017    -0.2797     1.4517
--------------------------------------------------
     Σ                          0.0000
--------------------------------------------------

Electrostatic energy:   -3.2806338142063E-01 Eh

[Info] JSON dump of results written to 'multicharge.json'
