[Info] Molecular spin read from './.UHF'
xTB calculator
 | Coulomb electrostatics
 |  * isotropic Klopman-Ohno electrostatics
 |  * onsite third-order electrostatics
CEH guess
integral cutoff           4.0000000000000E+01 bohr

Atomic charges (in atomic units):
---------------------------------------------------------
     #    Z                 q
---------------------------------------------------------
     1   97 Bk       0.592155
     2   53 I       -0.295692
     3   53 I       -0.296463
---------------------------------------------------------

Atomic dipole moments (in atomic units):
---------------------------------------------------------
     #    Z                 x            y            z
---------------------------------------------------------
     1   97 Bk      -0.104748    -0.295134     0.158040
     2   53 I        0.034679    -0.034977    -0.009662
     3   53 I       -0.043534     0.010281     0.022941
---------------------------------------------------------
           total    -0.307629    -0.879285     0.468165
---------------------------------------------------------

[Info] JSON dump of results written to 'tblite.json'
