Charge model parameter:
------------------------------------------------------
   Z          chi/Eh     kcn/Eh     eta/Eh     rad/AA
------------------------------------------------------
 102 No       1.1434     0.0135     0.6305     0.6695
   7 N        1.5582     0.0928     0.6565     0.6998
   8 O        1.5687     0.1169     0.6793     0.6518
   6 C        1.4003     0.0601     0.6166     0.9994
   1 H        1.2370     0.0492     1.0964     0.2919
------------------------------------------------------

Electrostatic properties (in atomic units):
--------------------------------------------------
     #    Z              CN          q        chi
--------------------------------------------------
     1  102 No       6.6191     0.5748     1.1087
     2    7 N        3.7634     0.1864     1.3782
     3    8 O        1.0018    -0.2270     1.4517
     4    8 O        1.9687    -0.2278     1.4046
     5    8 O        1.9764    -0.2037     1.4043
     6    6 C        1.9115     0.1576     1.3173
     7    8 O        1.0003    -0.2843     1.4518
     8    6 C        3.0737     0.0829     1.2950
     9    6 C        3.2439     0.0635     1.2921
    10    7 N        2.9881    -0.3229     1.3978
    11    6 C        3.2137     0.0634     1.2926
    12    6 C        3.0736     0.0827     1.2950
    13    7 N        2.0147    -0.3378     1.4265
    14    1 H        0.9925     0.1499     1.1880
    15    1 H        0.9930     0.1597     1.1880
    16    1 H        0.9927     0.1587     1.1880
    17    1 H        0.9925     0.1500     1.1880
    18    6 C        1.9749     0.1064     1.3159
    19    7 N        1.9598    -0.3323     1.4283
--------------------------------------------------
     Σ                          0.0000
--------------------------------------------------

Electrostatic energy:   -2.0081553616236E-01 Eh

[Info] JSON dump of results written to 'multicharge.json'
