[Info] Molecular spin read from './.UHF'
xTB calculator
 | Coulomb electrostatics
 |  * isotropic Klopman-Ohno electrostatics
 |  * onsite third-order electrostatics
CEH guess
integral cutoff           4.0000000000000E+01 bohr

Atomic charges (in atomic units):
---------------------------------------------------------
     #    Z                 q
---------------------------------------------------------
     1   94 Pu       0.752301
     2    7 N        0.309827
     3    8 O       -0.189287
     4    8 O       -0.163844
     5    8 O       -0.156990
     6    6 C       -0.117155
     7   15 P        0.153326
     8    6 C       -0.125150
     9    6 C       -0.123096
    10    1 H        0.031090
    11    1 H        0.044815
    12    1 H        0.040770
    13    1 H        0.030304
    14    1 H        0.045697
    15    1 H        0.041794
    16    1 H        0.029884
    17    1 H        0.043985
    18    1 H        0.042912
    19    7 N       -0.064493
    20    1 H        0.097213
    21    1 H        0.100831
    22    1 H        0.101120
    23    7 N        0.009459
    24    8 O       -0.087583
    25    8 O       -0.119387
    26    8 O       -0.398508
    27   16 S        0.435991
    28    8 O       -0.374374
    29    8 O       -0.391450
---------------------------------------------------------

Atomic dipole moments (in atomic units):
---------------------------------------------------------
     #    Z                 x            y            z
---------------------------------------------------------
     1   94 Pu      -0.281518    -0.148214     0.019935
     2    7 N        0.031044    -0.014445    -0.046552
     3    8 O        0.116619    -0.072052    -0.179316
     4    8 O        0.012576     0.221972     0.076262
     5    8 O       -0.135614    -0.142154     0.121094
     6    6 C       -0.017636    -0.029638     0.008810
     7   15 P       -0.164154     0.080618    -0.059993
     8    6 C        0.001520     0.027549     0.021727
     9    6 C        0.012951     0.004127    -0.033440
    10    1 H       -0.144798     0.033942    -0.034683
    11    1 H        0.094875     0.004317    -0.125531
    12    1 H        0.062335     0.090754     0.113876
    13    1 H       -0.126472     0.072617    -0.040116
    14    1 H       -0.033740    -0.146027     0.048249
    15    1 H        0.109149    -0.004431    -0.113856
    16    1 H       -0.124161     0.045939    -0.073158
    17    1 H        0.040622     0.100480     0.112866
    18    1 H       -0.014500    -0.143189     0.065347
    19    7 N       -0.108501    -0.267847    -0.051880
    20    1 H        0.036455    -0.012207    -0.135714
    21    1 H       -0.136310     0.011073     0.040194
    22    1 H        0.076123    -0.065322     0.080006
    23    7 N       -0.088536    -0.205375     0.361740
    24    8 O        0.066964     0.190538     0.003884
    25    8 O       -0.022337    -0.089581    -0.175396
    26    8 O       -0.027444    -0.101788    -0.035939
    27   16 S        0.038071     0.023274    -0.011290
    28    8 O        0.090623     0.043822    -0.064388
    29    8 O        0.026248     0.003729     0.117815
---------------------------------------------------------
           total    -2.807765    -0.686815    -1.096265
---------------------------------------------------------

[Info] JSON dump of results written to 'tblite.json'
