[Info] Molecular charge read from '.CHRG'

Charge model parameter:
------------------------------------------------------
   Z          chi/Eh     kcn/Eh     eta/Eh     rad/AA
------------------------------------------------------
  94 Pu       1.0104     0.0049     0.6346     0.6641
   6 C        1.4003     0.0601     0.6166     0.9994
   8 O        1.5687     0.1169     0.6793     0.6518
   1 H        1.2370     0.0492     1.0964     0.2919
   7 N        1.5582     0.0928     0.6565     0.6998
------------------------------------------------------

Electrostatic properties (in atomic units):
--------------------------------------------------
     #    Z              CN          q        chi
--------------------------------------------------
     1   94 Pu       4.6305     1.0221     0.9999
     2    6 C        3.9600    -0.0946     1.2808
     3    6 C        3.2969     0.1489     1.2912
     4    6 C        3.0213    -0.0224     1.2959
     5    6 C        3.3172     0.1484     1.2909
     6    8 O        1.9983    -0.3222     1.4034
     7    6 C        3.9600    -0.0983     1.2808
     8    8 O        1.9978    -0.3041     1.4034
     9    1 H        0.9924     0.1811     1.1880
    10    1 H        0.9911     0.1987     1.1880
    11    1 H        0.9911     0.1999     1.1880
    12    1 H        0.9932     0.1712     1.1880
    13    1 H        0.9924     0.1805     1.1880
    14    1 H        0.9911     0.1952     1.1880
    15    1 H        0.9912     0.1946     1.1880
    16    7 N        3.9300    -0.7154     1.3742
    17    1 H        1.0054     0.3402     1.1877
    18    1 H        1.0014     0.3341     1.1878
    19    1 H        0.9993     0.3411     1.1878
    20    8 O        1.9910    -0.4803     1.4037
    21    1 H        1.0296     0.3813     1.1871
--------------------------------------------------
     Σ                          2.0000
--------------------------------------------------

Electrostatic energy:    9.1082971016204E-01 Eh

[Info] JSON dump of results written to 'multicharge.json'
