[Info] Molecular charge read from '.CHRG'

Charge model parameter:
------------------------------------------------------
   Z          chi/Eh     kcn/Eh     eta/Eh     rad/AA
------------------------------------------------------
  97 Bk       1.1683     0.0046     0.5532     0.7618
   6 C        1.4003     0.0601     0.6166     0.9994
  11 Na       0.5594    -0.1000     0.8641     0.6787
   4 Be       0.9967    -0.0267     0.6200     0.8028
  16 S        1.4077     0.0713     0.5171     1.1581
------------------------------------------------------

Electrostatic properties (in atomic units):
--------------------------------------------------
     #    Z              CN          q        chi
--------------------------------------------------
     1   97 Bk       3.7203    -0.2942     1.1594
     2    6 C        2.9204    -0.8254     1.2977
     3   11 Na       3.1335     0.3702     0.7364
     4    4 Be       2.1005    -0.1080     1.0353
     5   16 S        1.9506    -1.1427     1.3081
--------------------------------------------------
     Σ                         -2.0000
--------------------------------------------------

Electrostatic energy:   -1.3730385344911E+00 Eh

[Info] JSON dump of results written to 'multicharge.json'
