[Info] Molecular charge read from './.CHRG'
[Info] Molecular spin read from './.UHF'
xTB calculator
 | Coulomb electrostatics
 |  * isotropic Klopman-Ohno electrostatics
 |  * onsite third-order electrostatics
CEH guess
integral cutoff           4.0000000000000E+01 bohr

Atomic charges (in atomic units):
---------------------------------------------------------
     #    Z                 q
---------------------------------------------------------
     1  101 Md       0.730175
     2    6 C       -0.018965
     3    6 C       -0.038796
     4    6 C       -0.012796
     5    6 C       -0.030067
     6    6 C       -0.013349
     7    6 C       -0.038945
     8    6 C        0.130116
     9    8 O       -0.266450
    10    8 O       -0.267541
    11    1 H        0.029882
    12    1 H        0.021645
    13    1 H        0.026018
    14    1 H        0.026000
    15    1 H        0.021488
    16    6 C       -0.094295
    17    6 C       -0.074380
    18    8 O       -0.383249
    19    1 H        0.030535
    20    1 H        0.015079
    21    1 H        0.016052
    22    1 H        0.031662
    23    1 H        0.015186
    24    6 C       -0.025280
    25    8 O       -0.235192
    26    1 H        0.031290
    27    1 H        0.052671
    28    1 H        0.023822
    29    1 H        0.088918
    30    6 C       -0.074196
    31    6 C       -0.035162
    32    8 O       -0.377239
    33    1 H        0.036986
    34    1 H        0.011507
    35    1 H        0.013117
    36    1 H        0.018953
    37    1 H        0.025797
    38    6 C       -0.085008
    39    6 C       -0.042743
    40    8 O       -0.395706
    41    1 H        0.033672
    42    1 H        0.016818
    43    1 H        0.013104
    44    1 H        0.014833
    45    1 H        0.034033
---------------------------------------------------------

Atomic dipole moments (in atomic units):
---------------------------------------------------------
     #    Z                 x            y            z
---------------------------------------------------------
     1  101 Md      -0.106885    -0.074344    -0.039777
     2    6 C        0.003575    -0.004671     0.000961
     3    6 C       -0.015832    -0.002789    -0.002594
     4    6 C        0.001819    -0.015726     0.000989
     5    6 C        0.016850    -0.021255     0.002200
     6    6 C        0.012558    -0.006907     0.002876
     7    6 C        0.008132     0.013894     0.001850
     8    6 C       -0.027292     0.016895    -0.001888
     9    8 O       -0.097221    -0.031876    -0.021928
    10    8 O        0.061717     0.084543     0.007008
    11    1 H       -0.076968     0.109958    -0.018494
    12    1 H        0.055095     0.118207     0.009853
    13    1 H        0.133650     0.002398     0.027092
    14    1 H       -0.045167    -0.128654    -0.009416
    15    1 H       -0.126781    -0.015356    -0.027437
    16    6 C        0.032313    -0.030513    -0.068081
    17    6 C        0.043017     0.131672    -0.042847
    18    8 O       -0.024794    -0.051060     0.115504
    19    1 H       -0.057648    -0.101007     0.081771
    20    1 H       -0.096196     0.095355    -0.047405
    21    1 H        0.114089     0.064391     0.060062
    22    1 H       -0.095552    -0.057941    -0.045822
    23    1 H        0.075696    -0.079427     0.040860
    24    6 C       -0.107633     0.011341     0.234692
    25    8 O       -0.078622    -0.051340    -0.100543
    26    1 H       -0.002709    -0.133415    -0.037452
    27    1 H        0.140167     0.047356    -0.009502
    28    1 H       -0.077803     0.085597    -0.075918
    29    1 H       -0.075884    -0.059279    -0.005898
    30    6 C       -0.078254    -0.007780    -0.034268
    31    6 C        0.052598    -0.087138    -0.135608
    32    8 O       -0.022015     0.076102     0.085668
    33    1 H       -0.003337     0.072190     0.123329
    34    1 H        0.075375     0.065261    -0.101622
    35    1 H        0.040377    -0.135572     0.014481
    36    1 H       -0.032395     0.113462    -0.011106
    37    1 H       -0.061695    -0.050468     0.089505
    38    6 C        0.076971    -0.001552     0.038211
    39    6 C       -0.031057    -0.140822     0.079557
    40    8 O       -0.048238     0.100807    -0.038582
    41    1 H       -0.010480     0.115490    -0.083667
    42    1 H       -0.096534    -0.001341     0.107353
    43    1 H       -0.002446    -0.123841    -0.071336
    44    1 H       -0.000190     0.102013     0.056919
    45    1 H        0.077406     0.009180    -0.093231
---------------------------------------------------------
           total    -0.103369     1.019853    -0.426332
---------------------------------------------------------

[Info] JSON dump of results written to 'tblite.json'
