Charge model parameter:
------------------------------------------------------
   Z          chi/Eh     kcn/Eh     eta/Eh     rad/AA
------------------------------------------------------
 102 No       1.1434     0.0135     0.6305     0.6695
   7 N        1.5582     0.0928     0.6565     0.6998
   8 O        1.5687     0.1169     0.6793     0.6518
  53 I        1.4034     0.0897     0.3054     2.0116
   6 C        1.4003     0.0601     0.6166     0.9994
   1 H        1.2370     0.0492     1.0964     0.2919
  15 P        1.5267     0.1425     0.7308     0.7313
------------------------------------------------------

Electrostatic properties (in atomic units):
--------------------------------------------------
     #    Z              CN          q        chi
--------------------------------------------------
     1  102 No       7.1074     0.5698     1.1074
     2    7 N        3.7242     0.1901     1.3791
     3    8 O        1.0019    -0.3237     1.4517
     4    8 O        1.9410    -0.2660     1.4058
     5    8 O        1.9615    -0.2657     1.4049
     6   53 I        0.9901    -0.3148     1.3142
     7    6 C        3.0217    -0.0890     1.2959
     8    6 C        3.0105    -0.0908     1.2961
     9    6 C        3.2035     0.0304     1.2928
    10    7 N        2.9722    -0.3335     1.3982
    11    6 C        3.1972     0.0411     1.2929
    12    6 C        3.0105    -0.0897     1.2961
    13    1 H        0.9928     0.1172     1.1880
    14    1 H        0.9930     0.1155     1.1880
    15    1 H        0.9927     0.1273     1.1880
    16    1 H        0.9928     0.1480     1.1880
    17    1 H        0.9930     0.1174     1.1880
    18    6 C        4.1929    -0.0784     1.2773
    19    8 O        1.9901    -0.3242     1.4038
    20   15 P        4.2882     0.2966     1.2316
    21    8 O        1.9887    -0.3301     1.4038
    22    6 C        4.1669    -0.0714     1.2777
    23    8 O        2.9225    -0.2449     1.3688
    24    6 C        4.1363    -0.0833     1.2781
    25    1 H        0.9914     0.1183     1.1880
    26    1 H        0.9910     0.1092     1.1880
    27    1 H        0.9920     0.1138     1.1880
    28    1 H        0.9917     0.1548     1.1880
    29    1 H        0.9913     0.1159     1.1880
    30    1 H        0.9920     0.1161     1.1880
    31    1 H        0.9917     0.1163     1.1880
    32    1 H        0.9921     0.1357     1.1880
    33    1 H        0.9918     0.1408     1.1880
    34    7 N        3.9356    -0.7431     1.3741
    35    1 H        1.0822     0.2599     1.1858
    36    1 H        1.0000     0.2593     1.1878
    37    1 H        1.0019     0.2551     1.1877
--------------------------------------------------
     Σ                          0.0000
--------------------------------------------------

Electrostatic energy:   -3.3721279956679E-01 Eh

[Info] JSON dump of results written to 'multicharge.json'
