[Info] Molecular charge read from '.CHRG'

Charge model parameter:
------------------------------------------------------
   Z          chi/Eh     kcn/Eh     eta/Eh     rad/AA
------------------------------------------------------
  96 Cm       1.1100     0.0071     0.5609     0.7515
  11 Na       0.5594    -0.1000     0.8641     0.6787
   5 B        1.2669    -0.0263     0.5452     1.5138
  34 Se       1.3649     0.0656     0.4617     1.1999
  52 Te       1.3651     0.0895     0.4850     1.0871
------------------------------------------------------

Electrostatic properties (in atomic units):
--------------------------------------------------
     #    Z              CN          q        chi
--------------------------------------------------
     1   96 Cm       3.8967     0.1849     1.0960
     2   11 Na       3.5712     0.5719     0.7484
     3    5 B        2.7608    -0.6240     1.3106
     4   34 Se       1.9586    -0.7568     1.2730
     5   52 Te       2.6971    -0.3760     1.2180
--------------------------------------------------
     Σ                         -1.0000
--------------------------------------------------

Electrostatic energy:   -8.0429251296262E-01 Eh

[Info] JSON dump of results written to 'multicharge.json'
