Charge model parameter:
------------------------------------------------------
   Z          chi/Eh     kcn/Eh     eta/Eh     rad/AA
------------------------------------------------------
  94 Pu       1.0104     0.0049     0.6346     0.6641
   6 C        1.4003     0.0601     0.6166     0.9994
   8 O        1.5687     0.1169     0.6793     0.6518
   1 H        1.2370     0.0492     1.0964     0.2919
   7 N        1.5582     0.0928     0.6565     0.6998
  16 S        1.4077     0.0713     0.5171     1.1581
------------------------------------------------------

Electrostatic properties (in atomic units):
--------------------------------------------------
     #    Z              CN          q        chi
--------------------------------------------------
     1   94 Pu       7.9643     0.9563     0.9966
     2    6 C        3.0146    -0.0848     1.2960
     3    6 C        3.0126    -0.0866     1.2961
     4    6 C        3.0165    -0.0687     1.2960
     5    6 C        3.0208     0.0176     1.2959
     6    6 C        3.0164    -0.0684     1.2960
     7    6 C        3.0126    -0.0864     1.2961
     8    6 C        3.9024     0.2614     1.2817
     9    8 O        1.9859    -0.3434     1.4039
    10    8 O        1.9853    -0.3413     1.4040
    11    1 H        0.9928     0.1244     1.1880
    12    1 H        0.9929     0.1263     1.1880
    13    1 H        0.9929     0.1475     1.1880
    14    1 H        0.9929     0.1482     1.1880
    15    1 H        0.9929     0.1266     1.1880
    16    6 C        3.0146    -0.0844     1.2960
    17    6 C        3.0126    -0.0856     1.2961
    18    6 C        3.0166    -0.0668     1.2960
    19    6 C        3.0208     0.0191     1.2959
    20    6 C        3.0163    -0.0687     1.2960
    21    6 C        3.0125    -0.0866     1.2961
    22    6 C        3.9049     0.2686     1.2816
    23    8 O        1.9842    -0.3238     1.4040
    24    8 O        1.9882    -0.3610     1.4038
    25    1 H        0.9928     0.1246     1.1880
    26    1 H        0.9929     0.1271     1.1880
    27    1 H        0.9929     0.1495     1.1880
    28    1 H        0.9929     0.1461     1.1880
    29    1 H        0.9929     0.1260     1.1880
    30    7 N        2.7512    -0.0418     1.4043
    31    8 O        1.9792    -0.1829     1.4042
    32    8 O        1.9827    -0.1808     1.4041
    33   16 S        1.8981    -0.0690     1.3095
    34    6 C        2.9507     0.1338     1.2971
    35    7 N        1.9910    -0.3723     1.4273
--------------------------------------------------
     Σ                          0.0000
--------------------------------------------------

Electrostatic energy:   -3.4035121268329E-01 Eh

[Info] JSON dump of results written to 'multicharge.json'
