Charge model parameter:
------------------------------------------------------
   Z          chi/Eh     kcn/Eh     eta/Eh     rad/AA
------------------------------------------------------
  95 Am       1.0010     0.0051     0.6915     0.6095
   4 Be       0.9967    -0.0267     0.6200     0.8028
   8 O        1.5687     0.1169     0.6793     0.6518
------------------------------------------------------

Electrostatic properties (in atomic units):
--------------------------------------------------
     #    Z              CN          q        chi
--------------------------------------------------
     1   95 Am       2.7702     0.4238     0.9926
     2    4 Be       1.7692     0.1532     1.0321
     3    4 Be       1.7714     0.1504     1.0321
     4    8 O        0.9994    -0.7274     1.4518
--------------------------------------------------
     Σ                          0.0000
--------------------------------------------------

Electrostatic energy:   -1.6102678331080E-01 Eh

[Info] JSON dump of results written to 'multicharge.json'
