Charge model parameter:
------------------------------------------------------
   Z          chi/Eh     kcn/Eh     eta/Eh     rad/AA
------------------------------------------------------
  95 Am       1.0010     0.0051     0.6915     0.6095
  17 Cl       1.4815     0.1368     0.7586     0.7238
   6 C        1.4003     0.0601     0.6166     0.9994
   8 O        1.5687     0.1169     0.6793     0.6518
   1 H        1.2370     0.0492     1.0964     0.2919
   9 F        1.5754     0.1570     0.7723     0.9393
   7 N        1.5582     0.0928     0.6565     0.6998
  15 P        1.5267     0.1425     0.7308     0.7313
------------------------------------------------------

Electrostatic properties (in atomic units):
--------------------------------------------------
     #    Z              CN          q        chi
--------------------------------------------------
     1   95 Am       6.7972     0.8081     0.9878
     2   17 Cl       1.0894    -0.1637     1.3387
     3    6 C        3.9561    -0.1869     1.2808
     4    6 C        3.9665    -0.0577     1.2807
     5    8 O        2.8715    -0.4047     1.3706
     6    1 H        0.9917     0.1052     1.1880
     7    1 H        0.9918     0.1409     1.1880
     8    1 H        0.9918     0.1350     1.1880
     9    1 H        0.9910     0.1164     1.1880
    10    1 H        0.9911     0.1153     1.1880
    11    1 H        1.1485     0.2555     1.1843
    12    8 O        2.7996    -0.4232     1.3731
    13    1 H        1.0053     0.2511     1.1877
    14    9 F        0.9956    -0.3049     1.4187
    15    6 C        3.0142    -0.0910     1.2960
    16    6 C        3.0126    -0.0930     1.2961
    17    6 C        3.0177    -0.0723     1.2960
    18    6 C        3.0206     0.0293     1.2959
    19    6 C        3.0153    -0.0712     1.2960
    20    6 C        3.0127    -0.0941     1.2961
    21    6 C        3.0500     0.2438     1.2954
    22    8 O        1.9323    -0.3456     1.4062
    23    8 O        1.9828    -0.4531     1.4041
    24    1 H        0.9928     0.1192     1.1880
    25    1 H        0.9929     0.1207     1.1880
    26    1 H        0.9929     0.1481     1.1880
    27    1 H        0.9930     0.1438     1.1880
    28    1 H        0.9929     0.1204     1.1880
    29    1 H        1.0993     0.2736     1.1854
    30    6 C        3.9585    -0.1748     1.2808
    31    6 C        2.0001     0.0872     1.3154
    32    7 N        1.8671    -0.3522     1.4314
    33    1 H        0.9919     0.1149     1.1880
    34    1 H        0.9919     0.1202     1.1880
    35    1 H        0.9919     0.1164     1.1880
    36    9 F        0.9986    -0.2156     1.4185
    37   15 P        4.1979     0.2976     1.2347
    38    9 F        1.8637    -0.1187     1.3610
    39    9 F        0.9998    -0.2401     1.4184
--------------------------------------------------
     Σ                          0.0000
--------------------------------------------------

Electrostatic energy:   -4.1272313256894E-01 Eh

[Info] JSON dump of results written to 'multicharge.json'
