[Info] Molecular charge read from './.CHRG'
[Info] Molecular spin read from './.UHF'
xTB calculator
 | Coulomb electrostatics
 |  * isotropic Klopman-Ohno electrostatics
 |  * onsite third-order electrostatics
CEH guess
integral cutoff           4.0000000000000E+01 bohr

Atomic charges (in atomic units):
---------------------------------------------------------
     #    Z                 q
---------------------------------------------------------
     1   94 Pu       1.584958
     2    8 O       -0.199254
     3    1 H        0.241056
     4    1 H        0.232488
     5    6 C        0.188414
     6    8 O        0.223135
     7    6 C       -0.105112
     8    6 C        0.096470
     9    8 O       -0.220834
    10    1 H        0.078761
    11    1 H        0.041881
    12    1 H        0.036656
    13    1 H        0.069062
    14    1 H        0.065000
    15    6 C       -0.083611
    16   15 P        0.523136
    17    8 O       -0.363425
    18    6 C       -0.088022
    19    6 C       -0.089106
    20    1 H        0.105860
    21    1 H        0.075347
    22    1 H        0.078128
    23    1 H        0.106183
    24    1 H        0.077544
    25    1 H        0.073142
    26    1 H        0.106667
    27    1 H        0.071929
    28    1 H        0.073543
---------------------------------------------------------

Atomic dipole moments (in atomic units):
---------------------------------------------------------
     #    Z                 x            y            z
---------------------------------------------------------
     1   94 Pu      -0.374107    -0.360281     0.788067
     2    8 O        0.041375    -0.010677     0.064671
     3    1 H       -0.035786     0.004078     0.132671
     4    1 H        0.129946    -0.039024     0.014634
     5    6 C       -0.013649     0.069702    -0.035933
     6    8 O        0.000362     0.070230    -0.062767
     7    6 C       -0.072275    -0.073491     0.021801
     8    6 C       -0.181914     0.099667     0.131634
     9    8 O        0.130035    -0.024250    -0.079792
    10    1 H        0.112432    -0.034683    -0.074094
    11    1 H        0.043919     0.046348     0.137040
    12    1 H       -0.081602     0.097424    -0.080040
    13    1 H        0.072335    -0.095109     0.072078
    14    1 H       -0.045350    -0.045352    -0.123916
    15    6 C        0.044938    -0.006261     0.003379
    16   15 P       -0.021936    -0.028366    -0.021939
    17    8 O       -0.031397    -0.029924    -0.013865
    18    6 C        0.008954     0.040910    -0.012001
    19    6 C       -0.000342     0.013454     0.040796
    20    1 H       -0.099034    -0.097592    -0.070523
    21    1 H       -0.005835     0.142063    -0.080217
    22    1 H       -0.048810     0.015999     0.154961
    23    1 H       -0.093386    -0.102677    -0.069153
    24    1 H       -0.052774     0.018276     0.153330
    25    1 H        0.152086    -0.059919    -0.006085
    26    1 H       -0.093248    -0.099248    -0.075399
    27    1 H        0.150903    -0.062420    -0.002819
    28    1 H       -0.009265     0.143659    -0.076954
---------------------------------------------------------
           total    -7.247426     5.928834     6.126306
---------------------------------------------------------

[Info] JSON dump of results written to 'tblite.json'
