Charge model parameter:
------------------------------------------------------
   Z          chi/Eh     kcn/Eh     eta/Eh     rad/AA
------------------------------------------------------
  99 Es       1.0593     0.0030     0.5898     0.7145
   9 F        1.5754     0.1570     0.7723     0.9393
------------------------------------------------------

Electrostatic properties (in atomic units):
--------------------------------------------------
     #    Z              CN          q        chi
--------------------------------------------------
     1   99 Es       3.9796     0.9633     1.0534
     2    9 F        0.9988    -0.2410     1.4184
     3    9 F        0.9988    -0.2407     1.4184
     4    9 F        0.9988    -0.2405     1.4184
     5    9 F        0.9988    -0.2411     1.4184
--------------------------------------------------
     Σ                          0.0000
--------------------------------------------------

Electrostatic energy:   -1.7584122707432E-01 Eh

[Info] JSON dump of results written to 'multicharge.json'
