Charge model parameter:
------------------------------------------------------
   Z          chi/Eh     kcn/Eh     eta/Eh     rad/AA
------------------------------------------------------
 100 Fm       1.0767     0.0040     0.5988     0.7039
   7 N        1.5582     0.0928     0.6565     0.6998
   6 C        1.4003     0.0601     0.6166     0.9994
   1 H        1.2370     0.0492     1.0964     0.2919
   8 O        1.5687     0.1169     0.6793     0.6518
  15 P        1.5267     0.1425     0.7308     0.7313
  16 S        1.4077     0.0713     0.5171     1.1581
------------------------------------------------------

Electrostatic properties (in atomic units):
--------------------------------------------------
     #    Z              CN          q        chi
--------------------------------------------------
     1  100 Fm       7.6390     0.8237     1.0657
     2    7 N        2.9568    -0.3324     1.3986
     3    6 C        3.1382     0.0246     1.2939
     4    6 C        3.0115    -0.0932     1.2961
     5    6 C        3.0221    -0.0897     1.2959
     6    6 C        3.0152    -0.0888     1.2960
     7    6 C        3.1638     0.1214     1.2935
     8    6 C        3.1646     0.1203     1.2935
     9    6 C        3.0144    -0.0907     1.2960
    10    6 C        3.0213    -0.0900     1.2959
    11    6 C        3.0114    -0.0882     1.2961
    12    6 C        3.1644     0.0407     1.2935
    13    7 N        2.9688    -0.3188     1.3983
    14    1 H        0.9924     0.1159     1.1880
    15    1 H        0.9930     0.1110     1.1880
    16    1 H        0.9929     0.1164     1.1880
    17    1 H        0.9933     0.1085     1.1880
    18    1 H        0.9932     0.1083     1.1880
    19    1 H        0.9929     0.1173     1.1880
    20    1 H        0.9930     0.1169     1.1880
    21    1 H        0.9925     0.1492     1.1880
    22    6 C        4.2098    -0.0825     1.2771
    23    8 O        1.9894    -0.3114     1.4038
    24   15 P        3.8897     0.2579     1.2457
    25    8 O        1.9884    -0.3096     1.4038
    26    6 C        4.1950    -0.0815     1.2773
    27    8 O        2.9019    -0.2770     1.3695
    28    6 C        4.2561    -0.0859     1.2764
    29    1 H        0.9921     0.1163     1.1880
    30    1 H        0.9910     0.1051     1.1880
    31    1 H        0.9911     0.1238     1.1880
    32    1 H        0.9922     0.1173     1.1880
    33    1 H        0.9913     0.1401     1.1880
    34    1 H        0.9913     0.1116     1.1880
    35    1 H        0.9918     0.1272     1.1880
    36    1 H        0.9920     0.1358     1.1880
    37    1 H        0.9921     0.1280     1.1880
    38    8 O        1.9778    -0.3571     1.4043
    39   16 S        3.9685     0.3765     1.2657
    40    8 O        1.9522    -0.3663     1.4053
    41    8 O        1.9710    -0.3345     1.4045
    42   16 S        1.0106    -0.1586     1.3360
    43    6 C        2.3103     0.1596     1.3090
    44    7 N        1.9968    -0.4174     1.4271
--------------------------------------------------
     Σ                          0.0000
--------------------------------------------------

Electrostatic energy:   -3.7973247323809E-01 Eh

[Info] JSON dump of results written to 'multicharge.json'
