[Info] Molecular spin read from './.UHF'
xTB calculator
 | Coulomb electrostatics
 |  * isotropic Klopman-Ohno electrostatics
 |  * onsite third-order electrostatics
CEH guess
integral cutoff           4.0000000000000E+01 bohr

Atomic charges (in atomic units):
---------------------------------------------------------
     #    Z                 q
---------------------------------------------------------
     1   91 Pa       0.479077
     2    3 Li       0.364709
     3    1 H       -0.281139
     4    1 H       -0.281108
     5    1 H       -0.281539
---------------------------------------------------------

Atomic dipole moments (in atomic units):
---------------------------------------------------------
     #    Z                 x            y            z
---------------------------------------------------------
     1   91 Pa       0.077533     0.067706    -0.001915
     2    3 Li       0.521589     0.444934    -0.032758
     3    1 H        0.076926    -0.166300     0.048276
     4    1 H       -0.076556    -0.002024    -0.173326
     5    1 H       -0.118301     0.067590     0.131916
---------------------------------------------------------
           total     2.901287     2.476291    -0.177227
---------------------------------------------------------

[Info] JSON dump of results written to 'tblite.json'
