[Info] Molecular spin read from './.UHF'
xTB calculator
 | Coulomb electrostatics
 |  * isotropic Klopman-Ohno electrostatics
 |  * onsite third-order electrostatics
CEH guess
integral cutoff           4.0000000000000E+01 bohr

Atomic charges (in atomic units):
---------------------------------------------------------
     #    Z                 q
---------------------------------------------------------
     1   99 Es       0.889373
     2    9 F       -0.221609
     3    9 F       -0.220476
     4    9 F       -0.222826
     5    9 F       -0.224461
---------------------------------------------------------

Atomic dipole moments (in atomic units):
---------------------------------------------------------
     #    Z                 x            y            z
---------------------------------------------------------
     1   99 Es       0.003736     0.001716     0.002339
     2    9 F        0.034093     0.020929    -0.007969
     3    9 F        0.017104    -0.033508     0.016538
     4    9 F       -0.019395     0.005226    -0.035999
     5    9 F       -0.031151     0.005481     0.025674
---------------------------------------------------------
           total     0.009214     0.007628     0.012142
---------------------------------------------------------

[Info] JSON dump of results written to 'tblite.json'
