[Info] Molecular charge read from './.CHRG'
xTB calculator
 | Coulomb electrostatics
 |  * isotropic Klopman-Ohno electrostatics
 |  * onsite third-order electrostatics
CEH guess
integral cutoff           4.0000000000000E+01 bohr

Atomic charges (in atomic units):
---------------------------------------------------------
     #    Z                 q
---------------------------------------------------------
     1  102 No       0.647017
     2    6 C       -0.095005
     3    6 C        0.156593
     4    8 O       -0.330126
     5    8 O       -0.345591
     6    7 N       -0.115105
     7    1 H        0.010329
     8    1 H        0.071541
     9    1 H        0.070617
    10    1 H        0.063185
    11    6 C       -0.004019
    12    8 O       -0.228380
    13    1 H        0.043091
    14    1 H        0.018719
    15    1 H        0.044776
    16    1 H        0.046336
    17    8 O       -0.560346
    18    1 H        0.051608
    19    7 N       -0.058765
    20    8 O       -0.247368
    21    8 O       -0.239109
---------------------------------------------------------

Atomic dipole moments (in atomic units):
---------------------------------------------------------
     #    Z                 x            y            z
---------------------------------------------------------
     1  102 No       0.266216     0.377520    -0.196264
     2    6 C       -0.151891     0.092450     0.015089
     3    6 C       -0.075716     0.030979     0.028781
     4    8 O       -0.076571     0.024909     0.026090
     5    8 O        0.071955     0.000093     0.060816
     6    7 N        0.299185     0.103423     0.207414
     7    1 H        0.091773     0.061046     0.023384
     8    1 H       -0.024713    -0.105221     0.051207
     9    1 H        0.014103     0.088203    -0.034336
    10    1 H       -0.037707    -0.026288     0.077333
    11    6 C        0.236149     0.015152    -0.100411
    12    8 O       -0.112377     0.007303    -0.081962
    13    1 H       -0.081322    -0.030093    -0.100029
    14    1 H       -0.041615     0.113956     0.054417
    15    1 H       -0.013705    -0.096586     0.096265
    16    1 H       -0.025532     0.020786    -0.058424
    17    8 O        0.056260     0.091029    -0.080615
    18    1 H        0.032006     0.078316    -0.102228
    19    7 N        0.264048     0.269871    -0.162853
    20    8 O       -0.017415    -0.008327     0.200260
    21    8 O       -0.104715    -0.117559    -0.129641
---------------------------------------------------------
           total     0.289435     3.101746     1.998852
---------------------------------------------------------

[Info] JSON dump of results written to 'tblite.json'
