[Info] Molecular charge read from '.CHRG'

Charge model parameter:
------------------------------------------------------
   Z          chi/Eh     kcn/Eh     eta/Eh     rad/AA
------------------------------------------------------
 100 Fm       1.0767     0.0040     0.5988     0.7039
   7 N        1.5582     0.0928     0.6565     0.6998
   6 C        1.4003     0.0601     0.6166     0.9994
   1 H        1.2370     0.0492     1.0964     0.2919
   8 O        1.5687     0.1169     0.6793     0.6518
------------------------------------------------------

Electrostatic properties (in atomic units):
--------------------------------------------------
     #    Z              CN          q        chi
--------------------------------------------------
     1  100 Fm       5.4389     0.7956     1.0674
     2    7 N        3.9356    -0.5826     1.3741
     3    6 C        4.0967     0.0190     1.2787
     4    6 C        4.1263     0.0151     1.2783
     5    7 N        3.9425    -0.5850     1.3739
     6    1 H        0.9991     0.2996     1.1878
     7    1 H        1.0071     0.2817     1.1876
     8    1 H        0.9915     0.1898     1.1880
     9    1 H        0.9913     0.1850     1.1880
    10    1 H        0.9912     0.1684     1.1880
    11    1 H        0.9915     0.1914     1.1880
    12    1 H        1.0017     0.2941     1.1877
    13    1 H        1.0063     0.2979     1.1876
    14    7 N        3.9265    -0.7337     1.3743
    15    1 H        0.9986     0.3188     1.1878
    16    1 H        0.9978     0.3340     1.1878
    17    1 H        0.9991     0.3211     1.1878
    18    7 N        3.9340    -0.7343     1.3741
    19    1 H        0.9993     0.3287     1.1878
    20    1 H        0.9992     0.3334     1.1878
    21    1 H        0.9996     0.3246     1.1878
    22    6 C        4.1684    -0.0171     1.2777
    23    6 C        3.9802    -0.0752     1.2805
    24    6 C        3.9837    -0.0748     1.2804
    25    6 C        4.0769    -0.0210     1.2790
    26    8 O        2.9394    -0.3151     1.3682
    27    1 H        0.9916     0.1725     1.1880
    28    1 H        0.9916     0.1632     1.1880
    29    1 H        0.9916     0.1865     1.1880
    30    1 H        0.9917     0.1999     1.1880
    31    1 H        0.9918     0.1990     1.1880
    32    1 H        0.9916     0.1874     1.1880
    33    1 H        0.9916     0.1687     1.1880
    34    1 H        0.9918     0.1634     1.1880
--------------------------------------------------
     Σ                          3.0000
--------------------------------------------------

Electrostatic energy:    1.4528531044472E+00 Eh

[Info] JSON dump of results written to 'multicharge.json'
