xTB calculator
 | Coulomb electrostatics
 |  * isotropic Klopman-Ohno electrostatics
 |  * onsite third-order electrostatics
CEH guess
integral cutoff           4.0000000000000E+01 bohr

Atomic charges (in atomic units):
---------------------------------------------------------
     #    Z                 q
---------------------------------------------------------
     1  102 No       0.417755
     2    6 C        0.048353
     3    8 O        0.170932
     4    6 C        0.004321
     5    6 C       -0.031367
     6    6 C        0.012038
     7    6 C       -0.008560
     8    6 C        0.000903
     9    6 C       -0.031346
    10    6 C        0.254491
    11    8 O       -0.210615
    12    8 O       -0.168860
    13    1 H        0.044991
    14    1 H        0.038788
    15    1 H        0.027385
    16    1 H        0.029461
    17    1 H        0.039368
    18    6 C       -0.004137
    19    6 C       -0.034695
    20    6 C       -0.021982
    21    6 C       -0.067285
    22    6 C       -0.025448
    23    6 C       -0.035646
    24    6 C        0.109495
    25    8 O       -0.333849
    26    8 O       -0.390158
    27    1 H        0.043357
    28    1 H        0.034317
    29    1 H        0.027164
    30    1 H        0.023105
    31    1 H        0.033514
    32    6 C       -0.033192
    33    8 O        0.182405
    34    9 F       -0.121119
    35   15 P        0.492497
    36    9 F       -0.088500
    37    9 F       -0.576873
    38    6 C        0.007588
    39    8 O       -0.171560
    40    1 H        0.037738
    41    1 H        0.046376
    42    1 H        0.070692
    43    1 H        0.158156
---------------------------------------------------------

Atomic dipole moments (in atomic units):
---------------------------------------------------------
     #    Z                 x            y            z
---------------------------------------------------------
     1  102 No      -0.125107     0.402272    -0.184827
     2    6 C        0.041475     0.043179     0.141460
     3    8 O        0.015364     0.018934     0.050756
     4    6 C        0.002807     0.020827    -0.008291
     5    6 C       -0.014208     0.009092    -0.006616
     6    6 C       -0.021216     0.044211    -0.022132
     7    6 C        0.010086     0.037687    -0.011831
     8    6 C        0.024836     0.036304    -0.012058
     9    6 C        0.017786     0.010514    -0.003013
    10    6 C       -0.148932     0.067388    -0.041441
    11    8 O        0.080159     0.009188     0.012232
    12    8 O       -0.060474    -0.049168     0.003329
    13    1 H       -0.001857    -0.122897     0.058027
    14    1 H        0.114494    -0.053887     0.042745
    15    1 H        0.111756     0.067795    -0.011401
    16    1 H       -0.116226     0.059300    -0.039166
    17    1 H       -0.115582    -0.064085     0.015341
    18    6 C        0.006931     0.013352    -0.010845
    19    6 C       -0.012085     0.012157    -0.010861
    20    6 C       -0.003928     0.031477    -0.022898
    21    6 C        0.011708     0.021206    -0.019113
    22    6 C        0.029523     0.019687    -0.012588
    23    6 C        0.019576     0.003111    -0.001033
    24    6 C       -0.000614    -0.005834     0.005514
    25    8 O       -0.106728    -0.000943    -0.006413
    26    8 O        0.073685    -0.062279     0.048006
    27    1 H       -0.057581    -0.104525     0.066659
    28    1 H        0.076760    -0.084345     0.066351
    29    1 H        0.132011     0.021456    -0.002462
    30    1 H       -0.069733     0.089951    -0.069377
    31    1 H       -0.131112    -0.013912    -0.002385
    32    6 C       -0.189728     0.009130    -0.082689
    33    8 O       -0.051146    -0.000297    -0.023383
    34    9 F        0.000017     0.010313     0.020080
    35   15 P        0.022458     0.000406     0.014833
    36    9 F       -0.038207     0.002810     0.009544
    37    9 F        0.012896     0.011614    -0.006335
    38    6 C        0.265385     0.001119    -0.064788
    39    8 O       -0.072402     0.104289    -0.019463
    40    1 H       -0.064008     0.043481    -0.110645
    41    1 H       -0.019934     0.082811     0.107916
    42    1 H       -0.044263    -0.134977     0.029048
    43    1 H        0.034866     0.106784    -0.041301
---------------------------------------------------------
           total    -1.283902    -0.063804    -0.419637
---------------------------------------------------------

[Info] JSON dump of results written to 'tblite.json'
