[Info] Molecular charge read from '.CHRG'

Charge model parameter:
------------------------------------------------------
   Z          chi/Eh     kcn/Eh     eta/Eh     rad/AA
------------------------------------------------------
  96 Cm       1.1100     0.0071     0.5609     0.7515
   6 C        1.4003     0.0601     0.6166     0.9994
  15 P        1.5267     0.1425     0.7308     0.7313
   1 H        1.2370     0.0492     1.0964     0.2919
   8 O        1.5687     0.1169     0.6793     0.6518
   7 N        1.5582     0.0928     0.6565     0.6998
------------------------------------------------------

Electrostatic properties (in atomic units):
--------------------------------------------------
     #    Z              CN          q        chi
--------------------------------------------------
     1   96 Cm       6.9095     0.7452     1.0914
     2    6 C        3.9565    -0.1956     1.2808
     3   15 P        3.9269     0.0683     1.2443
     4    6 C        3.9565    -0.2063     1.2808
     5    6 C        3.9567    -0.1926     1.2808
     6    1 H        0.9926     0.1344     1.1880
     7    1 H        0.9930     0.1478     1.1880
     8    1 H        0.9929     0.1578     1.1880
     9    1 H        0.9926     0.1341     1.1880
    10    1 H        0.9933     0.1451     1.1880
    11    1 H        0.9928     0.1359     1.1880
    12    1 H        0.9928     0.1332     1.1880
    13    1 H        0.9931     0.1503     1.1880
    14    1 H        0.9930     0.1536     1.1880
    15    6 C        4.1771    -0.0320     1.2775
    16    6 C        3.9783    -0.1148     1.2805
    17    6 C        3.9876    -0.1181     1.2804
    18    6 C        4.0206    -0.0396     1.2799
    19    8 O        2.9239    -0.2766     1.3688
    20    1 H        0.9914     0.1410     1.1880
    21    1 H        0.9977     0.1428     1.1878
    22    1 H        0.9915     0.1503     1.1880
    23    1 H        0.9920     0.1370     1.1880
    24    1 H        0.9920     0.1378     1.1880
    25    1 H        0.9917     0.1374     1.1880
    26    1 H        0.9917     0.1500     1.1880
    27    1 H        0.9919     0.1387     1.1880
    28    7 N        3.6940     0.1743     1.3798
    29    8 O        1.0015    -0.2216     1.4517
    30    8 O        1.9743    -0.2499     1.4044
    31    8 O        1.9538    -0.2525     1.4053
    32    7 N        2.6453    -0.0615     1.4073
    33    8 O        1.9677    -0.2164     1.4047
    34    8 O        1.9442    -0.2373     1.4057
--------------------------------------------------
     Σ                          1.0000
--------------------------------------------------

Electrostatic energy:    3.7028125840544E-01 Eh

[Info] JSON dump of results written to 'multicharge.json'
