[Info] Molecular charge read from './.CHRG'
xTB calculator
 | Coulomb electrostatics
 |  * isotropic Klopman-Ohno electrostatics
 |  * onsite third-order electrostatics
CEH guess
integral cutoff           2.2843592577975E+01 bohr

Atomic charges (in atomic units):
---------------------------------------------------------
     #    Z                 q
---------------------------------------------------------
     1   91 Pa       1.421575
     2    8 O       -0.408845
     3   16 S        0.366811
     4    8 O       -0.416509
     5    8 O       -0.248721
     6    8 O       -0.406871
     7   16 S        0.389156
     8    8 O       -0.261271
     9    8 O       -0.405776
    10    6 C       -0.011677
    11    6 C       -0.046218
    12    6 C        0.021258
    13    6 C        0.002747
    14    6 C        0.013223
    15    6 C       -0.046652
    16    6 C        0.361659
    17    8 O       -0.153133
    18    8 O       -0.045589
    19    1 H        0.035841
    20    1 H        0.036928
    21    1 H        0.045620
    22    1 H        0.040330
    23    1 H        0.035515
    24    1 H        0.194196
    25    9 F       -0.139203
    26   15 P        0.374984
    27    9 F       -0.110275
    28    9 F       -0.118519
    29    6 C       -0.008435
    30    6 C       -0.045715
    31    6 C       -0.000503
    32    6 C       -0.004103
    33    6 C        0.026444
    34    6 C       -0.038097
    35    6 C        0.355513
    36    8 O       -0.161341
    37    8 O       -0.040050
    38    1 H        0.040626
    39    1 H        0.036631
    40    1 H        0.029865
    41    1 H        0.048775
    42    1 H        0.042398
    43    1 H        0.197405
---------------------------------------------------------

Atomic dipole moments (in atomic units):
---------------------------------------------------------
     #    Z                 x            y            z
---------------------------------------------------------
     1   91 Pa       0.031388    -0.038214     0.015123
     2    8 O        0.075181    -0.022596    -0.040880
     3   16 S       -0.099525    -0.054843    -0.024644
     4    8 O        0.010585     0.047246     0.073025
     5    8 O       -0.054327    -0.036625    -0.008383
     6    8 O       -0.077217     0.022350     0.033076
     7   16 S        0.092242     0.050632     0.029738
     8    8 O        0.052338     0.037001     0.009922
     9    8 O       -0.004908    -0.050538    -0.071028
    10    6 C       -0.003417    -0.011565    -0.010918
    11    6 C       -0.015669     0.003915     0.002360
    12    6 C       -0.036460    -0.017953    -0.014194
    13    6 C       -0.005398    -0.029519    -0.031251
    14    6 C        0.024089    -0.017307    -0.023352
    15    6 C        0.017166    -0.000337    -0.002814
    16    6 C        0.048487    -0.041140    -0.072752
    17    8 O        0.074192     0.076431    -0.007342
    18    8 O        0.009130     0.069498     0.065452
    19    1 H        0.016797     0.097686     0.089732
    20    1 H        0.123733     0.038771     0.031871
    21    1 H        0.115384    -0.060152    -0.045296
    22    1 H       -0.125607    -0.043163    -0.032242
    23    1 H       -0.107005     0.054707     0.056115
    24    1 H        0.081852     0.082779     0.030305
    25    9 F       -0.025726    -0.013962    -0.020425
    26   15 P       -0.010285    -0.046250    -0.011876
    27    9 F        0.012109    -0.033171    -0.003621
    28    9 F        0.013915     0.000087    -0.031784
    29    6 C        0.005898     0.016641     0.011219
    30    6 C       -0.015549     0.006939     0.002376
    31    6 C       -0.023407     0.028221     0.016492
    32    6 C        0.005017     0.038412     0.025405
    33    6 C        0.036910     0.025322     0.020922
    34    6 C        0.017817    -0.000493     0.005050
    35    6 C       -0.061277     0.053357     0.052984
    36    8 O       -0.074884    -0.077593     0.012602
    37    8 O        0.008827    -0.081030    -0.048721
    38    1 H        0.006017    -0.117060    -0.065895
    39    1 H        0.116218    -0.063213    -0.008500
    40    1 H        0.110787     0.053176     0.058230
    41    1 H       -0.121831     0.066868    -0.002760
    42    1 H       -0.110846    -0.050044    -0.056812
    43    1 H       -0.067622    -0.097839    -0.020525
---------------------------------------------------------
           total     1.244772     1.137875    -1.819050
---------------------------------------------------------

[Info] JSON dump of results written to 'tblite.json'
