Charge model parameter:
------------------------------------------------------
   Z          chi/Eh     kcn/Eh     eta/Eh     rad/AA
------------------------------------------------------
 101 Md       1.1131     0.0055     0.6097     0.6919
   6 C        1.4003     0.0601     0.6166     0.9994
   7 N        1.5582     0.0928     0.6565     0.6998
   1 H        1.2370     0.0492     1.0964     0.2919
   8 O        1.5687     0.1169     0.6793     0.6518
  16 S        1.4077     0.0713     0.5171     1.1581
------------------------------------------------------

Electrostatic properties (in atomic units):
--------------------------------------------------
     #    Z              CN          q        chi
--------------------------------------------------
     1  101 Md       5.6515     0.6737     1.1000
     2    6 C        3.0755     0.0631     1.2950
     3    6 C        3.2281     0.0404     1.2924
     4    7 N        2.9857    -0.3428     1.3979
     5    6 C        3.2000     0.0444     1.2929
     6    6 C        3.0755     0.0614     1.2950
     7    7 N        2.0147    -0.3647     1.4265
     8    1 H        0.9926     0.1295     1.1880
     9    1 H        0.9929     0.1350     1.1880
    10    1 H        0.9928     0.1349     1.1880
    11    1 H        0.9926     0.1283     1.1880
    12    6 C        4.0967    -0.0659     1.2787
    13    8 O        1.9935    -0.3987     1.4036
    14    1 H        0.9907     0.1156     1.1880
    15    1 H        0.9908     0.1157     1.1880
    16    1 H        0.9905     0.1048     1.1880
    17    6 C        1.9873     0.0629     1.3156
    18    7 N        1.0265    -0.3981     1.4642
    19    6 C        3.9555    -0.2120     1.2808
    20    6 C        4.0915    -0.0545     1.2788
    21    8 O        2.9585    -0.4144     1.3676
    22    1 H        0.9917     0.1067     1.1880
    23    1 H        0.9915     0.1114     1.1880
    24    1 H        0.9916     0.1208     1.1880
    25    1 H        0.9914     0.1160     1.1880
    26    1 H        0.9920     0.1356     1.1880
    27    1 H        1.0306     0.2408     1.1870
    28   16 S        1.0123    -0.1255     1.3360
    29    6 C        2.1364     0.1487     1.3125
    30    7 N        2.0076    -0.4132     1.4267
--------------------------------------------------
     Σ                         -0.0000
--------------------------------------------------

Electrostatic energy:   -2.9391752728055E-01 Eh

[Info] JSON dump of results written to 'multicharge.json'
