[Info] Molecular spin read from './.UHF'
xTB calculator
 | Coulomb electrostatics
 |  * isotropic Klopman-Ohno electrostatics
 |  * onsite third-order electrostatics
CEH guess
integral cutoff           4.0000000000000E+01 bohr

Atomic charges (in atomic units):
---------------------------------------------------------
     #    Z                 q
---------------------------------------------------------
     1   94 Pu       0.687120
     2    9 F       -0.229037
     3    9 F       -0.228985
     4    9 F       -0.229098
---------------------------------------------------------

Atomic dipole moments (in atomic units):
---------------------------------------------------------
     #    Z                 x            y            z
---------------------------------------------------------
     1   94 Pu      -0.100652    -0.161260     0.261339
     2    9 F       -0.022059    -0.036646    -0.071266
     3    9 F       -0.026527     0.079974    -0.006226
     4    9 F        0.083112     0.000062    -0.007995
---------------------------------------------------------
           total    -0.434964    -0.577033     1.086373
---------------------------------------------------------

[Info] JSON dump of results written to 'tblite.json'
