[Info] Molecular charge read from '.CHRG'

Charge model parameter:
------------------------------------------------------
   Z          chi/Eh     kcn/Eh     eta/Eh     rad/AA
------------------------------------------------------
  92 U        1.0982     0.0042     0.6173     0.6828
  11 Na       0.5594    -0.1000     0.8641     0.6787
  53 I        1.4034     0.0897     0.3054     2.0116
   3 Li       0.5434    -0.1235     0.9742     0.4791
------------------------------------------------------

Electrostatic properties (in atomic units):
--------------------------------------------------
     #    Z              CN          q        chi
--------------------------------------------------
     1   92 U        2.1102    -0.0595     1.0922
     2   11 Na       1.3238     0.3388     0.6745
     3   53 I        0.9892    -1.5692     1.3142
     4    3 Li       1.3886     0.2899     0.6889
--------------------------------------------------
     Σ                         -1.0000
--------------------------------------------------

Electrostatic energy:   -8.4950369941720E-01 Eh

[Info] JSON dump of results written to 'multicharge.json'
