[Info] Molecular spin read from './.UHF'
xTB calculator
 | Coulomb electrostatics
 |  * isotropic Klopman-Ohno electrostatics
 |  * onsite third-order electrostatics
CEH guess
integral cutoff           4.0000000000000E+01 bohr

Atomic charges (in atomic units):
---------------------------------------------------------
     #    Z                 q
---------------------------------------------------------
     1   94 Pu       0.276080
     2   35 Br      -0.069599
     3   35 Br      -0.068595
     4   35 Br      -0.069549
     5   35 Br      -0.068337
---------------------------------------------------------

Atomic dipole moments (in atomic units):
---------------------------------------------------------
     #    Z                 x            y            z
---------------------------------------------------------
     1   94 Pu       0.010057     0.005234    -0.006563
     2   35 Br       0.034139     0.028893    -0.002125
     3   35 Br       0.016267    -0.040783     0.011342
     4   35 Br      -0.020080    -0.002225    -0.040499
     5   35 Br      -0.030180     0.014208     0.031130
---------------------------------------------------------
           total     0.011346     0.004514    -0.003409
---------------------------------------------------------

[Info] JSON dump of results written to 'tblite.json'
