Charge model parameter:
------------------------------------------------------
   Z          chi/Eh     kcn/Eh     eta/Eh     rad/AA
------------------------------------------------------
  96 Cm       1.1100     0.0071     0.5609     0.7515
  17 Cl       1.4815     0.1368     0.7586     0.7238
   6 C        1.4003     0.0601     0.6166     0.9994
   8 O        1.5687     0.1169     0.6793     0.6518
   1 H        1.2370     0.0492     1.0964     0.2919
  35 Br       1.3980     0.0801     0.3934     1.5631
   7 N        1.5582     0.0928     0.6565     0.6998
------------------------------------------------------

Electrostatic properties (in atomic units):
--------------------------------------------------
     #    Z              CN          q        chi
--------------------------------------------------
     1   96 Cm       4.8591     0.7263     1.0944
     2   17 Cl       0.9906    -0.1545     1.3454
     3    6 C        3.0146    -0.0976     1.2960
     4    6 C        3.0120    -0.1003     1.2961
     5    6 C        3.0151    -0.0981     1.2960
     6    6 C        3.0174    -0.0014     1.2960
     7    6 C        3.0188    -0.0838     1.2959
     8    6 C        3.0124    -0.1012     1.2961
     9    6 C        3.0748     0.2316     1.2950
    10    8 O        1.8632    -0.3413     1.4091
    11    8 O        1.9986    -0.4618     1.4034
    12    1 H        0.9929     0.1122     1.1880
    13    1 H        0.9929     0.1126     1.1880
    14    1 H        0.9925     0.1107     1.1880
    15    1 H        0.9930     0.1284     1.1880
    16    1 H        0.9929     0.1124     1.1880
    17    1 H        0.9937     0.2416     1.1879
    18   35 Br       0.9852    -0.2913     1.3185
    19    6 C        3.9541    -0.2057     1.2809
    20    6 C        4.0152    -0.0120     1.2800
    21    8 O        1.9921    -0.3950     1.4037
    22    1 H        0.9915     0.0939     1.1880
    23    1 H        0.9914     0.1273     1.1880
    24    1 H        0.9915     0.1141     1.1880
    25    1 H        0.9900     0.1167     1.1880
    26    1 H        0.9903     0.1086     1.1880
    27    7 N        3.8806    -0.7663     1.3754
    28    1 H        1.0074     0.2583     1.1876
    29    1 H        0.9967     0.2578     1.1879
    30    1 H        0.9969     0.2580     1.1879
--------------------------------------------------
     Σ                         -0.0000
--------------------------------------------------

Electrostatic energy:   -2.9091722236933E-01 Eh

[Info] JSON dump of results written to 'multicharge.json'
