[Info] Molecular charge read from './.CHRG'
xTB calculator
 | Coulomb electrostatics
 |  * isotropic Klopman-Ohno electrostatics
 |  * onsite third-order electrostatics
CEH guess
integral cutoff           2.9545082850997E+01 bohr

Atomic charges (in atomic units):
---------------------------------------------------------
     #    Z                 q
---------------------------------------------------------
     1   91 Pa       0.729491
     2    7 N        0.366423
     3    8 O       -0.224824
     4    8 O       -0.185522
     5    8 O       -0.166211
     6   53 I       -0.326382
     7   16 S       -0.044801
     8    6 C        0.174288
     9    7 N       -0.349108
    10   17 Cl      -0.304951
    11    6 C       -0.010217
    12    6 C       -0.035281
    13    6 C        0.001521
    14    6 C       -0.024298
    15    6 C       -0.006019
    16    6 C       -0.039603
    17    6 C        0.248880
    18    8 O       -0.205040
    19    8 O       -0.253949
    20    1 H        0.027562
    21    1 H        0.022567
    22    1 H        0.022798
    23    1 H        0.026998
    24    1 H        0.020365
    25    6 C       -0.273247
    26    7 N       -0.191440
---------------------------------------------------------

Atomic dipole moments (in atomic units):
---------------------------------------------------------
     #    Z                 x            y            z
---------------------------------------------------------
     1   91 Pa      -0.070050    -0.208191     0.222717
     2    7 N        0.002948     0.021598    -0.070621
     3    8 O        0.182712    -0.054293     0.137866
     4    8 O       -0.216992    -0.014278     0.096094
     5    8 O        0.028430     0.061464    -0.209320
     6   53 I       -0.006953    -0.224202    -0.070879
     7   16 S        0.017444     0.248318     0.092692
     8    6 C       -0.008083    -0.131590    -0.052348
     9    7 N        0.005362     0.145021     0.060418
    10   17 Cl      -0.003328    -0.005982     0.002813
    11    6 C        0.004626     0.004426     0.004972
    12    6 C       -0.010219    -0.009321     0.002922
    13    6 C        0.001187     0.003283     0.027263
    14    6 C        0.015506     0.013651     0.013836
    15    6 C        0.013424     0.014961     0.011107
    16    6 C        0.006437     0.005274    -0.011674
    17    6 C       -0.083158    -0.089667     0.099007
    18    8 O       -0.042494    -0.046898    -0.002602
    19    8 O        0.037646     0.049017    -0.144462
    20    1 H       -0.052044    -0.059176    -0.109665
    21    1 H        0.051511     0.028208    -0.118189
    22    1 H        0.101554     0.087914    -0.003902
    23    1 H       -0.053411    -0.026743     0.116341
    24    1 H       -0.099510    -0.083362     0.015858
    25    6 C        0.032599    -0.001896    -0.005342
    26    7 N       -0.038570    -0.000285     0.004106
---------------------------------------------------------
           total    -0.377968     0.494474     0.456297
---------------------------------------------------------

[Info] JSON dump of results written to 'tblite.json'
