[Info] Molecular charge read from '.CHRG'

Charge model parameter:
------------------------------------------------------
   Z          chi/Eh     kcn/Eh     eta/Eh     rad/AA
------------------------------------------------------
  98 Cf       1.0089     0.0039     0.6196     0.6803
   6 C        1.4003     0.0601     0.6166     0.9994
   8 O        1.5687     0.1169     0.6793     0.6518
   1 H        1.2370     0.0492     1.0964     0.2919
   7 N        1.5582     0.0928     0.6565     0.6998
------------------------------------------------------

Electrostatic properties (in atomic units):
--------------------------------------------------
     #    Z              CN          q        chi
--------------------------------------------------
     1   98 Cf       6.6029     0.8698     0.9989
     2    6 C        3.0151    -0.0510     1.2960
     3    6 C        3.0117    -0.0553     1.2961
     4    6 C        3.0165    -0.0470     1.2960
     5    6 C        3.0203     0.0324     1.2959
     6    6 C        3.0164    -0.0448     1.2960
     7    6 C        3.0118    -0.0543     1.2961
     8    6 C        3.8892     0.2687     1.2819
     9    8 O        1.9802    -0.3645     1.4042
    10    8 O        1.9876    -0.3598     1.4039
    11    1 H        0.9928     0.1588     1.1880
    12    1 H        0.9929     0.1577     1.1880
    13    1 H        0.9930     0.1637     1.1880
    14    1 H        0.9930     0.1682     1.1880
    15    1 H        0.9930     0.1590     1.1880
    16    6 C        4.0168    -0.0785     1.2799
    17    8 O        2.9515    -0.4352     1.3678
    18    1 H        0.9920     0.1496     1.1880
    19    1 H        0.9919     0.1492     1.1880
    20    1 H        0.9922     0.1464     1.1880
    21    1 H        1.0409     0.2720     1.1868
    22    6 C        3.0716     0.0966     1.2950
    23    6 C        3.2173     0.0539     1.2926
    24    7 N        2.9612    -0.3757     1.3985
    25    6 C        3.1005     0.0570     1.2945
    26    6 C        3.0717     0.0962     1.2950
    27    7 N        2.0157    -0.3173     1.4264
    28    1 H        0.9926     0.1645     1.1880
    29    1 H        0.9931     0.1465     1.1880
    30    1 H        0.9928     0.1465     1.1880
    31    1 H        0.9926     0.1634     1.1880
    32    6 C        1.9867     0.0512     1.3156
    33    7 N        1.0247    -0.3265     1.4643
    34    6 C        1.7535     0.1117     1.3208
    35    8 O        0.9994    -0.2730     1.4518
--------------------------------------------------
     Σ                          1.0000
--------------------------------------------------

Electrostatic energy:    2.5970587835330E-01 Eh

[Info] JSON dump of results written to 'multicharge.json'
