[Info] Molecular spin read from './.UHF'
xTB calculator
 | Coulomb electrostatics
 |  * isotropic Klopman-Ohno electrostatics
 |  * onsite third-order electrostatics
CEH guess
integral cutoff           3.1461879603064E+01 bohr

Atomic charges (in atomic units):
---------------------------------------------------------
     #    Z                 q
---------------------------------------------------------
     1   90 Th       0.179961
     2   12 Mg       0.099023
     3   38 Sr       0.468551
     4    7 N       -0.747535
---------------------------------------------------------

Atomic dipole moments (in atomic units):
---------------------------------------------------------
     #    Z                 x            y            z
---------------------------------------------------------
     1   90 Th       0.559938    -1.241155     1.884630
     2   12 Mg      -0.193557    -0.107509    -0.539973
     3   38 Sr      -0.359963     0.780993     0.090759
     4    7 N       -0.059855     0.037395    -0.096256
---------------------------------------------------------
           total    -1.444424     0.528194     1.879860
---------------------------------------------------------

[Info] JSON dump of results written to 'tblite.json'
