[Info] Molecular charge read from './.CHRG'
[Info] Molecular spin read from './.UHF'
xTB calculator
 | Coulomb electrostatics
 |  * isotropic Klopman-Ohno electrostatics
 |  * onsite third-order electrostatics
CEH guess
integral cutoff           4.0000000000000E+01 bohr

Atomic charges (in atomic units):
---------------------------------------------------------
     #    Z                 q
---------------------------------------------------------
     1   98 Cf       0.187618
     2    6 C       -0.104417
     3    6 C        0.148162
     4    8 O       -0.296733
     5    8 O       -0.327022
     6    7 N       -0.038533
     7    1 H        0.024124
     8    1 H        0.077333
     9    1 H        0.071631
    10    1 H        0.069619
    11    7 N       -0.084449
    12    1 H        0.081215
    13    1 H        0.077293
    14    1 H        0.079682
    15    6 C       -0.027717
    16    8 O       -0.366119
    17    1 H        0.021455
    18    1 H        0.022877
    19    1 H        0.034251
    20    6 C       -0.119358
    21   15 P        0.163906
    22    6 C       -0.119182
    23    6 C       -0.116029
    24    1 H        0.030541
    25    1 H        0.038256
    26    1 H        0.038171
    27    1 H        0.028059
    28    1 H        0.044212
    29    1 H        0.042203
    30    1 H        0.043034
    31    1 H        0.030232
    32    1 H        0.036918
    33   35 Br      -0.456740
    34   53 I       -0.334494
---------------------------------------------------------

Atomic dipole moments (in atomic units):
---------------------------------------------------------
     #    Z                 x            y            z
---------------------------------------------------------
     1   98 Cf      -0.023249    -0.052654     0.832927
     2    6 C       -0.016646    -0.190742    -0.033212
     3    6 C        0.022135    -0.087380    -0.029513
     4    8 O        0.013865    -0.077063    -0.027023
     5    8 O        0.080474     0.053824     0.013696
     6    7 N        0.229565     0.102874     0.161090
     7    1 H        0.058943     0.021964     0.097819
     8    1 H        0.025786     0.053382    -0.110193
     9    1 H       -0.019892    -0.056095     0.085959
    10    1 H        0.058833    -0.009569    -0.072855
    11    7 N       -0.293201    -0.023773     0.188740
    12    1 H        0.018620     0.107345     0.052032
    13    1 H        0.030777    -0.101640     0.056089
    14    1 H       -0.066911    -0.009182    -0.096725
    15    6 C       -0.066029     0.198891     0.031007
    16    8 O        0.034076    -0.105976    -0.030458
    17    1 H        0.087849    -0.003199    -0.092723
    18    1 H       -0.098519    -0.077786    -0.034282
    19    1 H        0.055480    -0.060201     0.108299
    20    6 C        0.023312    -0.000688    -0.011561
    21   15 P       -0.017983     0.072123    -0.034839
    22    6 C       -0.027341    -0.014177    -0.008710
    23    6 C       -0.001263     0.015771     0.025829
    24    1 H       -0.023766     0.127151    -0.080012
    25    1 H        0.022414     0.024542     0.149965
    26    1 H       -0.104581    -0.108549    -0.025480
    27    1 H       -0.053769     0.112967    -0.081504
    28    1 H        0.134615    -0.051050    -0.052195
    29    1 H        0.003000     0.031941     0.150540
    30    1 H        0.132596    -0.053821    -0.053407
    31    1 H       -0.035024     0.141470    -0.045755
    32    1 H       -0.107253    -0.104378    -0.021072
    33   35 Br      -0.008691     0.043029     0.019345
    34   53 I        0.077049     0.025925    -0.040202
---------------------------------------------------------
           total     0.463254     0.666527     2.472970
---------------------------------------------------------

[Info] JSON dump of results written to 'tblite.json'
