xTB calculator
 | Coulomb electrostatics
 |  * isotropic Klopman-Ohno electrostatics
 |  * onsite third-order electrostatics
CEH guess
integral cutoff           4.0000000000000E+01 bohr

Atomic charges (in atomic units):
---------------------------------------------------------
     #    Z                 q
---------------------------------------------------------
     1   94 Pu       1.676766
     2    8 O       -0.443025
     3    8 O       -0.411832
     4    8 O       -0.411529
     5    8 O       -0.410380
---------------------------------------------------------

Atomic dipole moments (in atomic units):
---------------------------------------------------------
     #    Z                 x            y            z
---------------------------------------------------------
     1   94 Pu       1.211469     1.050589    -0.067293
     2    8 O        0.004669     0.004881     0.000128
     3    8 O        0.000785    -0.045187     0.010451
     4    8 O       -0.029389    -0.012722    -0.033731
     5    8 O       -0.037776     0.001192     0.027371
---------------------------------------------------------
           total     1.992832     1.734598    -0.107796
---------------------------------------------------------

[Info] JSON dump of results written to 'tblite.json'
