xTB calculator
 | Coulomb electrostatics
 |  * isotropic Klopman-Ohno electrostatics
 |  * onsite third-order electrostatics
CEH guess
integral cutoff           2.6515720764954E+01 bohr

Atomic charges (in atomic units):
---------------------------------------------------------
     #    Z                 q
---------------------------------------------------------
     1   89 Ac       0.950639
     2    9 F       -0.074456
     3   15 P        0.474237
     4    9 F       -0.122205
     5    9 F       -0.117260
     6    6 C       -0.101392
     7    6 C        0.190826
     8    7 N       -0.020556
     9    1 H        0.087807
    10    1 H        0.086956
    11    1 H        0.082682
    12    8 O       -0.420912
    13   16 S        0.345601
    14    8 O       -0.475565
    15    8 O       -0.399523
    16   35 Br      -0.486880
---------------------------------------------------------

Atomic dipole moments (in atomic units):
---------------------------------------------------------
     #    Z                 x            y            z
---------------------------------------------------------
     1   89 Ac       0.332153     0.042615    -0.076102
     2    9 F        0.016470    -0.035479     0.017306
     3   15 P        0.034815    -0.026600    -0.013922
     4    9 F       -0.002537    -0.012216     0.000695
     5    9 F        0.002405    -0.002533     0.016935
     6    6 C        0.003970    -0.001906    -0.010858
     7    6 C       -0.139490    -0.087876     0.161066
     8    7 N        0.001521    -0.001474     0.003626
     9    1 H        0.075270    -0.045645     0.125693
    10    1 H       -0.044980    -0.108218    -0.096579
    11    1 H       -0.106655     0.104863     0.022026
    12    8 O        0.039826    -0.129782    -0.060656
    13   16 S        0.058564     0.043393    -0.038204
    14    8 O       -0.075096     0.083177    -0.069910
    15    8 O        0.008131     0.019680     0.154640
    16   35 Br      -0.005906     0.083357    -0.041308
---------------------------------------------------------
           total     2.540925    -0.467448     2.570309
---------------------------------------------------------

[Info] JSON dump of results written to 'tblite.json'
