Charge model parameter:
------------------------------------------------------
   Z          chi/Eh     kcn/Eh     eta/Eh     rad/AA
------------------------------------------------------
  99 Es       1.0593     0.0030     0.5898     0.7145
   9 F        1.5754     0.1570     0.7723     0.9393
------------------------------------------------------

Electrostatic properties (in atomic units):
--------------------------------------------------
     #    Z              CN          q        chi
--------------------------------------------------
     1   99 Es       4.9489     1.0296     1.0527
     2    9 F        0.9988    -0.2063     1.4184
     3    9 F        0.9988    -0.2063     1.4184
     4    9 F        0.9990    -0.2047     1.4184
     5    9 F        0.9988    -0.2057     1.4184
     6    9 F        0.9988    -0.2065     1.4184
--------------------------------------------------
     Σ                         -0.0000
--------------------------------------------------

Electrostatic energy:   -1.8829731571279E-01 Eh

[Info] JSON dump of results written to 'multicharge.json'
