[Info] Molecular charge read from '.CHRG'

Charge model parameter:
------------------------------------------------------
   Z          chi/Eh     kcn/Eh     eta/Eh     rad/AA
------------------------------------------------------
  90 Th       1.0989     0.0159     0.6181     0.6812
   5 B        1.2669    -0.0263     0.5452     1.5138
  38 Sr       0.5880    -0.0670     0.6512     0.8612
------------------------------------------------------

Electrostatic properties (in atomic units):
--------------------------------------------------
     #    Z              CN          q        chi
--------------------------------------------------
     1   90 Th       1.9131     0.3657     1.0769
     2    5 B        1.9869    -0.4625     1.3040
     3   38 Sr       1.9044     1.0967     0.6805
--------------------------------------------------
     Σ                          1.0000
--------------------------------------------------

Electrostatic energy:    2.6853387916515E-01 Eh

[Info] JSON dump of results written to 'multicharge.json'
