Charge model parameter:
------------------------------------------------------
   Z          chi/Eh     kcn/Eh     eta/Eh     rad/AA
------------------------------------------------------
  95 Am       1.0010     0.0051     0.6915     0.6095
   6 C        1.4003     0.0601     0.6166     0.9994
   8 O        1.5687     0.1169     0.6793     0.6518
   1 H        1.2370     0.0492     1.0964     0.2919
  15 P        1.5267     0.1425     0.7308     0.7313
   7 N        1.5582     0.0928     0.6565     0.6998
  16 S        1.4077     0.0713     0.5171     1.1581
------------------------------------------------------

Electrostatic properties (in atomic units):
--------------------------------------------------
     #    Z              CN          q        chi
--------------------------------------------------
     1   95 Am       7.3546     0.8177     0.9873
     2    6 C        3.9922    -0.1030     1.2803
     3    8 O        2.9022    -0.4111     1.3695
     4    1 H        0.9916     0.1192     1.1880
     5    1 H        0.9916     0.1216     1.1880
     6    1 H        0.9921     0.1416     1.1880
     7    1 H        1.0183     0.2563     1.1873
     8    6 C        4.1653    -0.0873     1.2777
     9    8 O        1.9897    -0.3170     1.4038
    10   15 P        4.1747     0.2702     1.2356
    11    8 O        2.8126    -0.2601     1.3726
    12    6 C        4.1858    -0.1013     1.2774
    13    8 O        2.8553    -0.2525     1.3711
    14    6 C        4.1352    -0.0903     1.2782
    15    1 H        0.9916     0.1163     1.1880
    16    1 H        0.9911     0.1049     1.1880
    17    1 H        0.9919     0.1176     1.1880
    18    1 H        0.9920     0.1412     1.1880
    19    1 H        0.9915     0.1152     1.1880
    20    1 H        0.9918     0.1179     1.1880
    21    1 H        0.9921     0.1557     1.1880
    22    1 H        0.9917     0.1289     1.1880
    23    1 H        0.9916     0.1204     1.1880
    24    7 N        1.9922    -0.3246     1.4272
    25    7 N        2.0482     0.0386     1.4254
    26    7 N        1.0051    -0.2940     1.4652
    27    8 O        1.9770    -0.3333     1.4043
    28   16 S        3.9588     0.3911     1.2659
    29    8 O        1.9631    -0.3674     1.4049
    30    8 O        1.8145    -0.3325     1.4112
--------------------------------------------------
     Σ                         -0.0000
--------------------------------------------------

Electrostatic energy:   -3.8438815248874E-01 Eh

[Info] JSON dump of results written to 'multicharge.json'
