[Info] Molecular charge read from '.CHRG'

Charge model parameter:
------------------------------------------------------
   Z          chi/Eh     kcn/Eh     eta/Eh     rad/AA
------------------------------------------------------
  90 Th       1.0989     0.0159     0.6181     0.6812
   6 C        1.4003     0.0601     0.6166     0.9994
   8 O        1.5687     0.1169     0.6793     0.6518
   7 N        1.5582     0.0928     0.6565     0.6998
   1 H        1.2370     0.0492     1.0964     0.2919
------------------------------------------------------

Electrostatic properties (in atomic units):
--------------------------------------------------
     #    Z              CN          q        chi
--------------------------------------------------
     1   90 Th       6.4625     0.7568     1.0585
     2    6 C        4.0819     0.0537     1.2790
     3    6 C        4.0324     0.3105     1.2797
     4    8 O        1.9932    -0.2292     1.4036
     5    8 O        1.9886    -0.2620     1.4038
     6    7 N        3.8418    -0.5468     1.3763
     7    1 H        0.9922     0.1989     1.1880
     8    1 H        0.9922     0.1936     1.1880
     9    1 H        0.9961     0.3170     1.1879
    10    1 H        0.9960     0.3139     1.1879
    11    6 C        3.0231     0.0093     1.2959
    12    6 C        3.0061    -0.0002     1.2962
    13    6 C        3.6039     0.1066     1.2863
    14    7 N        2.9989    -0.3324     1.3975
    15    6 C        3.1588     0.1110     1.2936
    16    6 C        3.0079     0.0039     1.2961
    17    1 H        0.9927     0.2141     1.1880
    18    1 H        0.9929     0.2080     1.1880
    19    1 H        1.0721     0.1686     1.1860
    20    1 H        0.9928     0.2006     1.1880
    21    1 H        0.9929     0.2073     1.1880
    22    6 C        1.9924     0.1712     1.3155
    23    7 N        1.0636    -0.1743     1.4625
--------------------------------------------------
     Σ                          2.0000
--------------------------------------------------

Electrostatic energy:    1.0149405076708E+00 Eh

[Info] JSON dump of results written to 'multicharge.json'
