[Info] Molecular spin read from './.UHF'
xTB calculator
 | Coulomb electrostatics
 |  * isotropic Klopman-Ohno electrostatics
 |  * onsite third-order electrostatics
CEH guess
integral cutoff           3.7432403240289E+01 bohr

Atomic charges (in atomic units):
---------------------------------------------------------
     #    Z                 q
---------------------------------------------------------
     1   93 Np       0.515198
     2   17 Cl      -0.172232
     3   17 Cl      -0.171562
     4   17 Cl      -0.171404
---------------------------------------------------------

Atomic dipole moments (in atomic units):
---------------------------------------------------------
     #    Z                 x            y            z
---------------------------------------------------------
     1   93 Np      -0.300072    -0.430075     0.750521
     2   17 Cl      -0.001407    -0.002043     0.005869
     3   17 Cl      -0.001382    -0.004131     0.004746
     4   17 Cl      -0.003467    -0.002730     0.004738
---------------------------------------------------------
           total    -0.572640    -0.822070     1.440852
---------------------------------------------------------

[Info] JSON dump of results written to 'tblite.json'
