[Info] Molecular charge read from '.CHRG'

Charge model parameter:
------------------------------------------------------
   Z          chi/Eh     kcn/Eh     eta/Eh     rad/AA
------------------------------------------------------
  92 U        1.0982     0.0042     0.6173     0.6828
   3 Li       0.5434    -0.1235     0.9742     0.4791
   7 N        1.5582     0.0928     0.6565     0.6998
  17 Cl       1.4815     0.1368     0.7586     0.7238
------------------------------------------------------

Electrostatic properties (in atomic units):
--------------------------------------------------
     #    Z              CN          q        chi
--------------------------------------------------
     1   92 U        2.3796    -0.0821     1.0918
     2    3 Li       0.3972     0.1449     0.6212
     3    7 N        0.9994    -1.2221     1.4654
     4   17 Cl       0.9850    -0.8408     1.3457
--------------------------------------------------
     Σ                         -2.0000
--------------------------------------------------

Electrostatic energy:   -1.4609521065652E+00 Eh

[Info] JSON dump of results written to 'multicharge.json'
