Charge model parameter:
------------------------------------------------------
   Z          chi/Eh     kcn/Eh     eta/Eh     rad/AA
------------------------------------------------------
  94 Pu       1.0104     0.0049     0.6346     0.6641
   1 H        1.2370     0.0492     1.0964     0.2919
------------------------------------------------------

Electrostatic properties (in atomic units):
--------------------------------------------------
     #    Z              CN          q        chi
--------------------------------------------------
     1   94 Pu       4.8788     0.4090     0.9996
     2    1 H        0.9825    -0.0821     1.1882
     3    1 H        0.9825    -0.0820     1.1882
     4    1 H        0.9905    -0.0808     1.1880
     5    1 H        0.9826    -0.0823     1.1882
     6    1 H        0.9826    -0.0817     1.1882
--------------------------------------------------
     Σ                         -0.0000
--------------------------------------------------

Electrostatic energy:   -3.8561975468553E-02 Eh

[Info] JSON dump of results written to 'multicharge.json'
