[Info] Molecular spin read from './.UHF'
xTB calculator
 | Coulomb electrostatics
 |  * isotropic Klopman-Ohno electrostatics
 |  * onsite third-order electrostatics
CEH guess
integral cutoff           4.0000000000000E+01 bohr

Atomic charges (in atomic units):
---------------------------------------------------------
     #    Z                 q
---------------------------------------------------------
     1   98 Cf       0.905560
     2    3 Li       0.309249
     3    5 B       -0.280157
     4    6 C       -0.264019
     5    8 O       -0.508906
     6   53 I       -0.161727
---------------------------------------------------------

Atomic dipole moments (in atomic units):
---------------------------------------------------------
     #    Z                 x            y            z
---------------------------------------------------------
     1   98 Cf       0.478803     0.879529    -0.160958
     2    3 Li       0.144228    -0.289099     0.584992
     3    5 B        0.354249    -0.250629    -0.483262
     4    6 C       -0.324562     0.051470     0.282181
     5    8 O        0.043540    -0.023414     0.001431
     6   53 I        0.013804    -0.015709     0.075873
---------------------------------------------------------
           total     1.078054     2.555532     1.270366
---------------------------------------------------------

[Info] JSON dump of results written to 'tblite.json'
