[Info] Molecular charge read from './.CHRG'
xTB calculator
 | Coulomb electrostatics
 |  * isotropic Klopman-Ohno electrostatics
 |  * onsite third-order electrostatics
CEH guess
integral cutoff           4.0000000000000E+01 bohr

Atomic charges (in atomic units):
---------------------------------------------------------
     #    Z                 q
---------------------------------------------------------
     1  103 Lr       0.639312
     2   35 Br      -0.091806
     3    6 C       -0.122691
     4   15 P        0.257170
     5    6 C       -0.112881
     6    6 C       -0.121446
     7    1 H        0.045520
     8    1 H        0.071782
     9    1 H        0.066660
    10    1 H        0.047194
    11    1 H        0.070344
    12    1 H        0.073342
    13    1 H        0.049331
    14    1 H        0.064229
    15    1 H        0.067574
    16    6 C       -0.100991
    17    6 C        0.210516
    18    7 N       -0.007320
    19    1 H        0.095833
    20    1 H        0.091594
    21    1 H        0.095290
    22    6 C        0.146197
    23    8 O        0.195813
    24    8 O       -0.152009
    25    1 H        0.209959
    26    1 H        0.211482
---------------------------------------------------------

Atomic dipole moments (in atomic units):
---------------------------------------------------------
     #    Z                 x            y            z
---------------------------------------------------------
     1  103 Lr      -0.858451    -0.149398     0.871283
     2   35 Br       0.041005    -0.029827     0.211356
     3    6 C       -0.015514    -0.050931    -0.003703
     4   15 P        0.121089     0.036650    -0.013590
     5    6 C       -0.039913     0.014753    -0.045931
     6    6 C       -0.037374     0.010741     0.035166
     7    1 H        0.136053     0.030952    -0.007017
     8    1 H       -0.061866     0.051515     0.127702
     9    1 H       -0.073784     0.052594    -0.119839
    10    1 H        0.125582     0.062912    -0.022427
    11    1 H        0.014904    -0.151849     0.001726
    12    1 H       -0.061618     0.046444     0.131582
    13    1 H        0.123496     0.066966     0.013725
    14    1 H       -0.076373     0.044313    -0.122788
    15    1 H        0.020439    -0.150664    -0.003918
    16    6 C        0.016075    -0.024721    -0.012206
    17    6 C       -0.100642     0.152869     0.066262
    18    7 N        0.003939    -0.010879    -0.011551
    19    1 H       -0.070118    -0.049518     0.125967
    20    1 H       -0.095767     0.039293    -0.109984
    21    1 H        0.104234     0.106650     0.028622
    22    6 C        0.057770    -0.090228    -0.060577
    23    8 O        0.029663    -0.051641    -0.026536
    24    8 O       -0.071032    -0.063120     0.020985
    25    1 H       -0.090983    -0.039228    -0.073162
    26    1 H       -0.022050    -0.064299     0.102118
---------------------------------------------------------
           total    -0.905402    -2.296923     1.337466
---------------------------------------------------------

[Info] JSON dump of results written to 'tblite.json'
