Charge model parameter:
------------------------------------------------------
   Z          chi/Eh     kcn/Eh     eta/Eh     rad/AA
------------------------------------------------------
 103 Lr       1.1371     0.0068     0.5937     0.7095
   4 Be       0.9967    -0.0267     0.6200     0.8028
   8 O        1.5687     0.1169     0.6793     0.6518
------------------------------------------------------

Electrostatic properties (in atomic units):
--------------------------------------------------
     #    Z              CN          q        chi
--------------------------------------------------
     1  103 Lr       2.9243     0.1261     1.1256
     2    4 Be       2.9101     0.4420     1.0421
     3    4 Be       1.8831     0.1371     1.0332
     4    8 O        1.9955    -0.7053     1.4035
--------------------------------------------------
     Σ                          0.0000
--------------------------------------------------

Electrostatic energy:   -1.2278914078341E-01 Eh

[Info] JSON dump of results written to 'multicharge.json'
