[Info] Molecular charge read from '.CHRG'

Charge model parameter:
------------------------------------------------------
   Z          chi/Eh     kcn/Eh     eta/Eh     rad/AA
------------------------------------------------------
  94 Pu       1.0104     0.0049     0.6346     0.6641
   7 N        1.5582     0.0928     0.6565     0.6998
   6 C        1.4003     0.0601     0.6166     0.9994
   1 H        1.2370     0.0492     1.0964     0.2919
   8 O        1.5687     0.1169     0.6793     0.6518
  53 I        1.4034     0.0897     0.3054     2.0116
------------------------------------------------------

Electrostatic properties (in atomic units):
--------------------------------------------------
     #    Z              CN          q        chi
--------------------------------------------------
     1   94 Pu       7.0682     0.9106     0.9974
     2    7 N        2.9818    -0.3339     1.3980
     3    6 C        3.2108     0.0451     1.2927
     4    6 C        3.0108    -0.0753     1.2961
     5    6 C        3.0212    -0.0724     1.2959
     6    6 C        3.0141    -0.0807     1.2960
     7    6 C        3.1861     0.1165     1.2931
     8    6 C        3.1881     0.1187     1.2931
     9    6 C        3.0136    -0.0793     1.2960
    10    6 C        3.0214    -0.0705     1.2959
    11    6 C        3.0101    -0.0708     1.2961
    12    6 C        3.2278     0.0360     1.2924
    13    7 N        2.9855    -0.3575     1.3979
    14    1 H        0.9933     0.1469     1.1880
    15    1 H        0.9931     0.1343     1.1880
    16    1 H        0.9929     0.1391     1.1880
    17    1 H        0.9932     0.1230     1.1880
    18    1 H        0.9932     0.1234     1.1880
    19    1 H        0.9929     0.1403     1.1880
    20    1 H        0.9931     0.1381     1.1880
    21    1 H        0.9933     0.1307     1.1880
    22    6 C        3.9552    -0.1869     1.2809
    23    6 C        4.1070     0.0030     1.2786
    24    8 O        1.9917    -0.4209     1.4037
    25    1 H        0.9918     0.1220     1.1880
    26    1 H        0.9915     0.1345     1.1880
    27    1 H        0.9915     0.1321     1.1880
    28    1 H        0.9913     0.1359     1.1880
    29    1 H        0.9913     0.1338     1.1880
    30   53 I        0.9944    -0.1578     1.3140
    31    6 C        3.0150    -0.0672     1.2960
    32    6 C        3.0119    -0.0708     1.2961
    33    6 C        3.0163    -0.0601     1.2960
    34    6 C        3.0206     0.0181     1.2959
    35    6 C        3.0164    -0.0648     1.2960
    36    6 C        3.0119    -0.0724     1.2961
    37    6 C        3.8948     0.2576     1.2818
    38    8 O        1.9866    -0.3605     1.4039
    39    8 O        1.9851    -0.3730     1.4040
    40    1 H        0.9928     0.1437     1.1880
    41    1 H        0.9929     0.1437     1.1880
    42    1 H        0.9929     0.1553     1.1880
    43    1 H        0.9929     0.1501     1.1880
    44    1 H        0.9929     0.1424     1.1880
--------------------------------------------------
     Σ                          1.0000
--------------------------------------------------

Electrostatic energy:    2.7884673049011E-01 Eh

[Info] JSON dump of results written to 'multicharge.json'
