[Info] Molecular spin read from './.UHF'
xTB calculator
 | Coulomb electrostatics
 |  * isotropic Klopman-Ohno electrostatics
 |  * onsite third-order electrostatics
CEH guess
integral cutoff           4.0000000000000E+01 bohr

Atomic charges (in atomic units):
---------------------------------------------------------
     #    Z                 q
---------------------------------------------------------
     1   98 Cf       0.886404
     2    1 H       -0.299232
     3    1 H       -0.297647
     4    1 H       -0.289525
---------------------------------------------------------

Atomic dipole moments (in atomic units):
---------------------------------------------------------
     #    Z                 x            y            z
---------------------------------------------------------
     1   98 Cf      -0.268372    -0.348119     0.606546
     2    1 H       -0.042545    -0.070551    -0.094817
     3    1 H       -0.041840     0.117568     0.012041
     4    1 H        0.124474    -0.003113     0.007813
---------------------------------------------------------
           total    -0.575789    -0.778421     1.366733
---------------------------------------------------------

[Info] JSON dump of results written to 'tblite.json'
