Charge model parameter:
------------------------------------------------------
   Z          chi/Eh     kcn/Eh     eta/Eh     rad/AA
------------------------------------------------------
  97 Bk       1.1683     0.0046     0.5532     0.7618
   6 C        1.4003     0.0601     0.6166     0.9994
   8 O        1.5687     0.1169     0.6793     0.6518
   1 H        1.2370     0.0492     1.0964     0.2919
   7 N        1.5582     0.0928     0.6565     0.6998
------------------------------------------------------

Electrostatic properties (in atomic units):
--------------------------------------------------
     #    Z              CN          q        chi
--------------------------------------------------
     1   97 Bk       5.1071     0.5859     1.1579
     2    6 C        4.0239    -0.0860     1.2798
     3    8 O        1.9924    -0.3920     1.4037
     4    1 H        0.9905     0.1011     1.1880
     5    1 H        0.9904     0.1001     1.1880
     6    1 H        0.9906     0.1023     1.1880
     7    6 C        4.0175    -0.0898     1.2799
     8    8 O        1.9923    -0.3966     1.4037
     9    1 H        0.9901     0.0943     1.1880
    10    1 H        0.9906     0.1020     1.1880
    11    1 H        0.9905     0.0999     1.1880
    12    6 C        1.9235     0.0288     1.3170
    13    7 N        1.9500    -0.3909     1.4286
    14    6 C        4.0901    -0.0631     1.2788
    15    6 C        3.9807    -0.1518     1.2805
    16    6 C        3.9858    -0.1531     1.2804
    17    6 C        4.0874    -0.0588     1.2789
    18    8 O        2.9419    -0.2626     1.3682
    19    1 H        0.9911     0.1014     1.1880
    20    1 H        0.9920     0.1104     1.1880
    21    1 H        0.9915     0.1059     1.1880
    22    1 H        0.9919     0.0894     1.1880
    23    1 H        0.9919     0.0934     1.1880
    24    1 H        0.9915     0.0978     1.1880
    25    1 H        0.9917     0.1257     1.1880
    26    1 H        0.9917     0.1063     1.1880
--------------------------------------------------
     Σ                          0.0000
--------------------------------------------------

Electrostatic energy:   -1.9039670653867E-01 Eh

[Info] JSON dump of results written to 'multicharge.json'
