[Info] Molecular charge read from './.CHRG'
[Info] Molecular spin read from './.UHF'
xTB calculator
 | Coulomb electrostatics
 |  * isotropic Klopman-Ohno electrostatics
 |  * onsite third-order electrostatics
CEH guess
integral cutoff           4.0000000000000E+01 bohr

Atomic charges (in atomic units):
---------------------------------------------------------
     #    Z                 q
---------------------------------------------------------
     1  101 Md       0.742243
     2    6 C       -0.034900
     3    6 C        0.148574
     4    8 O       -0.292415
     5    8 O       -0.277251
     6    7 N       -0.064383
     7    1 H        0.052406
     8    1 H        0.058856
     9    1 H        0.085316
    10    1 H        0.087195
    11    6 C        0.075795
    12    6 C        0.064002
    13    7 N        0.066753
    14    6 C        0.068933
    15    6 C        0.080413
    16    7 N        0.047183
    17    1 H        0.090762
    18    1 H        0.071685
    19    1 H        0.071910
    20    1 H        0.093681
    21    6 C        0.007493
    22    6 C       -0.026865
    23    6 C        0.019197
    24    6 C       -0.021903
    25    6 C        0.003877
    26    6 C       -0.031241
    27    6 C        0.271895
    28    8 O       -0.234910
    29    8 O       -0.090162
    30    1 H        0.057594
    31    1 H        0.055024
    32    1 H        0.049318
    33    1 H        0.030931
    34    1 H        0.050675
    35    1 H        0.213136
    36    8 O       -0.264219
    37    1 H        0.173329
    38    1 H        0.170304
    39    6 C       -0.088816
    40    6 C        0.166367
    41    7 N        0.000209
    42    1 H        0.085660
    43    1 H        0.082774
    44    1 H        0.083575
---------------------------------------------------------

Atomic dipole moments (in atomic units):
---------------------------------------------------------
     #    Z                 x            y            z
---------------------------------------------------------
     1  101 Md       0.336530    -0.079403     0.142882
     2    6 C       -0.072827     0.043736    -0.201818
     3    6 C       -0.001919    -0.012623     0.046669
     4    8 O        0.025656     0.115307     0.023154
     5    8 O        0.076076    -0.082404    -0.045037
     6    7 N        0.230626    -0.019652     0.169571
     7    1 H        0.075874    -0.107402     0.002286
     8    1 H        0.016601     0.108672     0.073536
     9    1 H        0.048126    -0.073485    -0.049667
    10    1 H        0.017046     0.100053     0.004835
    11    6 C        0.029361     0.022736    -0.121690
    12    6 C        0.037561    -0.070436    -0.135011
    13    7 N       -0.017406     0.155772    -0.002343
    14    6 C       -0.030776    -0.073091     0.138933
    15    6 C       -0.033448     0.019973     0.121460
    16    7 N        0.015781    -0.203951     0.001730
    17    1 H       -0.034680     0.071411     0.107523
    18    1 H       -0.017897    -0.070946     0.112119
    19    1 H        0.033627    -0.064618    -0.110921
    20    1 H        0.023323     0.075526    -0.109050
    21    6 C       -0.021667     0.007047    -0.003148
    22    6 C       -0.011861     0.013766    -0.009726
    23    6 C       -0.038970     0.038651    -0.024608
    24    6 C       -0.056709     0.011232    -0.005982
    25    6 C       -0.047423    -0.018990     0.016793
    26    6 C       -0.018224    -0.006907     0.009829
    27    6 C       -0.079930    -0.084817     0.026375
    28    8 O        0.034373    -0.064826     0.023686
    29    8 O        0.096354     0.003295    -0.002181
    30    1 H        0.135528    -0.014397     0.001942
    31    1 H        0.056928    -0.096475     0.075925
    32    1 H       -0.069918    -0.085823     0.083395
    33    1 H       -0.057216     0.093963    -0.081159
    34    1 H        0.077311     0.080550    -0.075568
    35    1 H        0.079291    -0.089017     0.010622
    36    8 O       -0.050885    -0.032519    -0.082712
    37    1 H       -0.095434     0.059132    -0.056186
    38    1 H        0.030585    -0.101886    -0.070041
    39    6 C        0.026472     0.004746    -0.007318
    40    6 C       -0.205920    -0.041327     0.060545
    41    7 N        0.106752     0.020296    -0.033432
    42    1 H       -0.086790     0.085373    -0.089273
    43    1 H       -0.006555     0.039913     0.145014
    44    1 H       -0.020815    -0.147763    -0.021520
---------------------------------------------------------
           total     0.123896     3.074616    -1.930266
---------------------------------------------------------

[Info] JSON dump of results written to 'tblite.json'
