[Info] Molecular charge read from '.CHRG'

Charge model parameter:
------------------------------------------------------
   Z          chi/Eh     kcn/Eh     eta/Eh     rad/AA
------------------------------------------------------
  97 Bk       1.1683     0.0046     0.5532     0.7618
   7 N        1.5582     0.0928     0.6565     0.6998
   6 C        1.4003     0.0601     0.6166     0.9994
   1 H        1.2370     0.0492     1.0964     0.2919
   8 O        1.5687     0.1169     0.6793     0.6518
  53 I        1.4034     0.0897     0.3054     2.0116
------------------------------------------------------

Electrostatic properties (in atomic units):
--------------------------------------------------
     #    Z              CN          q        chi
--------------------------------------------------
     1   97 Bk       5.4863     0.5720     1.1575
     2    7 N        3.9229    -0.5695     1.3744
     3    6 C        4.0764    -0.0157     1.2790
     4    6 C        4.0977    -0.0157     1.2787
     5    7 N        3.9163    -0.5627     1.3746
     6    1 H        0.9977     0.2571     1.1878
     7    1 H        1.0187     0.2500     1.1873
     8    1 H        0.9915     0.1331     1.1880
     9    1 H        0.9914     0.1451     1.1880
    10    1 H        0.9913     0.1396     1.1880
    11    1 H        0.9914     0.1353     1.1880
    12    1 H        0.9993     0.2628     1.1878
    13    1 H        1.0016     0.2681     1.1877
    14    6 C        4.0831     0.0182     1.2789
    15    6 C        3.2860     0.3158     1.2914
    16    8 O        1.0004    -0.2963     1.4517
    17    8 O        1.9941    -0.2912     1.4036
    18    7 N        3.9122    -0.5764     1.3747
    19    1 H        0.9917     0.1520     1.1880
    20    1 H        0.9915     0.1453     1.1880
    21    1 H        1.0168     0.2627     1.1874
    22    1 H        0.9967     0.2589     1.1879
    23   53 I        0.9937     0.0115     1.3140
--------------------------------------------------
     Σ                          1.0000
--------------------------------------------------

Electrostatic energy:    3.7164034935839E-01 Eh

[Info] JSON dump of results written to 'multicharge.json'
