[Info] Molecular charge read from '.CHRG'

Charge model parameter:
------------------------------------------------------
   Z          chi/Eh     kcn/Eh     eta/Eh     rad/AA
------------------------------------------------------
  98 Cf       1.0089     0.0039     0.6196     0.6803
   7 N        1.5582     0.0928     0.6565     0.6998
   6 C        1.4003     0.0601     0.6166     0.9994
   1 H        1.2370     0.0492     1.0964     0.2919
  17 Cl       1.4815     0.1368     0.7586     0.7238
------------------------------------------------------

Electrostatic properties (in atomic units):
--------------------------------------------------
     #    Z              CN          q        chi
--------------------------------------------------
     1   98 Cf       4.8733     0.8840     1.0003
     2    7 N        3.9406    -0.5985     1.3740
     3    6 C        4.2941     0.0080     1.2758
     4    6 C        4.1296    -0.0097     1.2782
     5    7 N        3.9449    -0.4662     1.3739
     6    6 C        4.1711    -0.0079     1.2776
     7    6 C        4.1560     0.0046     1.2779
     8    7 N        3.9399    -0.6009     1.3740
     9    1 H        1.0019     0.2998     1.1877
    10    1 H        0.9999     0.3067     1.1878
    11    1 H        0.9916     0.1530     1.1880
    12    1 H        0.9914     0.1789     1.1880
    13    1 H        0.9916     0.1605     1.1880
    14    1 H        0.9914     0.1726     1.1880
    15    1 H        1.0373     0.2660     1.1869
    16    1 H        0.9914     0.1668     1.1880
    17    1 H        0.9913     0.1696     1.1880
    18    1 H        0.9913     0.1584     1.1880
    19    1 H        0.9915     0.1798     1.1880
    20    1 H        0.9993     0.3046     1.1878
    21    1 H        1.0116     0.2956     1.1875
    22   17 Cl       0.9982    -0.0257     1.3448
--------------------------------------------------
     Σ                          2.0000
--------------------------------------------------

Electrostatic energy:    9.4761108707097E-01 Eh

[Info] JSON dump of results written to 'multicharge.json'
