[Info] Molecular charge read from '.CHRG'

Charge model parameter:
------------------------------------------------------
   Z          chi/Eh     kcn/Eh     eta/Eh     rad/AA
------------------------------------------------------
  91 Pa       1.0721     0.0037     0.5511     0.7643
   6 C        1.4003     0.0601     0.6166     0.9994
   8 O        1.5687     0.1169     0.6793     0.6518
   1 H        1.2370     0.0492     1.0964     0.2919
   7 N        1.5582     0.0928     0.6565     0.6998
  17 Cl       1.4815     0.1368     0.7586     0.7238
------------------------------------------------------

Electrostatic properties (in atomic units):
--------------------------------------------------
     #    Z              CN          q        chi
--------------------------------------------------
     1   91 Pa       4.3254     0.9457     1.0644
     2    6 C        4.0782     0.0027     1.2790
     3    6 C        3.9778    -0.0523     1.2805
     4    6 C        3.9769    -0.0542     1.2805
     5    6 C        4.0634     0.0043     1.2792
     6    8 O        2.8650    -0.3159     1.3708
     7    1 H        0.9916     0.2029     1.1880
     8    1 H        0.9917     0.2046     1.1880
     9    1 H        0.9916     0.2143     1.1880
    10    1 H        0.9911     0.2268     1.1880
    11    1 H        0.9912     0.2251     1.1880
    12    1 H        0.9916     0.2136     1.1880
    13    1 H        0.9917     0.2032     1.1880
    14    1 H        0.9915     0.2006     1.1880
    15    6 C        3.9541    -0.0169     1.2809
    16    6 C        2.0587     0.2334     1.3141
    17    7 N        1.9904    -0.3039     1.4273
    18    1 H        0.9901     0.2415     1.1880
    19    1 H        0.9901     0.2447     1.1880
    20    1 H        0.9902     0.2404     1.1880
    21   17 Cl       0.9985     0.0718     1.3448
    22   17 Cl       0.9985     0.0677     1.3448
--------------------------------------------------
     Σ                          3.0000
--------------------------------------------------

Electrostatic energy:    1.6785833257908E+00 Eh

[Info] JSON dump of results written to 'multicharge.json'
