[Info] Molecular spin read from './.UHF'
xTB calculator
 | Coulomb electrostatics
 |  * isotropic Klopman-Ohno electrostatics
 |  * onsite third-order electrostatics
CEH guess
integral cutoff           4.0000000000000E+01 bohr

Atomic charges (in atomic units):
---------------------------------------------------------
     #    Z                 q
---------------------------------------------------------
     1   96 Cm       0.578988
     2   53 I       -0.192642
     3   53 I       -0.192446
     4   53 I       -0.193900
---------------------------------------------------------

Atomic dipole moments (in atomic units):
---------------------------------------------------------
     #    Z                 x            y            z
---------------------------------------------------------
     1   96 Cm      -0.199278    -0.286083     0.502276
     2   53 I       -0.036549    -0.051764    -0.061259
     3   53 I       -0.036828     0.079207     0.013047
     4   53 I        0.085933    -0.007419     0.013459
---------------------------------------------------------
           total    -0.480123    -0.686872     1.205950
---------------------------------------------------------

[Info] JSON dump of results written to 'tblite.json'
