Charge model parameter:
------------------------------------------------------
   Z          chi/Eh     kcn/Eh     eta/Eh     rad/AA
------------------------------------------------------
  96 Cm       1.1100     0.0071     0.5609     0.7515
   3 Li       0.5434    -0.1235     0.9742     0.4791
   4 Be       0.9967    -0.0267     0.6200     0.8028
------------------------------------------------------

Electrostatic properties (in atomic units):
--------------------------------------------------
     #    Z              CN          q        chi
--------------------------------------------------
     1   96 Cm       1.6277    -0.2550     1.1010
     2    3 Li       1.6397     0.3659     0.7016
     3    4 Be       1.8218    -0.1109     1.0326
--------------------------------------------------
     Σ                          0.0000
--------------------------------------------------

Electrostatic energy:   -6.9275770055743E-02 Eh

[Info] JSON dump of results written to 'multicharge.json'
