Charge model parameter:
------------------------------------------------------
   Z          chi/Eh     kcn/Eh     eta/Eh     rad/AA
------------------------------------------------------
  91 Pa       1.0721     0.0037     0.5511     0.7643
   6 C        1.4003     0.0601     0.6166     0.9994
   7 N        1.5582     0.0928     0.6565     0.6998
   8 O        1.5687     0.1169     0.6793     0.6518
   1 H        1.2370     0.0492     1.0964     0.2919
  15 P        1.5267     0.1425     0.7308     0.7313
  16 S        1.4077     0.0713     0.5171     1.1581
  17 Cl       1.4815     0.1368     0.7586     0.7238
------------------------------------------------------

Electrostatic properties (in atomic units):
--------------------------------------------------
     #    Z              CN          q        chi
--------------------------------------------------
     1   91 Pa       6.2319     0.9574     1.0628
     2    6 C        1.9801     0.1060     1.3158
     3    7 N        1.0133    -0.3466     1.4648
     4    8 O        1.9917    -0.5555     1.4037
     5    1 H        1.0062     0.3127     1.1876
     6    6 C        3.9578    -0.2183     1.2808
     7   15 P        4.3385     0.2068     1.2299
     8    8 O        1.9894    -0.4043     1.4038
     9    6 C        3.9575    -0.2206     1.2808
    10    6 C        3.9576    -0.2259     1.2808
    11    1 H        0.9935     0.1102     1.1879
    12    1 H        0.9945     0.1292     1.1879
    13    1 H        0.9949     0.1347     1.1879
    14    1 H        0.9943     0.1124     1.1879
    15    1 H        0.9940     0.1560     1.1879
    16    1 H        0.9951     0.1305     1.1879
    17    1 H        0.9935     0.1097     1.1879
    18    1 H        0.9954     0.1281     1.1879
    19    1 H        0.9942     0.1263     1.1879
    20    6 C        1.9750     0.0809     1.3159
    21    7 N        1.0116    -0.3818     1.4649
    22   16 S        1.0146    -0.0612     1.3359
    23    6 C        2.0919     0.1885     1.3134
    24    7 N        2.0105    -0.4340     1.4266
    25   17 Cl       0.9926    -0.1412     1.3452
--------------------------------------------------
     Σ                         -0.0000
--------------------------------------------------

Electrostatic energy:   -3.3452865605384E-01 Eh

[Info] JSON dump of results written to 'multicharge.json'
