[Info] Molecular charge read from './.CHRG'
[Info] Molecular spin read from './.UHF'
xTB calculator
 | Coulomb electrostatics
 |  * isotropic Klopman-Ohno electrostatics
 |  * onsite third-order electrostatics
CEH guess
integral cutoff           4.0000000000000E+01 bohr

Atomic charges (in atomic units):
---------------------------------------------------------
     #    Z                 q
---------------------------------------------------------
     1   99 Es       0.432726
     2   17 Cl      -0.483613
     3    6 C       -0.023017
     4    8 O       -0.348938
     5    1 H        0.022234
     6    1 H        0.027684
     7    1 H        0.024008
     8    8 O       -0.482314
     9    1 H        0.069463
    10    6 C       -0.105699
    11   15 P        0.168823
    12    6 C       -0.111678
    13    6 C       -0.110392
    14    1 H        0.027672
    15    1 H        0.040627
    16    1 H        0.036606
    17    1 H        0.027413
    18    1 H        0.036804
    19    1 H        0.043459
    20    1 H        0.026921
    21    1 H        0.038602
    22    1 H        0.037790
    23   16 S       -0.232850
    24    6 C       -0.002738
    25    7 N       -0.159594
---------------------------------------------------------

Atomic dipole moments (in atomic units):
---------------------------------------------------------
     #    Z                 x            y            z
---------------------------------------------------------
     1   99 Es      -0.192278     0.029610    -0.411189
     2   17 Cl      -0.011276    -0.019660    -0.025161
     3    6 C       -0.033565    -0.038890     0.202294
     4    8 O        0.011031     0.016890    -0.112342
     5    1 H       -0.018210    -0.106034    -0.075191
     6    1 H        0.124975     0.041490    -0.026824
     7    1 H       -0.077136     0.092114    -0.049133
     8    8 O       -0.013313    -0.122952     0.025258
     9    1 H       -0.045020    -0.123867     0.021410
    10    6 C       -0.024736    -0.019131     0.005049
    11   15 P       -0.047726     0.056596    -0.016004
    12    6 C        0.002139     0.011343     0.028118
    13    6 C        0.009764     0.007294    -0.026708
    14    1 H       -0.120827     0.094365    -0.009752
    15    1 H        0.090875     0.009180    -0.124212
    16    1 H        0.082984     0.019043     0.126243
    17    1 H       -0.107350     0.110154     0.000582
    18    1 H       -0.052138    -0.140740     0.021805
    19    1 H        0.089171     0.005272    -0.126598
    20    1 H       -0.100496     0.112558    -0.035344
    21    1 H        0.084890     0.025105     0.125580
    22    1 H       -0.056590    -0.141957     0.002615
    23   16 S        0.030573    -0.114419     0.052673
    24    6 C       -0.002289     0.025662    -0.012127
    25    7 N        0.010877    -0.040298     0.019702
---------------------------------------------------------
           total    -1.330744     2.839840    -3.980953
---------------------------------------------------------

[Info] JSON dump of results written to 'tblite.json'
