[Info] Molecular charge read from './.CHRG'
[Info] Molecular spin read from './.UHF'
xTB calculator
 | Coulomb electrostatics
 |  * isotropic Klopman-Ohno electrostatics
 |  * onsite third-order electrostatics
CEH guess
integral cutoff           4.0000000000000E+01 bohr

Atomic charges (in atomic units):
---------------------------------------------------------
     #    Z                 q
---------------------------------------------------------
     1   98 Cf       0.835461
     2    7 N        0.283553
     3    8 O       -0.153721
     4    8 O       -0.204639
     5    8 O       -0.201596
     6    6 C        0.021407
     7    8 O       -0.146609
     8    1 H        0.045856
     9    1 H        0.062950
    10    1 H        0.050988
    11    1 H        0.176049
    12    6 C       -0.020222
    13    6 C       -0.038044
    14    6 C        0.006516
    15    6 C       -0.007346
    16    6 C       -0.009514
    17    6 C       -0.042010
    18    6 C        0.249865
    19    8 O       -0.149311
    20    8 O       -0.125540
    21    1 H        0.044651
    22    1 H        0.043962
    23    1 H        0.043795
    24    1 H        0.029369
    25    1 H        0.040341
    26    1 H        0.197110
    27    7 N       -0.091044
    28    1 H        0.111499
    29    1 H        0.108786
    30    1 H        0.109440
    31   16 S       -0.016621
    32    6 C        0.023106
    33    7 N       -0.278491
---------------------------------------------------------

Atomic dipole moments (in atomic units):
---------------------------------------------------------
     #    Z                 x            y            z
---------------------------------------------------------
     1   98 Cf      -0.023674     0.331329     0.042777
     2    7 N        0.020310    -0.031058     0.004208
     3    8 O        0.107628    -0.197421     0.042531
     4    8 O       -0.161945     0.078479     0.153305
     5    8 O        0.053339     0.127305    -0.192387
     6    6 C        0.095681     0.262620     0.017062
     7    8 O       -0.102555    -0.030761     0.021952
     8    1 H       -0.057688    -0.025209     0.124338
     9    1 H        0.116801    -0.094469    -0.024317
    10    1 H       -0.093263    -0.001930    -0.106855
    11    1 H       -0.089140     0.079626     0.026837
    12    6 C       -0.022385     0.004095    -0.009104
    13    6 C       -0.001293     0.014744    -0.008961
    14    6 C       -0.031031     0.036701    -0.027986
    15    6 C       -0.046979     0.005317    -0.014300
    16    6 C       -0.042961    -0.024617     0.000649
    17    6 C       -0.011050    -0.013651     0.006328
    18    6 C       -0.096617    -0.070602     0.050203
    19    8 O        0.015053    -0.043500     0.071787
    20    8 O        0.100504     0.006210     0.018136
    21    1 H        0.127992    -0.000568     0.043841
    22    1 H        0.045904    -0.105026     0.071433
    23    1 H       -0.072738    -0.116068     0.025520
    24    1 H       -0.047953     0.104935    -0.075122
    25    1 H        0.080213     0.103542    -0.029476
    26    1 H        0.061719    -0.058806     0.085168
    27    7 N        0.177388    -0.002243    -0.255902
    28    1 H        0.110100     0.003013     0.043640
    29    1 H       -0.037191     0.096112    -0.053422
    30    1 H       -0.026660    -0.104357    -0.046753
    31   16 S        0.027648    -0.124995     0.129374
    32    6 C       -0.016546     0.100872    -0.114174
    33    7 N        0.017305    -0.057710     0.041900
---------------------------------------------------------
           total     2.000407    -1.351306    -0.409896
---------------------------------------------------------

[Info] JSON dump of results written to 'tblite.json'
