[Info] Molecular spin read from './.UHF'
xTB calculator
 | Coulomb electrostatics
 |  * isotropic Klopman-Ohno electrostatics
 |  * onsite third-order electrostatics
CEH guess
integral cutoff           4.0000000000000E+01 bohr

Atomic charges (in atomic units):
---------------------------------------------------------
     #    Z                 q
---------------------------------------------------------
     1   90 Th       0.147052
     2    3 Li       0.089241
     3    3 Li       0.088913
     4    1 H       -0.325206
---------------------------------------------------------

Atomic dipole moments (in atomic units):
---------------------------------------------------------
     #    Z                 x            y            z
---------------------------------------------------------
     1   90 Th      -0.398251    -0.237694     0.418815
     2    3 Li      -0.256937    -0.458582    -0.510790
     3    3 Li      -0.259404     0.673012     0.131303
     4    1 H        0.171557    -0.010693     0.019064
---------------------------------------------------------
           total    -2.412086     0.213871    -0.385553
---------------------------------------------------------

[Info] JSON dump of results written to 'tblite.json'
