[Info] Molecular charge read from '.CHRG'

Charge model parameter:
------------------------------------------------------
   Z          chi/Eh     kcn/Eh     eta/Eh     rad/AA
------------------------------------------------------
  90 Th       1.0989     0.0159     0.6181     0.6812
   6 C        1.4003     0.0601     0.6166     0.9994
   8 O        1.5687     0.1169     0.6793     0.6518
   7 N        1.5582     0.0928     0.6565     0.6998
   1 H        1.2370     0.0492     1.0964     0.2919
------------------------------------------------------

Electrostatic properties (in atomic units):
--------------------------------------------------
     #    Z              CN          q        chi
--------------------------------------------------
     1   90 Th       6.2521     0.8554     1.0591
     2    6 C        4.0540     0.0154     1.2794
     3    6 C        3.2546     0.3161     1.2919
     4    8 O        1.0001    -0.3684     1.4518
     5    8 O        1.9917    -0.3118     1.4037
     6    7 N        3.8462    -0.5698     1.3762
     7    1 H        0.9917     0.1418     1.1880
     8    1 H        0.9914     0.1356     1.1880
     9    1 H        0.9988     0.2798     1.1878
    10    1 H        0.9969     0.2538     1.1879
    11    7 N        3.8930    -0.7285     1.3751
    12    1 H        1.0008     0.2838     1.1878
    13    1 H        1.0005     0.2898     1.1878
    14    1 H        0.9976     0.2785     1.1878
    15    6 C        4.0438    -0.0418     1.2795
    16    8 O        1.9914    -0.3708     1.4037
    17    1 H        0.9913     0.1382     1.1880
    18    1 H        0.9913     0.1378     1.1880
    19    1 H        0.9914     0.1455     1.1880
    20    8 O        1.9914    -0.5066     1.4037
    21    1 H        1.0079     0.3155     1.1876
    22    6 C        3.0146    -0.0571     1.2960
    23    6 C        3.0121    -0.0622     1.2961
    24    6 C        3.0173    -0.0549     1.2960
    25    6 C        3.0200     0.0191     1.2959
    26    6 C        3.0139    -0.0578     1.2960
    27    6 C        3.0122    -0.0574     1.2961
    28    6 C        3.2342     0.2614     1.2923
    29    8 O        1.9417    -0.3082     1.4058
    30    8 O        1.9914    -0.4226     1.4037
    31    1 H        0.9929     0.1527     1.1880
    32    1 H        0.9930     0.1507     1.1880
    33    1 H        0.9929     0.1553     1.1880
    34    1 H        0.9924     0.1621     1.1880
    35    1 H        0.9930     0.1547     1.1880
    36    1 H        0.9928     0.2748     1.1880
--------------------------------------------------
     Σ                          1.0000
--------------------------------------------------

Electrostatic energy:    1.7517861985837E-01 Eh

[Info] JSON dump of results written to 'multicharge.json'
