Charge model parameter:
------------------------------------------------------
   Z          chi/Eh     kcn/Eh     eta/Eh     rad/AA
------------------------------------------------------
  96 Cm       1.1100     0.0071     0.5609     0.7515
   1 H        1.2370     0.0492     1.0964     0.2919
------------------------------------------------------

Electrostatic properties (in atomic units):
--------------------------------------------------
     #    Z              CN          q        chi
--------------------------------------------------
     1   96 Cm       4.7133     0.2378     1.0946
     2    1 H        0.9438    -0.0477     1.1892
     3    1 H        0.9437    -0.0477     1.1892
     4    1 H        0.9735    -0.0471     1.1884
     5    1 H        0.9437    -0.0477     1.1892
     6    1 H        0.9438    -0.0477     1.1892
--------------------------------------------------
     Σ                          0.0000
--------------------------------------------------

Electrostatic energy:   -1.1228995293634E-02 Eh

[Info] JSON dump of results written to 'multicharge.json'
