Charge model parameter:
------------------------------------------------------
   Z          chi/Eh     kcn/Eh     eta/Eh     rad/AA
------------------------------------------------------
  91 Pa       1.0721     0.0037     0.5511     0.7643
  53 I        1.4034     0.0897     0.3054     2.0116
------------------------------------------------------

Electrostatic properties (in atomic units):
--------------------------------------------------
     #    Z              CN          q        chi
--------------------------------------------------
     1   91 Pa       3.9630     0.6863     1.0647
     2   53 I        0.9952    -0.1718     1.3139
     3   53 I        0.9953    -0.1715     1.3139
     4   53 I        0.9953    -0.1716     1.3139
     5   53 I        0.9953    -0.1714     1.3139
--------------------------------------------------
     Σ                          0.0000
--------------------------------------------------

Electrostatic energy:   -8.5519310546890E-02 Eh

[Info] JSON dump of results written to 'multicharge.json'
