[Info] Molecular charge read from './.CHRG'
xTB calculator
 | Coulomb electrostatics
 |  * isotropic Klopman-Ohno electrostatics
 |  * onsite third-order electrostatics
CEH guess
integral cutoff           4.0000000000000E+01 bohr

Atomic charges (in atomic units):
---------------------------------------------------------
     #    Z                 q
---------------------------------------------------------
     1  102 No       0.584243
     2    7 N        0.230306
     3    8 O       -0.321320
     4    8 O       -0.282581
     5    8 O       -0.283329
     6   16 S       -0.478949
     7    6 C       -0.048247
     8    7 N       -0.311135
     9    7 N       -0.358763
    10    7 N        0.061378
    11    7 N       -0.441175
    12    7 N       -0.100689
    13    8 O       -0.261137
    14    8 O       -0.271459
    15    6 C        0.014965
    16    6 C       -0.038622
    17    6 C       -0.033332
    18    6 C        0.021694
    19    8 O       -0.106008
    20    1 H        0.012607
    21    1 H        0.076470
    22    1 H        0.018540
    23    1 H        0.036480
    24    1 H        0.020215
    25    1 H        0.029783
    26    1 H        0.069820
    27    1 H        0.016295
    28    6 C        0.055162
    29    8 O        0.088786
---------------------------------------------------------

Atomic dipole moments (in atomic units):
---------------------------------------------------------
     #    Z                 x            y            z
---------------------------------------------------------
     1  102 No      -0.347304    -0.018225    -0.214606
     2    7 N       -0.006237    -0.005503     0.008145
     3    8 O        0.168509    -0.070064     0.166342
     4    8 O        0.071157     0.129648    -0.199203
     5    8 O       -0.238541    -0.056666     0.034352
     6   16 S        0.059442    -0.037097    -0.042704
     7    6 C        0.017597    -0.012337    -0.014563
     8    7 N        0.063405    -0.039095    -0.040785
     9    7 N        0.028281    -0.215735     0.374763
    10    7 N        0.007106     0.001231    -0.006535
    11    7 N       -0.017410     0.203495    -0.359192
    12    7 N       -0.063246    -0.393853    -0.107167
    13    8 O       -0.169860     0.122626     0.026206
    14    8 O        0.197790     0.072041     0.025319
    15    6 C       -0.175194     0.130589    -0.097843
    16    6 C       -0.080202     0.056530     0.042626
    17    6 C       -0.031690    -0.051652     0.093127
    18    6 C        0.052578    -0.212582     0.086289
    19    8 O        0.120384     0.056018    -0.036569
    20    1 H        0.060223     0.068449     0.076247
    21    1 H       -0.014620    -0.133363     0.027507
    22    1 H       -0.043860    -0.102279    -0.064086
    23    1 H        0.130543     0.020117     0.019044
    24    1 H       -0.057865    -0.035818    -0.111281
    25    1 H        0.084066     0.100244     0.002774
    26    1 H       -0.114410     0.025982    -0.059465
    27    1 H        0.039648     0.082815     0.074580
    28    6 C        0.048502    -0.101678     0.145162
    29    8 O        0.013555    -0.027704     0.037898
---------------------------------------------------------
           total     3.522269     1.671028    -0.156115
---------------------------------------------------------

[Info] JSON dump of results written to 'tblite.json'
