Charge model parameter:
------------------------------------------------------
   Z          chi/Eh     kcn/Eh     eta/Eh     rad/AA
------------------------------------------------------
 100 Fm       1.0767     0.0040     0.5988     0.7039
   6 C        1.4003     0.0601     0.6166     0.9994
   8 O        1.5687     0.1169     0.6793     0.6518
   1 H        1.2370     0.0492     1.0964     0.2919
  15 P        1.5267     0.1425     0.7308     0.7313
   7 N        1.5582     0.0928     0.6565     0.6998
------------------------------------------------------

Electrostatic properties (in atomic units):
--------------------------------------------------
     #    Z              CN          q        chi
--------------------------------------------------
     1  100 Fm       6.7836     0.8422     1.0663
     2    6 C        3.9605    -0.1997     1.2808
     3    6 C        3.1575     0.0913     1.2936
     4    6 C        3.0010    -0.0959     1.2963
     5    6 C        3.1503     0.0908     1.2937
     6    8 O        1.9876    -0.3640     1.4039
     7    6 C        3.9605    -0.2006     1.2808
     8    8 O        1.9893    -0.3616     1.4038
     9    1 H        0.9922     0.0911     1.1880
    10    1 H        0.9916     0.1086     1.1880
    11    1 H        0.9916     0.1056     1.1880
    12    1 H        0.9933     0.0968     1.1880
    13    1 H        0.9923     0.0916     1.1880
    14    1 H        0.9915     0.1064     1.1880
    15    1 H        0.9916     0.1066     1.1880
    16    6 C        4.1049    -0.0549     1.2786
    17    6 C        3.9859    -0.1526     1.2804
    18    6 C        3.9848    -0.1488     1.2804
    19    6 C        4.1057    -0.0504     1.2786
    20    8 O        2.9307    -0.2606     1.3685
    21    1 H        0.9911     0.1109     1.1880
    22    1 H        0.9920     0.1181     1.1880
    23    1 H        0.9914     0.1012     1.1880
    24    1 H        0.9919     0.0924     1.1880
    25    1 H        0.9919     0.0912     1.1880
    26    1 H        0.9915     0.1135     1.1880
    27    1 H        0.9912     0.1069     1.1880
    28    1 H        0.9923     0.1230     1.1880
    29    6 C        4.1709    -0.0873     1.2776
    30    8 O        1.9894    -0.3214     1.4038
    31   15 P        4.1969     0.2893     1.2348
    32    8 O        2.9182    -0.2633     1.3690
    33    6 C        4.1224    -0.0964     1.2784
    34    8 O        1.9893    -0.3278     1.4038
    35    6 C        4.1988    -0.0853     1.2772
    36    1 H        0.9919     0.1185     1.1880
    37    1 H        0.9919     0.1065     1.1880
    38    1 H        0.9914     0.1033     1.1880
    39    1 H        0.9923     0.1208     1.1880
    40    1 H        0.9918     0.1202     1.1880
    41    1 H        0.9919     0.1249     1.1880
    42    1 H        0.9920     0.1055     1.1880
    43    1 H        0.9915     0.1170     1.1880
    44    1 H        0.9914     0.1109     1.1880
    45    6 C        1.0561    -0.0030     1.3386
    46    7 N        1.9903    -0.4049     1.4273
    47    6 C        1.0552    -0.0142     1.3386
    48    7 N        1.9899    -0.4126     1.4273
--------------------------------------------------
     Σ                         -0.0000
--------------------------------------------------

Electrostatic energy:   -3.8421467406717E-01 Eh

[Info] JSON dump of results written to 'multicharge.json'
