[Info] Molecular spin read from './.UHF'
xTB calculator
 | Coulomb electrostatics
 |  * isotropic Klopman-Ohno electrostatics
 |  * onsite third-order electrostatics
CEH guess
integral cutoff           4.0000000000000E+01 bohr

Atomic charges (in atomic units):
---------------------------------------------------------
     #    Z                 q
---------------------------------------------------------
     1   97 Bk       0.592183
     2    6 C        0.017076
     3    6 C       -0.043939
     4    6 C       -0.042308
     5    6 C        0.024266
     6    8 O       -0.086915
     7    1 H        0.062332
     8    1 H        0.028182
     9    1 H        0.063942
    10    1 H        0.031268
    11    1 H        0.033289
    12    1 H        0.061147
    13    1 H        0.052304
    14    1 H        0.034859
    15   16 S       -0.103764
    16    6 C        0.058083
    17    7 N       -0.291809
    18    6 C       -0.239731
    19    7 N       -0.223885
    20   53 I       -0.230184
    21    7 N       -0.084646
    22    1 H        0.094780
    23    1 H        0.097847
    24    1 H        0.095625
---------------------------------------------------------

Atomic dipole moments (in atomic units):
---------------------------------------------------------
     #    Z                 x            y            z
---------------------------------------------------------
     1   97 Bk       0.008098     0.305982    -0.082050
     2    6 C        0.025063    -0.140549     0.192770
     3    6 C       -0.084227    -0.024505     0.086008
     4    6 C       -0.103160    -0.047142    -0.054152
     5    6 C       -0.128714     0.082280    -0.189462
     6    8 O        0.108702     0.057416    -0.015687
     7    1 H       -0.049827    -0.048248    -0.116357
     8    1 H       -0.038614     0.112677     0.031514
     9    1 H        0.043159     0.117246    -0.048849
    10    1 H        0.038674    -0.110996    -0.059396
    11    1 H       -0.024503     0.115558     0.056528
    12    1 H        0.119866    -0.056387     0.019166
    13    1 H       -0.038790     0.033282     0.122787
    14    1 H        0.041127    -0.118633    -0.017472
    15   16 S       -0.180338    -0.013100    -0.033735
    16    6 C        0.126667     0.020528     0.012292
    17    7 N       -0.058810     0.013500    -0.028912
    18    6 C        0.008599    -0.045922    -0.099115
    19    7 N       -0.004772    -0.024891    -0.060986
    20   53 I        0.053776    -0.101934    -0.004115
    21    7 N       -0.308163    -0.104779     0.062713
    22    1 H       -0.012930     0.043661     0.105907
    23    1 H        0.012259    -0.115940    -0.008703
    24    1 H       -0.051657     0.051226    -0.081949
---------------------------------------------------------
           total     0.712894    -0.085898    -1.282713
---------------------------------------------------------

[Info] JSON dump of results written to 'tblite.json'
