[Info] Molecular charge read from '.CHRG'

Charge model parameter:
------------------------------------------------------
   Z          chi/Eh     kcn/Eh     eta/Eh     rad/AA
------------------------------------------------------
 100 Fm       1.0767     0.0040     0.5988     0.7039
   6 C        1.4003     0.0601     0.6166     0.9994
   7 N        1.5582     0.0928     0.6565     0.6998
   1 H        1.2370     0.0492     1.0964     0.2919
  53 I        1.4034     0.0897     0.3054     2.0116
------------------------------------------------------

Electrostatic properties (in atomic units):
--------------------------------------------------
     #    Z              CN          q        chi
--------------------------------------------------
     1  100 Fm       5.8443     0.7668     1.0670
     2    6 C        1.9784     0.0629     1.3158
     3    7 N        1.0140    -0.4493     1.4647
     4    6 C        3.0804     0.0391     1.2949
     5    6 C        3.1209     0.0335     1.2942
     6    7 N        2.8919    -0.3235     1.4004
     7    6 C        3.0868     0.0264     1.2948
     8    6 C        3.0803     0.0353     1.2949
     9    7 N        2.0140    -0.4051     1.4265
    10    1 H        0.9925     0.0996     1.1880
    11    1 H        0.9928     0.1274     1.1880
    12    1 H        0.9927     0.1298     1.1880
    13    1 H        0.9925     0.0971     1.1880
    14    7 N        3.9031    -0.7723     1.3749
    15    1 H        0.9996     0.2626     1.1878
    16    1 H        0.9980     0.2552     1.1878
    17    1 H        1.0045     0.2676     1.1877
    18   53 I        0.9846    -0.4154     1.3144
    19    6 C        1.0490    -0.0290     1.3388
    20    7 N        1.9884    -0.4008     1.4273
    21    6 C        1.0532    -0.0064     1.3387
    22    7 N        1.9894    -0.4016     1.4273
--------------------------------------------------
     Σ                         -1.0000
--------------------------------------------------

Electrostatic energy:   -9.7122773549070E-01 Eh

[Info] JSON dump of results written to 'multicharge.json'
