[Info] Molecular charge read from './.CHRG'
xTB calculator
 | Coulomb electrostatics
 |  * isotropic Klopman-Ohno electrostatics
 |  * onsite third-order electrostatics
CEH guess
integral cutoff           4.0000000000000E+01 bohr

Atomic charges (in atomic units):
---------------------------------------------------------
     #    Z                 q
---------------------------------------------------------
     1  102 No       0.375692
     2    6 C       -0.005480
     3    6 C       -0.033006
     4    6 C       -0.011323
     5    6 C       -0.065260
     6    6 C       -0.012211
     7    6 C       -0.028886
     8    6 C        0.137314
     9    8 O       -0.370397
    10    8 O       -0.330614
    11    1 H        0.015271
    12    1 H        0.006396
    13    1 H        0.020607
    14    1 H        0.010584
    15    1 H        0.006494
    16    7 N       -0.055686
    17    8 O       -0.279033
    18    8 O       -0.282036
    19   17 Cl      -0.520166
    20   53 I       -0.578261
---------------------------------------------------------

Atomic dipole moments (in atomic units):
---------------------------------------------------------
     #    Z                 x            y            z
---------------------------------------------------------
     1  102 No       0.527656     0.073906     0.395134
     2    6 C        0.000581     0.002717     0.000079
     3    6 C        0.000619     0.013800     0.001067
     4    6 C        0.009757    -0.024352     0.004714
     5    6 C        0.013075    -0.008361     0.005771
     6    6 C        0.011568    -0.017079     0.005665
     7    6 C       -0.011728     0.003796    -0.006635
     8    6 C       -0.044323    -0.021079    -0.031114
     9    8 O       -0.074955    -0.011410    -0.047272
    10    8 O        0.027618     0.090200     0.023164
    11    1 H       -0.073859     0.107768    -0.036505
    12    1 H       -0.111645    -0.023038    -0.061422
    13    1 H       -0.043385    -0.116434    -0.025876
    14    1 H        0.116473     0.001830     0.064554
    15    1 H        0.045024     0.118682     0.028440
    16    7 N       -0.359035    -0.128212     0.141860
    17    8 O        0.020087     0.176552    -0.112927
    18    8 O        0.171914    -0.109673     0.037750
    19   17 Cl      -0.027660     0.000372     0.054562
    20   53 I        0.074022    -0.004811     0.010406
---------------------------------------------------------
           total     3.501092     0.645604     1.779770
---------------------------------------------------------

[Info] JSON dump of results written to 'tblite.json'
