Charge model parameter:
------------------------------------------------------
   Z          chi/Eh     kcn/Eh     eta/Eh     rad/AA
------------------------------------------------------
  99 Es       1.0593     0.0030     0.5898     0.7145
  17 Cl       1.4815     0.1368     0.7586     0.7238
------------------------------------------------------

Electrostatic properties (in atomic units):
--------------------------------------------------
     #    Z              CN          q        chi
--------------------------------------------------
     1   99 Es       4.8896     0.6139     1.0527
     2   17 Cl       1.4490    -0.1087     1.3168
     3   17 Cl       1.4363    -0.1095     1.3176
     4   17 Cl       0.9966    -0.1786     1.3450
     5   17 Cl       1.4478    -0.1077     1.3169
     6   17 Cl       1.4345    -0.1094     1.3177
--------------------------------------------------
     Σ                         -0.0000
--------------------------------------------------

Electrostatic energy:   -8.3663582274688E-02 Eh

[Info] JSON dump of results written to 'multicharge.json'
