[Info] Molecular charge read from './.CHRG'
[Info] Molecular spin read from './.UHF'
xTB calculator
 | Coulomb electrostatics
 |  * isotropic Klopman-Ohno electrostatics
 |  * onsite third-order electrostatics
CEH guess
integral cutoff           4.0000000000000E+01 bohr

Atomic charges (in atomic units):
---------------------------------------------------------
     #    Z                 q
---------------------------------------------------------
     1  100 Fm       1.078238
     2    6 C       -0.094260
     3    6 C        0.065891
     4    8 O       -0.166622
     5    1 H        0.071549
     6    1 H        0.046380
     7    1 H        0.034191
     8    1 H        0.048358
     9    1 H        0.066056
    10    1 H        0.178456
    11    6 C       -0.125472
    12   15 P        0.237442
    13    6 C       -0.117939
    14    6 C       -0.127633
    15    1 H        0.049098
    16    1 H        0.061642
    17    1 H        0.058448
    18    1 H        0.050292
    19    1 H        0.060427
    20    1 H        0.061417
    21    1 H        0.049554
    22    1 H        0.058682
    23    1 H        0.060456
    24    6 C       -0.082823
    25    6 C        0.051313
    26    8 O       -0.177684
    27    1 H        0.066793
    28    1 H        0.033669
    29    1 H        0.032864
    30    1 H        0.069933
    31    1 H        0.070906
    32    7 N       -0.124794
    33    1 H        0.121899
    34    1 H        0.114958
    35    1 H        0.118316
---------------------------------------------------------

Atomic dipole moments (in atomic units):
---------------------------------------------------------
     #    Z                 x            y            z
---------------------------------------------------------
     1  100 Fm       0.442741    -0.049147     0.230731
     2    6 C       -0.104722    -0.011994    -0.001842
     3    6 C       -0.071253    -0.037107     0.238841
     4    8 O        0.082341    -0.043726    -0.021850
     5    1 H        0.060725     0.017524    -0.124736
     6    1 H        0.058355    -0.118701     0.062421
     7    1 H        0.010959     0.121546     0.082347
     8    1 H       -0.012585    -0.106780    -0.070982
     9    1 H       -0.049407     0.111600    -0.065775
    10    1 H        0.066258    -0.085229     0.068854
    11    6 C        0.036470    -0.011890    -0.025236
    12   15 P       -0.091854    -0.048857    -0.051679
    13    6 C        0.005686    -0.017238     0.045794
    14    6 C       -0.008349     0.043507     0.000620
    15    1 H       -0.103922    -0.077341    -0.066966
    16    1 H       -0.036219     0.152827    -0.002751
    17    1 H        0.018999    -0.048025     0.148318
    18    1 H       -0.118562    -0.078053    -0.036948
    19    1 H        0.119339    -0.034599    -0.095659
    20    1 H       -0.031453     0.153560    -0.008607
    21    1 H       -0.125525    -0.050200    -0.055326
    22    1 H        0.023560    -0.053149     0.145592
    23    1 H        0.120827    -0.040546    -0.091549
    24    6 C       -0.027235     0.108585    -0.003812
    25    6 C        0.026654     0.051703    -0.200883
    26    8 O       -0.005364    -0.065789     0.107898
    27    1 H       -0.008825    -0.062952     0.125822
    28    1 H        0.138047    -0.003808    -0.046054
    29    1 H       -0.094170    -0.061221    -0.093028
    30    1 H        0.082680     0.051534     0.084846
    31    1 H       -0.121435     0.001793     0.044466
    32    7 N       -0.032702     0.251017     0.121791
    33    1 H       -0.002955     0.080155    -0.085719
    34    1 H        0.089558     0.012582     0.070668
    35    1 H       -0.098451    -0.007651     0.059939
---------------------------------------------------------
           total    -2.099727     4.157133     2.951859
---------------------------------------------------------

[Info] JSON dump of results written to 'tblite.json'
