[Info] Molecular charge read from '.CHRG'

Charge model parameter:
------------------------------------------------------
   Z          chi/Eh     kcn/Eh     eta/Eh     rad/AA
------------------------------------------------------
  96 Cm       1.1100     0.0071     0.5609     0.7515
   7 N        1.5582     0.0928     0.6565     0.6998
   6 C        1.4003     0.0601     0.6166     0.9994
   1 H        1.2370     0.0492     1.0964     0.2919
   8 O        1.5687     0.1169     0.6793     0.6518
   9 F        1.5754     0.1570     0.7723     0.9393
  15 P        1.5267     0.1425     0.7308     0.7313
  16 S        1.4077     0.0713     0.5171     1.1581
------------------------------------------------------

Electrostatic properties (in atomic units):
--------------------------------------------------
     #    Z              CN          q        chi
--------------------------------------------------
     1   96 Cm       7.4545     0.8290     1.0906
     2    7 N        2.8975    -0.3123     1.4002
     3    6 C        3.1184     0.0432     1.2942
     4    6 C        3.0119    -0.1035     1.2961
     5    6 C        3.0214    -0.1152     1.2959
     6    6 C        3.0142    -0.1104     1.2960
     7    6 C        3.1027     0.1133     1.2945
     8    6 C        3.1014     0.1132     1.2945
     9    6 C        3.0143    -0.1112     1.2960
    10    6 C        3.0212    -0.1185     1.2959
    11    6 C        3.0111    -0.1177     1.2961
    12    6 C        3.1192     0.0143     1.2942
    13    7 N        2.9060    -0.3217     1.4000
    14    1 H        0.9928     0.1551     1.1880
    15    1 H        0.9930     0.1001     1.1880
    16    1 H        0.9928     0.0913     1.1880
    17    1 H        0.9932     0.0890     1.1880
    18    1 H        0.9932     0.0884     1.1880
    19    1 H        0.9928     0.0883     1.1880
    20    1 H        0.9930     0.0871     1.1880
    21    1 H        0.9925     0.1254     1.1880
    22    6 C        1.0180    -0.0013     1.3397
    23    7 N        1.9711    -0.3865     1.4279
    24    6 C        3.9945    -0.0929     1.2803
    25    8 O        1.9892    -0.4086     1.4038
    26    1 H        0.9885     0.0830     1.1881
    27    1 H        0.9898     0.0975     1.1880
    28    1 H        0.9896     0.0892     1.1880
    29    9 F        0.9989    -0.2328     1.4184
    30   15 P        4.3380     0.3180     1.2299
    31    9 F        0.9986    -0.2463     1.4185
    32    9 F        0.9988    -0.2378     1.4184
    33    8 O        1.9463    -0.3613     1.4056
    34   16 S        3.9682     0.3601     1.2657
    35    8 O        2.2615    -0.2744     1.3929
    36    8 O        1.8951    -0.3329     1.4077
--------------------------------------------------
     Σ                         -1.0000
--------------------------------------------------

Electrostatic energy:   -9.8379989697814E-01 Eh

[Info] JSON dump of results written to 'multicharge.json'
