Charge model parameter:
------------------------------------------------------
   Z          chi/Eh     kcn/Eh     eta/Eh     rad/AA
------------------------------------------------------
 102 No       1.1434     0.0135     0.6305     0.6695
   7 N        1.5582     0.0928     0.6565     0.6998
   6 C        1.4003     0.0601     0.6166     0.9994
   1 H        1.2370     0.0492     1.0964     0.2919
   9 F        1.5754     0.1570     0.7723     0.9393
------------------------------------------------------

Electrostatic properties (in atomic units):
--------------------------------------------------
     #    Z              CN          q        chi
--------------------------------------------------
     1  102 No       4.6491     0.5732     1.1143
     2    7 N        3.9456    -0.5687     1.3739
     3    6 C        4.1505    -0.0293     1.2779
     4    6 C        4.2656    -0.0268     1.2763
     5    7 N        3.9171    -0.5772     1.3745
     6    1 H        1.1648     0.2542     1.1839
     7    1 H        1.0033     0.2497     1.1877
     8    1 H        0.9911     0.1200     1.1880
     9    1 H        0.9908     0.1015     1.1880
    10    1 H        0.9909     0.0982     1.1880
    11    1 H        0.9927     0.1278     1.1880
    12    1 H        0.9981     0.2358     1.1878
    13    1 H        1.0052     0.2333     1.1877
    14    7 N        2.0006    -0.2917     1.4269
    15    7 N        2.0772     0.0519     1.4245
    16    7 N        1.0052    -0.2651     1.4652
    17    9 F        0.9983    -0.2868     1.4185
--------------------------------------------------
     Σ                          0.0000
--------------------------------------------------

Electrostatic energy:   -2.2944060926652E-01 Eh

[Info] JSON dump of results written to 'multicharge.json'
