[Info] Molecular charge read from './.CHRG'
xTB calculator
 | Coulomb electrostatics
 |  * isotropic Klopman-Ohno electrostatics
 |  * onsite third-order electrostatics
CEH guess
integral cutoff           2.9545082850997E+01 bohr

Atomic charges (in atomic units):
---------------------------------------------------------
     #    Z                 q
---------------------------------------------------------
     1   91 Pa       1.242118
     2    7 N       -0.070429
     3    6 C        0.142379
     4    6 C       -0.005347
     5    6 C        0.066554
     6    6 C        0.001375
     7    6 C        0.135060
     8    6 C        0.141946
     9    6 C        0.000962
    10    6 C        0.073590
    11    6 C       -0.008289
    12    6 C        0.141894
    13    7 N       -0.100832
    14    1 H        0.074379
    15    1 H        0.076592
    16    1 H        0.060726
    17    1 H        0.067176
    18    1 H        0.068539
    19    1 H        0.061724
    20    1 H        0.076071
    21    1 H        0.070682
    22   53 I        0.040685
    23    6 C        0.190302
    24    8 O        0.261455
    25   16 S        0.415496
    26    6 C        0.202126
    27    7 N       -0.426935
---------------------------------------------------------

Atomic dipole moments (in atomic units):
---------------------------------------------------------
     #    Z                 x            y            z
---------------------------------------------------------
     1   91 Pa       0.292701    -0.977811    -0.059359
     2    7 N        0.108615    -0.152823    -0.045391
     3    6 C        0.143021     0.175768    -0.014779
     4    6 C        0.017077     0.030949    -0.000801
     5    6 C       -0.004193     0.029541     0.004517
     6    6 C       -0.028439     0.055353     0.014214
     7    6 C       -0.160094     0.097877     0.051409
     8    6 C       -0.161597     0.113467     0.046011
     9    6 C       -0.060832     0.003871     0.013340
    10    6 C       -0.027628    -0.006362     0.006169
    11    6 C       -0.022462    -0.030176     0.002154
    12    6 C       -0.096439    -0.203773     0.003688
    13    7 N        0.205343    -0.029679    -0.051228
    14    1 H       -0.126677     0.008402     0.032178
    15    1 H       -0.090519    -0.107568     0.009981
    16    1 H        0.047170    -0.125480    -0.026550
    17    1 H        0.132201    -0.020673    -0.035863
    18    1 H        0.076506    -0.112545    -0.026244
    19    1 H        0.133534     0.009984    -0.028324
    20    1 H        0.056647     0.128298    -0.001673
    21    1 H       -0.064126     0.111168     0.023086
    22   53 I        0.017827     0.038397     0.086494
    23    6 C       -0.078250    -0.038057     0.021046
    24    8 O       -0.085620     0.007140     0.032240
    25   16 S       -0.165838     0.226483    -0.279834
    26    6 C        0.145606    -0.197415     0.244640
    27    7 N       -0.073704     0.092810    -0.143994
---------------------------------------------------------
           total     0.908066    -3.668908     1.020198
---------------------------------------------------------

[Info] JSON dump of results written to 'tblite.json'
