[Info] Molecular spin read from './.UHF'
xTB calculator
 | Coulomb electrostatics
 |  * isotropic Klopman-Ohno electrostatics
 |  * onsite third-order electrostatics
CEH guess
integral cutoff           4.0000000000000E+01 bohr

Atomic charges (in atomic units):
---------------------------------------------------------
     #    Z                 q
---------------------------------------------------------
     1   96 Cm       0.249467
     2    3 Li       0.061168
     3    3 Li       0.025015
     4    3 Li       0.025703
     5    1 H       -0.361353
---------------------------------------------------------

Atomic dipole moments (in atomic units):
---------------------------------------------------------
     #    Z                 x            y            z
---------------------------------------------------------
     1   96 Cm      -1.579195    -0.913063     0.481895
     2    3 Li       0.342607     0.094502    -0.182019
     3    3 Li       0.091222    -0.232409     0.346992
     4    3 Li      -0.311836     0.166106    -0.237841
     5    1 H       -0.032540     0.110289     0.098497
---------------------------------------------------------
           total    -0.670260    -1.661956    -0.679740
---------------------------------------------------------

[Info] JSON dump of results written to 'tblite.json'
