[Info] Molecular charge read from '.CHRG'

Charge model parameter:
------------------------------------------------------
   Z          chi/Eh     kcn/Eh     eta/Eh     rad/AA
------------------------------------------------------
  91 Pa       1.0721     0.0037     0.5511     0.7643
   7 N        1.5582     0.0928     0.6565     0.6998
   6 C        1.4003     0.0601     0.6166     0.9994
   1 H        1.2370     0.0492     1.0964     0.2919
  15 P        1.5267     0.1425     0.7308     0.7313
  17 Cl       1.4815     0.1368     0.7586     0.7238
------------------------------------------------------

Electrostatic properties (in atomic units):
--------------------------------------------------
     #    Z              CN          q        chi
--------------------------------------------------
     1   91 Pa       6.3946     0.8840     1.0627
     2    7 N        3.9274    -0.5895     1.3743
     3    6 C        4.0629     0.0158     1.2792
     4    6 C        4.1787    -0.0063     1.2775
     5    7 N        3.9254    -0.4417     1.3743
     6    6 C        4.0616    -0.0001     1.2793
     7    6 C        4.1519     0.0130     1.2779
     8    7 N        3.9313    -0.5948     1.3742
     9    1 H        1.0110     0.2847     1.1875
    10    1 H        0.9993     0.3037     1.1878
    11    1 H        0.9915     0.1880     1.1880
    12    1 H        0.9916     0.1903     1.1880
    13    1 H        0.9912     0.1780     1.1880
    14    1 H        0.9911     0.1609     1.1880
    15    1 H        1.0054     0.2797     1.1877
    16    1 H        0.9914     0.1859     1.1880
    17    1 H        0.9914     0.1766     1.1880
    18    1 H        0.9914     0.1906     1.1880
    19    1 H        0.9914     0.1663     1.1880
    20    1 H        0.9997     0.3029     1.1878
    21    1 H        1.0021     0.2871     1.1877
    22    7 N        2.0015    -0.3431     1.4269
    23    7 N        2.1194     0.1024     1.4231
    24    7 N        1.0037    -0.0700     1.4652
    25    6 C        3.9568    -0.1672     1.2808
    26   15 P        3.9469     0.0494     1.2436
    27    6 C        3.9567    -0.1639     1.2808
    28    6 C        3.9565    -0.1472     1.2808
    29    1 H        0.9931     0.1903     1.1880
    30    1 H        0.9925     0.1752     1.1880
    31    1 H        0.9927     0.1757     1.1880
    32    1 H        0.9932     0.1905     1.1880
    33    1 H        0.9928     0.1775     1.1880
    34    1 H        0.9927     0.1787     1.1880
    35    1 H        0.9932     0.1897     1.1880
    36    1 H        0.9929     0.1921     1.1880
    37    1 H        0.9928     0.1908     1.1880
    38   17 Cl       1.0005    -0.0960     1.3447
--------------------------------------------------
     Σ                          3.0000
--------------------------------------------------

Electrostatic energy:    1.5089585158771E+00 Eh

[Info] JSON dump of results written to 'multicharge.json'
