xTB calculator
 | Coulomb electrostatics
 |  * isotropic Klopman-Ohno electrostatics
 |  * onsite third-order electrostatics
CEH guess
integral cutoff           2.9707664809354E+01 bohr

Atomic charges (in atomic units):
---------------------------------------------------------
     #    Z                 q
---------------------------------------------------------
     1   91 Pa       0.113707
     2   38 Sr       0.095969
     3    9 F       -0.209676
---------------------------------------------------------

Atomic dipole moments (in atomic units):
---------------------------------------------------------
     #    Z                 x            y            z
---------------------------------------------------------
     1   91 Pa      -0.007473    -1.052573     0.342919
     2   38 Sr       0.363883    -0.016700    -0.214014
     3    9 F       -0.023898     0.075296    -0.009800
---------------------------------------------------------
           total     1.189699    -1.781073    -0.144628
---------------------------------------------------------

[Info] JSON dump of results written to 'tblite.json'
