[Info] Molecular charge read from './.CHRG'
[Info] Molecular spin read from './.UHF'
xTB calculator
 | Coulomb electrostatics
 |  * isotropic Klopman-Ohno electrostatics
 |  * onsite third-order electrostatics
CEH guess
integral cutoff           2.8984055884551E+01 bohr

Atomic charges (in atomic units):
---------------------------------------------------------
     #    Z                 q
---------------------------------------------------------
     1   92 U        0.693239
     2    8 O       -0.089737
     3    1 H        0.128962
     4    1 H        0.129488
     5   16 S       -0.460417
     6    6 C       -0.020018
     7    7 N       -0.176267
     8    8 O       -0.392516
     9   16 S        0.248569
    10    8 O       -0.399268
    11    8 O       -0.372499
    12    8 O       -0.373514
    13   16 S        0.249302
    14    8 O       -0.397569
    15    8 O       -0.400278
    16   17 Cl      -0.367477
---------------------------------------------------------

Atomic dipole moments (in atomic units):
---------------------------------------------------------
     #    Z                 x            y            z
---------------------------------------------------------
     1   92 U        0.753589    -0.161074    -0.005461
     2    8 O        0.104678    -0.067551     0.071745
     3    1 H        0.027778    -0.102535    -0.018040
     4    1 H        0.065602     0.050196     0.069554
     5   16 S       -0.058047     0.046567    -0.051504
     6    6 C       -0.010359     0.004619    -0.005304
     7    7 N       -0.061264     0.047157    -0.051968
     8    8 O        0.059825    -0.043617     0.077595
     9   16 S       -0.076935    -0.039609    -0.035912
    10    8 O        0.037830     0.089288    -0.040583
    11    8 O       -0.087581    -0.006381     0.012633
    12    8 O       -0.080022     0.021980     0.032996
    13   16 S       -0.049644     0.070046     0.032066
    14    8 O        0.057586    -0.064204     0.061616
    15    8 O        0.008557    -0.022004    -0.104665
    16   17 Cl      -0.028966    -0.003551     0.017439
---------------------------------------------------------
           total     3.317686    -1.512562    -0.848749
---------------------------------------------------------

[Info] JSON dump of results written to 'tblite.json'
