[Info] Molecular spin read from './.UHF'
xTB calculator
 | Coulomb electrostatics
 |  * isotropic Klopman-Ohno electrostatics
 |  * onsite third-order electrostatics
CEH guess
integral cutoff           4.0000000000000E+01 bohr

Atomic charges (in atomic units):
---------------------------------------------------------
     #    Z                 q
---------------------------------------------------------
     1   96 Cm       0.186827
     2    7 N       -0.102067
     3    6 C       -0.027411
     4    6 C       -0.012967
     5    7 N       -0.075695
     6    6 C       -0.011666
     7    6 C       -0.020185
     8    7 N       -0.113450
     9    1 H        0.100918
    10    1 H        0.101536
    11    1 H        0.061359
    12    1 H        0.052702
    13    1 H        0.058828
    14    1 H        0.066588
    15    1 H        0.120056
    16    1 H        0.063733
    17    1 H        0.058969
    18    1 H        0.062518
    19    1 H        0.050917
    20    1 H        0.096946
    21    1 H        0.103514
    22    6 C       -0.094183
    23    6 C        0.169102
    24    8 O       -0.241480
    25    8 O       -0.309590
    26    7 N       -0.067039
    27    1 H        0.038294
    28    1 H        0.069538
    29    1 H        0.095523
    30    1 H        0.088999
    31   35 Br      -0.345667
    32    6 C       -0.004989
    33    8 O       -0.121037
    34    1 H        0.042893
    35    1 H        0.044927
    36    1 H        0.056611
    37    1 H        0.108834
    38    9 F       -0.352705
---------------------------------------------------------

Atomic dipole moments (in atomic units):
---------------------------------------------------------
     #    Z                 x            y            z
---------------------------------------------------------
     1   96 Cm       0.278213     0.104821    -0.182342
     2    7 N        0.105717     0.206856     0.214561
     3    6 C       -0.196683    -0.044404    -0.102830
     4    6 C       -0.030930    -0.051848    -0.219506
     5    7 N        0.206927    -0.081085     0.203207
     6    6 C       -0.138212     0.176742     0.027904
     7    6 C       -0.208753     0.024405    -0.086565
     8    7 N        0.275336    -0.137569    -0.087174
     9    1 H        0.018442     0.067188    -0.076891
    10    1 H       -0.081006    -0.006956     0.063059
    11    1 H        0.003638     0.075263     0.094944
    12    1 H        0.095898     0.008463    -0.083365
    13    1 H       -0.104714    -0.011076     0.066937
    14    1 H        0.107812    -0.032692     0.053398
    15    1 H       -0.057295    -0.054563     0.028629
    16    1 H       -0.056245    -0.093620    -0.060033
    17    1 H        0.079008    -0.023258     0.089727
    18    1 H        0.082936    -0.068240    -0.057371
    19    1 H        0.042331     0.105825     0.056784
    20    1 H       -0.038287    -0.080920    -0.031061
    21    1 H        0.040061     0.083615    -0.046586
    22    6 C        0.085396    -0.164402     0.084975
    23    6 C        0.005191    -0.102528     0.053498
    24    8 O       -0.004136    -0.070133     0.027242
    25    8 O       -0.035456     0.008079    -0.089765
    26    7 N       -0.057693     0.056880    -0.307935
    27    1 H        0.033938     0.023265    -0.114015
    28    1 H       -0.120148    -0.005785     0.035946
    29    1 H        0.093741    -0.005412    -0.036816
    30    1 H       -0.070798    -0.065459    -0.009629
    31   35 Br       0.024891     0.008283    -0.046561
    32    6 C        0.050725     0.273386     0.056849
    33    8 O       -0.058488    -0.081967     0.082452
    34    1 H       -0.134309    -0.014016    -0.045100
    35    1 H        0.022766    -0.061031     0.123878
    36    1 H        0.095089    -0.054872    -0.100398
    37    1 H       -0.047425     0.007421     0.094888
    38    9 F        0.008974    -0.047305    -0.013745
---------------------------------------------------------
           total     2.874068    -1.288690     0.496951
---------------------------------------------------------

[Info] JSON dump of results written to 'tblite.json'
