Charge model parameter:
------------------------------------------------------
   Z          chi/Eh     kcn/Eh     eta/Eh     rad/AA
------------------------------------------------------
  89 Ac       1.0458     0.0047     0.6519     0.6470
   7 N        1.5582     0.0928     0.6565     0.6998
   1 H        1.2370     0.0492     1.0964     0.2919
   6 C        1.4003     0.0601     0.6166     0.9994
   8 O        1.5687     0.1169     0.6793     0.6518
------------------------------------------------------

Electrostatic properties (in atomic units):
--------------------------------------------------
     #    Z              CN          q        chi
--------------------------------------------------
     1   89 Ac       6.7227     0.7799     1.0335
     2    7 N        3.8751    -0.7012     1.3755
     3    1 H        0.9977     0.2867     1.1878
     4    1 H        1.0089     0.2967     1.1876
     5    1 H        0.9992     0.3007     1.1878
     6    6 C        4.0351    -0.0813     1.2797
     7    8 O        2.9142    -0.3754     1.3691
     8    1 H        0.9914     0.1298     1.1880
     9    1 H        0.9921     0.1534     1.1880
    10    1 H        0.9915     0.1449     1.1880
    11    1 H        1.0078     0.2906     1.1876
    12    7 N        1.9983    -0.2844     1.4270
    13    7 N        2.0716     0.0534     1.4246
    14    7 N        1.0052    -0.2403     1.4652
    15    7 N        1.9828    -0.2572     1.4275
    16    7 N        2.5001     0.0732     1.4115
    17    7 N        1.0085    -0.3350     1.4650
    18    7 N        1.9935    -0.2659     1.4272
    19    7 N        2.3725     0.0719     1.4153
    20    7 N        1.0052    -0.2873     1.4652
    21    6 C        3.0755     0.0814     1.2950
    22    6 C        3.1233     0.0535     1.2942
    23    7 N        2.9392    -0.3026     1.3991
    24    6 C        3.2380     0.0757     1.2922
    25    6 C        3.0756     0.0884     1.2950
    26    7 N        2.0155    -0.3358     1.4265
    27    1 H        0.9925     0.1440     1.1880
    28    1 H        0.9927     0.1348     1.1880
    29    1 H        0.9951     0.1559     1.1879
    30    1 H        0.9926     0.1512     1.1880
--------------------------------------------------
     Σ                         -0.0000
--------------------------------------------------

Electrostatic energy:   -4.1340244536968E-01 Eh

[Info] JSON dump of results written to 'multicharge.json'
