[Info] Molecular charge read from './.CHRG'
[Info] Molecular spin read from './.UHF'
xTB calculator
 | Coulomb electrostatics
 |  * isotropic Klopman-Ohno electrostatics
 |  * onsite third-order electrostatics
CEH guess
integral cutoff           4.0000000000000E+01 bohr

Atomic charges (in atomic units):
---------------------------------------------------------
     #    Z                 q
---------------------------------------------------------
     1   98 Cf       0.733799
     2    8 O       -0.213395
     3    1 H        0.191000
     4    1 H        0.193876
     5   16 S        0.077648
     6    6 C        0.074953
     7    7 N       -0.267499
     8    6 C        0.022881
     9    8 O       -0.153215
    10    1 H        0.050303
    11    1 H        0.049077
    12    1 H        0.062542
    13    1 H        0.186422
    14    7 N       -0.191112
    15    7 N        0.157138
    16    7 N        0.025584
---------------------------------------------------------

Atomic dipole moments (in atomic units):
---------------------------------------------------------
     #    Z                 x            y            z
---------------------------------------------------------
     1   98 Cf      -0.050389    -0.230895    -0.409063
     2    8 O        0.097108    -0.013016     0.010947
     3    1 H        0.051844    -0.060214     0.098376
     4    1 H        0.096303     0.022051    -0.079802
     5   16 S       -0.001110    -0.054834     0.200605
     6    6 C       -0.000132     0.039630    -0.172016
     7    7 N       -0.003187    -0.031518     0.078295
     8    6 C        0.160342     0.181843    -0.147263
     9    8 O       -0.106135     0.001547    -0.005127
    10    1 H       -0.054517    -0.090065    -0.094599
    11    1 H       -0.095701     0.079768     0.064220
    12    1 H        0.084009    -0.072986     0.103372
    13    1 H       -0.075052     0.067854    -0.073948
    14    7 N        0.004857     0.395628    -0.014449
    15    7 N       -0.001033    -0.126012    -0.003776
    16    7 N       -0.001768    -0.337184     0.002565
---------------------------------------------------------
           total     0.466876     0.096181    -0.026433
---------------------------------------------------------

[Info] JSON dump of results written to 'tblite.json'
