[Info] Molecular charge read from './.CHRG'
[Info] Molecular spin read from './.UHF'
xTB calculator
 | Coulomb electrostatics
 |  * isotropic Klopman-Ohno electrostatics
 |  * onsite third-order electrostatics
CEH guess
integral cutoff           4.0000000000000E+01 bohr

Atomic charges (in atomic units):
---------------------------------------------------------
     #    Z                 q
---------------------------------------------------------
     1   98 Cf       0.513834
     2   17 Cl      -0.203783
     3    9 F       -0.071741
     4   15 P        0.566545
     5    9 F       -0.130313
     6    9 F       -0.140354
     7    6 C        0.205970
     8    8 O        0.195795
     9   53 I        0.064047
---------------------------------------------------------

Atomic dipole moments (in atomic units):
---------------------------------------------------------
     #    Z                 x            y            z
---------------------------------------------------------
     1   98 Cf       0.622528    -0.369198    -0.018092
     2   17 Cl       0.021810     0.037310    -0.074860
     3    9 F       -0.008166    -0.033676     0.020313
     4   15 P        0.057585    -0.020043    -0.005555
     5    9 F       -0.006821     0.008593     0.021923
     6    9 F       -0.017345    -0.008798    -0.012098
     7    6 C       -0.061621    -0.026344    -0.027530
     8    8 O       -0.087426    -0.008461    -0.016425
     9   53 I       -0.019060     0.108083    -0.025448
---------------------------------------------------------
           total     0.966688     0.606785    -1.071062
---------------------------------------------------------

[Info] JSON dump of results written to 'tblite.json'
