[Info] Molecular charge read from '.CHRG'

Charge model parameter:
------------------------------------------------------
   Z          chi/Eh     kcn/Eh     eta/Eh     rad/AA
------------------------------------------------------
 100 Fm       1.0767     0.0040     0.5988     0.7039
   7 N        1.5582     0.0928     0.6565     0.6998
   8 O        1.5687     0.1169     0.6793     0.6518
   6 C        1.4003     0.0601     0.6166     0.9994
   1 H        1.2370     0.0492     1.0964     0.2919
  17 Cl       1.4815     0.1368     0.7586     0.7238
------------------------------------------------------

Electrostatic properties (in atomic units):
--------------------------------------------------
     #    Z              CN          q        chi
--------------------------------------------------
     1  100 Fm       7.4590     0.7865     1.0658
     2    7 N        3.6809     0.1937     1.3802
     3    8 O        1.0017    -0.3159     1.4517
     4    8 O        1.9688    -0.2740     1.4046
     5    8 O        1.9397    -0.2323     1.4059
     6    6 C        3.0136    -0.1146     1.2960
     7    6 C        3.0126    -0.1150     1.2961
     8    6 C        3.0161    -0.0900     1.2960
     9    6 C        3.0186     0.0067     1.2959
    10    6 C        3.0164    -0.0876     1.2960
    11    6 C        3.0125    -0.1139     1.2961
    12    6 C        3.8403     0.2559     1.2826
    13    8 O        1.9536    -0.3519     1.4053
    14    8 O        1.9693    -0.3676     1.4046
    15    1 H        0.9927     0.0940     1.1880
    16    1 H        0.9928     0.0973     1.1880
    17    1 H        0.9929     0.1275     1.1880
    18    1 H        0.9929     0.1308     1.1880
    19    1 H        0.9928     0.0983     1.1880
    20    7 N        2.9642    -0.0376     1.3984
    21    8 O        1.0033    -0.2698     1.4516
    22    8 O        1.9787    -0.2344     1.4042
    23   17 Cl       0.9942    -0.1862     1.3451
--------------------------------------------------
     Σ                         -1.0000
--------------------------------------------------

Electrostatic energy:   -8.9328134219774E-01 Eh

[Info] JSON dump of results written to 'multicharge.json'
