[Info] Molecular charge read from '.CHRG'

Charge model parameter:
------------------------------------------------------
   Z          chi/Eh     kcn/Eh     eta/Eh     rad/AA
------------------------------------------------------
  96 Cm       1.1100     0.0071     0.5609     0.7515
   6 C        1.4003     0.0601     0.6166     0.9994
   8 O        1.5687     0.1169     0.6793     0.6518
   1 H        1.2370     0.0492     1.0964     0.2919
   7 N        1.5582     0.0928     0.6565     0.6998
  15 P        1.5267     0.1425     0.7308     0.7313
------------------------------------------------------

Electrostatic properties (in atomic units):
--------------------------------------------------
     #    Z              CN          q        chi
--------------------------------------------------
     1   96 Cm       7.0966     0.8145     1.0911
     2    6 C        3.0133    -0.1264     1.2960
     3    6 C        3.0123    -0.1263     1.2961
     4    6 C        3.0162    -0.1000     1.2960
     5    6 C        3.0168    -0.0016     1.2960
     6    6 C        3.0161    -0.1039     1.2960
     7    6 C        3.0122    -0.1283     1.2961
     8    6 C        3.6604     0.2468     1.2854
     9    8 O        1.8636    -0.4048     1.4091
    10    8 O        1.8883    -0.3801     1.4080
    11    1 H        0.9927     0.0829     1.1880
    12    1 H        0.9927     0.0869     1.1880
    13    1 H        0.9929     0.1188     1.1880
    14    1 H        0.9929     0.1115     1.1880
    15    1 H        0.9927     0.0847     1.1880
    16    6 C        4.0281    -0.0183     1.2798
    17    6 C        3.2278     0.2709     1.2924
    18    8 O        1.0001    -0.4728     1.4518
    19    8 O        1.9703    -0.3620     1.4046
    20    7 N        3.8748    -0.6019     1.3755
    21    1 H        0.9912     0.1065     1.1880
    22    1 H        0.9913     0.0867     1.1880
    23    1 H        1.0034     0.2828     1.1877
    24    1 H        0.9984     0.2149     1.1878
    25    6 C        3.9549    -0.2584     1.2809
    26   15 P        3.8779     0.0699     1.2461
    27    6 C        3.9556    -0.2353     1.2808
    28    6 C        3.9557    -0.2554     1.2808
    29    1 H        0.9918     0.0770     1.1880
    30    1 H        0.9924     0.0779     1.1880
    31    1 H        0.9932     0.1114     1.1880
    32    1 H        0.9919     0.0787     1.1880
    33    1 H        0.9936     0.1335     1.1879
    34    1 H        0.9938     0.1145     1.1879
    35    1 H        0.9918     0.0753     1.1880
    36    1 H        0.9940     0.1094     1.1879
    37    1 H        0.9929     0.0871     1.1880
    38    6 C        3.0130    -0.1259     1.2960
    39    6 C        3.0120    -0.1287     1.2961
    40    6 C        3.0164    -0.0993     1.2960
    41    6 C        3.0164     0.0090     1.2960
    42    6 C        3.0154    -0.0967     1.2960
    43    6 C        3.0122    -0.1239     1.2961
    44    6 C        3.0594     0.2768     1.2952
    45    8 O        1.0007    -0.4929     1.4517
    46    8 O        1.9661    -0.3708     1.4048
    47    1 H        0.9927     0.0838     1.1880
    48    1 H        0.9927     0.0852     1.1880
    49    1 H        0.9929     0.1191     1.1880
    50    1 H        0.9928     0.1273     1.1880
    51    1 H        0.9927     0.0901     1.1880
    52    6 C        3.9532    -0.2291     1.2809
    53    6 C        4.0261    -0.0346     1.2798
    54    8 O        1.9898    -0.4098     1.4038
    55    1 H        0.9911     0.0671     1.1880
    56    1 H        0.9914     0.0994     1.1880
    57    1 H        0.9914     0.1234     1.1880
    58    1 H        0.9889     0.0831     1.1881
    59    1 H        0.9875     0.0797     1.1881
--------------------------------------------------
     Σ                         -1.0000
--------------------------------------------------

Electrostatic energy:   -1.0945189263539E+00 Eh

[Info] JSON dump of results written to 'multicharge.json'
