xTB calculator
 | Coulomb electrostatics
 |  * isotropic Klopman-Ohno electrostatics
 |  * onsite third-order electrostatics
CEH guess
integral cutoff           4.0000000000000E+01 bohr

Atomic charges (in atomic units):
---------------------------------------------------------
     #    Z                 q
---------------------------------------------------------
     1  103 Lr       0.481434
     2    1 H       -0.481434
---------------------------------------------------------

Atomic dipole moments (in atomic units):
---------------------------------------------------------
     #    Z                 x            y            z
---------------------------------------------------------
     1  103 Lr       0.105132     0.182094    -0.106275
     2    1 H        0.042318     0.073297    -0.042778
---------------------------------------------------------
           total    -0.654555    -1.133721     0.661673
---------------------------------------------------------

[Info] JSON dump of results written to 'tblite.json'
