[Info] Molecular charge read from '.CHRG'

Charge model parameter:
------------------------------------------------------
   Z          chi/Eh     kcn/Eh     eta/Eh     rad/AA
------------------------------------------------------
  89 Ac       1.0458     0.0047     0.6519     0.6470
   8 O        1.5687     0.1169     0.6793     0.6518
  11 Na       0.5594    -0.1000     0.8641     0.6787
------------------------------------------------------

Electrostatic properties (in atomic units):
--------------------------------------------------
     #    Z              CN          q        chi
--------------------------------------------------
     1   89 Ac       1.0369     0.9754     1.0410
     2    8 O        1.8132    -0.1881     1.4113
     3   11 Na       0.8592     1.2127     0.6521
--------------------------------------------------
     Σ                          2.0000
--------------------------------------------------

Electrostatic energy:    7.7036741190911E-01 Eh

[Info] JSON dump of results written to 'multicharge.json'
