[Info] Molecular charge read from '.CHRG'

Charge model parameter:
------------------------------------------------------
   Z          chi/Eh     kcn/Eh     eta/Eh     rad/AA
------------------------------------------------------
 101 Md       1.1131     0.0055     0.6097     0.6919
   6 C        1.4003     0.0601     0.6166     0.9994
   8 O        1.5687     0.1169     0.6793     0.6518
   1 H        1.2370     0.0492     1.0964     0.2919
   7 N        1.5582     0.0928     0.6565     0.6998
  15 P        1.5267     0.1425     0.7308     0.7313
------------------------------------------------------

Electrostatic properties (in atomic units):
--------------------------------------------------
     #    Z              CN          q        chi
--------------------------------------------------
     1  101 Md       7.8666     0.7443     1.0977
     2    6 C        3.9563    -0.1844     1.2808
     3    6 C        3.9739    -0.0444     1.2806
     4    8 O        2.9466    -0.3912     1.3680
     5    1 H        0.9919     0.1263     1.1880
     6    1 H        0.9919     0.1312     1.1880
     7    1 H        0.9914     0.1280     1.1880
     8    1 H        0.9914     0.1353     1.1880
     9    1 H        0.9908     0.1274     1.1880
    10    1 H        1.2456     0.2733     1.1821
    11    7 N        3.9453    -0.7314     1.3739
    12    1 H        1.0183     0.2890     1.1873
    13    1 H        1.0050     0.2700     1.1877
    14    1 H        1.0141     0.2840     1.1874
    15    7 N        2.7073    -0.0582     1.4055
    16    8 O        1.9579    -0.1835     1.4051
    17    8 O        1.9806    -0.2163     1.4041
    18    7 N        2.0009    -0.3332     1.4269
    19    7 N        2.1432     0.0431     1.4223
    20    7 N        1.0051    -0.2588     1.4652
    21    6 C        4.0198    -0.1683     1.2799
    22    6 C        4.0558    -0.0328     1.2793
    23    8 O        2.9475    -0.3673     1.3680
    24    1 H        0.9918     0.1300     1.1880
    25    1 H        1.0061     0.1360     1.1876
    26    1 H        0.9918     0.1651     1.1880
    27    1 H        0.9915     0.1432     1.1880
    28    1 H        0.9915     0.1433     1.1880
    29    1 H        1.0466     0.2565     1.1867
    30    6 C        4.1479    -0.0673     1.2780
    31    8 O        1.9887    -0.3085     1.4038
    32   15 P        4.2522     0.2759     1.2329
    33    8 O        2.9221    -0.2445     1.3688
    34    6 C        4.1816    -0.0837     1.2775
    35    8 O        2.9442    -0.2549     1.3681
    36    6 C        4.1849    -0.0939     1.2774
    37    1 H        0.9920     0.1388     1.1880
    38    1 H        0.9920     0.1386     1.1880
    39    1 H        0.9914     0.1241     1.1880
    40    1 H        0.9915     0.1190     1.1880
    41    1 H        0.9918     0.1555     1.1880
    42    1 H        0.9923     0.1347     1.1880
    43    1 H        0.9923     0.1492     1.1880
    44    1 H        0.9918     0.1299     1.1880
    45    1 H        0.9915     0.1307     1.1880
--------------------------------------------------
     Σ                          1.0000
--------------------------------------------------

Electrostatic energy:    1.9970560061814E-01 Eh

[Info] JSON dump of results written to 'multicharge.json'
