[Info] Molecular charge read from './.CHRG'
[Info] Molecular spin read from './.UHF'
xTB calculator
 | Coulomb electrostatics
 |  * isotropic Klopman-Ohno electrostatics
 |  * onsite third-order electrostatics
CEH guess
integral cutoff           2.9545082850997E+01 bohr

Atomic charges (in atomic units):
---------------------------------------------------------
     #    Z                 q
---------------------------------------------------------
     1   92 U        0.295971
     2    6 C        0.038481
     3    8 O       -0.303553
     4    1 H        0.039724
     5    1 H        0.040238
     6    1 H        0.036898
     7    6 C       -0.025276
     8    6 C       -0.045352
     9    6 C       -0.023120
    10    6 C       -0.035331
    11    6 C       -0.010618
    12    6 C       -0.040597
    13    6 C        0.205499
    14    8 O       -0.257631
    15    8 O       -0.287161
    16    1 H        0.027553
    17    1 H        0.019767
    18    1 H        0.026991
    19    1 H        0.026786
    20    1 H        0.022158
    21   35 Br      -0.328945
    22    6 C        0.024900
    23    6 C        0.022862
    24    7 N       -0.022801
    25    6 C        0.040458
    26    6 C        0.022466
    27    7 N       -0.168078
    28    1 H        0.043874
    29    1 H        0.047558
    30    1 H        0.044784
    31    1 H        0.044700
    32   53 I       -0.397021
    33    6 C       -0.064309
    34    6 C        0.067413
    35    8 O       -0.286782
    36    1 H        0.037841
    37    1 H        0.020795
    38    1 H        0.017633
    39    1 H        0.043325
    40    1 H        0.037900
---------------------------------------------------------

Atomic dipole moments (in atomic units):
---------------------------------------------------------
     #    Z                 x            y            z
---------------------------------------------------------
     1   92 U       -0.233215    -0.064052    -0.175870
     2    6 C        0.218034     0.072648    -0.139077
     3    8 O       -0.118507    -0.047643     0.089360
     4    1 H        0.030661    -0.088294     0.103687
     5    1 H       -0.092505    -0.058860    -0.082399
     6    1 H       -0.059867     0.109012     0.056545
     7    6 C       -0.002069     0.008010     0.002213
     8    6 C       -0.016916    -0.006963    -0.002929
     9    6 C       -0.009616     0.016055     0.005992
    10    6 C       -0.009422     0.014706     0.008922
    11    6 C        0.012905     0.017237     0.007530
    12    6 C        0.015262    -0.007361    -0.004907
    13    6 C        0.140133     0.013748    -0.015050
    14    8 O        0.065823    -0.035692    -0.021327
    15    8 O       -0.104106    -0.061090    -0.033484
    16    1 H        0.003503    -0.126293    -0.047642
    17    1 H        0.116319    -0.054294    -0.019608
    18    1 H        0.113653     0.064872     0.026612
    19    1 H       -0.112954     0.066814     0.028311
    20    1 H       -0.113488    -0.062320    -0.023265
    21   35 Br       0.043069    -0.047367    -0.023738
    22    6 C        0.063368     0.136117     0.078252
    23    6 C        0.188798     0.024464     0.043109
    24    7 N       -0.192579     0.209728     0.073518
    25    6 C       -0.068756    -0.160809    -0.091813
    26    6 C       -0.167096    -0.022106    -0.035618
    27    7 N        0.214038    -0.234642    -0.087455
    28    1 H       -0.123204    -0.012179    -0.025540
    29    1 H       -0.035968    -0.100379    -0.057550
    30    1 H        0.126231     0.008263     0.022068
    31    1 H        0.041186     0.104473     0.058974
    32   53 I        0.063551     0.149821    -0.135484
    33    6 C       -0.073906     0.010715     0.036885
    34    6 C       -0.140396    -0.101479    -0.164199
    35    8 O        0.122196     0.061654     0.096016
    36    1 H        0.104223     0.050596     0.084778
    37    1 H       -0.011937     0.068861    -0.123528
    38    1 H        0.005585    -0.140532    -0.020965
    39    1 H       -0.004836     0.124260     0.016204
    40    1 H        0.010879    -0.057553     0.110998
---------------------------------------------------------
           total    -2.291091     0.578985     2.096663
---------------------------------------------------------

[Info] JSON dump of results written to 'tblite.json'
