[Info] Molecular charge read from '.CHRG'

Charge model parameter:
------------------------------------------------------
   Z          chi/Eh     kcn/Eh     eta/Eh     rad/AA
------------------------------------------------------
  95 Am       1.0010     0.0051     0.6915     0.6095
   6 C        1.4003     0.0601     0.6166     0.9994
   8 O        1.5687     0.1169     0.6793     0.6518
   7 N        1.5582     0.0928     0.6565     0.6998
   1 H        1.2370     0.0492     1.0964     0.2919
------------------------------------------------------

Electrostatic properties (in atomic units):
--------------------------------------------------
     #    Z              CN          q        chi
--------------------------------------------------
     1   95 Am       5.6395     0.8501     0.9890
     2    6 C        4.0581     0.0555     1.2793
     3    6 C        4.0103     0.3041     1.2800
     4    8 O        1.9750    -0.2397     1.4044
     5    8 O        1.9890    -0.2323     1.4038
     6    7 N        3.8016    -0.5610     1.3773
     7    1 H        0.9922     0.1999     1.1880
     8    1 H        0.9922     0.1995     1.1880
     9    1 H        0.9960     0.3179     1.1879
    10    1 H        0.9960     0.3185     1.1879
    11    6 C        3.9574    -0.0608     1.2808
    12    6 C        2.0123     0.1917     1.3151
    13    7 N        1.9630    -0.2955     1.4282
    14    1 H        0.9914     0.2073     1.1880
    15    1 H        0.9914     0.2075     1.1880
    16    1 H        0.9914     0.2072     1.1880
    17    7 N        3.9147    -0.7003     1.3746
    18    1 H        0.9994     0.3417     1.1878
    19    1 H        1.0006     0.3429     1.1878
    20    1 H        0.9963     0.3457     1.1879
--------------------------------------------------
     Σ                          2.0000
--------------------------------------------------

Electrostatic energy:    9.2425676414804E-01 Eh

[Info] JSON dump of results written to 'multicharge.json'
