Charge model parameter:
------------------------------------------------------
   Z          chi/Eh     kcn/Eh     eta/Eh     rad/AA
------------------------------------------------------
  93 Np       1.1090     0.0071     0.5649     0.7462
  35 Br       1.3980     0.0801     0.3934     1.5631
------------------------------------------------------

Electrostatic properties (in atomic units):
--------------------------------------------------
     #    Z              CN          q        chi
--------------------------------------------------
     1   93 Np       2.9835     0.5665     1.0968
     2   35 Br       0.9960    -0.1886     1.3181
     3   35 Br       0.9961    -0.1891     1.3181
     4   35 Br       0.9961    -0.1888     1.3181
--------------------------------------------------
     Σ                         -0.0000
--------------------------------------------------

Electrostatic energy:   -6.2691395462287E-02 Eh

[Info] JSON dump of results written to 'multicharge.json'
