[Info] Molecular charge read from './.CHRG'
[Info] Molecular spin read from './.UHF'
xTB calculator
 | Coulomb electrostatics
 |  * isotropic Klopman-Ohno electrostatics
 |  * onsite third-order electrostatics
CEH guess
integral cutoff           4.0000000000000E+01 bohr

Atomic charges (in atomic units):
---------------------------------------------------------
     #    Z                 q
---------------------------------------------------------
     1   95 Am       0.546933
     2    7 N        0.258367
     3    8 O       -0.207910
     4    8 O       -0.175286
     5    8 O       -0.302276
     6    6 C       -0.092742
     7    6 C       -0.048235
     8    6 C       -0.045616
     9    6 C        0.016425
    10    6 C       -0.081243
    11    6 C       -0.051373
    12    6 C        0.003725
    13    8 O       -0.235418
    14    8 O       -0.263497
    15    1 H        0.012154
    16    1 H        0.010661
    17    1 H        0.032873
    18    1 H        0.011016
    19    1 H        0.004965
    20    1 H        0.107790
    21    7 N        0.237068
    22    8 O       -0.203113
    23    8 O       -0.156152
    24    8 O       -0.312238
    25   17 Cl      -0.505052
    26    8 O       -0.330853
    27   16 S        0.405412
    28    8 O       -0.297932
    29    8 O       -0.338451
---------------------------------------------------------

Atomic dipole moments (in atomic units):
---------------------------------------------------------
     #    Z                 x            y            z
---------------------------------------------------------
     1   95 Am      -0.250076     0.039797     0.212675
     2    7 N       -0.005861     0.005273    -0.012400
     3    8 O        0.041868     0.126194     0.209126
     4    8 O        0.084411    -0.232052     0.007617
     5    8 O       -0.108534     0.092815    -0.193970
     6    6 C       -0.002703    -0.000807     0.004788
     7    6 C        0.005167     0.005898     0.036222
     8    6 C       -0.006889    -0.030635     0.011955
     9    6 C       -0.000754    -0.016616    -0.009424
    10    6 C        0.011608    -0.008641    -0.018262
    11    6 C        0.004779     0.024069     0.006902
    12    6 C       -0.354085     0.078291     0.021013
    13    8 O        0.091117    -0.068162    -0.024316
    14    8 O        0.091996    -0.014348    -0.091585
    15    1 H        0.054319     0.077273     0.097852
    16    1 H        0.049856     0.117251    -0.033790
    17    1 H        0.000334     0.040857    -0.135431
    18    1 H       -0.053469    -0.124034     0.022385
    19    1 H        0.000017    -0.046232     0.120897
    20    1 H        0.019339    -0.075710    -0.064993
    21    7 N        0.013655     0.000930    -0.023083
    22    8 O       -0.181869    -0.083058     0.149125
    23    8 O        0.029752    -0.142716    -0.204132
    24    8 O        0.135262     0.198285     0.045636
    25   17 Cl       0.003863     0.002774    -0.001185
    26    8 O       -0.092981    -0.015653    -0.009874
    27   16 S        0.010327    -0.028895     0.150824
    28    8 O        0.025065    -0.030328     0.033828
    29    8 O        0.005844     0.092246     0.016419
---------------------------------------------------------
           total     2.790855     2.294561    -0.921934
---------------------------------------------------------

[Info] JSON dump of results written to 'tblite.json'
