[Info] Molecular charge read from './.CHRG'
xTB calculator
 | Coulomb electrostatics
 |  * isotropic Klopman-Ohno electrostatics
 |  * onsite third-order electrostatics
CEH guess
integral cutoff           2.4638462780296E+01 bohr

Atomic charges (in atomic units):
---------------------------------------------------------
     #    Z                 q
---------------------------------------------------------
     1   89 Ac       1.098238
     2    7 N       -0.001770
     3    6 C        0.066094
     4    6 C       -0.008629
     5    6 C        0.049323
     6    6 C        0.001003
     7    6 C        0.055003
     8    6 C        0.069728
     9    6 C        0.002040
    10    6 C        0.057811
    11    6 C       -0.014512
    12    6 C        0.052589
    13    7 N       -0.049153
    14    1 H        0.075794
    15    1 H        0.073324
    16    1 H        0.056376
    17    1 H        0.061982
    18    1 H        0.068461
    19    1 H        0.059711
    20    1 H        0.071398
    21    1 H        0.061312
    22    7 N       -0.121719
    23    1 H        0.134647
    24    1 H        0.125579
    25    1 H        0.144818
    26   16 S        0.108423
    27    6 C        0.084378
    28    7 N       -0.382249
---------------------------------------------------------

Atomic dipole moments (in atomic units):
---------------------------------------------------------
     #    Z                 x            y            z
---------------------------------------------------------
     1   89 Ac       0.242889    -0.291766    -1.401329
     2    7 N        0.191156    -0.099400     0.090938
     3    6 C       -0.119274    -0.008720     0.152863
     4    6 C       -0.028519     0.003335     0.022038
     5    6 C       -0.026332     0.008033     0.004011
     6    6 C       -0.065415     0.031102    -0.015272
     7    6 C       -0.101921     0.071621    -0.094659
     8    6 C       -0.115613     0.059437    -0.110213
     9    6 C       -0.018369     0.018825    -0.067982
    10    6 C       -0.006186     0.007427    -0.026906
    11    6 C        0.020722    -0.000130    -0.035473
    12    6 C        0.141883    -0.021708    -0.127335
    13    7 N        0.073672    -0.077419     0.222482
    14    1 H       -0.025798     0.050247    -0.114399
    15    1 H        0.091317     0.003188    -0.105681
    16    1 H        0.122709    -0.052680     0.021804
    17    1 H        0.032750    -0.055118     0.120931
    18    1 H        0.122765    -0.044879     0.043052
    19    1 H        0.021338    -0.034633     0.129532
    20    1 H       -0.106152     0.015581     0.087534
    21    1 H       -0.108758     0.051306    -0.035640
    22    7 N       -0.242689    -0.177714    -0.003964
    23    1 H       -0.106394     0.067036     0.017497
    24    1 H        0.003337    -0.093121     0.088523
    25    1 H       -0.010527    -0.058644    -0.114311
    26   16 S       -0.109470     0.234948     0.138769
    27    6 C        0.068063    -0.149575    -0.087332
    28    7 N       -0.065782     0.138306     0.085062
---------------------------------------------------------
           total     2.938818     1.718499     1.779987
---------------------------------------------------------

[Info] JSON dump of results written to 'tblite.json'
