[Info] Molecular charge read from '.CHRG'

Charge model parameter:
------------------------------------------------------
   Z          chi/Eh     kcn/Eh     eta/Eh     rad/AA
------------------------------------------------------
  89 Ac       1.0458     0.0047     0.6519     0.6470
  13 Al       1.1291    -0.0217     0.5831     0.9046
  15 P        1.5267     0.1425     0.7308     0.7313
  17 Cl       1.4815     0.1368     0.7586     0.7238
------------------------------------------------------

Electrostatic properties (in atomic units):
--------------------------------------------------
     #    Z              CN          q        chi
--------------------------------------------------
     1   89 Ac       2.8924     0.2261     1.0378
     2   13 Al       0.9094    -0.2213     1.1498
     3   15 P        0.9965    -0.5454     1.3845
     4   17 Cl       0.9906    -0.4594     1.3454
--------------------------------------------------
     Σ                         -1.0000
--------------------------------------------------

Electrostatic energy:   -6.9648297888608E-01 Eh

[Info] JSON dump of results written to 'multicharge.json'
