xTB calculator
 | Coulomb electrostatics
 |  * isotropic Klopman-Ohno electrostatics
 |  * onsite third-order electrostatics
CEH guess
integral cutoff           4.0000000000000E+01 bohr

Atomic charges (in atomic units):
---------------------------------------------------------
     #    Z                 q
---------------------------------------------------------
     1   89 Ac       0.220911
     2    3 Li      -0.051450
     3    3 Li       0.095941
     4    1 H       -0.265403
---------------------------------------------------------

Atomic dipole moments (in atomic units):
---------------------------------------------------------
     #    Z                 x            y            z
---------------------------------------------------------
     1   89 Ac       0.218277    -0.922497     0.427605
     2    3 Li      -0.567154    -0.637869    -0.403475
     3    3 Li       0.302977     0.934921     0.077081
     4    1 H        0.043068     0.083632     0.022408
---------------------------------------------------------
           total     0.027783    -1.209193     0.309108
---------------------------------------------------------

[Info] JSON dump of results written to 'tblite.json'
