[Info] Molecular spin read from './.UHF'
xTB calculator
 | Coulomb electrostatics
 |  * isotropic Klopman-Ohno electrostatics
 |  * onsite third-order electrostatics
CEH guess
integral cutoff           4.0000000000000E+01 bohr

Atomic charges (in atomic units):
---------------------------------------------------------
     #    Z                 q
---------------------------------------------------------
     1   97 Bk       0.312757
     2   53 I       -0.312757
---------------------------------------------------------

Atomic dipole moments (in atomic units):
---------------------------------------------------------
     #    Z                 x            y            z
---------------------------------------------------------
     1   97 Bk      -0.127224    -0.220357     0.128607
     2   53 I        0.035783     0.061977    -0.036172
---------------------------------------------------------
           total    -0.854657    -1.480308     0.863951
---------------------------------------------------------

[Info] JSON dump of results written to 'tblite.json'
