Charge model parameter:
------------------------------------------------------
   Z          chi/Eh     kcn/Eh     eta/Eh     rad/AA
------------------------------------------------------
  90 Th       1.0989     0.0159     0.6181     0.6812
   9 F        1.5754     0.1570     0.7723     0.9393
------------------------------------------------------

Electrostatic properties (in atomic units):
--------------------------------------------------
     #    Z              CN          q        chi
--------------------------------------------------
     1   90 Th       3.9783     0.8214     1.0672
     2    9 F        0.9984    -0.2054     1.4185
     3    9 F        0.9984    -0.2053     1.4185
     4    9 F        0.9984    -0.2053     1.4185
     5    9 F        0.9984    -0.2054     1.4185
--------------------------------------------------
     Σ                         -0.0000
--------------------------------------------------

Electrostatic energy:   -1.4429153642365E-01 Eh

[Info] JSON dump of results written to 'multicharge.json'
