Charge model parameter:
------------------------------------------------------
   Z          chi/Eh     kcn/Eh     eta/Eh     rad/AA
------------------------------------------------------
  91 Pa       1.0721     0.0037     0.5511     0.7643
  17 Cl       1.4815     0.1368     0.7586     0.7238
------------------------------------------------------

Electrostatic properties (in atomic units):
--------------------------------------------------
     #    Z              CN          q        chi
--------------------------------------------------
     1   91 Pa       2.9808     0.5996     1.0657
     2   17 Cl       0.9952    -0.1993     1.3450
     3   17 Cl       0.9951    -0.2000     1.3451
     4   17 Cl       0.9951    -0.2002     1.3451
--------------------------------------------------
     Σ                          0.0000
--------------------------------------------------

Electrostatic energy:   -8.3751928889322E-02 Eh

[Info] JSON dump of results written to 'multicharge.json'
