[Info] Molecular charge read from '.CHRG'

Charge model parameter:
------------------------------------------------------
   Z          chi/Eh     kcn/Eh     eta/Eh     rad/AA
------------------------------------------------------
  90 Th       1.0989     0.0159     0.6181     0.6812
  20 Ca       0.7544    -0.0898     0.5212     0.8406
   9 F        1.5754     0.1570     0.7723     0.9393
  16 S        1.4077     0.0713     0.5171     1.1581
------------------------------------------------------

Electrostatic properties (in atomic units):
--------------------------------------------------
     #    Z              CN          q        chi
--------------------------------------------------
     1   90 Th       2.9459     0.5244     1.0716
     2   20 Ca       1.9481     1.0736     0.8798
     3    9 F        0.9989    -0.2544     1.4184
     4   16 S        1.9920    -0.3435     1.3071
--------------------------------------------------
     Σ                          1.0000
--------------------------------------------------

Electrostatic energy:    3.4823902053118E-01 Eh

[Info] JSON dump of results written to 'multicharge.json'
