[Info] Molecular charge read from '.CHRG'

Charge model parameter:
------------------------------------------------------
   Z          chi/Eh     kcn/Eh     eta/Eh     rad/AA
------------------------------------------------------
  97 Bk       1.1683     0.0046     0.5532     0.7618
  50 Sn       1.1245    -0.0303     0.4567     1.0454
  20 Ca       0.7544    -0.0898     0.5212     0.8406
  34 Se       1.3649     0.0656     0.4617     1.1999
------------------------------------------------------

Electrostatic properties (in atomic units):
--------------------------------------------------
     #    Z              CN          q        chi
--------------------------------------------------
     1   97 Bk       2.8855    -0.1745     1.1605
     2   50 Sn       1.9062    -0.5010     1.1664
     3   20 Ca       2.8978     0.4983     0.9073
     4   34 Se       1.9807    -0.8228     1.2725
--------------------------------------------------
     Σ                         -1.0000
--------------------------------------------------

Electrostatic energy:   -6.9087738850336E-01 Eh

[Info] JSON dump of results written to 'multicharge.json'
