[Info] Molecular charge read from './.CHRG'
xTB calculator
 | Coulomb electrostatics
 |  * isotropic Klopman-Ohno electrostatics
 |  * onsite third-order electrostatics
CEH guess
integral cutoff           2.3650283084401E+01 bohr

Atomic charges (in atomic units):
---------------------------------------------------------
     #    Z                 q
---------------------------------------------------------
     1   90 Th       1.190202
     2    6 C       -0.090404
     3    6 C        0.026902
     4    8 O       -0.263714
     5    1 H        0.067456
     6    1 H        0.038830
     7    1 H        0.036470
     8    1 H        0.061034
     9    1 H        0.062092
    10    6 C        0.011693
    11    6 C       -0.037090
    12    6 C        0.039490
    13    6 C       -0.000739
    14    6 C        0.014841
    15    6 C       -0.041498
    16    6 C        0.334868
    17    8 O       -0.201214
    18    8 O       -0.057863
    19    1 H        0.047178
    20    1 H        0.051066
    21    1 H        0.051224
    22    1 H        0.032233
    23    1 H        0.046010
    24    1 H        0.204974
    25    8 O       -0.169269
    26    1 H        0.234643
    27    1 H        0.237729
    28    6 C       -0.271188
    29    7 N       -0.104705
    30    6 C        0.069454
    31    6 C       -0.052123
    32    6 C       -0.052839
    33    6 C        0.066634
    34    8 O       -0.090174
    35    1 H        0.047606
    36    1 H        0.074411
    37    1 H        0.045053
    38    1 H        0.086914
    39    1 H        0.086220
    40    1 H        0.046330
    41    1 H        0.048663
    42    1 H        0.072599
---------------------------------------------------------

Atomic dipole moments (in atomic units):
---------------------------------------------------------
     #    Z                 x            y            z
---------------------------------------------------------
     1   90 Th       0.010416     0.900325     0.438127
     2    6 C       -0.049165     0.062315    -0.075671
     3    6 C        0.124522     0.183713    -0.027788
     4    8 O       -0.046770    -0.153202     0.069223
     5    1 H       -0.054815    -0.119180     0.038451
     6    1 H       -0.000000     0.086961     0.117266
     7    1 H        0.126988    -0.029799    -0.064677
     8    1 H       -0.114261     0.018833     0.054601
     9    1 H       -0.004002    -0.078119    -0.102113
    10    6 C       -0.014521    -0.017154     0.012253
    11    6 C       -0.012121     0.003457     0.011610
    12    6 C       -0.050405    -0.005490     0.042981
    13    6 C       -0.027585    -0.044728     0.022454
    14    6 C        0.001505    -0.054075     0.000464
    15    6 C        0.003211    -0.019811    -0.003242
    16    6 C       -0.011503    -0.100215     0.024827
    17    8 O        0.096788    -0.013739    -0.039860
    18    8 O        0.037658     0.083149    -0.036248
    19    1 H        0.061921     0.108926    -0.049651
    20    1 H        0.101272    -0.014067    -0.089775
    21    1 H        0.046962    -0.118718    -0.053349
    22    1 H       -0.100948     0.015451     0.089518
    23    1 H       -0.039056     0.122311     0.039072
    24    1 H        0.101081     0.019945    -0.062599
    25    8 O        0.051912    -0.038150     0.047822
    26    1 H       -0.024031    -0.113144     0.067765
    27    1 H        0.129609     0.022670     0.050392
    28    6 C       -0.028314    -0.079507    -0.009073
    29    7 N       -0.001357     0.019101     0.044809
    30    6 C       -0.099968    -0.170893     0.183799
    31    6 C        0.053934    -0.044522     0.108014
    32    6 C        0.109283    -0.062393    -0.031583
    33    6 C        0.216775     0.083048    -0.145679
    34    8 O       -0.082900     0.054848    -0.033117
    35    1 H        0.044885     0.109357     0.055662
    36    1 H        0.065415    -0.046877    -0.110098
    37    1 H       -0.034326    -0.097377    -0.081063
    38    1 H       -0.012901     0.124741    -0.045975
    39    1 H       -0.127670    -0.032461    -0.021192
    40    1 H        0.022857     0.105047     0.074133
    41    1 H       -0.050982    -0.109940    -0.047401
    42    1 H        0.000554     0.015997     0.135985
---------------------------------------------------------
           total     1.140139     5.806783     4.029786
---------------------------------------------------------

[Info] JSON dump of results written to 'tblite.json'
