[Info] Molecular charge read from './.CHRG'
xTB calculator
 | Coulomb electrostatics
 |  * isotropic Klopman-Ohno electrostatics
 |  * onsite third-order electrostatics
CEH guess
integral cutoff           2.6515720764954E+01 bohr

Atomic charges (in atomic units):
---------------------------------------------------------
     #    Z                 q
---------------------------------------------------------
     1   91 Pa       0.854939
     2    7 N       -0.101087
     3    6 C        0.019517
     4    6 C        0.013883
     5    7 N       -0.039982
     6    6 C        0.020120
     7    6 C        0.004412
     8    7 N       -0.346857
     9    1 H        0.141990
    10    1 H        0.152125
    11    1 H        0.058269
    12    1 H        0.071967
    13    1 H        0.071737
    14    1 H        0.069611
    15    1 H        0.141032
    16    1 H        0.062456
    17    1 H        0.057669
    18    1 H        0.042519
    19    1 H        0.063746
    20    1 H        0.140993
    21    1 H        0.125789
    22   35 Br      -0.170161
    23    8 O       -0.417641
    24   16 S        0.445748
    25    8 O       -0.218134
    26    8 O       -0.393167
    27   16 S        0.134113
    28    6 C        0.011020
    29    7 N       -0.016624
---------------------------------------------------------

Atomic dipole moments (in atomic units):
---------------------------------------------------------
     #    Z                 x            y            z
---------------------------------------------------------
     1   91 Pa       0.031638    -0.067573     0.240576
     2    7 N       -0.183702     0.210144     0.028751
     3    6 C        0.119489    -0.147786     0.135750
     4    6 C        0.203914    -0.116758    -0.040404
     5    7 N       -0.196689     0.046919    -0.151031
     6    6 C        0.025813     0.110233     0.203750
     7    6 C        0.089490    -0.040165     0.200243
     8    7 N       -0.079805     0.091235    -0.289599
     9    1 H       -0.054180    -0.024329     0.087587
    10    1 H        0.065551     0.080217     0.016139
    11    1 H        0.071094     0.034766    -0.101204
    12    1 H       -0.068917     0.085113     0.056914
    13    1 H       -0.065948     0.026262    -0.101970
    14    1 H       -0.064380    -0.039003     0.100112
    15    1 H       -0.050599    -0.072295     0.026417
    16    1 H       -0.108323     0.018031    -0.056799
    17    1 H        0.045904    -0.113840    -0.002354
    18    1 H       -0.044480     0.111410    -0.009199
    19    1 H        0.053690    -0.052814    -0.091589
    20    1 H        0.077303     0.070861    -0.036570
    21    1 H        0.103895     0.126066    -0.085811
    22   35 Br      -0.040920    -0.010792    -0.032317
    23    8 O       -0.020732    -0.000770     0.090098
    24   16 S       -0.004253    -0.130427    -0.090875
    25    8 O        0.000785    -0.054821    -0.034291
    26    8 O        0.054273     0.068841    -0.029784
    27   16 S        0.028864    -0.027282    -0.032659
    28    6 C        0.164802     0.044240     0.203917
    29    7 N       -0.017664    -0.002336    -0.002159
---------------------------------------------------------
           total    -2.389933     0.033172    -1.151202
---------------------------------------------------------

[Info] JSON dump of results written to 'tblite.json'
