[Info] Molecular charge read from './.CHRG'
xTB calculator
 | Coulomb electrostatics
 |  * isotropic Klopman-Ohno electrostatics
 |  * onsite third-order electrostatics
CEH guess
integral cutoff           2.6515720764954E+01 bohr

Atomic charges (in atomic units):
---------------------------------------------------------
     #    Z                 q
---------------------------------------------------------
     1   89 Ac       0.298114
     2    7 N       -0.070935
     3    6 C       -0.020349
     4    6 C       -0.018694
     5    7 N       -0.043016
     6    6 C       -0.019316
     7    6 C       -0.020924
     8    7 N       -0.082728
     9    1 H        0.110924
    10    1 H        0.106193
    11    1 H        0.072674
    12    1 H        0.057409
    13    1 H        0.065034
    14    1 H        0.080122
    15    1 H        0.104956
    16    1 H        0.065153
    17    1 H        0.074798
    18    1 H        0.073768
    19    1 H        0.065175
    20    1 H        0.089942
    21    1 H        0.098592
    22    6 C       -0.095281
    23    6 C        0.169529
    24    6 C       -0.182522
    25    6 C        0.134224
    26    8 O       -0.261023
    27    6 C       -0.104725
    28    8 O       -0.274433
    29    1 H        0.063843
    30    1 H        0.061149
    31    1 H        0.068858
    32    1 H        0.062098
    33    1 H        0.071172
    34    1 H        0.061210
    35    1 H        0.046299
    36    6 C       -0.099707
    37    6 C        0.152041
    38    7 N       -0.052684
    39    1 H        0.080967
    40    1 H        0.082449
    41    1 H        0.084575
    42    9 F       -0.068945
    43   15 P        0.389646
    44    9 F       -0.080780
    45    9 F       -0.092801
    46    6 C        0.008964
    47    6 C       -0.049403
    48    6 C       -0.045410
    49    6 C       -0.001729
    50    8 O       -0.111695
    51    1 H        0.031992
    52    1 H        0.072596
    53    1 H        0.045847
    54    1 H        0.084837
    55    1 H        0.086030
    56    1 H        0.035151
    57    1 H        0.049839
    58    1 H        0.055228
    59   35 Br      -0.564295
---------------------------------------------------------

Atomic dipole moments (in atomic units):
---------------------------------------------------------
     #    Z                 x            y            z
---------------------------------------------------------
     1   89 Ac      -0.081974    -0.119597     0.113920
     2    7 N       -0.119896     0.200401    -0.193967
     3    6 C       -0.044593    -0.207534     0.053337
     4    6 C        0.152924    -0.138739     0.089647
     5    7 N       -0.082057     0.261632     0.044282
     6    6 C       -0.051372    -0.128598    -0.173226
     7    6 C       -0.007914    -0.225050     0.020153
     8    7 N        0.186344     0.232726     0.075256
     9    1 H        0.059758    -0.023673    -0.091981
    10    1 H       -0.110886    -0.019869     0.007810
    11    1 H       -0.062769     0.054904    -0.087687
    12    1 H        0.123451     0.022427     0.000224
    13    1 H       -0.115442    -0.044082     0.011691
    14    1 H        0.016566     0.121356     0.015021
    15    1 H       -0.065761    -0.016006     0.048357
    16    1 H        0.006654    -0.056803     0.108431
    17    1 H       -0.045282     0.113316     0.004211
    18    1 H        0.078800     0.064333     0.070856
    19    1 H       -0.012045     0.039206    -0.119272
    20    1 H        0.039947    -0.015701     0.093208
    21    1 H        0.066677    -0.004798    -0.083187
    22    6 C       -0.028286    -0.016003     0.084608
    23    6 C       -0.136847     0.028184    -0.014553
    24    6 C       -0.043776    -0.000247     0.015245
    25    6 C       -0.106130    -0.017184     0.106794
    26    8 O        0.066515     0.018902    -0.079343
    27    6 C       -0.065032     0.032718    -0.043685
    28    8 O        0.086275    -0.026469     0.030825
    29    1 H        0.146077    -0.019894    -0.001848
    30    1 H       -0.040901     0.135588    -0.030201
    31    1 H       -0.071756    -0.095537    -0.081588
    32    1 H        0.126326    -0.013081    -0.036767
    33    1 H        0.128056     0.007928    -0.071599
    34    1 H       -0.040254    -0.133694     0.031153
    35    1 H       -0.007893     0.083026     0.115818
    36    6 C        0.014428     0.014205     0.010198
    37    6 C       -0.217276    -0.104495    -0.022731
    38    7 N        0.019289    -0.007473    -0.019200
    39    1 H       -0.063795     0.082231     0.109514
    40    1 H        0.011210    -0.145993     0.033318
    41    1 H       -0.058328     0.024647    -0.136155
    42    9 F       -0.006787     0.002801     0.046216
    43   15 P        0.004198    -0.016893     0.112501
    44    9 F        0.020401    -0.036781     0.011671
    45    9 F        0.036815     0.018470     0.009941
    46    6 C        0.187859    -0.008240    -0.179394
    47    6 C        0.096713     0.096291    -0.024762
    48    6 C       -0.049617     0.125087    -0.029405
    49    6 C       -0.168595     0.133017     0.141547
    50    8 O       -0.014484    -0.104412     0.027425
    51    1 H        0.044743     0.015330     0.112536
    52    1 H       -0.117113     0.053806    -0.019324
    53    1 H       -0.077653    -0.022944    -0.102149
    54    1 H       -0.033493    -0.058958     0.116572
    55    1 H        0.005523    -0.114455    -0.071451
    56    1 H        0.072285     0.008232     0.106504
    57    1 H       -0.036691    -0.027599    -0.116696
    58    1 H        0.127215     0.026780     0.014737
    59   35 Br      -0.044047     0.014212    -0.004530
---------------------------------------------------------
           total     0.985792     0.294265    -1.074448
---------------------------------------------------------

[Info] JSON dump of results written to 'tblite.json'
