[Info] Molecular charge read from '.CHRG'

Charge model parameter:
------------------------------------------------------
   Z          chi/Eh     kcn/Eh     eta/Eh     rad/AA
------------------------------------------------------
  89 Ac       1.0458     0.0047     0.6519     0.6470
   7 N        1.5582     0.0928     0.6565     0.6998
   6 C        1.4003     0.0601     0.6166     0.9994
   8 O        1.5687     0.1169     0.6793     0.6518
   1 H        1.2370     0.0492     1.0964     0.2919
------------------------------------------------------

Electrostatic properties (in atomic units):
--------------------------------------------------
     #    Z              CN          q        chi
--------------------------------------------------
     1   89 Ac       5.8148     0.7858     1.0344
     2    7 N        2.0019    -0.2522     1.4269
     3    7 N        2.1504     0.1102     1.4221
     4    7 N        1.0047    -0.0578     1.4652
     5    6 C        4.4490    -0.1237     1.2736
     6    6 C        4.1427     0.0014     1.2781
     7    8 O        2.9331    -0.3663     1.3685
     8    1 H        0.9917     0.1884     1.1880
     9    1 H        1.1766     0.1674     1.1836
    10    1 H        1.0504     0.1551     1.1866
    11    1 H        0.9917     0.1946     1.1880
    12    1 H        0.9917     0.1929     1.1880
    13    1 H        0.9977     0.3082     1.1878
    14    8 O        2.8933    -0.4763     1.3698
    15    1 H        0.9954     0.3335     1.1879
    16    1 H        0.9948     0.3317     1.1879
    17    7 N        3.9101    -0.6999     1.3747
    18    1 H        0.9982     0.3290     1.1878
    19    1 H        1.0089     0.3229     1.1876
    20    1 H        1.0058     0.3389     1.1876
    21    8 O        2.9352    -0.4654     1.3684
    22    1 H        0.9951     0.3405     1.1879
    23    1 H        1.0242     0.3411     1.1872
--------------------------------------------------
     Σ                          2.0000
--------------------------------------------------

Electrostatic energy:    9.1267773002823E-01 Eh

[Info] JSON dump of results written to 'multicharge.json'
