[Info] Molecular charge read from './.CHRG'
[Info] Molecular spin read from './.UHF'
xTB calculator
 | Coulomb electrostatics
 |  * isotropic Klopman-Ohno electrostatics
 |  * onsite third-order electrostatics
CEH guess
integral cutoff           4.0000000000000E+01 bohr

Atomic charges (in atomic units):
---------------------------------------------------------
     #    Z                 q
---------------------------------------------------------
     1   94 Pu       0.732631
     2    6 C        0.009719
     3    8 O       -0.111308
     4    1 H        0.033987
     5    1 H        0.058344
     6    1 H        0.055484
     7    1 H        0.164238
     8   17 Cl      -0.183731
     9    6 C        0.038367
    10    6 C        0.032307
    11    7 N        0.030708
    12    6 C        0.020248
    13    6 C        0.041990
    14    7 N       -0.110261
    15    1 H        0.067691
    16    1 H        0.045690
    17    1 H        0.037081
    18    1 H        0.068362
    19    6 C       -0.082726
    20    6 C        0.147895
    21    7 N       -0.005699
    22    1 H        0.076568
    23    1 H        0.074550
    24    1 H        0.072210
    25    6 C       -0.095385
    26    6 C        0.068748
    27    8 O       -0.282459
    28    1 H        0.056010
    29    1 H        0.019541
    30    1 H        0.021423
    31    1 H        0.049648
    32    1 H        0.051625
    33    9 F       -0.203497
---------------------------------------------------------

Atomic dipole moments (in atomic units):
---------------------------------------------------------
     #    Z                 x            y            z
---------------------------------------------------------
     1   94 Pu       0.416895     0.728023    -0.097358
     2    6 C       -0.172260    -0.143677    -0.177825
     3    8 O       -0.034254     0.094290     0.072936
     4    1 H       -0.074859     0.000211     0.125485
     5    1 H        0.022342     0.132333    -0.056343
     6    1 H        0.139248    -0.072040     0.017518
     7    1 H       -0.118002     0.060004    -0.015268
     8   17 Cl       0.006731     0.009912    -0.004233
     9    6 C        0.076672     0.128938    -0.048636
    10    6 C        0.039349     0.165692     0.095829
    11    7 N        0.067853    -0.003750    -0.229633
    12    6 C       -0.089726    -0.146478     0.071507
    13    6 C       -0.034160    -0.134975    -0.064024
    14    7 N       -0.093576     0.018251     0.282630
    15    1 H       -0.022072    -0.106324    -0.073288
    16    1 H       -0.068669    -0.106821     0.059197
    17    1 H        0.020135     0.112902     0.074666
    18    1 H        0.063753     0.098850    -0.058304
    19    6 C       -0.010587     0.007218    -0.003253
    20    6 C        0.179540    -0.139448     0.021647
    21    7 N       -0.036012     0.057000    -0.004578
    22    1 H       -0.063941    -0.135422    -0.011664
    23    1 H        0.058319     0.024261     0.134790
    24    1 H        0.093937     0.030593    -0.111948
    25    6 C        0.077692     0.045188    -0.019779
    26    6 C        0.012625    -0.009525    -0.240211
    27    8 O       -0.030205    -0.005103     0.131634
    28    1 H       -0.028534    -0.009380     0.138508
    29    1 H        0.026285    -0.135064    -0.062886
    30    1 H       -0.106610     0.077751    -0.074028
    31    1 H        0.097014    -0.067730     0.063853
    32    1 H       -0.021813     0.122764     0.051371
    33    9 F       -0.060453     0.043585    -0.016064
---------------------------------------------------------
           total     2.186897     0.903565    -0.844610
---------------------------------------------------------

[Info] JSON dump of results written to 'tblite.json'
