[Info] Molecular charge read from '.CHRG'

Charge model parameter:
------------------------------------------------------
   Z          chi/Eh     kcn/Eh     eta/Eh     rad/AA
------------------------------------------------------
 103 Lr       1.1371     0.0068     0.5937     0.7095
  35 Br       1.3980     0.0801     0.3934     1.5631
  33 As       1.3631     0.0766     0.5208     1.2766
  17 Cl       1.4815     0.1368     0.7586     0.7238
------------------------------------------------------

Electrostatic properties (in atomic units):
--------------------------------------------------
     #    Z              CN          q        chi
--------------------------------------------------
     1  103 Lr       2.9713     0.3121     1.1255
     2   35 Br       0.9898    -0.6346     1.3184
     3   33 As       0.9939    -0.3537     1.2868
     4   17 Cl       0.9921    -0.3239     1.3453
--------------------------------------------------
     Σ                         -1.0000
--------------------------------------------------

Electrostatic energy:   -6.8805280999205E-01 Eh

[Info] JSON dump of results written to 'multicharge.json'
