xTB calculator
 | Coulomb electrostatics
 |  * isotropic Klopman-Ohno electrostatics
 |  * onsite third-order electrostatics
CEH guess
integral cutoff           2.3650283084401E+01 bohr

Atomic charges (in atomic units):
---------------------------------------------------------
     #    Z                 q
---------------------------------------------------------
     1   90 Th       1.171199
     2    6 C       -0.214473
     3    7 N       -0.202310
     4    8 O       -0.403747
     5   16 S        0.464268
     6    8 O       -0.432692
     7    8 O       -0.401325
     8    7 N       -0.025786
     9    1 H        0.128937
    10    1 H        0.121053
    11    1 H        0.123398
    12   17 Cl      -0.328522
---------------------------------------------------------

Atomic dipole moments (in atomic units):
---------------------------------------------------------
     #    Z                 x            y            z
---------------------------------------------------------
     1   90 Th       0.064461     0.242999    -0.429541
     2    6 C        0.012669    -0.010685    -0.089430
     3    7 N       -0.030033     0.014821     0.022493
     4    8 O       -0.082465     0.087239    -0.029327
     5   16 S        0.035901     0.078526    -0.003218
     6    8 O        0.037751    -0.090586    -0.101302
     7    8 O        0.001178    -0.036087     0.137816
     8    7 N        0.048852    -0.158246     0.244966
     9    1 H        0.137826    -0.001389     0.012053
    10    1 H       -0.048010    -0.114238    -0.019842
    11    1 H       -0.066241     0.065411     0.105947
    12   17 Cl      -0.002432    -0.012815    -0.006743
---------------------------------------------------------
           total    -0.142986     0.253380     1.427268
---------------------------------------------------------

[Info] JSON dump of results written to 'tblite.json'
