[Info] Molecular spin read from './.UHF'
xTB calculator
 | Coulomb electrostatics
 |  * isotropic Klopman-Ohno electrostatics
 |  * onsite third-order electrostatics
CEH guess
integral cutoff           4.0000000000000E+01 bohr

Atomic charges (in atomic units):
---------------------------------------------------------
     #    Z                 q
---------------------------------------------------------
     1   99 Es       0.323317
     2    3 Li       0.173528
     3    1 H        0.041904
     4    1 H       -0.364644
     5    1 H       -0.249918
     6    1 H        0.075813
---------------------------------------------------------

Atomic dipole moments (in atomic units):
---------------------------------------------------------
     #    Z                 x            y            z
---------------------------------------------------------
     1   99 Es       0.006486    -0.168788    -0.846098
     2    3 Li       0.022103     0.286839     0.335061
     3    1 H       -0.031769     0.004503    -0.170720
     4    1 H       -0.047276    -0.092403     0.013922
     5    1 H        0.091151    -0.024659    -0.026543
     6    1 H        0.027523     0.072760     0.157432
---------------------------------------------------------
           total     0.183992     1.979474    -0.500009
---------------------------------------------------------

[Info] JSON dump of results written to 'tblite.json'
