[Info] Molecular spin read from './.UHF'
xTB calculator
 | Coulomb electrostatics
 |  * isotropic Klopman-Ohno electrostatics
 |  * onsite third-order electrostatics
CEH guess
integral cutoff           2.9707664809354E+01 bohr

Atomic charges (in atomic units):
---------------------------------------------------------
     #    Z                 q
---------------------------------------------------------
     1   91 Pa       0.122454
     2   38 Sr       0.414246
     3   32 Ge       0.028301
     4   15 P       -0.282339
     5   15 P       -0.282662
---------------------------------------------------------

Atomic dipole moments (in atomic units):
---------------------------------------------------------
     #    Z                 x            y            z
---------------------------------------------------------
     1   91 Pa      -2.655399    -2.191940     0.144399
     2   38 Sr       1.596618     1.056462    -0.023812
     3   32 Ge       0.606976    -0.460404     0.186011
     4   15 P       -0.011199     0.044939    -0.156425
     5   15 P       -0.048096     0.106654     0.113258
---------------------------------------------------------
           total     1.217168    -1.585111     0.533104
---------------------------------------------------------

[Info] JSON dump of results written to 'tblite.json'
