[Info] Molecular charge read from './.CHRG'
[Info] Molecular spin read from './.UHF'
xTB calculator
 | Coulomb electrostatics
 |  * isotropic Klopman-Ohno electrostatics
 |  * onsite third-order electrostatics
CEH guess
integral cutoff           4.0000000000000E+01 bohr

Atomic charges (in atomic units):
---------------------------------------------------------
     #    Z                 q
---------------------------------------------------------
     1   96 Cm       0.916201
     2    6 C       -0.095427
     3    6 C        0.148026
     4    6 C       -0.170596
     5    6 C        0.150069
     6    8 O       -0.238969
     7    6 C       -0.095465
     8    8 O       -0.226776
     9    1 H        0.053536
    10    1 H        0.050257
    11    1 H        0.056690
    12    1 H        0.050454
    13    1 H        0.054355
    14    1 H        0.054432
    15    1 H        0.051819
    16   53 I        0.011521
    17    6 C        0.021269
    18    8 O       -0.124357
    19    1 H        0.045541
    20    1 H        0.047863
    21    1 H        0.058474
    22    1 H        0.181082
---------------------------------------------------------

Atomic dipole moments (in atomic units):
---------------------------------------------------------
     #    Z                 x            y            z
---------------------------------------------------------
     1   96 Cm       0.098909    -0.896044     0.165727
     2    6 C       -0.001522     0.005076    -0.078928
     3    6 C       -0.147074     0.062556    -0.014309
     4    6 C       -0.032956     0.014019    -0.014344
     5    6 C       -0.106644     0.051970    -0.123321
     6    8 O        0.059593    -0.036145     0.051308
     7    6 C       -0.058680     0.024748     0.047430
     8    8 O        0.074192    -0.037916     0.021698
     9    1 H        0.129173    -0.067880     0.028767
    10    1 H       -0.119554    -0.073240     0.038472
    11    1 H       -0.007004     0.137219     0.046223
    12    1 H        0.109963    -0.050615     0.057465
    13    1 H        0.101469    -0.054873     0.094087
    14    1 H        0.042216     0.118140    -0.072987
    15    1 H       -0.059362    -0.097301    -0.089735
    16   53 I        0.008147     0.132210    -0.019269
    17    6 C        0.074908     0.266296     0.043182
    18    8 O       -0.079107    -0.032392    -0.079440
    19    1 H        0.029557    -0.025857    -0.137356
    20    1 H       -0.139438    -0.007643     0.032040
    21    1 H        0.078230    -0.096195     0.088639
    22    1 H       -0.070515     0.073501    -0.078345
---------------------------------------------------------
           total    -1.702800     1.509334     1.352678
---------------------------------------------------------

[Info] JSON dump of results written to 'tblite.json'
