[Info] Molecular spin read from './.UHF'
xTB calculator
 | Coulomb electrostatics
 |  * isotropic Klopman-Ohno electrostatics
 |  * onsite third-order electrostatics
CEH guess
integral cutoff           4.0000000000000E+01 bohr

Atomic charges (in atomic units):
---------------------------------------------------------
     #    Z                 q
---------------------------------------------------------
     1  103 Lr       1.044562
     2    5 B       -0.527059
     3    6 C       -0.517503
---------------------------------------------------------

Atomic dipole moments (in atomic units):
---------------------------------------------------------
     #    Z                 x            y            z
---------------------------------------------------------
     1  103 Lr      -0.290394    -0.699344     0.399924
     2    5 B        0.283960    -0.039607    -0.158464
     3    6 C       -0.114308     0.185386     0.009312
---------------------------------------------------------
           total    -2.146744    -3.836839     2.527846
---------------------------------------------------------

[Info] JSON dump of results written to 'tblite.json'
