[Info] Molecular charge read from './.CHRG'
[Info] Molecular spin read from './.UHF'
xTB calculator
 | Coulomb electrostatics
 |  * isotropic Klopman-Ohno electrostatics
 |  * onsite third-order electrostatics
CEH guess
integral cutoff           4.0000000000000E+01 bohr

Atomic charges (in atomic units):
---------------------------------------------------------
     #    Z                 q
---------------------------------------------------------
     1   97 Bk       0.548593
     2    7 N       -0.078225
     3    6 C       -0.013387
     4    6 C       -0.013179
     5    7 N       -0.079812
     6    6 C       -0.016568
     7    6 C       -0.001392
     8    7 N       -0.084973
     9    1 H        0.113432
    10    1 H        0.109747
    11    1 H        0.071152
    12    1 H        0.050701
    13    1 H        0.064218
    14    1 H        0.073993
    15    1 H        0.108185
    16    1 H        0.070434
    17    1 H        0.049289
    18    1 H        0.062087
    19    1 H        0.067194
    20    1 H        0.116236
    21    1 H        0.104138
    22    6 C        0.002985
    23    8 O       -0.368240
    24    1 H        0.051231
    25    1 H        0.045571
    26    1 H        0.044698
    27   16 S       -0.062535
    28    6 C        0.023338
    29    7 N       -0.281969
    30    7 N       -0.107197
    31    1 H        0.106179
    32    1 H        0.111152
    33    1 H        0.112922
---------------------------------------------------------

Atomic dipole moments (in atomic units):
---------------------------------------------------------
     #    Z                 x            y            z
---------------------------------------------------------
     1   97 Bk      -0.232330     0.363492     0.294767
     2    7 N        0.039535     0.303296    -0.032319
     3    6 C        0.125155    -0.182515    -0.002391
     4    6 C       -0.056705    -0.200019     0.118011
     5    7 N       -0.161200     0.167583    -0.168477
     6    6 C        0.215378    -0.064056    -0.008348
     7    6 C        0.149846    -0.007083     0.173608
     8    7 N       -0.293776    -0.044863    -0.071062
     9    1 H        0.012034     0.023406     0.095802
    10    1 H        0.074210     0.008738    -0.067948
    11    1 H        0.050642     0.110770    -0.011270
    12    1 H       -0.093786    -0.012238     0.085110
    13    1 H        0.094514    -0.013168    -0.081114
    14    1 H       -0.092337     0.071711    -0.037165
    15    1 H        0.021391    -0.030178    -0.055305
    16    1 H       -0.050030     0.050247    -0.097218
    17    1 H       -0.026281     0.054013     0.112374
    18    1 H        0.047683    -0.056452    -0.103053
    19    1 H       -0.121027    -0.006904     0.019876
    20    1 H        0.009874    -0.094658    -0.031039
    21    1 H       -0.044331     0.030940     0.083857
    22    6 C        0.099040    -0.004902    -0.223521
    23    8 O       -0.047284    -0.001780     0.102608
    24    1 H       -0.008568     0.128045     0.050955
    25    1 H        0.071959    -0.071927     0.087244
    26    1 H       -0.123932    -0.048751     0.000925
    27   16 S       -0.061887     0.056171    -0.156463
    28    6 C        0.045693    -0.039290     0.109532
    29    7 N       -0.017457     0.020373    -0.067307
    30    7 N        0.250060    -0.182450     0.079031
    31    1 H        0.010066    -0.060505    -0.097852
    32    1 H       -0.038981    -0.057342     0.092835
    33    1 H        0.084576     0.075591     0.026628
---------------------------------------------------------
           total    -0.040507     1.831125     0.795498
---------------------------------------------------------

[Info] JSON dump of results written to 'tblite.json'
