[Info] Molecular charge read from '.CHRG'

Charge model parameter:
------------------------------------------------------
   Z          chi/Eh     kcn/Eh     eta/Eh     rad/AA
------------------------------------------------------
  96 Cm       1.1100     0.0071     0.5609     0.7515
   1 H        1.2370     0.0492     1.0964     0.2919
   5 B        1.2669    -0.0263     0.5452     1.5138
  52 Te       1.3651     0.0895     0.4850     1.0871
------------------------------------------------------

Electrostatic properties (in atomic units):
--------------------------------------------------
     #    Z              CN          q        chi
--------------------------------------------------
     1   96 Cm       2.8069     0.0202     1.0981
     2    1 H        0.8445    -0.2332     1.1918
     3    5 B        0.9862    -0.8433     1.2931
     4   52 Te       0.9799    -0.9436     1.2764
--------------------------------------------------
     Σ                         -2.0000
--------------------------------------------------

Electrostatic energy:   -1.2753712991787E+00 Eh

[Info] JSON dump of results written to 'multicharge.json'
