[Info] Molecular charge read from '.CHRG'

Charge model parameter:
------------------------------------------------------
   Z          chi/Eh     kcn/Eh     eta/Eh     rad/AA
------------------------------------------------------
  99 Es       1.0593     0.0030     0.5898     0.7145
   7 N        1.5582     0.0928     0.6565     0.6998
   6 C        1.4003     0.0601     0.6166     0.9994
   1 H        1.2370     0.0492     1.0964     0.2919
  16 S        1.4077     0.0713     0.5171     1.1581
  15 P        1.5267     0.1425     0.7308     0.7313
   8 O        1.5687     0.1169     0.6793     0.6518
------------------------------------------------------

Electrostatic properties (in atomic units):
--------------------------------------------------
     #    Z              CN          q        chi
--------------------------------------------------
     1   99 Es       5.6577     0.8817     1.0522
     2    7 N        2.9664    -0.3515     1.3984
     3    6 C        3.1389     0.0511     1.2939
     4    6 C        3.0093    -0.0452     1.2961
     5    6 C        3.0218    -0.0411     1.2959
     6    6 C        3.0130    -0.0556     1.2960
     7    6 C        3.1521     0.1267     1.2937
     8    6 C        3.1612     0.1267     1.2935
     9    6 C        3.0133    -0.0559     1.2960
    10    6 C        3.0211    -0.0422     1.2959
    11    6 C        3.0097    -0.0478     1.2961
    12    6 C        3.1756     0.0539     1.2933
    13    7 N        2.9798    -0.3502     1.3980
    14    1 H        0.9926     0.1450     1.1880
    15    1 H        0.9930     0.1628     1.1880
    16    1 H        0.9929     0.1692     1.1880
    17    1 H        0.9932     0.1443     1.1880
    18    1 H        0.9932     0.1444     1.1880
    19    1 H        0.9928     0.1687     1.1880
    20    1 H        0.9930     0.1612     1.1880
    21    1 H        0.9928     0.1499     1.1880
    22   16 S        1.0142     0.0305     1.3359
    23    6 C        2.0833     0.1783     1.3136
    24    7 N        2.0103    -0.4502     1.4266
    25    6 C        3.9575    -0.1980     1.2808
    26   15 P        4.2595     0.2025     1.2326
    27    8 O        1.9911    -0.4071     1.4037
    28    6 C        3.9575    -0.1970     1.2808
    29    6 C        3.9577    -0.1904     1.2808
    30    1 H        0.9940     0.1401     1.1879
    31    1 H        0.9941     0.1490     1.1879
    32    1 H        0.9936     0.1434     1.1879
    33    1 H        0.9936     0.1442     1.1879
    34    1 H        0.9940     0.1498     1.1879
    35    1 H        0.9939     0.1450     1.1879
    36    1 H        0.9938     0.1451     1.1879
    37    1 H        0.9943     0.1525     1.1879
    38    1 H        0.9942     0.1516     1.1879
    39    6 C        4.0624    -0.0705     1.2792
    40    8 O        2.9321    -0.4392     1.3685
    41    1 H        0.9920     0.1574     1.1880
    42    1 H        0.9920     0.1538     1.1880
    43    1 H        0.9930     0.1492     1.1880
    44    1 H        0.9949     0.2639     1.1879
--------------------------------------------------
     Σ                          2.0000
--------------------------------------------------

Electrostatic energy:    9.0801730653257E-01 Eh

[Info] JSON dump of results written to 'multicharge.json'
