[Info] Molecular charge read from '.CHRG'

Charge model parameter:
------------------------------------------------------
   Z          chi/Eh     kcn/Eh     eta/Eh     rad/AA
------------------------------------------------------
 101 Md       1.1131     0.0055     0.6097     0.6919
   6 C        1.4003     0.0601     0.6166     0.9994
   8 O        1.5687     0.1169     0.6793     0.6518
   7 N        1.5582     0.0928     0.6565     0.6998
   1 H        1.2370     0.0492     1.0964     0.2919
------------------------------------------------------

Electrostatic properties (in atomic units):
--------------------------------------------------
     #    Z              CN          q        chi
--------------------------------------------------
     1  101 Md       6.3353     0.6706     1.0993
     2    6 C        4.2091     0.0563     1.2771
     3    6 C        4.0380     0.3030     1.2796
     4    8 O        1.9944    -0.2395     1.4036
     5    8 O        1.9967    -0.2608     1.4035
     6    7 N        3.9449    -0.5471     1.3739
     7    1 H        0.9922     0.1926     1.1880
     8    1 H        0.9922     0.1941     1.1880
     9    1 H        0.9972     0.3101     1.1879
    10    1 H        0.9969     0.3113     1.1879
    11    6 C        4.2479    -0.0059     1.2765
    12    6 C        3.9820    -0.0850     1.2804
    13    6 C        3.9830    -0.0834     1.2804
    14    6 C        4.1655    -0.0117     1.2777
    15    8 O        2.9493    -0.2781     1.3679
    16    1 H        0.9916     0.1761     1.1880
    17    1 H        0.9931     0.1758     1.1880
    18    1 H        0.9916     0.1813     1.1880
    19    1 H        0.9919     0.1869     1.1880
    20    1 H        0.9919     0.1874     1.1880
    21    1 H        0.9916     0.1823     1.1880
    22    1 H        0.9915     0.1727     1.1880
    23    1 H        0.9918     0.1759     1.1880
    24    6 C        1.9275     0.1910     1.3169
    25    8 O        1.0005    -0.1559     1.4517
--------------------------------------------------
     Σ                          2.0000
--------------------------------------------------

Electrostatic energy:    1.0279839854054E+00 Eh

[Info] JSON dump of results written to 'multicharge.json'
