Charge model parameter:
------------------------------------------------------
   Z          chi/Eh     kcn/Eh     eta/Eh     rad/AA
------------------------------------------------------
 101 Md       1.1131     0.0055     0.6097     0.6919
   6 C        1.4003     0.0601     0.6166     0.9994
   8 O        1.5687     0.1169     0.6793     0.6518
   1 H        1.2370     0.0492     1.0964     0.2919
  16 S        1.4077     0.0713     0.5171     1.1581
   7 N        1.5582     0.0928     0.6565     0.6998
------------------------------------------------------

Electrostatic properties (in atomic units):
--------------------------------------------------
     #    Z              CN          q        chi
--------------------------------------------------
     1  101 Md       7.7923     0.7101     1.0978
     2    6 C        3.0142    -0.0947     1.2960
     3    6 C        3.0125    -0.0979     1.2961
     4    6 C        3.0163    -0.0833     1.2960
     5    6 C        3.0196     0.0040     1.2959
     6    6 C        3.0162    -0.0799     1.2960
     7    6 C        3.0125    -0.0965     1.2961
     8    6 C        3.9198     0.2507     1.2814
     9    8 O        1.9881    -0.3626     1.4038
    10    8 O        1.9871    -0.3477     1.4039
    11    1 H        0.9928     0.1157     1.1880
    12    1 H        0.9929     0.1164     1.1880
    13    1 H        0.9929     0.1345     1.1880
    14    1 H        0.9929     0.1385     1.1880
    15    1 H        0.9929     0.1175     1.1880
    16    6 C        3.0148    -0.0915     1.2960
    17    6 C        3.0125    -0.0899     1.2961
    18    6 C        3.0147    -0.0735     1.2960
    19    6 C        3.0191     0.0074     1.2959
    20    6 C        3.0190    -0.0770     1.2959
    21    6 C        3.0121    -0.0950     1.2961
    22    6 C        3.6825     0.2285     1.2850
    23    8 O        1.9304    -0.3439     1.4062
    24    8 O        2.8771    -0.3717     1.3704
    25    1 H        0.9928     0.1172     1.1880
    26    1 H        0.9929     0.1212     1.1880
    27    1 H        0.9930     0.1390     1.1880
    28    1 H        0.9930     0.1353     1.1880
    29    1 H        0.9929     0.1176     1.1880
    30    1 H        1.0182     0.2863     1.1873
    31   16 S        1.9674    -0.0759     1.3077
    32    6 C        2.2126     0.1637     1.3110
    33    7 N        1.0477    -0.4778     1.4632
    34    6 C        3.9548    -0.2097     1.2809
    35    6 C        4.2604    -0.0044     1.2763
    36    8 O        1.9920    -0.3994     1.4037
    37    1 H        0.9915     0.0979     1.1880
    38    1 H        0.9915     0.1149     1.1880
    39    1 H        0.9916     0.1282     1.1880
    40    1 H        0.9904     0.1115     1.1880
    41    1 H        0.9903     0.1199     1.1880
    42    8 O        2.9436    -0.5563     1.3681
    43    1 H        1.0144     0.2610     1.1874
    44    1 H        1.5340     0.2916     1.1761
--------------------------------------------------
     Σ                         -0.0000
--------------------------------------------------

Electrostatic energy:   -3.6945240905489E-01 Eh

[Info] JSON dump of results written to 'multicharge.json'
