[Info] Molecular charge read from '.CHRG'

Charge model parameter:
------------------------------------------------------
   Z          chi/Eh     kcn/Eh     eta/Eh     rad/AA
------------------------------------------------------
  90 Th       1.0989     0.0159     0.6181     0.6812
   8 O        1.5687     0.1169     0.6793     0.6518
  38 Sr       0.5880    -0.0670     0.6512     0.8612
------------------------------------------------------

Electrostatic properties (in atomic units):
--------------------------------------------------
     #    Z              CN          q        chi
--------------------------------------------------
     1   90 Th       1.9223    -0.6548     1.0768
     2    8 O        1.9823    -1.3623     1.4041
     3   38 Sr       1.9070     0.0171     0.6805
--------------------------------------------------
     Σ                         -2.0000
--------------------------------------------------

Electrostatic energy:   -1.3031157797036E+00 Eh

[Info] JSON dump of results written to 'multicharge.json'
