[Info] Molecular charge read from '.CHRG'

Charge model parameter:
------------------------------------------------------
   Z          chi/Eh     kcn/Eh     eta/Eh     rad/AA
------------------------------------------------------
  90 Th       1.0989     0.0159     0.6181     0.6812
   7 N        1.5582     0.0928     0.6565     0.6998
   6 C        1.4003     0.0601     0.6166     0.9994
   1 H        1.2370     0.0492     1.0964     0.2919
   8 O        1.5687     0.1169     0.6793     0.6518
------------------------------------------------------

Electrostatic properties (in atomic units):
--------------------------------------------------
     #    Z              CN          q        chi
--------------------------------------------------
     1   90 Th       6.5915     0.8280     1.0581
     2    7 N        3.8969    -0.5595     1.3750
     3    6 C        4.0626     0.0058     1.2792
     4    6 C        4.0580     0.0107     1.2793
     5    7 N        3.9130    -0.5526     1.3746
     6    1 H        0.9984     0.2861     1.1878
     7    1 H        1.0001     0.2872     1.1878
     8    1 H        0.9916     0.1703     1.1880
     9    1 H        0.9913     0.1673     1.1880
    10    1 H        0.9913     0.1764     1.1880
    11    1 H        0.9915     0.1707     1.1880
    12    1 H        1.0037     0.3017     1.1877
    13    1 H        1.0044     0.2814     1.1877
    14    7 N        3.7351     0.1896     1.3789
    15    8 O        1.0011    -0.0950     1.4517
    16    8 O        1.9799    -0.1826     1.4042
    17    8 O        1.9775    -0.1756     1.4043
    18    6 C        3.9557    -0.1294     1.2808
    19    6 C        4.0741     0.0263     1.2791
    20    8 O        1.9869    -0.3688     1.4039
    21    1 H        0.9918     0.1836     1.1880
    22    1 H        0.9916     0.1791     1.1880
    23    1 H        0.9916     0.1833     1.1880
    24    1 H        0.9917     0.1780     1.1880
    25    1 H        0.9917     0.1761     1.1880
    26    7 N        3.8985    -0.7052     1.3750
    27    1 H        0.9983     0.3150     1.1878
    28    1 H        0.9966     0.3222     1.1879
    29    1 H        1.0052     0.3300     1.1877
--------------------------------------------------
     Σ                          2.0000
--------------------------------------------------

Electrostatic energy:    8.8711334807205E-01 Eh

[Info] JSON dump of results written to 'multicharge.json'
