[Info] Molecular charge read from '.CHRG'

Charge model parameter:
------------------------------------------------------
   Z          chi/Eh     kcn/Eh     eta/Eh     rad/AA
------------------------------------------------------
  95 Am       1.0010     0.0051     0.6915     0.6095
   6 C        1.4003     0.0601     0.6166     0.9994
   7 N        1.5582     0.0928     0.6565     0.6998
   1 H        1.2370     0.0492     1.0964     0.2919
  15 P        1.5267     0.1425     0.7308     0.7313
  53 I        1.4034     0.0897     0.3054     2.0116
------------------------------------------------------

Electrostatic properties (in atomic units):
--------------------------------------------------
     #    Z              CN          q        chi
--------------------------------------------------
     1   95 Am       4.0768     0.6746     0.9908
     2    6 C        3.0656     0.1147     1.2951
     3    6 C        3.1518     0.0621     1.2937
     4    7 N        2.9723    -0.3711     1.3982
     5    6 C        3.1483     0.0603     1.2937
     6    6 C        3.0659     0.1160     1.2951
     7    7 N        2.0166    -0.2844     1.4264
     8    1 H        0.9925     0.1852     1.1880
     9    1 H        0.9923     0.1452     1.1880
    10    1 H        0.9926     0.1447     1.1880
    11    1 H        0.9925     0.1861     1.1880
    12    6 C        3.9564    -0.1978     1.2808
    13   15 P        3.9532     0.0362     1.2434
    14    6 C        3.9568    -0.2002     1.2808
    15    6 C        3.9568    -0.1962     1.2808
    16    1 H        0.9928     0.1554     1.1880
    17    1 H        0.9927     0.1488     1.1880
    18    1 H        0.9928     0.1458     1.1880
    19    1 H        0.9930     0.1563     1.1880
    20    1 H        0.9929     0.1447     1.1880
    21    1 H        0.9932     0.1469     1.1880
    22    1 H        0.9929     0.1565     1.1880
    23    1 H        0.9931     0.1498     1.1880
    24    1 H        0.9928     0.1500     1.1880
    25    6 C        3.9576    -0.1057     1.2808
    26    6 C        2.0114     0.1383     1.3151
    27    7 N        1.9611    -0.3718     1.4282
    28    1 H        0.9915     0.1762     1.1880
    29    1 H        0.9915     0.1713     1.1880
    30    1 H        0.9915     0.1727     1.1880
    31   53 I        1.0067    -0.0107     1.3134
--------------------------------------------------
     Σ                          2.0000
--------------------------------------------------

Electrostatic energy:    9.9932972388057E-01 Eh

[Info] JSON dump of results written to 'multicharge.json'
