[Info] Molecular charge read from '.CHRG'

Charge model parameter:
------------------------------------------------------
   Z          chi/Eh     kcn/Eh     eta/Eh     rad/AA
------------------------------------------------------
  92 U        1.0982     0.0042     0.6173     0.6828
   7 N        1.5582     0.0928     0.6565     0.6998
  34 Se       1.3649     0.0656     0.4617     1.1999
  52 Te       1.3651     0.0895     0.4850     1.0871
  20 Ca       0.7544    -0.0898     0.5212     0.8406
------------------------------------------------------

Electrostatic properties (in atomic units):
--------------------------------------------------
     #    Z              CN          q        chi
--------------------------------------------------
     1   92 U        3.9090     0.5769     1.0900
     2    7 N        2.1359    -0.6276     1.4226
     3   34 Se       2.1841    -0.1565     1.2679
     4   52 Te       2.2666     0.1104     1.2303
     5   20 Ca       3.8690     1.0969     0.9310
--------------------------------------------------
     Σ                          1.0000
--------------------------------------------------

Electrostatic energy:    3.4727269744087E-01 Eh

[Info] JSON dump of results written to 'multicharge.json'
