[Info] Molecular charge read from '.CHRG'

Charge model parameter:
------------------------------------------------------
   Z          chi/Eh     kcn/Eh     eta/Eh     rad/AA
------------------------------------------------------
  93 Np       1.1090     0.0071     0.5649     0.7462
  35 Br       1.3980     0.0801     0.3934     1.5631
  53 I        1.4034     0.0897     0.3054     2.0116
------------------------------------------------------

Electrostatic properties (in atomic units):
--------------------------------------------------
     #    Z              CN          q        chi
--------------------------------------------------
     1   93 Np       1.9506     0.2700     1.0991
     2   35 Br       0.9862    -0.9550     1.3185
     3   53 I        0.9654    -1.3150     1.3153
--------------------------------------------------
     Σ                         -2.0000
--------------------------------------------------

Electrostatic energy:   -1.3460043852146E+00 Eh

[Info] JSON dump of results written to 'multicharge.json'
