[Info] Molecular charge read from '.CHRG'

Charge model parameter:
------------------------------------------------------
   Z          chi/Eh     kcn/Eh     eta/Eh     rad/AA
------------------------------------------------------
  98 Cf       1.0089     0.0039     0.6196     0.6803
   7 N        1.5582     0.0928     0.6565     0.6998
   8 O        1.5687     0.1169     0.6793     0.6518
   6 C        1.4003     0.0601     0.6166     0.9994
   1 H        1.2370     0.0492     1.0964     0.2919
   9 F        1.5754     0.1570     0.7723     0.9393
  15 P        1.5267     0.1425     0.7308     0.7313
------------------------------------------------------

Electrostatic properties (in atomic units):
--------------------------------------------------
     #    Z              CN          q        chi
--------------------------------------------------
     1   98 Cf       7.8955     1.0106     0.9980
     2    7 N        3.5172     0.1697     1.3842
     3    8 O        1.0016    -0.2969     1.4517
     4    8 O        1.8489    -0.2207     1.4097
     5    8 O        1.9388    -0.2023     1.4059
     6    6 C        3.9574    -0.1533     1.2808
     7    6 C        2.1137     0.1254     1.3130
     8    7 N        1.7818    -0.3207     1.4343
     9    1 H        0.9911     0.1657     1.1880
    10    1 H        0.9919     0.1001     1.1880
    11    1 H        0.9916     0.1530     1.1880
    12    9 F        0.9989    -0.1751     1.4184
    13   15 P        3.4125     0.2735     1.2635
    14    9 F        0.9988    -0.1995     1.4184
    15    9 F        0.9984    -0.2186     1.4185
    16    7 N        3.5301     0.1713     1.3838
    17    8 O        1.9302    -0.2103     1.4063
    18    8 O        1.8650    -0.2383     1.4090
    19    8 O        1.0016    -0.2950     1.4517
    20    7 N        3.0111     0.2088     1.3972
    21    8 O        1.0020    -0.3369     1.4517
    22    8 O        1.8956    -0.2337     1.4077
    23    8 O        1.0024    -0.3171     1.4516
    24    7 N        3.9230    -0.7433     1.3744
    25    1 H        1.0062     0.3271     1.1876
    26    1 H        1.0007     0.2894     1.1878
    27    1 H        1.0044     0.2957     1.1877
    28    7 N        3.0857     0.1961     1.3952
    29    8 O        1.0899    -0.2397     1.4466
    30    8 O        1.9833    -0.2214     1.4040
    31    8 O        1.0024    -0.2724     1.4516
    32    9 F        0.9989    -0.1755     1.4184
    33   15 P        3.7044     0.3204     1.2524
    34    9 F        0.9988    -0.1612     1.4184
    35    9 F        0.9988    -0.1644     1.4184
    36    7 N        2.0369    -0.0684     1.4258
    37    8 O        1.0157    -0.2105     1.4509
    38    8 O        2.2971    -0.1317     1.3915
--------------------------------------------------
     Σ                         -2.0000
--------------------------------------------------

Electrostatic energy:   -1.8477946865455E+00 Eh

[Info] JSON dump of results written to 'multicharge.json'
