[Info] Molecular spin read from './.UHF'
xTB calculator
 | Coulomb electrostatics
 |  * isotropic Klopman-Ohno electrostatics
 |  * onsite third-order electrostatics
CEH guess
integral cutoff           4.0000000000000E+01 bohr

Atomic charges (in atomic units):
---------------------------------------------------------
     #    Z                 q
---------------------------------------------------------
     1   95 Am       1.640501
     2   53 I       -0.425121
     3   53 I       -0.099416
     4   53 I       -0.274556
     5   53 I       -0.283783
     6   53 I       -0.283717
     7   53 I       -0.273908
---------------------------------------------------------

Atomic dipole moments (in atomic units):
---------------------------------------------------------
     #    Z                 x            y            z
---------------------------------------------------------
     1   95 Am      -0.012755     0.012960     0.115742
     2   53 I       -0.007523     0.007264     0.151788
     3   53 I       -0.025394     0.025266    -0.162287
     4   53 I        0.009277    -0.153778     0.033132
     5   53 I        0.010604     0.152325     0.024262
     6   53 I       -0.152551    -0.010802     0.024140
     7   53 I        0.153969    -0.009482     0.032096
---------------------------------------------------------
           total     0.241231    -0.230942    -3.168073
---------------------------------------------------------

[Info] JSON dump of results written to 'tblite.json'
