Charge model parameter:
------------------------------------------------------
   Z          chi/Eh     kcn/Eh     eta/Eh     rad/AA
------------------------------------------------------
  96 Cm       1.1100     0.0071     0.5609     0.7515
   3 Li       0.5434    -0.1235     0.9742     0.4791
   1 H        1.2370     0.0492     1.0964     0.2919
------------------------------------------------------

Electrostatic properties (in atomic units):
--------------------------------------------------
     #    Z              CN          q        chi
--------------------------------------------------
     1   96 Cm       2.6935    -0.1271     1.0984
     2    3 Li       0.7766     0.4312     0.6522
     3    1 H        0.9601    -0.1521     1.1888
     4    1 H        0.9600    -0.1521     1.1888
--------------------------------------------------
     Σ                         -0.0000
--------------------------------------------------

Electrostatic energy:   -1.0993851443934E-01 Eh

[Info] JSON dump of results written to 'multicharge.json'
