[Info] Molecular charge read from './.CHRG'
[Info] Molecular spin read from './.UHF'
xTB calculator
 | Coulomb electrostatics
 |  * isotropic Klopman-Ohno electrostatics
 |  * onsite third-order electrostatics
CEH guess
integral cutoff           4.0000000000000E+01 bohr

Atomic charges (in atomic units):
---------------------------------------------------------
     #    Z                 q
---------------------------------------------------------
     1   94 Pu       0.513834
     2   35 Br      -0.180497
     3    6 C       -0.089904
     4    6 C        0.057119
     5    8 O       -0.265292
     6    1 H        0.053568
     7    1 H        0.022487
     8    1 H        0.018672
     9    1 H        0.053451
    10    1 H        0.043678
    11    7 N        0.164598
    12    8 O       -0.021246
    13    8 O       -0.168573
    14    6 C        0.007106
    15    6 C       -0.018678
    16    6 C        0.013274
    17    7 N       -0.026840
    18    6 C        0.015343
    19    6 C       -0.018702
    20    1 H        0.038290
    21    1 H        0.045935
    22    1 H        0.046782
    23    1 H        0.043051
    24    1 H        0.046035
    25    6 C        0.035274
    26    6 C        0.018211
    27    7 N        0.005270
    28    6 C        0.020547
    29    6 C        0.031703
    30    7 N       -0.142219
    31    1 H        0.062967
    32    1 H        0.035797
    33    1 H        0.039538
    34    1 H        0.060202
    35    6 C       -0.079236
    36    6 C        0.143357
    37    7 N       -0.009875
    38    1 H        0.071761
    39    1 H        0.071707
    40    1 H        0.074784
    41    6 C        0.024488
    42    8 O       -0.170718
    43    1 H        0.036442
    44    1 H        0.051092
    45    1 H        0.054352
    46    1 H        0.171066
---------------------------------------------------------

Atomic dipole moments (in atomic units):
---------------------------------------------------------
     #    Z                 x            y            z
---------------------------------------------------------
     1   94 Pu       0.387289    -0.343318     0.399283
     2   35 Br      -0.023139     0.027898    -0.013348
     3    6 C        0.082913    -0.019106    -0.039609
     4    6 C       -0.036823    -0.210071    -0.110249
     5    8 O       -0.006867     0.111737     0.096966
     6    1 H       -0.003922     0.122058     0.072150
     7    1 H       -0.018820    -0.118635     0.089980
     8    1 H       -0.094256     0.004206    -0.117903
     9    1 H        0.087494     0.001258     0.103005
    10    1 H        0.014619     0.102167    -0.086282
    11    7 N       -0.202301     0.032781    -0.192313
    12    8 O       -0.032304     0.092495     0.119355
    13    8 O        0.137161    -0.110253    -0.010634
    14    6 C        0.011182     0.003954     0.003881
    15    6 C       -0.000160     0.017101     0.017525
    16    6 C        0.018188     0.119322     0.120049
    17    7 N       -0.230803    -0.086317    -0.049898
    18    6 C        0.140782    -0.073495    -0.087003
    19    6 C        0.013082    -0.014009    -0.014354
    20    1 H       -0.124394    -0.041703    -0.028197
    21    1 H       -0.012332    -0.094959    -0.094762
    22    1 H        0.115846    -0.044530    -0.063445
    23    1 H        0.022876     0.102917     0.095061
    24    1 H       -0.101091     0.058599     0.068014
    25    6 C       -0.002400    -0.031587    -0.157811
    26    6 C       -0.126035    -0.122121    -0.098879
    27    7 N        0.184905     0.112509    -0.129708
    28    6 C       -0.007815     0.030095     0.199620
    29    6 C        0.093653     0.098254     0.085911
    30    7 N       -0.220888    -0.160058     0.169664
    31    1 H        0.083633     0.082019     0.057374
    32    1 H       -0.012583     0.019446     0.137036
    33    1 H       -0.088959    -0.086976    -0.062280
    34    1 H        0.009641    -0.015010    -0.128365
    35    6 C        0.004758     0.005999    -0.013243
    36    6 C       -0.074655    -0.122041     0.187590
    37    7 N        0.013902     0.037985    -0.050508
    38    1 H        0.117075    -0.081820     0.043507
    39    1 H       -0.114298    -0.083573    -0.048340
    40    1 H       -0.040415     0.101506     0.101883
    41    6 C       -0.217359    -0.061515    -0.192440
    42    8 O        0.107980    -0.021580    -0.010697
    43    1 H        0.104444     0.059120    -0.078406
    44    1 H        0.044411    -0.124293     0.059929
    45    1 H       -0.052127     0.098982     0.112187
    46    1 H        0.033338    -0.062080    -0.073171
---------------------------------------------------------
           total     0.588209    -3.695442     2.144726
---------------------------------------------------------

[Info] JSON dump of results written to 'tblite.json'
