Charge model parameter:
------------------------------------------------------
   Z          chi/Eh     kcn/Eh     eta/Eh     rad/AA
------------------------------------------------------
  93 Np       1.1090     0.0071     0.5649     0.7462
   3 Li       0.5434    -0.1235     0.9742     0.4791
   1 H        1.2370     0.0492     1.0964     0.2919
------------------------------------------------------

Electrostatic properties (in atomic units):
--------------------------------------------------
     #    Z              CN          q        chi
--------------------------------------------------
     1   93 Np       3.7739    -0.0087     1.0953
     2    3 Li       1.8942     0.4444     0.7134
     3    1 H        0.9656    -0.1217     1.1886
     4    1 H        1.8420    -0.1922     1.1702
     5    1 H        0.9649    -0.1218     1.1887
--------------------------------------------------
     Σ                         -0.0000
--------------------------------------------------

Electrostatic energy:   -1.0342474842636E-01 Eh

[Info] JSON dump of results written to 'multicharge.json'
