[Info] Molecular charge read from './.CHRG'
xTB calculator
 | Coulomb electrostatics
 |  * isotropic Klopman-Ohno electrostatics
 |  * onsite third-order electrostatics
CEH guess
integral cutoff           2.3650283084401E+01 bohr

Atomic charges (in atomic units):
---------------------------------------------------------
     #    Z                 q
---------------------------------------------------------
     1   90 Th       1.595140
     2    7 N       -0.041484
     3    6 C        0.117264
     4    6 C       -0.003363
     5    6 C        0.079453
     6    6 C        0.007941
     7    6 C        0.120300
     8    6 C        0.113998
     9    6 C        0.008633
    10    6 C        0.074933
    11    6 C       -0.002003
    12    6 C        0.121767
    13    7 N       -0.024264
    14    1 H        0.066633
    15    1 H        0.077207
    16    1 H        0.062384
    17    1 H        0.070288
    18    1 H        0.068092
    19    1 H        0.061151
    20    1 H        0.077358
    21    1 H        0.071923
    22    6 C        0.085371
    23    6 C        0.002885
    24    6 C        0.121118
    25    7 N        0.016039
    26    6 C        0.117321
    27    6 C       -0.004288
    28    1 H        0.061751
    29    1 H        0.066287
    30    1 H        0.055140
    31    1 H        0.078697
    32    1 H        0.076664
    33    6 C        0.100720
    34    6 C       -0.067200
    35    6 C       -0.065098
    36    6 C        0.093159
    37    8 O       -0.043338
    38    1 H        0.059047
    39    1 H        0.079635
    40    1 H        0.052928
    41    1 H        0.106708
    42    1 H        0.104215
    43    1 H        0.056609
    44    1 H        0.049991
    45    1 H        0.072288
---------------------------------------------------------

Atomic dipole moments (in atomic units):
---------------------------------------------------------
     #    Z                 x            y            z
---------------------------------------------------------
     1   90 Th      -0.827975     0.298359    -0.130156
     2    7 N        0.157616    -0.114887     0.012272
     3    6 C       -0.085767     0.007257     0.198128
     4    6 C       -0.023223     0.008363     0.028126
     5    6 C       -0.024319     0.015244     0.007510
     6    6 C       -0.056394     0.037826     0.004613
     7    6 C       -0.130304     0.114322    -0.083967
     8    6 C       -0.127627     0.112397    -0.078705
     9    6 C       -0.024571     0.032100    -0.055401
    10    6 C       -0.003574     0.009615    -0.027725
    11    6 C        0.011324     0.000784    -0.033985
    12    6 C        0.113690    -0.034451    -0.180868
    13    7 N        0.093423    -0.101798     0.130938
    14    1 H       -0.048863     0.063212    -0.102253
    15    1 H        0.052340    -0.001613    -0.131361
    16    1 H        0.114203    -0.073700    -0.023317
    17    1 H        0.063348    -0.071093     0.101325
    18    1 H        0.112047    -0.081921     0.005317
    19    1 H        0.040489    -0.059701     0.117315
    20    1 H       -0.076208     0.024431     0.116802
    21    1 H       -0.106189     0.075653     0.008231
    22    6 C       -0.003107    -0.028226     0.003999
    23    6 C       -0.024335    -0.018898    -0.013932
    24    6 C       -0.155336    -0.064189    -0.103999
    25    7 N        0.084751     0.160184     0.023714
    26    6 C        0.088305    -0.158294     0.104383
    27    6 C        0.011655    -0.031013     0.016279
    28    1 H        0.052816     0.127901     0.010418
    29    1 H        0.111597     0.017954     0.081505
    30    1 H        0.069928    -0.071752     0.068844
    31    1 H       -0.110121    -0.020055    -0.079222
    32    1 H       -0.060633     0.104690    -0.071017
    33    6 C        0.142789    -0.182117     0.125709
    34    6 C        0.065980    -0.003705     0.112168
    35    6 C        0.086078     0.097562    -0.013410
    36    6 C       -0.029537     0.245647    -0.050517
    37    8 O       -0.061319    -0.041281    -0.037360
    38    1 H       -0.092962     0.053713     0.084384
    39    1 H        0.065154     0.080858    -0.096388
    40    1 H        0.076384    -0.031836    -0.103279
    41    1 H       -0.126432     0.029242    -0.029722
    42    1 H       -0.007717    -0.119499    -0.057576
    43    1 H       -0.090489     0.022936     0.094745
    44    1 H        0.091155    -0.051454    -0.085895
    45    1 H       -0.002759    -0.041666     0.134710
---------------------------------------------------------
           total    -0.053019    12.721992     7.540938
---------------------------------------------------------

[Info] JSON dump of results written to 'tblite.json'
