[Info] Molecular spin read from './.UHF'
xTB calculator
 | Coulomb electrostatics
 |  * isotropic Klopman-Ohno electrostatics
 |  * onsite third-order electrostatics
CEH guess
integral cutoff           3.7432403240289E+01 bohr

Atomic charges (in atomic units):
---------------------------------------------------------
     #    Z                 q
---------------------------------------------------------
     1   93 Np       0.528150
     2   17 Cl      -0.098623
     3   17 Cl      -0.099676
     4   17 Cl      -0.132747
     5   17 Cl      -0.097587
     6   17 Cl      -0.099518
---------------------------------------------------------

Atomic dipole moments (in atomic units):
---------------------------------------------------------
     #    Z                 x            y            z
---------------------------------------------------------
     1   93 Np       0.269051     0.477681     0.001857
     2   17 Cl       0.005303     0.009139    -0.000208
     3   17 Cl       0.005336     0.009124     0.000116
     4   17 Cl       0.005188     0.009293     0.000060
     5   17 Cl       0.005195     0.009141     0.000041
     6   17 Cl       0.005003     0.009190     0.000076
---------------------------------------------------------
           total     0.468301     0.810977     0.008749
---------------------------------------------------------

[Info] JSON dump of results written to 'tblite.json'
