[Info] Molecular charge read from '.CHRG'

Charge model parameter:
------------------------------------------------------
   Z          chi/Eh     kcn/Eh     eta/Eh     rad/AA
------------------------------------------------------
  57 La       0.6844    -0.0657     0.5029     0.9335
   6 C        1.4003     0.0601     0.6166     0.9994
   8 O        1.5687     0.1169     0.6793     0.6518
   1 H        1.2370     0.0492     1.0964     0.2919
   7 N        1.5582     0.0928     0.6565     0.6998
  53 I        1.4034     0.0897     0.3054     2.0116
   9 F        1.5754     0.1570     0.7723     0.9393
  35 Br       1.3980     0.0801     0.3934     1.5631
------------------------------------------------------

Electrostatic properties (in atomic units):
--------------------------------------------------
     #    Z              CN          q        chi
--------------------------------------------------
     1   57 La       6.1892     1.6370     0.8478
     2    6 C        4.0931    -0.1922     1.2788
     3    6 C        2.9878     0.1193     1.2965
     4    6 C        2.9932    -0.1105     1.2964
     5    6 C        3.1354     0.0739     1.2939
     6    8 O        1.9885    -0.5173     1.4038
     7    6 C        3.9603    -0.2148     1.2808
     8    8 O        1.0026    -0.4562     1.4516
     9    1 H        1.0041     0.1002     1.1877
    10    1 H        1.0981     0.0833     1.1854
    11    1 H        0.9920     0.1064     1.1880
    12    1 H        0.9928     0.1033     1.1880
    13    1 H        0.9920     0.0724     1.1880
    14    1 H        0.9913     0.0947     1.1880
    15    1 H        0.9915     0.0923     1.1880
    16    6 C        3.9565    -0.2460     1.2808
    17    6 C        4.0160    -0.0740     1.2799
    18    8 O        2.9012    -0.5297     1.3696
    19    1 H        0.9915     0.0743     1.1880
    20    1 H        0.9913     0.0861     1.1880
    21    1 H        0.9917     0.1091     1.1880
    22    1 H        0.9908     0.0881     1.1880
    23    1 H        0.9915     0.1118     1.1880
    24    1 H        1.0766     0.2297     1.1859
    25    7 N        3.9009    -0.8646     1.3749
    26    1 H        1.0173     0.2503     1.1874
    27    1 H        0.9988     0.2614     1.1878
    28    1 H        1.0028     0.2500     1.1877
    29   53 I        0.9771    -0.6874     1.3148
    30    9 F        0.9976    -0.4928     1.4185
    31   35 Br       0.9779    -0.5582     1.3188
--------------------------------------------------
     Σ                         -1.0000
--------------------------------------------------

Electrostatic energy:   -1.2837760840979E+00 Eh

[Info] JSON dump of results written to 'multicharge.json'
