[Info] Molecular charge read from '.CHRG'

Charge model parameter:
------------------------------------------------------
   Z          chi/Eh     kcn/Eh     eta/Eh     rad/AA
------------------------------------------------------
 100 Fm       1.0767     0.0040     0.5988     0.7039
   6 C        1.4003     0.0601     0.6166     0.9994
   8 O        1.5687     0.1169     0.6793     0.6518
   1 H        1.2370     0.0492     1.0964     0.2919
   7 N        1.5582     0.0928     0.6565     0.6998
------------------------------------------------------

Electrostatic properties (in atomic units):
--------------------------------------------------
     #    Z              CN          q        chi
--------------------------------------------------
     1  100 Fm       4.1268     0.8167     1.0686
     2    6 C        4.0099    -0.1087     1.2800
     3    8 O        1.9928    -0.4416     1.4036
     4    1 H        0.9890     0.0685     1.1881
     5    1 H        0.9890     0.0741     1.1881
     6    1 H        0.9889     0.0695     1.1881
     7    7 N        1.9959    -0.3777     1.4271
     8    7 N        2.0297     0.0168     1.4260
     9    7 N        1.0055    -0.4048     1.4651
    10    6 C        4.0095    -0.1089     1.2800
    11    8 O        1.9927    -0.4440     1.4036
    12    1 H        0.9889     0.0682     1.1881
    13    1 H        0.9890     0.0748     1.1881
    14    1 H        0.9889     0.0691     1.1881
    15    8 O        1.9915    -0.6226     1.4037
    16    1 H        1.0008     0.2507     1.1878
--------------------------------------------------
     Σ                         -1.0000
--------------------------------------------------

Electrostatic energy:   -9.1467553962670E-01 Eh

[Info] JSON dump of results written to 'multicharge.json'
