[Info] Molecular charge read from './.CHRG'
[Info] Molecular spin read from './.UHF'
xTB calculator
 | Coulomb electrostatics
 |  * isotropic Klopman-Ohno electrostatics
 |  * onsite third-order electrostatics
CEH guess
integral cutoff           4.0000000000000E+01 bohr

Atomic charges (in atomic units):
---------------------------------------------------------
     #    Z                 q
---------------------------------------------------------
     1   99 Es      -0.172335
     2    1 H       -0.214463
     3    3 Li       0.493384
     4   51 Sb       0.416214
     5   35 Br      -0.141557
     6   38 Sr       0.618758
---------------------------------------------------------

Atomic dipole moments (in atomic units):
---------------------------------------------------------
     #    Z                 x            y            z
---------------------------------------------------------
     1   99 Es       1.136724     0.120799     0.296948
     2    1 H        0.051738     0.097189     0.033430
     3    3 Li      -0.121219    -0.040293    -0.775476
     4   51 Sb      -0.116140     0.013717    -0.215841
     5   35 Br      -0.099900     0.132375    -0.030935
     6   38 Sr      -1.445723    -0.019367     1.007329
---------------------------------------------------------
           total    -4.795785    -0.010378    -3.798902
---------------------------------------------------------

[Info] JSON dump of results written to 'tblite.json'
