[Info] Molecular charge read from './.CHRG'
[Info] Molecular spin read from './.UHF'
xTB calculator
 | Coulomb electrostatics
 |  * isotropic Klopman-Ohno electrostatics
 |  * onsite third-order electrostatics
CEH guess
integral cutoff           4.0000000000000E+01 bohr

Atomic charges (in atomic units):
---------------------------------------------------------
     #    Z                 q
---------------------------------------------------------
     1  101 Md       1.051929
     2    7 N       -0.134646
     3    6 C        0.006100
     4    6 C       -0.012088
     5    7 N       -0.082656
     6    6 C       -0.011553
     7    6 C        0.005739
     8    7 N       -0.133732
     9    1 H        0.124668
    10    1 H        0.138120
    11    1 H        0.067564
    12    1 H        0.088899
    13    1 H        0.088232
    14    1 H        0.077614
    15    1 H        0.141218
    16    1 H        0.088682
    17    1 H        0.077441
    18    1 H        0.067612
    19    1 H        0.088777
    20    1 H        0.137765
    21    1 H        0.124431
    22    7 N       -0.027672
    23    6 C        0.076437
    24    6 C       -0.001184
    25    6 C        0.046083
    26    6 C        0.013464
    27    6 C        0.091622
    28    6 C        0.092853
    29    6 C        0.017079
    30    6 C        0.044043
    31    6 C        0.002596
    32    6 C        0.076027
    33    7 N       -0.019493
    34    1 H        0.080877
    35    1 H        0.071770
    36    1 H        0.068476
    37    1 H        0.066608
    38    1 H        0.069935
    39    1 H        0.072940
    40    1 H        0.073898
    41    1 H        0.083521
---------------------------------------------------------

Atomic dipole moments (in atomic units):
---------------------------------------------------------
     #    Z                 x            y            z
---------------------------------------------------------
     1  101 Md       0.106114     0.022036     0.031994
     2    7 N        0.085145     0.126240     0.236951
     3    6 C       -0.164616    -0.130112    -0.075056
     4    6 C        0.002643    -0.148585    -0.173195
     5    7 N        0.104069     0.232808     0.036207
     6    6 C       -0.084896    -0.154667     0.143556
     7    6 C       -0.173758    -0.137564    -0.030208
     8    7 N        0.198919     0.133243    -0.146002
     9    1 H       -0.076621     0.020688     0.048177
    10    1 H        0.054440    -0.067140     0.043131
    11    1 H        0.109039    -0.025920    -0.052950
    12    1 H        0.008771     0.027927     0.116512
    13    1 H        0.071209     0.096585    -0.006620
    14    1 H       -0.109883     0.024385     0.046892
    15    1 H       -0.064626     0.047472    -0.016950
    16    1 H        0.051276     0.098485     0.045710
    17    1 H       -0.067359     0.022876    -0.098833
    18    1 H        0.063374    -0.025249     0.103967
    19    1 H        0.069708     0.032577    -0.092642
    20    1 H        0.071912    -0.064142    -0.004577
    21    1 H       -0.035367     0.020146    -0.083585
    22    7 N       -0.065328    -0.172470    -0.023414
    23    6 C       -0.128522     0.128027    -0.043770
    24    6 C       -0.015673     0.036651    -0.005416
    25    6 C        0.004825     0.024552     0.001947
    26    6 C        0.015441     0.073751     0.005028
    27    6 C        0.110957     0.132212     0.038912
    28    6 C        0.118268     0.122234     0.045678
    29    6 C        0.069447     0.017608     0.026630
    30    6 C        0.020417     0.005324     0.007606
    31    6 C        0.036137    -0.013601     0.013149
    32    6 C        0.122437    -0.131238     0.042642
    33    7 N       -0.157496    -0.074876    -0.060125
    34    1 H        0.111705     0.037966     0.038553
    35    1 H        0.103046    -0.085018     0.035240
    36    1 H       -0.023620    -0.135021    -0.008505
    37    1 H       -0.119849    -0.049217    -0.041379
    38    1 H       -0.041534    -0.129249    -0.018288
    39    1 H       -0.125916    -0.030373    -0.047270
    40    1 H       -0.085127     0.105764    -0.029519
    41    1 H        0.031881     0.119483     0.014496
---------------------------------------------------------
           total    -3.030488    -1.810815     2.573559
---------------------------------------------------------

[Info] JSON dump of results written to 'tblite.json'
