[Info] Molecular spin read from './.UHF'
xTB calculator
 | Coulomb electrostatics
 |  * isotropic Klopman-Ohno electrostatics
 |  * onsite third-order electrostatics
CEH guess
integral cutoff           4.0000000000000E+01 bohr

Atomic charges (in atomic units):
---------------------------------------------------------
     #    Z                 q
---------------------------------------------------------
     1   96 Cm       1.156091
     2    1 H       -0.289950
     3    1 H       -0.288085
     4    1 H       -0.289150
     5    1 H       -0.288906
---------------------------------------------------------

Atomic dipole moments (in atomic units):
---------------------------------------------------------
     #    Z                 x            y            z
---------------------------------------------------------
     1   96 Cm       0.002792     0.009970    -0.003268
     2    1 H        0.126667     0.079452    -0.000737
     3    1 H        0.071992    -0.125537     0.038492
     4    1 H       -0.085525    -0.001924    -0.122747
     5    1 H       -0.113789     0.045723     0.085789
---------------------------------------------------------
           total     0.004043     0.014556    -0.004988
---------------------------------------------------------

[Info] JSON dump of results written to 'tblite.json'
