[Info] Molecular charge read from '.CHRG'

Charge model parameter:
------------------------------------------------------
   Z          chi/Eh     kcn/Eh     eta/Eh     rad/AA
------------------------------------------------------
  95 Am       1.0010     0.0051     0.6915     0.6095
  14 Si       1.1231    -0.0496     0.6494     0.8153
   4 Be       0.9967    -0.0267     0.6200     0.8028
------------------------------------------------------

Electrostatic properties (in atomic units):
--------------------------------------------------
     #    Z              CN          q        chi
--------------------------------------------------
     1   95 Am       1.9120     0.4799     0.9940
     2   14 Si       1.8944     0.0593     1.1914
     3    4 Be       1.9058     0.4608     1.0335
--------------------------------------------------
     Σ                          1.0000
--------------------------------------------------

Electrostatic energy:    5.1194100026423E-01 Eh

[Info] JSON dump of results written to 'multicharge.json'
