[Info] Molecular charge read from './.CHRG'
xTB calculator
 | Coulomb electrostatics
 |  * isotropic Klopman-Ohno electrostatics
 |  * onsite third-order electrostatics
CEH guess
integral cutoff           4.0000000000000E+01 bohr

Atomic charges (in atomic units):
---------------------------------------------------------
     #    Z                 q
---------------------------------------------------------
     1  102 No       0.738508
     2    7 N       -0.112665
     3    6 C        0.056033
     4    6 C       -0.025971
     5    6 C        0.038070
     6    6 C       -0.003261
     7    6 C        0.078943
     8    6 C        0.065205
     9    6 C       -0.005873
    10    6 C        0.030838
    11    6 C       -0.027653
    12    6 C        0.055126
    13    7 N       -0.097904
    14    1 H        0.068292
    15    1 H        0.049798
    16    1 H        0.041219
    17    1 H        0.048423
    18    1 H        0.044719
    19    1 H        0.038639
    20    1 H        0.048117
    21    1 H        0.073224
    22    7 N       -0.140876
    23    1 H        0.111143
    24    1 H        0.105095
    25    1 H        0.106298
    26    6 C       -0.044248
    27    8 O       -0.436945
    28    1 H        0.034830
    29    1 H        0.030569
    30    1 H        0.032306
---------------------------------------------------------

Atomic dipole moments (in atomic units):
---------------------------------------------------------
     #    Z                 x            y            z
---------------------------------------------------------
     1  102 No      -0.335770    -0.090202    -0.138270
     2    7 N        0.078844    -0.060662     0.284935
     3    6 C        0.123444     0.005315    -0.114889
     4    6 C        0.024887     0.003670    -0.022231
     5    6 C       -0.007440     0.005600    -0.017360
     6    6 C       -0.015071     0.014998    -0.055444
     7    6 C       -0.106184     0.036067    -0.124365
     8    6 C       -0.115482     0.005163    -0.108428
     9    6 C       -0.053424     0.000297    -0.022525
    10    6 C       -0.016213     0.001783    -0.005961
    11    6 C       -0.019652    -0.001281     0.021653
    12    6 C       -0.119026     0.012151     0.110565
    13    7 N        0.283649    -0.006449     0.122320
    14    1 H       -0.105116     0.013136    -0.052128
    15    1 H       -0.110070     0.001757     0.075882
    16    1 H        0.018793    -0.024605     0.129597
    17    1 H        0.121695    -0.029792     0.045512
    18    1 H        0.032736     0.002787     0.128253
    19    1 H        0.127755    -0.007549     0.035332
    20    1 H        0.087555    -0.009174    -0.100876
    21    1 H       -0.029583    -0.002172    -0.112336
    22    7 N       -0.204169     0.318789     0.034644
    23    1 H        0.022622     0.054959    -0.092897
    24    1 H        0.041708     0.047383     0.092474
    25    1 H       -0.104750    -0.035780     0.008387
    26    6 C        0.182563     0.143038    -0.038745
    27    8 O       -0.090645    -0.076005     0.023439
    28    1 H       -0.111177     0.045823    -0.042021
    29    1 H       -0.018292    -0.024819     0.121835
    30    1 H        0.013496    -0.113132    -0.055403
---------------------------------------------------------
           total     2.566657     2.241602     1.854520
---------------------------------------------------------

[Info] JSON dump of results written to 'tblite.json'
