[Info] Molecular charge read from '.CHRG'

Charge model parameter:
------------------------------------------------------
   Z          chi/Eh     kcn/Eh     eta/Eh     rad/AA
------------------------------------------------------
  93 Np       1.1090     0.0071     0.5649     0.7462
  11 Na       0.5594    -0.1000     0.8641     0.6787
  38 Sr       0.5880    -0.0670     0.6512     0.8612
  35 Br       1.3980     0.0801     0.3934     1.5631
------------------------------------------------------

Electrostatic properties (in atomic units):
--------------------------------------------------
     #    Z              CN          q        chi
--------------------------------------------------
     1   93 Np       3.3911     0.0241     1.0960
     2   11 Na       1.9180     0.4821     0.6979
     3   38 Sr       3.3802     0.7676     0.7112
     4   11 Na       1.9778     0.4854     0.7000
     5   35 Br       1.9626    -0.7592     1.2858
--------------------------------------------------
     Σ                          1.0000
--------------------------------------------------

Electrostatic energy:    1.3618783738979E-01 Eh

[Info] JSON dump of results written to 'multicharge.json'
