Charge model parameter:
------------------------------------------------------
   Z          chi/Eh     kcn/Eh     eta/Eh     rad/AA
------------------------------------------------------
  89 Ac       1.0458     0.0047     0.6519     0.6470
   7 N        1.5582     0.0928     0.6565     0.6998
   8 O        1.5687     0.1169     0.6793     0.6518
   6 C        1.4003     0.0601     0.6166     0.9994
   1 H        1.2370     0.0492     1.0964     0.2919
   9 F        1.5754     0.1570     0.7723     0.9393
------------------------------------------------------

Electrostatic properties (in atomic units):
--------------------------------------------------
     #    Z              CN          q        chi
--------------------------------------------------
     1   89 Ac       7.4043     0.7771     1.0329
     2    7 N        3.6349     0.1840     1.3813
     3    8 O        1.9422    -0.2106     1.4058
     4    8 O        1.9456    -0.2213     1.4056
     5    8 O        1.0017    -0.2309     1.4517
     6    6 C        3.0224    -0.0651     1.2959
     7    6 C        3.0106    -0.0638     1.2961
     8    6 C        3.1650     0.0686     1.2934
     9    7 N        2.9389    -0.3051     1.3991
    10    6 C        3.1689     0.0567     1.2934
    11    6 C        3.0106    -0.0669     1.2961
    12    1 H        0.9928     0.1386     1.1880
    13    1 H        0.9930     0.1393     1.1880
    14    1 H        0.9930     0.1617     1.1880
    15    1 H        0.9930     0.1558     1.1880
    16    1 H        0.9930     0.1366     1.1880
    17    8 O        2.8897    -0.5029     1.3699
    18    1 H        1.0158     0.2916     1.1874
    19    1 H        1.0252     0.2937     1.1872
    20    9 F        0.9982    -0.2563     1.4185
    21    7 N        3.6423     0.1854     1.3811
    22    8 O        1.0017    -0.2310     1.4517
    23    8 O        1.9474    -0.2167     1.4055
    24    8 O        1.9452    -0.2184     1.4056
--------------------------------------------------
     Σ                         -0.0000
--------------------------------------------------

Electrostatic energy:   -2.9150029709855E-01 Eh

[Info] JSON dump of results written to 'multicharge.json'
