[Info] Molecular charge read from '.CHRG'

Charge model parameter:
------------------------------------------------------
   Z          chi/Eh     kcn/Eh     eta/Eh     rad/AA
------------------------------------------------------
 103 Lr       1.1371     0.0068     0.5937     0.7095
   6 C        1.4003     0.0601     0.6166     0.9994
   8 O        1.5687     0.1169     0.6793     0.6518
   1 H        1.2370     0.0492     1.0964     0.2919
  16 S        1.4077     0.0713     0.5171     1.1581
  17 Cl       1.4815     0.1368     0.7586     0.7238
------------------------------------------------------

Electrostatic properties (in atomic units):
--------------------------------------------------
     #    Z              CN          q        chi
--------------------------------------------------
     1  103 Lr       7.1400     0.6927     1.1191
     2    6 C        3.0118    -0.1473     1.2961
     3    6 C        3.0127    -0.1417     1.2960
     4    6 C        3.0131    -0.1090     1.2960
     5    6 C        3.0171     0.0028     1.2960
     6    6 C        3.0149    -0.1127     1.2960
     7    6 C        3.0117    -0.1489     1.2961
     8    6 C        3.0411     0.2678     1.2956
     9    8 O        1.9553    -0.3681     1.4052
    10    8 O        1.0027    -0.5043     1.4516
    11    1 H        0.9925     0.0616     1.1880
    12    1 H        0.9926     0.0719     1.1880
    13    1 H        0.9921     0.1208     1.1880
    14    1 H        0.9928     0.1062     1.1880
    15    1 H        0.9926     0.0643     1.1880
    16    8 O        1.9344    -0.3542     1.4061
    17   16 S        3.8628     0.3363     1.2676
    18    8 O        1.9671    -0.3350     1.4047
    19    8 O        1.8649    -0.3475     1.4090
    20   17 Cl       0.9768    -0.2046     1.3463
    21    6 C        3.0124    -0.1324     1.2961
    22    6 C        3.0113    -0.1441     1.2961
    23    6 C        3.0170    -0.1136     1.2960
    24    6 C        3.0139     0.0033     1.2960
    25    6 C        3.0186    -0.0864     1.2959
    26    6 C        3.0120    -0.1104     1.2961
    27    6 C        3.0510     0.2719     1.2954
    28    8 O        1.0006    -0.4755     1.4517
    29    8 O        1.9809    -0.3703     1.4041
    30    1 H        0.9926     0.0727     1.1880
    31    1 H        0.9925     0.0668     1.1880
    32    1 H        0.9927     0.1041     1.1880
    33    1 H        0.9964     0.1258     1.1879
    34    1 H        0.9926     0.1033     1.1880
    35    6 C        3.9540    -0.2423     1.2809
    36    6 C        3.9754    -0.0520     1.2805
    37    8 O        2.8971    -0.3738     1.3697
    38    1 H        0.9912     0.0579     1.1880
    39    1 H        0.9913     0.0833     1.1880
    40    1 H        0.9918     0.1091     1.1880
    41    1 H        0.9904     0.0947     1.1880
    42    1 H        0.9916     0.1352     1.1880
    43    1 H        0.9909     0.2911     1.1880
    44    6 C        3.0113    -0.1427     1.2961
    45    6 C        3.0133    -0.1220     1.2960
    46    6 C        3.0151    -0.0792     1.2960
    47    6 C        3.0144     0.0220     1.2960
    48    6 C        3.0155    -0.1053     1.2960
    49    6 C        3.0119    -0.1470     1.2961
    50    6 C        4.0910     0.3584     1.2788
    51    8 O        1.9830    -0.3820     1.4041
    52    8 O        1.9879    -0.5185     1.4038
    53    1 H        0.9925     0.0663     1.1880
    54    1 H        0.9926     0.0981     1.1880
    55    1 H        0.9929     0.1596     1.1880
    56    1 H        0.9928     0.1051     1.1880
    57    1 H        0.9924     0.0649     1.1880
    58    1 H        0.9941     0.2528     1.1879
--------------------------------------------------
     Σ                         -2.0000
--------------------------------------------------

Electrostatic energy:   -1.7347734603048E+00 Eh

[Info] JSON dump of results written to 'multicharge.json'
