[Info] Molecular charge read from '.CHRG'

Charge model parameter:
------------------------------------------------------
   Z          chi/Eh     kcn/Eh     eta/Eh     rad/AA
------------------------------------------------------
  99 Es       1.0593     0.0030     0.5898     0.7145
   7 N        1.5582     0.0928     0.6565     0.6998
   6 C        1.4003     0.0601     0.6166     0.9994
   1 H        1.2370     0.0492     1.0964     0.2919
   8 O        1.5687     0.1169     0.6793     0.6518
  15 P        1.5267     0.1425     0.7308     0.7313
------------------------------------------------------

Electrostatic properties (in atomic units):
--------------------------------------------------
     #    Z              CN          q        chi
--------------------------------------------------
     1   99 Es       5.8515     0.7909     1.0521
     2    7 N        3.9300    -0.5985     1.3742
     3    6 C        4.0849    -0.0005     1.2789
     4    6 C        4.1625     0.0016     1.2778
     5    7 N        3.9297    -0.6006     1.3742
     6    1 H        1.0156     0.2745     1.1874
     7    1 H        0.9971     0.2788     1.1879
     8    1 H        0.9914     0.1613     1.1880
     9    1 H        0.9916     0.1629     1.1880
    10    1 H        0.9916     0.1627     1.1880
    11    1 H        0.9913     0.1644     1.1880
    12    1 H        0.9977     0.2762     1.1878
    13    1 H        1.0011     0.2784     1.1878
    14    6 C        1.9915     0.0853     1.3155
    15    7 N        1.0376    -0.2426     1.4637
    16    6 C        4.1237    -0.0612     1.2783
    17    8 O        2.9430    -0.2786     1.3681
    18   15 P        4.1224     0.2981     1.2374
    19    8 O        2.9411    -0.2781     1.3682
    20    6 C        4.1241    -0.0617     1.2783
    21    8 O        1.9852    -0.2955     1.4040
    22    6 C        4.1117    -0.0240     1.2785
    23    1 H        0.9920     0.1678     1.1880
    24    1 H        0.9922     0.1559     1.1880
    25    1 H        0.9918     0.1687     1.1880
    26    1 H        0.9918     0.1680     1.1880
    27    1 H        0.9922     0.1557     1.1880
    28    1 H        0.9920     0.1670     1.1880
    29    1 H        0.9923     0.1791     1.1880
    30    1 H        0.9918     0.1654     1.1880
    31    1 H        0.9923     0.1786     1.1880
--------------------------------------------------
     Σ                          2.0000
--------------------------------------------------

Electrostatic energy:    9.1315909808975E-01 Eh

[Info] JSON dump of results written to 'multicharge.json'
