[Info] Molecular charge read from '.CHRG'

Charge model parameter:
------------------------------------------------------
   Z          chi/Eh     kcn/Eh     eta/Eh     rad/AA
------------------------------------------------------
  91 Pa       1.0721     0.0037     0.5511     0.7643
  13 Al       1.1291    -0.0217     0.5831     0.9046
  14 Si       1.1231    -0.0496     0.6494     0.8153
  51 Sb       1.2164     0.0142     0.4795     1.0458
  16 S        1.4077     0.0713     0.5171     1.1581
------------------------------------------------------

Electrostatic properties (in atomic units):
--------------------------------------------------
     #    Z              CN          q        chi
--------------------------------------------------
     1   91 Pa       3.8557     0.2038     1.0648
     2   13 Al       2.8516    -0.2731     1.1658
     3   14 Si       1.9498    -0.3719     1.1924
     4   51 Sb       1.9433    -0.5893     1.1967
     5   16 S        0.9978    -0.9695     1.3365
--------------------------------------------------
     Σ                         -2.0000
--------------------------------------------------

Electrostatic energy:   -1.2728619272971E+00 Eh

[Info] JSON dump of results written to 'multicharge.json'
