[Info] Molecular charge read from '.CHRG'

Charge model parameter:
------------------------------------------------------
   Z          chi/Eh     kcn/Eh     eta/Eh     rad/AA
------------------------------------------------------
 101 Md       1.1131     0.0055     0.6097     0.6919
   6 C        1.4003     0.0601     0.6166     0.9994
   7 N        1.5582     0.0928     0.6565     0.6998
   1 H        1.2370     0.0492     1.0964     0.2919
   8 O        1.5687     0.1169     0.6793     0.6518
  15 P        1.5267     0.1425     0.7308     0.7313
------------------------------------------------------

Electrostatic properties (in atomic units):
--------------------------------------------------
     #    Z              CN          q        chi
--------------------------------------------------
     1  101 Md       4.4487     0.7876     1.1015
     2    6 C        3.9577    -0.0933     1.2808
     3    6 C        2.0543     0.1588     1.3142
     4    7 N        1.9865    -0.3227     1.4274
     5    1 H        0.9916     0.1806     1.1880
     6    1 H        0.9916     0.1833     1.1880
     7    1 H        0.9915     0.1851     1.1880
     8    8 O        1.9923    -0.4722     1.4037
     9    1 H        1.0368     0.3555     1.1869
    10    6 C        3.9576    -0.1756     1.2808
    11   15 P        4.3427     0.2094     1.2298
    12    8 O        1.9957    -0.3590     1.4035
    13    6 C        3.9576    -0.1761     1.2808
    14    6 C        3.9576    -0.1746     1.2808
    15    1 H        0.9938     0.1614     1.1879
    16    1 H        0.9941     0.1678     1.1879
    17    1 H        0.9940     0.1655     1.1879
    18    1 H        0.9938     0.1615     1.1879
    19    1 H        0.9940     0.1667     1.1879
    20    1 H        0.9941     0.1671     1.1879
    21    1 H        0.9938     0.1610     1.1879
    22    1 H        0.9940     0.1669     1.1879
    23    1 H        0.9941     0.1683     1.1879
    24    7 N        3.9513    -0.7175     1.3737
    25    1 H        1.0041     0.3137     1.1877
    26    1 H        1.0189     0.3198     1.1873
    27    1 H        1.0211     0.3109     1.1873
--------------------------------------------------
     Σ                          2.0000
--------------------------------------------------

Electrostatic energy:    9.4420910387785E-01 Eh

[Info] JSON dump of results written to 'multicharge.json'
