[Info] Molecular spin read from './.UHF'
xTB calculator
 | Coulomb electrostatics
 |  * isotropic Klopman-Ohno electrostatics
 |  * onsite third-order electrostatics
CEH guess
integral cutoff           4.0000000000000E+01 bohr

Atomic charges (in atomic units):
---------------------------------------------------------
     #    Z                 q
---------------------------------------------------------
     1   96 Cm       0.564951
     2    4 Be       0.009906
     3    4 Be       0.006020
     4    8 O       -0.580877
---------------------------------------------------------

Atomic dipole moments (in atomic units):
---------------------------------------------------------
     #    Z                 x            y            z
---------------------------------------------------------
     1   96 Cm      -0.109412    -0.517824    -0.270619
     2    4 Be      -0.261783    -0.334947    -0.248745
     3    4 Be      -0.060095     0.429693     0.128961
     4    8 O        0.043283     0.007032     0.024608
---------------------------------------------------------
           total    -2.020123    -0.974341    -1.421865
---------------------------------------------------------

[Info] JSON dump of results written to 'tblite.json'
