[Info] Molecular charge read from './.CHRG'
[Info] Molecular spin read from './.UHF'
xTB calculator
 | Coulomb electrostatics
 |  * isotropic Klopman-Ohno electrostatics
 |  * onsite third-order electrostatics
CEH guess
integral cutoff           3.7432403240289E+01 bohr

Atomic charges (in atomic units):
---------------------------------------------------------
     #    Z                 q
---------------------------------------------------------
     1   93 Np       1.071326
     2    6 C       -0.032043
     3    6 C       -0.047636
     4    6 C       -0.004023
     5    6 C       -0.004415
     6    6 C       -0.004615
     7    6 C       -0.047964
     8    6 C        0.248461
     9    8 O       -0.205111
    10    8 O       -0.206439
    11    1 H        0.041575
    12    1 H        0.039288
    13    1 H        0.037675
    14    1 H        0.037008
    15    1 H        0.039104
    16    7 N        0.376125
    17    8 O       -0.095234
    18    8 O       -0.146295
    19    8 O       -0.150809
    20    6 C        0.057046
    21    8 O       -0.169510
    22    1 H        0.053731
    23    1 H        0.054039
    24    1 H        0.058716
---------------------------------------------------------

Atomic dipole moments (in atomic units):
---------------------------------------------------------
     #    Z                 x            y            z
---------------------------------------------------------
     1   93 Np       0.432625     0.663459    -0.258138
     2    6 C        0.004936    -0.026958    -0.001232
     3    6 C        0.009383     0.003660     0.016736
     4    6 C        0.020301    -0.032790     0.023293
     5    6 C        0.000115    -0.014026     0.001434
     6    6 C       -0.009447    -0.036102    -0.025814
     7    6 C       -0.009864     0.002098    -0.016549
     8    6 C        0.021735    -0.093180    -0.003953
     9    8 O        0.035080     0.038204     0.081164
    10    8 O       -0.049498     0.035739    -0.072610
    11    1 H       -0.022148     0.132281     0.006328
    12    1 H       -0.071120     0.059153    -0.095289
    13    1 H       -0.049876    -0.073819    -0.104782
    14    1 H        0.073435    -0.062905     0.097661
    15    1 H        0.049741     0.069845     0.101370
    16    7 N       -0.076553     0.026857     0.027924
    17    8 O       -0.187667     0.062830     0.067339
    18    8 O        0.162947    -0.011055     0.140212
    19    8 O        0.030961    -0.057085    -0.204301
    20    6 C        0.159367     0.158604    -0.107876
    21    8 O       -0.086534    -0.089226     0.058242
    22    1 H       -0.060903     0.069999     0.112428
    23    1 H        0.076693    -0.115143     0.044848
    24    1 H       -0.099492    -0.037115    -0.100627
---------------------------------------------------------
           total    -1.254279    -0.063646    -0.460191
---------------------------------------------------------

[Info] JSON dump of results written to 'tblite.json'
