[Info] Molecular charge read from '.CHRG'

Charge model parameter:
------------------------------------------------------
   Z          chi/Eh     kcn/Eh     eta/Eh     rad/AA
------------------------------------------------------
 103 Lr       1.1371     0.0068     0.5937     0.7095
   7 N        1.5582     0.0928     0.6565     0.6998
   6 C        1.4003     0.0601     0.6166     0.9994
   1 H        1.2370     0.0492     1.0964     0.2919
   8 O        1.5687     0.1169     0.6793     0.6518
------------------------------------------------------

Electrostatic properties (in atomic units):
--------------------------------------------------
     #    Z              CN          q        chi
--------------------------------------------------
     1  103 Lr       6.0059     0.7251     1.1206
     2    7 N        3.9117    -0.5522     1.3747
     3    6 C        4.0295     0.0134     1.2797
     4    6 C        4.0551     0.0105     1.2794
     5    7 N        3.9194    -0.5651     1.3745
     6    1 H        1.0006     0.2914     1.1878
     7    1 H        0.9968     0.2990     1.1879
     8    1 H        0.9913     0.1781     1.1880
     9    1 H        0.9916     0.1828     1.1880
    10    1 H        0.9916     0.1805     1.1880
    11    1 H        0.9913     0.1693     1.1880
    12    1 H        0.9981     0.2847     1.1878
    13    1 H        0.9979     0.2775     1.1878
    14    6 C        3.0223     0.0090     1.2959
    15    6 C        3.0077    -0.0008     1.2961
    16    6 C        3.1980     0.0865     1.2929
    17    7 N        2.9796    -0.3317     1.3980
    18    6 C        3.1431     0.0783     1.2938
    19    6 C        3.0080    -0.0056     1.2961
    20    1 H        0.9927     0.2176     1.1880
    21    1 H        0.9929     0.2077     1.1880
    22    1 H        0.9924     0.1697     1.1880
    23    1 H        0.9924     0.1643     1.1880
    24    1 H        0.9929     0.2024     1.1880
    25    8 O        2.9241    -0.5070     1.3688
    26    1 H        0.9947     0.3273     1.1879
    27    1 H        0.9930     0.3260     1.1880
    28    6 C        3.9570    -0.0764     1.2808
    29    6 C        2.0113     0.1492     1.3151
    30    7 N        1.9673    -0.3394     1.4280
    31    1 H        0.9913     0.1993     1.1880
    32    1 H        0.9913     0.1945     1.1880
    33    1 H        0.9913     0.2037     1.1880
    34    7 N        3.9054    -0.7196     1.3748
    35    1 H        0.9963     0.3217     1.1879
    36    1 H        0.9970     0.3096     1.1879
    37    1 H        0.9963     0.3186     1.1879
--------------------------------------------------
     Σ                          3.0000
--------------------------------------------------

Electrostatic energy:    1.4803907221542E+00 Eh

[Info] JSON dump of results written to 'multicharge.json'
