[Info] Molecular charge read from './.CHRG'
xTB calculator
 | Coulomb electrostatics
 |  * isotropic Klopman-Ohno electrostatics
 |  * onsite third-order electrostatics
CEH guess
integral cutoff           2.2843592577975E+01 bohr

Atomic charges (in atomic units):
---------------------------------------------------------
     #    Z                 q
---------------------------------------------------------
     1   91 Pa       1.010926
     2    6 C        0.010461
     3    6 C       -0.042478
     4    6 C        0.022595
     5    6 C       -0.001723
     6    6 C        0.023027
     7    6 C       -0.043189
     8    6 C        0.319503
     9    8 O       -0.274144
    10    8 O       -0.232677
    11    1 H        0.047306
    12    1 H        0.046526
    13    1 H        0.039063
    14    1 H        0.039341
    15    1 H        0.046259
    16    6 C       -0.109014
    17   15 P        0.215939
    18    6 C       -0.108737
    19    6 C       -0.089975
    20    1 H        0.043286
    21    1 H        0.064908
    22    1 H        0.054105
    23    1 H        0.044038
    24    1 H        0.054583
    25    1 H        0.062835
    26    1 H        0.043518
    27    1 H        0.065102
    28    1 H        0.065884
    29    7 N        0.534058
    30    8 O        0.016451
    31    8 O       -0.332482
    32    8 O        0.018518
    33    7 N        0.449215
    34    8 O        0.381783
    35    8 O       -0.484812
---------------------------------------------------------

Atomic dipole moments (in atomic units):
---------------------------------------------------------
     #    Z                 x            y            z
---------------------------------------------------------
     1   91 Pa       0.252927     0.347233    -0.758782
     2    6 C       -0.012806     0.018094    -0.013106
     3    6 C        0.010270     0.007675    -0.013662
     4    6 C        0.006704     0.031023    -0.037241
     5    6 C       -0.015013     0.021288    -0.015522
     6    6 C       -0.043598     0.022360    -0.000648
     7    6 C       -0.017307     0.002754     0.006490
     8    6 C       -0.047949     0.070210    -0.051984
     9    8 O        0.095375    -0.014668    -0.032988
    10    8 O       -0.065590    -0.033065     0.070005
    11    1 H        0.066474    -0.095430     0.068282
    12    1 H       -0.059737    -0.063215     0.102189
    13    1 H       -0.128455     0.031046     0.035896
    14    1 H        0.061744     0.063870    -0.104447
    15    1 H        0.125683    -0.031424    -0.034534
    16    6 C       -0.011787    -0.015482    -0.042888
    17   15 P       -0.171181     0.003034     0.083783
    18    6 C        0.017343     0.041289     0.009365
    19    6 C        0.029886    -0.043287     0.029210
    20    1 H       -0.134116    -0.014997     0.061303
    21    1 H        0.052929     0.144971     0.017235
    22    1 H        0.100786    -0.102492     0.057110
    23    1 H       -0.122300     0.012246     0.083218
    24    1 H        0.097627    -0.105085     0.057600
    25    1 H       -0.035813    -0.032723    -0.147058
    26    1 H       -0.120487    -0.015785     0.087309
    27    1 H       -0.038258    -0.029540    -0.148105
    28    1 H        0.055151     0.145300     0.012449
    29    7 N        0.027421     0.054345     0.042998
    30    8 O        0.135185    -0.005791    -0.024979
    31    8 O       -0.060913    -0.111249    -0.114149
    32    8 O       -0.117906     0.043911     0.053637
    33    7 N        0.180421     0.083601    -0.137130
    34    8 O       -0.003492    -0.001537     0.003009
    35    8 O        0.028317     0.078516     0.043394
---------------------------------------------------------
           total     1.987388     4.920656    -4.928342
---------------------------------------------------------

[Info] JSON dump of results written to 'tblite.json'
