[Info] Molecular charge read from './.CHRG'
[Info] Molecular spin read from './.UHF'
xTB calculator
 | Coulomb electrostatics
 |  * isotropic Klopman-Ohno electrostatics
 |  * onsite third-order electrostatics
CEH guess
integral cutoff           2.8984055884551E+01 bohr

Atomic charges (in atomic units):
---------------------------------------------------------
     #    Z                 q
---------------------------------------------------------
     1   92 U        1.818077
     2    7 N       -0.125592
     3    6 C        0.025965
     4    6 C        0.029283
     5    7 N       -0.136507
     6    6 C        0.029385
     7    6 C        0.025896
     8    7 N       -0.125561
     9    1 H        0.175481
    10    1 H        0.186119
    11    1 H        0.067058
    12    1 H        0.102481
    13    1 H        0.096461
    14    1 H        0.073485
    15    1 H        0.184809
    16    1 H        0.096346
    17    1 H        0.073744
    18    1 H        0.066916
    19    1 H        0.102500
    20    1 H        0.186343
    21    1 H        0.175455
    22    7 N       -0.145840
    23    6 C        0.114629
    24    6 C       -0.003263
    25    6 C        0.046880
    26    6 C        0.011073
    27    6 C        0.119946
    28    6 C        0.119966
    29    6 C        0.011071
    30    6 C        0.046888
    31    6 C       -0.003261
    32    6 C        0.114653
    33    7 N       -0.145881
    34    1 H        0.064658
    35    1 H        0.083688
    36    1 H        0.067410
    37    1 H        0.076748
    38    1 H        0.076756
    39    1 H        0.067414
    40    1 H        0.083681
    41    1 H        0.064640
---------------------------------------------------------

Atomic dipole moments (in atomic units):
---------------------------------------------------------
     #    Z                 x            y            z
---------------------------------------------------------
     1   92 U        0.424622     0.423732    -0.736321
     2    7 N        0.206880     0.002973     0.120963
     3    6 C       -0.147253    -0.089493    -0.191935
     4    6 C       -0.194527     0.119374    -0.152928
     5    7 N        0.067842     0.067304     0.222135
     6    6 C        0.117629    -0.195405    -0.153302
     7    6 C       -0.091365    -0.147125    -0.191075
     8    7 N        0.003415     0.206894     0.120919
     9    1 H        0.050066    -0.095153    -0.004257
    10    1 H        0.059855     0.069255    -0.055751
    11    1 H        0.012677     0.130414    -0.001569
    12    1 H        0.108495    -0.057814     0.025755
    13    1 H        0.014416     0.045362     0.115420
    14    1 H       -0.006458    -0.127696    -0.000482
    15    1 H       -0.049692    -0.049260     0.059258
    16    1 H        0.046161     0.014473     0.115089
    17    1 H       -0.127758    -0.005900     0.000302
    18    1 H        0.130453     0.012080    -0.002448
    19    1 H       -0.057102     0.108794     0.025890
    20    1 H        0.068670     0.059961    -0.056339
    21    1 H       -0.095331     0.049841    -0.003551
    22    7 N       -0.195314    -0.075161     0.016616
    23    6 C        0.183111    -0.192995     0.026091
    24    6 C        0.030887    -0.023575     0.001692
    25    6 C        0.035394     0.009795    -0.001314
    26    6 C        0.073547     0.016174    -0.005775
    27    6 C        0.146225     0.184617    -0.036040
    28    6 C        0.184513     0.146366    -0.036013
    29    6 C        0.016117     0.073561    -0.005753
    30    6 C        0.009778     0.035407    -0.001316
    31    6 C       -0.023601     0.030871     0.001698
    32    6 C       -0.193141     0.182978     0.026085
    33    7 N       -0.074988    -0.195350     0.016583
    34    1 H        0.035191     0.125084    -0.027855
    35    1 H       -0.089570     0.109979    -0.014988
    36    1 H       -0.136468    -0.023544     0.012007
    37    1 H       -0.051929    -0.128853     0.021650
    38    1 H       -0.128813    -0.052038     0.021638
    39    1 H       -0.023439    -0.136489     0.011982
    40    1 H        0.110050    -0.089480    -0.014992
    41    1 H        0.125063     0.035278    -0.027812
---------------------------------------------------------
           total    -1.753079    -1.743410     1.121906
---------------------------------------------------------

[Info] JSON dump of results written to 'tblite.json'
