[Info] Molecular charge read from '.CHRG'

Charge model parameter:
------------------------------------------------------
   Z          chi/Eh     kcn/Eh     eta/Eh     rad/AA
------------------------------------------------------
 103 Lr       1.1371     0.0068     0.5937     0.7095
   7 N        1.5582     0.0928     0.6565     0.6998
   6 C        1.4003     0.0601     0.6166     0.9994
   1 H        1.2370     0.0492     1.0964     0.2919
  16 S        1.4077     0.0713     0.5171     1.1581
   8 O        1.5687     0.1169     0.6793     0.6518
  35 Br       1.3980     0.0801     0.3934     1.5631
------------------------------------------------------

Electrostatic properties (in atomic units):
--------------------------------------------------
     #    Z              CN          q        chi
--------------------------------------------------
     1  103 Lr       6.6175     0.6765     1.1198
     2    7 N        2.9233    -0.3206     1.3995
     3    6 C        3.1123     0.0445     1.2943
     4    6 C        3.0124    -0.0916     1.2961
     5    6 C        3.0213    -0.1079     1.2959
     6    6 C        3.0162    -0.1059     1.2960
     7    6 C        3.1056     0.1090     1.2945
     8    6 C        3.1010     0.1063     1.2945
     9    6 C        3.0160    -0.1107     1.2960
    10    6 C        3.0204    -0.1176     1.2959
    11    6 C        3.0123    -0.1133     1.2961
    12    6 C        3.0944     0.0243     1.2946
    13    7 N        2.9029    -0.3187     1.4001
    14    1 H        0.9928     0.1487     1.1880
    15    1 H        0.9931     0.1025     1.1880
    16    1 H        0.9928     0.0939     1.1880
    17    1 H        0.9933     0.0904     1.1880
    18    1 H        0.9933     0.0894     1.1880
    19    1 H        0.9928     0.0902     1.1880
    20    1 H        0.9930     0.0921     1.1880
    21    1 H        0.9928     0.1437     1.1880
    22   16 S        1.9304    -0.1041     1.3087
    23    6 C        2.0061     0.1526     1.3152
    24    7 N        1.0063    -0.4477     1.4651
    25    6 C        3.0129    -0.1193     1.2960
    26    6 C        3.0121    -0.1215     1.2961
    27    6 C        3.0165    -0.0926     1.2960
    28    6 C        3.0169     0.0111     1.2960
    29    6 C        3.0147    -0.0899     1.2960
    30    6 C        3.0126    -0.1150     1.2961
    31    6 C        3.0710     0.2811     1.2950
    32    8 O        1.0007    -0.4649     1.4517
    33    8 O        1.9793    -0.3647     1.4042
    34    1 H        0.9927     0.0900     1.1880
    35    1 H        0.9927     0.0916     1.1880
    36    1 H        0.9929     0.1248     1.1880
    37    1 H        0.9927     0.1354     1.1880
    38    1 H        0.9927     0.0983     1.1880
    39    7 N        3.9143    -0.7415     1.3746
    40    1 H        1.0070     0.2558     1.1876
    41    1 H        0.9979     0.2634     1.1878
    42    1 H        0.9976     0.3082     1.1878
    43   35 Br       0.9872    -0.2571     1.3185
    44    6 C        1.0196    -0.0361     1.3396
    45    7 N        1.9763    -0.3834     1.4277
--------------------------------------------------
     Σ                         -1.0000
--------------------------------------------------

Electrostatic energy:   -1.0121049120362E+00 Eh

[Info] JSON dump of results written to 'multicharge.json'
