[Info] Molecular spin read from './.UHF'
xTB calculator
 | Coulomb electrostatics
 |  * isotropic Klopman-Ohno electrostatics
 |  * onsite third-order electrostatics
CEH guess
integral cutoff           4.0000000000000E+01 bohr

Atomic charges (in atomic units):
---------------------------------------------------------
     #    Z                 q
---------------------------------------------------------
     1   92 U       -0.737976
     2    3 Li       0.240592
     3    3 Li       0.255992
     4    3 Li       0.241392
---------------------------------------------------------

Atomic dipole moments (in atomic units):
---------------------------------------------------------
     #    Z                 x            y            z
---------------------------------------------------------
     1   92 U       -0.642682    -0.737834     1.340349
     2    3 Li      -0.282834    -0.447137    -0.566117
     3    3 Li      -0.257000     0.698261     0.087104
     4    3 Li       0.752823    -0.017251     0.075957
---------------------------------------------------------
           total     0.920311     1.410141    -2.307059
---------------------------------------------------------

[Info] JSON dump of results written to 'tblite.json'
