Charge model parameter:
------------------------------------------------------
   Z          chi/Eh     kcn/Eh     eta/Eh     rad/AA
------------------------------------------------------
 101 Md       1.1131     0.0055     0.6097     0.6919
   6 C        1.4003     0.0601     0.6166     0.9994
   8 O        1.5687     0.1169     0.6793     0.6518
   1 H        1.2370     0.0492     1.0964     0.2919
   7 N        1.5582     0.0928     0.6565     0.6998
------------------------------------------------------

Electrostatic properties (in atomic units):
--------------------------------------------------
     #    Z              CN          q        chi
--------------------------------------------------
     1  101 Md       7.0926     0.7230     1.0985
     2    6 C        3.9606    -0.1751     1.2808
     3    6 C        3.3068     0.1124     1.2911
     4    6 C        3.0220    -0.0816     1.2959
     5    6 C        3.3027     0.1114     1.2911
     6    8 O        1.9964    -0.3190     1.4035
     7    6 C        3.9607    -0.1760     1.2808
     8    8 O        1.9968    -0.3219     1.4035
     9    1 H        0.9923     0.1093     1.1880
    10    1 H        0.9915     0.1292     1.1880
    11    1 H        0.9917     0.1347     1.1880
    12    1 H        0.9933     0.1114     1.1880
    13    1 H        0.9923     0.1088     1.1880
    14    1 H        0.9915     0.1324     1.1880
    15    1 H        0.9917     0.1296     1.1880
    16    6 C        3.9575    -0.1530     1.2808
    17    6 C        2.1790     0.1108     1.3116
    18    7 N        1.9692    -0.3376     1.4280
    19    1 H        0.9920     0.1282     1.1880
    20    1 H        0.9919     0.1328     1.1880
    21    1 H        0.9905     0.1595     1.1880
    22    7 N        3.8010     0.1944     1.3773
    23    8 O        1.9835    -0.2208     1.4040
    24    8 O        1.9815    -0.2106     1.4041
    25    8 O        1.0017    -0.2513     1.4517
    26    6 C        1.9871     0.1097     1.3156
    27    7 N        1.0356    -0.3908     1.4638
--------------------------------------------------
     Σ                          0.0000
--------------------------------------------------

Electrostatic energy:   -2.5955282087376E-01 Eh

[Info] JSON dump of results written to 'multicharge.json'
