[Info] Molecular charge read from '.CHRG'

Charge model parameter:
------------------------------------------------------
   Z          chi/Eh     kcn/Eh     eta/Eh     rad/AA
------------------------------------------------------
 102 No       1.1434     0.0135     0.6305     0.6695
   6 C        1.4003     0.0601     0.6166     0.9994
   8 O        1.5687     0.1169     0.6793     0.6518
  17 Cl       1.4815     0.1368     0.7586     0.7238
   9 F        1.5754     0.1570     0.7723     0.9393
  15 P        1.5267     0.1425     0.7308     0.7313
  35 Br       1.3980     0.0801     0.3934     1.5631
   7 N        1.5582     0.0928     0.6565     0.6998
   1 H        1.2370     0.0492     1.0964     0.2919
------------------------------------------------------

Electrostatic properties (in atomic units):
--------------------------------------------------
     #    Z              CN          q        chi
--------------------------------------------------
     1  102 No       7.2896     0.5414     1.1069
     2    6 C        1.9001     0.1424     1.3175
     3    8 O        1.0000    -0.3468     1.4518
     4   17 Cl       1.1994    -0.1167     1.3317
     5    9 F        0.9989    -0.2245     1.4184
     6   15 P        3.7422     0.2470     1.2511
     7    9 F        1.8479    -0.0980     1.3619
     8    9 F        0.9988    -0.2074     1.4184
     9   35 Br       0.9914    -0.2256     1.3183
    10    6 C        3.9617    -0.1934     1.2808
    11    6 C        2.4154     0.0974     1.3070
    12    7 N        1.6283    -0.3520     1.4398
    13    1 H        0.9914     0.1143     1.1880
    14    1 H        0.9913     0.1142     1.1880
    15    1 H        0.9919     0.1051     1.1880
    16    7 N        3.7003     0.1827     1.3797
    17    8 O        1.0018    -0.3007     1.4517
    18    8 O        1.9487    -0.2249     1.4055
    19    8 O        1.9643    -0.2543     1.4048
--------------------------------------------------
     Σ                         -1.0000
--------------------------------------------------

Electrostatic energy:   -8.4770270404793E-01 Eh

[Info] JSON dump of results written to 'multicharge.json'
