[Info] Molecular charge read from '.CHRG'

Charge model parameter:
------------------------------------------------------
   Z          chi/Eh     kcn/Eh     eta/Eh     rad/AA
------------------------------------------------------
  92 U        1.0982     0.0042     0.6173     0.6828
   7 N        1.5582     0.0928     0.6565     0.6998
   6 C        1.4003     0.0601     0.6166     0.9994
   1 H        1.2370     0.0492     1.0964     0.2919
   8 O        1.5687     0.1169     0.6793     0.6518
  53 I        1.4034     0.0897     0.3054     2.0116
------------------------------------------------------

Electrostatic properties (in atomic units):
--------------------------------------------------
     #    Z              CN          q        chi
--------------------------------------------------
     1   92 U        7.0710     0.6822     1.0871
     2    7 N        3.9344    -0.5716     1.3741
     3    6 C        4.0673     0.0043     1.2792
     4    6 C        4.1060    -0.0025     1.2786
     5    7 N        3.9150    -0.4179     1.3746
     6    6 C        4.1052    -0.0131     1.2786
     7    6 C        4.4220     0.0107     1.2740
     8    7 N        3.9382    -0.5756     1.3740
     9    1 H        1.0027     0.2805     1.1877
    10    1 H        1.0189     0.3044     1.1873
    11    1 H        0.9915     0.1780     1.1880
    12    1 H        0.9915     0.1521     1.1880
    13    1 H        0.9915     0.1836     1.1880
    14    1 H        0.9913     0.1658     1.1880
    15    1 H        1.0023     0.2743     1.1877
    16    1 H        0.9914     0.1731     1.1880
    17    1 H        0.9916     0.1530     1.1880
    18    1 H        0.9914     0.1712     1.1880
    19    1 H        1.0157     0.1367     1.1874
    20    1 H        0.9977     0.3051     1.1878
    21    1 H        1.0073     0.2888     1.1876
    22    7 N        3.7611     0.1896     1.3782
    23    8 O        1.0009    -0.0745     1.4517
    24    8 O        1.9873    -0.1441     1.4039
    25    8 O        1.9796    -0.1899     1.4042
    26   53 I        0.9964     0.3357     1.3139
--------------------------------------------------
     Σ                          2.0000
--------------------------------------------------

Electrostatic energy:    1.0007765221455E+00 Eh

[Info] JSON dump of results written to 'multicharge.json'
