[Info] Molecular charge read from '.CHRG'

Charge model parameter:
------------------------------------------------------
   Z          chi/Eh     kcn/Eh     eta/Eh     rad/AA
------------------------------------------------------
  90 Th       1.0989     0.0159     0.6181     0.6812
   9 F        1.5754     0.1570     0.7723     0.9393
  15 P        1.5267     0.1425     0.7308     0.7313
   8 O        1.5687     0.1169     0.6793     0.6518
   1 H        1.2370     0.0492     1.0964     0.2919
   6 C        1.4003     0.0601     0.6166     0.9994
   7 N        1.5582     0.0928     0.6565     0.6998
------------------------------------------------------

Electrostatic properties (in atomic units):
--------------------------------------------------
     #    Z              CN          q        chi
--------------------------------------------------
     1   90 Th       5.3252     0.7977     1.0622
     2    9 F        0.9994    -0.0205     1.4184
     3   15 P        3.4767     0.3440     1.2610
     4    9 F        1.9366    -0.0020     1.3568
     5    9 F        1.9021    -0.0657     1.3588
     6    8 O        1.9901    -0.4390     1.4038
     7    1 H        1.0308     0.3951     1.1870
     8    6 C        3.9558    -0.0364     1.2808
     9    6 C        2.0550     0.2080     1.3142
    10    7 N        1.9865    -0.2873     1.4274
    11    1 H        0.9908     0.2256     1.1880
    12    1 H        0.9908     0.2248     1.1880
    13    1 H        0.9908     0.2334     1.1880
    14    6 C        3.9566    -0.1421     1.2808
    15   15 P        3.9522     0.0681     1.2434
    16    6 C        3.9580    -0.1444     1.2808
    17    6 C        3.9576    -0.1395     1.2808
    18    1 H        0.9932     0.2007     1.1880
    19    1 H        0.9927     0.1986     1.1880
    20    1 H        0.9926     0.1955     1.1880
    21    1 H        0.9931     0.1998     1.1880
    22    1 H        0.9926     0.1912     1.1880
    23    1 H        0.9926     0.1957     1.1880
    24    1 H        0.9933     0.2013     1.1880
    25    1 H        0.9927     0.1986     1.1880
    26    1 H        0.9927     0.1990     1.1880
--------------------------------------------------
     Σ                          3.0000
--------------------------------------------------

Electrostatic energy:    1.6478124673222E+00 Eh

[Info] JSON dump of results written to 'multicharge.json'
