[Info] Molecular charge read from '.CHRG'

Charge model parameter:
------------------------------------------------------
   Z          chi/Eh     kcn/Eh     eta/Eh     rad/AA
------------------------------------------------------
  89 Ac       1.0458     0.0047     0.6519     0.6470
   6 C        1.4003     0.0601     0.6166     0.9994
   7 N        1.5582     0.0928     0.6565     0.6998
   8 O        1.5687     0.1169     0.6793     0.6518
   1 H        1.2370     0.0492     1.0964     0.2919
------------------------------------------------------

Electrostatic properties (in atomic units):
--------------------------------------------------
     #    Z              CN          q        chi
--------------------------------------------------
     1   89 Ac       5.5518     0.6541     1.0347
     2    6 C        1.9584     0.0486     1.3162
     3    7 N        1.0101    -0.4500     1.4649
     4    8 O        1.9916    -0.5665     1.4037
     5    1 H        1.0156     0.2639     1.1874
     6    6 C        1.9585     0.0489     1.3162
     7    7 N        1.0102    -0.4498     1.4649
     8    6 C        3.0134    -0.1214     1.2960
     9    6 C        3.0123    -0.1215     1.2961
    10    6 C        3.0160    -0.0966     1.2960
    11    6 C        3.0172    -0.0013     1.2960
    12    6 C        3.0160    -0.0981     1.2960
    13    6 C        3.0122    -0.1225     1.2961
    14    6 C        3.7848     0.2488     1.2835
    15    8 O        1.9266    -0.3758     1.4064
    16    8 O        1.9537    -0.3713     1.4053
    17    1 H        0.9927     0.0877     1.1880
    18    1 H        0.9928     0.0914     1.1880
    19    1 H        0.9929     0.1214     1.1880
    20    1 H        0.9929     0.1196     1.1880
    21    1 H        0.9928     0.0903     1.1880
--------------------------------------------------
     Σ                         -1.0000
--------------------------------------------------

Electrostatic energy:   -9.2348798873548E-01 Eh

[Info] JSON dump of results written to 'multicharge.json'
