[Info] Molecular spin read from './.UHF'
xTB calculator
 | Coulomb electrostatics
 |  * isotropic Klopman-Ohno electrostatics
 |  * onsite third-order electrostatics
CEH guess
integral cutoff           4.0000000000000E+01 bohr

Atomic charges (in atomic units):
---------------------------------------------------------
     #    Z                 q
---------------------------------------------------------
     1   99 Es       0.440857
     2    7 N       -0.142422
     3    6 C       -0.033988
     4    6 C       -0.021549
     5    7 N       -0.130797
     6    6 C       -0.018149
     7    6 C       -0.028560
     8    7 N       -0.151764
     9    1 H        0.106876
    10    1 H        0.089789
    11    1 H        0.061371
    12    1 H        0.053620
    13    1 H        0.059345
    14    1 H        0.062447
    15    1 H        0.110485
    16    1 H        0.058925
    17    1 H        0.060192
    18    1 H        0.057835
    19    1 H        0.057438
    20    1 H        0.090492
    21    1 H        0.109218
    22    6 C       -0.019162
    23    6 C       -0.036218
    24    6 C       -0.016227
    25    6 C       -0.018397
    26    6 C       -0.025686
    27    6 C       -0.039622
    28    6 C        0.115583
    29    8 O       -0.310725
    30    8 O       -0.263699
    31    1 H        0.037825
    32    1 H        0.030765
    33    1 H        0.029013
    34    1 H        0.022598
    35    1 H        0.028480
    36    6 C        0.039010
    37    6 C        0.016043
    38    7 N       -0.022213
    39    6 C        0.019645
    40    6 C        0.042938
    41    7 N       -0.091307
    42    1 H        0.053740
    43    1 H        0.054135
    44    1 H        0.049676
    45    1 H        0.055440
    46    6 C       -0.095355
    47    6 C       -0.030584
    48    8 O       -0.402102
    49    1 H        0.045841
    50    1 H        0.019155
    51    1 H        0.015516
    52    1 H        0.044832
    53    1 H        0.033261
    54    7 N       -0.311180
    55    7 N        0.066651
    56    7 N       -0.186624
    57    7 N       -0.129916
    58    1 H        0.091693
    59    1 H        0.097990
    60    1 H        0.097524
---------------------------------------------------------

Atomic dipole moments (in atomic units):
---------------------------------------------------------
     #    Z                 x            y            z
---------------------------------------------------------
     1   99 Es      -0.019839    -0.354267    -0.134645
     2    7 N       -0.137074    -0.031385     0.302775
     3    6 C        0.168366     0.094816    -0.107557
     4    6 C       -0.003303     0.105441    -0.203843
     5    7 N       -0.148867    -0.239083     0.087000
     6    6 C        0.102356     0.138527     0.141298
     7    6 C        0.184503     0.129550    -0.027253
     8    7 N       -0.260431    -0.090996    -0.176692
     9    1 H       -0.060365     0.075763    -0.020367
    10    1 H        0.083166    -0.003099     0.052685
    11    1 H        0.000372    -0.004537     0.121222
    12    1 H       -0.110251     0.026562    -0.055787
    13    1 H        0.112963    -0.019379     0.044035
    14    1 H       -0.078248    -0.088989     0.016903
    15    1 H        0.034891    -0.021841    -0.009122
    16    1 H        0.060538    -0.011721    -0.105950
    17    1 H       -0.053264    -0.095767     0.048902
    18    1 H       -0.068689    -0.024639    -0.094954
    19    1 H       -0.060134     0.018450     0.109987
    20    1 H        0.048174    -0.014124    -0.083824
    21    1 H       -0.052551     0.078286     0.040902
    22    6 C       -0.011931     0.002769     0.000096
    23    6 C        0.002750     0.015772    -0.000567
    24    6 C       -0.016498     0.019989    -0.001854
    25    6 C       -0.045624     0.005978    -0.000228
    26    6 C       -0.022266    -0.005471     0.000677
    27    6 C       -0.005345    -0.013893     0.001472
    28    6 C        0.024281     0.066111    -0.003536
    29    8 O        0.010179    -0.097374    -0.002118
    30    8 O        0.063510     0.071158     0.000976
    31    1 H        0.132934    -0.028342     0.002992
    32    1 H        0.039222    -0.125607     0.012241
    33    1 H       -0.097109    -0.093978     0.007420
    34    1 H       -0.046836     0.126632    -0.013425
    35    1 H        0.087478     0.098503    -0.009857
    36    6 C        0.099870    -0.092101     0.074112
    37    6 C        0.020613    -0.169231    -0.007616
    38    7 N        0.153873     0.131057     0.164904
    39    6 C       -0.116702     0.085837    -0.086705
    40    6 C       -0.032750     0.151116    -0.002378
    41    7 N       -0.176035    -0.151941    -0.184827
    42    1 H       -0.011180     0.126825     0.011471
    43    1 H       -0.093944     0.049603    -0.075010
    44    1 H        0.009197    -0.125520    -0.020443
    45    1 H        0.089305    -0.059761     0.070143
    46    6 C       -0.071197     0.057128    -0.001975
    47    6 C       -0.037751     0.012706     0.184498
    48    8 O        0.073009    -0.027990    -0.089188
    49    1 H        0.055717    -0.033577    -0.125960
    50    1 H       -0.050956    -0.111344     0.070926
    51    1 H        0.090507     0.070962     0.082243
    52    1 H       -0.066022    -0.060404    -0.083606
    53    1 H        0.044929     0.090120    -0.058124
    54    7 N       -0.346581     0.032885     0.219117
    55    7 N        0.069447    -0.015423    -0.040067
    56    7 N        0.324676    -0.061773    -0.200103
    57    7 N        0.161168     0.224883    -0.201984
    58    1 H        0.102921     0.004060     0.056467
    59    1 H       -0.079793     0.086408     0.016279
    60    1 H       -0.009223    -0.064176    -0.097560
---------------------------------------------------------
           total    -0.101028     0.409411     1.436887
---------------------------------------------------------

[Info] JSON dump of results written to 'tblite.json'
