[Info] Molecular charge read from '.CHRG'

Charge model parameter:
------------------------------------------------------
   Z          chi/Eh     kcn/Eh     eta/Eh     rad/AA
------------------------------------------------------
  95 Am       1.0010     0.0051     0.6915     0.6095
   7 N        1.5582     0.0928     0.6565     0.6998
   8 O        1.5687     0.1169     0.6793     0.6518
   1 H        1.2370     0.0492     1.0964     0.2919
  16 S        1.4077     0.0713     0.5171     1.1581
   6 C        1.4003     0.0601     0.6166     0.9994
------------------------------------------------------

Electrostatic properties (in atomic units):
--------------------------------------------------
     #    Z              CN          q        chi
--------------------------------------------------
     1   95 Am       6.9942     0.8149     0.9876
     2    7 N        2.8447    -0.0498     1.4017
     3    8 O        1.0017    -0.3987     1.4517
     4    8 O        1.9209    -0.2757     1.4066
     5    7 N        3.9099    -0.7671     1.3747
     6    1 H        0.9993     0.3019     1.1878
     7    1 H        1.0003     0.2374     1.1878
     8    1 H        1.0036     0.2367     1.1877
     9    7 N        3.3453     0.1789     1.3885
    10    8 O        1.0017    -0.4459     1.4517
    11    8 O        1.7418    -0.3139     1.4144
    12    8 O        1.8321    -0.2938     1.4104
    13   16 S        1.6585    -0.1952     1.3159
    14    6 C        1.9970     0.0938     1.3154
    15    7 N        1.0065    -0.5799     1.4651
    16    8 O        1.9880    -0.3741     1.4038
    17   16 S        3.1596     0.3692     1.2810
    18    8 O        0.9990    -0.4967     1.4518
    19    8 O        0.9990    -0.5244     1.4518
    20    6 C        1.0105    -0.1340     1.3399
    21    7 N        1.9554    -0.3835     1.4284
--------------------------------------------------
     Σ                         -3.0000
--------------------------------------------------

Electrostatic energy:   -2.4334722399129E+00 Eh

[Info] JSON dump of results written to 'multicharge.json'
