Charge model parameter:
------------------------------------------------------
   Z          chi/Eh     kcn/Eh     eta/Eh     rad/AA
------------------------------------------------------
 100 Fm       1.0767     0.0040     0.5988     0.7039
   3 Li       0.5434    -0.1235     0.9742     0.4791
   1 H        1.2370     0.0492     1.0964     0.2919
------------------------------------------------------

Electrostatic properties (in atomic units):
--------------------------------------------------
     #    Z              CN          q        chi
--------------------------------------------------
     1  100 Fm       3.2527    -0.3362     1.0695
     2    3 Li       2.0548     0.2054     0.7204
     3    3 Li       2.0631     0.2045     0.7208
     4    3 Li       3.3186     0.2108     0.7684
     5    1 H        1.7911    -0.2845     1.1712
--------------------------------------------------
     Σ                          0.0000
--------------------------------------------------

Electrostatic energy:   -1.1768789071418E-01 Eh

[Info] JSON dump of results written to 'multicharge.json'
