Charge model parameter:
------------------------------------------------------
   Z          chi/Eh     kcn/Eh     eta/Eh     rad/AA
------------------------------------------------------
 101 Md       1.1131     0.0055     0.6097     0.6919
  35 Br       1.3980     0.0801     0.3934     1.5631
------------------------------------------------------

Electrostatic properties (in atomic units):
--------------------------------------------------
     #    Z              CN          q        chi
--------------------------------------------------
     1  101 Md       2.9893     0.5061     1.1036
     2   35 Br       0.9980    -0.1677     1.3180
     3   35 Br       0.9980    -0.1689     1.3180
     4   35 Br       0.9979    -0.1694     1.3180
--------------------------------------------------
     Σ                          0.0000
--------------------------------------------------

Electrostatic energy:   -5.4257552330753E-02 Eh

[Info] JSON dump of results written to 'multicharge.json'
