[Info] Molecular charge read from './.CHRG'
[Info] Molecular spin read from './.UHF'
xTB calculator
 | Coulomb electrostatics
 |  * isotropic Klopman-Ohno electrostatics
 |  * onsite third-order electrostatics
CEH guess
integral cutoff           4.0000000000000E+01 bohr

Atomic charges (in atomic units):
---------------------------------------------------------
     #    Z                 q
---------------------------------------------------------
     1  101 Md       0.964426
     2    6 C       -0.092955
     3   15 P        0.453358
     4    8 O       -0.397454
     5    6 C       -0.100174
     6    6 C       -0.099710
     7    1 H        0.094395
     8    1 H        0.075877
     9    1 H        0.075378
    10    1 H        0.093319
    11    1 H        0.071431
    12    1 H        0.075434
    13    1 H        0.093509
    14    1 H        0.074205
    15    1 H        0.071338
    16    6 C        0.203686
    17    8 O        0.198298
    18    6 C        0.209178
    19    8 O        0.206982
    20    6 C       -0.119845
    21    7 N       -0.150678
---------------------------------------------------------

Atomic dipole moments (in atomic units):
---------------------------------------------------------
     #    Z                 x            y            z
---------------------------------------------------------
     1  101 Md       0.916575    -0.549415    -0.038663
     2    6 C       -0.035829     0.020441     0.004596
     3   15 P        0.052523     0.031875    -0.025991
     4    8 O        0.013911     0.009543    -0.009705
     5    6 C       -0.011831    -0.012514     0.036247
     6    6 C       -0.026108    -0.028782    -0.011079
     7    1 H        0.131474     0.058876    -0.057352
     8    1 H       -0.045913    -0.122364    -0.089984
     9    1 H        0.024353    -0.046984     0.149744
    10    1 H        0.130642     0.058199    -0.055272
    11    1 H       -0.111304     0.113199     0.003070
    12    1 H       -0.042202    -0.123850    -0.089911
    13    1 H        0.130596     0.057410    -0.057273
    14    1 H        0.026555    -0.047682     0.149204
    15    1 H       -0.113769     0.110022    -0.009747
    16    6 C       -0.040470    -0.019910    -0.042315
    17    8 O       -0.059768    -0.022181    -0.063743
    18    6 C        0.007284     0.020255     0.051208
    19    8 O        0.003757     0.044397     0.080022
    20    6 C       -0.038140    -0.108126     0.055708
    21    7 N        0.015124     0.024027    -0.014738
---------------------------------------------------------
           total     2.133725    -1.463920     3.261725
---------------------------------------------------------

[Info] JSON dump of results written to 'tblite.json'
