Charge model parameter:
------------------------------------------------------
   Z          chi/Eh     kcn/Eh     eta/Eh     rad/AA
------------------------------------------------------
  97 Bk       1.1683     0.0046     0.5532     0.7618
  17 Cl       1.4815     0.1368     0.7586     0.7238
------------------------------------------------------

Electrostatic properties (in atomic units):
--------------------------------------------------
     #    Z              CN          q        chi
--------------------------------------------------
     1   97 Bk       3.9748     0.4567     1.1591
     2   17 Cl       0.9975    -0.1142     1.3449
     3   17 Cl       0.9976    -0.1142     1.3449
     4   17 Cl       0.9975    -0.1142     1.3449
     5   17 Cl       0.9975    -0.1142     1.3449
--------------------------------------------------
     Σ                         -0.0000
--------------------------------------------------

Electrostatic energy:   -4.2429146440209E-02 Eh

[Info] JSON dump of results written to 'multicharge.json'
