Charge model parameter:
------------------------------------------------------
   Z          chi/Eh     kcn/Eh     eta/Eh     rad/AA
------------------------------------------------------
  98 Cf       1.0089     0.0039     0.6196     0.6803
  53 I        1.4034     0.0897     0.3054     2.0116
------------------------------------------------------

Electrostatic properties (in atomic units):
--------------------------------------------------
     #    Z              CN          q        chi
--------------------------------------------------
     1   98 Cf       3.9519     0.6942     1.0012
     2   53 I        0.9958    -0.2627     1.3139
     3   53 I        0.9958    -0.2619     1.3139
     4   53 I        1.7043    -0.0868     1.2863
     5   53 I        1.7052    -0.0828     1.2863
--------------------------------------------------
     Σ                         -0.0000
--------------------------------------------------

Electrostatic energy:   -1.0621118325940E-01 Eh

[Info] JSON dump of results written to 'multicharge.json'
