[Info] Molecular spin read from './.UHF'
xTB calculator
 | Coulomb electrostatics
 |  * isotropic Klopman-Ohno electrostatics
 |  * onsite third-order electrostatics
CEH guess
integral cutoff           4.0000000000000E+01 bohr

Atomic charges (in atomic units):
---------------------------------------------------------
     #    Z                 q
---------------------------------------------------------
     1   97 Bk       0.234179
     2    3 Li       0.272819
     3    3 Li       0.101412
     4    3 Li       0.056684
     5    1 H       -0.299318
     6    1 H       -0.365776
---------------------------------------------------------

Atomic dipole moments (in atomic units):
---------------------------------------------------------
     #    Z                 x            y            z
---------------------------------------------------------
     1   97 Bk       0.021021     0.367510     0.560803
     2    3 Li       0.197373     0.127194     0.660709
     3    3 Li      -0.161973     0.439486    -0.482459
     4    3 Li       0.009248    -0.636500     0.044776
     5    1 H        0.090871    -0.023447    -0.072944
     6    1 H        0.016410     0.092721     0.030741
---------------------------------------------------------
           total    -0.039846    -0.608045     1.807908
---------------------------------------------------------

[Info] JSON dump of results written to 'tblite.json'
