[Info] Molecular charge read from '.CHRG'

Charge model parameter:
------------------------------------------------------
   Z          chi/Eh     kcn/Eh     eta/Eh     rad/AA
------------------------------------------------------
 101 Md       1.1131     0.0055     0.6097     0.6919
   8 O        1.5687     0.1169     0.6793     0.6518
   1 H        1.2370     0.0492     1.0964     0.2919
   6 C        1.4003     0.0601     0.6166     0.9994
   7 N        1.5582     0.0928     0.6565     0.6998
  15 P        1.5267     0.1425     0.7308     0.7313
  16 S        1.4077     0.0713     0.5171     1.1581
------------------------------------------------------

Electrostatic properties (in atomic units):
--------------------------------------------------
     #    Z              CN          q        chi
--------------------------------------------------
     1  101 Md       7.1017     0.6902     1.0985
     2    8 O        1.9914    -0.5856     1.4037
     3    1 H        1.1110     0.2576     1.1851
     4    6 C        3.0624     0.0324     1.2952
     5    6 C        4.3621     0.1792     1.2749
     6    7 N        2.9950    -0.3761     1.3976
     7    6 C        3.3039     0.0196     1.2911
     8    6 C        3.0661     0.0138     1.2951
     9    7 N        2.0109    -0.4219     1.4266
    10    1 H        0.9920     0.0841     1.1880
    11    1 H        0.9923     0.1015     1.1880
    12    1 H        0.9927     0.0866     1.1880
    13    1 H        0.9928     0.0816     1.1880
    14    6 C        3.9556    -0.2729     1.2808
    15   15 P        3.9539     0.0710     1.2434
    16    6 C        3.9559    -0.2605     1.2808
    17    6 C        3.9604    -0.2510     1.2808
    18    1 H        0.9919     0.0708     1.1880
    19    1 H        0.9926     0.0762     1.1880
    20    1 H        0.9932     0.0849     1.1880
    21    1 H        0.9919     0.0712     1.1880
    22    1 H        0.9937     0.1003     1.1879
    23    1 H        0.9931     0.0895     1.1880
    24    1 H        0.9920     0.0697     1.1880
    25    1 H        0.9940     0.1022     1.1879
    26    1 H        0.9937     0.1079     1.1879
    27    8 O        1.9680    -0.3680     1.4047
    28   16 S        3.9818     0.3433     1.2655
    29    8 O        1.9786    -0.3404     1.4042
    30    8 O        1.9787    -0.3825     1.4042
    31    6 C        1.0771    -0.0633     1.3380
    32    7 N        1.9916    -0.4113     1.4272
--------------------------------------------------
     Σ                         -1.0000
--------------------------------------------------

Electrostatic energy:   -9.6004101558486E-01 Eh

[Info] JSON dump of results written to 'multicharge.json'
