[Info] Molecular charge read from './.CHRG'
xTB calculator
 | Coulomb electrostatics
 |  * isotropic Klopman-Ohno electrostatics
 |  * onsite third-order electrostatics
CEH guess
integral cutoff           4.0000000000000E+01 bohr

Atomic charges (in atomic units):
---------------------------------------------------------
     #    Z                 q
---------------------------------------------------------
     1  103 Lr       0.800353
     2    7 N       -0.090075
     3    6 C        0.053160
     4    6 C       -0.025746
     5    6 C        0.058559
     6    6 C        0.012040
     7    6 C        0.083583
     8    6 C        0.077740
     9    6 C        0.012290
    10    6 C        0.056132
    11    6 C       -0.018473
    12    6 C        0.085771
    13    7 N       -0.072464
    14    1 H        0.059156
    15    1 H        0.056974
    16    1 H        0.053289
    17    1 H        0.061274
    18    1 H        0.054679
    19    1 H        0.050147
    20    1 H        0.059153
    21    1 H        0.083320
    22    9 F       -0.092918
    23   15 P        0.630730
    24    9 F       -0.144554
    25    9 F       -0.073140
    26    6 C       -0.295385
    27    7 N       -0.170372
    28    6 C       -0.087975
    29    7 N       -0.277248
---------------------------------------------------------

Atomic dipole moments (in atomic units):
---------------------------------------------------------
     #    Z                 x            y            z
---------------------------------------------------------
     1  103 Lr      -0.077947    -0.534856     0.241008
     2    7 N        0.117388    -0.251105    -0.113195
     3    6 C        0.099914     0.143012     0.053846
     4    6 C        0.014665     0.035270     0.014017
     5    6 C       -0.017498     0.023815     0.010938
     6    6 C       -0.030419     0.057337     0.025975
     7    6 C       -0.142394     0.117519     0.060518
     8    6 C       -0.157152     0.093791     0.053755
     9    6 C       -0.068476     0.012311     0.012040
    10    6 C       -0.028201    -0.000658     0.001862
    11    6 C       -0.027667    -0.024389    -0.007790
    12    6 C       -0.133754    -0.135340    -0.039515
    13    7 N        0.283116    -0.071360    -0.053115
    14    1 H       -0.110002     0.026763     0.015765
    15    1 H       -0.099497    -0.086284    -0.028573
    16    1 H        0.038082    -0.118585    -0.051981
    17    1 H        0.130285    -0.026615    -0.020944
    18    1 H        0.053119    -0.111619    -0.051254
    19    1 H        0.133078    -0.009996    -0.016864
    20    1 H        0.073004     0.107533     0.036650
    21    1 H       -0.051221     0.096312     0.042248
    22    9 F        0.028469    -0.017975    -0.005938
    23   15 P       -0.028792     0.058035    -0.054975
    24    9 F       -0.004851    -0.009103     0.003933
    25    9 F       -0.014562    -0.041230    -0.004971
    26    6 C       -0.007433     0.053287    -0.044266
    27    7 N        0.024100    -0.061584     0.069847
    28    6 C       -0.020672     0.008081    -0.184534
    29    7 N        0.003291    -0.000858     0.042327
---------------------------------------------------------
           total     2.150747    -4.120223    -1.936717
---------------------------------------------------------

[Info] JSON dump of results written to 'tblite.json'
