[Info] Molecular spin read from './.UHF'
xTB calculator
 | Coulomb electrostatics
 |  * isotropic Klopman-Ohno electrostatics
 |  * onsite third-order electrostatics
CEH guess
integral cutoff           4.0000000000000E+01 bohr

Atomic charges (in atomic units):
---------------------------------------------------------
     #    Z                 q
---------------------------------------------------------
     1   95 Am       0.472588
     2   35 Br      -0.180063
     3    1 H       -0.344057
     4   12 Mg       0.051532
---------------------------------------------------------

Atomic dipole moments (in atomic units):
---------------------------------------------------------
     #    Z                 x            y            z
---------------------------------------------------------
     1   95 Am      -0.355738     0.412160     1.016726
     2   35 Br       0.006181    -0.010714    -0.005538
     3    1 H       -0.113352     0.103692    -0.060564
     4   12 Mg       0.389056    -0.065889     0.030050
---------------------------------------------------------
           total     1.010112     0.186694     2.034809
---------------------------------------------------------

[Info] JSON dump of results written to 'tblite.json'
