[Info] Molecular charge read from '.CHRG'

Charge model parameter:
------------------------------------------------------
   Z          chi/Eh     kcn/Eh     eta/Eh     rad/AA
------------------------------------------------------
  92 U        1.0982     0.0042     0.6173     0.6828
   6 C        1.4003     0.0601     0.6166     0.9994
   8 O        1.5687     0.1169     0.6793     0.6518
   1 H        1.2370     0.0492     1.0964     0.2919
   7 N        1.5582     0.0928     0.6565     0.6998
------------------------------------------------------

Electrostatic properties (in atomic units):
--------------------------------------------------
     #    Z              CN          q        chi
--------------------------------------------------
     1   92 U        5.7826     0.7764     1.0882
     2    6 C        4.0585     0.0007     1.2793
     3    8 O        1.9899    -0.3375     1.4038
     4    1 H        0.9920     0.1784     1.1880
     5    1 H        0.9919     0.1796     1.1880
     6    1 H        0.9920     0.1736     1.1880
     7    7 N        2.9741    -0.0243     1.3982
     8    8 O        1.0069    -0.0945     1.4514
     9    8 O        1.9900    -0.1086     1.4038
    10    6 C        1.7203     0.1752     1.3215
    11    7 N        1.9916    -0.2823     1.4272
    12    6 C        3.9886    -0.0459     1.2803
    13    8 O        2.9506    -0.3800     1.3679
    14    1 H        0.9921     0.1723     1.1880
    15    1 H        0.9921     0.1762     1.1880
    16    1 H        0.9923     0.1743     1.1880
    17    1 H        1.0634     0.2663     1.1863
--------------------------------------------------
     Σ                          1.0000
--------------------------------------------------

Electrostatic energy:    4.3355390051054E-01 Eh

[Info] JSON dump of results written to 'multicharge.json'
