Charge model parameter:
------------------------------------------------------
   Z          chi/Eh     kcn/Eh     eta/Eh     rad/AA
------------------------------------------------------
 101 Md       1.1131     0.0055     0.6097     0.6919
   8 O        1.5687     0.1169     0.6793     0.6518
------------------------------------------------------

Electrostatic properties (in atomic units):
--------------------------------------------------
     #    Z              CN          q        chi
--------------------------------------------------
     1  101 Md       2.9911     0.8255     1.1036
     2    8 O        0.9984    -0.2757     1.4519
     3    8 O        0.9988    -0.2732     1.4518
     4    8 O        0.9985    -0.2766     1.4519
--------------------------------------------------
     Σ                          0.0000
--------------------------------------------------

Electrostatic energy:   -1.4373572678018E-01 Eh

[Info] JSON dump of results written to 'multicharge.json'
