[Info] Molecular charge read from '.CHRG'

Charge model parameter:
------------------------------------------------------
   Z          chi/Eh     kcn/Eh     eta/Eh     rad/AA
------------------------------------------------------
 103 Lr       1.1371     0.0068     0.5937     0.7095
   6 C        1.4003     0.0601     0.6166     0.9994
   8 O        1.5687     0.1169     0.6793     0.6518
  15 P        1.5267     0.1425     0.7308     0.7313
   1 H        1.2370     0.0492     1.0964     0.2919
   9 F        1.5754     0.1570     0.7723     0.9393
   7 N        1.5582     0.0928     0.6565     0.6998
------------------------------------------------------

Electrostatic properties (in atomic units):
--------------------------------------------------
     #    Z              CN          q        chi
--------------------------------------------------
     1  103 Lr       6.2474     0.7106     1.1203
     2    6 C        4.1231    -0.0309     1.2783
     3    8 O        1.9853    -0.3259     1.4040
     4   15 P        4.0667     0.2906     1.2393
     5    8 O        2.8942    -0.2518     1.3698
     6    6 C        4.1246    -0.0643     1.2783
     7    8 O        2.9287    -0.2464     1.3686
     8    6 C        4.1095    -0.0604     1.2785
     9    1 H        0.9922     0.1711     1.1880
    10    1 H        0.9917     0.1627     1.1880
    11    1 H        0.9922     0.1704     1.1880
    12    1 H        0.9918     0.1606     1.1880
    13    1 H        0.9922     0.1580     1.1880
    14    1 H        0.9917     0.1648     1.1880
    15    1 H        0.9919     0.1630     1.1880
    16    1 H        0.9920     0.1667     1.1880
    17    1 H        0.9923     0.1736     1.1880
    18    9 F        0.9983    -0.2429     1.4185
    19    7 N        3.9191    -0.7221     1.3745
    20    1 H        0.9989     0.3067     1.1878
    21    1 H        0.9963     0.3036     1.1879
    22    1 H        1.0022     0.3074     1.1877
    23    7 N        3.9132    -0.7207     1.3746
    24    1 H        0.9962     0.3068     1.1879
    25    1 H        0.9996     0.3103     1.1878
    26    1 H        0.9979     0.3039     1.1878
    27    6 C        4.0163    -0.0563     1.2799
    28    8 O        2.9327    -0.3987     1.3685
    29    1 H        0.9921     0.1709     1.1880
    30    1 H        0.9920     0.1731     1.1880
    31    1 H        0.9924     0.1717     1.1880
    32    1 H        0.9949     0.2739     1.1879
--------------------------------------------------
     Σ                          2.0000
--------------------------------------------------

Electrostatic energy:    8.8270520239737E-01 Eh

[Info] JSON dump of results written to 'multicharge.json'
