[Info] Molecular charge read from '.CHRG'

Charge model parameter:
------------------------------------------------------
   Z          chi/Eh     kcn/Eh     eta/Eh     rad/AA
------------------------------------------------------
  94 Pu       1.0104     0.0049     0.6346     0.6641
   6 C        1.4003     0.0601     0.6166     0.9994
   8 O        1.5687     0.1169     0.6793     0.6518
   1 H        1.2370     0.0492     1.0964     0.2919
   7 N        1.5582     0.0928     0.6565     0.6998
------------------------------------------------------

Electrostatic properties (in atomic units):
--------------------------------------------------
     #    Z              CN          q        chi
--------------------------------------------------
     1   94 Pu       6.8319     0.9635     0.9976
     2    6 C        3.0154    -0.0391     1.2960
     3    6 C        3.0103    -0.0472     1.2961
     4    6 C        3.0159    -0.0502     1.2960
     5    6 C        3.0203     0.0222     1.2959
     6    6 C        3.0165    -0.0459     1.2960
     7    6 C        3.0104    -0.0454     1.2961
     8    6 C        3.9122     0.2551     1.2815
     9    8 O        1.9894    -0.3612     1.4038
    10    8 O        1.9916    -0.3742     1.4037
    11    1 H        0.9928     0.1734     1.1880
    12    1 H        0.9930     0.1693     1.1880
    13    1 H        0.9929     0.1637     1.1880
    14    1 H        0.9929     0.1689     1.1880
    15    1 H        0.9930     0.1710     1.1880
    16    6 C        3.9555    -0.1683     1.2808
    17    6 C        4.0065    -0.0380     1.2801
    18    8 O        2.9518    -0.4233     1.3678
    19    1 H        0.9917     0.1522     1.1880
    20    1 H        0.9915     0.1525     1.1880
    21    1 H        0.9918     0.1542     1.1880
    22    1 H        0.9917     0.1498     1.1880
    23    1 H        0.9921     0.1529     1.1880
    24    1 H        1.0283     0.2596     1.1871
    25    6 C        3.9554    -0.1699     1.2809
    26    6 C        4.0036    -0.0415     1.2801
    27    8 O        2.9528    -0.4219     1.3678
    28    1 H        0.9917     0.1529     1.1880
    29    1 H        0.9916     0.1517     1.1880
    30    1 H        0.9917     0.1461     1.1880
    31    1 H        0.9916     0.1481     1.1880
    32    1 H        0.9917     0.1403     1.1880
    33    1 H        1.0392     0.2650     1.1868
    34    7 N        3.9336    -0.7534     1.3741
    35    1 H        1.0078     0.2909     1.1876
    36    1 H        1.0019     0.2905     1.1877
    37    1 H        1.0012     0.2786     1.1878
    38    6 C        4.1089    -0.0265     1.2786
    39    8 O        1.9903    -0.4216     1.4037
    40    1 H        0.9917     0.1482     1.1880
    41    1 H        0.9917     0.1583     1.1880
    42    1 H        0.9917     0.1494     1.1880
--------------------------------------------------
     Σ                          2.0000
--------------------------------------------------

Electrostatic energy:    8.0517980776993E-01 Eh

[Info] JSON dump of results written to 'multicharge.json'
