[Info] Molecular charge read from './.CHRG'
xTB calculator
 | Coulomb electrostatics
 |  * isotropic Klopman-Ohno electrostatics
 |  * onsite third-order electrostatics
CEH guess
integral cutoff           2.3650283084401E+01 bohr

Atomic charges (in atomic units):
---------------------------------------------------------
     #    Z                 q
---------------------------------------------------------
     1   90 Th       1.132521
     2    7 N       -0.141136
     3    6 C        0.009811
     4    6 C        0.009255
     5    7 N       -0.077748
     6    1 H        0.140914
     7    1 H        0.135641
     8    1 H        0.080655
     9    1 H        0.067271
    10    1 H        0.066231
    11    1 H        0.082346
    12    1 H        0.148367
    13    1 H        0.127392
    14    6 C       -0.097904
    15    6 C        0.237814
    16    7 N       -0.006273
    17    1 H        0.091814
    18    1 H        0.090710
    19    1 H        0.090686
    20    6 C       -0.002232
    21    8 O       -0.276196
    22    1 H        0.057454
    23    1 H        0.064003
    24    1 H        0.058159
    25    7 N        0.387298
    26    8 O       -0.038797
    27    8 O       -0.210577
    28    8 O       -0.227478
---------------------------------------------------------

Atomic dipole moments (in atomic units):
---------------------------------------------------------
     #    Z                 x            y            z
---------------------------------------------------------
     1   90 Th      -0.429504    -0.199125    -0.876523
     2    7 N        0.236678    -0.190712     0.032398
     3    6 C       -0.233033     0.013655     0.060829
     4    6 C       -0.109360     0.188909     0.058140
     5    7 N        0.229850    -0.088380    -0.139669
     6    1 H        0.040445     0.027232     0.095342
     7    1 H       -0.035419    -0.101391    -0.006096
     8    1 H        0.060412    -0.106188     0.027113
     9    1 H        0.063599     0.107999     0.025883
    10    1 H       -0.077520    -0.099519    -0.022484
    11    1 H        0.099368     0.008410    -0.076409
    12    1 H       -0.035727    -0.023449    -0.104663
    13    1 H        0.075372     0.076889    -0.002286
    14    6 C        0.014191    -0.012433     0.008717
    15    6 C       -0.174165     0.141409    -0.088352
    16    7 N        0.034934    -0.028261     0.010813
    17    1 H        0.053673     0.059708    -0.129305
    18    1 H       -0.023997     0.105404     0.107633
    19    1 H       -0.120905    -0.090192    -0.022154
    20    6 C       -0.106709    -0.172701    -0.143550
    21    8 O        0.073644     0.111660     0.103698
    22    1 H       -0.078775     0.009241     0.117103
    23    1 H        0.002361     0.122189    -0.072204
    24    1 H        0.131148    -0.044808     0.028931
    25    7 N        0.059339     0.065375    -0.057308
    26    8 O        0.112033     0.123855    -0.121621
    27    8 O       -0.005448     0.048877     0.221883
    28    8 O       -0.108282    -0.174161    -0.097501
---------------------------------------------------------
           total    -1.241521     0.839026    -2.179507
---------------------------------------------------------

[Info] JSON dump of results written to 'tblite.json'
