Charge model parameter:
------------------------------------------------------
   Z          chi/Eh     kcn/Eh     eta/Eh     rad/AA
------------------------------------------------------
 100 Fm       1.0767     0.0040     0.5988     0.7039
   9 F        1.5754     0.1570     0.7723     0.9393
------------------------------------------------------

Electrostatic properties (in atomic units):
--------------------------------------------------
     #    Z              CN          q        chi
--------------------------------------------------
     1  100 Fm       5.8707     1.0084     1.0670
     2    9 F        0.9989    -0.1681     1.4184
     3    9 F        0.9989    -0.1681     1.4184
     4    9 F        0.9989    -0.1681     1.4184
     5    9 F        0.9989    -0.1681     1.4184
     6    9 F        0.9989    -0.1681     1.4184
     7    9 F        0.9989    -0.1681     1.4184
--------------------------------------------------
     Σ                          0.0000
--------------------------------------------------

Electrostatic energy:   -1.7717882376985E-01 Eh

[Info] JSON dump of results written to 'multicharge.json'
