xTB calculator
 | Coulomb electrostatics
 |  * isotropic Klopman-Ohno electrostatics
 |  * onsite third-order electrostatics
CEH guess
integral cutoff           4.0000000000000E+01 bohr

Atomic charges (in atomic units):
---------------------------------------------------------
     #    Z                 q
---------------------------------------------------------
     1  102 No       0.614434
     2   35 Br      -0.307272
     3   35 Br      -0.307162
---------------------------------------------------------

Atomic dipole moments (in atomic units):
---------------------------------------------------------
     #    Z                 x            y            z
---------------------------------------------------------
     1  102 No      -0.275487    -0.776218     0.415650
     2   35 Br      -0.113976    -0.006124     0.070684
     3   35 Br       0.071576    -0.113399    -0.006694
---------------------------------------------------------
           total    -0.765201    -2.154884     1.154148
---------------------------------------------------------

[Info] JSON dump of results written to 'tblite.json'
