[Info] Molecular charge read from './.CHRG'
xTB calculator
 | Coulomb electrostatics
 |  * isotropic Klopman-Ohno electrostatics
 |  * onsite third-order electrostatics
CEH guess
integral cutoff           2.2843592577975E+01 bohr

Atomic charges (in atomic units):
---------------------------------------------------------
     #    Z                 q
---------------------------------------------------------
     1   91 Pa       1.058943
     2    6 C        0.041700
     3    6 C       -0.064779
     4    6 C        0.061712
     5    6 C        0.002256
     6    6 C        0.170192
     7    6 C       -0.033703
     8    6 C        0.379817
     9    8 O       -0.202902
    10    8 O       -0.028684
    11    1 H        0.050655
    12    1 H        0.061840
    13    1 H        0.059978
    14    1 H       -0.415939
    15    1 H        0.056076
    16    1 H        0.224592
    17    8 O       -0.135913
    18    1 H        0.241061
    19    6 C        0.140838
    20    7 N       -0.362689
    21    6 C        0.100658
    22    7 N       -0.312271
    23    6 C        0.022756
    24    6 C       -0.035395
    25    6 C        0.049865
    26    6 C        0.003472
    27    6 C        0.020211
    28    6 C       -0.042584
    29    6 C        0.381123
    30    8 O       -0.174951
    31    8 O       -0.037660
    32    1 H        0.048042
    33    1 H        0.053352
    34    1 H        0.053795
    35    1 H        0.031325
    36    1 H        0.046928
    37    1 H        0.207579
    38    8 O       -0.205866
    39    1 H        0.238665
    40    1 H        0.245903
---------------------------------------------------------

Atomic dipole moments (in atomic units):
---------------------------------------------------------
     #    Z                 x            y            z
---------------------------------------------------------
     1   91 Pa       0.396811    -0.143323     0.109886
     2    6 C        0.015719    -0.024895    -0.013849
     3    6 C       -0.011508    -0.014020    -0.011410
     4    6 C       -0.004262    -0.075700    -0.051435
     5    6 C       -0.012711    -0.054464    -0.035387
     6    6 C       -0.024878    -0.241722    -0.167234
     7    6 C        0.055098    -0.042641    -0.020878
     8    6 C        0.103721    -0.070565    -0.030264
     9    8 O        0.010663     0.093985     0.055420
    10    8 O       -0.077637     0.056471     0.027148
    11    1 H       -0.100845     0.082462     0.036959
    12    1 H        0.028524     0.110270     0.078779
    13    1 H        0.124225     0.037777     0.051046
    14    1 H        0.023713     0.075836    -0.099814
    15    1 H       -0.136695    -0.018448    -0.034903
    16    1 H        0.000199     0.108892     0.052317
    17    8 O       -0.047041     0.078335     0.038657
    18    1 H       -0.118520     0.007600    -0.027635
    19    6 C        0.041787     0.110322    -0.168636
    20    7 N        0.004945     0.012232    -0.027781
    21    6 C        0.139813     0.031967     0.094422
    22    7 N        0.001210     0.036636     0.040166
    23    6 C        0.011028     0.015046     0.020003
    24    6 C       -0.008477     0.011413     0.009351
    25    6 C       -0.012728     0.050978     0.049656
    26    6 C        0.030142     0.026502     0.039479
    27    6 C        0.053441     0.002661     0.023226
    28    6 C        0.018886    -0.001904     0.004925
    29    6 C        0.076292     0.046949     0.080688
    30    8 O        0.031788    -0.086735    -0.075194
    31    8 O       -0.061154    -0.043031    -0.067987
    32    1 H       -0.079616    -0.058548    -0.091521
    33    1 H        0.050104    -0.095203    -0.084139
    34    1 H        0.130116    -0.048057    -0.005928
    35    1 H       -0.053462     0.094378     0.081398
    36    1 H       -0.129007     0.036773    -0.007137
    37    1 H        0.018704    -0.088624    -0.081138
    38    8 O        0.095338    -0.037216    -0.008952
    39    1 H        0.042078    -0.094296    -0.066855
    40    1 H        0.109636     0.043411     0.059517
---------------------------------------------------------
           total     2.860901    -0.095685     2.119016
---------------------------------------------------------

[Info] JSON dump of results written to 'tblite.json'
