[Info] Molecular charge read from '.CHRG'

Charge model parameter:
------------------------------------------------------
   Z          chi/Eh     kcn/Eh     eta/Eh     rad/AA
------------------------------------------------------
 100 Fm       1.0767     0.0040     0.5988     0.7039
   6 C        1.4003     0.0601     0.6166     0.9994
   7 N        1.5582     0.0928     0.6565     0.6998
  35 Br       1.3980     0.0801     0.3934     1.5631
   1 H        1.2370     0.0492     1.0964     0.2919
------------------------------------------------------

Electrostatic properties (in atomic units):
--------------------------------------------------
     #    Z              CN          q        chi
--------------------------------------------------
     1  100 Fm       4.4224     0.6810     1.0683
     2    6 C        1.9917     0.0838     1.3155
     3    7 N        1.0374    -0.2835     1.4637
     4   35 Br       0.9975    -0.0407     1.3181
     5    6 C        3.0233    -0.0382     1.2959
     6    6 C        3.0093    -0.0427     1.2961
     7    6 C        3.1990     0.0623     1.2929
     8    7 N        2.9944    -0.3706     1.3976
     9    6 C        3.3298     0.0682     1.2907
    10    6 C        3.0090    -0.0419     1.2961
    11    1 H        0.9928     0.1666     1.1880
    12    1 H        0.9930     0.1609     1.1880
    13    1 H        0.9926     0.1469     1.1880
    14    1 H        0.9944     0.1506     1.1879
    15    1 H        0.9930     0.1634     1.1880
    16    7 N        3.9373    -0.7577     1.3741
    17    1 H        1.0150     0.2976     1.1874
    18    1 H        0.9984     0.2972     1.1878
    19    1 H        1.0006     0.2967     1.1878
--------------------------------------------------
     Σ                          1.0000
--------------------------------------------------

Electrostatic energy:    4.0750146325073E-01 Eh

[Info] JSON dump of results written to 'multicharge.json'
