[Info] Molecular charge read from './.CHRG'
[Info] Molecular spin read from './.UHF'
xTB calculator
 | Coulomb electrostatics
 |  * isotropic Klopman-Ohno electrostatics
 |  * onsite third-order electrostatics
CEH guess
integral cutoff           4.0000000000000E+01 bohr

Atomic charges (in atomic units):
---------------------------------------------------------
     #    Z                 q
---------------------------------------------------------
     1  103 Lr       0.619719
     2   12 Mg      -0.012157
     3   14 Si      -0.605406
     4   51 Sb      -0.162823
     5   34 Se      -0.746058
     6   15 P       -0.404620
     7   16 S       -0.688654
---------------------------------------------------------

Atomic dipole moments (in atomic units):
---------------------------------------------------------
     #    Z                 x            y            z
---------------------------------------------------------
     1  103 Lr       0.195320    -0.081139    -0.396537
     2   12 Mg       0.159121     0.430984     0.680406
     3   14 Si       0.048391     0.003060    -0.143689
     4   51 Sb      -0.029205    -0.056375    -0.014994
     5   34 Se       0.040799    -0.042526    -0.002479
     6   15 P        0.025273     0.020523    -0.032643
     7   16 S       -0.185413     0.056275    -0.043042
---------------------------------------------------------
           total    -0.573336    -1.357011     0.633765
---------------------------------------------------------

[Info] JSON dump of results written to 'tblite.json'
