[Info] Molecular charge read from '.CHRG'

Charge model parameter:
------------------------------------------------------
   Z          chi/Eh     kcn/Eh     eta/Eh     rad/AA
------------------------------------------------------
  92 U        1.0982     0.0042     0.6173     0.6828
   6 C        1.4003     0.0601     0.6166     0.9994
   8 O        1.5687     0.1169     0.6793     0.6518
   7 N        1.5582     0.0928     0.6565     0.6998
   1 H        1.2370     0.0492     1.0964     0.2919
  17 Cl       1.4815     0.1368     0.7586     0.7238
------------------------------------------------------

Electrostatic properties (in atomic units):
--------------------------------------------------
     #    Z              CN          q        chi
--------------------------------------------------
     1   92 U        6.4627     0.7335     1.0876
     2    6 C        4.0557     0.0278     1.2793
     3    6 C        3.2596     0.3164     1.2919
     4    8 O        1.0001    -0.3084     1.4518
     5    8 O        1.9944    -0.3201     1.4036
     6    7 N        3.8989    -0.5641     1.3750
     7    1 H        0.9917     0.1523     1.1880
     8    1 H        0.9915     0.1565     1.1880
     9    1 H        1.0092     0.2690     1.1876
    10    1 H        0.9980     0.2783     1.1878
    11    7 N        2.9624    -0.3023     1.3985
    12    6 C        3.1563     0.0693     1.2936
    13    6 C        3.0103    -0.0455     1.2961
    14    6 C        3.0210    -0.0468     1.2959
    15    6 C        3.0140    -0.0584     1.2960
    16    6 C        3.1446     0.1336     1.2938
    17    6 C        3.1467     0.1360     1.2938
    18    6 C        3.0137    -0.0575     1.2960
    19    6 C        3.0216    -0.0460     1.2959
    20    6 C        3.0102    -0.0455     1.2961
    21    6 C        3.1741     0.0633     1.2933
    22    7 N        2.9660    -0.3106     1.3984
    23    1 H        0.9929     0.1764     1.1880
    24    1 H        0.9931     0.1610     1.1880
    25    1 H        0.9929     0.1611     1.1880
    26    1 H        0.9933     0.1391     1.1880
    27    1 H        0.9932     0.1391     1.1880
    28    1 H        0.9929     0.1608     1.1880
    29    1 H        0.9931     0.1588     1.1880
    30    1 H        0.9928     0.1533     1.1880
    31    7 N        2.0019    -0.2785     1.4269
    32    7 N        2.0839     0.0742     1.4242
    33    7 N        1.0052    -0.1908     1.4652
    34   17 Cl       0.9944    -0.0851     1.3451
--------------------------------------------------
     Σ                          1.0000
--------------------------------------------------

Electrostatic energy:    3.2980529399642E-01 Eh

[Info] JSON dump of results written to 'multicharge.json'
