[Info] Molecular charge read from './.CHRG'
xTB calculator
 | Coulomb electrostatics
 |  * isotropic Klopman-Ohno electrostatics
 |  * onsite third-order electrostatics
CEH guess
integral cutoff           2.3650283084401E+01 bohr

Atomic charges (in atomic units):
---------------------------------------------------------
     #    Z                 q
---------------------------------------------------------
     1   90 Th       0.494184
     2    7 N        0.018030
     3    6 C        0.057247
     4    6 C       -0.024091
     5    6 C        0.026254
     6    6 C       -0.006844
     7    6 C        0.074005
     8    6 C        0.085753
     9    6 C       -0.004603
    10    6 C        0.030333
    11    6 C       -0.025360
    12    6 C        0.035345
    13    7 N       -0.006231
    14    1 H        0.067087
    15    1 H        0.047525
    16    1 H        0.032769
    17    1 H        0.044062
    18    1 H        0.050387
    19    1 H        0.035920
    20    1 H        0.046762
    21    1 H        0.043822
    22    7 N        0.338044
    23    8 O       -0.150969
    24    8 O       -0.203580
    25    8 O       -0.247782
    26    6 C        0.048519
    27    8 O       -0.126494
    28    1 H        0.058156
    29    1 H        0.041259
    30    1 H        0.066266
    31    1 H        0.189512
    32    6 C        0.043607
    33    8 O       -0.188211
    34   15 P        0.421757
    35    8 O       -0.185713
    36    6 C        0.013029
    37    8 O       -0.178171
    38    6 C        0.038777
    39    1 H        0.049880
    40    1 H        0.036932
    41    1 H        0.027509
    42    1 H        0.045837
    43    1 H        0.040580
    44    1 H        0.041768
    45    1 H        0.050400
    46    1 H        0.038153
    47    1 H        0.035308
    48    6 C       -0.101597
    49    8 O        0.101750
    50    6 C       -0.017540
    51    6 C       -0.044655
    52    6 C       -0.024129
    53    6 C       -0.032183
    54    6 C       -0.005559
    55    6 C       -0.037645
    56    6 C        0.168858
    57    8 O       -0.201747
    58    8 O       -0.315055
    59    1 H        0.041665
    60    1 H        0.034446
    61    1 H        0.032242
    62    1 H        0.037069
    63    1 H        0.038920
    64    7 N       -0.088857
    65    1 H        0.117269
    66    1 H        0.093884
    67    1 H        0.114556
    68   16 S       -0.212263
    69    6 C       -0.008308
    70    7 N       -0.157854
---------------------------------------------------------

Atomic dipole moments (in atomic units):
---------------------------------------------------------
     #    Z                 x            y            z
---------------------------------------------------------
     1   90 Th      -0.071974    -0.079916    -0.231183
     2    7 N       -0.218716     0.120374    -0.076080
     3    6 C        0.104830     0.027049    -0.123524
     4    6 C        0.014029     0.008591    -0.019367
     5    6 C        0.007505    -0.003882     0.000063
     6    6 C        0.045517    -0.026454     0.008734
     7    6 C        0.081947    -0.073897     0.075976
     8    6 C        0.097351    -0.061815     0.087540
     9    6 C        0.012626    -0.020950     0.046380
    10    6 C        0.010158    -0.007389     0.007503
    11    6 C       -0.019981    -0.003594     0.017936
    12    6 C       -0.128790    -0.014138     0.091622
    13    7 N       -0.057472     0.119550    -0.226316
    14    1 H        0.023823    -0.071010     0.102358
    15    1 H       -0.091512    -0.019259     0.098427
    16    1 H       -0.118153     0.056969    -0.019364
    17    1 H       -0.022362     0.073205    -0.111155
    18    1 H       -0.122871     0.043240    -0.038789
    19    1 H       -0.016937     0.056941    -0.119188
    20    1 H        0.111360     0.011234    -0.076446
    21    1 H        0.108709    -0.040771     0.044519
    22    7 N       -0.016087    -0.069447    -0.020229
    23    8 O       -0.059475    -0.208957    -0.059888
    24    8 O        0.209666     0.075091    -0.084309
    25    8 O       -0.145637     0.126231     0.141247
    26    6 C       -0.280382    -0.051725    -0.083175
    27    8 O        0.077161    -0.082618    -0.002937
    28    1 H        0.080171    -0.007223    -0.119702
    29    1 H        0.026925    -0.100379     0.093188
    30    1 H        0.014681     0.134203     0.064895
    31    1 H        0.001407    -0.108067    -0.073594
    32    6 C        0.037786    -0.272511    -0.031568
    33    8 O        0.038002     0.080764    -0.005715
    34   15 P       -0.118906     0.037167     0.079290
    35    8 O       -0.044003    -0.044869     0.086746
    36    6 C       -0.011304     0.068742    -0.248782
    37    8 O       -0.094004     0.007818     0.003023
    38    6 C        0.230494     0.130538    -0.026562
    39    1 H       -0.138466     0.035837    -0.001585
    40    1 H        0.070770     0.055750    -0.106188
    41    1 H        0.057350     0.033476     0.120665
    42    1 H        0.089927     0.083984     0.066105
    43    1 H        0.039935    -0.134653    -0.003663
    44    1 H       -0.132642     0.015789     0.044250
    45    1 H        0.020997    -0.133180     0.045531
    46    1 H       -0.054378     0.004827    -0.129214
    47    1 H       -0.068376     0.078667     0.094524
    48    6 C        0.057735    -0.045315     0.206702
    49    8 O        0.009233    -0.007383     0.031892
    50    6 C       -0.011932    -0.010831    -0.009435
    51    6 C        0.001070    -0.017672     0.005836
    52    6 C       -0.007749    -0.032725    -0.003725
    53    6 C       -0.017028    -0.023989    -0.013439
    54    6 C       -0.022953     0.002620    -0.032919
    55    6 C       -0.009845     0.012180    -0.013097
    56    6 C       -0.065856     0.104309    -0.060516
    57    8 O       -0.007004     0.083311    -0.005887
    58    8 O        0.072249    -0.054885     0.068522
    59    1 H        0.075441     0.087351     0.070403
    60    1 H        0.013287     0.123130    -0.044889
    61    1 H       -0.062297     0.041426    -0.114923
    62    1 H       -0.013651    -0.129552     0.037634
    63    1 H        0.059321    -0.040165     0.112139
    64    7 N        0.063448    -0.249377     0.114148
    65    1 H       -0.094140    -0.032145     0.073515
    66    1 H        0.081153     0.010667     0.048160
    67    1 H        0.006774    -0.088609    -0.100561
    68   16 S        0.023473    -0.021131    -0.083029
    69    6 C       -0.019005    -0.058371    -0.088235
    70    7 N        0.075513     0.023870    -0.091094
---------------------------------------------------------
           total    -2.160220    -1.098397    -2.299826
---------------------------------------------------------

[Info] JSON dump of results written to 'tblite.json'
