[Info] Molecular charge read from './.CHRG'
xTB calculator
 | Coulomb electrostatics
 |  * isotropic Klopman-Ohno electrostatics
 |  * onsite third-order electrostatics
CEH guess
integral cutoff           2.2843592577975E+01 bohr

Atomic charges (in atomic units):
---------------------------------------------------------
     #    Z                 q
---------------------------------------------------------
     1   91 Pa       0.389013
     2    6 C        0.080799
     3    6 C       -0.048491
     4    6 C       -0.047651
     5    6 C        0.079833
     6    8 O       -0.118992
     7    1 H        0.056606
     8    1 H        0.076202
     9    1 H        0.039755
    10    1 H        0.094026
    11    1 H        0.084910
    12    1 H        0.052795
    13    1 H        0.036019
    14    1 H        0.069516
    15    7 N       -0.275787
    16    7 N        0.202571
    17    7 N        0.198109
    18    7 N       -0.094234
    19    1 H        0.147102
    20    1 H        0.155755
    21    1 H        0.147575
    22    6 C        0.067993
    23    6 C       -0.009697
    24    6 C        0.092692
    25    7 N       -0.056386
    26    6 C        0.100351
    27    6 C       -0.004682
    28    1 H        0.053334
    29    1 H        0.060630
    30    1 H        0.058409
    31    1 H        0.060450
    32    1 H        0.061062
    33    9 F       -0.039172
    34   15 P        0.518698
    35    9 F       -0.045387
    36    9 F       -0.058749
    37    9 F       -0.220661
    38   16 S        0.243247
    39    6 C        0.171144
    40    7 N       -0.378708
---------------------------------------------------------

Atomic dipole moments (in atomic units):
---------------------------------------------------------
     #    Z                 x            y            z
---------------------------------------------------------
     1   91 Pa      -0.023516    -0.104491     0.191434
     2    6 C        0.095560     0.143253     0.249277
     3    6 C        0.036220    -0.044028     0.118297
     4    6 C       -0.101527    -0.064350     0.066195
     5    6 C       -0.175570    -0.212047    -0.088107
     6    8 O        0.028375     0.060144    -0.084417
     7    1 H        0.078517    -0.098527    -0.036054
     8    1 H       -0.131041    -0.023867    -0.019110
     9    1 H       -0.098221     0.086071     0.013116
    10    1 H        0.034291    -0.034793    -0.124895
    11    1 H        0.015702     0.131158    -0.019190
    12    1 H        0.101903    -0.076453    -0.028092
    13    1 H       -0.068357     0.100594     0.039783
    14    1 H        0.110332    -0.034302     0.073525
    15    7 N        0.117303    -0.427715    -0.187598
    16    7 N       -0.070936     0.202146     0.078453
    17    7 N       -0.099439     0.245441     0.098161
    18    7 N       -0.235426    -0.108653    -0.062826
    19    1 H       -0.010887    -0.110301     0.061950
    20    1 H        0.000623    -0.019959    -0.122594
    21    1 H       -0.092807     0.084143     0.026473
    22    6 C        0.003373     0.007550    -0.018971
    23    6 C        0.026631    -0.005207    -0.018779
    24    6 C        0.176665    -0.056238    -0.086838
    25    7 N       -0.067244    -0.082641     0.205400
    26    6 C       -0.116164     0.125472    -0.107421
    27    6 C       -0.016362     0.021682    -0.023374
    28    1 H       -0.037243    -0.047596     0.122037
    29    1 H       -0.120952     0.041006     0.050666
    30    1 H       -0.077594     0.084532    -0.064969
    31    1 H        0.115684    -0.034769    -0.046597
    32    1 H        0.087087    -0.084053     0.064047
    33    9 F        0.018486     0.013819     0.052276
    34   15 P       -0.002947     0.081224     0.092670
    35    9 F       -0.047914     0.025744     0.007403
    36    9 F        0.021477     0.041431    -0.022285
    37    9 F        0.075111     0.023263     0.048744
    38   16 S       -0.139886     0.250701    -0.181870
    39    6 C        0.109035    -0.193387     0.142767
    40    7 N       -0.072618     0.108990    -0.064261
---------------------------------------------------------
           total    -4.540258    -0.089294    -0.709687
---------------------------------------------------------

[Info] JSON dump of results written to 'tblite.json'
