[Info] Molecular charge read from './.CHRG'
[Info] Molecular spin read from './.UHF'
xTB calculator
 | Coulomb electrostatics
 |  * isotropic Klopman-Ohno electrostatics
 |  * onsite third-order electrostatics
CEH guess
integral cutoff           4.0000000000000E+01 bohr

Atomic charges (in atomic units):
---------------------------------------------------------
     #    Z                 q
---------------------------------------------------------
     1  100 Fm       0.684353
     2    7 N       -0.041668
     3    6 C        0.011027
     4    6 C       -0.006872
     5    6 C        0.030904
     6    6 C        0.009082
     7    6 C        0.061803
     8    6 C        0.057208
     9    6 C        0.000305
    10    6 C        0.026029
    11    6 C       -0.008226
    12    6 C        0.026188
    13    7 N       -0.029843
    14    1 H        0.049923
    15    1 H        0.050948
    16    1 H        0.047804
    17    1 H        0.051591
    18    1 H        0.052128
    19    1 H        0.048504
    20    1 H        0.054350
    21    1 H        0.070390
    22    6 C       -0.094443
    23    6 C        0.128055
    24    7 N       -0.067073
    25    1 H        0.071279
    26    1 H        0.071618
    27    1 H        0.074979
    28    6 C       -0.091045
    29    6 C        0.026165
    30    8 O       -0.227988
    31    1 H        0.058390
    32    1 H        0.036731
    33    1 H        0.026247
    34    1 H        0.061516
    35    1 H        0.040679
    36    1 H        0.128265
    37    6 C       -0.072958
    38    6 C        0.008529
    39    8 O       -0.204341
    40    1 H        0.056135
    41    1 H        0.027586
    42    1 H        0.036599
    43    1 H        0.065388
    44    1 H        0.034187
    45    1 H        0.123655
    46    6 C       -0.011356
    47    6 C       -0.044215
    48    6 C       -0.047949
    49    6 C       -0.000746
    50    8 O       -0.161050
    51    1 H        0.038428
    52    1 H        0.057298
    53    1 H        0.036511
    54    1 H        0.070245
    55    1 H        0.071535
    56    1 H        0.039918
    57    1 H        0.028401
    58    1 H        0.062027
    59   16 S       -0.187557
    60    6 C       -0.049368
    61    7 N       -0.205952
    62    7 N        0.224931
    63    8 O       -0.215978
    64    8 O       -0.267708
    65    8 O       -0.241774
    66    6 C        0.033973
    67    6 C       -0.018410
    68    6 C       -0.000329
    69    7 N       -0.052644
    70    6 C        0.005927
    71    6 C       -0.012356
    72    1 H        0.044164
    73    1 H        0.044220
    74    1 H        0.057639
    75    1 H        0.057810
    76    1 H        0.044960
    77    6 C       -0.013399
    78    8 O       -0.233332
    79    1 H        0.057016
    80    1 H        0.061451
    81    1 H        0.040230
    82    1 H        0.123353
---------------------------------------------------------

Atomic dipole moments (in atomic units):
---------------------------------------------------------
     #    Z                 x            y            z
---------------------------------------------------------
     1  100 Fm       0.227903    -0.287452     0.106509
     2    7 N       -0.026078    -0.019893    -0.234884
     3    6 C        0.137916     0.082895     0.044889
     4    6 C        0.027316     0.009952     0.017194
     5    6 C       -0.003996    -0.000410     0.011320
     6    6 C        0.018354     0.005894     0.063259
     7    6 C       -0.039836    -0.021793     0.149324
     8    6 C       -0.048387     0.003448     0.139017
     9    6 C       -0.052831    -0.013229     0.042078
    10    6 C       -0.006183    -0.003790     0.005475
    11    6 C       -0.028883    -0.011378    -0.008850
    12    6 C       -0.147842    -0.067652    -0.067963
    13    7 N        0.146688     0.028725    -0.175370
    14    1 H       -0.071054    -0.039817     0.103778
    15    1 H       -0.115667    -0.067265    -0.025674
    16    1 H       -0.032451    -0.015133    -0.130485
    17    1 H        0.079717     0.053825    -0.096849
    18    1 H       -0.014196    -0.028634    -0.132304
    19    1 H        0.099825     0.026681    -0.086492
    20    1 H        0.112725     0.054953     0.054052
    21    1 H        0.003068     0.019204     0.131311
    22    6 C       -0.004449     0.004831    -0.012769
    23    6 C        0.056083    -0.061089     0.215449
    24    7 N       -0.008596     0.018675    -0.065057
    25    1 H       -0.027480    -0.146600     0.013044
    26    1 H       -0.082503     0.086010     0.092466
    27    1 H        0.146272     0.031816    -0.002568
    28    6 C        0.050420    -0.077306    -0.028674
    29    6 C       -0.112869    -0.198667     0.104780
    30    8 O        0.089781     0.064157     0.029308
    31    1 H        0.050061     0.121711    -0.049634
    32    1 H        0.002677    -0.002151     0.146941
    33    1 H       -0.127694    -0.026619    -0.059208
    34    1 H        0.117833     0.022610     0.046864
    35    1 H       -0.009235     0.000117    -0.133155
    36    1 H        0.055273    -0.006284     0.053953
    37    6 C        0.064426    -0.087038    -0.030308
    38    6 C       -0.022552    -0.016062    -0.252279
    39    8 O        0.023440     0.120832     0.047622
    40    1 H        0.005961     0.027748     0.137930
    41    1 H       -0.132231    -0.042678    -0.041461
    42    1 H        0.045158     0.115628    -0.075736
    43    1 H       -0.043812    -0.103990     0.077123
    44    1 H        0.114628     0.035519     0.030608
    45    1 H        0.011027     0.104224    -0.048840
    46    6 C       -0.034555     0.223420    -0.100294
    47    6 C        0.086436     0.071993    -0.071345
    48    6 C        0.118755     0.017319     0.056910
    49    6 C        0.151198    -0.172063     0.073937
    50    8 O       -0.118930    -0.047500     0.022645
    51    1 H        0.033565    -0.089225    -0.083724
    52    1 H        0.061669    -0.011113     0.117479
    53    1 H       -0.025906     0.058507     0.113875
    54    1 H       -0.043754    -0.125769    -0.017757
    55    1 H       -0.118648     0.053755     0.030179
    56    1 H        0.008200    -0.065312    -0.114378
    57    1 H       -0.023917     0.080344     0.091974
    58    1 H        0.008559     0.053321    -0.121059
    59   16 S       -0.034521    -0.030418     0.049975
    60    6 C       -0.067616    -0.032008     0.071143
    61    7 N       -0.029914    -0.026980     0.038655
    62    7 N       -0.018693    -0.012325    -0.034503
    63    8 O        0.007145    -0.235557    -0.088074
    64    8 O        0.069957     0.060084     0.228058
    65    8 O       -0.088241     0.187403    -0.131753
    66    6 C       -0.006567     0.003456     0.005789
    67    6 C       -0.026485    -0.006411    -0.009037
    68    6 C       -0.129486    -0.039510    -0.051696
    69    7 N        0.201049    -0.014863    -0.135475
    70    6 C        0.011578     0.055915     0.133288
    71    6 C        0.000294     0.011657     0.026341
    72    1 H        0.109876    -0.013355    -0.076318
    73    1 H        0.115065     0.038630     0.054128
    74    1 H       -0.004131     0.049820     0.121278
    75    1 H       -0.121600    -0.032670    -0.037718
    76    1 H       -0.016975    -0.051838    -0.121481
    77    6 C       -0.071133     0.208298    -0.202610
    78    8 O        0.093135    -0.062142     0.002259
    79    1 H        0.053536    -0.107598    -0.073681
    80    1 H       -0.117104    -0.046585     0.079023
    81    1 H        0.093654     0.059841     0.083370
    82    1 H        0.060333    -0.026192    -0.064804
---------------------------------------------------------
           total     0.281023    -3.250198    -1.265976
---------------------------------------------------------

[Info] JSON dump of results written to 'tblite.json'
