[Info] Molecular spin read from './.UHF'
xTB calculator
 | Coulomb electrostatics
 |  * isotropic Klopman-Ohno electrostatics
 |  * onsite third-order electrostatics
CEH guess
integral cutoff           4.0000000000000E+01 bohr

Atomic charges (in atomic units):
---------------------------------------------------------
     #    Z                 q
---------------------------------------------------------
     1   97 Bk       0.912846
     2    1 H       -0.228657
     3    1 H       -0.228033
     4    1 H       -0.228116
     5    1 H       -0.228041
---------------------------------------------------------

Atomic dipole moments (in atomic units):
---------------------------------------------------------
     #    Z                 x            y            z
---------------------------------------------------------
     1   97 Bk       0.001285     0.001646    -0.000320
     2    1 H        0.096518     0.082591    -0.005669
     3    1 H        0.044066    -0.114932     0.032203
     4    1 H       -0.056971    -0.007069    -0.113554
     5    1 H       -0.084232     0.038766     0.087163
---------------------------------------------------------
           total     0.001768     0.002338    -0.000447
---------------------------------------------------------

[Info] JSON dump of results written to 'tblite.json'
