[Info] Molecular charge read from './.CHRG'
[Info] Molecular spin read from './.UHF'
xTB calculator
 | Coulomb electrostatics
 |  * isotropic Klopman-Ohno electrostatics
 |  * onsite third-order electrostatics
CEH guess
integral cutoff           4.0000000000000E+01 bohr

Atomic charges (in atomic units):
---------------------------------------------------------
     #    Z                 q
---------------------------------------------------------
     1   98 Cf       0.767965
     2    6 C       -0.178949
     3    7 N       -0.191027
     4    6 C        0.041151
     5    6 C        0.039419
     6    7 N        0.038920
     7    6 C        0.031860
     8    6 C        0.043786
     9    7 N       -0.099984
    10    1 H        0.065124
    11    1 H        0.059283
    12    1 H        0.051936
    13    1 H        0.065871
    14    6 C       -0.108567
    15   15 P        0.216807
    16    6 C       -0.116328
    17    6 C       -0.107743
    18    1 H        0.044173
    19    1 H        0.051974
    20    1 H        0.056153
    21    1 H        0.039938
    22    1 H        0.054815
    23    1 H        0.052471
    24    1 H        0.042085
    25    1 H        0.057930
    26    1 H        0.055549
    27   17 Cl      -0.254780
    28    6 C        0.016534
    29    8 O       -0.147713
    30    1 H        0.040021
    31    1 H        0.053501
    32    1 H        0.057887
    33    1 H        0.159938
---------------------------------------------------------

Atomic dipole moments (in atomic units):
---------------------------------------------------------
     #    Z                 x            y            z
---------------------------------------------------------
     1   98 Cf      -0.449137    -0.207282     0.389301
     2    6 C       -0.049578    -0.074064    -0.065806
     3    7 N        0.010393    -0.003558     0.023219
     4    6 C       -0.071079     0.032077     0.132186
     5    6 C        0.036204     0.120658     0.130940
     6    7 N       -0.194507    -0.125986     0.027171
     7    6 C        0.096416    -0.020547    -0.148430
     8    6 C       -0.016299    -0.093788    -0.118350
     9    7 N        0.241522     0.171864    -0.034874
    10    1 H       -0.034273    -0.088405    -0.089554
    11    1 H        0.076790    -0.014968    -0.104599
    12    1 H        0.032719     0.086591     0.091238
    13    1 H       -0.076238     0.010326     0.105819
    14    6 C       -0.014391     0.038980    -0.009105
    15   15 P        0.127015     0.009607     0.038920
    16    6 C       -0.016859    -0.016995     0.035382
    17    6 C       -0.003254    -0.029035    -0.039691
    18    1 H        0.143033     0.037873     0.019710
    19    1 H       -0.020253    -0.093338    -0.120611
    20    1 H       -0.059419    -0.065860     0.128018
    21    1 H        0.140454     0.015374     0.044719
    22    1 H       -0.068254     0.136121    -0.034901
    23    1 H       -0.014863    -0.095909    -0.119646
    24    1 H        0.146532     0.011091     0.013606
    25    1 H       -0.057792    -0.060709     0.131665
    26    1 H       -0.058800     0.140155    -0.031684
    27   17 Cl      -0.031621     0.047702     0.043801
    28    6 C        0.191969    -0.190578     0.007561
    29    8 O        0.015621     0.099607     0.051730
    30    1 H        0.066597     0.109905    -0.055622
    31    1 H       -0.048801     0.012688     0.133401
    32    1 H       -0.111899    -0.038200    -0.092362
    33    1 H        0.085680     0.035792     0.081110
---------------------------------------------------------
           total    -0.935250    -1.733463     2.246377
---------------------------------------------------------

[Info] JSON dump of results written to 'tblite.json'
