Charge model parameter:
------------------------------------------------------
   Z          chi/Eh     kcn/Eh     eta/Eh     rad/AA
------------------------------------------------------
  99 Es       1.0593     0.0030     0.5898     0.7145
  16 S        1.4077     0.0713     0.5171     1.1581
------------------------------------------------------

Electrostatic properties (in atomic units):
--------------------------------------------------
     #    Z              CN          q        chi
--------------------------------------------------
     1   99 Es       2.9792     0.6609     1.0542
     2   16 S        0.9946    -0.2202     1.3366
     3   16 S        0.9946    -0.2204     1.3366
     4   16 S        0.9946    -0.2204     1.3366
--------------------------------------------------
     Σ                          0.0000
--------------------------------------------------

Electrostatic energy:   -9.3339206944962E-02 Eh

[Info] JSON dump of results written to 'multicharge.json'
