[Info] Molecular charge read from './.CHRG'
[Info] Molecular spin read from './.UHF'
xTB calculator
 | Coulomb electrostatics
 |  * isotropic Klopman-Ohno electrostatics
 |  * onsite third-order electrostatics
CEH guess
integral cutoff           4.0000000000000E+01 bohr

Atomic charges (in atomic units):
---------------------------------------------------------
     #    Z                 q
---------------------------------------------------------
     1   94 Pu       1.115524
     2    6 C       -0.039092
     3    6 C        0.279131
     4    8 O       -0.056317
     5    8 O       -0.320543
     6    7 N       -0.044506
     7    1 H        0.069451
     8    1 H        0.092478
     9    1 H        0.128489
    10    1 H        0.134568
    11   17 Cl      -0.026721
    12    6 C        0.027982
    13    6 C       -0.011200
    14    6 C        0.054766
    15    7 N       -0.033912
    16    6 C        0.062583
    17    6 C       -0.011620
    18    1 H        0.057779
    19    1 H        0.064348
    20    1 H        0.054378
    21    1 H        0.060274
    22    1 H        0.066020
    23    8 O       -0.179729
    24    1 H        0.227244
    25    1 H        0.228625
---------------------------------------------------------

Atomic dipole moments (in atomic units):
---------------------------------------------------------
     #    Z                 x            y            z
---------------------------------------------------------
     1   94 Pu       0.043516     0.200319    -0.710987
     2    6 C       -0.046525     0.206873     0.055136
     3    6 C       -0.102406     0.170874     0.092234
     4    8 O        0.008856     0.019472     0.025108
     5    8 O        0.067306    -0.063807    -0.022679
     6    7 N        0.207030    -0.124774    -0.015551
     7    1 H        0.114033    -0.008578    -0.063495
     8    1 H       -0.023080    -0.076754     0.110065
     9    1 H        0.066170     0.060513    -0.073019
    10    1 H        0.026359    -0.004407     0.110431
    11   17 Cl       0.000349     0.001025    -0.016793
    12    6 C       -0.002806    -0.023291     0.002293
    13    6 C        0.002680    -0.014511     0.025709
    14    6 C        0.027938    -0.079272     0.190834
    15    7 N        0.015898     0.189473    -0.035381
    16    6 C       -0.041089    -0.130783    -0.156416
    17    6 C       -0.005948    -0.022622    -0.022726
    18    1 H        0.008587     0.133974    -0.023631
    19    1 H       -0.019930     0.043602    -0.129792
    20    1 H       -0.029843    -0.085471    -0.110600
    21    1 H        0.016081    -0.054064     0.132445
    22    1 H        0.027828     0.082692     0.106857
    23    8 O       -0.080826    -0.032747     0.008526
    24    1 H       -0.095306     0.040673     0.089802
    25    1 H       -0.073751    -0.078717    -0.087209
---------------------------------------------------------
           total     2.792885     2.758575    -0.104262
---------------------------------------------------------

[Info] JSON dump of results written to 'tblite.json'
