xTB calculator
 | Coulomb electrostatics
 |  * isotropic Klopman-Ohno electrostatics
 |  * onsite third-order electrostatics
CEH guess
integral cutoff           4.0000000000000E+01 bohr

Atomic charges (in atomic units):
---------------------------------------------------------
     #    Z                 q
---------------------------------------------------------
     1  102 No       0.552150
     2    7 N       -0.160378
     3    6 C        0.007171
     4    6 C        0.005866
     5    7 N       -0.153785
     6    1 H        0.095380
     7    1 H        0.102501
     8    1 H        0.069970
     9    1 H        0.055597
    10    1 H        0.056075
    11    1 H        0.067401
    12    1 H        0.093416
    13    1 H        0.103700
    14    6 C        0.011735
    15    8 O       -0.188519
    16    1 H        0.036583
    17    1 H        0.042679
    18    1 H        0.068120
    19    1 H        0.135821
    20    6 C       -0.011607
    21    6 C       -0.038344
    22    6 C       -0.014339
    23    6 C       -0.043601
    24    6 C       -0.018272
    25    6 C       -0.040446
    26    6 C        0.104231
    27    8 O       -0.304516
    28    8 O       -0.325798
    29    1 H        0.037206
    30    1 H        0.030131
    31    1 H        0.028348
    32    1 H        0.025935
    33    1 H        0.028753
    34   53 I       -0.459163
---------------------------------------------------------

Atomic dipole moments (in atomic units):
---------------------------------------------------------
     #    Z                 x            y            z
---------------------------------------------------------
     1  102 No      -0.080840     0.235335     0.758969
     2    7 N        0.342143    -0.093007     0.092915
     3    6 C       -0.089814     0.096929    -0.162113
     4    6 C       -0.165685     0.127134     0.003872
     5    7 N        0.118058    -0.317501     0.148378
     6    1 H        0.028422    -0.025992    -0.088370
     7    1 H        0.015661     0.079950     0.048904
     8    1 H       -0.056454     0.032056     0.100525
     9    1 H        0.118128    -0.020686     0.003752
    10    1 H        0.013691    -0.090699     0.078052
    11    1 H        0.035388    -0.016562    -0.114624
    12    1 H       -0.035594     0.009986     0.085319
    13    1 H       -0.029643    -0.054953    -0.074255
    14    6 C        0.130740    -0.239380     0.056122
    15    8 O       -0.074317     0.053144     0.092145
    16    1 H        0.057119     0.099963     0.069237
    17    1 H       -0.126669    -0.015435     0.037916
    18    1 H        0.002253     0.037846    -0.139980
    19    1 H       -0.016543    -0.015057     0.096118
    20    6 C        0.006136     0.000260    -0.013674
    21    6 C       -0.013032    -0.006446    -0.009086
    22    6 C       -0.001659    -0.005913    -0.031912
    23    6 C        0.014836    -0.000232    -0.026571
    24    6 C        0.023654     0.005807    -0.018692
    25    6 C        0.015239     0.006362     0.004567
    26    6 C       -0.029185    -0.005590    -0.002174
    27    8 O        0.056563     0.032399     0.081225
    28    8 O       -0.104118    -0.038710    -0.008704
    29    1 H       -0.061467    -0.005083     0.120756
    30    1 H        0.065123     0.041047     0.106699
    31    1 H        0.125209     0.045537    -0.016047
    32    1 H       -0.059502    -0.039227    -0.113658
    33    1 H       -0.122782    -0.045211     0.007176
    34   53 I       -0.016195     0.030394     0.093982
---------------------------------------------------------
           total     1.519226    -0.005333     2.777899
---------------------------------------------------------

[Info] JSON dump of results written to 'tblite.json'
