[Info] Molecular spin read from './.UHF'
xTB calculator
 | Coulomb electrostatics
 |  * isotropic Klopman-Ohno electrostatics
 |  * onsite third-order electrostatics
CEH guess
integral cutoff           2.8984055884551E+01 bohr

Atomic charges (in atomic units):
---------------------------------------------------------
     #    Z                 q
---------------------------------------------------------
     1   92 U        1.104243
     2    6 C       -0.040872
     3    6 C       -0.047784
     4    6 C       -0.013125
     5    6 C       -0.024707
     6    6 C       -0.013050
     7    6 C       -0.047539
     8    6 C        0.217966
     9    8 O       -0.221964
    10    8 O       -0.224129
    11    1 H        0.031494
    12    1 H        0.026885
    13    1 H        0.032113
    14    1 H        0.032827
    15    1 H        0.026994
    16    8 O       -0.398675
    17   16 S        0.458181
    18    8 O       -0.408354
    19    8 O       -0.403558
    20    7 N       -0.052982
    21    1 H        0.109926
    22    1 H        0.110110
    23    1 H        0.112057
    24    7 N       -0.029282
    25    8 O       -0.174358
    26    8 O       -0.162415
---------------------------------------------------------

Atomic dipole moments (in atomic units):
---------------------------------------------------------
     #    Z                 x            y            z
---------------------------------------------------------
     1   92 U        0.206170     0.061754     0.190519
     2    6 C        0.007510    -0.016841     0.000041
     3    6 C       -0.012792     0.005312     0.016202
     4    6 C        0.001553    -0.028006     0.019035
     5    6 C        0.003168    -0.002119    -0.000075
     6    6 C        0.020926    -0.019337    -0.016590
     7    6 C        0.004791     0.011828    -0.017322
     8    6 C        0.015717    -0.061602     0.006796
     9    8 O        0.028469     0.050741    -0.081933
    10    8 O       -0.056241     0.026865     0.079325
    11    1 H       -0.055589     0.122001    -0.004419
    12    1 H        0.029213     0.079522    -0.100158
    13    1 H        0.084808    -0.045068    -0.096204
    14    1 H       -0.025752    -0.087872     0.100781
    15    1 H       -0.082029     0.036184     0.095775
    16    8 O       -0.016886    -0.112959     0.011157
    17   16 S        0.004360     0.013168     0.012752
    18    8 O        0.080262     0.029159    -0.079309
    19    8 O        0.011270     0.057098     0.103093
    20    7 N       -0.063188    -0.301831    -0.005069
    21    1 H        0.100752    -0.037742    -0.069304
    22    1 H       -0.124995    -0.012044    -0.054340
    23    1 H        0.015939    -0.028768     0.125178
    24    7 N        0.284979     0.025876     0.388225
    25    8 O        0.081017    -0.038766    -0.187998
    26    8 O       -0.204562     0.028619     0.019263
---------------------------------------------------------
           total    -0.570179    -1.746320     0.918563
---------------------------------------------------------

[Info] JSON dump of results written to 'tblite.json'
