Charge model parameter:
------------------------------------------------------
   Z          chi/Eh     kcn/Eh     eta/Eh     rad/AA
------------------------------------------------------
 100 Fm       1.0767     0.0040     0.5988     0.7039
   1 H        1.2370     0.0492     1.0964     0.2919
------------------------------------------------------

Electrostatic properties (in atomic units):
--------------------------------------------------
     #    Z              CN          q        chi
--------------------------------------------------
     1  100 Fm       5.7247     0.3055     1.0671
     2    1 H        0.9717    -0.0509     1.1885
     3    1 H        0.9717    -0.0509     1.1885
     4    1 H        0.9715    -0.0509     1.1885
     5    1 H        0.9715    -0.0509     1.1885
     6    1 H        0.9716    -0.0509     1.1885
     7    1 H        0.9716    -0.0509     1.1885
--------------------------------------------------
     Σ                          0.0000
--------------------------------------------------

Electrostatic energy:   -1.8537234689624E-02 Eh

[Info] JSON dump of results written to 'multicharge.json'
