Charge model parameter:
------------------------------------------------------
   Z          chi/Eh     kcn/Eh     eta/Eh     rad/AA
------------------------------------------------------
  94 Pu       1.0104     0.0049     0.6346     0.6641
  35 Br       1.3980     0.0801     0.3934     1.5631
   6 C        1.4003     0.0601     0.6166     0.9994
  15 P        1.5267     0.1425     0.7308     0.7313
   8 O        1.5687     0.1169     0.6793     0.6518
   1 H        1.2370     0.0492     1.0964     0.2919
   7 N        1.5582     0.0928     0.6565     0.6998
------------------------------------------------------

Electrostatic properties (in atomic units):
--------------------------------------------------
     #    Z              CN          q        chi
--------------------------------------------------
     1   94 Pu       7.4272     0.9730     0.9971
     2   35 Br       0.9949    -0.1371     1.3182
     3    6 C        3.9577    -0.2225     1.2808
     4   15 P        4.4317     0.2190     1.2267
     5    8 O        1.9911    -0.3745     1.4037
     6    6 C        3.9575    -0.2181     1.2808
     7    6 C        3.9577    -0.2216     1.2808
     8    1 H        0.9933     0.1089     1.1880
     9    1 H        0.9946     0.1309     1.1879
    10    1 H        0.9944     0.1298     1.1879
    11    1 H        0.9936     0.1104     1.1879
    12    1 H        0.9951     0.1458     1.1879
    13    1 H        0.9940     0.1349     1.1879
    14    1 H        0.9934     0.1108     1.1880
    15    1 H        0.9945     0.1280     1.1879
    16    1 H        0.9954     0.1443     1.1879
    17    6 C        1.1894     0.0756     1.3348
    18    7 N        1.9925    -0.3570     1.4272
    19    7 N        2.6186    -0.0554     1.4080
    20    8 O        1.9606    -0.2022     1.4050
    21    8 O        1.9458    -0.2371     1.4056
    22    7 N        2.0022    -0.3212     1.4269
    23    7 N        2.1032     0.0717     1.4236
    24    7 N        1.0055    -0.2629     1.4651
    25    7 N        3.9401    -0.7462     1.3740
    26    1 H        1.0155     0.2970     1.1874
    27    1 H        1.0141     0.2914     1.1874
    28    1 H        1.0049     0.2842     1.1877
--------------------------------------------------
     Σ                          0.0000
--------------------------------------------------

Electrostatic energy:   -3.9565705416234E-01 Eh

[Info] JSON dump of results written to 'multicharge.json'
