Charge model parameter:
------------------------------------------------------
   Z          chi/Eh     kcn/Eh     eta/Eh     rad/AA
------------------------------------------------------
  94 Pu       1.0104     0.0049     0.6346     0.6641
  49 In       1.1101    -0.0151     0.4977     0.8144
  34 Se       1.3649     0.0656     0.4617     1.1999
  17 Cl       1.4815     0.1368     0.7586     0.7238
------------------------------------------------------

Electrostatic properties (in atomic units):
--------------------------------------------------
     #    Z              CN          q        chi
--------------------------------------------------
     1   94 Pu       2.9273     0.4730     1.0020
     2   49 In       1.8457     0.2046     1.1305
     3   34 Se       1.8814    -0.3767     1.2748
     4   17 Cl       1.0214    -0.3009     1.3433
--------------------------------------------------
     Σ                          0.0000
--------------------------------------------------

Electrostatic energy:   -8.9583503576097E-02 Eh

[Info] JSON dump of results written to 'multicharge.json'
