Charge model parameter:
------------------------------------------------------
   Z          chi/Eh     kcn/Eh     eta/Eh     rad/AA
------------------------------------------------------
 101 Md       1.1131     0.0055     0.6097     0.6919
   3 Li       0.5434    -0.1235     0.9742     0.4791
   1 H        1.2370     0.0492     1.0964     0.2919
------------------------------------------------------

Electrostatic properties (in atomic units):
--------------------------------------------------
     #    Z              CN          q        chi
--------------------------------------------------
     1  101 Md       2.5303    -0.0582     1.1044
     2    3 Li       2.4012     0.4334     0.7348
     3    1 H        0.8727    -0.0695     1.1910
     4    1 H        1.7509    -0.1173     1.1719
     5    1 H        1.7471    -0.1171     1.1720
     6    1 H        0.8727    -0.0714     1.1910
--------------------------------------------------
     Σ                         -0.0000
--------------------------------------------------

Electrostatic energy:   -9.4112440693803E-02 Eh

[Info] JSON dump of results written to 'multicharge.json'
