[Info] Molecular charge read from './.CHRG'
[Info] Molecular spin read from './.UHF'
xTB calculator
 | Coulomb electrostatics
 |  * isotropic Klopman-Ohno electrostatics
 |  * onsite third-order electrostatics
CEH guess
integral cutoff           3.7432403240289E+01 bohr

Atomic charges (in atomic units):
---------------------------------------------------------
     #    Z                 q
---------------------------------------------------------
     1   93 Np       0.868783
     2    6 C       -0.078638
     3    6 C        0.168502
     4    6 C       -0.165695
     5    6 C        0.168513
     6    8 O       -0.259257
     7    6 C       -0.078592
     8    8 O       -0.259485
     9    1 H        0.056503
    10    1 H        0.054550
    11    1 H        0.053529
    12    1 H        0.059936
    13    1 H        0.056513
    14    1 H        0.053253
    15    1 H        0.054982
    16    7 N       -0.044908
    17    6 C        0.070873
    18    6 C       -0.008986
    19    6 C        0.027094
    20    6 C        0.005697
    21    6 C        0.102123
    22    6 C        0.102016
    23    6 C        0.005519
    24    6 C        0.027025
    25    6 C       -0.009032
    26    6 C        0.070704
    27    7 N       -0.044353
    28    1 H        0.045066
    29    1 H        0.052633
    30    1 H        0.042166
    31    1 H        0.053217
    32    1 H        0.053206
    33    1 H        0.042101
    34    1 H        0.052640
    35    1 H        0.045083
    36    6 C       -0.051539
    37    7 N       -0.316757
    38   16 S        0.121520
    39    6 C        0.163179
    40    7 N       -0.359682
---------------------------------------------------------

Atomic dipole moments (in atomic units):
---------------------------------------------------------
     #    Z                 x            y            z
---------------------------------------------------------
     1   93 Np       0.005289     0.272362    -0.213733
     2    6 C       -0.061681     0.045138     0.011259
     3    6 C       -0.057230     0.034522    -0.194786
     4    6 C       -0.016869     0.010671    -0.025795
     5    6 C       -0.139816     0.098615    -0.114298
     6    8 O        0.047521    -0.035224     0.065649
     7    6 C        0.023747    -0.019356    -0.070893
     8    8 O        0.038854    -0.028142     0.073891
     9    1 H        0.049828    -0.032685     0.135407
    10    1 H        0.089289     0.079539    -0.078012
    11    1 H       -0.049435    -0.112028    -0.073403
    12    1 H        0.068825    -0.046581     0.107891
    13    1 H        0.092678    -0.068717     0.092676
    14    1 H       -0.135202    -0.045545     0.007091
    15    1 H        0.008513     0.142410     0.003143
    16    7 N       -0.149584     0.136970    -0.094175
    17    6 C        0.108807    -0.088634    -0.131839
    18    6 C        0.016977    -0.013931    -0.014284
    19    6 C        0.009485    -0.009329     0.008958
    20    6 C        0.036113    -0.034125     0.021798
    21    6 C        0.064118    -0.066756     0.147080
    22    6 C        0.087560    -0.079218     0.127368
    23    6 C        0.005859    -0.005784     0.053589
    24    6 C        0.003554    -0.003967     0.015150
    25    6 C       -0.014822     0.012603     0.017447
    26    6 C       -0.126647     0.103646     0.100794
    27    7 N       -0.023889     0.030485    -0.220032
    28    1 H        0.018474    -0.025160     0.131868
    29    1 H       -0.077494     0.062943     0.094739
    30    1 H       -0.092545     0.086401    -0.044984
    31    1 H       -0.014940     0.023942    -0.134259
    32    1 H       -0.092531     0.080816    -0.061053
    33    1 H       -0.005677     0.009865    -0.133851
    34    1 H        0.090777    -0.074658    -0.071621
    35    1 H        0.090046    -0.078586     0.063813
    36    6 C       -0.061421    -0.122185     0.031302
    37    7 N       -0.004004    -0.055746     0.037912
    38   16 S       -0.180744    -0.223549    -0.018224
    39    6 C        0.132339     0.163999     0.013434
    40    7 N       -0.076456    -0.095737    -0.003524
---------------------------------------------------------
           total    -2.958162    -0.626462    -3.021272
---------------------------------------------------------

[Info] JSON dump of results written to 'tblite.json'
