Charge model parameter:
------------------------------------------------------
   Z          chi/Eh     kcn/Eh     eta/Eh     rad/AA
------------------------------------------------------
  98 Cf       1.0089     0.0039     0.6196     0.6803
   6 C        1.4003     0.0601     0.6166     0.9994
   8 O        1.5687     0.1169     0.6793     0.6518
   1 H        1.2370     0.0492     1.0964     0.2919
   7 N        1.5582     0.0928     0.6565     0.6998
  15 P        1.5267     0.1425     0.7308     0.7313
------------------------------------------------------

Electrostatic properties (in atomic units):
--------------------------------------------------
     #    Z              CN          q        chi
--------------------------------------------------
     1   98 Cf       6.0465     0.9052     0.9993
     2    6 C        4.0763    -0.0906     1.2790
     3    8 O        1.9891    -0.4572     1.4038
     4    1 H        0.9898     0.0954     1.1880
     5    1 H        0.9901     0.1008     1.1880
     6    1 H        0.9898     0.0951     1.1880
     7    7 N        1.9920    -0.3836     1.4272
     8    7 N        2.0521     0.0217     1.4253
     9    7 N        1.0050    -0.3315     1.4652
    10    6 C        4.0784    -0.0635     1.2790
    11    6 C        3.9824    -0.1479     1.2804
    12    6 C        3.9874    -0.1462     1.2804
    13    6 C        4.0587    -0.0407     1.2793
    14    8 O        2.9138    -0.2891     1.3691
    15    1 H        0.9910     0.1033     1.1880
    16    1 H        0.9920     0.1135     1.1880
    17    1 H        0.9913     0.1107     1.1880
    18    1 H        0.9919     0.0939     1.1880
    19    1 H        0.9919     0.1015     1.1880
    20    1 H        0.9915     0.1053     1.1880
    21    1 H        0.9913     0.1323     1.1880
    22    1 H        0.9918     0.1366     1.1880
    23    6 C        4.1649    -0.0892     1.2777
    24    8 O        1.9896    -0.3203     1.4038
    25   15 P        4.6209     0.3215     1.2204
    26    8 O        1.9893    -0.3141     1.4038
    27    6 C        4.1834    -0.0738     1.2775
    28    8 O        1.9894    -0.3272     1.4038
    29    6 C        4.2063    -0.0894     1.2771
    30    1 H        0.9920     0.1080     1.1880
    31    1 H        0.9910     0.1143     1.1880
    32    1 H        0.9913     0.1222     1.1880
    33    1 H        0.9920     0.1157     1.1880
    34    1 H        0.9911     0.1336     1.1880
    35    1 H        0.9916     0.1263     1.1880
    36    1 H        0.9921     0.1102     1.1880
    37    1 H        0.9911     0.1101     1.1880
    38    1 H        0.9915     0.1128     1.1880
    39    6 C        4.0196    -0.0768     1.2799
    40    8 O        1.9923    -0.4539     1.4037
    41    1 H        0.9900     0.0957     1.1880
    42    1 H        0.9903     0.1129     1.1880
    43    1 H        0.9903     0.1014     1.1880
    44    6 C        3.0758     0.0543     1.2950
    45    6 C        3.0900     0.0336     1.2947
    46    7 N        2.8898    -0.3600     1.4004
    47    6 C        3.1042     0.0139     1.2945
    48    6 C        3.0758     0.0431     1.2950
    49    7 N        2.0144    -0.3793     1.4265
    50    1 H        0.9925     0.1193     1.1880
    51    1 H        0.9925     0.1366     1.1880
    52    1 H        0.9923     0.1216     1.1880
    53    1 H        0.9925     0.1116     1.1880
--------------------------------------------------
     Σ                         -0.0000
--------------------------------------------------

Electrostatic energy:   -5.1062277640914E-01 Eh

[Info] JSON dump of results written to 'multicharge.json'
