[Info] Molecular charge read from '.CHRG'

Charge model parameter:
------------------------------------------------------
   Z          chi/Eh     kcn/Eh     eta/Eh     rad/AA
------------------------------------------------------
  99 Es       1.0593     0.0030     0.5898     0.7145
   6 C        1.4003     0.0601     0.6166     0.9994
   7 N        1.5582     0.0928     0.6565     0.6998
   1 H        1.2370     0.0492     1.0964     0.2919
   8 O        1.5687     0.1169     0.6793     0.6518
  16 S        1.4077     0.0713     0.5171     1.1581
------------------------------------------------------

Electrostatic properties (in atomic units):
--------------------------------------------------
     #    Z              CN          q        chi
--------------------------------------------------
     1   99 Es       7.8698     0.8812     1.0510
     2    6 C        3.0780     0.0302     1.2949
     3    6 C        3.1281     0.0259     1.2941
     4    7 N        2.9370    -0.3334     1.3992
     5    6 C        3.1055     0.0199     1.2945
     6    6 C        3.0777     0.0297     1.2949
     7    7 N        2.0137    -0.4140     1.4265
     8    1 H        0.9924     0.0913     1.1880
     9    1 H        0.9922     0.1295     1.1880
    10    1 H        0.9924     0.1133     1.1880
    11    1 H        0.9924     0.0906     1.1880
    12    8 O        1.9718    -0.4175     1.4045
    13   16 S        3.7914     0.3997     1.2689
    14    8 O        1.9563    -0.4135     1.4052
    15    8 O        0.9991    -0.4522     1.4518
    16    8 O        2.7974    -0.5780     1.3731
    17    1 H        1.2260     0.2697     1.1825
    18    1 H        1.1270     0.2697     1.1848
    19    8 O        1.9730    -0.3854     1.4045
    20   16 S        3.8201     0.3988     1.2684
    21    8 O        1.9660    -0.4258     1.4048
    22    8 O        0.9991    -0.4599     1.4518
    23    6 C        4.0285    -0.1313     1.2798
    24    8 O        2.8722    -0.4145     1.3706
    25    1 H        0.9909     0.0831     1.1880
    26    1 H        0.9912     0.0970     1.1880
    27    1 H        0.9918     0.1198     1.1880
    28    1 H        1.1888     0.2605     1.1833
    29    6 C        4.0806    -0.0603     1.2790
    30    6 C        3.9697    -0.1514     1.2806
    31    6 C        3.9700    -0.1561     1.2806
    32    6 C        4.1252    -0.0592     1.2783
    33    8 O        2.8803    -0.2895     1.3703
    34    1 H        0.9905     0.0809     1.1880
    35    1 H        0.9916     0.1468     1.1880
    36    1 H        0.9920     0.1186     1.1880
    37    1 H        0.9916     0.0729     1.1880
    38    1 H        0.9915     0.1049     1.1880
    39    1 H        0.9917     0.0742     1.1880
    40    1 H        0.9918     0.1463     1.1880
    41    1 H        0.9905     0.0874     1.1880
--------------------------------------------------
     Σ                         -1.0000
--------------------------------------------------

Electrostatic energy:   -1.1445946460136E+00 Eh

[Info] JSON dump of results written to 'multicharge.json'
