[Info] Molecular charge read from '.CHRG'

Charge model parameter:
------------------------------------------------------
   Z          chi/Eh     kcn/Eh     eta/Eh     rad/AA
------------------------------------------------------
  97 Bk       1.1683     0.0046     0.5532     0.7618
   6 C        1.4003     0.0601     0.6166     0.9994
   8 O        1.5687     0.1169     0.6793     0.6518
   1 H        1.2370     0.0492     1.0964     0.2919
   7 N        1.5582     0.0928     0.6565     0.6998
  15 P        1.5267     0.1425     0.7308     0.7313
  16 S        1.4077     0.0713     0.5171     1.1581
------------------------------------------------------

Electrostatic properties (in atomic units):
--------------------------------------------------
     #    Z              CN          q        chi
--------------------------------------------------
     1   97 Bk       4.5115     0.6839     1.1585
     2    6 C        4.0193    -0.0708     1.2799
     3    8 O        2.9222    -0.3855     1.3688
     4    1 H        0.9919     0.1568     1.1880
     5    1 H        0.9923     0.1591     1.1880
     6    1 H        0.9919     0.1523     1.1880
     7    1 H        0.9955     0.2692     1.1879
     8    7 N        2.0022    -0.2602     1.4269
     9    7 N        2.0897     0.0810     1.4241
    10    7 N        1.0054    -0.1763     1.4651
    11    6 C        3.9572    -0.1972     1.2808
    12   15 P        4.2871     0.2034     1.2317
    13    8 O        1.9900    -0.3444     1.4038
    14    6 C        3.9577    -0.1931     1.2808
    15    6 C        3.9577    -0.1980     1.2808
    16    1 H        0.9932     0.1460     1.1880
    17    1 H        0.9941     0.1535     1.1879
    18    1 H        0.9938     0.1373     1.1879
    19    1 H        0.9935     0.1378     1.1879
    20    1 H        0.9943     0.1547     1.1879
    21    1 H        0.9943     0.1515     1.1879
    22    1 H        0.9936     0.1366     1.1879
    23    1 H        0.9942     0.1490     1.1879
    24    1 H        0.9943     0.1463     1.1879
    25   16 S        1.0135    -0.0027     1.3359
    26    6 C        2.1444     0.1855     1.3123
    27    7 N        2.0093    -0.3757     1.4267
--------------------------------------------------
     Σ                          1.0000
--------------------------------------------------

Electrostatic energy:    4.0627599648337E-01 Eh

[Info] JSON dump of results written to 'multicharge.json'
