[Info] Molecular charge read from '.CHRG'

Charge model parameter:
------------------------------------------------------
   Z          chi/Eh     kcn/Eh     eta/Eh     rad/AA
------------------------------------------------------
  91 Pa       1.0721     0.0037     0.5511     0.7643
   7 N        1.5582     0.0928     0.6565     0.6998
   8 O        1.5687     0.1169     0.6793     0.6518
   6 C        1.4003     0.0601     0.6166     0.9994
   1 H        1.2370     0.0492     1.0964     0.2919
  16 S        1.4077     0.0713     0.5171     1.1581
  53 I        1.4034     0.0897     0.3054     2.0116
------------------------------------------------------

Electrostatic properties (in atomic units):
--------------------------------------------------
     #    Z              CN          q        chi
--------------------------------------------------
     1   91 Pa       6.2920     0.9372     1.0628
     2    7 N        2.7481     0.0809     1.4044
     3    8 O        1.9924    -0.1785     1.4037
     4    8 O        1.9705    -0.1118     1.4046
     5    6 C        3.0232     0.0070     1.2959
     6    6 C        3.0076     0.0022     1.2961
     7    6 C        3.1369     0.1009     1.2939
     8    7 N        2.9972    -0.3706     1.3975
     9    6 C        3.5109     0.0959     1.2878
    10    6 C        3.0061    -0.0022     1.2962
    11    1 H        0.9927     0.2116     1.1880
    12    1 H        0.9929     0.2044     1.1880
    13    1 H        0.9927     0.1873     1.1880
    14    1 H        1.0241     0.1637     1.1872
    15    1 H        0.9929     0.2044     1.1880
    16   16 S        1.0150     0.2309     1.3359
    17    6 C        2.1788     0.2702     1.3116
    18    7 N        2.0129    -0.4057     1.4265
    19   53 I        0.9969     0.3721     1.3139
--------------------------------------------------
     Σ                          2.0000
--------------------------------------------------

Electrostatic energy:    1.0871439196199E+00 Eh

[Info] JSON dump of results written to 'multicharge.json'
