Charge model parameter:
------------------------------------------------------
   Z          chi/Eh     kcn/Eh     eta/Eh     rad/AA
------------------------------------------------------
 100 Fm       1.0767     0.0040     0.5988     0.7039
   6 C        1.4003     0.0601     0.6166     0.9994
   8 O        1.5687     0.1169     0.6793     0.6518
   7 N        1.5582     0.0928     0.6565     0.6998
   1 H        1.2370     0.0492     1.0964     0.2919
   9 F        1.5754     0.1570     0.7723     0.9393
------------------------------------------------------

Electrostatic properties (in atomic units):
--------------------------------------------------
     #    Z              CN          q        chi
--------------------------------------------------
     1  100 Fm       7.2845     0.8613     1.0659
     2    6 C        1.7580     0.1894     1.3207
     3    8 O        0.9994    -0.2423     1.4518
     4    7 N        3.9343    -0.7384     1.3741
     5    1 H        1.0036     0.3047     1.1877
     6    1 H        1.0006     0.3075     1.1878
     7    1 H        1.0084     0.3003     1.1876
     8    7 N        3.6972     0.1836     1.3798
     9    8 O        1.9659    -0.2170     1.4048
    10    8 O        1.9629    -0.1926     1.4049
    11    8 O        1.0016    -0.1840     1.4517
    12    7 N        2.6499    -0.0086     1.4071
    13    8 O        1.9620    -0.1801     1.4049
    14    8 O        1.9568    -0.1507     1.4051
    15    9 F        0.9986    -0.2332     1.4185
--------------------------------------------------
     Σ                         -0.0000
--------------------------------------------------

Electrostatic energy:   -2.5559607085311E-01 Eh

[Info] JSON dump of results written to 'multicharge.json'
