[Info] Molecular charge read from '.CHRG'

Charge model parameter:
------------------------------------------------------
   Z          chi/Eh     kcn/Eh     eta/Eh     rad/AA
------------------------------------------------------
  97 Bk       1.1683     0.0046     0.5532     0.7618
   7 N        1.5582     0.0928     0.6565     0.6998
   8 O        1.5687     0.1169     0.6793     0.6518
  53 I        1.4034     0.0897     0.3054     2.0116
   9 F        1.5754     0.1570     0.7723     0.9393
  15 P        1.5267     0.1425     0.7308     0.7313
   6 C        1.4003     0.0601     0.6166     0.9994
   1 H        1.2370     0.0492     1.0964     0.2919
------------------------------------------------------

Electrostatic properties (in atomic units):
--------------------------------------------------
     #    Z              CN          q        chi
--------------------------------------------------
     1   97 Bk       7.6777     0.6451     1.1555
     2    7 N        3.6685     0.1643     1.3805
     3    8 O        1.0017    -0.2421     1.4517
     4    8 O        1.9605    -0.1803     1.4050
     5    8 O        1.9492    -0.2380     1.4055
     6   53 I        1.0508    -0.0353     1.3115
     7    9 F        0.9991    -0.1421     1.4184
     8   15 P        3.5510     0.2301     1.2582
     9    9 F        1.7596    -0.1202     1.3671
    10    9 F        1.8018    -0.1053     1.3646
    11    6 C        3.9577    -0.1987     1.2808
    12   15 P        4.2585     0.2027     1.2326
    13    8 O        1.9887    -0.3262     1.4038
    14    6 C        3.9574    -0.1888     1.2808
    15    6 C        3.9577    -0.2035     1.2808
    16    1 H        0.9944     0.1454     1.1879
    17    1 H        0.9945     0.1503     1.1879
    18    1 H        0.9934     0.1321     1.1880
    19    1 H        0.9934     0.1320     1.1880
    20    1 H        0.9939     0.1611     1.1879
    21    1 H        0.9942     0.1618     1.1879
    22    1 H        0.9934     0.1308     1.1880
    23    1 H        0.9945     0.1443     1.1879
    24    1 H        0.9944     0.1419     1.1879
    25    6 C        3.0224    -0.0498     1.2959
    26    6 C        3.0106    -0.0532     1.2961
    27    6 C        3.1489     0.0551     1.2937
    28    7 N        2.9399    -0.3154     1.3991
    29    6 C        3.1110     0.0651     1.2944
    30    6 C        3.0106    -0.0523     1.2961
    31    1 H        0.9929     0.1558     1.1880
    32    1 H        0.9930     0.1510     1.1880
    33    1 H        0.9927     0.1453     1.1880
    34    1 H        0.9927     0.1696     1.1880
    35    1 H        0.9930     0.1530     1.1880
    36    8 O        2.9303    -0.5339     1.3686
    37    1 H        0.9966     0.2804     1.1879
    38    1 H        1.0189     0.2679     1.1873
--------------------------------------------------
     Σ                          1.0000
--------------------------------------------------

Electrostatic energy:    3.4967992734122E-01 Eh

[Info] JSON dump of results written to 'multicharge.json'
