[Info] Molecular charge read from '.CHRG'

Charge model parameter:
------------------------------------------------------
   Z          chi/Eh     kcn/Eh     eta/Eh     rad/AA
------------------------------------------------------
  99 Es       1.0593     0.0030     0.5898     0.7145
   8 O        1.5687     0.1169     0.6793     0.6518
  16 S        1.4077     0.0713     0.5171     1.1581
   7 N        1.5582     0.0928     0.6565     0.6998
   6 C        1.4003     0.0601     0.6166     0.9994
  35 Br       1.3980     0.0801     0.3934     1.5631
   1 H        1.2370     0.0492     1.0964     0.2919
------------------------------------------------------

Electrostatic properties (in atomic units):
--------------------------------------------------
     #    Z              CN          q        chi
--------------------------------------------------
     1   99 Es       6.9372     0.8354     1.0515
     2    8 O        1.9671    -0.3966     1.4047
     3   16 S        3.8317     0.3293     1.2682
     4    8 O        0.9990    -0.5315     1.4518
     5    8 O        1.9732    -0.4008     1.4045
     6    7 N        2.0125    -0.1273     1.4266
     7    8 O        1.0031    -0.3927     1.4516
     8    8 O        1.9542    -0.2498     1.4053
     9   16 S        1.0078    -0.4208     1.3361
    10    6 C        2.0080     0.0897     1.3152
    11    7 N        1.9661    -0.4414     1.4281
    12    6 C        1.9236     0.0737     1.3170
    13    7 N        1.0009    -0.5262     1.4654
    14   35 Br       0.9602    -0.4909     1.3196
    15    6 C        3.0171    -0.1683     1.2960
    16    6 C        3.0122    -0.1517     1.2961
    17    6 C        3.0629     0.0157     1.2952
    18    7 N        2.7234    -0.3368     1.4051
    19    6 C        3.0691     0.0151     1.2951
    20    6 C        3.0124    -0.1531     1.2961
    21    1 H        0.9922     0.0317     1.1880
    22    1 H        0.9927     0.0467     1.1880
    23    1 H        0.9920     0.1492     1.1880
    24    1 H        0.9911     0.1553     1.1880
    25    1 H        0.9927     0.0461     1.1880
--------------------------------------------------
     Σ                         -3.0000
--------------------------------------------------

Electrostatic energy:   -2.3157854507806E+00 Eh

[Info] JSON dump of results written to 'multicharge.json'
