[Info] Molecular charge read from '.CHRG'

Charge model parameter:
------------------------------------------------------
   Z          chi/Eh     kcn/Eh     eta/Eh     rad/AA
------------------------------------------------------
 103 Lr       1.1371     0.0068     0.5937     0.7095
   6 C        1.4003     0.0601     0.6166     0.9994
   8 O        1.5687     0.1169     0.6793     0.6518
   1 H        1.2370     0.0492     1.0964     0.2919
  17 Cl       1.4815     0.1368     0.7586     0.7238
   7 N        1.5582     0.0928     0.6565     0.6998
  16 S        1.4077     0.0713     0.5171     1.1581
------------------------------------------------------

Electrostatic properties (in atomic units):
--------------------------------------------------
     #    Z              CN          q        chi
--------------------------------------------------
     1  103 Lr       7.3570     0.6852     1.1188
     2    6 C        3.0124    -0.1589     1.2961
     3    6 C        3.0120    -0.1567     1.2961
     4    6 C        3.0156    -0.1221     1.2960
     5    6 C        3.0158    -0.0161     1.2960
     6    6 C        3.0157    -0.1243     1.2960
     7    6 C        3.0119    -0.1581     1.2961
     8    6 C        3.6462     0.2380     1.2856
     9    8 O        1.8755    -0.3856     1.4086
    10    8 O        1.8383    -0.3721     1.4102
    11    1 H        0.9926     0.0498     1.1880
    12    1 H        0.9926     0.0562     1.1880
    13    1 H        0.9928     0.1014     1.1880
    14    1 H        0.9928     0.0975     1.1880
    15    1 H        0.9926     0.0545     1.1880
    16   17 Cl       0.9855    -0.2404     1.3457
    17    7 N        3.9028    -0.7341     1.3749
    18    1 H        1.0066     0.2961     1.1876
    19    1 H        0.9969     0.2352     1.1879
    20    1 H        0.9993     0.2454     1.1878
    21    8 O        1.9730    -0.3755     1.4045
    22   16 S        3.8510     0.3431     1.2678
    23    8 O        0.9991    -0.5127     1.4518
    24    8 O        1.9711    -0.3792     1.4045
    25   16 S        1.0087    -0.3519     1.3361
    26    6 C        2.0077     0.0943     1.3152
    27    7 N        1.9707    -0.4090     1.4279
--------------------------------------------------
     Σ                         -2.0000
--------------------------------------------------

Electrostatic energy:   -1.6161162863191E+00 Eh

[Info] JSON dump of results written to 'multicharge.json'
