[Info] Molecular charge read from './.CHRG'
[Info] Molecular spin read from './.UHF'
xTB calculator
 | Coulomb electrostatics
 |  * isotropic Klopman-Ohno electrostatics
 |  * onsite third-order electrostatics
CEH guess
integral cutoff           4.0000000000000E+01 bohr

Atomic charges (in atomic units):
---------------------------------------------------------
     #    Z                 q
---------------------------------------------------------
     1   99 Es       0.748340
     2    6 C        0.003868
     3    6 C       -0.037047
     4    6 C        0.005107
     5    6 C        0.004110
     6    6 C        0.021121
     7    6 C       -0.031094
     8    6 C        0.234663
     9    8 O       -0.129109
    10    8 O       -0.151083
    11    1 H        0.050664
    12    1 H        0.046891
    13    1 H        0.030150
    14    1 H        0.049640
    15    1 H        0.051690
    16    1 H        0.193989
    17    8 O       -0.233279
    18    1 H        0.184374
    19    1 H        0.187139
    20    6 C        0.066688
    21    6 C        0.047344
    22    7 N        0.050726
    23    6 C        0.048986
    24    6 C        0.063214
    25    7 N       -0.020043
    26    1 H        0.083137
    27    1 H        0.063896
    28    1 H        0.060874
    29    1 H        0.082016
    30    6 C        0.015225
    31    6 C       -0.049510
    32    6 C       -0.054329
    33    6 C        0.009503
    34    8 O       -0.092867
    35    1 H        0.041854
    36    1 H        0.067807
    37    1 H        0.044584
    38    1 H        0.079142
    39    1 H        0.081852
    40    1 H        0.036677
    41    1 H        0.046507
    42    1 H        0.066138
    43    9 F       -0.248758
    44    6 C        0.012394
    45    8 O       -0.179337
    46    1 H        0.058360
    47    1 H        0.047868
    48    1 H        0.060216
    49    1 H        0.179703
---------------------------------------------------------

Atomic dipole moments (in atomic units):
---------------------------------------------------------
     #    Z                 x            y            z
---------------------------------------------------------
     1   99 Es      -0.018337     0.165618    -0.044692
     2    6 C       -0.001272    -0.004032    -0.023248
     3    6 C        0.004698     0.012899    -0.011928
     4    6 C        0.010895     0.031405    -0.040961
     5    6 C        0.000199    -0.003186    -0.066524
     6    6 C       -0.012942    -0.039587    -0.043937
     7    6 C       -0.004112    -0.012948    -0.009506
     8    6 C        0.055229     0.111825    -0.062206
     9    8 O        0.029656     0.059672     0.035753
    10    8 O       -0.004107    -0.018240     0.101404
    11    1 H       -0.002055    -0.007774     0.135270
    12    1 H       -0.037991    -0.114867     0.059897
    13    1 H       -0.036494    -0.108529    -0.076040
    14    1 H        0.037158     0.126009    -0.047286
    15    1 H        0.035671     0.107640     0.075405
    16    1 H        0.053989     0.066555     0.085270
    17    8 O        0.092463    -0.024714    -0.009227
    18    1 H        0.064967    -0.094736     0.052448
    19    1 H        0.079170     0.072335    -0.067574
    20    6 C       -0.051336    -0.034206     0.122265
    21    6 C       -0.043116     0.075855     0.158094
    22    7 N       -0.034546    -0.181087    -0.020411
    23    6 C        0.069110     0.088750    -0.140740
    24    6 C        0.040570    -0.024679    -0.126773
    25    7 N        0.042843     0.247415     0.026870
    26    1 H        0.027735    -0.067581    -0.112952
    27    1 H        0.049825     0.070215    -0.101042
    28    1 H       -0.025859     0.060294     0.114880
    29    1 H       -0.052508    -0.075448     0.097819
    30    6 C       -0.067684    -0.227395     0.079099
    31    6 C        0.077964    -0.114270     0.020187
    32    6 C        0.075731    -0.032619    -0.106451
    33    6 C        0.168341     0.142018    -0.112135
    34    8 O       -0.078007     0.065524     0.040307
    35    1 H        0.091724     0.051370     0.073315
    36    1 H        0.008600     0.027696    -0.132722
    37    1 H       -0.088495    -0.015584    -0.096453
    38    1 H        0.012843     0.123818     0.051361
    39    1 H       -0.132434    -0.009778     0.022064
    40    1 H        0.076297     0.026373     0.104985
    41    1 H       -0.090796    -0.040777    -0.080677
    42    1 H        0.039745    -0.087357     0.098073
    43    9 F        0.024190     0.025237    -0.026251
    44    6 C        0.238639     0.092764     0.127967
    45    8 O       -0.037574     0.033631    -0.088745
    46    1 H        0.036981    -0.054782    -0.124726
    47    1 H       -0.082343     0.111971    -0.013893
    48    1 H       -0.067302    -0.106911     0.085108
    49    1 H        0.061795     0.080406    -0.072021
---------------------------------------------------------
           total     2.342010     0.035767     0.758585
---------------------------------------------------------

[Info] JSON dump of results written to 'tblite.json'
