[Info] Molecular charge read from '.CHRG'

Charge model parameter:
------------------------------------------------------
   Z          chi/Eh     kcn/Eh     eta/Eh     rad/AA
------------------------------------------------------
  93 Np       1.1090     0.0071     0.5649     0.7462
   6 C        1.4003     0.0601     0.6166     0.9994
   8 O        1.5687     0.1169     0.6793     0.6518
   1 H        1.2370     0.0492     1.0964     0.2919
  16 S        1.4077     0.0713     0.5171     1.1581
   7 N        1.5582     0.0928     0.6565     0.6998
------------------------------------------------------

Electrostatic properties (in atomic units):
--------------------------------------------------
     #    Z              CN          q        chi
--------------------------------------------------
     1   93 Np       6.2294     0.7812     1.0914
     2    6 C        4.5540    -0.1091     1.2721
     3    6 C        4.1829     0.0181     1.2775
     4    8 O        2.9486    -0.4014     1.3679
     5    1 H        0.9913     0.2130     1.1880
     6    1 H        1.1588     0.1657     1.1840
     7    1 H        1.0851     0.1641     1.1857
     8    1 H        0.9917     0.2131     1.1880
     9    1 H        0.9918     0.2169     1.1880
    10    1 H        0.9959     0.3229     1.1879
    11    6 C        4.6170    -0.1103     1.2712
    12    6 C        4.2158     0.0200     1.2770
    13    8 O        2.9489    -0.3819     1.3679
    14    1 H        0.9912     0.2130     1.1880
    15    1 H        1.1876     0.1686     1.1834
    16    1 H        1.1435     0.1610     1.1844
    17    1 H        0.9918     0.2171     1.1880
    18    1 H        0.9918     0.2157     1.1880
    19    1 H        0.9954     0.3256     1.1879
    20   16 S        1.0113     0.3337     1.3360
    21    6 C        2.0572     0.2744     1.3142
    22    7 N        2.0031    -0.3632     1.4269
    23    7 N        3.9251    -0.7038     1.3743
    24    1 H        0.9986     0.3495     1.1878
    25    1 H        0.9998     0.3429     1.1878
    26    1 H        0.9995     0.3534     1.1878
--------------------------------------------------
     Σ                          3.0000
--------------------------------------------------

Electrostatic energy:    1.5980194501185E+00 Eh

[Info] JSON dump of results written to 'multicharge.json'
