Charge model parameter:
------------------------------------------------------
   Z          chi/Eh     kcn/Eh     eta/Eh     rad/AA
------------------------------------------------------
 102 No       1.1434     0.0135     0.6305     0.6695
  53 I        1.4034     0.0897     0.3054     2.0116
------------------------------------------------------

Electrostatic properties (in atomic units):
--------------------------------------------------
     #    Z              CN          q        chi
--------------------------------------------------
     1  102 No       2.9710     0.3795     1.1201
     2   53 I        1.7167    -0.0713     1.2859
     3   53 I        1.7160    -0.0733     1.2859
     4   53 I        0.9964    -0.2349     1.3139
--------------------------------------------------
     Σ                         -0.0000
--------------------------------------------------

Electrostatic energy:   -3.4742970415640E-02 Eh

[Info] JSON dump of results written to 'multicharge.json'
