Charge model parameter:
------------------------------------------------------
   Z          chi/Eh     kcn/Eh     eta/Eh     rad/AA
------------------------------------------------------
 103 Lr       1.1371     0.0068     0.5937     0.7095
   7 N        1.5582     0.0928     0.6565     0.6998
   6 C        1.4003     0.0601     0.6166     0.9994
   1 H        1.2370     0.0492     1.0964     0.2919
  35 Br       1.3980     0.0801     0.3934     1.5631
   8 O        1.5687     0.1169     0.6793     0.6518
------------------------------------------------------

Electrostatic properties (in atomic units):
--------------------------------------------------
     #    Z              CN          q        chi
--------------------------------------------------
     1  103 Lr       7.4914     0.7089     1.1187
     2    7 N        3.8722    -0.5628     1.3756
     3    6 C        4.0100    -0.0368     1.2800
     4    6 C        4.0180    -0.0307     1.2799
     5    7 N        3.9007    -0.5576     1.3749
     6    1 H        0.9996     0.2511     1.1878
     7    1 H        0.9977     0.2395     1.1878
     8    1 H        0.9914     0.1203     1.1880
     9    1 H        0.9909     0.0961     1.1880
    10    1 H        0.9909     0.0954     1.1880
    11    1 H        0.9913     0.1321     1.1880
    12    1 H        1.0042     0.2356     1.1877
    13    1 H        0.9995     0.2535     1.1878
    14   35 Br       0.9830    -0.2909     1.3186
    15    6 C        3.9548    -0.1939     1.2809
    16    6 C        3.9652    -0.0584     1.2807
    17    8 O        2.8697    -0.3931     1.3706
    18    1 H        0.9916     0.1054     1.1880
    19    1 H        0.9916     0.1442     1.1880
    20    1 H        0.9917     0.1342     1.1880
    21    1 H        0.9911     0.1150     1.1880
    22    1 H        0.9918     0.1253     1.1880
    23    1 H        0.9988     0.2826     1.1878
    24    7 N        2.4799    -0.0764     1.4121
    25    8 O        1.8839    -0.1720     1.4082
    26    8 O        1.9269    -0.2212     1.4064
    27    7 N        1.9883    -0.2801     1.4273
    28    7 N        2.2564     0.0425     1.4188
    29    7 N        1.0050    -0.3358     1.4652
    30    6 C        3.0219    -0.0860     1.2959
    31    6 C        3.0112    -0.0880     1.2961
    32    6 C        3.0949     0.0278     1.2946
    33    7 N        2.9287    -0.3263     1.3994
    34    6 C        3.1345     0.0477     1.2940
    35    6 C        3.0113    -0.0842     1.2961
    36    1 H        0.9928     0.1187     1.1880
    37    1 H        0.9930     0.1154     1.1880
    38    1 H        0.9924     0.1308     1.1880
    39    1 H        0.9926     0.1524     1.1880
    40    1 H        0.9930     0.1198     1.1880
--------------------------------------------------
     Σ                         -0.0000
--------------------------------------------------

Electrostatic energy:   -3.7057444316024E-01 Eh

[Info] JSON dump of results written to 'multicharge.json'
