[Info] Molecular charge read from '.CHRG'

Charge model parameter:
------------------------------------------------------
   Z          chi/Eh     kcn/Eh     eta/Eh     rad/AA
------------------------------------------------------
  91 Pa       1.0721     0.0037     0.5511     0.7643
   6 C        1.4003     0.0601     0.6166     0.9994
   8 O        1.5687     0.1169     0.6793     0.6518
   1 H        1.2370     0.0492     1.0964     0.2919
   7 N        1.5582     0.0928     0.6565     0.6998
------------------------------------------------------

Electrostatic properties (in atomic units):
--------------------------------------------------
     #    Z              CN          q        chi
--------------------------------------------------
     1   91 Pa       6.8662     1.0351     1.0624
     2    6 C        3.0186    -0.0318     1.2959
     3    6 C        3.0081    -0.0305     1.2961
     4    6 C        3.0192    -0.0479     1.2959
     5    6 C        3.0134     0.0387     1.2960
     6    6 C        3.0358     0.1155     1.2957
     7    6 C        3.0087    -0.0374     1.2961
     8    6 C        3.0931     0.2803     1.2947
     9    8 O        1.9898    -0.3024     1.4038
    10    8 O        1.9923    -0.3511     1.4037
    11    1 H        0.9928     0.1848     1.1880
    12    1 H        0.9930     0.1861     1.1880
    13    1 H        0.9926     0.1623     1.1880
    14    1 H        0.9817     0.1000     1.1882
    15    1 H        0.9927     0.1702     1.1880
    16    1 H        0.9930     0.2832     1.1880
    17    8 O        2.9008    -0.3654     1.3696
    18    1 H        1.0085     0.2756     1.1876
    19    6 C        1.1119     0.2234     1.3370
    20    7 N        1.9956    -0.3524     1.4271
    21    6 C        1.1132     0.1534     1.3369
    22    7 N        1.9933    -0.3898     1.4272
    23    6 C        3.0159    -0.0246     1.2960
    24    6 C        3.0091    -0.0285     1.2961
    25    6 C        3.0142    -0.0421     1.2960
    26    6 C        3.0178     0.0335     1.2960
    27    6 C        3.0183    -0.0329     1.2960
    28    6 C        3.0093    -0.0339     1.2961
    29    6 C        3.0768     0.2703     1.2949
    30    8 O        1.9916    -0.3332     1.4037
    31    8 O        1.9915    -0.4083     1.4037
    32    1 H        0.9928     0.1852     1.1880
    33    1 H        0.9930     0.1845     1.1880
    34    1 H        0.9924     0.1595     1.1880
    35    1 H        0.9929     0.1725     1.1880
    36    1 H        0.9930     0.1793     1.1880
    37    1 H        0.9927     0.2867     1.1880
    38    8 O        2.9317    -0.5251     1.3685
    39    1 H        0.9961     0.3332     1.1879
    40    1 H        0.9957     0.3238     1.1879
--------------------------------------------------
     Σ                          2.0000
--------------------------------------------------

Electrostatic energy:    8.5396512619736E-01 Eh

[Info] JSON dump of results written to 'multicharge.json'
