[Info] Molecular charge read from '.CHRG'

Charge model parameter:
------------------------------------------------------
   Z          chi/Eh     kcn/Eh     eta/Eh     rad/AA
------------------------------------------------------
 100 Fm       1.0767     0.0040     0.5988     0.7039
   7 N        1.5582     0.0928     0.6565     0.6998
   6 C        1.4003     0.0601     0.6166     0.9994
   1 H        1.2370     0.0492     1.0964     0.2919
   8 O        1.5687     0.1169     0.6793     0.6518
   9 F        1.5754     0.1570     0.7723     0.9393
------------------------------------------------------

Electrostatic properties (in atomic units):
--------------------------------------------------
     #    Z              CN          q        chi
--------------------------------------------------
     1  100 Fm       7.2596     0.8048     1.0659
     2    7 N        3.9364    -0.5941     1.3741
     3    6 C        4.1206    -0.0204     1.2784
     4    6 C        4.0097    -0.0382     1.2800
     5    7 N        3.8187    -0.4265     1.3769
     6    6 C        4.0137    -0.0382     1.2800
     7    6 C        4.0189    -0.0206     1.2799
     8    7 N        3.9286    -0.5821     1.3743
     9    1 H        1.0069     0.2609     1.1876
    10    1 H        1.0053     0.2478     1.1877
    11    1 H        0.9913     0.1300     1.1880
    12    1 H        0.9912     0.1268     1.1880
    13    1 H        0.9912     0.1227     1.1880
    14    1 H        0.9914     0.1261     1.1880
    15    1 H        0.9977     0.2174     1.1878
    16    1 H        0.9910     0.1242     1.1880
    17    1 H        0.9912     0.1179     1.1880
    18    1 H        0.9914     0.1287     1.1880
    19    1 H        0.9913     0.1295     1.1880
    20    1 H        1.0224     0.2590     1.1872
    21    1 H        1.0097     0.2682     1.1876
    22    7 N        3.8951    -0.5907     1.3751
    23    6 C        4.0329    -0.0238     1.2797
    24    6 C        4.0540    -0.0168     1.2794
    25    7 N        3.9219    -0.5865     1.3744
    26    1 H        0.9998     0.2383     1.1878
    27    1 H        0.9986     0.2577     1.1878
    28    1 H        0.9911     0.1212     1.1880
    29    1 H        0.9913     0.1287     1.1880
    30    1 H        0.9913     0.1310     1.1880
    31    1 H        0.9913     0.1433     1.1880
    32    1 H        1.0019     0.2403     1.1877
    33    1 H        1.0061     0.2762     1.1876
    34    6 C        4.0419    -0.0340     1.2796
    35    6 C        3.9858    -0.1103     1.2804
    36    6 C        3.9864    -0.1192     1.2804
    37    6 C        4.0181    -0.0530     1.2799
    38    8 O        2.8588    -0.2752     1.3710
    39    1 H        0.9923     0.1587     1.1880
    40    1 H        0.9911     0.1301     1.1880
    41    1 H        0.9920     0.1425     1.1880
    42    1 H        0.9914     0.1540     1.1880
    43    1 H        0.9915     0.1348     1.1880
    44    1 H        0.9919     0.1415     1.1880
    45    1 H        0.9914     0.1174     1.1880
    46    1 H        0.9906     0.1300     1.1880
    47    6 C        1.7658     0.0857     1.3205
    48    8 O        0.9995    -0.3118     1.4518
    49    9 F        0.9978    -0.3260     1.4185
    50    7 N        2.9834    -0.8470     1.3979
    51    1 H        0.9960     0.2964     1.1879
    52    1 H        0.9960     0.2953     1.1879
    53    1 H        0.9960     0.2986     1.1879
    54    6 C        3.9549    -0.1758     1.2809
    55    6 C        3.9518    -0.0126     1.2809
    56    8 O        1.9819    -0.5207     1.4041
    57    1 H        0.9918     0.1471     1.1880
    58    1 H        0.9916     0.1413     1.1880
    59    1 H        0.9914     0.1480     1.1880
    60    1 H        0.9916     0.1575     1.1880
    61    1 H        0.9910     0.1553     1.1880
    62    1 H        0.9933     0.2889     1.1880
--------------------------------------------------
     Σ                          2.0000
--------------------------------------------------

Electrostatic energy:    6.0478768579873E-01 Eh

[Info] JSON dump of results written to 'multicharge.json'
