[Info] Molecular spin read from './.UHF'
xTB calculator
 | Coulomb electrostatics
 |  * isotropic Klopman-Ohno electrostatics
 |  * onsite third-order electrostatics
CEH guess
integral cutoff           4.0000000000000E+01 bohr

Atomic charges (in atomic units):
---------------------------------------------------------
     #    Z                 q
---------------------------------------------------------
     1   95 Am       0.490976
     2    6 C       -0.093692
     3    6 C        0.130156
     4    6 C       -0.199612
     5    6 C        0.129078
     6    8 O       -0.245301
     7    6 C       -0.092675
     8    8 O       -0.217004
     9    1 H        0.041853
    10    1 H        0.041051
    11    1 H        0.046109
    12    1 H        0.038706
    13    1 H        0.046169
    14    1 H        0.040507
    15    1 H        0.040531
    16    7 N       -0.050963
    17    6 C        0.017540
    18    6 C       -0.027267
    19    6 C        0.009790
    20    6 C        0.001246
    21    6 C        0.050589
    22    6 C        0.052302
    23    6 C       -0.000232
    24    6 C        0.013858
    25    6 C       -0.027620
    26    6 C        0.019138
    27    7 N       -0.063710
    28    1 H        0.055668
    29    1 H        0.042284
    30    1 H        0.035066
    31    1 H        0.045397
    32    1 H        0.044628
    33    1 H        0.034523
    34    1 H        0.042648
    35    1 H        0.045298
    36    6 C       -0.176057
    37    7 N       -0.244469
    38    6 C       -0.115041
    39    6 C        0.095679
    40    7 N       -0.103434
    41    1 H        0.065991
    42    1 H        0.068868
    43    1 H        0.067495
    44    6 C       -0.085824
    45    6 C        0.021116
    46    8 O       -0.157830
    47    1 H        0.055322
    48    1 H        0.033245
    49    1 H        0.017838
    50    1 H        0.045574
    51    1 H        0.051584
    52    1 H        0.164321
    53   17 Cl      -0.341415
---------------------------------------------------------

Atomic dipole moments (in atomic units):
---------------------------------------------------------
     #    Z                 x            y            z
---------------------------------------------------------
     1   95 Am       0.291423    -0.111628    -0.364436
     2    6 C        0.041704    -0.044820    -0.033695
     3    6 C        0.021788    -0.072383     0.104607
     4    6 C        0.012446    -0.022474     0.013778
     5    6 C        0.079238    -0.125448     0.017273
     6    8 O       -0.038255     0.082650    -0.025989
     7    6 C       -0.016340    -0.009910     0.068550
     8    8 O       -0.019735     0.067734    -0.062078
     9    1 H       -0.024482     0.105180    -0.099257
    10    1 H        0.063961     0.042575     0.121946
    11    1 H       -0.114614    -0.083019     0.028718
    12    1 H       -0.051445     0.101890    -0.067931
    13    1 H       -0.072358     0.121104    -0.041889
    14    1 H       -0.040513    -0.120553    -0.068137
    15    1 H        0.143073     0.012410     0.003307
    16    7 N        0.202098    -0.179631    -0.010515
    17    6 C       -0.091646    -0.007579    -0.148466
    18    6 C       -0.009956    -0.001657    -0.023926
    19    6 C       -0.005032     0.008577     0.005904
    20    6 C       -0.040197     0.036929    -0.005098
    21    6 C       -0.082689     0.112023     0.071775
    22    6 C       -0.105751     0.089182     0.070743
    23    6 C       -0.014184     0.022691     0.047200
    24    6 C       -0.008662     0.006141     0.004236
    25    6 C        0.021347    -0.002489     0.016417
    26    6 C        0.113506    -0.004631     0.128374
    27    7 N        0.091248    -0.153632    -0.214209
    28    1 H       -0.041112     0.087119     0.095083
    29    1 H        0.069437     0.008997     0.115996
    30    1 H        0.103834    -0.083101     0.011690
    31    1 H        0.027736    -0.089362    -0.099659
    32    1 H        0.119556    -0.064723    -0.011740
    33    1 H        0.031147    -0.062873    -0.113540
    34    1 H       -0.091809     0.008256    -0.099038
    35    1 H       -0.108791     0.064835     0.025373
    36    6 C       -0.036198     0.025494    -0.024169
    37    7 N        0.015704    -0.008819     0.010119
    38    6 C        0.003202     0.002942    -0.002310
    39    6 C       -0.043834     0.153982     0.172816
    40    7 N        0.009548    -0.013367    -0.010809
    41    1 H       -0.144884     0.027003    -0.032798
    42    1 H        0.097002     0.118258    -0.009863
    43    1 H        0.007375    -0.090489     0.121697
    44    6 C       -0.025610     0.087333    -0.013442
    45    6 C        0.213686     0.124058     0.038315
    46    8 O       -0.073734    -0.060747     0.088514
    47    1 H       -0.106699    -0.092266    -0.015769
    48    1 H        0.058385    -0.009714     0.132837
    49    1 H        0.100823    -0.013439    -0.103436
    50    1 H       -0.085533     0.022512     0.092335
    51    1 H       -0.056646     0.010035    -0.123353
    52    1 H        0.017397     0.024897     0.125270
    53   17 Cl      -0.003172    -0.006560    -0.006504
---------------------------------------------------------
           total     2.676956    -2.287153    -1.763179
---------------------------------------------------------

[Info] JSON dump of results written to 'tblite.json'
