[Info] Molecular charge read from './.CHRG'
[Info] Molecular spin read from './.UHF'
xTB calculator
 | Coulomb electrostatics
 |  * isotropic Klopman-Ohno electrostatics
 |  * onsite third-order electrostatics
CEH guess
integral cutoff           4.0000000000000E+01 bohr

Atomic charges (in atomic units):
---------------------------------------------------------
     #    Z                 q
---------------------------------------------------------
     1   99 Es       0.646706
     2    6 C       -0.097059
     3   15 P        0.362524
     4    8 O       -0.364511
     5    6 C       -0.102583
     6    6 C       -0.112046
     7    1 H        0.056159
     8    1 H        0.073128
     9    1 H        0.058485
    10    1 H        0.072498
    11    1 H        0.056727
    12    1 H        0.059454
    13    1 H        0.074319
    14    1 H        0.051942
    15    1 H        0.053848
    16    6 C       -0.124944
    17   15 P        0.197927
    18    6 C       -0.121693
    19    6 C       -0.130038
    20    1 H        0.037737
    21    1 H        0.054783
    22    1 H        0.050996
    23    1 H        0.038542
    24    1 H        0.052073
    25    1 H        0.052455
    26    1 H        0.037455
    27    1 H        0.045675
    28    1 H        0.052310
    29    7 N       -0.191592
    30    7 N        0.109856
    31    7 N       -0.058087
    32    9 F       -0.368583
    33    6 C        0.012830
    34    6 C       -0.015305
    35    6 C        0.015082
    36    7 N       -0.009459
    37    6 C        0.020957
    38    6 C       -0.014813
    39    1 H        0.039586
    40    1 H        0.042966
    41    1 H        0.060189
    42    1 H        0.061756
    43    1 H        0.043180
    44    8 O       -0.206571
    45    1 H        0.164100
    46    1 H        0.161036
---------------------------------------------------------

Atomic dipole moments (in atomic units):
---------------------------------------------------------
     #    Z                 x            y            z
---------------------------------------------------------
     1   99 Es       0.537621     0.019813     0.346604
     2    6 C       -0.011758     0.019130    -0.005779
     3   15 P        0.104222     0.000146    -0.005177
     4    8 O        0.011821     0.011605    -0.004404
     5    6 C       -0.017366     0.004697     0.014496
     6    6 C       -0.021434    -0.001713    -0.005683
     7    1 H       -0.052957    -0.008953     0.147735
     8    1 H        0.154947    -0.023387    -0.005301
     9    1 H       -0.076620    -0.104639    -0.089082
    10    1 H        0.154800    -0.027571     0.001291
    11    1 H       -0.033840     0.146055    -0.039158
    12    1 H       -0.075121    -0.106965    -0.091075
    13    1 H        0.152934    -0.032666    -0.001600
    14    1 H       -0.057795    -0.007808     0.147458
    15    1 H       -0.032634     0.134530    -0.068802
    16    6 C       -0.036085    -0.007878     0.015928
    17   15 P       -0.033187     0.014842    -0.110065
    18    6 C        0.015291     0.039416     0.013084
    19    6 C        0.029045    -0.026554    -0.003670
    20    1 H       -0.069357     0.025343    -0.130086
    21    1 H        0.108858    -0.107826    -0.011909
    22    1 H        0.064855     0.126581     0.058504
    23    1 H       -0.038283     0.046913    -0.136292
    24    1 H       -0.125055    -0.039174     0.083817
    25    1 H        0.099463    -0.118868    -0.006145
    26    1 H       -0.033496     0.018521    -0.142817
    27    1 H        0.057364     0.129678     0.063735
    28    1 H       -0.122589    -0.051881     0.080977
    29    7 N       -0.338655    -0.074240    -0.161029
    30    7 N        0.087007     0.015939     0.043194
    31    7 N        0.311712     0.066775     0.158184
    32    9 F        0.037042     0.014265    -0.009576
    33    6 C        0.003424    -0.010817    -0.001054
    34    6 C       -0.019759    -0.018891     0.005490
    35    6 C       -0.115223    -0.107675     0.025980
    36    7 N       -0.050619     0.234774     0.019595
    37    6 C        0.153828    -0.044295    -0.042586
    38    6 C        0.025153    -0.005863    -0.005793
    39    1 H       -0.029605     0.131439     0.011514
    40    1 H        0.099593     0.087158    -0.024192
    41    1 H        0.116632    -0.052897    -0.035371
    42    1 H       -0.086995    -0.103051     0.014264
    43    1 H       -0.126979     0.031735     0.033749
    44    8 O       -0.082752     0.000909     0.079196
    45    1 H       -0.048803    -0.098860     0.060506
    46    1 H       -0.051806     0.098393     0.056303
---------------------------------------------------------
           total     0.906569     0.287720     1.683544
---------------------------------------------------------

[Info] JSON dump of results written to 'tblite.json'
