[Info] Molecular charge read from '.CHRG'

Charge model parameter:
------------------------------------------------------
   Z          chi/Eh     kcn/Eh     eta/Eh     rad/AA
------------------------------------------------------
  98 Cf       1.0089     0.0039     0.6196     0.6803
   6 C        1.4003     0.0601     0.6166     0.9994
   8 O        1.5687     0.1169     0.6793     0.6518
   1 H        1.2370     0.0492     1.0964     0.2919
   7 N        1.5582     0.0928     0.6565     0.6998
  35 Br       1.3980     0.0801     0.3934     1.5631
  15 P        1.5267     0.1425     0.7308     0.7313
------------------------------------------------------

Electrostatic properties (in atomic units):
--------------------------------------------------
     #    Z              CN          q        chi
--------------------------------------------------
     1   98 Cf       5.7395     0.8734     0.9996
     2    6 C        4.1104    -0.0513     1.2785
     3    6 C        3.9835    -0.1211     1.2804
     4    6 C        3.9840    -0.1214     1.2804
     5    6 C        4.0950    -0.0362     1.2788
     6    8 O        2.9478    -0.3154     1.3680
     7    1 H        0.9913     0.1241     1.1880
     8    1 H        0.9917     0.1226     1.1880
     9    1 H        0.9916     0.1372     1.1880
    10    1 H        0.9920     0.1303     1.1880
    11    1 H        0.9920     0.1342     1.1880
    12    1 H        0.9915     0.1322     1.1880
    13    1 H        0.9916     0.1452     1.1880
    14    1 H        0.9919     0.1352     1.1880
    15    7 N        2.0021    -0.3667     1.4269
    16    7 N        2.0882     0.0737     1.4241
    17    7 N        1.0053    -0.2186     1.4652
    18   35 Br       0.9958    -0.1577     1.3181
    19    6 C        4.1409    -0.0627     1.2781
    20    8 O        1.9878    -0.3114     1.4039
    21   15 P        4.1081     0.2700     1.2379
    22    8 O        2.9134    -0.2977     1.3691
    23    6 C        4.1300    -0.0968     1.2782
    24    8 O        2.9316    -0.2849     1.3685
    25    6 C        4.1389    -0.0840     1.2781
    26    1 H        0.9921     0.1443     1.1880
    27    1 H        0.9915     0.1292     1.1880
    28    1 H        0.9921     0.1423     1.1880
    29    1 H        0.9922     0.1289     1.1880
    30    1 H        0.9919     0.1428     1.1880
    31    1 H        0.9918     0.1287     1.1880
    32    1 H        0.9923     0.1532     1.1880
    33    1 H        0.9917     0.1334     1.1880
    34    1 H        0.9919     0.1454     1.1880
--------------------------------------------------
     Σ                          1.0000
--------------------------------------------------

Electrostatic energy:    3.0196539478621E-01 Eh

[Info] JSON dump of results written to 'multicharge.json'
