[Info] Molecular spin read from './.UHF'
xTB calculator
 | Coulomb electrostatics
 |  * isotropic Klopman-Ohno electrostatics
 |  * onsite third-order electrostatics
CEH guess
integral cutoff           4.0000000000000E+01 bohr

Atomic charges (in atomic units):
---------------------------------------------------------
     #    Z                 q
---------------------------------------------------------
     1   94 Pu       0.836011
     2    9 F       -0.126308
     3    9 F       -0.126310
     4    9 F       -0.145803
     5    9 F       -0.145802
     6    9 F       -0.145894
     7    9 F       -0.145894
---------------------------------------------------------

Atomic dipole moments (in atomic units):
---------------------------------------------------------
     #    Z                 x            y            z
---------------------------------------------------------
     1   94 Pu       0.000001    -0.000001    -0.000003
     2    9 F        0.000121    -0.000064     0.077582
     3    9 F       -0.000121     0.000065    -0.077581
     4    9 F        0.000016    -0.076412     0.000061
     5    9 F       -0.000016     0.076413    -0.000061
     6    9 F       -0.076408     0.000016    -0.000115
     7    9 F        0.076408    -0.000016     0.000116
---------------------------------------------------------
           total     0.000001    -0.000001    -0.000000
---------------------------------------------------------

[Info] JSON dump of results written to 'tblite.json'
