[Info] Molecular charge read from './.CHRG'
[Info] Molecular spin read from './.UHF'
xTB calculator
 | Coulomb electrostatics
 |  * isotropic Klopman-Ohno electrostatics
 |  * onsite third-order electrostatics
CEH guess
integral cutoff           4.0000000000000E+01 bohr

Atomic charges (in atomic units):
---------------------------------------------------------
     #    Z                 q
---------------------------------------------------------
     1   96 Cm       0.446143
     2    6 C       -0.103057
     3    6 C        0.126699
     4    8 O       -0.392954
     5    8 O       -0.280449
     6    7 N        0.019653
     7    1 H       -0.012867
     8    1 H        0.064804
     9    1 H        0.039215
    10    1 H        0.054538
    11    6 C       -0.065275
    12    8 O       -0.417169
    13    1 H       -0.015311
    14    1 H       -0.012042
    15    1 H       -0.012995
    16    7 N       -0.140185
    17    8 O       -0.224154
    18    8 O       -0.209501
    19    8 O       -0.451191
    20   16 S        0.137784
    21    8 O       -0.503183
    22    8 O       -0.497580
    23    7 N       -0.070015
    24    8 O       -0.309493
    25    8 O       -0.171414
---------------------------------------------------------

Atomic dipole moments (in atomic units):
---------------------------------------------------------
     #    Z                 x            y            z
---------------------------------------------------------
     1   96 Cm       0.136205    -0.328729    -0.003627
     2    6 C       -0.163222     0.034816    -0.006015
     3    6 C       -0.049300     0.002744    -0.020528
     4    8 O       -0.078856     0.022630    -0.035313
     5    8 O        0.043458    -0.089930    -0.035514
     6    7 N        0.086276    -0.291659    -0.050391
     7    1 H        0.019555    -0.104415     0.044533
     8    1 H        0.044865     0.037601    -0.110183
     9    1 H       -0.060586    -0.034291     0.087798
    10    1 H       -0.000619     0.018151    -0.076107
    11    6 C        0.103890    -0.017362    -0.123261
    12    8 O       -0.079346     0.034707     0.097157
    13    1 H        0.015619     0.106537     0.055975
    14    1 H        0.007143    -0.091050     0.094584
    15    1 H       -0.120214    -0.002459    -0.035386
    16    7 N       -0.110285    -0.314430    -0.231272
    17    8 O        0.092636     0.183596    -0.078758
    18    8 O       -0.026644     0.007515     0.218023
    19    8 O        0.026886    -0.046086    -0.059963
    20   16 S       -0.083348    -0.002962     0.011757
    21    8 O        0.021754    -0.033971     0.064827
    22    8 O       -0.000268     0.089478    -0.000217
    23    7 N        0.089627     0.321852     0.126613
    24    8 O        0.149278    -0.141453    -0.044778
    25    8 O       -0.212012    -0.042328    -0.032159
---------------------------------------------------------
           total     0.275557    -3.470229     4.991610
---------------------------------------------------------

[Info] JSON dump of results written to 'tblite.json'
