[Info] Molecular spin read from './.UHF'
xTB calculator
 | Coulomb electrostatics
 |  * isotropic Klopman-Ohno electrostatics
 |  * onsite third-order electrostatics
CEH guess
integral cutoff           4.0000000000000E+01 bohr

Atomic charges (in atomic units):
---------------------------------------------------------
     #    Z                 q
---------------------------------------------------------
     1   97 Bk       0.457254
     2    6 C       -0.106769
     3    6 C       -0.048276
     4    8 O       -0.414236
     5    1 H        0.036885
     6    1 H        0.023055
     7    1 H        0.019883
     8    1 H        0.035607
     9    1 H        0.018556
    10    8 O       -0.502125
    11    1 H        0.142010
    12    6 C        0.031047
    13    8 O       -0.260282
    14   15 P        0.415577
    15    8 O       -0.219315
    16    6 C        0.052836
    17    8 O       -0.209537
    18    6 C       -0.009992
    19    1 H        0.040104
    20    1 H        0.040974
    21    1 H        0.024215
    22    1 H        0.037226
    23    1 H        0.039083
    24    1 H        0.035182
    25    1 H        0.036417
    26    1 H        0.045675
    27    1 H        0.031273
    28    6 C        0.003858
    29    6 C       -0.018401
    30    6 C        0.013355
    31    7 N       -0.026404
    32    6 C        0.004035
    33    6 C       -0.021703
    34    1 H        0.029524
    35    1 H        0.037646
    36    1 H        0.059421
    37    1 H        0.057705
    38    1 H        0.034664
    39    6 C       -0.135033
    40   15 P        0.157355
    41    6 C       -0.116018
    42    6 C       -0.129594
    43    1 H        0.033364
    44    1 H        0.041271
    45    1 H        0.049769
    46    1 H        0.032391
    47    1 H        0.055352
    48    1 H        0.052797
    49    1 H        0.034941
    50    1 H        0.049288
    51    1 H        0.043139
    52    7 N       -0.096865
    53    1 H        0.092923
    54    1 H        0.087483
    55    1 H        0.107256
    56    6 C       -0.213440
    57    7 N       -0.174647
    58    6 C       -0.041977
    59    8 O        0.104218
---------------------------------------------------------

Atomic dipole moments (in atomic units):
---------------------------------------------------------
     #    Z                 x            y            z
---------------------------------------------------------
     1   97 Bk      -0.295746     0.107078     0.284146
     2    6 C        0.085441     0.013974     0.012490
     3    6 C        0.054828    -0.070823    -0.148163
     4    8 O       -0.097992     0.059241     0.062841
     5    1 H       -0.081607     0.053542     0.101311
     6    1 H       -0.012977    -0.142149    -0.008148
     7    1 H       -0.014162     0.065564    -0.124737
     8    1 H        0.009376    -0.051213     0.112252
     9    1 H        0.006778     0.113327     0.012782
    10    8 O       -0.087573     0.093851     0.010040
    11    1 H       -0.108768     0.100023     0.000717
    12    6 C        0.230810     0.179216    -0.029639
    13    8 O       -0.088730     0.003161    -0.002203
    14   15 P        0.040633    -0.048167    -0.055807
    15    8 O       -0.008273     0.004403    -0.076379
    16    6 C       -0.163669    -0.066608     0.227798
    17    8 O        0.083888    -0.025793     0.059132
    18    6 C       -0.111750    -0.011043    -0.206461
    19    1 H        0.038340    -0.135661     0.013772
    20    1 H       -0.077670     0.013377    -0.114340
    21    1 H       -0.068885     0.042041     0.111236
    22    1 H        0.136757     0.009037     0.038669
    23    1 H       -0.049165     0.121709    -0.045660
    24    1 H       -0.016921    -0.107192    -0.090587
    25    1 H        0.039526    -0.132727     0.021608
    26    1 H       -0.095726     0.052496     0.090923
    27    1 H        0.109084     0.081886    -0.031300
    28    6 C       -0.004005    -0.006021    -0.002489
    29    6 C       -0.009793    -0.015389     0.019151
    30    6 C       -0.064613    -0.122873     0.086539
    31    7 N        0.142169     0.195487     0.131651
    32    6 C       -0.019174     0.014804    -0.155702
    33    6 C        0.001647     0.007249    -0.025027
    34    1 H        0.070047     0.094274     0.065005
    35    1 H        0.050348     0.099629    -0.074965
    36    1 H       -0.016209    -0.008574    -0.132181
    37    1 H       -0.061842    -0.108117     0.048946
    38    1 H        0.012555    -0.016201     0.131823
    39    6 C        0.032049     0.020830    -0.005818
    40   15 P       -0.012458    -0.001955    -0.080067
    41    6 C       -0.038897     0.030517     0.010917
    42    6 C       -0.005515    -0.036506     0.002568
    43    1 H       -0.025109     0.019489    -0.146136
    44    1 H       -0.096109     0.079253     0.085386
    45    1 H       -0.006751    -0.148798     0.035920
    46    1 H       -0.057960     0.022678    -0.139100
    47    1 H        0.004493    -0.149154     0.038008
    48    1 H        0.137682     0.060890     0.018273
    49    1 H       -0.048853    -0.013921    -0.143704
    50    1 H        0.143114     0.053175     0.012952
    51    1 H       -0.093746     0.077746     0.092160
    52    7 N       -0.186188    -0.276943     0.053697
    53    1 H       -0.107151     0.050679    -0.000606
    54    1 H        0.037048    -0.018893     0.087522
    55    1 H        0.028569    -0.066794    -0.095950
    56    6 C       -0.014922    -0.014435     0.013772
    57    7 N       -0.067530     0.006091     0.042399
    58    6 C        0.038865     0.027253     0.183584
    59    8 O        0.008909     0.007925     0.043269
---------------------------------------------------------
           total    -0.570388    -1.716998    -0.260517
---------------------------------------------------------

[Info] JSON dump of results written to 'tblite.json'
