Charge model parameter:
------------------------------------------------------
   Z          chi/Eh     kcn/Eh     eta/Eh     rad/AA
------------------------------------------------------
  91 Pa       1.0721     0.0037     0.5511     0.7643
   7 N        1.5582     0.0928     0.6565     0.6998
   8 O        1.5687     0.1169     0.6793     0.6518
  35 Br       1.3980     0.0801     0.3934     1.5631
   6 C        1.4003     0.0601     0.6166     0.9994
   1 H        1.2370     0.0492     1.0964     0.2919
  16 S        1.4077     0.0713     0.5171     1.1581
------------------------------------------------------

Electrostatic properties (in atomic units):
--------------------------------------------------
     #    Z              CN          q        chi
--------------------------------------------------
     1   91 Pa       7.8773     1.0125     1.0617
     2    7 N        3.6633     0.1857     1.3806
     3    8 O        1.0015    -0.2081     1.4517
     4    8 O        1.9517    -0.2126     1.4054
     5    8 O        1.9679    -0.2125     1.4047
     6   35 Br       0.9947    -0.0699     1.3182
     7    7 N        3.6620     0.1871     1.3806
     8    8 O        1.0015    -0.2081     1.4517
     9    8 O        1.9547    -0.2168     1.4052
    10    8 O        1.9649    -0.2089     1.4048
    11    6 C        3.0779     0.0943     1.2949
    12    6 C        3.0903     0.0642     1.2947
    13    7 N        2.8717    -0.3089     1.4009
    14    6 C        3.0895     0.0855     1.2947
    15    6 C        3.0778     0.0986     1.2949
    16    7 N        2.0147    -0.3264     1.4265
    17    1 H        0.9925     0.1549     1.1880
    18    1 H        0.9929     0.1471     1.1880
    19    1 H        0.9928     0.1752     1.1880
    20    1 H        0.9926     0.1596     1.1880
    21    8 O        1.9891    -0.3122     1.4038
    22   16 S        3.8949     0.5199     1.2670
    23    8 O        1.9893    -0.3130     1.4038
    24    8 O        1.0000    -0.2870     1.4518
--------------------------------------------------
     Σ                          0.0000
--------------------------------------------------

Electrostatic energy:   -3.1807396280493E-01 Eh

[Info] JSON dump of results written to 'multicharge.json'
