[Info] Molecular charge read from './.CHRG'
xTB calculator
 | Coulomb electrostatics
 |  * isotropic Klopman-Ohno electrostatics
 |  * onsite third-order electrostatics
CEH guess
integral cutoff           4.0000000000000E+01 bohr

Atomic charges (in atomic units):
---------------------------------------------------------
     #    Z                 q
---------------------------------------------------------
     1  103 Lr       0.834242
     2    6 C        0.015333
     3    6 C       -0.042958
     4    6 C        0.012403
     5    6 C       -0.015840
     6    6 C        0.033741
     7    6 C       -0.032992
     8    6 C        0.310153
     9    8 O       -0.105991
    10    8 O       -0.072858
    11    1 H        0.056149
    12    1 H        0.049222
    13    1 H        0.031129
    14    1 H        0.056810
    15    1 H        0.058730
    16    1 H        0.225088
    17   16 S        0.096841
    18    6 C        0.107098
    19    7 N       -0.376544
    20    6 C       -0.093282
    21    6 C        0.219393
    22    7 N        0.024523
    23    1 H        0.093455
    24    1 H        0.093059
    25    1 H        0.096423
    26    7 N       -0.095063
    27    1 H        0.137299
    28    1 H        0.143453
    29    1 H        0.140983
---------------------------------------------------------

Atomic dipole moments (in atomic units):
---------------------------------------------------------
     #    Z                 x            y            z
---------------------------------------------------------
     1  103 Lr       0.210216     0.134221    -0.265942
     2    6 C       -0.011671     0.031739     0.000598
     3    6 C        0.007356     0.020062    -0.014976
     4    6 C        0.006235     0.057133    -0.025024
     5    6 C       -0.015544     0.061208    -0.004335
     6    6 C       -0.045034     0.054751     0.027649
     7    6 C       -0.015668     0.014971     0.011631
     8    6 C        0.039933     0.097583    -0.051183
     9    8 O        0.069070    -0.059421    -0.026071
    10    8 O       -0.005143    -0.089590     0.030335
    11    1 H        0.012453    -0.130849     0.033826
    12    1 H       -0.076604    -0.050579     0.098105
    13    1 H       -0.080042     0.066708     0.063558
    14    1 H        0.081892     0.036260    -0.106174
    15    1 H        0.089417    -0.079280    -0.064981
    16    1 H        0.083076    -0.085409    -0.013105
    17   16 S        0.012970    -0.032827     0.264808
    18    6 C       -0.011756     0.027678    -0.246611
    19    7 N        0.008081    -0.021234     0.204432
    20    6 C        0.032107     0.006020     0.006466
    21    6 C       -0.186468    -0.042974    -0.036646
    22    7 N        0.013848     0.002783     0.002218
    23    1 H       -0.041546    -0.093192     0.112551
    24    1 H       -0.000608    -0.066955    -0.136814
    25    1 H       -0.075457     0.132427     0.002086
    26    7 N        0.129260     0.320888     0.010503
    27    1 H        0.111235    -0.005433     0.022587
    28    1 H       -0.051479     0.055119     0.085020
    29    1 H       -0.017940     0.047905    -0.099089
---------------------------------------------------------
           total     0.531203     0.392906     0.199135
---------------------------------------------------------

[Info] JSON dump of results written to 'tblite.json'
