Charge model parameter:
------------------------------------------------------
   Z          chi/Eh     kcn/Eh     eta/Eh     rad/AA
------------------------------------------------------
  98 Cf       1.0089     0.0039     0.6196     0.6803
   1 H        1.2370     0.0492     1.0964     0.2919
------------------------------------------------------

Electrostatic properties (in atomic units):
--------------------------------------------------
     #    Z              CN          q        chi
--------------------------------------------------
     1   98 Cf       4.8324     0.4230     1.0003
     2    1 H        0.9708    -0.0840     1.1885
     3    1 H        0.9708    -0.0841     1.1885
     4    1 H        0.9870    -0.0865     1.1881
     5    1 H        0.9720    -0.0846     1.1885
     6    1 H        0.9717    -0.0839     1.1885
--------------------------------------------------
     Σ                         -0.0000
--------------------------------------------------

Electrostatic energy:   -3.9778171297329E-02 Eh

[Info] JSON dump of results written to 'multicharge.json'
