Charge model parameter:
------------------------------------------------------
   Z          chi/Eh     kcn/Eh     eta/Eh     rad/AA
------------------------------------------------------
  94 Pu       1.0104     0.0049     0.6346     0.6641
  35 Br       1.3980     0.0801     0.3934     1.5631
------------------------------------------------------

Electrostatic properties (in atomic units):
--------------------------------------------------
     #    Z              CN          q        chi
--------------------------------------------------
     1   94 Pu       3.9751     0.7357     1.0007
     2   35 Br       0.9976    -0.1842     1.3180
     3   35 Br       0.9977    -0.1839     1.3180
     4   35 Br       0.9976    -0.1839     1.3180
     5   35 Br       0.9977    -0.1837     1.3180
--------------------------------------------------
     Σ                         -0.0000
--------------------------------------------------

Electrostatic energy:   -1.1674730198105E-01 Eh

[Info] JSON dump of results written to 'multicharge.json'
