[Info] Molecular charge read from '.CHRG'

Charge model parameter:
------------------------------------------------------
   Z          chi/Eh     kcn/Eh     eta/Eh     rad/AA
------------------------------------------------------
  91 Pa       1.0721     0.0037     0.5511     0.7643
  13 Al       1.1291    -0.0217     0.5831     0.9046
   7 N        1.5582     0.0928     0.6565     0.6998
  15 P        1.5267     0.1425     0.7308     0.7313
------------------------------------------------------

Electrostatic properties (in atomic units):
--------------------------------------------------
     #    Z              CN          q        chi
--------------------------------------------------
     1   91 Pa       2.7255     0.1019     1.0660
     2   13 Al       0.7317    -0.8308     1.1477
     3    7 N        0.9994    -1.2755     1.4654
     4   15 P        0.9977    -0.9956     1.3844
--------------------------------------------------
     Σ                         -3.0000
--------------------------------------------------

Electrostatic energy:   -2.0461510790475E+00 Eh

[Info] JSON dump of results written to 'multicharge.json'
