Charge model parameter:
------------------------------------------------------
   Z          chi/Eh     kcn/Eh     eta/Eh     rad/AA
------------------------------------------------------
  99 Es       1.0593     0.0030     0.5898     0.7145
  17 Cl       1.4815     0.1368     0.7586     0.7238
------------------------------------------------------

Electrostatic properties (in atomic units):
--------------------------------------------------
     #    Z              CN          q        chi
--------------------------------------------------
     1   99 Es       5.8543     0.7220     1.0521
     2   17 Cl       0.9973    -0.1203     1.3449
     3   17 Cl       0.9973    -0.1203     1.3449
     4   17 Cl       0.9974    -0.1204     1.3449
     5   17 Cl       0.9974    -0.1204     1.3449
     6   17 Cl       0.9974    -0.1204     1.3449
     7   17 Cl       0.9974    -0.1204     1.3449
--------------------------------------------------
     Σ                          0.0000
--------------------------------------------------

Electrostatic energy:   -1.0569877837941E-01 Eh

[Info] JSON dump of results written to 'multicharge.json'
