[Info] Molecular charge read from './.CHRG'
[Info] Molecular spin read from './.UHF'
xTB calculator
 | Coulomb electrostatics
 |  * isotropic Klopman-Ohno electrostatics
 |  * onsite third-order electrostatics
CEH guess
integral cutoff           4.0000000000000E+01 bohr

Atomic charges (in atomic units):
---------------------------------------------------------
     #    Z                 q
---------------------------------------------------------
     1   94 Pu       0.191573
     2    7 N       -0.035306
     3    6 C       -0.015561
     4    6 C       -0.010241
     5    7 N       -0.027422
     6    6 C        0.005335
     7    6 C       -0.023819
     8    7 N       -0.016354
     9    1 H        0.078647
    10    1 H        0.081421
    11    1 H        0.038042
    12    1 H        0.042312
    13    1 H        0.047846
    14    1 H        0.052097
    15    1 H        0.105005
    16    1 H        0.053319
    17    1 H        0.049216
    18    1 H        0.038073
    19    1 H        0.021790
    20    1 H        0.093682
    21    1 H        0.075759
    22   16 S       -0.331736
    23    6 C        0.029192
    24    7 N       -0.215811
    25   35 Br      -0.573512
    26    6 C       -0.229372
    27    7 N       -0.293795
    28    7 N       -0.034858
    29    1 H        0.084509
    30    1 H        0.077944
    31    1 H        0.100838
    32    8 O       -0.447146
    33   16 S        0.196085
    34    8 O       -0.453199
    35    8 O       -0.467855
    36    8 O       -0.408974
    37    1 H        0.122275
---------------------------------------------------------

Atomic dipole moments (in atomic units):
---------------------------------------------------------
     #    Z                 x            y            z
---------------------------------------------------------
     1   94 Pu      -0.430196     0.152038     0.670285
     2    7 N        0.003615    -0.207335     0.209534
     3    6 C        0.149693     0.106649    -0.091892
     4    6 C       -0.003152     0.024444    -0.192946
     5    7 N       -0.204836    -0.011064     0.199933
     6    6 C        0.192915    -0.051025    -0.012347
     7    6 C        0.148943     0.112532    -0.050742
     8    7 N       -0.275992    -0.017378    -0.079470
     9    1 H        0.017934    -0.078871    -0.072719
    10    1 H        0.078467     0.058033     0.064707
    11    1 H        0.029257    -0.065169     0.100658
    12    1 H       -0.073376    -0.055895    -0.092149
    13    1 H        0.086724     0.073251     0.061099
    14    1 H       -0.108013    -0.025271     0.058757
    15    1 H        0.016704     0.068445     0.015074
    16    1 H       -0.016661     0.127282    -0.011501
    17    1 H       -0.070933    -0.071879     0.080782
    18    1 H       -0.109870     0.024924    -0.047139
    19    1 H        0.038463    -0.120043     0.005988
    20    1 H       -0.012856     0.099176     0.007674
    21    1 H        0.026442    -0.066800    -0.091420
    22   16 S        0.010040     0.017019    -0.141789
    23    6 C       -0.003647    -0.003900     0.015356
    24    7 N       -0.001912     0.010401    -0.064189
    25   35 Br      -0.024018     0.039134     0.068298
    26    6 C        0.011923    -0.021568    -0.034506
    27    7 N       -0.018054     0.011158     0.011046
    28    7 N        0.187769     0.221324    -0.069928
    29    1 H        0.026733    -0.032984    -0.132278
    30    1 H        0.093783    -0.020738     0.095936
    31    1 H       -0.072429     0.077268     0.020174
    32    8 O       -0.050657    -0.043518     0.030855
    33   16 S       -0.001502    -0.000294    -0.020576
    34    8 O        0.062330     0.001835     0.035221
    35    8 O        0.003311    -0.000136    -0.086397
    36    8 O       -0.052546     0.085175     0.048011
    37    1 H       -0.063450     0.096067     0.041473
---------------------------------------------------------
           total    -2.456266    -2.461911     5.550392
---------------------------------------------------------

[Info] JSON dump of results written to 'tblite.json'
