[Info] Molecular spin read from './.UHF'
xTB calculator
 | Coulomb electrostatics
 |  * isotropic Klopman-Ohno electrostatics
 |  * onsite third-order electrostatics
CEH guess
integral cutoff           4.0000000000000E+01 bohr

Atomic charges (in atomic units):
---------------------------------------------------------
     #    Z                 q
---------------------------------------------------------
     1   95 Am      -0.016320
     2    3 Li       0.356578
     3    1 H       -0.277435
     4    1 H        0.078723
     5    1 H       -0.186347
     6    1 H        0.044802
---------------------------------------------------------

Atomic dipole moments (in atomic units):
---------------------------------------------------------
     #    Z                 x            y            z
---------------------------------------------------------
     1   95 Am      -0.415846     1.114166    -0.116757
     2    3 Li       0.234242     0.053931     0.427496
     3    1 H        0.093421     0.013495    -0.107349
     4    1 H       -0.012451    -0.141266     0.019033
     5    1 H        0.029638    -0.096739    -0.027318
     6    1 H       -0.117650     0.039341    -0.026115
---------------------------------------------------------
           total    -0.471140     0.657130     2.287426
---------------------------------------------------------

[Info] JSON dump of results written to 'tblite.json'
