Charge model parameter:
------------------------------------------------------
   Z          chi/Eh     kcn/Eh     eta/Eh     rad/AA
------------------------------------------------------
  92 U        1.0982     0.0042     0.6173     0.6828
   3 Li       0.5434    -0.1235     0.9742     0.4791
   1 H        1.2370     0.0492     1.0964     0.2919
------------------------------------------------------

Electrostatic properties (in atomic units):
--------------------------------------------------
     #    Z              CN          q        chi
--------------------------------------------------
     1   92 U        3.7282     0.0005     1.0902
     2    3 Li       1.8669     0.4419     0.7122
     3    1 H        1.8164    -0.1930     1.1707
     4    1 H        0.9540    -0.1248     1.1889
     5    1 H        0.9526    -0.1245     1.1890
--------------------------------------------------
     Σ                          0.0000
--------------------------------------------------

Electrostatic energy:   -1.0360166890922E-01 Eh

[Info] JSON dump of results written to 'multicharge.json'
