[Info] Molecular charge read from '.CHRG'

Charge model parameter:
------------------------------------------------------
   Z          chi/Eh     kcn/Eh     eta/Eh     rad/AA
------------------------------------------------------
 103 Lr       1.1371     0.0068     0.5937     0.7095
   6 C        1.4003     0.0601     0.6166     0.9994
   7 N        1.5582     0.0928     0.6565     0.6998
   1 H        1.2370     0.0492     1.0964     0.2919
  16 S        1.4077     0.0713     0.5171     1.1581
   8 O        1.5687     0.1169     0.6793     0.6518
------------------------------------------------------

Electrostatic properties (in atomic units):
--------------------------------------------------
     #    Z              CN          q        chi
--------------------------------------------------
     1  103 Lr       6.7962     0.7629     1.1195
     2    6 C        3.0738     0.0896     1.2950
     3    6 C        3.0965     0.0480     1.2946
     4    7 N        2.9382    -0.3227     1.3991
     5    6 C        3.1197     0.0567     1.2942
     6    6 C        3.0738     0.0920     1.2950
     7    7 N        2.0149    -0.3192     1.4265
     8    1 H        0.9925     0.1609     1.1880
     9    1 H        0.9924     0.1425     1.1880
    10    1 H        0.9925     0.1649     1.1880
    11    1 H        0.9925     0.1637     1.1880
    12    6 C        3.9582    -0.1280     1.2808
    13    6 C        2.0069     0.1239     1.3152
    14    7 N        1.9348    -0.3346     1.4291
    15    1 H        0.9918     0.1710     1.1880
    16    1 H        0.9918     0.1458     1.1880
    17    1 H        0.9918     0.1492     1.1880
    18   16 S        1.0115    -0.0527     1.3360
    19    6 C        2.1956     0.1616     1.3113
    20    7 N        1.9895    -0.3888     1.4273
    21    7 N        3.9045    -0.7161     1.3748
    22    1 H        0.9969     0.2904     1.1879
    23    1 H        0.9978     0.2947     1.1878
    24    1 H        0.9972     0.2779     1.1879
    25    7 N        1.9944    -0.2853     1.4271
    26    7 N        2.1168     0.0703     1.4232
    27    7 N        1.0052    -0.2509     1.4652
    28    7 N        3.9132    -0.7201     1.3746
    29    1 H        0.9972     0.2914     1.1879
    30    1 H        1.0003     0.2922     1.1878
    31    1 H        0.9983     0.2931     1.1878
    32    6 C        3.9624    -0.0725     1.2807
    33    8 O        2.9109    -0.3772     1.3692
    34    1 H        0.9918     0.1455     1.1880
    35    1 H        0.9916     0.1469     1.1880
    36    1 H        0.9921     0.1578     1.1880
    37    1 H        1.0501     0.2751     1.1866
--------------------------------------------------
     Σ                          1.0000
--------------------------------------------------

Electrostatic energy:    1.9959454677427E-01 Eh

[Info] JSON dump of results written to 'multicharge.json'
