[Info] Molecular charge read from './.CHRG'
[Info] Molecular spin read from './.UHF'
xTB calculator
 | Coulomb electrostatics
 |  * isotropic Klopman-Ohno electrostatics
 |  * onsite third-order electrostatics
CEH guess
integral cutoff           4.0000000000000E+01 bohr

Atomic charges (in atomic units):
---------------------------------------------------------
     #    Z                 q
---------------------------------------------------------
     1  100 Fm       0.637480
     2    7 N       -0.122164
     3    1 H        0.101858
     4    1 H        0.104056
     5    1 H        0.108444
     6    6 C       -0.094339
     7    6 C        0.012780
     8    8 O       -0.279248
     9    1 H        0.051640
    10    1 H        0.026172
    11    1 H        0.024047
    12    1 H        0.056827
    13    1 H        0.046524
    14    7 N        0.070700
    15    8 O       -0.077903
    16    8 O       -0.086455
    17    6 C        0.056215
    18    8 O       -0.209938
    19   15 P        0.521193
    20    8 O       -0.201902
    21    6 C        0.031425
    22    8 O       -0.207719
    23    6 C        0.045081
    24    1 H        0.037755
    25    1 H        0.048946
    26    1 H        0.036811
    27    1 H        0.045721
    28    1 H        0.049785
    29    1 H        0.035880
    30    1 H        0.045070
    31    1 H        0.034412
    32    1 H        0.050843
---------------------------------------------------------

Atomic dipole moments (in atomic units):
---------------------------------------------------------
     #    Z                 x            y            z
---------------------------------------------------------
     1  100 Fm       0.348810     0.049977    -0.109257
     2    7 N        0.169260    -0.007612     0.256520
     3    1 H       -0.069992     0.061983     0.068866
     4    1 H        0.101188     0.052634    -0.035104
     5    1 H        0.009569    -0.118296     0.022331
     6    6 C       -0.079163    -0.026849    -0.058733
     7    6 C       -0.128476    -0.049952     0.134218
     8    8 O        0.095270     0.050255    -0.038078
     9    1 H        0.114359     0.044806    -0.068415
    10    1 H        0.030501    -0.122052     0.074850
    11    1 H       -0.056885     0.107804     0.081166
    12    1 H        0.052655    -0.090132    -0.072433
    13    1 H       -0.021997     0.103856    -0.066223
    14    7 N        0.196372    -0.241921    -0.106283
    15    8 O       -0.008309     0.010807     0.184613
    16    8 O       -0.074752     0.089988    -0.148270
    17    6 C        0.241185     0.132986     0.091095
    18    8 O       -0.035227    -0.058169    -0.006583
    19   15 P       -0.065423    -0.124522    -0.009061
    20    8 O       -0.072010    -0.013836     0.023943
    21    6 C        0.169134    -0.032826    -0.211642
    22    8 O       -0.016595    -0.039604    -0.056023
    23    6 C       -0.086447     0.098057     0.246688
    24    1 H       -0.110745     0.056100     0.068921
    25    1 H        0.018167    -0.137762     0.032735
    26    1 H       -0.011511     0.019972    -0.140067
    27    1 H        0.041972     0.122625     0.069951
    28    1 H        0.010377    -0.121306     0.079960
    29    1 H       -0.127859     0.018685    -0.059610
    30    1 H        0.124148     0.072263    -0.034600
    31    1 H       -0.107257     0.030154    -0.090062
    32    1 H        0.022669    -0.141822     0.018341
---------------------------------------------------------
           total    -2.904188    -0.539445     1.419358
---------------------------------------------------------

[Info] JSON dump of results written to 'tblite.json'
