[Info] Molecular spin read from './.UHF'
xTB calculator
 | Coulomb electrostatics
 |  * isotropic Klopman-Ohno electrostatics
 |  * onsite third-order electrostatics
CEH guess
integral cutoff           4.0000000000000E+01 bohr

Atomic charges (in atomic units):
---------------------------------------------------------
     #    Z                 q
---------------------------------------------------------
     1  101 Md       0.665437
     2    6 C        0.142618
     3    8 O        0.159837
     4    7 N       -0.209194
     5    7 N        0.116919
     6    7 N       -0.130948
     7    7 N        0.290531
     8    8 O       -0.189057
     9    8 O       -0.247908
    10    8 O       -0.241556
    11   53 I       -0.356678
---------------------------------------------------------

Atomic dipole moments (in atomic units):
---------------------------------------------------------
     #    Z                 x            y            z
---------------------------------------------------------
     1  101 Md      -0.123302    -0.719613    -0.565462
     2    6 C        0.024842    -0.005139     0.113967
     3    8 O        0.014793    -0.004147     0.075094
     4    7 N        0.338473    -0.183555    -0.079806
     5    7 N       -0.059978     0.031310     0.013825
     6    7 N       -0.323131     0.152929     0.068367
     7    7 N        0.018586     0.016825    -0.000348
     8    8 O        0.177669     0.141487     0.028009
     9    8 O       -0.081047    -0.119850     0.183558
    10    8 O       -0.093256    -0.018882    -0.217574
    11   53 I       -0.000630     0.006529    -0.011961
---------------------------------------------------------
           total     0.884134    -1.123489     1.299755
---------------------------------------------------------

[Info] JSON dump of results written to 'tblite.json'
