[Info] Molecular charge read from '.CHRG'

Charge model parameter:
------------------------------------------------------
   Z          chi/Eh     kcn/Eh     eta/Eh     rad/AA
------------------------------------------------------
 101 Md       1.1131     0.0055     0.6097     0.6919
   6 C        1.4003     0.0601     0.6166     0.9994
   8 O        1.5687     0.1169     0.6793     0.6518
   1 H        1.2370     0.0492     1.0964     0.2919
  16 S        1.4077     0.0713     0.5171     1.1581
------------------------------------------------------

Electrostatic properties (in atomic units):
--------------------------------------------------
     #    Z              CN          q        chi
--------------------------------------------------
     1  101 Md       7.7213     0.7294     1.0978
     2    6 C        3.9596    -0.2145     1.2808
     3    6 C        3.1527     0.0895     1.2937
     4    6 C        3.0017    -0.1062     1.2962
     5    6 C        3.1713     0.0891     1.2933
     6    8 O        1.9868    -0.3373     1.4039
     7    6 C        3.9597    -0.2173     1.2808
     8    8 O        1.9806    -0.3269     1.4042
     9    1 H        0.9920     0.0719     1.1880
    10    1 H        0.9915     0.1001     1.1880
    11    1 H        0.9917     0.0942     1.1880
    12    1 H        0.9931     0.0819     1.1880
    13    1 H        0.9920     0.0716     1.1880
    14    1 H        0.9915     0.0906     1.1880
    15    1 H        0.9916     0.0975     1.1880
    16    8 O        2.8908    -0.5705     1.3699
    17    1 H        1.3532     0.2735     1.1798
    18    1 H        1.5435     0.2908     1.1759
    19    6 C        1.8499     0.1498     1.3186
    20    8 O        0.9996    -0.3846     1.4518
    21    8 O        1.0015    -0.3911     1.4517
    22   16 S        3.9200     0.4050     1.2666
    23    8 O        1.9880    -0.3932     1.4038
    24    8 O        1.9910    -0.3663     1.4037
    25    8 O        1.9900    -0.5932     1.4038
    26    1 H        1.2008     0.2661     1.1831
--------------------------------------------------
     Σ                         -1.0000
--------------------------------------------------

Electrostatic energy:   -9.9295216336153E-01 Eh

[Info] JSON dump of results written to 'multicharge.json'
