[Info] Molecular charge read from '.CHRG'

Charge model parameter:
------------------------------------------------------
   Z          chi/Eh     kcn/Eh     eta/Eh     rad/AA
------------------------------------------------------
  96 Cm       1.1100     0.0071     0.5609     0.7515
   6 C        1.4003     0.0601     0.6166     0.9994
  15 P        1.5267     0.1425     0.7308     0.7313
   8 O        1.5687     0.1169     0.6793     0.6518
   1 H        1.2370     0.0492     1.0964     0.2919
------------------------------------------------------

Electrostatic properties (in atomic units):
--------------------------------------------------
     #    Z              CN          q        chi
--------------------------------------------------
     1   96 Cm       4.1882     0.8105     1.0955
     2    6 C        3.9577    -0.1853     1.2808
     3   15 P        4.2073     0.1956     1.2344
     4    8 O        1.9897    -0.3958     1.4038
     5    6 C        3.9574    -0.1968     1.2808
     6    6 C        3.9575    -0.1972     1.2808
     7    1 H        0.9938     0.1493     1.1879
     8    1 H        0.9942     0.1567     1.1879
     9    1 H        0.9942     0.1540     1.1879
    10    1 H        0.9936     0.1470     1.1879
    11    1 H        0.9940     0.1334     1.1879
    12    1 H        0.9939     0.1527     1.1879
    13    1 H        0.9938     0.1466     1.1879
    14    1 H        0.9940     0.1499     1.1879
    15    1 H        0.9941     0.1362     1.1879
    16    6 C        3.9548    -0.1700     1.2809
    17    6 C        4.0255     0.0114     1.2798
    18    8 O        1.9902    -0.3981     1.4038
    19    1 H        0.9918     0.1539     1.1880
    20    1 H        0.9915     0.1457     1.1880
    21    1 H        0.9914     0.1323     1.1880
    22    1 H        0.9913     0.1604     1.1880
    23    1 H        0.9914     0.1545     1.1880
    24    6 C        3.9555    -0.1629     1.2808
    25    6 C        3.9819    -0.0373     1.2805
    26    8 O        2.9300    -0.4266     1.3686
    27    1 H        0.9917     0.1604     1.1880
    28    1 H        0.9915     0.1572     1.1880
    29    1 H        0.9918     0.1532     1.1880
    30    1 H        0.9916     0.1598     1.1880
    31    1 H        0.9915     0.1476     1.1880
    32    1 H        0.9992     0.2630     1.1878
    33    8 O        2.9119    -0.5611     1.3692
    34    1 H        0.9951     0.2977     1.1879
    35    1 H        0.9933     0.3022     1.1880
--------------------------------------------------
     Σ                          2.0000
--------------------------------------------------

Electrostatic energy:    9.3642604843880E-01 Eh

[Info] JSON dump of results written to 'multicharge.json'
