[Info] Molecular charge read from './.CHRG'
[Info] Molecular spin read from './.UHF'
xTB calculator
 | Coulomb electrostatics
 |  * isotropic Klopman-Ohno electrostatics
 |  * onsite third-order electrostatics
CEH guess
integral cutoff           4.0000000000000E+01 bohr

Atomic charges (in atomic units):
---------------------------------------------------------
     #    Z                 q
---------------------------------------------------------
     1   94 Pu      -0.428725
     2   35 Br      -0.289090
     3   17 Cl      -0.282185
---------------------------------------------------------

Atomic dipole moments (in atomic units):
---------------------------------------------------------
     #    Z                 x            y            z
---------------------------------------------------------
     1   94 Pu      -0.296404    -0.578530     0.364704
     2   35 Br       0.028180    -0.006854    -0.014786
     3   17 Cl       0.002711    -0.009125     0.001299
---------------------------------------------------------
           total     0.101415    -4.954757     0.157109
---------------------------------------------------------

[Info] JSON dump of results written to 'tblite.json'
