Charge model parameter:
------------------------------------------------------
   Z          chi/Eh     kcn/Eh     eta/Eh     rad/AA
------------------------------------------------------
  95 Am       1.0010     0.0051     0.6915     0.6095
  20 Ca       0.7544    -0.0898     0.5212     0.8406
  16 S        1.4077     0.0713     0.5171     1.1581
  17 Cl       1.4815     0.1368     0.7586     0.7238
------------------------------------------------------

Electrostatic properties (in atomic units):
--------------------------------------------------
     #    Z              CN          q        chi
--------------------------------------------------
     1   95 Am       2.7944     0.3484     0.9925
     2   20 Ca       2.7948     0.7191     0.9045
     3   16 S        1.9900    -0.6908     1.3071
     4   17 Cl       1.9641    -0.3767     1.2898
--------------------------------------------------
     Σ                          0.0000
--------------------------------------------------

Electrostatic energy:   -1.9629983165946E-01 Eh

[Info] JSON dump of results written to 'multicharge.json'
