[Info] Molecular spin read from './.UHF'
xTB calculator
 | Coulomb electrostatics
 |  * isotropic Klopman-Ohno electrostatics
 |  * onsite third-order electrostatics
CEH guess
integral cutoff           4.0000000000000E+01 bohr

Atomic charges (in atomic units):
---------------------------------------------------------
     #    Z                 q
---------------------------------------------------------
     1   99 Es       0.441105
     2    4 Be      -0.146634
     3    4 Be       0.175946
     4    8 O       -0.470417
---------------------------------------------------------

Atomic dipole moments (in atomic units):
---------------------------------------------------------
     #    Z                 x            y            z
---------------------------------------------------------
     1   99 Es       0.347206     0.189285     0.481055
     2    4 Be      -0.064897    -0.019244    -0.088555
     3    4 Be      -0.043950     0.266294    -0.055653
     4    8 O        0.009232    -0.021992     0.012968
---------------------------------------------------------
           total     0.586967    -0.150445     0.766891
---------------------------------------------------------

[Info] JSON dump of results written to 'tblite.json'
