[Info] Molecular charge read from '.CHRG'

Charge model parameter:
------------------------------------------------------
   Z          chi/Eh     kcn/Eh     eta/Eh     rad/AA
------------------------------------------------------
 103 Lr       1.1371     0.0068     0.5937     0.7095
   5 B        1.2669    -0.0263     0.5452     1.5138
  34 Se       1.3649     0.0656     0.4617     1.1999
  52 Te       1.3651     0.0895     0.4850     1.0871
  19 K        0.4037    -0.1022     0.9145     0.8703
------------------------------------------------------

Electrostatic properties (in atomic units):
--------------------------------------------------
     #    Z              CN          q        chi
--------------------------------------------------
     1  103 Lr       3.9133     0.1359     1.1238
     2    5 B        1.8268    -0.6451     1.3025
     3   34 Se       1.9655    -0.6637     1.2729
     4   52 Te       1.9216    -0.5090     1.2410
     5   19 K        3.6814     0.6819     0.5998
--------------------------------------------------
     Σ                         -1.0000
--------------------------------------------------

Electrostatic energy:   -8.7746903973181E-01 Eh

[Info] JSON dump of results written to 'multicharge.json'
