[Info] Molecular spin read from './.UHF'
xTB calculator
 | Coulomb electrostatics
 |  * isotropic Klopman-Ohno electrostatics
 |  * onsite third-order electrostatics
CEH guess
integral cutoff           4.0000000000000E+01 bohr

Atomic charges (in atomic units):
---------------------------------------------------------
     #    Z                 q
---------------------------------------------------------
     1   95 Am       0.287609
     2    6 C       -0.086752
     3    6 C        0.139704
     4    6 C       -0.197256
     5    6 C        0.136069
     6    8 O       -0.236463
     7    6 C       -0.091430
     8    8 O       -0.206468
     9    1 H        0.043206
    10    1 H        0.048014
    11    1 H        0.044488
    12    1 H        0.040866
    13    1 H        0.046257
    14    1 H        0.045661
    15    1 H        0.039384
    16    6 C       -0.098266
    17    6 C        0.017745
    18    8 O       -0.146508
    19    1 H        0.055075
    20    1 H        0.028822
    21    1 H        0.009345
    22    1 H        0.054610
    23    1 H        0.058454
    24    1 H        0.129451
    25   35 Br      -0.329975
    26    6 C       -0.016909
    27    6 C       -0.035221
    28    6 C        0.009234
    29    6 C       -0.010710
    30    6 C       -0.011453
    31    6 C       -0.037829
    32    6 C        0.249297
    33    8 O       -0.127960
    34    8 O       -0.139647
    35    1 H        0.036217
    36    1 H        0.034391
    37    1 H        0.039905
    38    1 H        0.019475
    39    1 H        0.031265
    40    1 H        0.187623
    41   35 Br      -0.259005
    42    6 C       -0.112120
    43   15 P        0.169571
    44    6 C       -0.118548
    45    6 C       -0.114402
    46    1 H        0.038705
    47    1 H        0.042150
    48    1 H        0.043509
    49    1 H        0.038806
    50    1 H        0.044548
    51    1 H        0.040560
    52    1 H        0.039853
    53    1 H        0.043167
    54    1 H        0.043889
---------------------------------------------------------

Atomic dipole moments (in atomic units):
---------------------------------------------------------
     #    Z                 x            y            z
---------------------------------------------------------
     1   95 Am      -0.553757    -0.701906     0.067502
     2    6 C       -0.018570     0.019369    -0.071237
     3    6 C        0.121216     0.039496    -0.031026
     4    6 C        0.019819     0.013441    -0.018743
     5    6 C        0.050334     0.055011    -0.118591
     6    8 O       -0.051973    -0.033597     0.070113
     7    6 C        0.068183     0.005653     0.024127
     8    8 O       -0.078986    -0.024791     0.035065
     9    1 H       -0.126805    -0.051185     0.055211
    10    1 H        0.049311     0.119647     0.065191
    11    1 H        0.105614    -0.100347    -0.013619
    12    1 H       -0.096193    -0.046600     0.080286
    13    1 H       -0.078433    -0.051594     0.113657
    14    1 H        0.005459    -0.089228    -0.114791
    15    1 H       -0.032559     0.134934    -0.040693
    16    6 C        0.041196     0.003759     0.077357
    17    6 C        0.161657     0.190304    -0.025115
    18    8 O       -0.005849    -0.090730    -0.093823
    19    1 H       -0.095616    -0.105405    -0.013814
    20    1 H        0.103550    -0.006978    -0.105897
    21    1 H       -0.060990     0.134525     0.008536
    22    1 H        0.054748    -0.118284    -0.000581
    23    1 H       -0.098947     0.008484     0.097315
    24    1 H        0.092998    -0.033901    -0.064414
    25   35 Br      -0.006087    -0.022518     0.006753
    26    6 C       -0.002085     0.006821     0.011422
    27    6 C        0.010412    -0.004535     0.005667
    28    6 C        0.012342     0.006287     0.036609
    29    6 C       -0.013692     0.025587     0.035364
    30    6 C       -0.024331     0.023489     0.012334
    31    6 C       -0.011893     0.006602    -0.009048
    32    6 C       -0.075972     0.108058    -0.044821
    33    8 O       -0.022789     0.020270    -0.078475
    34    8 O        0.045852    -0.063746    -0.067800
    35    1 H        0.047346    -0.076329    -0.100387
    36    1 H       -0.066968    -0.005747    -0.115535
    37    1 H       -0.120241     0.064051    -0.022302
    38    1 H        0.063941     0.007309     0.118272
    39    1 H        0.112217    -0.067713     0.020028
    40    1 H        0.016297     0.001739    -0.120499
    41   35 Br       0.023777     0.030563     0.019369
    42    6 C       -0.019252    -0.019063     0.029209
    43   15 P        0.101596     0.042017     0.088634
    44    6 C        0.027548    -0.017436    -0.022548
    45    6 C       -0.010220     0.038738    -0.008415
    46    1 H        0.098266     0.040569     0.113654
    47    1 H       -0.075368     0.122818    -0.064797
    48    1 H        0.067879    -0.086840    -0.113361
    49    1 H        0.119419     0.041706     0.090075
    50    1 H       -0.103840    -0.090207     0.076529
    51    1 H       -0.074994     0.121809    -0.066491
    52    1 H        0.102063     0.063533     0.099040
    53    1 H        0.068704    -0.084257    -0.114059
    54    1 H       -0.107629    -0.087947     0.073437
---------------------------------------------------------
           total    -1.217076    -1.712916    -1.454319
---------------------------------------------------------

[Info] JSON dump of results written to 'tblite.json'
