[Info] Molecular charge read from '.CHRG'

Charge model parameter:
------------------------------------------------------
   Z          chi/Eh     kcn/Eh     eta/Eh     rad/AA
------------------------------------------------------
  97 Bk       1.1683     0.0046     0.5532     0.7618
   7 N        1.5582     0.0928     0.6565     0.6998
   6 C        1.4003     0.0601     0.6166     0.9994
   1 H        1.2370     0.0492     1.0964     0.2919
------------------------------------------------------

Electrostatic properties (in atomic units):
--------------------------------------------------
     #    Z              CN          q        chi
--------------------------------------------------
     1   97 Bk       5.0552     0.6520     1.1579
     2    7 N        3.9446    -0.5538     1.3739
     3    6 C        4.1048     0.0233     1.2786
     4    6 C        4.0745     0.0170     1.2791
     5    7 N        3.9182    -0.5488     1.3745
     6    1 H        1.0169     0.2846     1.1874
     7    1 H        1.0034     0.2937     1.1877
     8    1 H        0.9913     0.1908     1.1880
     9    1 H        0.9915     0.1887     1.1880
    10    1 H        0.9915     0.1923     1.1880
    11    1 H        0.9913     0.1743     1.1880
    12    1 H        1.0023     0.3070     1.1877
    13    1 H        0.9972     0.2933     1.1879
    14    7 N        3.0019    -0.3206     1.3974
    15    6 C        3.2670     0.0934     1.2917
    16    6 C        3.0067     0.0059     1.2962
    17    6 C        3.0204     0.0135     1.2959
    18    6 C        3.0107    -0.0156     1.2961
    19    6 C        3.2913     0.1535     1.2913
    20    6 C        3.2750     0.1523     1.2916
    21    6 C        3.0104    -0.0150     1.2961
    22    6 C        3.0206     0.0147     1.2959
    23    6 C        3.0067     0.0102     1.2962
    24    6 C        3.2326     0.0971     1.2923
    25    7 N        2.9997    -0.3169     1.3975
    26    1 H        0.9928     0.1729     1.1880
    27    1 H        0.9928     0.2159     1.1880
    28    1 H        0.9926     0.2237     1.1880
    29    1 H        0.9931     0.1840     1.1880
    30    1 H        0.9931     0.1847     1.1880
    31    1 H        0.9926     0.2247     1.1880
    32    1 H        0.9928     0.2199     1.1880
    33    1 H        0.9922     0.1873     1.1880
--------------------------------------------------
     Σ                          3.0000
--------------------------------------------------

Electrostatic energy:    1.6308589818919E+00 Eh

[Info] JSON dump of results written to 'multicharge.json'
