[Info] Molecular charge read from '.CHRG'

Charge model parameter:
------------------------------------------------------
   Z          chi/Eh     kcn/Eh     eta/Eh     rad/AA
------------------------------------------------------
  92 U        1.0982     0.0042     0.6173     0.6828
  15 P        1.5267     0.1425     0.7308     0.7313
  16 S        1.4077     0.0713     0.5171     1.1581
  52 Te       1.3651     0.0895     0.4850     1.0871
  35 Br       1.3980     0.0801     0.3934     1.5631
------------------------------------------------------

Electrostatic properties (in atomic units):
--------------------------------------------------
     #    Z              CN          q        chi
--------------------------------------------------
     1   92 U        3.6955     0.6531     1.0902
     2   15 P        2.9397     0.0956     1.2824
     3   16 S        1.9686     0.1614     1.3077
     4   52 Te       2.7151     0.5869     1.2175
     5   35 Br       1.9905     0.5031     1.2851
--------------------------------------------------
     Σ                          2.0000
--------------------------------------------------

Electrostatic energy:    1.2033140930607E+00 Eh

[Info] JSON dump of results written to 'multicharge.json'
