Charge model parameter:
------------------------------------------------------
   Z          chi/Eh     kcn/Eh     eta/Eh     rad/AA
------------------------------------------------------
  90 Th       1.0989     0.0159     0.6181     0.6812
   8 O        1.5687     0.1169     0.6793     0.6518
  16 S        1.4077     0.0713     0.5171     1.1581
   6 C        1.4003     0.0601     0.6166     0.9994
   7 N        1.5582     0.0928     0.6565     0.6998
   1 H        1.2370     0.0492     1.0964     0.2919
------------------------------------------------------

Electrostatic properties (in atomic units):
--------------------------------------------------
     #    Z              CN          q        chi
--------------------------------------------------
     1   90 Th       7.9076     0.8795     1.0542
     2    8 O        1.9441    -0.3098     1.4057
     3   16 S        3.9262     0.4256     1.2665
     4    8 O        1.9918    -0.3089     1.4037
     5    8 O        1.9279    -0.2822     1.4064
     6    6 C        3.9598    -0.1704     1.2808
     7    6 C        3.3330     0.2530     1.2906
     8    7 N        1.9967    -0.4166     1.4271
     9    1 H        0.9917     0.1203     1.1880
    10    1 H        0.9916     0.1187     1.1880
    11    1 H        0.9923     0.1144     1.1880
    12    6 C        3.9596    -0.1680     1.2808
    13    6 C        3.3436     0.2565     1.2905
    14    7 N        1.9985    -0.4141     1.4270
    15    1 H        0.9916     0.1174     1.1880
    16    1 H        0.9923     0.1189     1.1880
    17    1 H        0.9916     0.1182     1.1880
    18    6 C        3.0143    -0.0952     1.2960
    19    6 C        3.0131    -0.0882     1.2960
    20    6 C        3.0175    -0.0576     1.2960
    21    6 C        3.0192     0.0101     1.2959
    22    6 C        3.0147    -0.0885     1.2960
    23    6 C        3.0117    -0.0958     1.2961
    24    6 C        3.1088     0.2534     1.2944
    25    8 O        1.9463    -0.2794     1.4056
    26    8 O        1.9918    -0.4121     1.4037
    27    1 H        0.9928     0.1178     1.1880
    28    1 H        0.9929     0.1252     1.1880
    29    1 H        0.9927     0.1616     1.1880
    30    1 H        0.9925     0.1214     1.1880
    31    1 H        0.9929     0.1192     1.1880
    32    1 H        0.9937     0.2479     1.1879
    33    6 C        3.9581    -0.1676     1.2808
    34    6 C        2.3211     0.1171     1.3088
    35    7 N        1.8822    -0.3272     1.4309
    36    1 H        0.9920     0.1247     1.1880
    37    1 H        0.9911     0.1353     1.1880
    38    1 H        0.9920     0.1162     1.1880
    39    8 O        1.9313    -0.2843     1.4062
    40   16 S        3.9319     0.4247     1.2664
    41    8 O        1.9558    -0.3256     1.4052
    42    8 O        1.9932    -0.3055     1.4036
--------------------------------------------------
     Σ                          0.0000
--------------------------------------------------

Electrostatic energy:   -4.3577396487555E-01 Eh

[Info] JSON dump of results written to 'multicharge.json'
