xTB calculator
 | Coulomb electrostatics
 |  * isotropic Klopman-Ohno electrostatics
 |  * onsite third-order electrostatics
CEH guess
integral cutoff           4.0000000000000E+01 bohr

Atomic charges (in atomic units):
---------------------------------------------------------
     #    Z                 q
---------------------------------------------------------
     1  103 Lr       0.635744
     2    7 N        0.293519
     3    8 O       -0.180230
     4    8 O       -0.227301
     5    8 O       -0.238454
     6    7 N       -0.078481
     7    1 H        0.106445
     8    1 H        0.100449
     9    1 H        0.100149
    10    7 N       -0.302302
    11    7 N        0.100012
    12    7 N       -0.127398
    13    6 C       -0.091396
    14    6 C        0.093478
    15    7 N       -0.015633
    16    1 H        0.072748
    17    1 H        0.070140
    18    1 H        0.069225
    19    7 N        0.012418
    20    8 O       -0.204379
    21    8 O       -0.188753
---------------------------------------------------------

Atomic dipole moments (in atomic units):
---------------------------------------------------------
     #    Z                 x            y            z
---------------------------------------------------------
     1  103 Lr       0.130180    -0.068094     0.215916
     2    7 N        0.023662    -0.017548    -0.040627
     3    8 O        0.114160    -0.082905    -0.183715
     4    8 O       -0.142353    -0.159535     0.119521
     5    8 O        0.029678     0.234473     0.050584
     6    7 N       -0.177424    -0.327903    -0.052736
     7    1 H        0.086409    -0.070613     0.032847
     8    1 H       -0.020956     0.007261    -0.112799
     9    1 H       -0.087300     0.013618     0.074215
    10    7 N        0.441441    -0.188916     0.143340
    11    7 N       -0.119647     0.053140    -0.038198
    12    7 N       -0.322456     0.130374    -0.108109
    13    6 C        0.014416    -0.012702     0.003910
    14    6 C       -0.168784     0.163367    -0.044414
    15    7 N        0.020368    -0.012585     0.007176
    16    1 H       -0.126376    -0.075797    -0.023955
    17    1 H        0.049428     0.072861    -0.119398
    18    1 H       -0.003307     0.083906     0.122136
    19    7 N       -0.037710    -0.141705     0.413167
    20    8 O        0.050987     0.192965    -0.017852
    21    8 O       -0.042065    -0.140597    -0.138180
---------------------------------------------------------
           total    -3.253887    -0.818412    -0.679223
---------------------------------------------------------

[Info] JSON dump of results written to 'tblite.json'
