xTB calculator
 | Coulomb electrostatics
 |  * isotropic Klopman-Ohno electrostatics
 |  * onsite third-order electrostatics
CEH guess
integral cutoff           2.3650283084401E+01 bohr

Atomic charges (in atomic units):
---------------------------------------------------------
     #    Z                 q
---------------------------------------------------------
     1   90 Th       0.694763
     2    6 C        0.005191
     3    6 C       -0.034576
     4    6 C        0.026479
     5    6 C       -0.018229
     6    6 C        0.008125
     7    6 C       -0.040405
     8    6 C        0.334585
     9    8 O       -0.211247
    10    8 O       -0.078869
    11    1 H        0.037107
    12    1 H        0.037402
    13    1 H        0.040724
    14    1 H        0.032097
    15    1 H        0.033068
    16    1 H        0.199227
    17    8 O       -0.142255
    18    1 H        0.195679
    19    1 H        0.205423
    20   16 S       -0.085583
    21    6 C        0.120460
    22    7 N       -0.348093
    23   16 S       -0.140578
    24    6 C        0.027063
    25    7 N       -0.160190
    26    8 O       -0.385587
    27    1 H        0.163292
    28    6 C       -0.336034
    29    7 N       -0.179039
---------------------------------------------------------

Atomic dipole moments (in atomic units):
---------------------------------------------------------
     #    Z                 x            y            z
---------------------------------------------------------
     1   90 Th      -0.153506     0.328514     0.129955
     2    6 C       -0.004451     0.008527    -0.014109
     3    6 C       -0.009116    -0.010205    -0.008147
     4    6 C       -0.026383    -0.001210    -0.042806
     5    6 C       -0.006583     0.025923    -0.037221
     6    6 C        0.007771     0.039995    -0.013083
     7    6 C        0.006262     0.011758     0.004317
     8    6 C        0.032147     0.097849    -0.032002
     9    8 O        0.056655     0.022709     0.082782
    10    8 O        0.013530    -0.072541     0.066999
    11    1 H        0.027654    -0.090600     0.095269
    12    1 H        0.075520     0.035717     0.104948
    13    1 H        0.049290     0.126468     0.020669
    14    1 H       -0.076835    -0.037320    -0.106533
    15    1 H       -0.048864    -0.121936    -0.016431
    16    1 H        0.101328    -0.041452     0.058435
    17    8 O       -0.047570    -0.105242     0.001523
    18    1 H       -0.100837    -0.036420    -0.061736
    19    1 H        0.057428    -0.114937     0.025444
    20   16 S       -0.018517    -0.209315     0.126157
    21    6 C        0.007980     0.096517    -0.063664
    22    7 N       -0.015327    -0.150618     0.059027
    23   16 S       -0.073865     0.045350     0.073208
    24    6 C       -0.105365    -0.005456    -0.025678
    25    7 N       -0.024365     0.054942     0.109731
    26    8 O        0.035355     0.144025    -0.114126
    27    1 H        0.033480     0.134609    -0.092318
    28    6 C        0.096292    -0.026248    -0.018011
    29    7 N       -0.058334     0.004623    -0.011162
---------------------------------------------------------
           total     0.376207     0.816481     1.716027
---------------------------------------------------------

[Info] JSON dump of results written to 'tblite.json'
