[Info] Molecular charge read from '.CHRG'

Charge model parameter:
------------------------------------------------------
   Z          chi/Eh     kcn/Eh     eta/Eh     rad/AA
------------------------------------------------------
  91 Pa       1.0721     0.0037     0.5511     0.7643
   7 N        1.5582     0.0928     0.6565     0.6998
   8 O        1.5687     0.1169     0.6793     0.6518
   6 C        1.4003     0.0601     0.6166     0.9994
   1 H        1.2370     0.0492     1.0964     0.2919
  35 Br       1.3980     0.0801     0.3934     1.5631
   9 F        1.5754     0.1570     0.7723     0.9393
------------------------------------------------------

Electrostatic properties (in atomic units):
--------------------------------------------------
     #    Z              CN          q        chi
--------------------------------------------------
     1   91 Pa       6.1446     1.0089     1.0629
     2    7 N        1.9987     0.0098     1.4270
     3    8 O        1.0001    -0.1433     1.4518
     4    8 O        1.9594    -0.2478     1.4050
     5    6 C        4.0855    -0.0513     1.2789
     6    6 C        3.9847    -0.1205     1.2804
     7    6 C        3.9816    -0.1179     1.2805
     8    6 C        4.0965    -0.0291     1.2787
     9    8 O        2.9304    -0.2840     1.3686
    10    1 H        0.9912     0.1189     1.1880
    11    1 H        0.9918     0.1304     1.1880
    12    1 H        0.9916     0.1404     1.1880
    13    1 H        0.9920     0.1328     1.1880
    14    1 H        0.9920     0.1407     1.1880
    15    1 H        0.9915     0.1405     1.1880
    16    1 H        0.9916     0.1552     1.1880
    17    1 H        0.9926     0.1501     1.1880
    18    8 O        1.9913    -0.5361     1.4037
    19    1 H        1.0055     0.3291     1.1877
    20   35 Br       0.9933    -0.1526     1.3182
    21    6 C        4.0729    -0.0428     1.2791
    22    6 C        3.9863    -0.1158     1.2804
    23    6 C        3.9829    -0.1233     1.2804
    24    6 C        4.0543    -0.0407     1.2794
    25    8 O        2.9273    -0.2957     1.3687
    26    1 H        0.9918     0.1340     1.1880
    27    1 H        0.9919     0.1480     1.1880
    28    1 H        0.9916     0.1436     1.1880
    29    1 H        0.9920     0.1370     1.1880
    30    1 H        0.9919     0.1360     1.1880
    31    1 H        0.9915     0.1306     1.1880
    32    1 H        0.9917     0.1462     1.1880
    33    1 H        0.9920     0.1227     1.1880
    34    9 F        0.9986    -0.2541     1.4185
--------------------------------------------------
     Σ                          1.0000
--------------------------------------------------

Electrostatic energy:    3.0729562367687E-01 Eh

[Info] JSON dump of results written to 'multicharge.json'
