[Info] Molecular charge read from '.CHRG'

Charge model parameter:
------------------------------------------------------
   Z          chi/Eh     kcn/Eh     eta/Eh     rad/AA
------------------------------------------------------
  89 Ac       1.0458     0.0047     0.6519     0.6470
   7 N        1.5582     0.0928     0.6565     0.6998
   6 C        1.4003     0.0601     0.6166     0.9994
   1 H        1.2370     0.0492     1.0964     0.2919
   8 O        1.5687     0.1169     0.6793     0.6518
  16 S        1.4077     0.0713     0.5171     1.1581
------------------------------------------------------

Electrostatic properties (in atomic units):
--------------------------------------------------
     #    Z              CN          q        chi
--------------------------------------------------
     1   89 Ac       6.8759     0.6826     1.0334
     2    7 N        3.8977    -0.5717     1.3750
     3    6 C        4.0919    -0.0267     1.2788
     4    6 C        4.0897    -0.0228     1.2788
     5    7 N        3.9061    -0.5656     1.3748
     6    1 H        1.0187     0.2559     1.1873
     7    1 H        0.9995     0.2396     1.1878
     8    1 H        0.9912     0.1215     1.1880
     9    1 H        0.9912     0.1146     1.1880
    10    1 H        0.9913     0.1124     1.1880
    11    1 H        0.9916     0.1453     1.1880
    12    1 H        1.0066     0.2358     1.1876
    13    1 H        1.0090     0.2401     1.1876
    14    6 C        4.2578    -0.0483     1.2764
    15    6 C        3.9786    -0.1311     1.2805
    16    6 C        3.9881    -0.1297     1.2804
    17    6 C        4.0693    -0.0508     1.2791
    18    8 O        2.9312    -0.2833     1.3685
    19    1 H        0.9913     0.1225     1.1880
    20    1 H        1.0181     0.1107     1.1873
    21    1 H        0.9914     0.1282     1.1880
    22    1 H        0.9920     0.1223     1.1880
    23    1 H        0.9920     0.1246     1.1880
    24    1 H        0.9916     0.1244     1.1880
    25    1 H        0.9916     0.1362     1.1880
    26    1 H        0.9916     0.1198     1.1880
    27    6 C        3.9544    -0.1928     1.2809
    28    6 C        4.0763    -0.0092     1.2790
    29    8 O        1.9917    -0.3988     1.4037
    30    1 H        0.9917     0.1218     1.1880
    31    1 H        0.9914     0.1282     1.1880
    32    1 H        0.9914     0.1251     1.1880
    33    1 H        0.9908     0.1276     1.1880
    34    1 H        0.9908     0.1260     1.1880
    35   16 S        1.9260    -0.0821     1.3088
    36    6 C        2.9027     0.1392     1.2980
    37    7 N        1.8326    -0.3912     1.4326
--------------------------------------------------
     Σ                          1.0000
--------------------------------------------------

Electrostatic energy:    2.9286331460399E-01 Eh

[Info] JSON dump of results written to 'multicharge.json'
