Charge model parameter:
------------------------------------------------------
   Z          chi/Eh     kcn/Eh     eta/Eh     rad/AA
------------------------------------------------------
  96 Cm       1.1100     0.0071     0.5609     0.7515
   6 C        1.4003     0.0601     0.6166     0.9994
   7 N        1.5582     0.0928     0.6565     0.6998
  16 S        1.4077     0.0713     0.5171     1.1581
  53 I        1.4034     0.0897     0.3054     2.0116
------------------------------------------------------

Electrostatic properties (in atomic units):
--------------------------------------------------
     #    Z              CN          q        chi
--------------------------------------------------
     1   96 Cm       3.9722     0.8013     1.0959
     2    6 C        2.0136    -0.1434     1.3151
     3    7 N        1.0005    -0.5251     1.4654
     4   16 S        1.9968    -0.0687     1.3070
     5   53 I        1.0169    -0.0640     1.3130
--------------------------------------------------
     Σ                          0.0000
--------------------------------------------------

Electrostatic energy:   -1.2694479410669E-01 Eh

[Info] JSON dump of results written to 'multicharge.json'
