[Info] Molecular charge read from './.CHRG'
[Info] Molecular spin read from './.UHF'
xTB calculator
 | Coulomb electrostatics
 |  * isotropic Klopman-Ohno electrostatics
 |  * onsite third-order electrostatics
CEH guess
integral cutoff           4.0000000000000E+01 bohr

Atomic charges (in atomic units):
---------------------------------------------------------
     #    Z                 q
---------------------------------------------------------
     1   94 Pu       1.320642
     2    7 N       -0.093233
     3    6 C       -0.010640
     4    6 C       -0.014102
     5    7 N       -0.032108
     6    6 C       -0.015919
     7    6 C       -0.006215
     8    7 N       -0.057216
     9    1 H        0.145899
    10    1 H        0.134358
    11    1 H        0.077097
    12    1 H        0.051482
    13    1 H        0.062979
    14    1 H        0.073032
    15    1 H        0.144332
    16    1 H        0.064981
    17    1 H        0.075509
    18    1 H        0.083651
    19    1 H        0.042939
    20    1 H        0.133396
    21    1 H        0.144245
    22    8 O       -0.367925
    23   16 S        0.692180
    24    8 O       -0.338252
    25    8 O       -0.311111
---------------------------------------------------------

Atomic dipole moments (in atomic units):
---------------------------------------------------------
     #    Z                 x            y            z
---------------------------------------------------------
     1   94 Pu      -0.125642    -0.145415    -1.168577
     2    7 N        0.135774    -0.116157    -0.185253
     3    6 C       -0.005730     0.048792     0.223054
     4    6 C       -0.099787     0.190574     0.086719
     5    7 N       -0.048827    -0.080557    -0.224010
     6    6 C        0.157080    -0.036996     0.164512
     7    6 C       -0.038777    -0.047208     0.221236
     8    7 N       -0.127357     0.063962    -0.188544
     9    1 H        0.070174     0.089276    -0.026634
    10    1 H        0.049515    -0.082216     0.063258
    11    1 H        0.095694    -0.068135    -0.045214
    12    1 H       -0.036244     0.105875    -0.079786
    13    1 H        0.033568    -0.097465     0.089983
    14    1 H       -0.048574    -0.044375    -0.106738
    15    1 H       -0.061183    -0.069724     0.037361
    16    1 H       -0.123270    -0.038591     0.029435
    17    1 H        0.037813    -0.024687    -0.119763
    18    1 H       -0.083696     0.069804    -0.065078
    19    1 H        0.129335     0.041216    -0.031372
    20    1 H       -0.106126    -0.043275     0.033101
    21    1 H        0.013578     0.112583     0.017224
    22    8 O        0.101257     0.028337     0.010971
    23   16 S       -0.016817     0.007230     0.043361
    24    8 O       -0.022996    -0.108811     0.011259
    25    8 O       -0.064682     0.064518     0.069003
---------------------------------------------------------
           total    -0.364603    -0.697647    -1.926078
---------------------------------------------------------

[Info] JSON dump of results written to 'tblite.json'
