[Info] Molecular charge read from './.CHRG'
xTB calculator
 | Coulomb electrostatics
 |  * isotropic Klopman-Ohno electrostatics
 |  * onsite third-order electrostatics
CEH guess
integral cutoff           4.0000000000000E+01 bohr

Atomic charges (in atomic units):
---------------------------------------------------------
     #    Z                 q
---------------------------------------------------------
     1  103 Lr       0.809766
     2    6 C       -0.079013
     3   15 P        0.451509
     4    8 O       -0.299110
     5    6 C       -0.080291
     6    6 C       -0.081377
     7    1 H        0.068949
     8    1 H        0.098577
     9    1 H        0.071115
    10    1 H        0.098857
    11    1 H        0.068641
    12    1 H        0.071628
    13    1 H        0.099813
    14    1 H        0.069095
    15    1 H        0.066707
    16    6 C       -0.112221
    17   15 P        0.232629
    18    6 C       -0.111671
    19    6 C       -0.112159
    20    1 H        0.047362
    21    1 H        0.067917
    22    1 H        0.068995
    23    1 H        0.045920
    24    1 H        0.069984
    25    1 H        0.068029
    26    1 H        0.046006
    27    1 H        0.066783
    28    1 H        0.067952
    29    6 C       -0.096768
    30    6 C        0.201521
    31    7 N       -0.009536
    32    1 H        0.092194
    33    1 H        0.091703
    34    1 H        0.089811
    35    6 C        0.080464
    36    8 O       -0.176689
    37   15 P        0.611457
    38    8 O       -0.204852
    39    6 C        0.069515
    40    8 O       -0.198402
    41    6 C        0.070642
    42    1 H        0.048113
    43    1 H        0.048049
    44    1 H        0.056117
    45    1 H        0.062308
    46    1 H        0.049399
    47    1 H        0.062605
    48    1 H        0.059903
    49    1 H        0.063105
    50    1 H        0.048946
---------------------------------------------------------

Atomic dipole moments (in atomic units):
---------------------------------------------------------
     #    Z                 x            y            z
---------------------------------------------------------
     1  103 Lr       0.142982    -0.176376    -0.702438
     2    6 C       -0.046245    -0.007927     0.011256
     3   15 P       -0.023154     0.015686     0.011408
     4    8 O        0.029665    -0.021090    -0.024643
     5    6 C       -0.021087     0.044007    -0.001935
     6    6 C       -0.004641     0.012281     0.045430
     7    1 H       -0.022387     0.143069    -0.059215
     8    1 H        0.103215    -0.075336    -0.090513
     9    1 H        0.057713     0.006953     0.145820
    10    1 H        0.103963    -0.073995    -0.090559
    11    1 H       -0.134318    -0.080647    -0.003370
    12    1 H        0.058744     0.008418     0.145399
    13    1 H        0.103788    -0.075104    -0.089887
    14    1 H       -0.020030     0.143387    -0.057825
    15    1 H       -0.133564    -0.080631    -0.000653
    16    6 C       -0.010177     0.049741    -0.035390
    17   15 P        0.025545     0.004413     0.125975
    18    6 C        0.041120    -0.023310    -0.039298
    19    6 C       -0.046634    -0.030096    -0.021896
    20    1 H        0.027833     0.031775     0.135105
    21    1 H        0.119315    -0.071045    -0.064447
    22    1 H       -0.125756    -0.086960    -0.009419
    23    1 H        0.045707     0.000962     0.133530
    24    1 H       -0.127200    -0.082933    -0.012675
    25    1 H       -0.025628     0.141661    -0.048932
    26    1 H        0.009054    -0.002925     0.141056
    27    1 H       -0.019223     0.142230    -0.050201
    28    1 H        0.123814    -0.061919    -0.064098
    29    6 C       -0.006457    -0.029738     0.004818
    30    6 C        0.044949     0.191981    -0.030647
    31    7 N       -0.006220    -0.019264    -0.000398
    32    1 H       -0.093183     0.077222     0.091701
    33    1 H       -0.026744     0.026870    -0.147079
    34    1 H        0.145892     0.017142     0.036970
    35    6 C        0.240911     0.126105     0.134205
    36    8 O       -0.055963    -0.013921     0.002835
    37   15 P       -0.051109    -0.004470     0.030438
    38    8 O       -0.043661    -0.051425     0.002125
    39    6 C        0.003626     0.290761    -0.099895
    40    8 O       -0.061844     0.010979    -0.025072
    41    6 C        0.157329    -0.229495     0.122653
    42    1 H        0.032099    -0.137411    -0.027667
    43    1 H       -0.026527     0.074038    -0.120455
    44    1 H       -0.107274     0.012321     0.096276
    45    1 H        0.126307    -0.024210     0.056000
    46    1 H       -0.023374    -0.078810    -0.112876
    47    1 H       -0.098837    -0.013746     0.098747
    48    1 H        0.084349     0.111527     0.007839
    49    1 H       -0.115732     0.022522     0.076392
    50    1 H       -0.025928    -0.038576    -0.132455
---------------------------------------------------------
           total    -1.628730     3.948156     2.515292
---------------------------------------------------------

[Info] JSON dump of results written to 'tblite.json'
