[Info] Molecular charge read from '.CHRG'

Charge model parameter:
------------------------------------------------------
   Z          chi/Eh     kcn/Eh     eta/Eh     rad/AA
------------------------------------------------------
  92 U        1.0982     0.0042     0.6173     0.6828
   7 N        1.5582     0.0928     0.6565     0.6998
   6 C        1.4003     0.0601     0.6166     0.9994
   1 H        1.2370     0.0492     1.0964     0.2919
   8 O        1.5687     0.1169     0.6793     0.6518
------------------------------------------------------

Electrostatic properties (in atomic units):
--------------------------------------------------
     #    Z              CN          q        chi
--------------------------------------------------
     1   92 U        6.4141     0.8035     1.0876
     2    7 N        2.9465    -0.3111     1.3989
     3    6 C        3.1461     0.0415     1.2938
     4    6 C        3.0103    -0.0711     1.2961
     5    6 C        3.0222    -0.0695     1.2959
     6    6 C        3.0141    -0.0772     1.2960
     7    6 C        3.1297     0.1222     1.2940
     8    6 C        3.1320     0.1217     1.2940
     9    6 C        3.0142    -0.0770     1.2960
    10    6 C        3.0214    -0.0699     1.2959
    11    6 C        3.0105    -0.0734     1.2961
    12    6 C        3.1624     0.0431     1.2935
    13    7 N        2.9566    -0.3093     1.3986
    14    1 H        0.9924     0.1359     1.1880
    15    1 H        0.9931     0.1372     1.1880
    16    1 H        0.9929     0.1405     1.1880
    17    1 H        0.9932     0.1240     1.1880
    18    1 H        0.9932     0.1241     1.1880
    19    1 H        0.9929     0.1400     1.1880
    20    1 H        0.9931     0.1345     1.1880
    21    1 H        0.9928     0.1442     1.1880
    22    6 C        3.9608    -0.1719     1.2808
    23    6 C        3.1655     0.1037     1.2934
    24    6 C        3.0035    -0.0716     1.2962
    25    6 C        3.1606     0.1053     1.2935
    26    8 O        1.9880    -0.3121     1.4038
    27    6 C        3.9606    -0.1672     1.2808
    28    8 O        1.9890    -0.3265     1.4038
    29    1 H        0.9924     0.1196     1.1880
    30    1 H        0.9915     0.1305     1.1880
    31    1 H        0.9915     0.1322     1.1880
    32    1 H        0.9933     0.1194     1.1880
    33    1 H        0.9923     0.1199     1.1880
    34    1 H        0.9915     0.1374     1.1880
    35    1 H        0.9916     0.1358     1.1880
    36    8 O        1.9914    -0.4976     1.4037
    37    1 H        1.0040     0.3058     1.1877
    38    6 C        4.0330    -0.0504     1.2797
    39    8 O        1.9918    -0.3621     1.4037
    40    1 H        0.9913     0.1318     1.1880
    41    1 H        0.9913     0.1320     1.1880
    42    1 H        0.9912     0.1322     1.1880
--------------------------------------------------
     Σ                          1.0000
--------------------------------------------------

Electrostatic energy:    3.0944845244853E-01 Eh

[Info] JSON dump of results written to 'multicharge.json'
