[Info] Molecular charge read from '.CHRG'

Charge model parameter:
------------------------------------------------------
   Z          chi/Eh     kcn/Eh     eta/Eh     rad/AA
------------------------------------------------------
  89 Ac       1.0458     0.0047     0.6519     0.6470
   6 C        1.4003     0.0601     0.6166     0.9994
  15 P        1.5267     0.1425     0.7308     0.7313
   8 O        1.5687     0.1169     0.6793     0.6518
   1 H        1.2370     0.0492     1.0964     0.2919
   7 N        1.5582     0.0928     0.6565     0.6998
  16 S        1.4077     0.0713     0.5171     1.1581
------------------------------------------------------

Electrostatic properties (in atomic units):
--------------------------------------------------
     #    Z              CN          q        chi
--------------------------------------------------
     1   89 Ac       5.2917     0.7590     1.0349
     2    6 C        3.9576    -0.1939     1.2808
     3   15 P        4.4975     0.2186     1.2245
     4    8 O        1.9935    -0.3448     1.4036
     5    6 C        3.9577    -0.1950     1.2808
     6    6 C        3.9589    -0.1980     1.2808
     7    1 H        0.9942     0.1536     1.1879
     8    1 H        0.9946     0.1587     1.1879
     9    1 H        0.9937     0.1405     1.1879
    10    1 H        0.9937     0.1397     1.1879
    11    1 H        0.9943     0.1523     1.1879
    12    1 H        0.9942     0.1548     1.1879
    13    1 H        0.9939     0.1400     1.1879
    14    1 H        0.9944     0.1608     1.1879
    15    1 H        0.9932     0.1468     1.1880
    16    6 C        1.0021     0.1700     1.3402
    17    8 O        1.6706    -0.2324     1.4176
    18    6 C        1.9485     0.1530     1.3165
    19    7 N        1.9820    -0.3392     1.4276
    20   16 S        1.0134     0.0127     1.3359
    21    6 C        2.2398     0.2006     1.3104
    22    7 N        2.0097    -0.3578     1.4266
--------------------------------------------------
     Σ                          1.0000
--------------------------------------------------

Electrostatic energy:    4.0142485533474E-01 Eh

[Info] JSON dump of results written to 'multicharge.json'
