[Info] Molecular charge read from './.CHRG'
xTB calculator
 | Coulomb electrostatics
 |  * isotropic Klopman-Ohno electrostatics
 |  * onsite third-order electrostatics
CEH guess
integral cutoff           2.4638462780296E+01 bohr

Atomic charges (in atomic units):
---------------------------------------------------------
     #    Z                 q
---------------------------------------------------------
     1   89 Ac       0.986885
     2    7 N       -0.074620
     3    6 C       -0.015246
     4    6 C       -0.014295
     5    7 N       -0.045220
     6    6 C       -0.016577
     7    6 C       -0.010675
     8    7 N       -0.073221
     9    1 H        0.126766
    10    1 H        0.131051
    11    1 H        0.059429
    12    1 H        0.088747
    13    1 H        0.085284
    14    1 H        0.078654
    15    1 H        0.133903
    16    1 H        0.092777
    17    1 H        0.076017
    18    1 H        0.056317
    19    1 H        0.091232
    20    1 H        0.122082
    21    1 H        0.141020
    22    6 C        0.028504
    23    6 C       -0.036329
    24    6 C        0.022151
    25    6 C       -0.007072
    26    6 C        0.041074
    27    6 C       -0.031271
    28    6 C        0.263153
    29    8 O       -0.121579
    30    8 O       -0.109544
    31    1 H        0.054929
    32    1 H        0.054172
    33    1 H        0.031814
    34    1 H        0.051360
    35    1 H        0.058792
    36    1 H        0.196948
    37    6 C        0.022974
    38    6 C       -0.030944
    39    6 C        0.045037
    40    6 C       -0.008868
    41    6 C        0.008450
    42    6 C       -0.038860
    43    6 C        0.290909
    44    8 O       -0.178519
    45    8 O       -0.087967
    46    1 H        0.054822
    47    1 H        0.059824
    48    1 H        0.054634
    49    1 H        0.028193
    50    1 H        0.051698
    51    1 H        0.211202
---------------------------------------------------------

Atomic dipole moments (in atomic units):
---------------------------------------------------------
     #    Z                 x            y            z
---------------------------------------------------------
     1   89 Ac      -0.396957    -0.103563    -0.268176
     2    7 N        0.142274     0.242383    -0.048508
     3    6 C       -0.165845    -0.132505    -0.075945
     4    6 C        0.000322    -0.234269     0.039837
     5    7 N        0.135237     0.173222     0.144135
     6    6 C       -0.124107    -0.023456    -0.200105
     7    6 C       -0.212746    -0.091921    -0.025576
     8    7 N        0.206533    -0.011064     0.171864
     9    1 H       -0.064688     0.075038    -0.048856
    10    1 H        0.085546    -0.024413    -0.069959
    11    1 H        0.100178    -0.068376     0.039058
    12    1 H        0.029401     0.105076    -0.058067
    13    1 H        0.057333     0.071720     0.081310
    14    1 H       -0.108069     0.048706    -0.040100
    15    1 H       -0.065729     0.036139     0.061019
    16    1 H        0.091156     0.084811     0.002025
    17    1 H       -0.065877    -0.009040     0.107105
    18    1 H        0.059824     0.010936    -0.104735
    19    1 H        0.076767    -0.041916     0.088292
    20    1 H        0.054920    -0.089681    -0.022989
    21    1 H       -0.049809    -0.005387     0.110504
    22    6 C        0.031156     0.002682     0.000808
    23    6 C        0.018947    -0.013186     0.010175
    24    6 C        0.051674    -0.037234     0.028174
    25    6 C        0.066063    -0.001433     0.005444
    26    6 C        0.061273     0.044584    -0.024179
    27    6 C        0.016983     0.011627    -0.006327
    28    6 C        0.090336    -0.063166     0.044103
    29    8 O       -0.019041    -0.082848     0.046435
    30    8 O       -0.100864     0.007694    -0.014737
    31    1 H       -0.134571     0.006433    -0.015880
    32    1 H       -0.054927     0.101841    -0.070331
    33    1 H        0.077945     0.096257    -0.055620
    34    1 H        0.037311    -0.109504     0.075973
    35    1 H       -0.081687    -0.095575     0.055073
    36    1 H       -0.092277    -0.077796     0.032616
    37    6 C       -0.014256     0.018372     0.020282
    38    6 C       -0.015059     0.014710     0.002880
    39    6 C       -0.055698     0.056949     0.012168
    40    6 C       -0.025456     0.034261     0.054470
    41    6 C        0.006702     0.004758     0.063377
    42    6 C        0.002466     0.003372     0.025621
    43    6 C        0.002756     0.004202     0.108546
    44    8 O        0.060328    -0.063186     0.032476
    45    8 O        0.022739    -0.038414    -0.091090
    46    1 H        0.041295    -0.063587    -0.112516
    47    1 H        0.098593    -0.095535     0.005840
    48    1 H        0.070633    -0.042535     0.111185
    49    1 H       -0.097336     0.092432    -0.010112
    50    1 H       -0.055602     0.030921    -0.119017
    51    1 H        0.068830    -0.096152    -0.025481
---------------------------------------------------------
           total    -1.425392    -0.882438     3.006092
---------------------------------------------------------

[Info] JSON dump of results written to 'tblite.json'
