[Info] Molecular charge read from './.CHRG'
xTB calculator
 | Coulomb electrostatics
 |  * isotropic Klopman-Ohno electrostatics
 |  * onsite third-order electrostatics
CEH guess
integral cutoff           2.4638462780296E+01 bohr

Atomic charges (in atomic units):
---------------------------------------------------------
     #    Z                 q
---------------------------------------------------------
     1   89 Ac       0.855914
     2    9 F       -0.103504
     3   15 P        0.265008
     4    9 F       -0.139249
     5    9 F       -0.224216
     6    8 O       -0.416358
     7   16 S        0.273348
     8    8 O       -0.461743
     9    8 O       -0.424229
    10    6 C        0.001703
    11    8 O       -0.296708
    12    1 H        0.035244
    13    1 H        0.039459
    14    1 H        0.041534
    15    7 N       -0.289240
    16    7 N        0.096546
    17    7 N       -0.253510
---------------------------------------------------------

Atomic dipole moments (in atomic units):
---------------------------------------------------------
     #    Z                 x            y            z
---------------------------------------------------------
     1   89 Ac       0.130605     0.011856     0.147749
     2    9 F       -0.017474    -0.018898     0.016096
     3   15 P       -0.006211     0.041345     0.056473
     4    9 F        0.004034    -0.000022     0.008974
     5    9 F        0.011068    -0.000878     0.029456
     6    8 O        0.006812    -0.096592    -0.115872
     7   16 S       -0.012615    -0.049591     0.063023
     8    8 O       -0.117478     0.053549     0.030255
     9    8 O        0.121744     0.067630     0.048651
    10    6 C       -0.062518     0.067265     0.250764
    11    8 O        0.016869     0.010688    -0.097147
    12    1 H       -0.020698     0.105412    -0.083608
    13    1 H       -0.068023    -0.115065    -0.040668
    14    1 H        0.129983    -0.028660    -0.004085
    15    7 N       -0.332519    -0.150835     0.273954
    16    7 N        0.016914     0.006529    -0.012486
    17    7 N        0.263403     0.122406    -0.222672
---------------------------------------------------------
           total     0.830683    -2.343526    -0.600066
---------------------------------------------------------

[Info] JSON dump of results written to 'tblite.json'
