[Info] Molecular charge read from '.CHRG'

Charge model parameter:
------------------------------------------------------
   Z          chi/Eh     kcn/Eh     eta/Eh     rad/AA
------------------------------------------------------
  96 Cm       1.1100     0.0071     0.5609     0.7515
  17 Cl       1.4815     0.1368     0.7586     0.7238
  11 Na       0.5594    -0.1000     0.8641     0.6787
  19 K        0.4037    -0.1022     0.9145     0.8703
------------------------------------------------------

Electrostatic properties (in atomic units):
--------------------------------------------------
     #    Z              CN          q        chi
--------------------------------------------------
     1   96 Cm       2.4363     0.0105     1.0989
     2   17 Cl       2.8547    -0.3715     1.2504
     3   11 Na       1.6990     0.6084     0.6897
     4   19 K        1.6407     0.7527     0.5346
--------------------------------------------------
     Σ                          1.0000
--------------------------------------------------

Electrostatic energy:    1.8449102960656E-01 Eh

[Info] JSON dump of results written to 'multicharge.json'
