[Info] Molecular charge read from './.CHRG'
xTB calculator
 | Coulomb electrostatics
 |  * isotropic Klopman-Ohno electrostatics
 |  * onsite third-order electrostatics
CEH guess
integral cutoff           2.3650283084401E+01 bohr

Atomic charges (in atomic units):
---------------------------------------------------------
     #    Z                 q
---------------------------------------------------------
     1   90 Th       1.601889
     2    7 N       -0.133639
     3    6 C        0.012606
     4    6 C        0.022513
     5    7 N       -0.134298
     6    1 H        0.185278
     7    1 H        0.182645
     8    1 H        0.103724
     9    1 H        0.067820
    10    1 H        0.086087
    11    1 H        0.097308
    12    1 H        0.195376
    13    1 H        0.159698
    14    6 C        0.212279
    15    8 O        0.236537
    16    7 N        0.434559
    17    8 O       -0.224246
    18    8 O       -0.197790
    19    8 O        0.091655
---------------------------------------------------------

Atomic dipole moments (in atomic units):
---------------------------------------------------------
     #    Z                 x            y            z
---------------------------------------------------------
     1   90 Th       0.420666     0.766712    -0.369022
     2    7 N        0.159368    -0.154597     0.089571
     3    6 C       -0.044836     0.187642    -0.145078
     4    6 C       -0.221601     0.065072    -0.101213
     5    7 N        0.102198    -0.114188     0.169499
     6    1 H        0.003165    -0.088359    -0.075480
     7    1 H        0.102725     0.048893    -0.008351
     8    1 H        0.114833    -0.055599    -0.005190
     9    1 H       -0.096485    -0.087929     0.000056
    10    1 H        0.093019     0.093758    -0.004709
    11    1 H       -0.003829    -0.060379     0.112484
    12    1 H        0.019244     0.085205     0.078432
    13    1 H       -0.069067    -0.072310     0.050514
    14    6 C       -0.012849     0.078715    -0.014776
    15    8 O       -0.007092     0.087897    -0.025711
    16    7 N        0.109618     0.078767     0.017739
    17    8 O       -0.033935    -0.069675    -0.196806
    18    8 O       -0.110337    -0.028776     0.179975
    19    8 O        0.145593     0.102152     0.020745
---------------------------------------------------------
           total     1.683905     8.707022     3.308846
---------------------------------------------------------

[Info] JSON dump of results written to 'tblite.json'
