[Info] Molecular charge read from './.CHRG'
[Info] Molecular spin read from './.UHF'
xTB calculator
 | Coulomb electrostatics
 |  * isotropic Klopman-Ohno electrostatics
 |  * onsite third-order electrostatics
CEH guess
integral cutoff           3.7432403240289E+01 bohr

Atomic charges (in atomic units):
---------------------------------------------------------
     #    Z                 q
---------------------------------------------------------
     1   93 Np       0.491923
     2    7 N       -0.110737
     3    6 C       -0.004757
     4    6 C       -0.006281
     5    7 N       -0.076515
     6    6 C       -0.002793
     7    6 C       -0.003094
     8    7 N       -0.099608
     9    1 H        0.118083
    10    1 H        0.131259
    11    1 H        0.057141
    12    1 H        0.075618
    13    1 H        0.073916
    14    1 H        0.062101
    15    1 H        0.140295
    16    1 H        0.073373
    17    1 H        0.063508
    18    1 H        0.053910
    19    1 H        0.074605
    20    1 H        0.133759
    21    1 H        0.123115
    22    6 C       -0.079171
    23    6 C        0.080242
    24    8 O       -0.281604
    25    1 H        0.063492
    26    1 H        0.026646
    27    1 H        0.028878
    28    1 H        0.055142
    29    1 H        0.060189
    30   17 Cl      -0.153283
    31    9 F       -0.169355
---------------------------------------------------------

Atomic dipole moments (in atomic units):
---------------------------------------------------------
     #    Z                 x            y            z
---------------------------------------------------------
     1   93 Np      -0.308150     0.684823    -0.449851
     2    7 N       -0.149721     0.249054     0.055762
     3    6 C        0.144973    -0.150365     0.101545
     4    6 C        0.182722    -0.110207    -0.093788
     5    7 N       -0.225305     0.095771    -0.142991
     6    6 C        0.064230     0.052747     0.216180
     7    6 C        0.112205    -0.136384     0.149279
     8    7 N       -0.017699     0.038901    -0.282360
     9    1 H       -0.032084    -0.020704     0.101599
    10    1 H        0.080513     0.071353    -0.021533
    11    1 H        0.043186     0.042822    -0.113524
    12    1 H       -0.057169     0.084135     0.070175
    13    1 H       -0.091174     0.032382    -0.076811
    14    1 H       -0.037174    -0.045603     0.113467
    15    1 H       -0.045965    -0.077530     0.019475
    16    1 H       -0.096461     0.063303    -0.045154
    17    1 H        0.004022    -0.124830    -0.024517
    18    1 H        0.002565     0.124681     0.034590
    19    1 H        0.012457    -0.021386    -0.119449
    20    1 H        0.086616     0.069121    -0.009539
    21    1 H        0.003704    -0.103913    -0.033924
    22    6 C       -0.025152    -0.058985    -0.079047
    23    6 C       -0.250905     0.012592    -0.021214
    24    8 O        0.139831     0.009461     0.036983
    25    1 H        0.137819     0.007383     0.032420
    26    1 H       -0.075441    -0.060506     0.108102
    27    1 H       -0.049491     0.130064    -0.039065
    28    1 H        0.045746    -0.116304     0.033423
    29    1 H        0.069261     0.053314    -0.096905
    30   17 Cl      -0.006129    -0.018688    -0.014510
    31    9 F       -0.035487    -0.002644     0.084962
---------------------------------------------------------
           total    -1.817244     2.128470    -2.062895
---------------------------------------------------------

[Info] JSON dump of results written to 'tblite.json'
