[Info] Molecular spin read from './.UHF'
xTB calculator
 | Coulomb electrostatics
 |  * isotropic Klopman-Ohno electrostatics
 |  * onsite third-order electrostatics
CEH guess
integral cutoff           4.0000000000000E+01 bohr

Atomic charges (in atomic units):
---------------------------------------------------------
     #    Z                 q
---------------------------------------------------------
     1   99 Es       0.905091
     2    6 C       -0.100542
     3    6 C        0.053899
     4    7 N        0.024231
     5    1 H        0.058528
     6    1 H        0.059723
     7    1 H        0.058087
     8   16 S       -0.250036
     9    6 C       -0.053531
    10    7 N       -0.243257
    11    6 C        0.048642
    12    8 O       -0.186299
    13   15 P        0.471508
    14    8 O       -0.193790
    15    6 C        0.045271
    16    8 O       -0.205674
    17    6 C        0.039725
    18    1 H        0.044250
    19    1 H        0.026398
    20    1 H        0.037424
    21    1 H        0.040913
    22    1 H        0.026942
    23    1 H        0.037980
    24    1 H        0.042674
    25    1 H        0.025616
    26    1 H        0.038254
    27    7 N        0.258964
    28    8 O       -0.236489
    29    8 O       -0.214082
    30    8 O       -0.203704
    31    6 C       -0.036666
    32    6 C       -0.050090
    33    6 C       -0.025795
    34    6 C       -0.034155
    35    6 C       -0.017643
    36    6 C       -0.047570
    37    6 C        0.131419
    38    8 O       -0.243514
    39    8 O       -0.274993
    40    1 H        0.031842
    41    1 H        0.024389
    42    1 H        0.026638
    43    1 H        0.033030
    44    1 H        0.026394
---------------------------------------------------------

Atomic dipole moments (in atomic units):
---------------------------------------------------------
     #    Z                 x            y            z
---------------------------------------------------------
     1   99 Es       0.223091     0.413195     0.394055
     2    6 C       -0.005394     0.001034     0.001595
     3    6 C        0.247302    -0.033495    -0.077173
     4    7 N       -0.044381     0.005908     0.016254
     5    1 H       -0.000523     0.040467    -0.142911
     6    1 H        0.024413    -0.145126     0.021049
     7    1 H        0.080704     0.088551     0.087647
     8   16 S        0.053717    -0.035341    -0.038771
     9    6 C       -0.041203     0.024535    -0.068036
    10    7 N        0.094924    -0.052443    -0.066073
    11    6 C        0.093809    -0.264076     0.018113
    12    8 O        0.001485     0.070908    -0.042005
    13   15 P       -0.031895    -0.002974     0.008121
    14    8 O        0.069532    -0.034304    -0.034649
    15    6 C       -0.111941     0.139516     0.221689
    16    8 O        0.011423     0.047905     0.074746
    17    6 C       -0.069016     0.002094    -0.267997
    18    1 H       -0.100712     0.026427     0.101933
    19    1 H       -0.051191     0.009632    -0.130804
    20    1 H        0.113624     0.080716     0.015998
    21    1 H       -0.103456    -0.049131    -0.087748
    22    1 H        0.075697    -0.103184     0.059433
    23    1 H        0.082916     0.089574    -0.068418
    24    1 H        0.040384    -0.131240     0.042810
    25    1 H       -0.117880     0.045891     0.063807
    26    1 H        0.107158     0.089351     0.011553
    27    7 N       -0.006070     0.016147     0.002647
    28    8 O       -0.066246     0.214883    -0.077174
    29    8 O       -0.004088    -0.186142    -0.151020
    30    8 O        0.071700    -0.033406     0.227259
    31    6 C        0.001710    -0.011622    -0.009075
    32    6 C       -0.011997    -0.001626     0.014183
    33    6 C       -0.008675    -0.023949    -0.004046
    34    6 C        0.002014    -0.011916    -0.009868
    35    6 C        0.013389    -0.009959    -0.022712
    36    6 C        0.013056     0.015073    -0.007058
    37    6 C        0.007683     0.008167    -0.007970
    38    8 O        0.069339     0.074035    -0.035771
    39    8 O       -0.073341    -0.005478     0.076862
    40    1 H       -0.002658     0.112953     0.073470
    41    1 H        0.076267     0.100685    -0.035617
    42    1 H        0.079420    -0.014454    -0.111221
    43    1 H       -0.077407    -0.110354     0.030706
    44    1 H       -0.078981     0.005878     0.105103
---------------------------------------------------------
           total     1.069859    -0.602521     0.683209
---------------------------------------------------------

[Info] JSON dump of results written to 'tblite.json'
