[Info] Molecular spin read from './.UHF'
xTB calculator
 | Coulomb electrostatics
 |  * isotropic Klopman-Ohno electrostatics
 |  * onsite third-order electrostatics
CEH guess
integral cutoff           4.0000000000000E+01 bohr

Atomic charges (in atomic units):
---------------------------------------------------------
     #    Z                 q
---------------------------------------------------------
     1   90 Th      -0.222313
     2    3 Li       0.070316
     3    3 Li       0.093261
     4    3 Li       0.058736
---------------------------------------------------------

Atomic dipole moments (in atomic units):
---------------------------------------------------------
     #    Z                 x            y            z
---------------------------------------------------------
     1   90 Th      -0.690191    -1.004741     1.680833
     2    3 Li      -0.289577    -0.309156    -0.773160
     3    3 Li      -0.257611     0.800722    -0.034782
     4    3 Li       0.889982     0.058475    -0.076536
---------------------------------------------------------
           total    -0.070292     0.182808    -0.078328
---------------------------------------------------------

[Info] JSON dump of results written to 'tblite.json'
