[Info] Molecular charge read from '.CHRG'

Charge model parameter:
------------------------------------------------------
   Z          chi/Eh     kcn/Eh     eta/Eh     rad/AA
------------------------------------------------------
  99 Es       1.0593     0.0030     0.5898     0.7145
   6 C        1.4003     0.0601     0.6166     0.9994
   8 O        1.5687     0.1169     0.6793     0.6518
   7 N        1.5582     0.0928     0.6565     0.6998
   1 H        1.2370     0.0492     1.0964     0.2919
   9 F        1.5754     0.1570     0.7723     0.9393
  15 P        1.5267     0.1425     0.7308     0.7313
  16 S        1.4077     0.0713     0.5171     1.1581
------------------------------------------------------

Electrostatic properties (in atomic units):
--------------------------------------------------
     #    Z              CN          q        chi
--------------------------------------------------
     1   99 Es       7.2959     0.8803     1.0513
     2    6 C        4.1009    -0.0036     1.2787
     3    6 C        3.2602     0.2931     1.2919
     4    8 O        1.0003    -0.3942     1.4517
     5    8 O        1.9912    -0.3486     1.4037
     6    7 N        3.9062    -0.6079     1.3748
     7    1 H        0.9914     0.1158     1.1880
     8    1 H        0.9912     0.1211     1.1880
     9    1 H        1.0073     0.2639     1.1876
    10    1 H        0.9968     0.2776     1.1879
    11    9 F        0.9990    -0.1850     1.4184
    12   15 P        3.2936     0.2159     1.2681
    13    9 F        0.9989    -0.1998     1.4184
    14    9 F        1.8413    -0.1080     1.3623
    15   16 S        1.9906    -0.0806     1.3071
    16    6 C        2.0193     0.1471     1.3149
    17    7 N        1.0064    -0.4367     1.4651
    18    7 N        3.6209     0.1856     1.3816
    19    8 O        1.0016    -0.2794     1.4517
    20    8 O        1.9415    -0.2340     1.4058
    21    8 O        1.9460    -0.2671     1.4056
    22   16 S        1.0120    -0.1200     1.3360
    23    6 C        2.0314     0.1720     1.3147
    24    7 N        2.0058    -0.4076     1.4268
--------------------------------------------------
     Σ                         -1.0000
--------------------------------------------------

Electrostatic energy:   -1.0066863721962E+00 Eh

[Info] JSON dump of results written to 'multicharge.json'
