[Info] Molecular charge read from '.CHRG'

Charge model parameter:
------------------------------------------------------
   Z          chi/Eh     kcn/Eh     eta/Eh     rad/AA
------------------------------------------------------
  90 Th       1.0989     0.0159     0.6181     0.6812
   1 H        1.2370     0.0492     1.0964     0.2919
  13 Al       1.1291    -0.0217     0.5831     0.9046
  16 S        1.4077     0.0713     0.5171     1.1581
  17 Cl       1.4815     0.1368     0.7586     0.7238
   8 O        1.5687     0.1169     0.6793     0.6518
------------------------------------------------------

Electrostatic properties (in atomic units):
--------------------------------------------------
     #    Z              CN          q        chi
--------------------------------------------------
     1   90 Th       4.8032     0.2740     1.0640
     2    1 H        0.9285    -0.1843     1.1896
     3   13 Al       2.9194    -0.0195     1.1662
     4   16 S        1.9697    -0.7425     1.3077
     5   17 Cl       0.9848    -0.5892     1.3458
     6    8 O        1.9882    -0.7386     1.4038
--------------------------------------------------
     Σ                         -2.0000
--------------------------------------------------

Electrostatic energy:   -1.3755170703544E+00 Eh

[Info] JSON dump of results written to 'multicharge.json'
