[Info] Molecular spin read from './.UHF'
xTB calculator
 | Coulomb electrostatics
 |  * isotropic Klopman-Ohno electrostatics
 |  * onsite third-order electrostatics
CEH guess
integral cutoff           4.0000000000000E+01 bohr

Atomic charges (in atomic units):
---------------------------------------------------------
     #    Z                 q
---------------------------------------------------------
     1   97 Bk       0.669871
     2    6 C       -0.080786
     3    6 C        0.202629
     4    8 O       -0.229893
     5    8 O       -0.324311
     6    7 N       -0.018570
     7    1 H        0.032446
     8    1 H        0.074573
     9    1 H        0.094540
    10    1 H        0.099253
    11   16 S       -0.087460
    12    6 C        0.046512
    13    7 N       -0.238827
    14   53 I       -0.239979
---------------------------------------------------------

Atomic dipole moments (in atomic units):
---------------------------------------------------------
     #    Z                 x            y            z
---------------------------------------------------------
     1   97 Bk       0.247695    -0.377897     0.487484
     2    6 C       -0.155179     0.019138    -0.124292
     3    6 C       -0.102640     0.046147    -0.074409
     4    8 O       -0.032067     0.019920    -0.059808
     5    8 O        0.073580    -0.036424    -0.019166
     6    7 N        0.228362    -0.193022    -0.039078
     7    1 H        0.044704    -0.111411    -0.004137
     8    1 H        0.069049     0.104925    -0.017151
     9    1 H       -0.050455    -0.090228    -0.000036
    10    1 H        0.046560     0.042640    -0.080015
    11   16 S       -0.104250    -0.110321    -0.070001
    12    6 C        0.071211     0.073956     0.050647
    13    7 N       -0.053421    -0.052326    -0.027897
    14   53 I        0.041227     0.083756    -0.048456
---------------------------------------------------------
           total     0.560463    -0.550473    -0.812848
---------------------------------------------------------

[Info] JSON dump of results written to 'tblite.json'
