Charge model parameter:
------------------------------------------------------
   Z          chi/Eh     kcn/Eh     eta/Eh     rad/AA
------------------------------------------------------
 103 Lr       1.1371     0.0068     0.5937     0.7095
   6 C        1.4003     0.0601     0.6166     0.9994
   8 O        1.5687     0.1169     0.6793     0.6518
   7 N        1.5582     0.0928     0.6565     0.6998
   1 H        1.2370     0.0492     1.0964     0.2919
------------------------------------------------------

Electrostatic properties (in atomic units):
--------------------------------------------------
     #    Z              CN          q        chi
--------------------------------------------------
     1  103 Lr       6.1399     0.6793     1.1204
     2    6 C        4.0784     0.0050     1.2790
     3    6 C        3.2332     0.2972     1.2923
     4    8 O        1.0004    -0.3699     1.4517
     5    8 O        1.9902    -0.3267     1.4038
     6    7 N        3.9186    -0.5857     1.3745
     7    1 H        0.9916     0.1259     1.1880
     8    1 H        0.9914     0.1283     1.1880
     9    1 H        1.0084     0.2631     1.1876
    10    1 H        0.9982     0.2522     1.1878
    11    6 C        3.0758     0.0724     1.2950
    12    6 C        3.1026     0.0529     1.2945
    13    7 N        2.9275    -0.3193     1.3994
    14    6 C        3.1040     0.0503     1.2945
    15    6 C        3.0758     0.0731     1.2950
    16    7 N        2.0147    -0.3546     1.4265
    17    1 H        0.9925     0.1372     1.1880
    18    1 H        0.9925     0.1555     1.1880
    19    1 H        0.9926     0.1424     1.1880
    20    1 H        0.9925     0.1367     1.1880
    21    6 C        1.9771     0.0874     1.3158
    22    7 N        1.0073    -0.3762     1.4651
    23    6 C        3.9574    -0.1603     1.2808
    24    6 C        2.0459     0.1013     1.3144
    25    7 N        1.9218    -0.3476     1.4296
    26    1 H        0.9920     0.1258     1.1880
    27    1 H        0.9905     0.1355     1.1880
    28    1 H        0.9919     0.1250     1.1880
    29    6 C        1.0323     0.0466     1.3393
    30    7 N        1.9842    -0.3530     1.4275
--------------------------------------------------
     Σ                          0.0000
--------------------------------------------------

Electrostatic energy:   -3.3698914624736E-01 Eh

[Info] JSON dump of results written to 'multicharge.json'
