Charge model parameter:
------------------------------------------------------
   Z          chi/Eh     kcn/Eh     eta/Eh     rad/AA
------------------------------------------------------
 102 No       1.1434     0.0135     0.6305     0.6695
   8 O        1.5687     0.1169     0.6793     0.6518
   1 H        1.2370     0.0492     1.0964     0.2919
   7 N        1.5582     0.0928     0.6565     0.6998
   9 F        1.5754     0.1570     0.7723     0.9393
  15 P        1.5267     0.1425     0.7308     0.7313
   6 C        1.4003     0.0601     0.6166     0.9994
------------------------------------------------------

Electrostatic properties (in atomic units):
--------------------------------------------------
     #    Z              CN          q        chi
--------------------------------------------------
     1  102 No       7.7766     0.5895     1.1057
     2    8 O        2.7495    -0.4386     1.3748
     3    1 H        1.0178     0.2478     1.1874
     4    7 N        3.9377    -0.7538     1.3741
     5    1 H        1.0001     0.2613     1.1878
     6    1 H        1.2767     0.2786     1.1814
     7    1 H        0.9985     0.2487     1.1878
     8    9 F        0.9989    -0.2267     1.4184
     9   15 P        3.9413     0.2507     1.2438
    10    9 F        1.9012    -0.1345     1.3589
    11    9 F        1.6684    -0.1481     1.3725
    12    6 C        4.1595    -0.0953     1.2778
    13    8 O        1.9892    -0.3608     1.4038
    14   15 P        5.1011     0.3368     1.2049
    15    8 O        2.9259    -0.2624     1.3687
    16    6 C        4.1258    -0.1172     1.2783
    17    8 O        2.9373    -0.2654     1.3683
    18    6 C        4.2235    -0.0967     1.2769
    19    1 H        0.9914     0.1062     1.1880
    20    1 H        0.9904     0.0990     1.1880
    21    1 H        0.9910     0.1050     1.1880
    22    1 H        0.9917     0.1061     1.1880
    23    1 H        0.9909     0.1023     1.1880
    24    1 H        0.9915     0.1189     1.1880
    25    1 H        0.9919     0.1166     1.1880
    26    1 H        0.9917     0.1214     1.1880
    27    1 H        0.9917     0.1144     1.1880
    28    6 C        1.9278     0.0302     1.3169
    29    7 N        2.2424    -0.3340     1.4192
--------------------------------------------------
     Σ                         -0.0000
--------------------------------------------------

Electrostatic energy:   -3.1494152241869E-01 Eh

[Info] JSON dump of results written to 'multicharge.json'
