Charge model parameter:
------------------------------------------------------
   Z          chi/Eh     kcn/Eh     eta/Eh     rad/AA
------------------------------------------------------
  96 Cm       1.1100     0.0071     0.5609     0.7515
   6 C        1.4003     0.0601     0.6166     0.9994
   8 O        1.5687     0.1169     0.6793     0.6518
   7 N        1.5582     0.0928     0.6565     0.6998
   1 H        1.2370     0.0492     1.0964     0.2919
  17 Cl       1.4815     0.1368     0.7586     0.7238
------------------------------------------------------

Electrostatic properties (in atomic units):
--------------------------------------------------
     #    Z              CN          q        chi
--------------------------------------------------
     1   96 Cm       5.6873     0.7171     1.0931
     2    6 C        4.0870    -0.0184     1.2789
     3    6 C        3.9510     0.2541     1.2809
     4    8 O        1.8660    -0.3574     1.4090
     5    8 O        1.9386    -0.3471     1.4059
     6    7 N        3.8682    -0.6019     1.3757
     7    1 H        0.9921     0.1095     1.1880
     8    1 H        0.9922     0.1116     1.1880
     9    1 H        1.0018     0.2355     1.1877
    10    1 H        0.9964     0.2343     1.1879
    11    6 C        4.0067    -0.0737     1.2801
    12    8 O        1.9918    -0.4194     1.4037
    13    1 H        0.9908     0.1091     1.1880
    14    1 H        0.9908     0.1113     1.1880
    15    1 H        0.9907     0.1108     1.1880
    16   17 Cl       0.9911    -0.1754     1.3453
--------------------------------------------------
     Σ                          0.0000
--------------------------------------------------

Electrostatic energy:   -2.1931127415037E-01 Eh

[Info] JSON dump of results written to 'multicharge.json'
