Charge model parameter:
------------------------------------------------------
   Z          chi/Eh     kcn/Eh     eta/Eh     rad/AA
------------------------------------------------------
  92 U        1.0982     0.0042     0.6173     0.6828
   9 F        1.5754     0.1570     0.7723     0.9393
------------------------------------------------------

Electrostatic properties (in atomic units):
--------------------------------------------------
     #    Z              CN          q        chi
--------------------------------------------------
     1   92 U        2.9904     0.6895     1.0910
     2    9 F        0.9983    -0.2298     1.4185
     3    9 F        0.9983    -0.2300     1.4185
     4    9 F        0.9983    -0.2297     1.4185
--------------------------------------------------
     Σ                          0.0000
--------------------------------------------------

Electrostatic energy:   -1.1290711558873E-01 Eh

[Info] JSON dump of results written to 'multicharge.json'
