Charge model parameter:
------------------------------------------------------
   Z          chi/Eh     kcn/Eh     eta/Eh     rad/AA
------------------------------------------------------
  94 Pu       1.0104     0.0049     0.6346     0.6641
  13 Al       1.1291    -0.0217     0.5831     0.9046
  33 As       1.3631     0.0766     0.5208     1.2766
  51 Sb       1.2164     0.0142     0.4795     1.0458
  17 Cl       1.4815     0.1368     0.7586     0.7238
------------------------------------------------------

Electrostatic properties (in atomic units):
--------------------------------------------------
     #    Z              CN          q        chi
--------------------------------------------------
     1   94 Pu       3.7132     0.4797     1.0010
     2   13 Al       2.6875     0.1001     1.1647
     3   33 As       1.9803    -0.2299     1.2554
     4   51 Sb       1.9404    -0.0651     1.1967
     5   17 Cl       0.9974    -0.2848     1.3449
--------------------------------------------------
     Σ                          0.0000
--------------------------------------------------

Electrostatic energy:   -7.6389524995508E-02 Eh

[Info] JSON dump of results written to 'multicharge.json'
