[Info] Molecular spin read from './.UHF'
xTB calculator
 | Coulomb electrostatics
 |  * isotropic Klopman-Ohno electrostatics
 |  * onsite third-order electrostatics
CEH guess
integral cutoff           4.0000000000000E+01 bohr

Atomic charges (in atomic units):
---------------------------------------------------------
     #    Z                 q
---------------------------------------------------------
     1  100 Fm       0.528023
     2   53 I       -0.168806
     3   53 I       -0.170732
     4   53 I       -0.096264
     5   53 I       -0.092221
---------------------------------------------------------

Atomic dipole moments (in atomic units):
---------------------------------------------------------
     #    Z                 x            y            z
---------------------------------------------------------
     1  100 Fm      -0.110401     0.035423    -0.006987
     2   53 I        0.061345     0.093848    -0.014955
     3   53 I        0.006607    -0.109621     0.026970
     4   53 I       -0.022354    -0.002603    -0.046326
     5   53 I       -0.032040     0.014735     0.034933
---------------------------------------------------------
           total    -1.108511     0.294440    -0.126379
---------------------------------------------------------

[Info] JSON dump of results written to 'tblite.json'
