[Info] Molecular charge read from '.CHRG'

Charge model parameter:
------------------------------------------------------
   Z          chi/Eh     kcn/Eh     eta/Eh     rad/AA
------------------------------------------------------
  95 Am       1.0010     0.0051     0.6915     0.6095
  33 As       1.3631     0.0766     0.5208     1.2766
   9 F        1.5754     0.1570     0.7723     0.9393
------------------------------------------------------

Electrostatic properties (in atomic units):
--------------------------------------------------
     #    Z              CN          q        chi
--------------------------------------------------
     1   95 Am       2.9354     0.0426     0.9923
     2   33 As       0.9724    -1.5018     1.2876
     3   33 As       0.9727    -1.5025     1.2876
     4    9 F        0.9947    -1.0383     1.4188
--------------------------------------------------
     Σ                         -4.0000
--------------------------------------------------

Electrostatic energy:   -2.6496165834986E+00 Eh

[Info] JSON dump of results written to 'multicharge.json'
