[Info] Molecular charge read from '.CHRG'

Charge model parameter:
------------------------------------------------------
   Z          chi/Eh     kcn/Eh     eta/Eh     rad/AA
------------------------------------------------------
  98 Cf       1.0089     0.0039     0.6196     0.6803
  13 Al       1.1291    -0.0217     0.5831     0.9046
  53 I        1.4034     0.0897     0.3054     2.0116
  15 P        1.5267     0.1425     0.7308     0.7313
  52 Te       1.3651     0.0895     0.4850     1.0871
------------------------------------------------------

Electrostatic properties (in atomic units):
--------------------------------------------------
     #    Z              CN          q        chi
--------------------------------------------------
     1   98 Cf       3.7905     0.4562     1.0013
     2   13 Al       2.8252    -0.0929     1.1656
     3   53 I        0.9577    -1.3904     1.3156
     4   15 P        1.9865    -0.4423     1.3259
     5   52 Te       1.9084    -0.5306     1.2414
--------------------------------------------------
     Σ                         -2.0000
--------------------------------------------------

Electrostatic energy:   -1.3629270238338E+00 Eh

[Info] JSON dump of results written to 'multicharge.json'
