Charge model parameter:
------------------------------------------------------
   Z          chi/Eh     kcn/Eh     eta/Eh     rad/AA
------------------------------------------------------
  90 Th       1.0989     0.0159     0.6181     0.6812
  13 Al       1.1291    -0.0217     0.5831     0.9046
  16 S        1.4077     0.0713     0.5171     1.1581
------------------------------------------------------

Electrostatic properties (in atomic units):
--------------------------------------------------
     #    Z              CN          q        chi
--------------------------------------------------
     1   90 Th       1.9701     0.2933     1.0766
     2   13 Al       1.8219     0.1020     1.1584
     3   16 S        1.8484    -0.3953     1.3108
--------------------------------------------------
     Σ                          0.0000
--------------------------------------------------

Electrostatic energy:   -4.2123254326743E-02 Eh

[Info] JSON dump of results written to 'multicharge.json'
