[Info] Molecular charge read from './.CHRG'
[Info] Molecular spin read from './.UHF'
xTB calculator
 | Coulomb electrostatics
 |  * isotropic Klopman-Ohno electrostatics
 |  * onsite third-order electrostatics
CEH guess
integral cutoff           4.0000000000000E+01 bohr

Atomic charges (in atomic units):
---------------------------------------------------------
     #    Z                 q
---------------------------------------------------------
     1   98 Cf       1.241252
     2    7 N       -0.093982
     3    6 C       -0.003687
     4    6 C       -0.009938
     5    7 N       -0.103913
     6    1 H        0.132975
     7    1 H        0.115832
     8    1 H        0.081067
     9    1 H        0.065742
    10    1 H        0.054780
    11    1 H        0.084408
    12    1 H        0.121106
    13    1 H        0.122149
    14    6 C       -0.024913
    15    6 C        0.124551
    16    8 O       -0.240728
    17    8 O       -0.261219
    18    7 N       -0.072437
    19    1 H        0.057535
    20    1 H        0.058954
    21    1 H        0.091237
    22    1 H        0.094557
    23    6 C        0.028791
    24    6 C       -0.013474
    25    6 C        0.027684
    26    7 N       -0.014344
    27    6 C        0.039293
    28    6 C       -0.005439
    29    1 H        0.056220
    30    1 H        0.057497
    31    1 H        0.060109
    32    1 H        0.065579
    33    1 H        0.062756
---------------------------------------------------------

Atomic dipole moments (in atomic units):
---------------------------------------------------------
     #    Z                 x            y            z
---------------------------------------------------------
     1   98 Cf       0.331585     0.102594     0.226006
     2    7 N       -0.010627     0.247601     0.134496
     3    6 C        0.071642    -0.219803     0.032137
     4    6 C       -0.093201    -0.185423    -0.081888
     5    7 N        0.049936     0.279848    -0.055811
     6    1 H       -0.090776    -0.007084     0.043083
     7    1 H        0.080482    -0.002073     0.055729
     8    1 H        0.018413     0.082985     0.089333
     9    1 H       -0.113205     0.009091    -0.060130
    10    1 H        0.110896    -0.028460     0.057128
    11    1 H       -0.004835     0.106028    -0.063671
    12    1 H        0.088594    -0.007046    -0.037799
    13    1 H       -0.075490     0.031364    -0.056695
    14    6 C       -0.179837     0.044003    -0.123277
    15    6 C       -0.017757     0.004018     0.036689
    16    8 O       -0.023404    -0.104020     0.025824
    17    8 O        0.080860     0.038576    -0.067892
    18    7 N        0.249374    -0.165789     0.027968
    19    1 H       -0.010366    -0.114093     0.065041
    20    1 H        0.110652     0.049491    -0.052654
    21    1 H       -0.041089    -0.088707     0.011652
    22    1 H        0.051927     0.033202    -0.077131
    23    6 C        0.019400     0.011749     0.000617
    24    6 C        0.011614     0.027106    -0.020227
    25    6 C        0.015688     0.137241    -0.120551
    26    7 N       -0.175046    -0.124741     0.009482
    27    6 C        0.141094    -0.023150     0.122306
    28    6 C        0.030569     0.003399     0.017338
    29    1 H       -0.108716    -0.081493     0.005054
    30    1 H       -0.000364    -0.096780     0.094552
    31    1 H        0.101483    -0.016096     0.085584
    32    1 H        0.007219     0.097553    -0.091388
    33    1 H       -0.100650     0.021905    -0.090850
---------------------------------------------------------
           total    -3.262712    -0.111260    -1.457431
---------------------------------------------------------

[Info] JSON dump of results written to 'tblite.json'
