[Info] Molecular charge read from '.CHRG'

Charge model parameter:
------------------------------------------------------
   Z          chi/Eh     kcn/Eh     eta/Eh     rad/AA
------------------------------------------------------
  98 Cf       1.0089     0.0039     0.6196     0.6803
   7 N        1.5582     0.0928     0.6565     0.6998
  51 Sb       1.2164     0.0142     0.4795     1.0458
------------------------------------------------------

Electrostatic properties (in atomic units):
--------------------------------------------------
     #    Z              CN          q        chi
--------------------------------------------------
     1   98 Cf       2.9342     0.6034     1.0022
     2    7 N        0.9995    -1.3113     1.4654
     3   51 Sb       0.9399    -0.9845     1.2027
     4    7 N        0.9995    -1.3076     1.4654
--------------------------------------------------
     Σ                         -3.0000
--------------------------------------------------

Electrostatic energy:   -2.2085342123151E+00 Eh

[Info] JSON dump of results written to 'multicharge.json'
