[Info] Molecular spin read from './.UHF'
xTB calculator
 | Coulomb electrostatics
 |  * isotropic Klopman-Ohno electrostatics
 |  * onsite third-order electrostatics
CEH guess
integral cutoff           4.0000000000000E+01 bohr

Atomic charges (in atomic units):
---------------------------------------------------------
     #    Z                 q
---------------------------------------------------------
     1  101 Md       0.744030
     2    7 N       -0.028197
     3    6 C        0.017145
     4    6 C       -0.013818
     5    6 C        0.027906
     6    6 C        0.010132
     7    6 C        0.059940
     8    6 C        0.059323
     9    6 C        0.005157
    10    6 C        0.025898
    11    6 C       -0.020112
    12    6 C        0.021580
    13    7 N       -0.047290
    14    1 H        0.056938
    15    1 H        0.045612
    16    1 H        0.044681
    17    1 H        0.047351
    18    1 H        0.046769
    19    1 H        0.041419
    20    1 H        0.041372
    21    1 H        0.061033
    22   17 Cl      -0.406124
    23    7 N        0.257074
    24    8 O       -0.199872
    25    8 O       -0.256417
    26    8 O       -0.216220
    27    8 O       -0.507699
    28    1 H        0.055615
    29    8 O       -0.236171
    30    1 H        0.149710
    31    1 H        0.113237
---------------------------------------------------------

Atomic dipole moments (in atomic units):
---------------------------------------------------------
     #    Z                 x            y            z
---------------------------------------------------------
     1  101 Md      -0.613766    -0.037027    -0.027221
     2    7 N       -0.057437    -0.059807    -0.213284
     3    6 C        0.070978    -0.112798     0.065988
     4    6 C        0.013419    -0.017983     0.016627
     5    6 C        0.000032     0.007880     0.006836
     6    6 C        0.019817     0.010068     0.053416
     7    6 C        0.009800     0.091916     0.111973
     8    6 C       -0.007516     0.087413     0.109751
     9    6 C       -0.016918     0.046204     0.022260
    10    6 C       -0.000188     0.003586     0.006217
    11    6 C       -0.012520     0.016301    -0.014791
    12    6 C       -0.067092     0.098581    -0.093284
    13    7 N        0.062519    -0.207571    -0.129006
    14    1 H       -0.013357     0.105139     0.076928
    15    1 H       -0.062227     0.102849    -0.059556
    16    1 H       -0.041182    -0.020992    -0.126386
    17    1 H        0.019937    -0.119226    -0.060184
    18    1 H       -0.020281    -0.026840    -0.130443
    19    1 H        0.038714    -0.117318    -0.051466
    20    1 H        0.059906    -0.083308     0.085211
    21    1 H        0.016343     0.037365     0.123029
    22   17 Cl      -0.078270    -0.017481     0.028323
    23    7 N        0.000139     0.007019    -0.021115
    24    8 O        0.023360    -0.220990     0.088262
    25    8 O        0.011415     0.196237     0.142980
    26    8 O       -0.027468     0.031695    -0.232031
    27    8 O        0.053402     0.100854     0.055634
    28    1 H        0.025060     0.132158     0.035052
    29    8 O       -0.005442     0.093692     0.080628
    30    1 H       -0.032442    -0.012332     0.123897
    31    1 H       -0.009253     0.101198    -0.012153
---------------------------------------------------------
           total    -2.051172    -3.214610    -3.662386
---------------------------------------------------------

[Info] JSON dump of results written to 'tblite.json'
