[Info] Molecular charge read from '.CHRG'

Charge model parameter:
------------------------------------------------------
   Z          chi/Eh     kcn/Eh     eta/Eh     rad/AA
------------------------------------------------------
  98 Cf       1.0089     0.0039     0.6196     0.6803
   6 C        1.4003     0.0601     0.6166     0.9994
  15 P        1.5267     0.1425     0.7308     0.7313
   8 O        1.5687     0.1169     0.6793     0.6518
   1 H        1.2370     0.0492     1.0964     0.2919
------------------------------------------------------

Electrostatic properties (in atomic units):
--------------------------------------------------
     #    Z              CN          q        chi
--------------------------------------------------
     1   98 Cf       5.7749     0.9818     0.9996
     2    6 C        3.9577    -0.1975     1.2808
     3   15 P        4.2315     0.2036     1.2336
     4    8 O        1.9915    -0.4105     1.4037
     5    6 C        3.9576    -0.2017     1.2808
     6    6 C        3.9576    -0.1957     1.2808
     7    1 H        0.9936     0.1392     1.1879
     8    1 H        0.9942     0.1441     1.1879
     9    1 H        0.9942     0.1465     1.1879
    10    1 H        0.9935     0.1397     1.1879
    11    1 H        0.9941     0.1431     1.1879
    12    1 H        0.9942     0.1409     1.1879
    13    1 H        0.9935     0.1400     1.1879
    14    1 H        0.9943     0.1496     1.1879
    15    1 H        0.9942     0.1476     1.1879
    16    8 O        1.9921    -0.5723     1.4037
    17    1 H        1.0077     0.3344     1.1876
    18    6 C        4.1378    -0.0526     1.2781
    19    8 O        1.9871    -0.3118     1.4039
    20   15 P        4.1228     0.2804     1.2374
    21    8 O        2.9399    -0.2883     1.3682
    22    6 C        4.1353    -0.0830     1.2782
    23    8 O        2.9121    -0.2823     1.3692
    24    6 C        4.1347    -0.0840     1.2782
    25    1 H        0.9921     0.1493     1.1880
    26    1 H        0.9916     0.1416     1.1880
    27    1 H        0.9922     0.1517     1.1880
    28    1 H        0.9923     0.1450     1.1880
    29    1 H        0.9918     0.1462     1.1880
    30    1 H        0.9919     0.1421     1.1880
    31    1 H        0.9923     0.1383     1.1880
    32    1 H        0.9918     0.1454     1.1880
    33    1 H        0.9917     0.1397     1.1880
    34    6 C        3.0151    -0.0445     1.2960
    35    6 C        3.0110    -0.0549     1.2961
    36    6 C        3.0179    -0.0563     1.2960
    37    6 C        3.0179     0.0161     1.2960
    38    6 C        3.0146    -0.0615     1.2960
    39    6 C        3.0108    -0.0484     1.2961
    40    6 C        3.0704     0.2532     1.2951
    41    8 O        1.9818    -0.3645     1.4041
    42    8 O        1.9916    -0.4107     1.4037
    43    1 H        0.9928     0.1670     1.1880
    44    1 H        0.9929     0.1603     1.1880
    45    1 H        0.9929     0.1521     1.1880
    46    1 H        0.9924     0.1456     1.1880
    47    1 H        0.9930     0.1658     1.1880
    48    1 H        0.9931     0.2699     1.1880
--------------------------------------------------
     Σ                          2.0000
--------------------------------------------------

Electrostatic energy:    7.9460528216472E-01 Eh

[Info] JSON dump of results written to 'multicharge.json'
