[Info] Molecular charge read from './.CHRG'
[Info] Molecular spin read from './.UHF'
xTB calculator
 | Coulomb electrostatics
 |  * isotropic Klopman-Ohno electrostatics
 |  * onsite third-order electrostatics
CEH guess
integral cutoff           4.0000000000000E+01 bohr

Atomic charges (in atomic units):
---------------------------------------------------------
     #    Z                 q
---------------------------------------------------------
     1  103 Lr       0.667787
     2    5 B       -0.579776
     3   34 Se      -0.712776
     4   52 Te      -0.557461
     5   19 K        0.182227
---------------------------------------------------------

Atomic dipole moments (in atomic units):
---------------------------------------------------------
     #    Z                 x            y            z
---------------------------------------------------------
     1  103 Lr       1.498633    -0.213174    -1.015251
     2    5 B        0.041873     0.172994     0.103473
     3   34 Se       0.019718     0.033857    -0.009163
     4   52 Te       0.087417     0.030024     0.059837
     5   19 K       -0.692276     0.255658     0.654238
---------------------------------------------------------
           total     1.495044     3.122492    -0.746637
---------------------------------------------------------

[Info] JSON dump of results written to 'tblite.json'
