[Info] Molecular charge read from '.CHRG'

Charge model parameter:
------------------------------------------------------
   Z          chi/Eh     kcn/Eh     eta/Eh     rad/AA
------------------------------------------------------
  96 Cm       1.1100     0.0071     0.5609     0.7515
   7 N        1.5582     0.0928     0.6565     0.6998
   8 O        1.5687     0.1169     0.6793     0.6518
   6 C        1.4003     0.0601     0.6166     0.9994
   1 H        1.2370     0.0492     1.0964     0.2919
  53 I        1.4034     0.0897     0.3054     2.0116
------------------------------------------------------

Electrostatic properties (in atomic units):
--------------------------------------------------
     #    Z              CN          q        chi
--------------------------------------------------
     1   96 Cm       6.2713     0.7945     1.0922
     2    7 N        3.6156     0.1768     1.3817
     3    8 O        1.0016    -0.2092     1.4517
     4    8 O        1.9492    -0.2151     1.4055
     5    8 O        1.9405    -0.2484     1.4058
     6    6 C        3.0152    -0.0508     1.2960
     7    6 C        3.0116    -0.0538     1.2961
     8    6 C        3.0176    -0.0448     1.2960
     9    6 C        3.0185     0.0208     1.2959
    10    6 C        3.0147    -0.0626     1.2960
    11    6 C        3.0111    -0.0542     1.2961
    12    6 C        3.0349     0.2581     1.2957
    13    8 O        1.9802    -0.3263     1.4042
    14    8 O        1.9920    -0.3900     1.4037
    15    1 H        0.9929     0.1590     1.1880
    16    1 H        0.9930     0.1599     1.1880
    17    1 H        0.9928     0.1710     1.1880
    18    1 H        0.9925     0.1425     1.1880
    19    1 H        0.9930     0.1582     1.1880
    20    1 H        0.9933     0.2682     1.1880
    21    6 C        3.9691    -0.0685     1.2806
    22    8 O        2.9278    -0.4137     1.3686
    23    1 H        0.9919     0.1536     1.1880
    24    1 H        0.9919     0.1456     1.1880
    25    1 H        0.9923     0.1696     1.1880
    26    1 H        1.0150     0.2494     1.1874
    27   53 I        0.9879    -0.0323     1.3143
    28    7 N        3.9160    -0.7470     1.3746
    29    1 H        0.9986     0.3097     1.1878
    30    1 H        0.9987     0.2925     1.1878
    31    1 H        0.9999     0.2875     1.1878
--------------------------------------------------
     Σ                          1.0000
--------------------------------------------------

Electrostatic energy:    3.0594040477073E-01 Eh

[Info] JSON dump of results written to 'multicharge.json'
