Charge model parameter:
------------------------------------------------------
   Z          chi/Eh     kcn/Eh     eta/Eh     rad/AA
------------------------------------------------------
  93 Np       1.1090     0.0071     0.5649     0.7462
  17 Cl       1.4815     0.1368     0.7586     0.7238
------------------------------------------------------

Electrostatic properties (in atomic units):
--------------------------------------------------
     #    Z              CN          q        chi
--------------------------------------------------
     1   93 Np       3.9737     0.5893     1.0949
     2   17 Cl       0.9973    -0.1472     1.3449
     3   17 Cl       0.9973    -0.1471     1.3449
     4   17 Cl       0.9972    -0.1474     1.3449
     5   17 Cl       0.9972    -0.1477     1.3449
--------------------------------------------------
     Σ                          0.0000
--------------------------------------------------

Electrostatic energy:   -7.3665135767232E-02 Eh

[Info] JSON dump of results written to 'multicharge.json'
