[Info] Molecular charge read from '.CHRG'

Charge model parameter:
------------------------------------------------------
   Z          chi/Eh     kcn/Eh     eta/Eh     rad/AA
------------------------------------------------------
 102 No       1.1434     0.0135     0.6305     0.6695
   7 N        1.5582     0.0928     0.6565     0.6998
   6 C        1.4003     0.0601     0.6166     0.9994
   1 H        1.2370     0.0492     1.0964     0.2919
   8 O        1.5687     0.1169     0.6793     0.6518
------------------------------------------------------

Electrostatic properties (in atomic units):
--------------------------------------------------
     #    Z              CN          q        chi
--------------------------------------------------
     1  102 No       4.7523     0.5706     1.1140
     2    7 N        2.9955    -0.3233     1.3976
     3    6 C        3.3098     0.0466     1.2910
     4    6 C        3.0102    -0.0725     1.2961
     5    6 C        3.0216    -0.0657     1.2959
     6    6 C        3.0138    -0.0752     1.2960
     7    6 C        3.2420     0.1238     1.2922
     8    6 C        3.2138     0.1233     1.2926
     9    6 C        3.0140    -0.0743     1.2960
    10    6 C        3.0219    -0.0640     1.2959
    11    6 C        3.0101    -0.0656     1.2961
    12    6 C        3.1677     0.0414     1.2934
    13    7 N        2.9691    -0.3258     1.3983
    14    1 H        0.9957     0.1331     1.1879
    15    1 H        0.9930     0.1386     1.1880
    16    1 H        0.9929     0.1450     1.1880
    17    1 H        0.9932     0.1280     1.1880
    18    1 H        0.9932     0.1280     1.1880
    19    1 H        0.9929     0.1460     1.1880
    20    1 H        0.9931     0.1429     1.1880
    21    1 H        0.9925     0.1350     1.1880
    22    7 N        3.9332    -0.7396     1.3742
    23    1 H        0.9997     0.2753     1.1878
    24    1 H        1.0023     0.2741     1.1877
    25    1 H        1.0293     0.2713     1.1871
    26    6 C        4.0847    -0.0457     1.2789
    27    8 O        1.9933    -0.3678     1.4036
    28    1 H        0.9903     0.1337     1.1880
    29    1 H        0.9898     0.1258     1.1880
    30    1 H        0.9904     0.1368     1.1880
--------------------------------------------------
     Σ                          1.0000
--------------------------------------------------

Electrostatic energy:    3.8890109354338E-01 Eh

[Info] JSON dump of results written to 'multicharge.json'
