[Info] Molecular charge read from './.CHRG'
[Info] Molecular spin read from './.UHF'
xTB calculator
 | Coulomb electrostatics
 |  * isotropic Klopman-Ohno electrostatics
 |  * onsite third-order electrostatics
CEH guess
integral cutoff           2.9910110830606E+01 bohr

Atomic charges (in atomic units):
---------------------------------------------------------
     #    Z                 q
---------------------------------------------------------
     1   91 Pa       0.888985
     2   33 As       0.712363
     3   51 Sb       0.635979
     4   34 Se       0.211647
     5    9 F       -0.224501
     6    9 F       -0.224472
---------------------------------------------------------

Atomic dipole moments (in atomic units):
---------------------------------------------------------
     #    Z                 x            y            z
---------------------------------------------------------
     1   91 Pa       0.760019     1.374617    -0.199559
     2   33 As      -0.042977    -0.081525     0.293182
     3   51 Sb       0.068709     0.147914    -0.755869
     4   34 Se      -0.141194    -0.264064     0.215987
     5    9 F        0.096390    -0.056701    -0.009996
     6    9 F       -0.099839     0.051865    -0.002802
---------------------------------------------------------
           total     0.205748     0.384349     0.248337
---------------------------------------------------------

[Info] JSON dump of results written to 'tblite.json'
