xTB calculator
 | Coulomb electrostatics
 |  * isotropic Klopman-Ohno electrostatics
 |  * onsite third-order electrostatics
CEH guess
integral cutoff           4.0000000000000E+01 bohr

Atomic charges (in atomic units):
---------------------------------------------------------
     #    Z                 q
---------------------------------------------------------
     1  102 No       0.701218
     2    7 N        0.269733
     3    8 O       -0.222897
     4    8 O       -0.279920
     5    8 O       -0.261065
     6    6 C        0.093960
     7    8 O        0.152215
     8    6 C        0.023856
     9    6 C        0.034698
    10    7 N       -0.027340
    11    6 C        0.041470
    12    6 C        0.026836
    13    7 N       -0.117508
    14    1 H        0.044418
    15    1 H        0.059185
    16    1 H        0.058454
    17    1 H        0.045915
    18    6 C       -0.353548
    19    7 N       -0.289679
---------------------------------------------------------

Atomic dipole moments (in atomic units):
---------------------------------------------------------
     #    Z                 x            y            z
---------------------------------------------------------
     1  102 No       0.185117    -0.507747    -0.792511
     2    7 N       -0.005283     0.010433     0.012879
     3    8 O       -0.135195     0.151138     0.122005
     4    8 O        0.208054    -0.080248     0.095148
     5    8 O       -0.071458    -0.075423    -0.217506
     6    6 C       -0.022186    -0.028221     0.152832
     7    8 O       -0.006957    -0.010689     0.058276
     8    6 C       -0.002366    -0.127832    -0.105308
     9    6 C        0.135111    -0.047360    -0.088124
    10    7 N       -0.278514    -0.155326    -0.020158
    11    6 C        0.019999     0.129561     0.104244
    12    6 C       -0.120724     0.059665     0.096669
    13    7 N        0.285559     0.156760     0.023040
    14    1 H       -0.095748     0.038240     0.067393
    15    1 H        0.018830     0.098613     0.071322
    16    1 H        0.094706    -0.031081    -0.067384
    17    1 H       -0.011218    -0.096514    -0.076717
    18    6 C       -0.099631    -0.021735     0.076389
    19    7 N        0.068459     0.027811    -0.051412
---------------------------------------------------------
           total    -1.163411    -2.467071     0.794509
---------------------------------------------------------

[Info] JSON dump of results written to 'tblite.json'
