[Info] Molecular spin read from './.UHF'
xTB calculator
 | Coulomb electrostatics
 |  * isotropic Klopman-Ohno electrostatics
 |  * onsite third-order electrostatics
CEH guess
integral cutoff           4.0000000000000E+01 bohr

Atomic charges (in atomic units):
---------------------------------------------------------
     #    Z                 q
---------------------------------------------------------
     1   94 Pu       1.286289
     2   53 I       -0.294238
     3   53 I       -0.301419
     4   53 I       -0.091782
     5   53 I       -0.296354
     6   53 I       -0.302496
---------------------------------------------------------

Atomic dipole moments (in atomic units):
---------------------------------------------------------
     #    Z                 x            y            z
---------------------------------------------------------
     1   94 Pu       0.078062     0.142234    -0.017851
     2   53 I        0.029680     0.049348     0.154534
     3   53 I        0.023821     0.050975    -0.151566
     4   53 I       -0.087102    -0.151693    -0.001537
     5   53 I        0.160592    -0.026109     0.005647
     6   53 I       -0.102541     0.127780    -0.001204
---------------------------------------------------------
           total    -0.722155    -1.426845    -0.011012
---------------------------------------------------------

[Info] JSON dump of results written to 'tblite.json'
