[Info] Molecular spin read from './.UHF'
xTB calculator
 | Coulomb electrostatics
 |  * isotropic Klopman-Ohno electrostatics
 |  * onsite third-order electrostatics
CEH guess
integral cutoff           4.0000000000000E+01 bohr

Atomic charges (in atomic units):
---------------------------------------------------------
     #    Z                 q
---------------------------------------------------------
     1  103 Lr       0.663845
     2    6 C       -0.226012
     3   50 Sn      -0.641933
     4   11 Na       0.109151
     5    4 Be       0.094950
---------------------------------------------------------

Atomic dipole moments (in atomic units):
---------------------------------------------------------
     #    Z                 x            y            z
---------------------------------------------------------
     1  103 Lr       0.893100     1.018376     1.296992
     2    6 C        0.002159     0.017777    -0.147887
     3   50 Sn       0.411968    -0.864863    -0.087420
     4   11 Na      -0.355156    -0.097359    -0.749814
     5    4 Be      -0.399179     0.247650     0.007201
---------------------------------------------------------
           total     0.963221     3.093030     0.838987
---------------------------------------------------------

[Info] JSON dump of results written to 'tblite.json'
