Charge model parameter:
------------------------------------------------------
   Z          chi/Eh     kcn/Eh     eta/Eh     rad/AA
------------------------------------------------------
  94 Pu       1.0104     0.0049     0.6346     0.6641
   6 C        1.4003     0.0601     0.6166     0.9994
   8 O        1.5687     0.1169     0.6793     0.6518
   7 N        1.5582     0.0928     0.6565     0.6998
   1 H        1.2370     0.0492     1.0964     0.2919
  16 S        1.4077     0.0713     0.5171     1.1581
------------------------------------------------------

Electrostatic properties (in atomic units):
--------------------------------------------------
     #    Z              CN          q        chi
--------------------------------------------------
     1   94 Pu       7.1166     0.9510     0.9974
     2    6 C        4.1488     0.0033     1.2780
     3    6 C        3.3437     0.3081     1.2905
     4    8 O        1.0003    -0.3658     1.4518
     5    8 O        1.9949    -0.3476     1.4036
     6    7 N        3.9424    -0.6010     1.3739
     7    1 H        0.9915     0.1207     1.1880
     8    1 H        0.9916     0.1228     1.1880
     9    1 H        1.0035     0.2450     1.1877
    10    1 H        1.0695     0.2667     1.1861
    11    6 C        4.0594    -0.0541     1.2793
    12    8 O        1.9925    -0.4163     1.4037
    13    1 H        0.9911     0.1230     1.1880
    14    1 H        0.9911     0.1211     1.1880
    15    1 H        0.9913     0.1257     1.1880
    16    8 O        1.9763    -0.3433     1.4043
    17   16 S        3.9705     0.4023     1.2657
    18    8 O        1.9816    -0.3336     1.4041
    19    8 O        1.9815    -0.3280     1.4041
--------------------------------------------------
     Σ                          0.0000
--------------------------------------------------

Electrostatic energy:   -3.5693258009473E-01 Eh

[Info] JSON dump of results written to 'multicharge.json'
