[Info] Molecular charge read from './.CHRG'
[Info] Molecular spin read from './.UHF'
xTB calculator
 | Coulomb electrostatics
 |  * isotropic Klopman-Ohno electrostatics
 |  * onsite third-order electrostatics
CEH guess
integral cutoff           4.0000000000000E+01 bohr

Atomic charges (in atomic units):
---------------------------------------------------------
     #    Z                 q
---------------------------------------------------------
     1   94 Pu       1.314401
     2    7 N        0.397514
     3    8 O       -0.010695
     4    8 O       -0.140923
     5    8 O       -0.163117
     6    6 C       -0.079828
     7    6 C        0.080408
     8    8 O       -0.144993
     9    1 H        0.092460
    10    1 H        0.039783
    11    1 H        0.036393
    12    1 H        0.058279
    13    1 H        0.057093
    14    1 H        0.225354
    15    7 N        0.098376
    16    8 O       -0.076131
    17    8 O       -0.095859
    18    7 N       -0.127347
    19    1 H        0.150915
    20    1 H        0.141111
    21    1 H        0.146805
---------------------------------------------------------

Atomic dipole moments (in atomic units):
---------------------------------------------------------
     #    Z                 x            y            z
---------------------------------------------------------
     1   94 Pu       0.325974     0.099583    -0.286037
     2    7 N        0.022705    -0.105368     0.010806
     3    8 O        0.036475    -0.191046    -0.007206
     4    8 O       -0.001520     0.101201     0.187680
     5    8 O       -0.034794     0.099127    -0.178098
     6    6 C        0.037772    -0.013511     0.094015
     7    6 C       -0.179850     0.004723     0.209049
     8    8 O        0.092850    -0.007564    -0.004953
     9    1 H        0.068715    -0.002122    -0.128883
    10    1 H       -0.058081     0.149867    -0.005339
    11    1 H       -0.078433    -0.131602    -0.027749
    12    1 H        0.082951     0.110526     0.001987
    13    1 H        0.059657    -0.125177    -0.010260
    14    1 H        0.093069    -0.012693     0.104992
    15    7 N       -0.067456     0.434014    -0.059190
    16    8 O        0.026346    -0.056682     0.178296
    17    8 O        0.007641    -0.109052    -0.149362
    18    7 N       -0.226835    -0.062828     0.026989
    19    1 H       -0.076705     0.095274    -0.053160
    20    1 H       -0.018383    -0.012739     0.129436
    21    1 H       -0.013303    -0.114364    -0.064419
---------------------------------------------------------
           total     0.040094    -1.019521    -1.163024
---------------------------------------------------------

[Info] JSON dump of results written to 'tblite.json'
