[Info] Molecular charge read from '.CHRG'

Charge model parameter:
------------------------------------------------------
   Z          chi/Eh     kcn/Eh     eta/Eh     rad/AA
------------------------------------------------------
  91 Pa       1.0721     0.0037     0.5511     0.7643
   8 O        1.5687     0.1169     0.6793     0.6518
  16 S        1.4077     0.0713     0.5171     1.1581
   6 C        1.4003     0.0601     0.6166     0.9994
   1 H        1.2370     0.0492     1.0964     0.2919
   9 F        1.5754     0.1570     0.7723     0.9393
  15 P        1.5267     0.1425     0.7308     0.7313
------------------------------------------------------

Electrostatic properties (in atomic units):
--------------------------------------------------
     #    Z              CN          q        chi
--------------------------------------------------
     1   91 Pa       7.3324     1.0788     1.0621
     2    8 O        1.9885    -0.3281     1.4038
     3   16 S        3.9045     0.5380     1.2669
     4    8 O        1.9891    -0.3192     1.4038
     5    8 O        1.0014    -0.3365     1.4517
     6    8 O        1.9889    -0.3275     1.4038
     7   16 S        3.9058     0.5288     1.2668
     8    8 O        1.0016    -0.3267     1.4517
     9    8 O        1.9885    -0.3224     1.4038
    10    6 C        3.0152    -0.0489     1.2960
    11    6 C        3.0118    -0.0505     1.2961
    12    6 C        3.0157    -0.0498     1.2960
    13    6 C        3.0197     0.0318     1.2959
    14    6 C        3.0179    -0.0426     1.2960
    15    6 C        3.0121    -0.0522     1.2961
    16    6 C        3.1195     0.2801     1.2942
    17    8 O        1.9836    -0.3151     1.4040
    18    8 O        1.9921    -0.3644     1.4037
    19    1 H        0.9929     0.1598     1.1880
    20    1 H        0.9930     0.1602     1.1880
    21    1 H        0.9926     0.1540     1.1880
    22    1 H        0.9929     0.1655     1.1880
    23    1 H        0.9930     0.1596     1.1880
    24    1 H        0.9933     0.2715     1.1880
    25    9 F        0.9989    -0.1379     1.4184
    26   15 P        2.9921     0.2560     1.2802
    27    9 F        0.9990    -0.1213     1.4184
    28    9 F        0.9992    -0.1593     1.4184
    29    6 C        3.0148    -0.0481     1.2960
    30    6 C        3.0124    -0.0496     1.2961
    31    6 C        3.0176    -0.0364     1.2960
    32    6 C        3.0211     0.0320     1.2959
    33    6 C        3.0149    -0.0521     1.2960
    34    6 C        3.0122    -0.0502     1.2961
    35    6 C        3.1017     0.2878     1.2945
    36    8 O        1.9862    -0.3027     1.4039
    37    8 O        1.9920    -0.3551     1.4037
    38    1 H        0.9929     0.1606     1.1880
    39    1 H        0.9930     0.1620     1.1880
    40    1 H        0.9929     0.1760     1.1880
    41    1 H        0.9926     0.1584     1.1880
    42    1 H        0.9930     0.1609     1.1880
    43    1 H        0.9933     0.2747     1.1880
--------------------------------------------------
     Σ                          1.0000
--------------------------------------------------

Electrostatic energy:    1.6766948614450E-01 Eh

[Info] JSON dump of results written to 'multicharge.json'
