[Info] Molecular charge read from '.CHRG'

Charge model parameter:
------------------------------------------------------
   Z          chi/Eh     kcn/Eh     eta/Eh     rad/AA
------------------------------------------------------
  89 Ac       1.0458     0.0047     0.6519     0.6470
  19 K        0.4037    -0.1022     0.9145     0.8703
  12 Mg       0.7237    -0.0771     0.6936     0.6474
  52 Te       1.3651     0.0895     0.4850     1.0871
------------------------------------------------------

Electrostatic properties (in atomic units):
--------------------------------------------------
     #    Z              CN          q        chi
--------------------------------------------------
     1   89 Ac       2.6027    -0.5471     1.0382
     2   19 K        2.4514     0.1857     0.5637
     3   12 Mg       2.1128    -0.1798     0.8358
     4   52 Te       2.3958    -1.4589     1.2265
--------------------------------------------------
     Σ                         -2.0000
--------------------------------------------------

Electrostatic energy:   -1.2014005815657E+00 Eh

[Info] JSON dump of results written to 'multicharge.json'
