[Info] Molecular charge read from './.CHRG'
xTB calculator
 | Coulomb electrostatics
 |  * isotropic Klopman-Ohno electrostatics
 |  * onsite third-order electrostatics
CEH guess
integral cutoff           4.0000000000000E+01 bohr

Atomic charges (in atomic units):
---------------------------------------------------------
     #    Z                 q
---------------------------------------------------------
     1  102 No       0.502493
     2    6 C       -0.008923
     3    6 C       -0.025232
     4    6 C        0.005070
     5    6 C       -0.007682
     6    6 C       -0.018381
     7    6 C       -0.034471
     8    6 C        0.205248
     9    8 O       -0.176186
    10    8 O       -0.179496
    11    1 H        0.029824
    12    1 H        0.027887
    13    1 H        0.034772
    14    1 H        0.017059
    15    1 H        0.021350
    16    1 H        0.066439
    17    7 N        0.224488
    18    8 O       -0.322069
    19    8 O       -0.291237
    20    8 O       -0.288495
    21    6 C       -0.013825
    22    6 C       -0.037419
    23    6 C       -0.019344
    24    6 C       -0.066410
    25    6 C       -0.024738
    26    6 C       -0.039379
    27    6 C        0.102004
    28    8 O       -0.334853
    29    8 O       -0.339235
    30    1 H        0.027528
    31    1 H        0.018510
    32    1 H        0.023333
    33    1 H        0.019945
    34    1 H        0.017312
    35   17 Cl      -0.526155
    36    6 C        0.005769
    37    6 C       -0.046006
    38    6 C       -0.044927
    39    6 C        0.009346
    40    8 O       -0.123154
    41    1 H        0.074581
    42    1 H        0.019046
    43    1 H        0.041227
    44    1 H        0.028704
    45    1 H        0.041089
    46    1 H        0.029690
    47    1 H        0.017584
    48    1 H        0.079368
    49    6 C       -0.403780
    50    7 N       -0.318270
---------------------------------------------------------

Atomic dipole moments (in atomic units):
---------------------------------------------------------
     #    Z                 x            y            z
---------------------------------------------------------
     1  102 No      -0.151727     0.101835     0.123629
     2    6 C        0.008754     0.005261     0.000241
     3    6 C        0.012802    -0.008515    -0.007353
     4    6 C        0.031833     0.016371    -0.002953
     5    6 C        0.022190     0.038846     0.012011
     6    6 C        0.008431     0.023290     0.009395
     7    6 C       -0.006018     0.005490     0.006944
     8    6 C        0.114303     0.015627    -0.096047
     9    8 O        0.023706    -0.053728    -0.056337
    10    8 O       -0.042739     0.072849     0.068363
    11    1 H       -0.070396    -0.115143    -0.016725
    12    1 H       -0.126250    -0.002554     0.040780
    13    1 H       -0.055052     0.114832     0.051381
    14    1 H        0.125730     0.015891    -0.046521
    15    1 H        0.057703    -0.102843    -0.059171
    16    1 H        0.002698     0.038216     0.017746
    17    7 N       -0.000440     0.003998    -0.017939
    18    8 O       -0.000726    -0.030938    -0.246473
    19    8 O       -0.141043    -0.148003     0.143729
    20    8 O        0.141662     0.179707     0.102189
    21    6 C        0.000122    -0.005207     0.002200
    22    6 C       -0.008753    -0.004200    -0.013628
    23    6 C       -0.001411    -0.018435     0.004590
    24    6 C        0.000921    -0.015057     0.009259
    25    6 C        0.005273    -0.012810     0.012851
    26    6 C        0.007244     0.011859     0.007413
    27    6 C       -0.007969     0.013140    -0.024636
    28    8 O        0.040430     0.088861     0.040053
    29    8 O       -0.055638    -0.016290    -0.087139
    30    1 H       -0.022844     0.111240    -0.075664
    31    1 H        0.047474     0.114534     0.040334
    32    1 H        0.067994    -0.004023     0.115381
    33    1 H       -0.042106    -0.123898    -0.026870
    34    1 H       -0.068584    -0.011959    -0.109751
    35   17 Cl      -0.035816    -0.007905     0.013153
    36    6 C       -0.078415    -0.227884    -0.013810
    37    6 C       -0.033352    -0.061357    -0.092932
    38    6 C        0.047465     0.042247    -0.098104
    39    6 C        0.201568     0.130694    -0.034562
    40    8 O       -0.072759     0.063793     0.096926
    41    1 H        0.126122     0.029210    -0.028673
    42    1 H       -0.082205     0.077557    -0.038673
    43    1 H       -0.062406     0.109385     0.042696
    44    1 H        0.112236    -0.044146     0.051615
    45    1 H       -0.118659     0.037694     0.046573
    46    1 H        0.072465    -0.095137     0.054024
    47    1 H       -0.096903     0.058085    -0.037921
    48    1 H       -0.000283    -0.133483    -0.021172
    49    6 C        0.128066     0.073876     0.021572
    50    7 N       -0.050576    -0.031556    -0.003595
---------------------------------------------------------
           total    -0.856774    -0.600571     0.139634
---------------------------------------------------------

[Info] JSON dump of results written to 'tblite.json'
