[Info] Molecular charge read from './.CHRG'
[Info] Molecular spin read from './.UHF'
xTB calculator
 | Coulomb electrostatics
 |  * isotropic Klopman-Ohno electrostatics
 |  * onsite third-order electrostatics
CEH guess
integral cutoff           4.0000000000000E+01 bohr

Atomic charges (in atomic units):
---------------------------------------------------------
     #    Z                 q
---------------------------------------------------------
     1  101 Md       0.905352
     2   35 Br      -0.065736
     3    6 C        0.039514
     4    6 C        0.002215
     5    6 C        0.056188
     6    7 N        0.056944
     7    6 C        0.062913
     8    6 C        0.006083
     9    1 H        0.075174
    10    1 H        0.068819
    11    1 H        0.081833
    12    1 H        0.088407
    13    1 H        0.069927
    14    7 N       -0.149151
    15    1 H        0.135603
    16    1 H        0.131701
    17    1 H        0.133137
    18    6 C       -0.055653
    19    6 C        0.054485
    20    8 O       -0.192476
    21    1 H        0.083111
    22    1 H        0.043923
    23    1 H        0.045369
    24    1 H        0.063661
    25    1 H        0.061946
    26    1 H        0.196710
---------------------------------------------------------

Atomic dipole moments (in atomic units):
---------------------------------------------------------
     #    Z                 x            y            z
---------------------------------------------------------
     1  101 Md      -0.201080     0.087422    -0.448249
     2   35 Br       0.022496     0.000595    -0.059986
     3    6 C       -0.014808     0.005460     0.002186
     4    6 C       -0.030767     0.013243    -0.017769
     5    6 C       -0.092383     0.051240    -0.130650
     6    7 N        0.145397    -0.045888    -0.016579
     7    6 C       -0.074088     0.006102     0.156666
     8    6 C       -0.026051     0.005695     0.023997
     9    1 H        0.129487    -0.045043    -0.017184
    10    1 H        0.069238    -0.040092     0.111047
    11    1 H       -0.055689     0.006364     0.119800
    12    1 H       -0.067148     0.038067    -0.105102
    13    1 H        0.052035    -0.001809    -0.127559
    14    7 N        0.017335     0.272246     0.001038
    15    1 H        0.014701     0.032547    -0.110081
    16    1 H        0.089726     0.025894     0.069848
    17    1 H       -0.098722     0.035873     0.048211
    18    6 C       -0.056555     0.007742     0.100991
    19    6 C        0.109475     0.102002     0.214737
    20    8 O       -0.080470    -0.042819    -0.024726
    21    1 H       -0.027329    -0.046754    -0.128137
    22    1 H        0.102628    -0.083566     0.039452
    23    1 H        0.022150     0.133223    -0.022745
    24    1 H       -0.024117    -0.125087     0.011311
    25    1 H       -0.096849     0.070949    -0.045600
    26    1 H       -0.096041    -0.018190     0.081456
---------------------------------------------------------
           total     2.330603     3.663265    -1.091559
---------------------------------------------------------

[Info] JSON dump of results written to 'tblite.json'
