Charge model parameter:
------------------------------------------------------
   Z          chi/Eh     kcn/Eh     eta/Eh     rad/AA
------------------------------------------------------
 100 Fm       1.0767     0.0040     0.5988     0.7039
  16 S        1.4077     0.0713     0.5171     1.1581
   6 C        1.4003     0.0601     0.6166     0.9994
   7 N        1.5582     0.0928     0.6565     0.6998
   8 O        1.5687     0.1169     0.6793     0.6518
   1 H        1.2370     0.0492     1.0964     0.2919
------------------------------------------------------

Electrostatic properties (in atomic units):
--------------------------------------------------
     #    Z              CN          q        chi
--------------------------------------------------
     1  100 Fm       6.1263     0.8502     1.0668
     2   16 S        1.0119    -0.1238     1.3360
     3    6 C        2.3726     0.1681     1.3078
     4    7 N        2.0055    -0.4167     1.4268
     5    6 C        3.0144    -0.0853     1.2960
     6    6 C        3.0124    -0.0882     1.2961
     7    6 C        3.0164    -0.0731     1.2960
     8    6 C        3.0195     0.0145     1.2959
     9    6 C        3.0166    -0.0705     1.2960
    10    6 C        3.0125    -0.0873     1.2961
    11    6 C        3.8739     0.2575     1.2821
    12    8 O        1.9762    -0.3674     1.4043
    13    8 O        1.9803    -0.3616     1.4042
    14    1 H        0.9928     0.1243     1.1880
    15    1 H        0.9929     0.1250     1.1880
    16    1 H        0.9930     0.1409     1.1880
    17    1 H        0.9929     0.1456     1.1880
    18    1 H        0.9929     0.1261     1.1880
    19    7 N        3.9398    -0.7517     1.3740
    20    1 H        1.0112     0.2772     1.1875
    21    1 H        1.0028     0.2732     1.1877
    22    1 H        1.0027     0.2735     1.1877
    23   16 S        1.0133    -0.0920     1.3359
    24    6 C        2.0821     0.1704     1.3136
    25    7 N        2.0088    -0.4289     1.4267
--------------------------------------------------
     Σ                          0.0000
--------------------------------------------------

Electrostatic energy:   -3.0547462631000E-01 Eh

[Info] JSON dump of results written to 'multicharge.json'
