[Info] Molecular charge read from '.CHRG'

Charge model parameter:
------------------------------------------------------
   Z          chi/Eh     kcn/Eh     eta/Eh     rad/AA
------------------------------------------------------
  91 Pa       1.0721     0.0037     0.5511     0.7643
   7 N        1.5582     0.0928     0.6565     0.6998
   8 O        1.5687     0.1169     0.6793     0.6518
   6 C        1.4003     0.0601     0.6166     0.9994
  15 P        1.5267     0.1425     0.7308     0.7313
   1 H        1.2370     0.0492     1.0964     0.2919
  16 S        1.4077     0.0713     0.5171     1.1581
------------------------------------------------------

Electrostatic properties (in atomic units):
--------------------------------------------------
     #    Z              CN          q        chi
--------------------------------------------------
     1   91 Pa       6.0466     1.1145     1.0630
     2    7 N        3.7209     0.1880     1.3792
     3    8 O        1.0010    -0.0531     1.4517
     4    8 O        1.9756    -0.1899     1.4044
     5    8 O        1.9815    -0.1266     1.4041
     6    6 C        3.9575    -0.1448     1.2808
     7   15 P        4.2382     0.2038     1.2333
     8    8 O        1.9944    -0.3595     1.4036
     9    6 C        3.9574    -0.1458     1.2808
    10    6 C        3.9574    -0.1509     1.2808
    11    1 H        0.9943     0.1815     1.1879
    12    1 H        0.9941     0.1923     1.1879
    13    1 H        0.9942     0.1914     1.1879
    14    1 H        0.9944     0.1814     1.1879
    15    1 H        0.9941     0.1906     1.1879
    16    1 H        0.9940     0.1930     1.1879
    17    1 H        0.9940     0.1843     1.1879
    18    1 H        0.9943     0.1804     1.1879
    19    1 H        0.9941     0.1867     1.1879
    20    7 N        2.0021    -0.2643     1.4269
    21    7 N        2.1095     0.1434     1.4234
    22    7 N        1.0045    -0.0362     1.4652
    23   16 S        1.0153     0.2439     1.3359
    24    6 C        2.1476     0.2786     1.3123
    25    7 N        2.0130    -0.3830     1.4265
--------------------------------------------------
     Σ                          2.0000
--------------------------------------------------

Electrostatic energy:    1.0103779376195E+00 Eh

[Info] JSON dump of results written to 'multicharge.json'
