[Info] Molecular charge read from './.CHRG'
[Info] Molecular spin read from './.UHF'
xTB calculator
 | Coulomb electrostatics
 |  * isotropic Klopman-Ohno electrostatics
 |  * onsite third-order electrostatics
CEH guess
integral cutoff           2.8984055884551E+01 bohr

Atomic charges (in atomic units):
---------------------------------------------------------
     #    Z                 q
---------------------------------------------------------
     1   92 U        0.899037
     2    6 C       -0.083825
     3    6 C        0.178173
     4    6 C       -0.139599
     5    6 C        0.168086
     6    8 O       -0.278140
     7    6 C       -0.084325
     8    8 O       -0.260650
     9    1 H        0.056299
    10    1 H        0.057148
    11    1 H        0.052322
    12    1 H        0.062111
    13    1 H        0.056966
    14    1 H        0.050231
    15    1 H        0.056069
    16    6 C        0.040962
    17    6 C        0.068181
    18    7 N       -0.020378
    19    6 C        0.062844
    20    6 C        0.040207
    21    7 N       -0.113619
    22    1 H        0.064008
    23    1 H        0.048470
    24    1 H        0.045158
    25    1 H        0.064130
    26    6 C       -0.033240
    27    7 N       -0.327357
    28    6 C       -0.003678
    29    6 C       -0.036959
    30    6 C        0.023156
    31    6 C        0.000704
    32    6 C        0.005792
    33    6 C       -0.040300
    34    6 C        0.328371
    35    8 O       -0.178604
    36    8 O       -0.084204
    37    1 H        0.041195
    38    1 H        0.041615
    39    1 H        0.044168
    40    1 H        0.028424
    41    1 H        0.038246
    42    1 H        0.200361
    43   35 Br      -0.137555
---------------------------------------------------------

Atomic dipole moments (in atomic units):
---------------------------------------------------------
     #    Z                 x            y            z
---------------------------------------------------------
     1   92 U       -0.327858    -0.194001    -0.018164
     2    6 C       -0.054113    -0.013284     0.047533
     3    6 C        0.025910     0.155014     0.135844
     4    6 C       -0.005677     0.026751     0.029150
     5    6 C       -0.072807     0.101876     0.185006
     6    8 O        0.003362    -0.064719    -0.084195
     7    6 C        0.047338     0.057909     0.005985
     8    8 O        0.005575    -0.060187    -0.077508
     9    1 H       -0.016612    -0.102831    -0.104679
    10    1 H        0.117877    -0.013834     0.077425
    11    1 H       -0.017046     0.134319    -0.043674
    12    1 H        0.014664    -0.087574    -0.106625
    13    1 H        0.037431    -0.070070    -0.123712
    14    1 H       -0.128595     0.060103    -0.003116
    15    1 H        0.021230    -0.075727     0.118051
    16    6 C       -0.140877    -0.025407     0.064349
    17    6 C       -0.049915    -0.114044     0.166238
    18    7 N       -0.186595     0.117401    -0.124768
    19    6 C        0.192042     0.018365    -0.065760
    20    6 C        0.055311     0.077985    -0.123059
    21    7 N        0.233691    -0.147641     0.161905
    22    1 H        0.024859     0.071381    -0.105946
    23    1 H        0.120921     0.014789    -0.040412
    24    1 H       -0.026972    -0.068567     0.105100
    25    1 H       -0.124475    -0.007679     0.037643
    26    6 C       -0.059251     0.108231    -0.124778
    27    7 N        0.023021     0.020851    -0.033593
    28    6 C        0.011009     0.009834    -0.014320
    29    6 C       -0.003797    -0.004732    -0.014553
    30    6 C        0.009401     0.003800    -0.051412
    31    6 C        0.032301     0.024980    -0.028605
    32    6 C        0.031096     0.031429     0.002855
    33    6 C        0.009389     0.011213     0.009535
    34    6 C        0.089388     0.067432     0.001650
    35    8 O       -0.004418     0.000273     0.097978
    36    8 O       -0.063926    -0.061637     0.045193
    37    1 H       -0.079850    -0.082651     0.070161
    38    1 H       -0.003981     0.009116     0.134266
    39    1 H        0.068918     0.092719     0.074989
    40    1 H        0.006648    -0.006934    -0.135352
    41    1 H       -0.074422    -0.089435    -0.064970
    42    1 H        0.004535    -0.056303     0.107350
    43   35 Br       0.018869     0.062177     0.004727
---------------------------------------------------------
           total    -3.505343     1.178501     0.251035
---------------------------------------------------------

[Info] JSON dump of results written to 'tblite.json'
