[Info] Molecular charge read from './.CHRG'
[Info] Molecular spin read from './.UHF'
xTB calculator
 | Coulomb electrostatics
 |  * isotropic Klopman-Ohno electrostatics
 |  * onsite third-order electrostatics
CEH guess
integral cutoff           4.0000000000000E+01 bohr

Atomic charges (in atomic units):
---------------------------------------------------------
     #    Z                 q
---------------------------------------------------------
     1   94 Pu      -0.712227
     2   19 K       -0.287773
---------------------------------------------------------

Atomic dipole moments (in atomic units):
---------------------------------------------------------
     #    Z                 x            y            z
---------------------------------------------------------
     1   94 Pu      -0.686780    -1.189537     0.694249
     2   19 K        0.399092     0.691246    -0.403432
---------------------------------------------------------
           total    -0.288308    -0.499364    -1.019459
---------------------------------------------------------

[Info] JSON dump of results written to 'tblite.json'
