[Info] Molecular spin read from './.UHF'
xTB calculator
 | Coulomb electrostatics
 |  * isotropic Klopman-Ohno electrostatics
 |  * onsite third-order electrostatics
CEH guess
integral cutoff           4.0000000000000E+01 bohr

Atomic charges (in atomic units):
---------------------------------------------------------
     #    Z                 q
---------------------------------------------------------
     1   99 Es       1.117297
     2    8 O       -0.557799
     3    8 O       -0.559498
---------------------------------------------------------

Atomic dipole moments (in atomic units):
---------------------------------------------------------
     #    Z                 x            y            z
---------------------------------------------------------
     1   99 Es      -0.105062    -0.316207     0.165005
     2    8 O       -0.013814    -0.002403     0.009101
     3    8 O        0.008057    -0.015098    -0.000003
---------------------------------------------------------
           total    -0.597097    -1.729214     0.915943
---------------------------------------------------------

[Info] JSON dump of results written to 'tblite.json'
