[Info] Molecular spin read from './.UHF'
xTB calculator
 | Coulomb electrostatics
 |  * isotropic Klopman-Ohno electrostatics
 |  * onsite third-order electrostatics
CEH guess
integral cutoff           2.4638462780296E+01 bohr

Atomic charges (in atomic units):
---------------------------------------------------------
     #    Z                 q
---------------------------------------------------------
     1   89 Ac       0.650362
     2   17 Cl      -0.096785
     3   17 Cl      -0.097948
     4   17 Cl      -0.260743
     5   17 Cl      -0.098454
     6   17 Cl      -0.096431
---------------------------------------------------------

Atomic dipole moments (in atomic units):
---------------------------------------------------------
     #    Z                 x            y            z
---------------------------------------------------------
     1   89 Ac      -0.046527    -0.070795     0.002828
     2   17 Cl      -0.006633     0.004265     0.011826
     3   17 Cl       0.007359    -0.002789    -0.011799
     4   17 Cl       0.009319     0.017505     0.000694
     5   17 Cl       0.010869    -0.004835    -0.007759
     6   17 Cl      -0.010109     0.006288     0.007834
---------------------------------------------------------
           total     0.169045     0.359553     0.026666
---------------------------------------------------------

[Info] JSON dump of results written to 'tblite.json'
