[Info] Molecular spin read from './.UHF'
xTB calculator
 | Coulomb electrostatics
 |  * isotropic Klopman-Ohno electrostatics
 |  * onsite third-order electrostatics
CEH guess
integral cutoff           4.0000000000000E+01 bohr

Atomic charges (in atomic units):
---------------------------------------------------------
     #    Z                 q
---------------------------------------------------------
     1  100 Fm       0.392673
     2    3 Li       0.108435
     3    3 Li       0.108765
     4    1 H       -0.304919
     5    1 H       -0.304954
---------------------------------------------------------

Atomic dipole moments (in atomic units):
---------------------------------------------------------
     #    Z                 x            y            z
---------------------------------------------------------
     1  100 Fm      -1.053277     0.354570    -0.320498
     2    3 Li       0.362057     0.220595     0.322829
     3    3 Li       0.288883    -0.426066    -0.154289
     4    1 H       -0.066633    -0.017958     0.001657
     5    1 H       -0.062811     0.016147     0.025324
---------------------------------------------------------
           total    -0.434554     0.595233    -0.772473
---------------------------------------------------------

[Info] JSON dump of results written to 'tblite.json'
