[Info] Molecular spin read from './.UHF'
xTB calculator
 | Coulomb electrostatics
 |  * isotropic Klopman-Ohno electrostatics
 |  * onsite third-order electrostatics
CEH guess
integral cutoff           4.0000000000000E+01 bohr

Atomic charges (in atomic units):
---------------------------------------------------------
     #    Z                 q
---------------------------------------------------------
     1   96 Cm       0.341884
     2    1 H       -0.341884
---------------------------------------------------------

Atomic dipole moments (in atomic units):
---------------------------------------------------------
     #    Z                 x            y            z
---------------------------------------------------------
     1   96 Cm      -0.185067    -0.320546     0.187080
     2    1 H        0.063603     0.110163    -0.064295
---------------------------------------------------------
           total    -0.686143    -1.188433     0.693605
---------------------------------------------------------

[Info] JSON dump of results written to 'tblite.json'
