[Info] Molecular charge read from '.CHRG'

Charge model parameter:
------------------------------------------------------
   Z          chi/Eh     kcn/Eh     eta/Eh     rad/AA
------------------------------------------------------
  90 Th       1.0989     0.0159     0.6181     0.6812
  51 Sb       1.2164     0.0142     0.4795     1.0458
   4 Be       0.9967    -0.0267     0.6200     0.8028
   9 F        1.5754     0.1570     0.7723     0.9393
------------------------------------------------------

Electrostatic properties (in atomic units):
--------------------------------------------------
     #    Z              CN          q        chi
--------------------------------------------------
     1   90 Th       2.7774    -0.2076     1.0724
     2   51 Sb       0.9932    -1.2624     1.2023
     3    4 Be       0.7897    -0.5578     1.0204
     4    9 F        0.9980    -0.9722     1.4185
--------------------------------------------------
     Σ                         -3.0000
--------------------------------------------------

Electrostatic energy:   -1.8443107687975E+00 Eh

[Info] JSON dump of results written to 'multicharge.json'
