[Info] Molecular charge read from './.CHRG'
[Info] Molecular spin read from './.UHF'
xTB calculator
 | Coulomb electrostatics
 |  * isotropic Klopman-Ohno electrostatics
 |  * onsite third-order electrostatics
CEH guess
integral cutoff           4.0000000000000E+01 bohr

Atomic charges (in atomic units):
---------------------------------------------------------
     #    Z                 q
---------------------------------------------------------
     1   96 Cm       0.381347
     2   12 Mg      -0.094635
     3    5 B       -0.351232
     4    7 N       -0.292163
     5   17 Cl      -0.273266
     6   53 I       -0.370051
---------------------------------------------------------

Atomic dipole moments (in atomic units):
---------------------------------------------------------
     #    Z                 x            y            z
---------------------------------------------------------
     1   96 Cm       0.335137     0.812779     0.015808
     2   12 Mg      -0.065555    -0.090334     0.289758
     3    5 B        0.037167    -0.025359    -0.177386
     4    7 N       -0.055233    -0.078226     0.060736
     5   17 Cl      -0.042346    -0.021231     0.061684
     6   53 I       -0.062951     0.087381     0.011161
---------------------------------------------------------
           total     0.771697     0.647234     1.220034
---------------------------------------------------------

[Info] JSON dump of results written to 'tblite.json'
