Charge model parameter:
------------------------------------------------------
   Z          chi/Eh     kcn/Eh     eta/Eh     rad/AA
------------------------------------------------------
 102 No       1.1434     0.0135     0.6305     0.6695
   8 O        1.5687     0.1169     0.6793     0.6518
------------------------------------------------------

Electrostatic properties (in atomic units):
--------------------------------------------------
     #    Z              CN          q        chi
--------------------------------------------------
     1  102 No       2.9897     0.7225     1.1201
     2    8 O        0.9981    -0.2407     1.4519
     3    8 O        0.9981    -0.2408     1.4519
     4    8 O        0.9981    -0.2410     1.4519
--------------------------------------------------
     Σ                          0.0000
--------------------------------------------------

Electrostatic energy:   -1.1986884210854E-01 Eh

[Info] JSON dump of results written to 'multicharge.json'
