Charge model parameter:
------------------------------------------------------
   Z          chi/Eh     kcn/Eh     eta/Eh     rad/AA
------------------------------------------------------
 101 Md       1.1131     0.0055     0.6097     0.6919
  53 I        1.4034     0.0897     0.3054     2.0116
------------------------------------------------------

Electrostatic properties (in atomic units):
--------------------------------------------------
     #    Z              CN          q        chi
--------------------------------------------------
     1  101 Md       5.8296     0.4403     1.0998
     2   53 I        1.7888    -0.0706     1.2835
     3   53 I        1.7688    -0.0752     1.2841
     4   53 I        1.7739    -0.0744     1.2840
     5   53 I        1.7736    -0.0743     1.2840
     6   53 I        1.7679    -0.0754     1.2842
     7   53 I        1.7892    -0.0704     1.2835
--------------------------------------------------
     Σ                          0.0000
--------------------------------------------------

Electrostatic energy:   -4.0514012583493E-02 Eh

[Info] JSON dump of results written to 'multicharge.json'
