Charge model parameter:
------------------------------------------------------
   Z          chi/Eh     kcn/Eh     eta/Eh     rad/AA
------------------------------------------------------
  97 Bk       1.1683     0.0046     0.5532     0.7618
   3 Li       0.5434    -0.1235     0.9742     0.4791
   1 H        1.2370     0.0492     1.0964     0.2919
------------------------------------------------------

Electrostatic properties (in atomic units):
--------------------------------------------------
     #    Z              CN          q        chi
--------------------------------------------------
     1   97 Bk       1.7641    -0.4481     1.1622
     2    3 Li       1.6370     0.2924     0.7014
     3    3 Li       1.0035     0.3205     0.6671
     4    1 H        0.9450    -0.1649     1.1892
--------------------------------------------------
     Σ                         -0.0000
--------------------------------------------------

Electrostatic energy:   -1.4892484416679E-01 Eh

[Info] JSON dump of results written to 'multicharge.json'
