Charge model parameter:
------------------------------------------------------
   Z          chi/Eh     kcn/Eh     eta/Eh     rad/AA
------------------------------------------------------
 100 Fm       1.0767     0.0040     0.5988     0.7039
  35 Br       1.3980     0.0801     0.3934     1.5631
------------------------------------------------------

Electrostatic properties (in atomic units):
--------------------------------------------------
     #    Z              CN          q        chi
--------------------------------------------------
     1  100 Fm       2.9866     0.6011     1.0698
     2   35 Br       0.9971    -0.2002     1.3181
     3   35 Br       0.9971    -0.2004     1.3181
     4   35 Br       0.9971    -0.2005     1.3181
--------------------------------------------------
     Σ                         -0.0000
--------------------------------------------------

Electrostatic energy:   -7.4621484944140E-02 Eh

[Info] JSON dump of results written to 'multicharge.json'
