[Info] Molecular charge read from '.CHRG'

Charge model parameter:
------------------------------------------------------
   Z          chi/Eh     kcn/Eh     eta/Eh     rad/AA
------------------------------------------------------
  96 Cm       1.1100     0.0071     0.5609     0.7515
  13 Al       1.1291    -0.0217     0.5831     0.9046
  34 Se       1.3649     0.0656     0.4617     1.1999
   8 O        1.5687     0.1169     0.6793     0.6518
------------------------------------------------------

Electrostatic properties (in atomic units):
--------------------------------------------------
     #    Z              CN          q        chi
--------------------------------------------------
     1   96 Cm       2.7417     0.2480     1.0983
     2   13 Al       0.7573    -0.4128     1.1480
     3   34 Se       0.9887    -0.9686     1.2996
     4    8 O        0.9991    -0.8666     1.4518
--------------------------------------------------
     Σ                         -2.0000
--------------------------------------------------

Electrostatic energy:   -1.3592253282670E+00 Eh

[Info] JSON dump of results written to 'multicharge.json'
