[Info] Molecular spin read from './.UHF'
xTB calculator
 | Coulomb electrostatics
 |  * isotropic Klopman-Ohno electrostatics
 |  * onsite third-order electrostatics
CEH guess
integral cutoff           2.3650283084401E+01 bohr

Atomic charges (in atomic units):
---------------------------------------------------------
     #    Z                 q
---------------------------------------------------------
     1   90 Th       0.724960
     2    9 F       -0.241791
     3    9 F       -0.241889
     4    9 F       -0.241280
---------------------------------------------------------

Atomic dipole moments (in atomic units):
---------------------------------------------------------
     #    Z                 x            y            z
---------------------------------------------------------
     1   90 Th      -0.027248    -0.037742     0.064278
     2    9 F       -0.040664    -0.057948    -0.051205
     3    9 F       -0.040656     0.073664     0.023651
     4    9 F        0.083057    -0.013067     0.023971
---------------------------------------------------------
           total    -0.041912    -0.066059     0.097905
---------------------------------------------------------

[Info] JSON dump of results written to 'tblite.json'
