[Info] Molecular charge read from '.CHRG'

Charge model parameter:
------------------------------------------------------
   Z          chi/Eh     kcn/Eh     eta/Eh     rad/AA
------------------------------------------------------
  89 Ac       1.0458     0.0047     0.6519     0.6470
   6 C        1.4003     0.0601     0.6166     0.9994
   8 O        1.5687     0.1169     0.6793     0.6518
   1 H        1.2370     0.0492     1.0964     0.2919
   7 N        1.5582     0.0928     0.6565     0.6998
  17 Cl       1.4815     0.1368     0.7586     0.7238
  35 Br       1.3980     0.0801     0.3934     1.5631
------------------------------------------------------

Electrostatic properties (in atomic units):
--------------------------------------------------
     #    Z              CN          q        chi
--------------------------------------------------
     1   89 Ac       6.5218     0.6832     1.0337
     2    6 C        3.9600    -0.2202     1.2808
     3    6 C        3.1591     0.0843     1.2935
     4    6 C        3.0023    -0.1087     1.2962
     5    6 C        3.1513     0.0850     1.2937
     6    8 O        1.9773    -0.3121     1.4043
     7    6 C        3.9598    -0.2142     1.2808
     8    8 O        1.9806    -0.3511     1.4042
     9    1 H        0.9921     0.0712     1.1880
    10    1 H        0.9916     0.0924     1.1880
    11    1 H        0.9916     0.0908     1.1880
    12    1 H        0.9931     0.0811     1.1880
    13    1 H        0.9921     0.0721     1.1880
    14    1 H        0.9916     0.1002     1.1880
    15    1 H        0.9916     0.0978     1.1880
    16    7 N        3.6267     0.1866     1.3815
    17    8 O        1.0018    -0.3504     1.4517
    18    8 O        1.9401    -0.2789     1.4058
    19    8 O        1.9315    -0.2685     1.4062
    20   17 Cl       0.9886    -0.1944     1.3455
    21   35 Br       0.9861    -0.3464     1.3185
--------------------------------------------------
     Σ                         -1.0000
--------------------------------------------------

Electrostatic energy:   -8.6121705955449E-01 Eh

[Info] JSON dump of results written to 'multicharge.json'
