Charge model parameter:
------------------------------------------------------
   Z          chi/Eh     kcn/Eh     eta/Eh     rad/AA
------------------------------------------------------
 101 Md       1.1131     0.0055     0.6097     0.6919
   1 H        1.2370     0.0492     1.0964     0.2919
------------------------------------------------------

Electrostatic properties (in atomic units):
--------------------------------------------------
     #    Z              CN          q        chi
--------------------------------------------------
     1  101 Md       2.9467     0.1531     1.1037
     2    1 H        0.9849    -0.0497     1.1882
     3    1 H        0.9828    -0.0516     1.1882
     4    1 H        0.9835    -0.0518     1.1882
--------------------------------------------------
     Σ                         -0.0000
--------------------------------------------------

Electrostatic energy:   -6.4712566533144E-03 Eh

[Info] JSON dump of results written to 'multicharge.json'
